#
# A fatal error has been detected by the Java Runtime Environment:
#
#  SIGSEGV (0xb) at pc=0x00007f630ab01414, pid=13467, tid=140063362053888
#
# JRE version: Java(TM) SE Runtime Environment (8.0_66-b17) (build 1.8.0_66-b17)
# Java VM: Java HotSpot(TM) 64-Bit Server VM (25.66-b17 mixed mode linux-amd64 compressed oops)
# Problematic frame:
# C  [libpthread.so.0+0xa414]  pthread_mutex_lock+0x4
#
# Failed to write core dump. Core dumps have been disabled. To enable core dumping, try "ulimit -c unlimited" before starting Java again
#
# If you would like to submit a bug report, please visit:
#   http://bugreport.java.com/bugreport/crash.jsp
# The crash happened outside the Java Virtual Machine in native code.
# See problematic frame for where to report the bug.
#

---------------  T H R E A D  ---------------

Current thread (0x00007f630400a000):  JavaThread "main" [_thread_in_native, id=13474, stack(0x00007f630ae0f000,0x00007f630af10000)]

siginfo: si_signo: 11 (SIGSEGV), si_code: 128 (SI_KERNEL), si_addr: 0x0000000000000000

Registers:
RAX=0x00007f62e6fb2950, RBX=0x00007f630af0dcb0, RCX=0x000000000000015d, RDX=0x00007f630af0dca0
RSP=0x00007f630af0dc30, RBP=0x00007f6304184b90, RSI=0x00007f630af0dc90, RDI=0x696c2f00006f732e
R8 =0x00007f630af0dcb0, R9 =0x00000000000001fd, R10=0x00007f6304170110, R11=0x00007f62e7033d07
R12=0x00007f630af0dc8c, R13=0x00007f630af0ddc0, R14=0x00007f630af0ddb8, R15=0x00007f630400a1f8
RIP=0x00007f630ab01414, EFLAGS=0x0000000000010206, CSGSFS=0x0000000000000033, ERR=0x0000000000000000
  TRAPNO=0x000000000000000d

Top of Stack: (sp=0x00007f630af0dc30)
0x00007f630af0dc30:   00007f630af0ddb8 00007f62e6fcc0da
0x00007f630af0dc40:   00007f630af0dc90 00007f630af0dca0
0x00007f630af0dc50:   00007f63043246c0 00007f6304324760
0x00007f630af0dc60:   00007f630416da40 00007f63043246c0
0x00007f630af0dc70:   00007f6304324760 00007f62e6fa9a42
0x00007f630af0dc80:   00007f63043246c0 00007f630ad2b515
0x00007f630af0dc90:   0000015e0000015d 696c436900000000
0x00007f630af0dca0:   0000015700000156 00007f6300000000
0x00007f630af0dcb0:   00007f630416da40 00007f6304324760
0x00007f630af0dcc0:   00007f6304324760 00007f630af0dd20
0x00007f630af0dcd0:   00007f63043246c0 00007f62e74fe991
0x00007f630af0dce0:   00007f630400a000 00007f630416da40
0x00007f630af0dcf0:   00007f630400a000 00007f62edf4f958
0x00007f630af0dd00:   0000000000000000 00007f62edf4f958
0x00007f630af0dd10:   00007f630af0ddd0 00007f630400a000
0x00007f630af0dd20:   00007f630af0dd98 00007f62f4dfa994
0x00007f630af0dd30:   00007f62edf4f958 0000000000000000
0x00007f630af0dd40:   00007f630af0dd98 00007f62f4dfa727
0x00007f630af0dd50:   00007f62f4dfa6e2 00007f630af0dd58
0x00007f630af0dd60:   00007f62edf4f958 00007f630af0ddd0
0x00007f630af0dd70:   00007f62edf52f50 0000000000000000
0x00007f630af0dd80:   00007f62edf4f958 0000000000000000
0x00007f630af0dd90:   00007f630af0ddb8 00007f630af0de18
0x00007f630af0dda0:   00007f62f4dec9d0 00000000ece0ab00
0x00007f630af0ddb0:   00007f62f4df457b 00000000ebf61868
0x00007f630af0ddc0:   00000000ece86d88 00007f630416da40
0x00007f630af0ddd0:   00007f62f4dec760 00007f630af0ddd8
0x00007f630af0dde0:   00007f62edf319cc 00007f630af0de30
0x00007f630af0ddf0:   00007f62edf37a38 0000000000000000
0x00007f630af0de00:   00007f62edf31a70 00007f630af0ddb8
0x00007f630af0de10:   00007f630af0de38 00007f630af0de78
0x00007f630af0de20:   00007f62f4decc4d 0000000000000000 

Instructions: (pc=0x00007f630ab01414)
0x00007f630ab013f4:   0f 1f 40 00 c7 47 10 ff ff ff ff 31 c0 c3 66 2e
0x00007f630ab01404:   0f 1f 84 00 00 00 00 00 0f 1f 40 00 48 83 ec 08
0x00007f630ab01414:   8b 77 10 49 89 f8 89 f0 89 f2 25 7f 01 00 00 83
0x00007f630ab01424:   e2 7c 0f 85 bf 00 00 00 85 c0 75 70 8b 15 ee 30 

Register to memory mapping:

RAX=0x00007f62e6fb2950: <offset 0x2a950> in /usr/lib/x86_64-linux-gnu/libX11.so.6 at 0x00007f62e6f88000
RBX=0x00007f630af0dcb0 is pointing into the stack for thread: 0x00007f630400a000
RCX=0x000000000000015d is an unknown value
RDX=0x00007f630af0dca0 is pointing into the stack for thread: 0x00007f630400a000
RSP=0x00007f630af0dc30 is pointing into the stack for thread: 0x00007f630400a000
RBP=0x00007f6304184b90 is an unknown value
RSI=0x00007f630af0dc90 is pointing into the stack for thread: 0x00007f630400a000
RDI=0x696c2f00006f732e is an unknown value
R8 =0x00007f630af0dcb0 is pointing into the stack for thread: 0x00007f630400a000
R9 =0x00000000000001fd is an unknown value
R10=0x00007f6304170110 is an unknown value
R11=0x00007f62e7033d07: <offset 0xabd07> in /usr/lib/x86_64-linux-gnu/libX11.so.6 at 0x00007f62e6f88000
R12=0x00007f630af0dc8c is pointing into the stack for thread: 0x00007f630400a000
R13=0x00007f630af0ddc0 is pointing into the stack for thread: 0x00007f630400a000
R14=0x00007f630af0ddb8 is pointing into the stack for thread: 0x00007f630400a000
R15=0x00007f630400a1f8 is an unknown value


Stack: [0x00007f630ae0f000,0x00007f630af10000],  sp=0x00007f630af0dc30,  free space=1019k
Native frames: (J=compiled Java code, j=interpreted, Vv=VM code, C=native code)
C  [libpthread.so.0+0xa414]  pthread_mutex_lock+0x4

Java frames: (J=compiled Java code, j=interpreted, Vv=VM code)
j  sun.awt.X11.XlibWrapper.XGetDefault(JLjava/lang/String;Ljava/lang/String;)Ljava/lang/String;+0
j  sun.awt.X11.XToolkit.initializeMultiClickTime()V+12
j  sun.awt.X11.XToolkit.getMultiClickTime()I+6
j  sun.awt.X11.XToolkit.initializeDesktopProperties()V+82
j  java.awt.Toolkit.getDesktopProperty(Ljava/lang/String;)Ljava/lang/Object;+32
j  sun.swing.SwingUtilities2$AATextInfo.getAATextInfo(Z)Lsun/swing/SwingUtilities2$AATextInfo;+11
j  javax.swing.plaf.metal.MetalLookAndFeel.initComponentDefaults(Ljavax/swing/UIDefaults;)V+12062
j  javax.swing.plaf.basic.BasicLookAndFeel.getDefaults()Ljavax/swing/UIDefaults;+25
j  javax.swing.plaf.metal.MetalLookAndFeel.getDefaults()Ljavax/swing/UIDefaults;+9
j  javax.swing.UIManager.setLookAndFeel(Ljavax/swing/LookAndFeel;)V+79
j  javax.swing.UIManager.setLookAndFeel(Ljava/lang/String;)V+16
j  javax.swing.UIManager.initializeDefaultLAF(Ljava/util/Properties;)V+55
j  javax.swing.UIManager.initialize()V+9
j  javax.swing.UIManager.maybeInitialize()V+22
j  javax.swing.UIManager.getUI(Ljavax/swing/JComponent;)Ljavax/swing/plaf/ComponentUI;+0
j  javax.swing.JPanel.updateUI()V+2
j  javax.swing.JPanel.<init>(Ljava/awt/LayoutManager;Z)V+24
j  javax.swing.JPanel.<init>(Z)V+9
j  javax.swing.JPanel.<init>()V+2
j  javax.swing.JRootPane.createGlassPane()Ljava/awt/Component;+4
j  javax.swing.JRootPane.<init>()V+11
j  javax.swing.JFrame.createRootPane()Ljavax/swing/JRootPane;+4
j  javax.swing.JFrame.frameInit()V+16
j  javax.swing.JFrame.<init>()V+20
j  com.movieCart.MainFrame.<init>()V+1
j  com.movieCart.MainFrame.main([Ljava/lang/String;)V+25
v  ~StubRoutines::call_stub

---------------  P R O C E S S  ---------------

Java Threads: ( => current thread )
  0x00007f6304169000 JavaThread "AWT-XAWT" daemon [_thread_in_native, id=13496, stack(0x00007f62e5764000,0x00007f62e5865000)]
  0x00007f6304154000 JavaThread "Java2D Disposer" daemon [_thread_blocked, id=13494, stack(0x00007f62e5c75000,0x00007f62e5d76000)]
  0x00007f6304216800 JavaThread "process reaper" daemon [_thread_blocked, id=13491, stack(0x00007f62ec01b000,0x00007f62ec054000)]
  0x00007f63040d7800 JavaThread "Service Thread" daemon [_thread_blocked, id=13486, stack(0x00007f62e7afb000,0x00007f62e7bfc000)]
  0x00007f63040ba800 JavaThread "C1 CompilerThread2" daemon [_thread_blocked, id=13485, stack(0x00007f62e7bfc000,0x00007f62e7cfd000)]
  0x00007f63040b8800 JavaThread "C2 CompilerThread1" daemon [_thread_blocked, id=13484, stack(0x00007f62e7cfd000,0x00007f62e7dfe000)]
  0x00007f63040b6000 JavaThread "C2 CompilerThread0" daemon [_thread_blocked, id=13483, stack(0x00007f62e7dfe000,0x00007f62e7eff000)]
  0x00007f63040b4800 JavaThread "Signal Dispatcher" daemon [_thread_blocked, id=13482, stack(0x00007f62e7eff000,0x00007f62e8000000)]
  0x00007f630407f000 JavaThread "Finalizer" daemon [_thread_blocked, id=13481, stack(0x00007f62ec77c000,0x00007f62ec87d000)]
  0x00007f630407c800 JavaThread "Reference Handler" daemon [_thread_blocked, id=13480, stack(0x00007f62ec87d000,0x00007f62ec97e000)]
=>0x00007f630400a000 JavaThread "main" [_thread_in_native, id=13474, stack(0x00007f630ae0f000,0x00007f630af10000)]

Other Threads:
  0x00007f6304077800 VMThread [stack: 0x00007f62ec97e000,0x00007f62eca7f000] [id=13479]
  0x00007f63040db000 WatcherThread [stack: 0x00007f62e79fa000,0x00007f62e7afb000] [id=13487]

VM state:not at safepoint (normal execution)

VM Mutex/Monitor currently owned by a thread: None

Heap:
 PSYoungGen      total 18432K, used 3593K [0x00000000ebe00000, 0x00000000ed280000, 0x0000000100000000)
  eden space 15872K, 9% used [0x00000000ebe00000,0x00000000ebf7f990,0x00000000ecd80000)
  from space 2560K, 80% used [0x00000000ecd80000,0x00000000ecf82c70,0x00000000ed000000)
  to   space 2560K, 0% used [0x00000000ed000000,0x00000000ed000000,0x00000000ed280000)
 ParOldGen       total 42496K, used 8K [0x00000000c3a00000, 0x00000000c6380000, 0x00000000ebe00000)
  object space 42496K, 0% used [0x00000000c3a00000,0x00000000c3a02000,0x00000000c6380000)
 Metaspace       used 9317K, capacity 9574K, committed 9984K, reserved 1058816K
  class space    used 1075K, capacity 1160K, committed 1280K, reserved 1048576K

Card table byte_map: [0x00007f62f4841000,0x00007f62f4a25000] byte_map_base: 0x00007f62f4224000

Marking Bits: (ParMarkBitMap*) 0x00007f630a2ed020
 Begin Bits: [0x00007f62ee1d0000, 0x00007f62ef0e8000)
 End Bits:   [0x00007f62ef0e8000, 0x00007f62f0000000)

Polling page: 0x00007f630af34000

CodeCache: size=245760Kb used=2647Kb max_used=2647Kb free=243112Kb
 bounds [0x00007f62f4de5000, 0x00007f62f5085000, 0x00007f6303de5000]
 total_blobs=1079 nmethods=637 adapters=356
 compilation: enabled

Compilation events (10 events):
Event: 31.003 Thread 0x00007f63040ba800  633       3       java.lang.invoke.MethodType::toMethodDescriptorString (21 bytes)
Event: 31.004 Thread 0x00007f63040ba800 nmethod 633 0x00007f62f5079490 code [0x00007f62f50796a0, 0x00007f62f507a198]
Event: 31.005 Thread 0x00007f63040ba800  634       3       java.lang.invoke.MethodType$ConcurrentWeakInternSet$WeakEntry::equals (49 bytes)
Event: 31.005 Thread 0x00007f63040ba800 nmethod 634 0x00007f62f507a8d0 code [0x00007f62f507aa60, 0x00007f62f507b0a8]
Event: 31.005 Thread 0x00007f63040ba800  636       3       jdk.internal.org.objectweb.asm.Label::resolve (214 bytes)
Event: 31.006 Thread 0x00007f63040ba800 nmethod 636 0x00007f62f507b1d0 code [0x00007f62f507b360, 0x00007f62f507b830]
Event: 31.006 Thread 0x00007f63040ba800  635       1       java.lang.reflect.Constructor::getDeclaringClass (5 bytes)
Event: 31.006 Thread 0x00007f63040ba800 nmethod 635 0x00007f62f507bc90 code [0x00007f62f507bde0, 0x00007f62f507bef0]
Event: 31.006 Thread 0x00007f63040ba800  637       3       jdk.internal.org.objectweb.asm.Item::<init> (5 bytes)
Event: 31.006 Thread 0x00007f63040ba800 nmethod 637 0x00007f62f507bf50 code [0x00007f62f507c0c0, 0x00007f62f507c270]

GC Heap History (2 events):
Event: 30.625 GC heap before
{Heap before GC invocations=1 (full 0):
 PSYoungGen      total 18432K, used 15872K [0x00000000ebe00000, 0x00000000ed280000, 0x0000000100000000)
  eden space 15872K, 100% used [0x00000000ebe00000,0x00000000ecd80000,0x00000000ecd80000)
  from space 2560K, 0% used [0x00000000ed000000,0x00000000ed000000,0x00000000ed280000)
  to   space 2560K, 0% used [0x00000000ecd80000,0x00000000ecd80000,0x00000000ed000000)
 ParOldGen       total 42496K, used 0K [0x00000000c3a00000, 0x00000000c6380000, 0x00000000ebe00000)
  object space 42496K, 0% used [0x00000000c3a00000,0x00000000c3a00000,0x00000000c6380000)
 Metaspace       used 8457K, capacity 8626K, committed 8832K, reserved 1056768K
  class space    used 972K, capacity 1056K, committed 1152K, reserved 1048576K
Event: 30.629 GC heap after
Heap after GC invocations=1 (full 0):
 PSYoungGen      total 18432K, used 2059K [0x00000000ebe00000, 0x00000000ed280000, 0x0000000100000000)
  eden space 15872K, 0% used [0x00000000ebe00000,0x00000000ebe00000,0x00000000ecd80000)
  from space 2560K, 80% used [0x00000000ecd80000,0x00000000ecf82c70,0x00000000ed000000)
  to   space 2560K, 0% used [0x00000000ed000000,0x00000000ed000000,0x00000000ed280000)
 ParOldGen       total 42496K, used 8K [0x00000000c3a00000, 0x00000000c6380000, 0x00000000ebe00000)
  object space 42496K, 0% used [0x00000000c3a00000,0x00000000c3a02000,0x00000000c6380000)
 Metaspace       used 8457K, capacity 8626K, committed 8832K, reserved 1056768K
  class space    used 972K, capacity 1056K, committed 1152K, reserved 1048576K
}

Deoptimization events (10 events):
Event: 6.427 Thread 0x00007f630400a000 Uncommon trap: reason=unstable_if action=reinterpret pc=0x00007f62f4f9ad54 method=java.lang.String.replace(CC)Ljava/lang/String; @ 26
Event: 7.738 Thread 0x00007f630400a000 Uncommon trap: reason=class_check action=maybe_recompile pc=0x00007f62f4f84674 method=java.util.regex.Matcher.match(II)Z @ 86
Event: 7.738 Thread 0x00007f630400a000 Uncommon trap: reason=class_check action=maybe_recompile pc=0x00007f62f4f84674 method=java.util.regex.Matcher.match(II)Z @ 86
Event: 9.973 Thread 0x00007f630400a000 Uncommon trap: reason=class_check action=maybe_recompile pc=0x00007f62f4f84674 method=java.util.regex.Matcher.match(II)Z @ 86
Event: 10.630 Thread 0x00007f630400a000 Uncommon trap: reason=class_check action=maybe_recompile pc=0x00007f62f501e164 method=java.io.DataOutputStream.writeByte(I)V @ 5
Event: 10.630 Thread 0x00007f630400a000 Uncommon trap: reason=class_check action=maybe_recompile pc=0x00007f62f501e164 method=java.io.DataOutputStream.writeByte(I)V @ 5
Event: 10.630 Thread 0x00007f630400a000 Uncommon trap: reason=class_check action=maybe_recompile pc=0x00007f62f501e164 method=java.io.DataOutputStream.writeByte(I)V @ 5
Event: 10.630 Thread 0x00007f630400a000 Uncommon trap: reason=class_check action=maybe_recompile pc=0x00007f62f501e164 method=java.io.DataOutputStream.writeByte(I)V @ 5
Event: 10.674 Thread 0x00007f630400a000 Uncommon trap: reason=class_check action=maybe_recompile pc=0x00007f62f4f84674 method=java.util.regex.Matcher.match(II)Z @ 86
Event: 30.745 Thread 0x00007f630400a000 Uncommon trap: reason=unstable_if action=reinterpret pc=0x00007f62f4ff68dc method=java.lang.ref.SoftReference.get()Ljava/lang/Object; @ 17

Internal exceptions (10 events):
Event: 4.056 Thread 0x00007f630400a000 Exception <a 'java/io/FileNotFoundException'> (0x00000000ec098908) thrown at [/HUDSON/workspace/8-2-build-linux-amd64/jdk8u66/4988/hotspot/src/share/vm/prims/jni.cpp, line 709]
Event: 4.153 Thread 0x00007f630400a000 Exception <a 'java/security/PrivilegedActionException'> (0x00000000ec0a9f08) thrown at [/HUDSON/workspace/8-2-build-linux-amd64/jdk8u66/4988/hotspot/src/share/vm/prims/jvm.cpp, line 1386]
Event: 4.153 Thread 0x00007f630400a000 Exception <a 'java/security/PrivilegedActionException'> (0x00000000ec0aa118) thrown at [/HUDSON/workspace/8-2-build-linux-amd64/jdk8u66/4988/hotspot/src/share/vm/prims/jvm.cpp, line 1386]
Event: 4.153 Thread 0x00007f630400a000 Exception <a 'java/security/PrivilegedActionException'> (0x00000000ec0aade0) thrown at [/HUDSON/workspace/8-2-build-linux-amd64/jdk8u66/4988/hotspot/src/share/vm/prims/jvm.cpp, line 1386]
Event: 4.153 Thread 0x00007f630400a000 Exception <a 'java/security/PrivilegedActionException'> (0x00000000ec0aaff0) thrown at [/HUDSON/workspace/8-2-build-linux-amd64/jdk8u66/4988/hotspot/src/share/vm/prims/jvm.cpp, line 1386]
Event: 4.154 Thread 0x00007f630400a000 Exception <a 'java/security/PrivilegedActionException'> (0x00000000ec0abce0) thrown at [/HUDSON/workspace/8-2-build-linux-amd64/jdk8u66/4988/hotspot/src/share/vm/prims/jvm.cpp, line 1386]
Event: 4.154 Thread 0x00007f630400a000 Exception <a 'java/security/PrivilegedActionException'> (0x00000000ec0abef0) thrown at [/HUDSON/workspace/8-2-build-linux-amd64/jdk8u66/4988/hotspot/src/share/vm/prims/jvm.cpp, line 1386]
Event: 4.221 Thread 0x00007f630400a000 Exception <a 'java/lang/NoClassDefFoundError': org/slf4j/impl/StaticLoggerBinder> (0x00000000ec0d1578) thrown at [/HUDSON/workspace/8-2-build-linux-amd64/jdk8u66/4988/hotspot/src/share/vm/classfile/systemDictionary.cpp, line 199]
Event: 10.003 Thread 0x00007f630400a000 Exception <a 'java/lang/UnsatisfiedLinkError': libvlc.so: cannot open shared object file: No such file or directory> (0x00000000ec7e3d78) thrown at [/HUDSON/workspace/8-2-build-linux-amd64/jdk8u66/4988/hotspot/src/share/vm/prims/jni.cpp, line 735]
Event: 10.082 Thread 0x00007f630400a000 Exception <a 'java/lang/UnsatisfiedLinkError': libvlc.so: cannot open shared object file: No such file or directory> (0x00000000ec7e62d8) thrown at [/HUDSON/workspace/8-2-build-linux-amd64/jdk8u66/4988/hotspot/src/share/vm/prims/jni.cpp, line 735]

Events (10 events):
Event: 31.001 loading class javax/swing/plaf/DimensionUIResource
Event: 31.001 loading class javax/swing/plaf/DimensionUIResource done
Event: 31.001 loading class javax/swing/UIDefaults$LazyInputMap
Event: 31.001 loading class javax/swing/UIDefaults$LazyInputMap done
Event: 31.003 loading class javax/swing/plaf/metal/MetalLookAndFeel$FontActiveValue
Event: 31.003 loading class javax/swing/plaf/metal/MetalLookAndFeel$FontActiveValue done
Event: 31.006 loading class sun/swing/SwingUtilities2$AATextInfo
Event: 31.006 loading class sun/swing/SwingUtilities2$AATextInfo done
Event: 31.006 loading class sun/awt/HeadlessToolkit
Event: 31.006 loading class sun/awt/HeadlessToolkit done


Dynamic libraries:
00400000-00401000 r-xp 00000000 08:06 411928                             /usr/lib/jvm/java-8-oracle/bin/java
00600000-00601000 rw-p 00000000 08:06 411928                             /usr/lib/jvm/java-8-oracle/bin/java
00cbd000-00cde000 rw-p 00000000 00:00 0                                  [heap]
c3a00000-c6380000 rw-p 00000000 00:00 0 
c6380000-ebe00000 ---p 00000000 00:00 0 
ebe00000-ed280000 rw-p 00000000 00:00 0 
ed280000-100000000 ---p 00000000 00:00 0 
100000000-100140000 rw-p 00000000 00:00 0 
100140000-140000000 ---p 00000000 00:00 0 
7f62a51bf000-7f62a523f000 rw-p 00000000 00:00 0 
7f62a523f000-7f62a53bf000 ---p 00000000 00:00 0 
7f62a53bf000-7f62a53c3000 r-xp 00000000 08:06 265517                     /lib/x86_64-linux-gnu/libuuid.so.1.3.0
7f62a53c3000-7f62a55c2000 ---p 00004000 08:06 265517                     /lib/x86_64-linux-gnu/libuuid.so.1.3.0
7f62a55c2000-7f62a55c3000 r--p 00003000 08:06 265517                     /lib/x86_64-linux-gnu/libuuid.so.1.3.0
7f62a55c3000-7f62a55c4000 rw-p 00004000 08:06 265517                     /lib/x86_64-linux-gnu/libuuid.so.1.3.0
7f62a55c4000-7f62a55cb000 r-xp 00000000 08:06 530346                     /usr/lib/x86_64-linux-gnu/libffi.so.6.0.1
7f62a55cb000-7f62a57ca000 ---p 00007000 08:06 530346                     /usr/lib/x86_64-linux-gnu/libffi.so.6.0.1
7f62a57ca000-7f62a57cb000 r--p 00006000 08:06 530346                     /usr/lib/x86_64-linux-gnu/libffi.so.6.0.1
7f62a57cb000-7f62a57cc000 rw-p 00007000 08:06 530346                     /usr/lib/x86_64-linux-gnu/libffi.so.6.0.1
7f62a57cc000-7f62a5809000 r-xp 00000000 08:06 265436                     /lib/x86_64-linux-gnu/libpcre.so.3.13.1
7f62a5809000-7f62a5a08000 ---p 0003d000 08:06 265436                     /lib/x86_64-linux-gnu/libpcre.so.3.13.1
7f62a5a08000-7f62a5a09000 r--p 0003c000 08:06 265436                     /lib/x86_64-linux-gnu/libpcre.so.3.13.1
7f62a5a09000-7f62a5a0a000 rw-p 0003d000 08:06 265436                     /lib/x86_64-linux-gnu/libpcre.so.3.13.1
7f62a5a0a000-7f62a5a69000 r-xp 00000000 08:06 530103                     /usr/lib/x86_64-linux-gnu/libXt.so.6.0.0
7f62a5a69000-7f62a5c69000 ---p 0005f000 08:06 530103                     /usr/lib/x86_64-linux-gnu/libXt.so.6.0.0
7f62a5c69000-7f62a5c6a000 r--p 0005f000 08:06 530103                     /usr/lib/x86_64-linux-gnu/libXt.so.6.0.0
7f62a5c6a000-7f62a5c6f000 rw-p 00060000 08:06 530103                     /usr/lib/x86_64-linux-gnu/libXt.so.6.0.0
7f62a5c6f000-7f62a5c70000 rw-p 00000000 00:00 0 
7f62a5c70000-7f62a5c97000 r-xp 00000000 08:06 265110                     /lib/x86_64-linux-gnu/libexpat.so.1.6.0
7f62a5c97000-7f62a5e97000 ---p 00027000 08:06 265110                     /lib/x86_64-linux-gnu/libexpat.so.1.6.0
7f62a5e97000-7f62a5e99000 r--p 00027000 08:06 265110                     /lib/x86_64-linux-gnu/libexpat.so.1.6.0
7f62a5e99000-7f62a5e9a000 rw-p 00029000 08:06 265110                     /lib/x86_64-linux-gnu/libexpat.so.1.6.0
7f62a5e9a000-7f62a5eb1000 r-xp 00000000 08:06 529934                     /usr/lib/x86_64-linux-gnu/libICE.so.6.3.0
7f62a5eb1000-7f62a60b0000 ---p 00017000 08:06 529934                     /usr/lib/x86_64-linux-gnu/libICE.so.6.3.0
7f62a60b0000-7f62a60b1000 r--p 00016000 08:06 529934                     /usr/lib/x86_64-linux-gnu/libICE.so.6.3.0
7f62a60b1000-7f62a60b2000 rw-p 00017000 08:06 529934                     /usr/lib/x86_64-linux-gnu/libICE.so.6.3.0
7f62a60b2000-7f62a60b6000 rw-p 00000000 00:00 0 
7f62a60b6000-7f62a60bd000 r-xp 00000000 08:06 530056                     /usr/lib/x86_64-linux-gnu/libSM.so.6.0.1
7f62a60bd000-7f62a62bc000 ---p 00007000 08:06 530056                     /usr/lib/x86_64-linux-gnu/libSM.so.6.0.1
7f62a62bc000-7f62a62bd000 r--p 00006000 08:06 530056                     /usr/lib/x86_64-linux-gnu/libSM.so.6.0.1
7f62a62bd000-7f62a62be000 rw-p 00007000 08:06 530056                     /usr/lib/x86_64-linux-gnu/libSM.so.6.0.1
7f62a62be000-7f62a630d000 r-xp 00000000 08:06 530475                     /usr/lib/x86_64-linux-gnu/libgobject-2.0.so.0.4002.0
7f62a630d000-7f62a650d000 ---p 0004f000 08:06 530475                     /usr/lib/x86_64-linux-gnu/libgobject-2.0.so.0.4002.0
7f62a650d000-7f62a650e000 r--p 0004f000 08:06 530475                     /usr/lib/x86_64-linux-gnu/libgobject-2.0.so.0.4002.0
7f62a650e000-7f62a650f000 rw-p 00050000 08:06 530475                     /usr/lib/x86_64-linux-gnu/libgobject-2.0.so.0.4002.0
7f62a650f000-7f62a65ac000 r-xp 00000000 08:06 539648                     /usr/lib/x86_64-linux-gnu/libfreetype.so.6.11.1
7f62a65ac000-7f62a67ab000 ---p 0009d000 08:06 539648                     /usr/lib/x86_64-linux-gnu/libfreetype.so.6.11.1
7f62a67ab000-7f62a67b1000 r--p 0009c000 08:06 539648                     /usr/lib/x86_64-linux-gnu/libfreetype.so.6.11.1
7f62a67b1000-7f62a67b2000 rw-p 000a2000 08:06 539648                     /usr/lib/x86_64-linux-gnu/libfreetype.so.6.11.1
7f62a67b2000-7f62a67ca000 r-xp 00000000 08:06 265703                     /lib/x86_64-linux-gnu/libz.so.1.2.8
7f62a67ca000-7f62a69c9000 ---p 00018000 08:06 265703                     /lib/x86_64-linux-gnu/libz.so.1.2.8
7f62a69c9000-7f62a69ca000 r--p 00017000 08:06 265703                     /lib/x86_64-linux-gnu/libz.so.1.2.8
7f62a69ca000-7f62a69cb000 rw-p 00018000 08:06 265703                     /lib/x86_64-linux-gnu/libz.so.1.2.8
7f62a69cb000-7f62a69f0000 r-xp 00000000 08:06 265655                     /lib/x86_64-linux-gnu/libpng12.so.0.50.0
7f62a69f0000-7f62a6bef000 ---p 00025000 08:06 265655                     /lib/x86_64-linux-gnu/libpng12.so.0.50.0
7f62a6bef000-7f62a6bf0000 r--p 00024000 08:06 265655                     /lib/x86_64-linux-gnu/libpng12.so.0.50.0
7f62a6bf0000-7f62a6bf1000 rw-p 00025000 08:06 265655                     /lib/x86_64-linux-gnu/libpng12.so.0.50.0
7f62a6bf1000-7f62a6cf7000 r-xp 00000000 08:06 265571                     /lib/x86_64-linux-gnu/libglib-2.0.so.0.4002.0
7f62a6cf7000-7f62a6ef6000 ---p 00106000 08:06 265571                     /lib/x86_64-linux-gnu/libglib-2.0.so.0.4002.0
7f62a6ef6000-7f62a6ef7000 r--p 00105000 08:06 265571                     /lib/x86_64-linux-gnu/libglib-2.0.so.0.4002.0
7f62a6ef7000-7f62a6ef8000 rw-p 00106000 08:06 265571                     /lib/x86_64-linux-gnu/libglib-2.0.so.0.4002.0
7f62a6ef8000-7f62a6ef9000 rw-p 00000000 00:00 0 
7f62a6ef9000-7f62a6f10000 r-xp 00000000 08:06 530166                     /usr/lib/x86_64-linux-gnu/libaudio.so.2.4
7f62a6f10000-7f62a710f000 ---p 00017000 08:06 530166                     /usr/lib/x86_64-linux-gnu/libaudio.so.2.4
7f62a710f000-7f62a7110000 r--p 00016000 08:06 530166                     /usr/lib/x86_64-linux-gnu/libaudio.so.2.4
7f62a7110000-7f62a7111000 rw-p 00017000 08:06 530166                     /usr/lib/x86_64-linux-gnu/libaudio.so.2.4
7f62a7111000-7f62a714b000 r-xp 00000000 08:06 530360                     /usr/lib/x86_64-linux-gnu/libfontconfig.so.1.8.0
7f62a714b000-7f62a734a000 ---p 0003a000 08:06 530360                     /usr/lib/x86_64-linux-gnu/libfontconfig.so.1.8.0
7f62a734a000-7f62a734c000 r--p 00039000 08:06 530360                     /usr/lib/x86_64-linux-gnu/libfontconfig.so.1.8.0
7f62a734c000-7f62a734d000 rw-p 0003b000 08:06 530360                     /usr/lib/x86_64-linux-gnu/libfontconfig.so.1.8.0
7f62a734d000-7f62a7db3000 r-xp 00000000 08:06 522879                     /usr/lib/x86_64-linux-gnu/libQtGui.so.4.8.6
7f62a7db3000-7f62a7fb3000 ---p 00a66000 08:06 522879                     /usr/lib/x86_64-linux-gnu/libQtGui.so.4.8.6
7f62a7fb3000-7f62a7ff5000 r--p 00a66000 08:06 522879                     /usr/lib/x86_64-linux-gnu/libQtGui.so.4.8.6
7f62a7ff5000-7f62a7ffc000 rw-p 00aa8000 08:06 522879                     /usr/lib/x86_64-linux-gnu/libQtGui.so.4.8.6
7f62a7ffc000-7f62a8000000 rw-p 00000000 00:00 0 
7f62a8000000-7f62a8021000 rw-p 00000000 00:00 0 
7f62a8021000-7f62ac000000 ---p 00000000 00:00 0 
7f62ac062000-7f62ac065000 r-xp 00000000 08:06 530850                     /usr/lib/x86_64-linux-gnu/libpulse-simple.so.0.0.4
7f62ac065000-7f62ac264000 ---p 00003000 08:06 530850                     /usr/lib/x86_64-linux-gnu/libpulse-simple.so.0.0.4
7f62ac264000-7f62ac265000 r--p 00002000 08:06 530850                     /usr/lib/x86_64-linux-gnu/libpulse-simple.so.0.0.4
7f62ac265000-7f62ac266000 rw-p 00003000 08:06 530850                     /usr/lib/x86_64-linux-gnu/libpulse-simple.so.0.0.4
7f62ac2ed000-7f62ac5c5000 r-xp 00000000 08:06 530043                     /usr/lib/x86_64-linux-gnu/libQtCore.so.4.8.6
7f62ac5c5000-7f62ac7c5000 ---p 002d8000 08:06 530043                     /usr/lib/x86_64-linux-gnu/libQtCore.so.4.8.6
7f62ac7c5000-7f62ac7d0000 r--p 002d8000 08:06 530043                     /usr/lib/x86_64-linux-gnu/libQtCore.so.4.8.6
7f62ac7d0000-7f62ac7d1000 rw-p 002e3000 08:06 530043                     /usr/lib/x86_64-linux-gnu/libQtCore.so.4.8.6
7f62ac7d1000-7f62ac7d2000 rw-p 00000000 00:00 0 
7f62ac7d2000-7f62aca34000 r-xp 00000000 08:06 413116                     /usr/lib/vlc/plugins/gui/libqt4_plugin.so
7f62aca34000-7f62acc33000 ---p 00262000 08:06 413116                     /usr/lib/vlc/plugins/gui/libqt4_plugin.so
7f62acc33000-7f62acc4c000 r--p 00261000 08:06 413116                     /usr/lib/vlc/plugins/gui/libqt4_plugin.so
7f62acc4c000-7f62acc50000 rw-p 0027a000 08:06 413116                     /usr/lib/vlc/plugins/gui/libqt4_plugin.so
7f62acc50000-7f62acc56000 r-xp 00000000 08:06 546092                     /usr/lib/x86_64-linux-gnu/libxcb-xv.so.0.0.0
7f62acc56000-7f62ace55000 ---p 00006000 08:06 546092                     /usr/lib/x86_64-linux-gnu/libxcb-xv.so.0.0.0
7f62ace55000-7f62ace56000 r--p 00005000 08:06 546092                     /usr/lib/x86_64-linux-gnu/libxcb-xv.so.0.0.0
7f62ace56000-7f62ace57000 rw-p 00006000 08:06 546092                     /usr/lib/x86_64-linux-gnu/libxcb-xv.so.0.0.0
7f62ace57000-7f62ace5e000 r-xp 00000000 08:06 413105                     /usr/lib/vlc/plugins/video_output/libxcb_xv_plugin.so
7f62ace5e000-7f62ad05d000 ---p 00007000 08:06 413105                     /usr/lib/vlc/plugins/video_output/libxcb_xv_plugin.so
7f62ad05d000-7f62ad05e000 r--p 00006000 08:06 413105                     /usr/lib/vlc/plugins/video_output/libxcb_xv_plugin.so
7f62ad05e000-7f62ad05f000 rw-p 00007000 08:06 413105                     /usr/lib/vlc/plugins/video_output/libxcb_xv_plugin.so
7f62ad05f000-7f62ad0e2000 r-xp 00000000 08:06 526635                     /usr/lib/x86_64-linux-gnu/libdirac_encoder.so.0.1.0
7f62ad0e2000-7f62ad2e1000 ---p 00083000 08:06 526635                     /usr/lib/x86_64-linux-gnu/libdirac_encoder.so.0.1.0
7f62ad2e1000-7f62ad2e4000 r--p 00082000 08:06 526635                     /usr/lib/x86_64-linux-gnu/libdirac_encoder.so.0.1.0
7f62ad2e4000-7f62ad2e5000 rw-p 00085000 08:06 526635                     /usr/lib/x86_64-linux-gnu/libdirac_encoder.so.0.1.0
7f62ad2e5000-7f62ad2e6000 rw-p 00000000 00:00 0 
7f62ad2e9000-7f62ad2eb000 r-xp 00000000 08:06 531122                     /usr/lib/x86_64-linux-gnu/libxcb-shm.so.0.0.0
7f62ad2eb000-7f62ad4ea000 ---p 00002000 08:06 531122                     /usr/lib/x86_64-linux-gnu/libxcb-shm.so.0.0.0
7f62ad4ea000-7f62ad4eb000 r--p 00001000 08:06 531122                     /usr/lib/x86_64-linux-gnu/libxcb-shm.so.0.0.0
7f62ad4eb000-7f62ad4ec000 rw-p 00002000 08:06 531122                     /usr/lib/x86_64-linux-gnu/libxcb-shm.so.0.0.0
7f62ad4ec000-7f62ad4f4000 r-xp 00000000 08:06 265602                     /lib/x86_64-linux-gnu/libnih-dbus.so.1.0.0
7f62ad4f4000-7f62ad6f4000 ---p 00008000 08:06 265602                     /lib/x86_64-linux-gnu/libnih-dbus.so.1.0.0
7f62ad6f4000-7f62ad6f5000 r--p 00008000 08:06 265602                     /lib/x86_64-linux-gnu/libnih-dbus.so.1.0.0
7f62ad6f5000-7f62ad6f6000 rw-p 00009000 08:06 265602                     /lib/x86_64-linux-gnu/libnih-dbus.so.1.0.0
7f62ad6f6000-7f62ad70d000 r-xp 00000000 08:06 265604                     /lib/x86_64-linux-gnu/libnih.so.1.0.0
7f62ad70d000-7f62ad90c000 ---p 00017000 08:06 265604                     /lib/x86_64-linux-gnu/libnih.so.1.0.0
7f62ad90c000-7f62ad90d000 r--p 00016000 08:06 265604                     /lib/x86_64-linux-gnu/libnih.so.1.0.0
7f62ad90d000-7f62ad90e000 rw-p 00017000 08:06 265604                     /lib/x86_64-linux-gnu/libnih.so.1.0.0
7f62ad90e000-7f62ad927000 r-xp 00000000 08:06 265465                     /lib/x86_64-linux-gnu/libcgmanager.so.0.0.0
7f62ad927000-7f62adb26000 ---p 00019000 08:06 265465                     /lib/x86_64-linux-gnu/libcgmanager.so.0.0.0
7f62adb26000-7f62adb28000 r--p 00018000 08:06 265465                     /lib/x86_64-linux-gnu/libcgmanager.so.0.0.0
7f62adb28000-7f62adb29000 rw-p 0001a000 08:06 265465                     /lib/x86_64-linux-gnu/libcgmanager.so.0.0.0
7f62adb29000-7f62adb2d000 r-xp 00000000 08:06 265573                     /lib/x86_64-linux-gnu/libgpg-error.so.0.10.0
7f62adb2d000-7f62add2c000 ---p 00004000 08:06 265573                     /lib/x86_64-linux-gnu/libgpg-error.so.0.10.0
7f62add2c000-7f62add2d000 r--p 00003000 08:06 265573                     /lib/x86_64-linux-gnu/libgpg-error.so.0.10.0
7f62add2d000-7f62add2e000 rw-p 00004000 08:06 265573                     /lib/x86_64-linux-gnu/libgpg-error.so.0.10.0
7f62add2e000-7f62add3e000 r-xp 00000000 08:06 298110                     /lib/x86_64-linux-gnu/libudev.so.1.3.5
7f62add3e000-7f62adf3d000 ---p 00010000 08:06 298110                     /lib/x86_64-linux-gnu/libudev.so.1.3.5
7f62adf3d000-7f62adf3e000 r--p 0000f000 08:06 298110                     /lib/x86_64-linux-gnu/libudev.so.1.3.5
7f62adf3e000-7f62adf3f000 rw-p 00010000 08:06 298110                     /lib/x86_64-linux-gnu/libudev.so.1.3.5
7f62adf3f000-7f62adfbb000 r-xp 00000000 08:06 265547                     /lib/x86_64-linux-gnu/libgcrypt.so.11.8.2
7f62adfbb000-7f62ae1bb000 ---p 0007c000 08:06 265547                     /lib/x86_64-linux-gnu/libgcrypt.so.11.8.2
7f62ae1bb000-7f62ae1bc000 r--p 0007c000 08:06 265547                     /lib/x86_64-linux-gnu/libgcrypt.so.11.8.2
7f62ae1bc000-7f62ae1bf000 rw-p 0007d000 08:06 265547                     /lib/x86_64-linux-gnu/libgcrypt.so.11.8.2
7f62ae1bf000-7f62ae1d4000 r-xp 00000000 08:06 265694                     /lib/x86_64-linux-gnu/libusb-1.0.so.0.1.0
7f62ae1d4000-7f62ae3d4000 ---p 00015000 08:06 265694                     /lib/x86_64-linux-gnu/libusb-1.0.so.0.1.0
7f62ae3d4000-7f62ae3d5000 r--p 00015000 08:06 265694                     /lib/x86_64-linux-gnu/libusb-1.0.so.0.1.0
7f62ae3d5000-7f62ae3d6000 rw-p 00016000 08:06 265694                     /lib/x86_64-linux-gnu/libusb-1.0.so.0.1.0
7f62ae3d6000-7f62ae426000 r-xp 00000000 08:06 530720                     /usr/lib/x86_64-linux-gnu/libmtp.so.9.1.0
7f62ae426000-7f62ae625000 ---p 00050000 08:06 530720                     /usr/lib/x86_64-linux-gnu/libmtp.so.9.1.0
7f62ae625000-7f62ae62b000 r--p 0004f000 08:06 530720                     /usr/lib/x86_64-linux-gnu/libmtp.so.9.1.0
7f62ae62b000-7f62ae635000 rw-p 00055000 08:06 530720                     /usr/lib/x86_64-linux-gnu/libmtp.so.9.1.0
7f62ae635000-7f62ae71b000 r-xp 00000000 08:06 524368                     /usr/lib/x86_64-linux-gnu/libstdc++.so.6.0.19
7f62ae71b000-7f62ae91a000 ---p 000e6000 08:06 524368                     /usr/lib/x86_64-linux-gnu/libstdc++.so.6.0.19
7f62ae91a000-7f62ae922000 r--p 000e5000 08:06 524368                     /usr/lib/x86_64-linux-gnu/libstdc++.so.6.0.19
7f62ae922000-7f62ae924000 rw-p 000ed000 08:06 524368                     /usr/lib/x86_64-linux-gnu/libstdc++.so.6.0.19
7f62ae924000-7f62ae939000 rw-p 00000000 00:00 0 
7f62ae94e000-7f62ae950000 r-xp 00000000 08:06 412929                     /usr/lib/vlc/plugins/services_discovery/libmtp_plugin.so
7f62ae950000-7f62aeb4f000 ---p 00002000 08:06 412929                     /usr/lib/vlc/plugins/services_discovery/libmtp_plugin.so
7f62aeb4f000-7f62aeb50000 r--p 00001000 08:06 412929                     /usr/lib/vlc/plugins/services_discovery/libmtp_plugin.so
7f62aeb50000-7f62aeb51000 rw-p 00002000 08:06 412929                     /usr/lib/vlc/plugins/services_discovery/libmtp_plugin.so
7f62aeb51000-7f62aec3a000 r-xp 00000000 08:06 530146                     /usr/lib/x86_64-linux-gnu/libasound.so.2.0.0
7f62aec3a000-7f62aee39000 ---p 000e9000 08:06 530146                     /usr/lib/x86_64-linux-gnu/libasound.so.2.0.0
7f62aee39000-7f62aee40000 r--p 000e8000 08:06 530146                     /usr/lib/x86_64-linux-gnu/libasound.so.2.0.0
7f62aee40000-7f62aee41000 rw-p 000ef000 08:06 530146                     /usr/lib/x86_64-linux-gnu/libasound.so.2.0.0
7f62aee41000-7f62aee58000 r-xp 00000000 08:06 261127                     /lib/x86_64-linux-gnu/libresolv-2.19.so
7f62aee58000-7f62af058000 ---p 00017000 08:06 261127                     /lib/x86_64-linux-gnu/libresolv-2.19.so
7f62af058000-7f62af059000 r--p 00017000 08:06 261127                     /lib/x86_64-linux-gnu/libresolv-2.19.so
7f62af059000-7f62af05a000 rw-p 00018000 08:06 261127                     /lib/x86_64-linux-gnu/libresolv-2.19.so
7f62af05a000-7f62af05c000 rw-p 00000000 00:00 0 
7f62af05c000-7f62af063000 r-xp 00000000 08:06 530783                     /usr/lib/x86_64-linux-gnu/libogg.so.0.8.1
7f62af063000-7f62af263000 ---p 00007000 08:06 530783                     /usr/lib/x86_64-linux-gnu/libogg.so.0.8.1
7f62af263000-7f62af264000 r--p 00007000 08:06 530783                     /usr/lib/x86_64-linux-gnu/libogg.so.0.8.1
7f62af264000-7f62af265000 rw-p 00008000 08:06 530783                     /usr/lib/x86_64-linux-gnu/libogg.so.0.8.1
7f62af265000-7f62af291000 r-xp 00000000 08:06 531059                     /usr/lib/x86_64-linux-gnu/libvorbis.so.0.4.5
7f62af291000-7f62af490000 ---p 0002c000 08:06 531059                     /usr/lib/x86_64-linux-gnu/libvorbis.so.0.4.5
7f62af490000-7f62af491000 r--p 0002b000 08:06 531059                     /usr/lib/x86_64-linux-gnu/libvorbis.so.0.4.5
7f62af491000-7f62af492000 rw-p 0002c000 08:06 531059                     /usr/lib/x86_64-linux-gnu/libvorbis.so.0.4.5
7f62af492000-7f62af745000 r-xp 00000000 08:06 531061                     /usr/lib/x86_64-linux-gnu/libvorbisenc.so.2.0.8
7f62af745000-7f62af944000 ---p 002b3000 08:06 531061                     /usr/lib/x86_64-linux-gnu/libvorbisenc.so.2.0.8
7f62af944000-7f62af960000 r--p 002b2000 08:06 531061                     /usr/lib/x86_64-linux-gnu/libvorbisenc.so.2.0.8
7f62af960000-7f62af961000 rw-p 002ce000 08:06 531061                     /usr/lib/x86_64-linux-gnu/libvorbisenc.so.2.0.8
7f62af961000-7f62af991000 r-xp 00000000 08:06 529922                     /usr/lib/x86_64-linux-gnu/libFLAC.so.8.3.0
7f62af991000-7f62afb90000 ---p 00030000 08:06 529922                     /usr/lib/x86_64-linux-gnu/libFLAC.so.8.3.0
7f62afb90000-7f62afb91000 r--p 0002f000 08:06 529922                     /usr/lib/x86_64-linux-gnu/libFLAC.so.8.3.0
7f62afb91000-7f62afb92000 rw-p 00030000 08:06 529922                     /usr/lib/x86_64-linux-gnu/libFLAC.so.8.3.0
7f62afb92000-7f62afb97000 r-xp 00000000 08:06 530154                     /usr/lib/x86_64-linux-gnu/libasyncns.so.0.3.1
7f62afb97000-7f62afd96000 ---p 00005000 08:06 530154                     /usr/lib/x86_64-linux-gnu/libasyncns.so.0.3.1
7f62afd96000-7f62afd97000 r--p 00004000 08:06 530154                     /usr/lib/x86_64-linux-gnu/libasyncns.so.0.3.1
7f62afd97000-7f62afd98000 rw-p 00005000 08:06 530154                     /usr/lib/x86_64-linux-gnu/libasyncns.so.0.3.1
7f62afd98000-7f62afdf9000 r-xp 00000000 08:06 530940                     /usr/lib/x86_64-linux-gnu/libsndfile.so.1.0.25
7f62afdf9000-7f62afff9000 ---p 00061000 08:06 530940                     /usr/lib/x86_64-linux-gnu/libsndfile.so.1.0.25
7f62afff9000-7f62afffb000 r--p 00061000 08:06 530940                     /usr/lib/x86_64-linux-gnu/libsndfile.so.1.0.25
7f62afffb000-7f62afffc000 rw-p 00063000 08:06 530940                     /usr/lib/x86_64-linux-gnu/libsndfile.so.1.0.25
7f62afffc000-7f62b0000000 rw-p 00000000 00:00 0 
7f62b0000000-7f62b0021000 rw-p 00000000 00:00 0 
7f62b0021000-7f62b4000000 ---p 00000000 00:00 0 
7f62b4000000-7f62b4021000 rw-p 00000000 00:00 0 
7f62b4021000-7f62b8000000 ---p 00000000 00:00 0 
7f62b8000000-7f62b8021000 rw-p 00000000 00:00 0 
7f62b8021000-7f62bc000000 ---p 00000000 00:00 0 
7f62bc000000-7f62bc021000 rw-p 00000000 00:00 0 
7f62bc021000-7f62c0000000 ---p 00000000 00:00 0 
7f62c0000000-7f62c0263000 rw-p 00000000 00:00 0 
7f62c0263000-7f62c4000000 ---p 00000000 00:00 0 
7f62c4000000-7f62c42c0000 rw-p 00000000 00:00 0 
7f62c42c0000-7f62c8000000 ---p 00000000 00:00 0 
7f62c8000000-7f62c8021000 rw-p 00000000 00:00 0 
7f62c8021000-7f62cc000000 ---p 00000000 00:00 0 
7f62cc000000-7f62cc1d0000 rw-p 00000000 00:00 0 
7f62cc1d0000-7f62d0000000 ---p 00000000 00:00 0 
7f62d0000000-7f62d0021000 rw-p 00000000 00:00 0 
7f62d0021000-7f62d4000000 ---p 00000000 00:00 0 
7f62d4000000-7f62d4021000 rw-p 00000000 00:00 0 
7f62d4021000-7f62d8000000 ---p 00000000 00:00 0 
7f62d8000000-7f62d8021000 rw-p 00000000 00:00 0 
7f62d8021000-7f62dc000000 ---p 00000000 00:00 0 
7f62dc000000-7f62dc021000 rw-p 00000000 00:00 0 
7f62dc021000-7f62e0000000 ---p 00000000 00:00 0 
7f62e0000000-7f62e0021000 rw-p 00000000 00:00 0 
7f62e0021000-7f62e4000000 ---p 00000000 00:00 0 
7f62e4122000-7f62e412a000 r-xp 00000000 08:06 265700                     /lib/x86_64-linux-gnu/libwrap.so.0.7.6
7f62e412a000-7f62e4329000 ---p 00008000 08:06 265700                     /lib/x86_64-linux-gnu/libwrap.so.0.7.6
7f62e4329000-7f62e432a000 r--p 00007000 08:06 265700                     /lib/x86_64-linux-gnu/libwrap.so.0.7.6
7f62e432a000-7f62e432b000 rw-p 00008000 08:06 265700                     /lib/x86_64-linux-gnu/libwrap.so.0.7.6
7f62e432b000-7f62e432c000 rw-p 00000000 00:00 0 
7f62e432c000-7f62e4392000 r-xp 00000000 08:06 783969                     /usr/lib/x86_64-linux-gnu/pulseaudio/libpulsecommon-4.0.so
7f62e4392000-7f62e4591000 ---p 00066000 08:06 783969                     /usr/lib/x86_64-linux-gnu/pulseaudio/libpulsecommon-4.0.so
7f62e4591000-7f62e4592000 r--p 00065000 08:06 783969                     /usr/lib/x86_64-linux-gnu/pulseaudio/libpulsecommon-4.0.so
7f62e4592000-7f62e4593000 rw-p 00066000 08:06 783969                     /usr/lib/x86_64-linux-gnu/pulseaudio/libpulsecommon-4.0.so
7f62e4593000-7f62e459d000 r-xp 00000000 08:06 265580                     /lib/x86_64-linux-gnu/libjson-c.so.2.0.0
7f62e459d000-7f62e479c000 ---p 0000a000 08:06 265580                     /lib/x86_64-linux-gnu/libjson-c.so.2.0.0
7f62e479c000-7f62e479d000 r--p 00009000 08:06 265580                     /lib/x86_64-linux-gnu/libjson-c.so.2.0.0
7f62e479d000-7f62e479e000 rw-p 0000a000 08:06 265580                     /lib/x86_64-linux-gnu/libjson-c.so.2.0.0
7f62e479e000-7f62e47e5000 r-xp 00000000 08:06 530852                     /usr/lib/x86_64-linux-gnu/libpulse.so.0.16.2
7f62e47e5000-7f62e49e5000 ---p 00047000 08:06 530852                     /usr/lib/x86_64-linux-gnu/libpulse.so.0.16.2
7f62e49e5000-7f62e49e6000 r--p 00047000 08:06 530852                     /usr/lib/x86_64-linux-gnu/libpulse.so.0.16.2
7f62e49e6000-7f62e49e7000 rw-p 00048000 08:06 530852                     /usr/lib/x86_64-linux-gnu/libpulse.so.0.16.2
7f62e49e8000-7f62e49ed000 r-xp 00000000 08:06 412892                     /usr/lib/vlc/plugins/audio_output/libalsa_plugin.so
7f62e49ed000-7f62e4bec000 ---p 00005000 08:06 412892                     /usr/lib/vlc/plugins/audio_output/libalsa_plugin.so
7f62e4bec000-7f62e4bed000 r--p 00004000 08:06 412892                     /usr/lib/vlc/plugins/audio_output/libalsa_plugin.so
7f62e4bed000-7f62e4bee000 rw-p 00005000 08:06 412892                     /usr/lib/vlc/plugins/audio_output/libalsa_plugin.so
7f62e4bee000-7f62e4c32000 r-xp 00000000 08:06 265554                     /lib/x86_64-linux-gnu/libdbus-1.so.3.7.6
7f62e4c32000-7f62e4e31000 ---p 00044000 08:06 265554                     /lib/x86_64-linux-gnu/libdbus-1.so.3.7.6
7f62e4e31000-7f62e4e32000 r--p 00043000 08:06 265554                     /lib/x86_64-linux-gnu/libdbus-1.so.3.7.6
7f62e4e32000-7f62e4e33000 rw-p 00044000 08:06 265554                     /lib/x86_64-linux-gnu/libdbus-1.so.3.7.6
7f62e4e33000-7f62e4e64000 r-xp 00000000 08:06 530638                     /usr/lib/x86_64-linux-gnu/libidn.so.11.6.11
7f62e4e64000-7f62e5064000 ---p 00031000 08:06 530638                     /usr/lib/x86_64-linux-gnu/libidn.so.11.6.11
7f62e5064000-7f62e5065000 r--p 00031000 08:06 530638                     /usr/lib/x86_64-linux-gnu/libidn.so.11.6.11
7f62e5065000-7f62e5066000 rw-p 00032000 08:06 530638                     /usr/lib/x86_64-linux-gnu/libidn.so.11.6.11
7f62e5066000-7f62e5144000 r-xp 00000000 08:06 412641                     /usr/lib/libvlccore.so.7.0.0
7f62e5144000-7f62e5344000 ---p 000de000 08:06 412641                     /usr/lib/libvlccore.so.7.0.0
7f62e5344000-7f62e5347000 r--p 000de000 08:06 412641                     /usr/lib/libvlccore.so.7.0.0
7f62e5347000-7f62e5348000 rw-p 000e1000 08:06 412641                     /usr/lib/libvlccore.so.7.0.0
7f62e5348000-7f62e5362000 r-xp 00000000 08:06 412644                     /usr/lib/libvlc.so.5.4.0
7f62e5362000-7f62e5561000 ---p 0001a000 08:06 412644                     /usr/lib/libvlc.so.5.4.0
7f62e5561000-7f62e5562000 r--p 00019000 08:06 412644                     /usr/lib/libvlc.so.5.4.0
7f62e5562000-7f62e5563000 rw-p 0001a000 08:06 412644                     /usr/lib/libvlc.so.5.4.0
7f62e5563000-7f62e5564000 r-xp 00000000 08:06 414495                     /usr/lib/jvm/java-8-oracle/jre/lib/amd64/libjawt.so
7f62e5564000-7f62e5763000 ---p 00001000 08:06 414495                     /usr/lib/jvm/java-8-oracle/jre/lib/amd64/libjawt.so
7f62e5763000-7f62e5764000 rw-p 00000000 08:06 414495                     /usr/lib/jvm/java-8-oracle/jre/lib/amd64/libjawt.so
7f62e5764000-7f62e5767000 ---p 00000000 00:00 0 
7f62e5767000-7f62e5865000 rw-p 00000000 00:00 0                          [stack:13496]
7f62e5865000-7f62e586a000 r-xp 00000000 08:06 522501                     /usr/lib/x86_64-linux-gnu/libXfixes.so.3.1.0
7f62e586a000-7f62e5a69000 ---p 00005000 08:06 522501                     /usr/lib/x86_64-linux-gnu/libXfixes.so.3.1.0
7f62e5a69000-7f62e5a6a000 r--p 00004000 08:06 522501                     /usr/lib/x86_64-linux-gnu/libXfixes.so.3.1.0
7f62e5a6a000-7f62e5a6b000 rw-p 00005000 08:06 522501                     /usr/lib/x86_64-linux-gnu/libXfixes.so.3.1.0
7f62e5a6b000-7f62e5a74000 r-xp 00000000 08:06 530071                     /usr/lib/x86_64-linux-gnu/libXcursor.so.1.0.2
7f62e5a74000-7f62e5c73000 ---p 00009000 08:06 530071                     /usr/lib/x86_64-linux-gnu/libXcursor.so.1.0.2
7f62e5c73000-7f62e5c74000 r--p 00008000 08:06 530071                     /usr/lib/x86_64-linux-gnu/libXcursor.so.1.0.2
7f62e5c74000-7f62e5c75000 rw-p 00009000 08:06 530071                     /usr/lib/x86_64-linux-gnu/libXcursor.so.1.0.2
7f62e5c75000-7f62e5c78000 ---p 00000000 00:00 0 
7f62e5c78000-7f62e5d76000 rw-p 00000000 00:00 0                          [stack:13494]
7f62e5d76000-7f62e5d8c000 r-xp 00000000 08:06 265567                     /lib/x86_64-linux-gnu/libgcc_s.so.1
7f62e5d8c000-7f62e5f8b000 ---p 00016000 08:06 265567                     /lib/x86_64-linux-gnu/libgcc_s.so.1
7f62e5f8b000-7f62e5f8c000 rw-p 00015000 08:06 265567                     /lib/x86_64-linux-gnu/libgcc_s.so.1
7f62e5fad000-7f62e6012000 r-xp 00000000 08:06 414526                     /usr/lib/jvm/java-8-oracle/jre/lib/amd64/libfontmanager.so
7f62e6012000-7f62e6212000 ---p 00065000 08:06 414526                     /usr/lib/jvm/java-8-oracle/jre/lib/amd64/libfontmanager.so
7f62e6212000-7f62e6216000 rw-p 00065000 08:06 414526                     /usr/lib/jvm/java-8-oracle/jre/lib/amd64/libfontmanager.so
7f62e6216000-7f62e6227000 rw-p 00000000 00:00 0 
7f62e6227000-7f62e623e000 r-xp 00000000 08:06 13625                      /tmp/jna-3268048/jna969127799196055354.tmp (deleted)
7f62e623e000-7f62e633d000 ---p 00017000 08:06 13625                      /tmp/jna-3268048/jna969127799196055354.tmp (deleted)
7f62e633d000-7f62e633f000 rw-p 00016000 08:06 13625                      /tmp/jna-3268048/jna969127799196055354.tmp (deleted)
7f62e633f000-7f62e6344000 r-xp 00000000 08:06 530075                     /usr/lib/x86_64-linux-gnu/libXdmcp.so.6.0.0
7f62e6344000-7f62e6543000 ---p 00005000 08:06 530075                     /usr/lib/x86_64-linux-gnu/libXdmcp.so.6.0.0
7f62e6543000-7f62e6544000 r--p 00004000 08:06 530075                     /usr/lib/x86_64-linux-gnu/libXdmcp.so.6.0.0
7f62e6544000-7f62e6545000 rw-p 00005000 08:06 530075                     /usr/lib/x86_64-linux-gnu/libXdmcp.so.6.0.0
7f62e6545000-7f62e6547000 r-xp 00000000 08:06 530064                     /usr/lib/x86_64-linux-gnu/libXau.so.6.0.0
7f62e6547000-7f62e6747000 ---p 00002000 08:06 530064                     /usr/lib/x86_64-linux-gnu/libXau.so.6.0.0
7f62e6747000-7f62e6748000 r--p 00002000 08:06 530064                     /usr/lib/x86_64-linux-gnu/libXau.so.6.0.0
7f62e6748000-7f62e6749000 rw-p 00003000 08:06 530064                     /usr/lib/x86_64-linux-gnu/libXau.so.6.0.0
7f62e6749000-7f62e6766000 r-xp 00000000 08:06 531132                     /usr/lib/x86_64-linux-gnu/libxcb.so.1.1.0
7f62e6766000-7f62e6966000 ---p 0001d000 08:06 531132                     /usr/lib/x86_64-linux-gnu/libxcb.so.1.1.0
7f62e6966000-7f62e6967000 r--p 0001d000 08:06 531132                     /usr/lib/x86_64-linux-gnu/libxcb.so.1.1.0
7f62e6967000-7f62e6968000 rw-p 0001e000 08:06 531132                     /usr/lib/x86_64-linux-gnu/libxcb.so.1.1.0
7f62e6968000-7f62e6977000 r-xp 00000000 08:06 522608                     /usr/lib/x86_64-linux-gnu/libXi.so.6.1.0
7f62e6977000-7f62e6b76000 ---p 0000f000 08:06 522608                     /usr/lib/x86_64-linux-gnu/libXi.so.6.1.0
7f62e6b76000-7f62e6b77000 r--p 0000e000 08:06 522608                     /usr/lib/x86_64-linux-gnu/libXi.so.6.1.0
7f62e6b77000-7f62e6b78000 rw-p 0000f000 08:06 522608                     /usr/lib/x86_64-linux-gnu/libXi.so.6.1.0
7f62e6b78000-7f62e6b7d000 r-xp 00000000 08:06 530105                     /usr/lib/x86_64-linux-gnu/libXtst.so.6.1.0
7f62e6b7d000-7f62e6d7c000 ---p 00005000 08:06 530105                     /usr/lib/x86_64-linux-gnu/libXtst.so.6.1.0
7f62e6d7c000-7f62e6d7d000 r--p 00004000 08:06 530105                     /usr/lib/x86_64-linux-gnu/libXtst.so.6.1.0
7f62e6d7d000-7f62e6d7e000 rw-p 00005000 08:06 530105                     /usr/lib/x86_64-linux-gnu/libXtst.so.6.1.0
7f62e6d7e000-7f62e6d87000 r-xp 00000000 08:06 522612                     /usr/lib/x86_64-linux-gnu/libXrender.so.1.3.0
7f62e6d87000-7f62e6f86000 ---p 00009000 08:06 522612                     /usr/lib/x86_64-linux-gnu/libXrender.so.1.3.0
7f62e6f86000-7f62e6f87000 r--p 00008000 08:06 522612                     /usr/lib/x86_64-linux-gnu/libXrender.so.1.3.0
7f62e6f87000-7f62e6f88000 rw-p 00009000 08:06 522612                     /usr/lib/x86_64-linux-gnu/libXrender.so.1.3.0
7f62e6f88000-7f62e70b8000 r-xp 00000000 08:06 530060                     /usr/lib/x86_64-linux-gnu/libX11.so.6.3.0
7f62e70b8000-7f62e72b8000 ---p 00130000 08:06 530060                     /usr/lib/x86_64-linux-gnu/libX11.so.6.3.0
7f62e72b8000-7f62e72b9000 r--p 00130000 08:06 530060                     /usr/lib/x86_64-linux-gnu/libX11.so.6.3.0
7f62e72b9000-7f62e72bd000 rw-p 00131000 08:06 530060                     /usr/lib/x86_64-linux-gnu/libX11.so.6.3.0
7f62e72bd000-7f62e72ce000 r-xp 00000000 08:06 522564                     /usr/lib/x86_64-linux-gnu/libXext.so.6.4.0
7f62e72ce000-7f62e74cd000 ---p 00011000 08:06 522564                     /usr/lib/x86_64-linux-gnu/libXext.so.6.4.0
7f62e74cd000-7f62e74ce000 r--p 00010000 08:06 522564                     /usr/lib/x86_64-linux-gnu/libXext.so.6.4.0
7f62e74ce000-7f62e74cf000 rw-p 00011000 08:06 522564                     /usr/lib/x86_64-linux-gnu/libXext.so.6.4.0
7f62e74cf000-7f62e7523000 r-xp 00000000 08:06 414472                     /usr/lib/jvm/java-8-oracle/jre/lib/amd64/libawt_xawt.so
7f62e7523000-7f62e7723000 ---p 00054000 08:06 414472                     /usr/lib/jvm/java-8-oracle/jre/lib/amd64/libawt_xawt.so
7f62e7723000-7f62e7727000 rw-p 00054000 08:06 414472                     /usr/lib/jvm/java-8-oracle/jre/lib/amd64/libawt_xawt.so
7f62e7727000-7f62e7728000 rw-p 00000000 00:00 0 
7f62e7728000-7f62e77ca000 r-xp 00000000 08:06 414471                     /usr/lib/jvm/java-8-oracle/jre/lib/amd64/libawt.so
7f62e77ca000-7f62e79ca000 ---p 000a2000 08:06 414471                     /usr/lib/jvm/java-8-oracle/jre/lib/amd64/libawt.so
7f62e79ca000-7f62e79d6000 rw-p 000a2000 08:06 414471                     /usr/lib/jvm/java-8-oracle/jre/lib/amd64/libawt.so
7f62e79d6000-7f62e79fa000 rw-p 00000000 00:00 0 
7f62e79fa000-7f62e79fb000 ---p 00000000 00:00 0 
7f62e79fb000-7f62e7afb000 rw-p 00000000 00:00 0                          [stack:13487]
7f62e7afb000-7f62e7afe000 ---p 00000000 00:00 0 
7f62e7afe000-7f62e7bfc000 rw-p 00000000 00:00 0                          [stack:13486]
7f62e7bfc000-7f62e7bff000 ---p 00000000 00:00 0 
7f62e7bff000-7f62e7cfd000 rw-p 00000000 00:00 0                          [stack:13485]
7f62e7cfd000-7f62e7d00000 ---p 00000000 00:00 0 
7f62e7d00000-7f62e7dfe000 rw-p 00000000 00:00 0                          [stack:13484]
7f62e7dfe000-7f62e7e01000 ---p 00000000 00:00 0 
7f62e7e01000-7f62e7eff000 rw-p 00000000 00:00 0                          [stack:13483]
7f62e7eff000-7f62e7f02000 ---p 00000000 00:00 0 
7f62e7f02000-7f62e8000000 rw-p 00000000 00:00 0                          [stack:13482]
7f62e8000000-7f62e8021000 rw-p 00000000 00:00 0 
7f62e8021000-7f62ec000000 ---p 00000000 00:00 0 
7f62ec01b000-7f62ec01e000 ---p 00000000 00:00 0 
7f62ec01e000-7f62ec054000 rw-p 00000000 00:00 0                          [stack:13491]
7f62ec054000-7f62ec059000 r--s 00096000 08:06 414462                     /usr/lib/jvm/java-8-oracle/jre/lib/jsse.jar
7f62ec059000-7f62ec77c000 r--p 00000000 08:06 397847                     /usr/lib/locale/locale-archive
7f62ec77c000-7f62ec77f000 ---p 00000000 00:00 0 
7f62ec77f000-7f62ec87d000 rw-p 00000000 00:00 0                          [stack:13481]
7f62ec87d000-7f62ec880000 ---p 00000000 00:00 0 
7f62ec880000-7f62ec97e000 rw-p 00000000 00:00 0                          [stack:13480]
7f62ec97e000-7f62ec97f000 ---p 00000000 00:00 0 
7f62ec97f000-7f62f0000000 rw-p 00000000 00:00 0                          [stack:13479]
7f62f0000000-7f62f0021000 rw-p 00000000 00:00 0 
7f62f0021000-7f62f4000000 ---p 00000000 00:00 0 
7f62f4003000-7f62f4012000 r--s 00115000 08:07 2097400                    /home/jony/.m2/repository/net/java/dev/jna/platform/3.5.2/platform-3.5.2.jar
7f62f4012000-7f62f401e000 r--s 00057000 08:07 2097396                    /home/jony/.m2/repository/uk/co/caprica/vlcj/3.9.0/vlcj-3.9.0.jar
7f62f401e000-7f62f4081000 rw-p 00000000 00:00 0 
7f62f4081000-7f62f425a000 r--s 03d20000 08:06 414457                     /usr/lib/jvm/java-8-oracle/jre/lib/rt.jar
7f62f425a000-7f62f443d000 rw-p 00000000 00:00 0 
7f62f443d000-7f62f443e000 ---p 00000000 00:00 0 
7f62f443e000-7f62f453e000 rw-p 00000000 00:00 0                          [stack:13478]
7f62f453e000-7f62f453f000 ---p 00000000 00:00 0 
7f62f453f000-7f62f463f000 rw-p 00000000 00:00 0                          [stack:13477]
7f62f463f000-7f62f4640000 ---p 00000000 00:00 0 
7f62f4640000-7f62f4740000 rw-p 00000000 00:00 0                          [stack:13476]
7f62f4740000-7f62f4741000 ---p 00000000 00:00 0 
7f62f4741000-7f62f4856000 rw-p 00000000 00:00 0                          [stack:13475]
7f62f4856000-7f62f4983000 ---p 00000000 00:00 0 
7f62f4983000-7f62f498e000 rw-p 00000000 00:00 0 
7f62f498e000-7f62f4a24000 ---p 00000000 00:00 0 
7f62f4a24000-7f62f4a30000 rw-p 00000000 00:00 0 
7f62f4a30000-7f62f4de5000 ---p 00000000 00:00 0 
7f62f4de5000-7f62f5085000 rwxp 00000000 00:00 0 
7f62f5085000-7f6303de5000 ---p 00000000 00:00 0 
7f6303de5000-7f6303dff000 r-xp 00000000 08:06 414518                     /usr/lib/jvm/java-8-oracle/jre/lib/amd64/libzip.so
7f6303dff000-7f6303fff000 ---p 0001a000 08:06 414518                     /usr/lib/jvm/java-8-oracle/jre/lib/amd64/libzip.so
7f6303fff000-7f6304000000 rw-p 0001a000 08:06 414518                     /usr/lib/jvm/java-8-oracle/jre/lib/amd64/libzip.so
7f6304000000-7f6304495000 rw-p 00000000 00:00 0 
7f6304495000-7f6308000000 ---p 00000000 00:00 0 
7f6308001000-7f630808c000 rw-p 00000000 00:00 0 
7f630808c000-7f63081b9000 ---p 00000000 00:00 0 
7f63081b9000-7f63081c4000 r-xp 00000000 08:06 261141                     /lib/x86_64-linux-gnu/libnss_files-2.19.so
7f63081c4000-7f63083c3000 ---p 0000b000 08:06 261141                     /lib/x86_64-linux-gnu/libnss_files-2.19.so
7f63083c3000-7f63083c4000 r--p 0000a000 08:06 261141                     /lib/x86_64-linux-gnu/libnss_files-2.19.so
7f63083c4000-7f63083c5000 rw-p 0000b000 08:06 261141                     /lib/x86_64-linux-gnu/libnss_files-2.19.so
7f63083c5000-7f63083d0000 r-xp 00000000 08:06 265432                     /lib/x86_64-linux-gnu/libnss_nis-2.19.so
7f63083d0000-7f63085cf000 ---p 0000b000 08:06 265432                     /lib/x86_64-linux-gnu/libnss_nis-2.19.so
7f63085cf000-7f63085d0000 r--p 0000a000 08:06 265432                     /lib/x86_64-linux-gnu/libnss_nis-2.19.so
7f63085d0000-7f63085d1000 rw-p 0000b000 08:06 265432                     /lib/x86_64-linux-gnu/libnss_nis-2.19.so
7f63085d1000-7f63085e8000 r-xp 00000000 08:06 261216                     /lib/x86_64-linux-gnu/libnsl-2.19.so
7f63085e8000-7f63087e7000 ---p 00017000 08:06 261216                     /lib/x86_64-linux-gnu/libnsl-2.19.so
7f63087e7000-7f63087e8000 r--p 00016000 08:06 261216                     /lib/x86_64-linux-gnu/libnsl-2.19.so
7f63087e8000-7f63087e9000 rw-p 00017000 08:06 261216                     /lib/x86_64-linux-gnu/libnsl-2.19.so
7f63087e9000-7f63087eb000 rw-p 00000000 00:00 0 
7f63087eb000-7f63087f4000 r-xp 00000000 08:06 261215                     /lib/x86_64-linux-gnu/libnss_compat-2.19.so
7f63087f4000-7f63089f3000 ---p 00009000 08:06 261215                     /lib/x86_64-linux-gnu/libnss_compat-2.19.so
7f63089f3000-7f63089f4000 r--p 00008000 08:06 261215                     /lib/x86_64-linux-gnu/libnss_compat-2.19.so
7f63089f4000-7f63089f5000 rw-p 00009000 08:06 261215                     /lib/x86_64-linux-gnu/libnss_compat-2.19.so
7f63089f5000-7f6308a1f000 r-xp 00000000 08:06 414479                     /usr/lib/jvm/java-8-oracle/jre/lib/amd64/libjava.so
7f6308a1f000-7f6308c1f000 ---p 0002a000 08:06 414479                     /usr/lib/jvm/java-8-oracle/jre/lib/amd64/libjava.so
7f6308c1f000-7f6308c21000 rw-p 0002a000 08:06 414479                     /usr/lib/jvm/java-8-oracle/jre/lib/amd64/libjava.so
7f6308c21000-7f6308c2e000 r-xp 00000000 08:06 414470                     /usr/lib/jvm/java-8-oracle/jre/lib/amd64/libverify.so
7f6308c2e000-7f6308e2e000 ---p 0000d000 08:06 414470                     /usr/lib/jvm/java-8-oracle/jre/lib/amd64/libverify.so
7f6308e2e000-7f6308e30000 rw-p 0000d000 08:06 414470                     /usr/lib/jvm/java-8-oracle/jre/lib/amd64/libverify.so
7f6308e30000-7f6308e37000 r-xp 00000000 08:06 261224                     /lib/x86_64-linux-gnu/librt-2.19.so
7f6308e37000-7f6309036000 ---p 00007000 08:06 261224                     /lib/x86_64-linux-gnu/librt-2.19.so
7f6309036000-7f6309037000 r--p 00006000 08:06 261224                     /lib/x86_64-linux-gnu/librt-2.19.so
7f6309037000-7f6309038000 rw-p 00007000 08:06 261224                     /lib/x86_64-linux-gnu/librt-2.19.so
7f6309038000-7f630913d000 r-xp 00000000 08:06 261137                     /lib/x86_64-linux-gnu/libm-2.19.so
7f630913d000-7f630933c000 ---p 00105000 08:06 261137                     /lib/x86_64-linux-gnu/libm-2.19.so
7f630933c000-7f630933d000 r--p 00104000 08:06 261137                     /lib/x86_64-linux-gnu/libm-2.19.so
7f630933d000-7f630933e000 rw-p 00105000 08:06 261137                     /lib/x86_64-linux-gnu/libm-2.19.so
7f630933e000-7f6309ffc000 r-xp 00000000 08:06 414502                     /usr/lib/jvm/java-8-oracle/jre/lib/amd64/server/libjvm.so
7f6309ffc000-7f630a1fb000 ---p 00cbe000 08:06 414502                     /usr/lib/jvm/java-8-oracle/jre/lib/amd64/server/libjvm.so
7f630a1fb000-7f630a2d4000 rw-p 00cbd000 08:06 414502                     /usr/lib/jvm/java-8-oracle/jre/lib/amd64/server/libjvm.so
7f630a2d4000-7f630a318000 rw-p 00000000 00:00 0 
7f630a318000-7f630a4d3000 r-xp 00000000 08:06 261221                     /lib/x86_64-linux-gnu/libc-2.19.so
7f630a4d3000-7f630a6d2000 ---p 001bb000 08:06 261221                     /lib/x86_64-linux-gnu/libc-2.19.so
7f630a6d2000-7f630a6d6000 r--p 001ba000 08:06 261221                     /lib/x86_64-linux-gnu/libc-2.19.so
7f630a6d6000-7f630a6d8000 rw-p 001be000 08:06 261221                     /lib/x86_64-linux-gnu/libc-2.19.so
7f630a6d8000-7f630a6dd000 rw-p 00000000 00:00 0 
7f630a6dd000-7f630a6e0000 r-xp 00000000 08:06 261152                     /lib/x86_64-linux-gnu/libdl-2.19.so
7f630a6e0000-7f630a8df000 ---p 00003000 08:06 261152                     /lib/x86_64-linux-gnu/libdl-2.19.so
7f630a8df000-7f630a8e0000 r--p 00002000 08:06 261152                     /lib/x86_64-linux-gnu/libdl-2.19.so
7f630a8e0000-7f630a8e1000 rw-p 00003000 08:06 261152                     /lib/x86_64-linux-gnu/libdl-2.19.so
7f630a8e1000-7f630a8f6000 r-xp 00000000 08:06 413769                     /usr/lib/jvm/java-8-oracle/lib/amd64/jli/libjli.so
7f630a8f6000-7f630aaf6000 ---p 00015000 08:06 413769                     /usr/lib/jvm/java-8-oracle/lib/amd64/jli/libjli.so
7f630aaf6000-7f630aaf7000 rw-p 00015000 08:06 413769                     /usr/lib/jvm/java-8-oracle/lib/amd64/jli/libjli.so
7f630aaf7000-7f630ab10000 r-xp 00000000 08:06 261222                     /lib/x86_64-linux-gnu/libpthread-2.19.so
7f630ab10000-7f630ad0f000 ---p 00019000 08:06 261222                     /lib/x86_64-linux-gnu/libpthread-2.19.so
7f630ad0f000-7f630ad10000 r--p 00018000 08:06 261222                     /lib/x86_64-linux-gnu/libpthread-2.19.so
7f630ad10000-7f630ad11000 rw-p 00019000 08:06 261222                     /lib/x86_64-linux-gnu/libpthread-2.19.so
7f630ad11000-7f630ad15000 rw-p 00000000 00:00 0 
7f630ad15000-7f630ad38000 r-xp 00000000 08:06 261218                     /lib/x86_64-linux-gnu/ld-2.19.so
7f630ad39000-7f630ad3d000 r--s 00112000 08:07 2359896                    /home/jony/.m2/repository/net/java/dev/jna/jna/4.2.1/jna-4.2.1.jar
7f630ad3d000-7f630ae0f000 rw-p 00000000 00:00 0 
7f630ae0f000-7f630ae12000 ---p 00000000 00:00 0 
7f630ae12000-7f630af14000 rw-p 00000000 00:00 0                          [stack:13474]
7f630af16000-7f630af17000 rwxp 00000000 00:00 0 
7f630af17000-7f630af18000 r--s 00007000 08:07 8522705                    /home/jony/.m2/repository/org/slf4j/slf4j-api/1.7.10/slf4j-api-1.7.10.jar
7f630af18000-7f630af2b000 rw-p 00000000 00:00 0 
7f630af2b000-7f630af33000 rw-s 00000000 08:06 523051                     /tmp/hsperfdata_jony/13467
7f630af33000-7f630af34000 rw-p 00000000 00:00 0 
7f630af34000-7f630af35000 r--p 00000000 00:00 0 
7f630af35000-7f630af37000 rw-p 00000000 00:00 0 
7f630af37000-7f630af38000 r--p 00022000 08:06 261218                     /lib/x86_64-linux-gnu/ld-2.19.so
7f630af38000-7f630af39000 rw-p 00023000 08:06 261218                     /lib/x86_64-linux-gnu/ld-2.19.so
7f630af39000-7f630af3a000 rw-p 00000000 00:00 0 
7ffdfd716000-7ffdfd737000 rw-p 00000000 00:00 0                          [stack]
7ffdfd78b000-7ffdfd78d000 r-xp 00000000 00:00 0                          [vdso]
7ffdfd78d000-7ffdfd78f000 r--p 00000000 00:00 0                          [vvar]
ffffffffff600000-ffffffffff601000 r-xp 00000000 00:00 0                  [vsyscall]

VM Arguments:
jvm_args: -Dfile.encoding=UTF-8 
java_command: com.movieCart.MainFrame
java_class_path (initial): /home/jony/Dropbox/Eclipse Workspace/movieCart/target/classes:/home/jony/.m2/repository/uk/co/caprica/vlcj/3.9.0/vlcj-3.9.0.jar:/home/jony/.m2/repository/org/slf4j/slf4j-api/1.7.10/slf4j-api-1.7.10.jar:/home/jony/.m2/repository/net/java/dev/jna/platform/3.5.2/platform-3.5.2.jar:/home/jony/.m2/repository/net/java/dev/jna/jna/4.2.1/jna-4.2.1.jar
Launcher Type: SUN_STANDARD

Environment Variables:
JAVA_HOME=/usr/lib/jvm/java-8-oracle
PATH=/home/jony/sys161/bin:/home/jony/sys161/tools/bin:/home/jony/bin:/usr/local/sbin:/usr/local/bin:/usr/sbin:/usr/bin:/sbin:/bin:/usr/games:/usr/local/games:/usr/lib/jvm/java-8-oracle/bin:/usr/lib/jvm/java-8-oracle/db/bin:/usr/lib/jvm/java-8-oracle/jre/bin
SHELL=/bin/bash
DISPLAY=:0.0

Signal Handlers:
SIGSEGV: [libjvm.so+0xaba2a0], sa_mask[0]=11111111011111111101111111111110, sa_flags=SA_RESTART|SA_SIGINFO
SIGBUS: [libjvm.so+0xaba2a0], sa_mask[0]=11111111011111111101111111111110, sa_flags=SA_RESTART|SA_SIGINFO
SIGFPE: [libjvm.so+0x917710], sa_mask[0]=11111111011111111101111111111110, sa_flags=SA_RESTART|SA_SIGINFO
SIGPIPE: [libjvm.so+0x917710], sa_mask[0]=11111111011111111101111111111110, sa_flags=SA_RESTART|SA_SIGINFO
SIGXFSZ: [libjvm.so+0x917710], sa_mask[0]=11111111011111111101111111111110, sa_flags=SA_RESTART|SA_SIGINFO
SIGILL: [libjvm.so+0x917710], sa_mask[0]=11111111011111111101111111111110, sa_flags=SA_RESTART|SA_SIGINFO
SIGUSR1: SIG_DFL, sa_mask[0]=00000000000000000000000000000000, sa_flags=none
SIGUSR2: [libjvm.so+0x918d40], sa_mask[0]=00100000000000000000000000000000, sa_flags=SA_RESTART|SA_SIGINFO
SIGHUP: [libjvm.so+0x91a140], sa_mask[0]=11111111011111111101111111111110, sa_flags=SA_RESTART|SA_SIGINFO
SIGINT: [libjvm.so+0x91a140], sa_mask[0]=11111111011111111101111111111110, sa_flags=SA_RESTART|SA_SIGINFO
SIGTERM: [libjvm.so+0x91a140], sa_mask[0]=11111111011111111101111111111110, sa_flags=SA_RESTART|SA_SIGINFO
SIGQUIT: [libjvm.so+0x91a140], sa_mask[0]=11111111011111111101111111111110, sa_flags=SA_RESTART|SA_SIGINFO


---------------  S Y S T E M  ---------------

OS:DISTRIB_ID=Ubuntu
DISTRIB_RELEASE=14.04
DISTRIB_CODENAME=trusty
DISTRIB_DESCRIPTION="Ubuntu 14.04.3 LTS"

uname:Linux 3.16.0-51-generic #69~14.04.1-Ubuntu SMP Wed Oct 7 15:32:41 UTC 2015 x86_64
libc:glibc 2.19 NPTL 2.19 
rlimit: STACK 8192k, CORE 0k, NPROC 15360, NOFILE 4096, AS infinity
load average:3.54 2.94 2.06

/proc/meminfo:
MemTotal:        3953704 kB
MemFree:          106156 kB
MemAvailable:    1337476 kB
Buffers:           16124 kB
Cached:          1549912 kB
SwapCached:        13788 kB
Active:          1718168 kB
Inactive:        1902832 kB
Active(anon):    1564008 kB
Inactive(anon):   695992 kB
Active(file):     154160 kB
Inactive(file):  1206840 kB
Unevictable:         104 kB
Mlocked:             104 kB
SwapTotal:       9764860 kB
SwapFree:        9578944 kB
Dirty:             43408 kB
Writeback:             0 kB
AnonPages:       2044940 kB
Mapped:           196296 kB
Shmem:            204984 kB
Slab:             110856 kB
SReclaimable:      78512 kB
SUnreclaim:        32344 kB
KernelStack:       11024 kB
PageTables:        39056 kB
NFS_Unstable:          0 kB
Bounce:                0 kB
WritebackTmp:          0 kB
CommitLimit:    11741712 kB
Committed_AS:    6846844 kB
VmallocTotal:   34359738367 kB
VmallocUsed:      361940 kB
VmallocChunk:   34359360012 kB
HardwareCorrupted:     0 kB
AnonHugePages:    548864 kB
HugePages_Total:       0
HugePages_Free:        0
HugePages_Rsvd:        0
HugePages_Surp:        0
Hugepagesize:       2048 kB
DirectMap4k:       72352 kB
DirectMap2M:     4028416 kB


CPU:total 4 (2 cores per cpu, 2 threads per core) family 6 model 42 stepping 7, cmov, cx8, fxsr, mmx, sse, sse2, sse3, ssse3, sse4.1, sse4.2, popcnt, avx, aes, clmul, ht, tsc, tscinvbit

/proc/cpuinfo:
processor	: 0
vendor_id	: GenuineIntel
cpu family	: 6
model		: 42
model name	: Intel(R) Core(TM) i5-2430M CPU @ 2.40GHz
stepping	: 7
microcode	: 0x1a
cpu MHz		: 2041.406
cache size	: 3072 KB
physical id	: 0
siblings	: 4
core id		: 0
cpu cores	: 2
apicid		: 0
initial apicid	: 0
fpu		: yes
fpu_exception	: yes
cpuid level	: 13
wp		: yes
flags		: fpu vme de pse tsc msr pae mce cx8 apic sep mtrr pge mca cmov pat pse36 clflush dts acpi mmx fxsr sse sse2 ss ht tm pbe syscall nx rdtscp lm constant_tsc arch_perfmon pebs bts rep_good nopl xtopology nonstop_tsc aperfmperf eagerfpu pni pclmulqdq dtes64 monitor ds_cpl vmx est tm2 ssse3 cx16 xtpr pdcm pcid sse4_1 sse4_2 x2apic popcnt tsc_deadline_timer aes xsave avx lahf_lm ida arat epb xsaveopt pln pts dtherm tpr_shadow vnmi flexpriority ept vpid
bogomips	: 4789.33
clflush size	: 64
cache_alignment	: 64
address sizes	: 36 bits physical, 48 bits virtual
power management:

processor	: 1
vendor_id	: GenuineIntel
cpu family	: 6
model		: 42
model name	: Intel(R) Core(TM) i5-2430M CPU @ 2.40GHz
stepping	: 7
microcode	: 0x1a
cpu MHz		: 2096.250
cache size	: 3072 KB
physical id	: 0
siblings	: 4
core id		: 1
cpu cores	: 2
apicid		: 2
initial apicid	: 2
fpu		: yes
fpu_exception	: yes
cpuid level	: 13
wp		: yes
flags		: fpu vme de pse tsc msr pae mce cx8 apic sep mtrr pge mca cmov pat pse36 clflush dts acpi mmx fxsr sse sse2 ss ht tm pbe syscall nx rdtscp lm constant_tsc arch_perfmon pebs bts rep_good nopl xtopology nonstop_tsc aperfmperf eagerfpu pni pclmulqdq dtes64 monitor ds_cpl vmx est tm2 ssse3 cx16 xtpr pdcm pcid sse4_1 sse4_2 x2apic popcnt tsc_deadline_timer aes xsave avx lahf_lm ida arat epb xsaveopt pln pts dtherm tpr_shadow vnmi flexpriority ept vpid
bogomips	: 4789.33
clflush size	: 64
cache_alignment	: 64
address sizes	: 36 bits physical, 48 bits virtual
power management:

processor	: 2
vendor_id	: GenuineIntel
cpu family	: 6
model		: 42
model name	: Intel(R) Core(TM) i5-2430M CPU @ 2.40GHz
stepping	: 7
microcode	: 0x1a
cpu MHz		: 1732.687
cache size	: 3072 KB
physical id	: 0
siblings	: 4
core id		: 0
cpu cores	: 2
apicid		: 1
initial apicid	: 1
fpu		: yes
fpu_exception	: yes
cpuid level	: 13
wp		: yes
flags		: fpu vme de pse tsc msr pae mce cx8 apic sep mtrr pge mca cmov pat pse36 clflush dts acpi mmx fxsr sse sse2 ss ht tm pbe syscall nx rdtscp lm constant_tsc arch_perfmon pebs bts rep_good nopl xtopology nonstop_tsc aperfmperf eagerfpu pni pclmulqdq dtes64 monitor ds_cpl vmx est tm2 ssse3 cx16 xtpr pdcm pcid sse4_1 sse4_2 x2apic popcnt tsc_deadline_timer aes xsave avx lahf_lm ida arat epb xsaveopt pln pts dtherm tpr_shadow vnmi flexpriority ept vpid
bogomips	: 4789.33
clflush size	: 64
cache_alignment	: 64
address sizes	: 36 bits physical, 48 bits virtual
power management:

processor	: 3
vendor_id	: GenuineIntel
cpu family	: 6
model		: 42
model name	: Intel(R) Core(TM) i5-2430M CPU @ 2.40GHz
stepping	: 7
microcode	: 0x1a
cpu MHz		: 2248.312
cache size	: 3072 KB
physical id	: 0
siblings	: 4
core id		: 1
cpu cores	: 2
apicid		: 3
initial apicid	: 3
fpu		: yes
fpu_exception	: yes
cpuid level	: 13
wp		: yes
flags		: fpu vme de pse tsc msr pae mce cx8 apic sep mtrr pge mca cmov pat pse36 clflush dts acpi mmx fxsr sse sse2 ss ht tm pbe syscall nx rdtscp lm constant_tsc arch_perfmon pebs bts rep_good nopl xtopology nonstop_tsc aperfmperf eagerfpu pni pclmulqdq dtes64 monitor ds_cpl vmx est tm2 ssse3 cx16 xtpr pdcm pcid sse4_1 sse4_2 x2apic popcnt tsc_deadline_timer aes xsave avx lahf_lm ida arat epb xsaveopt pln pts dtherm tpr_shadow vnmi flexpriority ept vpid
bogomips	: 4789.33
clflush size	: 64
cache_alignment	: 64
address sizes	: 36 bits physical, 48 bits virtual
power management:



Memory: 4k page, physical 3953704k(106156k free), swap 9764860k(9578944k free)

vm_info: Java HotSpot(TM) 64-Bit Server VM (25.66-b17) for linux-amd64 JRE (1.8.0_66-b17), built on Oct  6 2015 17:28:34 by "java_re" with gcc 4.3.0 20080428 (Red Hat 4.3.0-8)

time: Mon Oct 26 21:32:00 2015
elapsed time: 31 seconds (0d 0h 0m 31s)

