#
# A fatal error has been detected by the Java Runtime Environment:
#
#  SIGSEGV (0xb) at pc=0x00007f6724328fe6, pid=9064, tid=140079106086656
#
# JRE version: Java(TM) SE Runtime Environment (8.0_66-b17) (build 1.8.0_66-b17)
# Java VM: Java HotSpot(TM) 64-Bit Server VM (25.66-b17 mixed mode linux-amd64 compressed oops)
# Problematic frame:
# C  0x00007f6724328fe6
#
# Failed to write core dump. Core dumps have been disabled. To enable core dumping, try "ulimit -c unlimited" before starting Java again
#
# If you would like to submit a bug report, please visit:
#   http://bugreport.java.com/bugreport/crash.jsp
#

---------------  T H R E A D  ---------------

Current thread is native thread

siginfo: si_signo: 11 (SIGSEGV), si_code: 1 (SEGV_MAPERR), si_addr: 0x00007f6724328fe6

Registers:
RAX=0x0000000000000000, RBX=0x0000000000000000, RCX=0x00007f66cc1d8ca0, RDX=0x00007f66cc1ccd10
RSP=0x00007f66b55bc968, RBP=0x00007f66b55bc9f0, RSI=0x0000000000000000, RDI=0x00007f66b55bc9f0
R8 =0x0000000000000000, R9 =0x0000000000000003, R10=0x00007f66a400d090, R11=0x00007f66a400d0b0
R12=0x00007f66cc1cccf0, R13=0x0000000000000001, R14=0x00007f66a400d090, R15=0x00007f66cc1cd000
RIP=0x00007f6724328fe6, EFLAGS=0x0000000000010282, CSGSFS=0x0000000000000033, ERR=0x0000000000000014
  TRAPNO=0x000000000000000e

Top of Stack: (sp=0x00007f66b55bc968)
0x00007f66b55bc968:   00007f66d23ed438 00007f66cc1ccd10
0x00007f66b55bc978:   00007f66cc1de1c0 00007f66a400d090
0x00007f66b55bc988:   00007f66cc1ccd38 0000000000192560
0x00007f66b55bc998:   00007f66cc1de258 00007f66cc1c47a8
0x00007f66b55bc9a8:   00007f66b55bc9f0 00007f66b55bc9e0
0x00007f66b55bc9b8:   0000000000000004 0000000000000000
0x00007f66b55bc9c8:   00007f66d23efc3b 00007f6723f17ceb
0x00007f66b55bc9d8:   00007f66d2135477 00007f663e1109b5
0x00007f66b55bc9e8:   00007f66d2134d8d 00000000000001c1
0x00007f66b55bc9f8:   00007f66cc1c47a8 00007f663e1109b5
0x00007f66b55bca08:   00007f66d2187a11 00000000000493e0
0x00007f66b55bca18:   00007f66cc1e4060 00007f66cc1e3400
0x00007f66b55bca28:   00007f66cc1de258 00007f66d21abf2e
0x00007f66b55bca38:   00007f66d218788f 00007f66cc1de1d0
0x00007f66b55bca48:   00007f66cc1de1d0 00007f66cc1de1c0
0x00007f66b55bca58:   00007f66cc1e4060 f1b0f0ca00000001
0x00007f66b55bca68:   0000000046cb4158 0000000000000000
0x00007f66b55bca78:   00007f66cc1e3400 00007f66cc1de258
0x00007f66b55bca88:   00007f66cc1de1d0 00007f66d21abf2e
0x00007f66b55bca98:   0000000000061a0c 00007f66cc1e3f20
0x00007f66b55bcaa8:   00007f66d21885f5 0000000000000004
0x00007f66b55bcab8:   00007f66d21a32e4 0000000000000004
0x00007f66b55bcac8:   00007f66d21abf2e 00007f66cc1de258
0x00007f66b55bcad8:   0000000000000000 0000000000c35074
0x00007f66b55bcae8:   000000000562f652 0000000000061a0c
0x00007f66b55bcaf8:   00007f66d2140109 0000000000c35074
0x00007f66b55bcb08:   00007f66d218e755 00007f66cc1e3f28
0x00007f66b55bcb18:   0000000000000000 00007f66cc1e3f20
0x00007f66b55bcb28:   00007f66d213c045 0000000000003059
0x00007f66b55bcb38:   3fc22136a9202b9c 00007f66a400e480
0x00007f66b55bcb48:   00007f66d214a465 00007f66a400e4f0
0x00007f66b55bcb58:   00007f66d214b6f1 00007f66a4c10138 

Instructions: (pc=0x00007f6724328fe6)
0x00007f6724328fc6:   
[error occurred during error reporting (printing registers, top of stack, instructions near pc), id 0xb]

Register to memory mapping:

RAX=0x0000000000000000 is an unknown value
RBX=0x0000000000000000 is an unknown value
RCX=0x00007f66cc1d8ca0 is an unknown value
RDX=0x00007f66cc1ccd10 is an unknown value
RSP=0x00007f66b55bc968 is an unknown value
RBP=0x00007f66b55bc9f0 is an unknown value
RSI=0x0000000000000000 is an unknown value
RDI=0x00007f66b55bc9f0 is an unknown value
R8 =0x0000000000000000 is an unknown value
R9 =0x0000000000000003 is an unknown value
R10=0x00007f66a400d090 is an unknown value
R11=0x00007f66a400d0b0 is an unknown value
R12=0x00007f66cc1cccf0 is an unknown value
R13=0x0000000000000001 is an unknown value
R14=0x00007f66a400d090 is an unknown value
R15=0x00007f66cc1cd000 is an unknown value


Stack: [0x00007f66b54bd000,0x00007f66b55be000],  sp=0x00007f66b55bc968,  free space=1022k
Native frames: (J=compiled Java code, j=interpreted, Vv=VM code, C=native code)
C  0x00007f6724328fe6


---------------  P R O C E S S  ---------------

VM state:not at safepoint (normal execution)

VM Mutex/Monitor currently owned by a thread: None

Heap:
 PSYoungGen      total 18432K, used 2289K [0x00000000ebe00000, 0x00000000ed280000, 0x0000000100000000)
  eden space 15872K, 2% used [0x00000000ebe00000,0x00000000ebe586b8,0x00000000ecd80000)
  from space 2560K, 75% used [0x00000000ed000000,0x00000000ed1e4020,0x00000000ed280000)
  to   space 2560K, 0% used [0x00000000ecd80000,0x00000000ecd80000,0x00000000ed000000)
 ParOldGen       total 42496K, used 32K [0x00000000c3a00000, 0x00000000c6380000, 0x00000000ebe00000)
  object space 42496K, 0% used [0x00000000c3a00000,0x00000000c3a08000,0x00000000c6380000)
 Metaspace       used 8431K, capacity 8682K, committed 8832K, reserved 1056768K
  class space    used 950K, capacity 1029K, committed 1152K, reserved 1048576K

Card table byte_map: [0x00007f6720e0e000,0x00007f6720ff2000] byte_map_base: 0x00007f67207f1000

Marking Bits: (ParMarkBitMap*) 0x00007f6723701020
 Begin Bits: [0x00007f66fe1d0000, 0x00007f66ff0e8000)
 End Bits:   [0x00007f66ff0e8000, 0x00007f6700000000)

Polling page: 0x00007f6724348000

CodeCache: size=245760Kb used=3422Kb max_used=3435Kb free=242337Kb
 bounds [0x00007f670d000000, 0x00007f670d360000, 0x00007f671c000000]
 total_blobs=1303 nmethods=875 adapters=342
 compilation: enabled

Compilation events (10 events):
Event: 17.134 Thread 0x00007f671c0bb000  874       3       com.sun.jna.Structure::autoWrite (45 bytes)
Event: 17.135 Thread 0x00007f671c0bb000 nmethod 874 0x00007f670d3580d0 code [0x00007f670d358260, 0x00007f670d3586f8]
Event: 17.148 Thread 0x00007f671c0b6000 nmethod 873 0x00007f670d35b210 code [0x00007f670d35b3a0, 0x00007f670d35baf0]
Event: 17.148 Thread 0x00007f671c0b6000  876   !   4       java.lang.ref.Finalizer::runFinalizer (62 bytes)
Event: 17.149 Thread 0x00007f671c0b9000 nmethod 872 0x00007f670d35bdd0 code [0x00007f670d35bf60, 0x00007f670d35c510]
Event: 17.149 Thread 0x00007f671c0b9000  877   !   4       java.lang.ref.Finalizer::remove (94 bytes)
Event: 17.151 Thread 0x00007f671c0b9000 nmethod 877 0x00007f670d359790 code [0x00007f670d359900, 0x00007f670d359bd8]
Event: 17.151 Thread 0x00007f671c0b9000  875       4       java.lang.ref.Finalizer::access$100 (6 bytes)
Event: 17.152 Thread 0x00007f671c0b6000 nmethod 876 0x00007f670d35c810 code [0x00007f670d35c9a0, 0x00007f670d35cf78]
Event: 17.155 Thread 0x00007f671c0b9000 nmethod 875 0x00007f670d35d290 code [0x00007f670d35d420, 0x00007f670d35d9f8]

GC Heap History (8 events):
Event: 4.678 GC heap before
{Heap before GC invocations=1 (full 0):
 PSYoungGen      total 18432K, used 15872K [0x00000000ebe00000, 0x00000000ed280000, 0x0000000100000000)
  eden space 15872K, 100% used [0x00000000ebe00000,0x00000000ecd80000,0x00000000ecd80000)
  from space 2560K, 0% used [0x00000000ed000000,0x00000000ed000000,0x00000000ed280000)
  to   space 2560K, 0% used [0x00000000ecd80000,0x00000000ecd80000,0x00000000ed000000)
 ParOldGen       total 42496K, used 0K [0x00000000c3a00000, 0x00000000c6380000, 0x00000000ebe00000)
  object space 42496K, 0% used [0x00000000c3a00000,0x00000000c3a00000,0x00000000c6380000)
 Metaspace       used 8137K, capacity 8310K, committed 8448K, reserved 1056768K
  class space    used 929K, capacity 999K, committed 1024K, reserved 1048576K
Event: 4.683 GC heap after
Heap after GC invocations=1 (full 0):
 PSYoungGen      total 18432K, used 2157K [0x00000000ebe00000, 0x00000000ed280000, 0x0000000100000000)
  eden space 15872K, 0% used [0x00000000ebe00000,0x00000000ebe00000,0x00000000ecd80000)
  from space 2560K, 84% used [0x00000000ecd80000,0x00000000ecf9b428,0x00000000ed000000)
  to   space 2560K, 0% used [0x00000000ed000000,0x00000000ed000000,0x00000000ed280000)
 ParOldGen       total 42496K, used 8K [0x00000000c3a00000, 0x00000000c6380000, 0x00000000ebe00000)
  object space 42496K, 0% used [0x00000000c3a00000,0x00000000c3a02000,0x00000000c6380000)
 Metaspace       used 8137K, capacity 8310K, committed 8448K, reserved 1056768K
  class space    used 929K, capacity 999K, committed 1024K, reserved 1048576K
}
Event: 9.322 GC heap before
{Heap before GC invocations=2 (full 0):
 PSYoungGen      total 18432K, used 18029K [0x00000000ebe00000, 0x00000000ed280000, 0x0000000100000000)
  eden space 15872K, 100% used [0x00000000ebe00000,0x00000000ecd80000,0x00000000ecd80000)
  from space 2560K, 84% used [0x00000000ecd80000,0x00000000ecf9b428,0x00000000ed000000)
  to   space 2560K, 0% used [0x00000000ed000000,0x00000000ed000000,0x00000000ed280000)
 ParOldGen       total 42496K, used 8K [0x00000000c3a00000, 0x00000000c6380000, 0x00000000ebe00000)
  object space 42496K, 0% used [0x00000000c3a00000,0x00000000c3a02000,0x00000000c6380000)
 Metaspace       used 8363K, capacity 8618K, committed 8832K, reserved 1056768K
  class space    used 949K, capacity 1029K, committed 1152K, reserved 1048576K
Event: 9.335 GC heap after
Heap after GC invocations=2 (full 0):
 PSYoungGen      total 18432K, used 1840K [0x00000000ebe00000, 0x00000000ed280000, 0x0000000100000000)
  eden space 15872K, 0% used [0x00000000ebe00000,0x00000000ebe00000,0x00000000ecd80000)
  from space 2560K, 71% used [0x00000000ed000000,0x00000000ed1cc010,0x00000000ed280000)
  to   space 2560K, 0% used [0x00000000ecd80000,0x00000000ecd80000,0x00000000ed000000)
 ParOldGen       total 42496K, used 16K [0x00000000c3a00000, 0x00000000c6380000, 0x00000000ebe00000)
  object space 42496K, 0% used [0x00000000c3a00000,0x00000000c3a04000,0x00000000c6380000)
 Metaspace       used 8363K, capacity 8618K, committed 8832K, reserved 1056768K
  class space    used 949K, capacity 1029K, committed 1152K, reserved 1048576K
}
Event: 11.683 GC heap before
{Heap before GC invocations=3 (full 0):
 PSYoungGen      total 18432K, used 17712K [0x00000000ebe00000, 0x00000000ed280000, 0x0000000100000000)
  eden space 15872K, 100% used [0x00000000ebe00000,0x00000000ecd80000,0x00000000ecd80000)
  from space 2560K, 71% used [0x00000000ed000000,0x00000000ed1cc010,0x00000000ed280000)
  to   space 2560K, 0% used [0x00000000ecd80000,0x00000000ecd80000,0x00000000ed000000)
 ParOldGen       total 42496K, used 16K [0x00000000c3a00000, 0x00000000c6380000, 0x00000000ebe00000)
  object space 42496K, 0% used [0x00000000c3a00000,0x00000000c3a04000,0x00000000c6380000)
 Metaspace       used 8398K, capacity 8618K, committed 8832K, reserved 1056768K
  class space    used 949K, capacity 1029K, committed 1152K, reserved 1048576K
Event: 11.688 GC heap after
Heap after GC invocations=3 (full 0):
 PSYoungGen      total 18432K, used 1840K [0x00000000ebe00000, 0x00000000ed280000, 0x0000000100000000)
  eden space 15872K, 0% used [0x00000000ebe00000,0x00000000ebe00000,0x00000000ecd80000)
  from space 2560K, 71% used [0x00000000ecd80000,0x00000000ecf4c010,0x00000000ed000000)
  to   space 2560K, 0% used [0x00000000ed000000,0x00000000ed000000,0x00000000ed280000)
 ParOldGen       total 42496K, used 24K [0x00000000c3a00000, 0x00000000c6380000, 0x00000000ebe00000)
  object space 42496K, 0% used [0x00000000c3a00000,0x00000000c3a06000,0x00000000c6380000)
 Metaspace       used 8398K, capacity 8618K, committed 8832K, reserved 1056768K
  class space    used 949K, capacity 1029K, committed 1152K, reserved 1048576K
}
Event: 17.121 GC heap before
{Heap before GC invocations=4 (full 0):
 PSYoungGen      total 18432K, used 17712K [0x00000000ebe00000, 0x00000000ed280000, 0x0000000100000000)
  eden space 15872K, 100% used [0x00000000ebe00000,0x00000000ecd80000,0x00000000ecd80000)
  from space 2560K, 71% used [0x00000000ecd80000,0x00000000ecf4c010,0x00000000ed000000)
  to   space 2560K, 0% used [0x00000000ed000000,0x00000000ed000000,0x00000000ed280000)
 ParOldGen       total 42496K, used 24K [0x00000000c3a00000, 0x00000000c6380000, 0x00000000ebe00000)
  object space 42496K, 0% used [0x00000000c3a00000,0x00000000c3a06000,0x00000000c6380000)
 Metaspace       used 8430K, capacity 8682K, committed 8832K, reserved 1056768K
  class space    used 950K, capacity 1029K, committed 1152K, reserved 1048576K
Event: 17.132 GC heap after
Heap after GC invocations=4 (full 0):
 PSYoungGen      total 18432K, used 1936K [0x00000000ebe00000, 0x00000000ed280000, 0x0000000100000000)
  eden space 15872K, 0% used [0x00000000ebe00000,0x00000000ebe00000,0x00000000ecd80000)
  from space 2560K, 75% used [0x00000000ed000000,0x00000000ed1e4020,0x00000000ed280000)
  to   space 2560K, 0% used [0x00000000ecd80000,0x00000000ecd80000,0x00000000ed000000)
 ParOldGen       total 42496K, used 32K [0x00000000c3a00000, 0x00000000c6380000, 0x00000000ebe00000)
  object space 42496K, 0% used [0x00000000c3a00000,0x00000000c3a08000,0x00000000c6380000)
 Metaspace       used 8430K, capacity 8682K, committed 8832K, reserved 1056768K
  class space    used 950K, capacity 1029K, committed 1152K, reserved 1048576K
}

Deoptimization events (4 events):
Event: 4.041 Thread 0x00007f671c0ee000 Uncommon trap: reason=unstable_if action=reinterpret pc=0x00007f670d16c314 method=java.lang.String.replace(CC)Ljava/lang/String; @ 26
Event: 4.684 Thread 0x00007f66a4c22800 Uncommon trap: reason=unstable_if action=reinterpret pc=0x00007f670d2652fc method=java.lang.ref.SoftReference.get()Ljava/lang/Object; @ 17
Event: 7.521 Thread 0x00007f6684c3f800 Uncommon trap: reason=null_check action=make_not_entrant pc=0x00007f670d2f28d0 method=com.sun.jna.Native.getNativeSize(Ljava/lang/Class;Ljava/lang/Object;)I @ 64
Event: 7.783 Thread 0x00007f66a4c51800 Uncommon trap: reason=null_check action=make_not_entrant pc=0x00007f670d2ef770 method=com.sun.jna.Native.getNativeSize(Ljava/lang/Class;)I @ 4

Internal exceptions (10 events):
Event: 3.662 Thread 0x00007f671c0ee000 Exception <a 'java/security/PrivilegedActionException'> (0x00000000ec003c90) thrown at [/HUDSON/workspace/8-2-build-linux-amd64/jdk8u66/4988/hotspot/src/share/vm/prims/jvm.cpp, line 1386]
Event: 3.662 Thread 0x00007f671c0ee000 Exception <a 'java/security/PrivilegedActionException'> (0x00000000ec003ea0) thrown at [/HUDSON/workspace/8-2-build-linux-amd64/jdk8u66/4988/hotspot/src/share/vm/prims/jvm.cpp, line 1386]
Event: 3.662 Thread 0x00007f671c0ee000 Exception <a 'java/security/PrivilegedActionException'> (0x00000000ec0062e0) thrown at [/HUDSON/workspace/8-2-build-linux-amd64/jdk8u66/4988/hotspot/src/share/vm/prims/jvm.cpp, line 1386]
Event: 3.662 Thread 0x00007f671c0ee000 Exception <a 'java/security/PrivilegedActionException'> (0x00000000ec0064f0) thrown at [/HUDSON/workspace/8-2-build-linux-amd64/jdk8u66/4988/hotspot/src/share/vm/prims/jvm.cpp, line 1386]
Event: 3.768 Thread 0x00007f671c0ee000 Exception <a 'java/lang/NoSuchFieldError': method resolution failed> (0x00000000ec102d58) thrown at [/HUDSON/workspace/8-2-build-linux-amd64/jdk8u66/4988/hotspot/src/share/vm/prims/methodHandles.cpp, line 1146]
Event: 3.785 Thread 0x00007f671c0ee000 Exception <a 'java/lang/NoSuchFieldError': method resolution failed> (0x00000000ec110158) thrown at [/HUDSON/workspace/8-2-build-linux-amd64/jdk8u66/4988/hotspot/src/share/vm/prims/methodHandles.cpp, line 1146]
Event: 3.847 Thread 0x00007f671c0ee000 Exception <a 'java/io/FileNotFoundException'> (0x00000000ec199b08) thrown at [/HUDSON/workspace/8-2-build-linux-amd64/jdk8u66/4988/hotspot/src/share/vm/prims/jni.cpp, line 709]
Event: 3.847 Thread 0x00007f671c0ee000 Exception <a 'java/io/FileNotFoundException'> (0x00000000ec19a4a8) thrown at [/HUDSON/workspace/8-2-build-linux-amd64/jdk8u66/4988/hotspot/src/share/vm/prims/jni.cpp, line 709]
Event: 4.116 Thread 0x00007f671c0ee000 Exception <a 'java/lang/UnsatisfiedLinkError': libvlc.so: cannot open shared object file: No such file or directory> (0x00000000ec4c2128) thrown at [/HUDSON/workspace/8-2-build-linux-amd64/jdk8u66/4988/hotspot/src/share/vm/prims/jni.cpp, line 735]
Event: 4.116 Thread 0x00007f671c0ee000 Exception <a 'java/lang/UnsatisfiedLinkError': libvlc.so: cannot open shared object file: No such file or directory> (0x00000000ec4c44c8) thrown at [/HUDSON/workspace/8-2-build-linux-amd64/jdk8u66/4988/hotspot/src/share/vm/prims/jni.cpp, line 735]

Events (10 events):
Event: 17.111 Thread 0x00007f666cc38800 Thread added: 0x00007f666cc38800
Event: 17.112 Thread 0x00007f666cc38800 Thread exited: 0x00007f666cc38800
Event: 17.112 Thread 0x00007f666cc38800 Thread added: 0x00007f666cc38800
Event: 17.113 Thread 0x00007f666cc38800 Thread exited: 0x00007f666cc38800
Event: 17.121 Thread 0x00007f6684c45000 Thread added: 0x00007f6684c45000
Event: 17.121 Executing VM operation: ParallelGCFailedAllocation
Event: 17.132 Executing VM operation: ParallelGCFailedAllocation done
Event: 17.133 Thread 0x00007f6684c45000 Thread exited: 0x00007f6684c45000
Event: 17.133 Thread 0x00007f6684c45000 Thread added: 0x00007f6684c45000
Event: 17.133 Thread 0x00007f6684c45000 Thread exited: 0x00007f6684c45000


Dynamic libraries:
00400000-00401000 r-xp 00000000 08:06 411928                             /usr/lib/jvm/java-8-oracle/bin/java
00600000-00601000 rw-p 00000000 08:06 411928                             /usr/lib/jvm/java-8-oracle/bin/java
015e9000-0162b000 rw-p 00000000 00:00 0                                  [heap]
c3a00000-c6380000 rw-p 00000000 00:00 0 
c6380000-ebe00000 ---p 00000000 00:00 0 
ebe00000-ed280000 rw-p 00000000 00:00 0 
ed280000-100000000 ---p 00000000 00:00 0 
100000000-100120000 rw-p 00000000 00:00 0 
100120000-140000000 ---p 00000000 00:00 0 
7f665ffff000-7f6664000000 rw-s 00000000 00:14 387730                     /run/shm/pulse-shm-3500656926
7f6664000000-7f6664058000 rw-p 00000000 00:00 0 
7f6664058000-7f6668000000 ---p 00000000 00:00 0 
7f666c000000-7f666cc42000 rw-p 00000000 00:00 0 
7f666cc42000-7f6670000000 ---p 00000000 00:00 0 
7f6673fff000-7f6678000000 rw-s 00000000 00:14 385655                     /run/shm/pulse-shm-3368044396
7f6678000000-7f6678c40000 rw-p 00000000 00:00 0 
7f6678c40000-7f667c000000 ---p 00000000 00:00 0 
7f667c000000-7f667cc43000 rw-p 00000000 00:00 0 
7f667cc43000-7f6680000000 ---p 00000000 00:00 0 
7f6680000000-7f6680021000 rw-p 00000000 00:00 0 
7f6680021000-7f6684000000 ---p 00000000 00:00 0 
7f6684000000-7f6684c6c000 rw-p 00000000 00:00 0 
7f6684c6c000-7f6688000000 ---p 00000000 00:00 0 
7f6688000000-7f6688c31000 rw-p 00000000 00:00 0 
7f6688c31000-7f668c000000 ---p 00000000 00:00 0 
7f668ffff000-7f6694000000 rw-s 00000000 00:14 387694                     /run/shm/pulse-shm-1477685673
7f6694000000-7f669403b000 rw-p 00000000 00:00 0 
7f669403b000-7f6698000000 ---p 00000000 00:00 0 
7f6698000000-7f6698021000 rw-p 00000000 00:00 0 
7f6698021000-7f669c000000 ---p 00000000 00:00 0 
7f669c000000-7f669c055000 rw-p 00000000 00:00 0 
7f669c055000-7f66a0000000 ---p 00000000 00:00 0 
7f66a11d6000-7f66a11d7000 ---p 00000000 00:00 0 
7f66a11d7000-7f66a12d7000 rw-p 00000000 00:00 0                          [stack:9158]
7f66a12d7000-7f66a12d8000 ---p 00000000 00:00 0 
7f66a12d8000-7f66a13d8000 rw-p 00000000 00:00 0                          [stack:9156]
7f66a13d8000-7f66a13db000 ---p 00000000 00:00 0 
7f66a13db000-7f66a14d9000 rw-p 00000000 00:00 0                          [stack:9155]
7f66a14d9000-7f66a14dc000 ---p 00000000 00:00 0 
7f66a14dc000-7f66a15da000 rw-p 00000000 00:00 0                          [stack:9154]
7f66a15da000-7f66a15db000 ---p 00000000 00:00 0 
7f66a15db000-7f66a16db000 rw-p 00000000 00:00 0                          [stack:9157]
7f66a16db000-7f66a16dc000 ---p 00000000 00:00 0 
7f66a16dc000-7f66a17dc000 rw-p 00000000 00:00 0                          [stack:9152]
7f66a17dc000-7f66a17dd000 ---p 00000000 00:00 0 
7f66a17dd000-7f66a1fdd000 rw-p 00000000 00:00 0                          [stack:9151]
7f66a1fdd000-7f66a1fde000 ---p 00000000 00:00 0 
7f66a1fde000-7f66a20de000 rw-p 00000000 00:00 0                          [stack:9150]
7f66a20de000-7f66a20df000 ---p 00000000 00:00 0 
7f66a20df000-7f66a21df000 rw-p 00000000 00:00 0                          [stack:9149]
7f66a21df000-7f66a21e0000 ---p 00000000 00:00 0 
7f66a21e0000-7f66a22e0000 rw-p 00000000 00:00 0                          [stack:9148]
7f66a22e0000-7f66a22e3000 ---p 00000000 00:00 0 
7f66a22e3000-7f66a23e1000 rw-p 00000000 00:00 0 
7f66a23e1000-7f66a23e4000 ---p 00000000 00:00 0 
7f66a23e4000-7f66a24e2000 rw-p 00000000 00:00 0                          [stack:9147]
7f66a24e2000-7f66a24e3000 ---p 00000000 00:00 0 
7f66a24e3000-7f66a2ce3000 rw-p 00000000 00:00 0                          [stack:9143]
7f66a2ce3000-7f66a2ce4000 ---p 00000000 00:00 0 
7f66a2ce4000-7f66a2de4000 rw-p 00000000 00:00 0                          [stack:9132]
7f66a2de4000-7f66a2de5000 ---p 00000000 00:00 0 
7f66a2de5000-7f66a2ee5000 rw-p 00000000 00:00 0                          [stack:9130]
7f66a2ee5000-7f66a2ee8000 ---p 00000000 00:00 0 
7f66a2ee8000-7f66a2fe6000 rw-p 00000000 00:00 0                          [stack:9129]
7f66a2fe6000-7f66a2fe9000 ---p 00000000 00:00 0 
7f66a2fe9000-7f66a30e7000 rw-p 00000000 00:00 0 
7f66a30e7000-7f66a30e8000 ---p 00000000 00:00 0 
7f66a30e8000-7f66a31e8000 rw-p 00000000 00:00 0                          [stack:9131]
7f66a31e8000-7f66a31e9000 ---p 00000000 00:00 0 
7f66a31e9000-7f66a39e9000 rw-p 00000000 00:00 0                          [stack:9125]
7f66a39e9000-7f66a39f2000 r-xp 00000000 08:06 412885                     /usr/lib/vlc/plugins/packetizer/libpacketizer_mpeg4audio_plugin.so
7f66a39f2000-7f66a3bf1000 ---p 00009000 08:06 412885                     /usr/lib/vlc/plugins/packetizer/libpacketizer_mpeg4audio_plugin.so
7f66a3bf1000-7f66a3bf2000 r--p 00008000 08:06 412885                     /usr/lib/vlc/plugins/packetizer/libpacketizer_mpeg4audio_plugin.so
7f66a3bf2000-7f66a3bf3000 rw-p 00009000 08:06 412885                     /usr/lib/vlc/plugins/packetizer/libpacketizer_mpeg4audio_plugin.so
7f66a3bf3000-7f66a3bfa000 r-xp 00000000 08:06 412882                     /usr/lib/vlc/plugins/packetizer/libpacketizer_vc1_plugin.so
7f66a3bfa000-7f66a3df9000 ---p 00007000 08:06 412882                     /usr/lib/vlc/plugins/packetizer/libpacketizer_vc1_plugin.so
7f66a3df9000-7f66a3dfa000 r--p 00006000 08:06 412882                     /usr/lib/vlc/plugins/packetizer/libpacketizer_vc1_plugin.so
7f66a3dfa000-7f66a3dfb000 rw-p 00007000 08:06 412882                     /usr/lib/vlc/plugins/packetizer/libpacketizer_vc1_plugin.so
7f66a3dfb000-7f66a3dff000 r-xp 00000000 08:06 412883                     /usr/lib/vlc/plugins/packetizer/libpacketizer_mpegvideo_plugin.so
7f66a3dff000-7f66a3ffe000 ---p 00004000 08:06 412883                     /usr/lib/vlc/plugins/packetizer/libpacketizer_mpegvideo_plugin.so
7f66a3ffe000-7f66a3fff000 r--p 00003000 08:06 412883                     /usr/lib/vlc/plugins/packetizer/libpacketizer_mpegvideo_plugin.so
7f66a3fff000-7f66a4000000 rw-p 00004000 08:06 412883                     /usr/lib/vlc/plugins/packetizer/libpacketizer_mpegvideo_plugin.so
7f66a4000000-7f66a4c65000 rw-p 00000000 00:00 0 
7f66a4c65000-7f66a8000000 ---p 00000000 00:00 0 
7f66a8000000-7f66a803c000 rw-p 00000000 00:00 0 
7f66a803c000-7f66ac000000 ---p 00000000 00:00 0 
7f66ac0c5000-7f66ac0c6000 ---p 00000000 00:00 0 
7f66ac0c6000-7f66ac1c6000 rw-p 00000000 00:00 0                          [stack:9126]
7f66ac1c6000-7f66ac1cc000 r-xp 00000000 08:06 412884                     /usr/lib/vlc/plugins/packetizer/libpacketizer_dirac_plugin.so
7f66ac1cc000-7f66ac3cb000 ---p 00006000 08:06 412884                     /usr/lib/vlc/plugins/packetizer/libpacketizer_dirac_plugin.so
7f66ac3cb000-7f66ac3cc000 r--p 00005000 08:06 412884                     /usr/lib/vlc/plugins/packetizer/libpacketizer_dirac_plugin.so
7f66ac3cc000-7f66ac3cd000 rw-p 00006000 08:06 412884                     /usr/lib/vlc/plugins/packetizer/libpacketizer_dirac_plugin.so
7f66ac3cd000-7f66ac3dc000 r-xp 00000000 08:06 412887                     /usr/lib/vlc/plugins/packetizer/libpacketizer_h264_plugin.so
7f66ac3dc000-7f66ac5db000 ---p 0000f000 08:06 412887                     /usr/lib/vlc/plugins/packetizer/libpacketizer_h264_plugin.so
7f66ac5db000-7f66ac5dc000 r--p 0000e000 08:06 412887                     /usr/lib/vlc/plugins/packetizer/libpacketizer_h264_plugin.so
7f66ac5dc000-7f66ac5dd000 rw-p 0000f000 08:06 412887                     /usr/lib/vlc/plugins/packetizer/libpacketizer_h264_plugin.so
7f66ac5dd000-7f66ac5e0000 r-xp 00000000 08:06 413073                     /usr/lib/vlc/plugins/codec/libspudec_plugin.so
7f66ac5e0000-7f66ac7df000 ---p 00003000 08:06 413073                     /usr/lib/vlc/plugins/codec/libspudec_plugin.so
7f66ac7df000-7f66ac7e0000 r--p 00002000 08:06 413073                     /usr/lib/vlc/plugins/codec/libspudec_plugin.so
7f66ac7e0000-7f66ac7e1000 rw-p 00003000 08:06 413073                     /usr/lib/vlc/plugins/codec/libspudec_plugin.so
7f66ac7e1000-7f66ac7e4000 r-xp 00000000 08:06 413077                     /usr/lib/vlc/plugins/codec/libcvdsub_plugin.so
7f66ac7e4000-7f66ac9e3000 ---p 00003000 08:06 413077                     /usr/lib/vlc/plugins/codec/libcvdsub_plugin.so
7f66ac9e3000-7f66ac9e4000 r--p 00002000 08:06 413077                     /usr/lib/vlc/plugins/codec/libcvdsub_plugin.so
7f66ac9e4000-7f66ac9e5000 rw-p 00003000 08:06 413077                     /usr/lib/vlc/plugins/codec/libcvdsub_plugin.so
7f66ac9e5000-7f66ac9e7000 r-xp 00000000 08:06 413062                     /usr/lib/vlc/plugins/codec/libsvcdsub_plugin.so
7f66ac9e7000-7f66acbe6000 ---p 00002000 08:06 413062                     /usr/lib/vlc/plugins/codec/libsvcdsub_plugin.so
7f66acbe6000-7f66acbe7000 r--p 00001000 08:06 413062                     /usr/lib/vlc/plugins/codec/libsvcdsub_plugin.so
7f66acbe7000-7f66acbe8000 rw-p 00002000 08:06 413062                     /usr/lib/vlc/plugins/codec/libsvcdsub_plugin.so
7f66acbe8000-7f66acbee000 r-xp 00000000 08:06 413075                     /usr/lib/vlc/plugins/codec/libvorbis_plugin.so
7f66acbee000-7f66acded000 ---p 00006000 08:06 413075                     /usr/lib/vlc/plugins/codec/libvorbis_plugin.so
7f66acded000-7f66acdee000 r--p 00005000 08:06 413075                     /usr/lib/vlc/plugins/codec/libvorbis_plugin.so
7f66acdee000-7f66acdef000 rw-p 00006000 08:06 413075                     /usr/lib/vlc/plugins/codec/libvorbis_plugin.so
7f66acdef000-7f66acdf3000 r-xp 00000000 08:06 413048                     /usr/lib/vlc/plugins/codec/liblpcm_plugin.so
7f66acdf3000-7f66acff2000 ---p 00004000 08:06 413048                     /usr/lib/vlc/plugins/codec/liblpcm_plugin.so
7f66acff2000-7f66acff3000 r--p 00003000 08:06 413048                     /usr/lib/vlc/plugins/codec/liblpcm_plugin.so
7f66acff3000-7f66acff4000 rw-p 00004000 08:06 413048                     /usr/lib/vlc/plugins/codec/liblpcm_plugin.so
7f66acff4000-7f66acff6000 r-xp 00000000 08:06 413086                     /usr/lib/vlc/plugins/codec/librawvideo_plugin.so
7f66acff6000-7f66ad1f5000 ---p 00002000 08:06 413086                     /usr/lib/vlc/plugins/codec/librawvideo_plugin.so
7f66ad1f5000-7f66ad1f6000 r--p 00001000 08:06 413086                     /usr/lib/vlc/plugins/codec/librawvideo_plugin.so
7f66ad1f6000-7f66ad1f7000 rw-p 00002000 08:06 413086                     /usr/lib/vlc/plugins/codec/librawvideo_plugin.so
7f66ad1f7000-7f66ad20e000 r-xp 00000000 08:06 530954                     /usr/lib/x86_64-linux-gnu/libspeex.so.1.5.0
7f66ad20e000-7f66ad40e000 ---p 00017000 08:06 530954                     /usr/lib/x86_64-linux-gnu/libspeex.so.1.5.0
7f66ad40e000-7f66ad40f000 r--p 00017000 08:06 530954                     /usr/lib/x86_64-linux-gnu/libspeex.so.1.5.0
7f66ad40f000-7f66ad410000 rw-p 00018000 08:06 530954                     /usr/lib/x86_64-linux-gnu/libspeex.so.1.5.0
7f66ad410000-7f66ad415000 r-xp 00000000 08:06 413052                     /usr/lib/vlc/plugins/codec/libspeex_plugin.so
7f66ad415000-7f66ad614000 ---p 00005000 08:06 413052                     /usr/lib/vlc/plugins/codec/libspeex_plugin.so
7f66ad614000-7f66ad615000 r--p 00004000 08:06 413052                     /usr/lib/vlc/plugins/codec/libspeex_plugin.so
7f66ad615000-7f66ad616000 rw-p 00005000 08:06 413052                     /usr/lib/vlc/plugins/codec/libspeex_plugin.so
7f66ad616000-7f66ad62e000 r-xp 00000000 08:06 530994                     /usr/lib/x86_64-linux-gnu/libtheoradec.so.1.1.4
7f66ad62e000-7f66ad82d000 ---p 00018000 08:06 530994                     /usr/lib/x86_64-linux-gnu/libtheoradec.so.1.1.4
7f66ad82d000-7f66ad82e000 r--p 00017000 08:06 530994                     /usr/lib/x86_64-linux-gnu/libtheoradec.so.1.1.4
7f66ad82e000-7f66ad82f000 rw-p 00018000 08:06 530994                     /usr/lib/x86_64-linux-gnu/libtheoradec.so.1.1.4
7f66ad82f000-7f66ad86e000 r-xp 00000000 08:06 530996                     /usr/lib/x86_64-linux-gnu/libtheoraenc.so.1.1.2
7f66ad86e000-7f66ada6d000 ---p 0003f000 08:06 530996                     /usr/lib/x86_64-linux-gnu/libtheoraenc.so.1.1.2
7f66ada6d000-7f66ada6e000 r--p 0003e000 08:06 530996                     /usr/lib/x86_64-linux-gnu/libtheoraenc.so.1.1.2
7f66ada6e000-7f66ada6f000 rw-p 0003f000 08:06 530996                     /usr/lib/x86_64-linux-gnu/libtheoraenc.so.1.1.2
7f66ada6f000-7f66ada74000 r-xp 00000000 08:06 413072                     /usr/lib/vlc/plugins/codec/libtheora_plugin.so
7f66ada74000-7f66adc73000 ---p 00005000 08:06 413072                     /usr/lib/vlc/plugins/codec/libtheora_plugin.so
7f66adc73000-7f66adc74000 r--p 00004000 08:06 413072                     /usr/lib/vlc/plugins/codec/libtheora_plugin.so
7f66adc74000-7f66adc75000 rw-p 00005000 08:06 413072                     /usr/lib/vlc/plugins/codec/libtheora_plugin.so
7f66adc75000-7f66adc77000 r-xp 00000000 08:06 413057                     /usr/lib/vlc/plugins/codec/libaes3_plugin.so
7f66adc77000-7f66ade76000 ---p 00002000 08:06 413057                     /usr/lib/vlc/plugins/codec/libaes3_plugin.so
7f66ade76000-7f66ade77000 r--p 00001000 08:06 413057                     /usr/lib/vlc/plugins/codec/libaes3_plugin.so
7f66ade77000-7f66ade78000 rw-p 00002000 08:06 413057                     /usr/lib/vlc/plugins/codec/libaes3_plugin.so
7f66ade78000-7f66ade94000 r-xp 00000000 08:06 534371                     /usr/lib/x86_64-linux-gnu/libdvdread.so.4.1.2
7f66ade94000-7f66ae093000 ---p 0001c000 08:06 534371                     /usr/lib/x86_64-linux-gnu/libdvdread.so.4.1.2
7f66ae093000-7f66ae094000 r--p 0001b000 08:06 534371                     /usr/lib/x86_64-linux-gnu/libdvdread.so.4.1.2
7f66ae094000-7f66ae095000 rw-p 0001c000 08:06 534371                     /usr/lib/x86_64-linux-gnu/libdvdread.so.4.1.2
7f66ae095000-7f66ae0a8000 r-xp 00000000 08:06 534374                     /usr/lib/x86_64-linux-gnu/libdvdnav.so.4.1.2
7f66ae0a8000-7f66ae2a7000 ---p 00013000 08:06 534374                     /usr/lib/x86_64-linux-gnu/libdvdnav.so.4.1.2
7f66ae2a7000-7f66ae2a8000 r--p 00012000 08:06 534374                     /usr/lib/x86_64-linux-gnu/libdvdnav.so.4.1.2
7f66ae2a8000-7f66ae2a9000 rw-p 00013000 08:06 534374                     /usr/lib/x86_64-linux-gnu/libdvdnav.so.4.1.2
7f66ae2a9000-7f66ae2b3000 r-xp 00000000 08:06 412999                     /usr/lib/vlc/plugins/access/libdvdnav_plugin.so
7f66ae2b3000-7f66ae4b2000 ---p 0000a000 08:06 412999                     /usr/lib/vlc/plugins/access/libdvdnav_plugin.so
7f66ae4b2000-7f66ae4b4000 r--p 00009000 08:06 412999                     /usr/lib/vlc/plugins/access/libdvdnav_plugin.so
7f66ae4b4000-7f66ae4b5000 rw-p 0000b000 08:06 412999                     /usr/lib/vlc/plugins/access/libdvdnav_plugin.so
7f66ae4b5000-7f66ae4c8000 r-xp 00000000 08:06 412996                     /usr/lib/vlc/plugins/access/libaccess_bd_plugin.so
7f66ae4c8000-7f66ae6c7000 ---p 00013000 08:06 412996                     /usr/lib/vlc/plugins/access/libaccess_bd_plugin.so
7f66ae6c7000-7f66ae6c8000 r--p 00012000 08:06 412996                     /usr/lib/vlc/plugins/access/libaccess_bd_plugin.so
7f66ae6c8000-7f66ae6c9000 rw-p 00013000 08:06 412996                     /usr/lib/vlc/plugins/access/libaccess_bd_plugin.so
7f66ae6c9000-7f66ae6ea000 r-xp 00000000 08:06 265587                     /lib/x86_64-linux-gnu/liblzma.so.5.0.0
7f66ae6ea000-7f66ae8e9000 ---p 00021000 08:06 265587                     /lib/x86_64-linux-gnu/liblzma.so.5.0.0
7f66ae8e9000-7f66ae8ea000 r--p 00020000 08:06 265587                     /lib/x86_64-linux-gnu/liblzma.so.5.0.0
7f66ae8ea000-7f66ae8eb000 rw-p 00021000 08:06 265587                     /lib/x86_64-linux-gnu/liblzma.so.5.0.0
7f66ae8eb000-7f66aea47000 r-xp 00000000 08:06 522930                     /usr/lib/x86_64-linux-gnu/libxml2.so.2.9.1
7f66aea47000-7f66aec46000 ---p 0015c000 08:06 522930                     /usr/lib/x86_64-linux-gnu/libxml2.so.2.9.1
7f66aec46000-7f66aec4e000 r--p 0015b000 08:06 522930                     /usr/lib/x86_64-linux-gnu/libxml2.so.2.9.1
7f66aec4e000-7f66aec50000 rw-p 00163000 08:06 522930                     /usr/lib/x86_64-linux-gnu/libxml2.so.2.9.1
7f66aec50000-7f66aec51000 rw-p 00000000 00:00 0 
7f66aec51000-7f66aec89000 r-xp 00000000 08:06 546064                     /usr/lib/x86_64-linux-gnu/libbluray.so.1.5.0
7f66aec89000-7f66aee88000 ---p 00038000 08:06 546064                     /usr/lib/x86_64-linux-gnu/libbluray.so.1.5.0
7f66aee88000-7f66aee8a000 r--p 00037000 08:06 546064                     /usr/lib/x86_64-linux-gnu/libbluray.so.1.5.0
7f66aee8a000-7f66aee8b000 rw-p 00039000 08:06 546064                     /usr/lib/x86_64-linux-gnu/libbluray.so.1.5.0
7f66aee8b000-7f66aeeba000 r-xp 00000000 08:06 530691                     /usr/lib/x86_64-linux-gnu/liblua5.2.so.0.0.0
7f66aeeba000-7f66af0b9000 ---p 0002f000 08:06 530691                     /usr/lib/x86_64-linux-gnu/liblua5.2.so.0.0.0
7f66af0b9000-7f66af0bb000 r--p 0002e000 08:06 530691                     /usr/lib/x86_64-linux-gnu/liblua5.2.so.0.0.0
7f66af0bb000-7f66af0bc000 rw-p 00030000 08:06 530691                     /usr/lib/x86_64-linux-gnu/liblua5.2.so.0.0.0
7f66af0bc000-7f66af0e1000 r-xp 00000000 08:06 412769                     /usr/lib/vlc/plugins/lua/liblua_plugin.so
7f66af0e1000-7f66af2e0000 ---p 00025000 08:06 412769                     /usr/lib/vlc/plugins/lua/liblua_plugin.so
7f66af2e0000-7f66af2e2000 r--p 00024000 08:06 412769                     /usr/lib/vlc/plugins/lua/liblua_plugin.so
7f66af2e2000-7f66af2e3000 rw-p 00026000 08:06 412769                     /usr/lib/vlc/plugins/lua/liblua_plugin.so
7f66af2e3000-7f66af3b4000 r-xp 00000000 08:06 530970                     /usr/lib/x86_64-linux-gnu/libtag.so.1.14.0
7f66af3b4000-7f66af5b4000 ---p 000d1000 08:06 530970                     /usr/lib/x86_64-linux-gnu/libtag.so.1.14.0
7f66af5b4000-7f66af5b9000 r--p 000d1000 08:06 530970                     /usr/lib/x86_64-linux-gnu/libtag.so.1.14.0
7f66af5b9000-7f66af5ba000 rw-p 000d6000 08:06 530970                     /usr/lib/x86_64-linux-gnu/libtag.so.1.14.0
7f66af5ba000-7f66af5ca000 r-xp 00000000 08:06 412976                     /usr/lib/vlc/plugins/meta_engine/libtaglib_plugin.so
7f66af5ca000-7f66af7ca000 ---p 00010000 08:06 412976                     /usr/lib/vlc/plugins/meta_engine/libtaglib_plugin.so
7f66af7ca000-7f66af7cb000 r--p 00010000 08:06 412976                     /usr/lib/vlc/plugins/meta_engine/libtaglib_plugin.so
7f66af7cb000-7f66af7cc000 rw-p 00011000 08:06 412976                     /usr/lib/vlc/plugins/meta_engine/libtaglib_plugin.so
7f66af7cc000-7f66af7ed000 r-xp 00000000 08:06 412824                     /usr/lib/vlc/plugins/demux/libmp4_plugin.so
7f66af7ed000-7f66af9ed000 ---p 00021000 08:06 412824                     /usr/lib/vlc/plugins/demux/libmp4_plugin.so
7f66af9ed000-7f66af9ef000 r--p 00021000 08:06 412824                     /usr/lib/vlc/plugins/demux/libmp4_plugin.so
7f66af9ef000-7f66af9f0000 rw-p 00023000 08:06 412824                     /usr/lib/vlc/plugins/demux/libmp4_plugin.so
7f66af9f0000-7f66af9f2000 r-xp 00000000 08:06 413046                     /usr/lib/vlc/plugins/stream_filter/librecord_plugin.so
7f66af9f2000-7f66afbf1000 ---p 00002000 08:06 413046                     /usr/lib/vlc/plugins/stream_filter/librecord_plugin.so
7f66afbf1000-7f66afbf2000 r--p 00001000 08:06 413046                     /usr/lib/vlc/plugins/stream_filter/librecord_plugin.so
7f66afbf2000-7f66afbf3000 rw-p 00002000 08:06 413046                     /usr/lib/vlc/plugins/stream_filter/librecord_plugin.so
7f66afbf3000-7f66afbf6000 r-xp 00000000 08:06 413006                     /usr/lib/vlc/plugins/access/libstream_filter_rar_plugin.so
7f66afbf6000-7f66afdf5000 ---p 00003000 08:06 413006                     /usr/lib/vlc/plugins/access/libstream_filter_rar_plugin.so
7f66afdf5000-7f66afdf6000 r--p 00002000 08:06 413006                     /usr/lib/vlc/plugins/access/libstream_filter_rar_plugin.so
7f66afdf6000-7f66afdf7000 rw-p 00003000 08:06 413006                     /usr/lib/vlc/plugins/access/libstream_filter_rar_plugin.so
7f66afdf7000-7f66afdfe000 r-xp 00000000 08:06 413001                     /usr/lib/vlc/plugins/access/libzip_plugin.so
7f66afdfe000-7f66afffe000 ---p 00007000 08:06 413001                     /usr/lib/vlc/plugins/access/libzip_plugin.so
7f66afffe000-7f66affff000 r--p 00007000 08:06 413001                     /usr/lib/vlc/plugins/access/libzip_plugin.so
7f66affff000-7f66b0000000 rw-p 00008000 08:06 413001                     /usr/lib/vlc/plugins/access/libzip_plugin.so
7f66b0000000-7f66b0021000 rw-p 00000000 00:00 0 
7f66b0021000-7f66b4000000 ---p 00000000 00:00 0 
7f66b407a000-7f66b407b000 ---p 00000000 00:00 0 
7f66b407b000-7f66b417b000 rw-p 00000000 00:00 0                          [stack:9124]
7f66b417b000-7f66b41a3000 r-xp 00000000 08:06 413045                     /usr/lib/vlc/plugins/stream_filter/libdash_plugin.so
7f66b41a3000-7f66b43a2000 ---p 00028000 08:06 413045                     /usr/lib/vlc/plugins/stream_filter/libdash_plugin.so
7f66b43a2000-7f66b43a4000 r--p 00027000 08:06 413045                     /usr/lib/vlc/plugins/stream_filter/libdash_plugin.so
7f66b43a4000-7f66b43a5000 rw-p 00029000 08:06 413045                     /usr/lib/vlc/plugins/stream_filter/libdash_plugin.so
7f66b43a5000-7f66b43a8000 r-xp 00000000 08:06 413042                     /usr/lib/vlc/plugins/stream_filter/libdecomp_plugin.so
7f66b43a8000-7f66b45a7000 ---p 00003000 08:06 413042                     /usr/lib/vlc/plugins/stream_filter/libdecomp_plugin.so
7f66b45a7000-7f66b45a8000 r--p 00002000 08:06 413042                     /usr/lib/vlc/plugins/stream_filter/libdecomp_plugin.so
7f66b45a8000-7f66b45a9000 rw-p 00003000 08:06 413042                     /usr/lib/vlc/plugins/stream_filter/libdecomp_plugin.so
7f66b45a9000-7f66b45b3000 r-xp 00000000 08:06 413044                     /usr/lib/vlc/plugins/stream_filter/libhttplive_plugin.so
7f66b45b3000-7f66b47b2000 ---p 0000a000 08:06 413044                     /usr/lib/vlc/plugins/stream_filter/libhttplive_plugin.so
7f66b47b2000-7f66b47b3000 r--p 00009000 08:06 413044                     /usr/lib/vlc/plugins/stream_filter/libhttplive_plugin.so
7f66b47b3000-7f66b47b4000 rw-p 0000a000 08:06 413044                     /usr/lib/vlc/plugins/stream_filter/libhttplive_plugin.so
7f66b47b4000-7f66b47bc000 r-xp 00000000 08:06 413043                     /usr/lib/vlc/plugins/stream_filter/libsmooth_plugin.so
7f66b47bc000-7f66b49bb000 ---p 00008000 08:06 413043                     /usr/lib/vlc/plugins/stream_filter/libsmooth_plugin.so
7f66b49bb000-7f66b49bc000 r--p 00007000 08:06 413043                     /usr/lib/vlc/plugins/stream_filter/libsmooth_plugin.so
7f66b49bc000-7f66b49bd000 rw-p 00008000 08:06 413043                     /usr/lib/vlc/plugins/stream_filter/libsmooth_plugin.so
7f66b4a6f000-7f66b4a70000 ---p 00000000 00:00 0 
7f66b4a70000-7f66b4b70000 rw-p 00000000 00:00 0                          [stack:9123]
7f66b4b70000-7f66b4b76000 r-xp 00000000 08:06 412982                     /usr/lib/vlc/plugins/access/liblibbluray_plugin.so
7f66b4b76000-7f66b4d75000 ---p 00006000 08:06 412982                     /usr/lib/vlc/plugins/access/liblibbluray_plugin.so
7f66b4d75000-7f66b4d76000 r--p 00005000 08:06 412982                     /usr/lib/vlc/plugins/access/liblibbluray_plugin.so
7f66b4d76000-7f66b4d77000 rw-p 00006000 08:06 412982                     /usr/lib/vlc/plugins/access/liblibbluray_plugin.so
7f66b4d77000-7f66b4d78000 ---p 00000000 00:00 0 
7f66b4d78000-7f66b4e78000 rw-p 00000000 00:00 0                          [stack:9122]
7f66b4e78000-7f66b4e92000 r-xp 00000000 08:06 546068                     /usr/lib/x86_64-linux-gnu/libdvbpsi.so.8.0.0
7f66b4e92000-7f66b5091000 ---p 0001a000 08:06 546068                     /usr/lib/x86_64-linux-gnu/libdvbpsi.so.8.0.0
7f66b5091000-7f66b5092000 r--p 00019000 08:06 546068                     /usr/lib/x86_64-linux-gnu/libdvbpsi.so.8.0.0
7f66b5092000-7f66b5093000 rw-p 0001a000 08:06 546068                     /usr/lib/x86_64-linux-gnu/libdvbpsi.so.8.0.0
7f66b5093000-7f66b50a6000 r-xp 00000000 08:06 413029                     /usr/lib/vlc/plugins/mux/libmux_ts_plugin.so
7f66b50a6000-7f66b52a5000 ---p 00013000 08:06 413029                     /usr/lib/vlc/plugins/mux/libmux_ts_plugin.so
7f66b52a5000-7f66b52a6000 r--p 00012000 08:06 413029                     /usr/lib/vlc/plugins/mux/libmux_ts_plugin.so
7f66b52a6000-7f66b52a7000 rw-p 00013000 08:06 413029                     /usr/lib/vlc/plugins/mux/libmux_ts_plugin.so
7f66b52a7000-7f66b52bc000 r-xp 00000000 08:06 412901                     /usr/lib/vlc/plugins/stream_out/libstream_out_rtp_plugin.so
7f66b52bc000-7f66b54bb000 ---p 00015000 08:06 412901                     /usr/lib/vlc/plugins/stream_out/libstream_out_rtp_plugin.so
7f66b54bb000-7f66b54bc000 r--p 00014000 08:06 412901                     /usr/lib/vlc/plugins/stream_out/libstream_out_rtp_plugin.so
7f66b54bc000-7f66b54bd000 rw-p 00015000 08:06 412901                     /usr/lib/vlc/plugins/stream_out/libstream_out_rtp_plugin.so
7f66b54bd000-7f66b54c0000 ---p 00000000 00:00 0 
7f66b54c0000-7f66b55be000 rw-p 00000000 00:00 0                          [stack:9121]
7f66b55be000-7f66b55c2000 r-xp 00000000 08:06 413010                     /usr/lib/vlc/plugins/access/libfilesystem_plugin.so
7f66b55c2000-7f66b57c1000 ---p 00004000 08:06 413010                     /usr/lib/vlc/plugins/access/libfilesystem_plugin.so
7f66b57c1000-7f66b57c2000 r--p 00003000 08:06 413010                     /usr/lib/vlc/plugins/access/libfilesystem_plugin.so
7f66b57c2000-7f66b57c3000 rw-p 00004000 08:06 413010                     /usr/lib/vlc/plugins/access/libfilesystem_plugin.so
7f66b57c3000-7f66b57c7000 r-xp 00000000 08:06 412985                     /usr/lib/vlc/plugins/access/libaccess_vdr_plugin.so
7f66b57c7000-7f66b59c7000 ---p 00004000 08:06 412985                     /usr/lib/vlc/plugins/access/libaccess_vdr_plugin.so
7f66b59c7000-7f66b59c8000 r--p 00004000 08:06 412985                     /usr/lib/vlc/plugins/access/libaccess_vdr_plugin.so
7f66b59c8000-7f66b59c9000 rw-p 00005000 08:06 412985                     /usr/lib/vlc/plugins/access/libaccess_vdr_plugin.so
7f66b59c9000-7f66b59cc000 ---p 00000000 00:00 0 
7f66b59cc000-7f66b5aca000 rw-p 00000000 00:00 0                          [stack:9144]
7f66b5aca000-7f66b5acb000 ---p 00000000 00:00 0 
7f66b5acb000-7f66b5bcb000 rw-p 00000000 00:00 0                          [stack:9115]
7f66b5bcb000-7f66b9bcc000 rw-s 00000000 00:14 386491                     /run/shm/pulse-shm-1472038633
7f66b9bcc000-7f66b9bcd000 ---p 00000000 00:00 0 
7f66b9bcd000-7f66ba3cd000 rw-p 00000000 00:00 0                          [stack:9114]
7f66ba3cd000-7f66ba3d3000 r-xp 00000000 08:06 413128                     /usr/lib/vlc/plugins/audio_output/libpulse_plugin.so
7f66ba3d3000-7f66ba5d2000 ---p 00006000 08:06 413128                     /usr/lib/vlc/plugins/audio_output/libpulse_plugin.so
7f66ba5d2000-7f66ba5d3000 r--p 00005000 08:06 413128                     /usr/lib/vlc/plugins/audio_output/libpulse_plugin.so
7f66ba5d3000-7f66ba5d4000 rw-p 00006000 08:06 413128                     /usr/lib/vlc/plugins/audio_output/libpulse_plugin.so
7f66ba5d4000-7f66ba5d8000 r-xp 00000000 08:06 265517                     /lib/x86_64-linux-gnu/libuuid.so.1.3.0
7f66ba5d8000-7f66ba7d7000 ---p 00004000 08:06 265517                     /lib/x86_64-linux-gnu/libuuid.so.1.3.0
7f66ba7d7000-7f66ba7d8000 r--p 00003000 08:06 265517                     /lib/x86_64-linux-gnu/libuuid.so.1.3.0
7f66ba7d8000-7f66ba7d9000 rw-p 00004000 08:06 265517                     /lib/x86_64-linux-gnu/libuuid.so.1.3.0
7f66ba7d9000-7f66ba7e0000 r-xp 00000000 08:06 533781                     /usr/lib/x86_64-linux-gnu/libffi.so.6.0.1
7f66ba7e0000-7f66ba9df000 ---p 00007000 08:06 533781                     /usr/lib/x86_64-linux-gnu/libffi.so.6.0.1
7f66ba9df000-7f66ba9e0000 r--p 00006000 08:06 533781                     /usr/lib/x86_64-linux-gnu/libffi.so.6.0.1
7f66ba9e0000-7f66ba9e1000 rw-p 00007000 08:06 533781                     /usr/lib/x86_64-linux-gnu/libffi.so.6.0.1
7f66ba9e1000-7f66baa1e000 r-xp 00000000 08:06 265436                     /lib/x86_64-linux-gnu/libpcre.so.3.13.1
7f66baa1e000-7f66bac1d000 ---p 0003d000 08:06 265436                     /lib/x86_64-linux-gnu/libpcre.so.3.13.1
7f66bac1d000-7f66bac1e000 r--p 0003c000 08:06 265436                     /lib/x86_64-linux-gnu/libpcre.so.3.13.1
7f66bac1e000-7f66bac1f000 rw-p 0003d000 08:06 265436                     /lib/x86_64-linux-gnu/libpcre.so.3.13.1
7f66bac1f000-7f66bac7e000 r-xp 00000000 08:06 530103                     /usr/lib/x86_64-linux-gnu/libXt.so.6.0.0
7f66bac7e000-7f66bae7e000 ---p 0005f000 08:06 530103                     /usr/lib/x86_64-linux-gnu/libXt.so.6.0.0
7f66bae7e000-7f66bae7f000 r--p 0005f000 08:06 530103                     /usr/lib/x86_64-linux-gnu/libXt.so.6.0.0
7f66bae7f000-7f66bae84000 rw-p 00060000 08:06 530103                     /usr/lib/x86_64-linux-gnu/libXt.so.6.0.0
7f66bae84000-7f66bae85000 rw-p 00000000 00:00 0 
7f66bae85000-7f66baeac000 r-xp 00000000 08:06 265110                     /lib/x86_64-linux-gnu/libexpat.so.1.6.0
7f66baeac000-7f66bb0ac000 ---p 00027000 08:06 265110                     /lib/x86_64-linux-gnu/libexpat.so.1.6.0
7f66bb0ac000-7f66bb0ae000 r--p 00027000 08:06 265110                     /lib/x86_64-linux-gnu/libexpat.so.1.6.0
7f66bb0ae000-7f66bb0af000 rw-p 00029000 08:06 265110                     /lib/x86_64-linux-gnu/libexpat.so.1.6.0
7f66bb0af000-7f66bb0c6000 r-xp 00000000 08:06 529934                     /usr/lib/x86_64-linux-gnu/libICE.so.6.3.0
7f66bb0c6000-7f66bb2c5000 ---p 00017000 08:06 529934                     /usr/lib/x86_64-linux-gnu/libICE.so.6.3.0
7f66bb2c5000-7f66bb2c6000 r--p 00016000 08:06 529934                     /usr/lib/x86_64-linux-gnu/libICE.so.6.3.0
7f66bb2c6000-7f66bb2c7000 rw-p 00017000 08:06 529934                     /usr/lib/x86_64-linux-gnu/libICE.so.6.3.0
7f66bb2c7000-7f66bb2cb000 rw-p 00000000 00:00 0 
7f66bb2cb000-7f66bb2d2000 r-xp 00000000 08:06 530056                     /usr/lib/x86_64-linux-gnu/libSM.so.6.0.1
7f66bb2d2000-7f66bb4d1000 ---p 00007000 08:06 530056                     /usr/lib/x86_64-linux-gnu/libSM.so.6.0.1
7f66bb4d1000-7f66bb4d2000 r--p 00006000 08:06 530056                     /usr/lib/x86_64-linux-gnu/libSM.so.6.0.1
7f66bb4d2000-7f66bb4d3000 rw-p 00007000 08:06 530056                     /usr/lib/x86_64-linux-gnu/libSM.so.6.0.1
7f66bb4d3000-7f66bb522000 r-xp 00000000 08:06 530475                     /usr/lib/x86_64-linux-gnu/libgobject-2.0.so.0.4002.0
7f66bb522000-7f66bb722000 ---p 0004f000 08:06 530475                     /usr/lib/x86_64-linux-gnu/libgobject-2.0.so.0.4002.0
7f66bb722000-7f66bb723000 r--p 0004f000 08:06 530475                     /usr/lib/x86_64-linux-gnu/libgobject-2.0.so.0.4002.0
7f66bb723000-7f66bb724000 rw-p 00050000 08:06 530475                     /usr/lib/x86_64-linux-gnu/libgobject-2.0.so.0.4002.0
7f66bb724000-7f66bb7c1000 r-xp 00000000 08:06 539648                     /usr/lib/x86_64-linux-gnu/libfreetype.so.6.11.1
7f66bb7c1000-7f66bb9c0000 ---p 0009d000 08:06 539648                     /usr/lib/x86_64-linux-gnu/libfreetype.so.6.11.1
7f66bb9c0000-7f66bb9c6000 r--p 0009c000 08:06 539648                     /usr/lib/x86_64-linux-gnu/libfreetype.so.6.11.1
7f66bb9c6000-7f66bb9c7000 rw-p 000a2000 08:06 539648                     /usr/lib/x86_64-linux-gnu/libfreetype.so.6.11.1
7f66bb9c7000-7f66bb9df000 r-xp 00000000 08:06 265703                     /lib/x86_64-linux-gnu/libz.so.1.2.8
7f66bb9df000-7f66bbbde000 ---p 00018000 08:06 265703                     /lib/x86_64-linux-gnu/libz.so.1.2.8
7f66bbbde000-7f66bbbdf000 r--p 00017000 08:06 265703                     /lib/x86_64-linux-gnu/libz.so.1.2.8
7f66bbbdf000-7f66bbbe0000 rw-p 00018000 08:06 265703                     /lib/x86_64-linux-gnu/libz.so.1.2.8
7f66bbbe0000-7f66bbc05000 r-xp 00000000 08:06 265552                     /lib/x86_64-linux-gnu/libpng12.so.0.50.0
7f66bbc05000-7f66bbe04000 ---p 00025000 08:06 265552                     /lib/x86_64-linux-gnu/libpng12.so.0.50.0
7f66bbe04000-7f66bbe05000 r--p 00024000 08:06 265552                     /lib/x86_64-linux-gnu/libpng12.so.0.50.0
7f66bbe05000-7f66bbe06000 rw-p 00025000 08:06 265552                     /lib/x86_64-linux-gnu/libpng12.so.0.50.0
7f66bbe06000-7f66bbf0c000 r-xp 00000000 08:06 265571                     /lib/x86_64-linux-gnu/libglib-2.0.so.0.4002.0
7f66bbf0c000-7f66bc10b000 ---p 00106000 08:06 265571                     /lib/x86_64-linux-gnu/libglib-2.0.so.0.4002.0
7f66bc10b000-7f66bc10c000 r--p 00105000 08:06 265571                     /lib/x86_64-linux-gnu/libglib-2.0.so.0.4002.0
7f66bc10c000-7f66bc10d000 rw-p 00106000 08:06 265571                     /lib/x86_64-linux-gnu/libglib-2.0.so.0.4002.0
7f66bc10d000-7f66bc10e000 rw-p 00000000 00:00 0 
7f66bc10e000-7f66bc125000 r-xp 00000000 08:06 530166                     /usr/lib/x86_64-linux-gnu/libaudio.so.2.4
7f66bc125000-7f66bc324000 ---p 00017000 08:06 530166                     /usr/lib/x86_64-linux-gnu/libaudio.so.2.4
7f66bc324000-7f66bc325000 r--p 00016000 08:06 530166                     /usr/lib/x86_64-linux-gnu/libaudio.so.2.4
7f66bc325000-7f66bc326000 rw-p 00017000 08:06 530166                     /usr/lib/x86_64-linux-gnu/libaudio.so.2.4
7f66bc326000-7f66bc360000 r-xp 00000000 08:06 530360                     /usr/lib/x86_64-linux-gnu/libfontconfig.so.1.8.0
7f66bc360000-7f66bc55f000 ---p 0003a000 08:06 530360                     /usr/lib/x86_64-linux-gnu/libfontconfig.so.1.8.0
7f66bc55f000-7f66bc561000 r--p 00039000 08:06 530360                     /usr/lib/x86_64-linux-gnu/libfontconfig.so.1.8.0
7f66bc561000-7f66bc562000 rw-p 0003b000 08:06 530360                     /usr/lib/x86_64-linux-gnu/libfontconfig.so.1.8.0
7f66bc562000-7f66bcfc8000 r-xp 00000000 08:06 522879                     /usr/lib/x86_64-linux-gnu/libQtGui.so.4.8.6
7f66bcfc8000-7f66bd1c8000 ---p 00a66000 08:06 522879                     /usr/lib/x86_64-linux-gnu/libQtGui.so.4.8.6
7f66bd1c8000-7f66bd20a000 r--p 00a66000 08:06 522879                     /usr/lib/x86_64-linux-gnu/libQtGui.so.4.8.6
7f66bd20a000-7f66bd211000 rw-p 00aa8000 08:06 522879                     /usr/lib/x86_64-linux-gnu/libQtGui.so.4.8.6
7f66bd211000-7f66bd215000 rw-p 00000000 00:00 0 
7f66bd215000-7f66bd218000 r-xp 00000000 08:06 530850                     /usr/lib/x86_64-linux-gnu/libpulse-simple.so.0.0.4
7f66bd218000-7f66bd417000 ---p 00003000 08:06 530850                     /usr/lib/x86_64-linux-gnu/libpulse-simple.so.0.0.4
7f66bd417000-7f66bd418000 r--p 00002000 08:06 530850                     /usr/lib/x86_64-linux-gnu/libpulse-simple.so.0.0.4
7f66bd418000-7f66bd419000 rw-p 00003000 08:06 530850                     /usr/lib/x86_64-linux-gnu/libpulse-simple.so.0.0.4
7f66bd4a0000-7f66bd778000 r-xp 00000000 08:06 530043                     /usr/lib/x86_64-linux-gnu/libQtCore.so.4.8.6
7f66bd778000-7f66bd978000 ---p 002d8000 08:06 530043                     /usr/lib/x86_64-linux-gnu/libQtCore.so.4.8.6
7f66bd978000-7f66bd983000 r--p 002d8000 08:06 530043                     /usr/lib/x86_64-linux-gnu/libQtCore.so.4.8.6
7f66bd983000-7f66bd984000 rw-p 002e3000 08:06 530043                     /usr/lib/x86_64-linux-gnu/libQtCore.so.4.8.6
7f66bd984000-7f66bd985000 rw-p 00000000 00:00 0 
7f66bd985000-7f66bdbe7000 r-xp 00000000 08:06 413116                     /usr/lib/vlc/plugins/gui/libqt4_plugin.so
7f66bdbe7000-7f66bdde6000 ---p 00262000 08:06 413116                     /usr/lib/vlc/plugins/gui/libqt4_plugin.so
7f66bdde6000-7f66bddff000 r--p 00261000 08:06 413116                     /usr/lib/vlc/plugins/gui/libqt4_plugin.so
7f66bddff000-7f66bde03000 rw-p 0027a000 08:06 413116                     /usr/lib/vlc/plugins/gui/libqt4_plugin.so
7f66bde03000-7f66bde09000 r-xp 00000000 08:06 546092                     /usr/lib/x86_64-linux-gnu/libxcb-xv.so.0.0.0
7f66bde09000-7f66be008000 ---p 00006000 08:06 546092                     /usr/lib/x86_64-linux-gnu/libxcb-xv.so.0.0.0
7f66be008000-7f66be009000 r--p 00005000 08:06 546092                     /usr/lib/x86_64-linux-gnu/libxcb-xv.so.0.0.0
7f66be009000-7f66be00a000 rw-p 00006000 08:06 546092                     /usr/lib/x86_64-linux-gnu/libxcb-xv.so.0.0.0
7f66be00a000-7f66be011000 r-xp 00000000 08:06 413105                     /usr/lib/vlc/plugins/video_output/libxcb_xv_plugin.so
7f66be011000-7f66be210000 ---p 00007000 08:06 413105                     /usr/lib/vlc/plugins/video_output/libxcb_xv_plugin.so
7f66be210000-7f66be211000 r--p 00006000 08:06 413105                     /usr/lib/vlc/plugins/video_output/libxcb_xv_plugin.so
7f66be211000-7f66be212000 rw-p 00007000 08:06 413105                     /usr/lib/vlc/plugins/video_output/libxcb_xv_plugin.so
7f66be212000-7f66be295000 r-xp 00000000 08:06 526635                     /usr/lib/x86_64-linux-gnu/libdirac_encoder.so.0.1.0
7f66be295000-7f66be494000 ---p 00083000 08:06 526635                     /usr/lib/x86_64-linux-gnu/libdirac_encoder.so.0.1.0
7f66be494000-7f66be497000 r--p 00082000 08:06 526635                     /usr/lib/x86_64-linux-gnu/libdirac_encoder.so.0.1.0
7f66be497000-7f66be498000 rw-p 00085000 08:06 526635                     /usr/lib/x86_64-linux-gnu/libdirac_encoder.so.0.1.0
7f66be498000-7f66be499000 rw-p 00000000 00:00 0 
7f66be49c000-7f66be49e000 r-xp 00000000 08:06 531122                     /usr/lib/x86_64-linux-gnu/libxcb-shm.so.0.0.0
7f66be49e000-7f66be69d000 ---p 00002000 08:06 531122                     /usr/lib/x86_64-linux-gnu/libxcb-shm.so.0.0.0
7f66be69d000-7f66be69e000 r--p 00001000 08:06 531122                     /usr/lib/x86_64-linux-gnu/libxcb-shm.so.0.0.0
7f66be69e000-7f66be69f000 rw-p 00002000 08:06 531122                     /usr/lib/x86_64-linux-gnu/libxcb-shm.so.0.0.0
7f66be69f000-7f66be6a7000 r-xp 00000000 08:06 265602                     /lib/x86_64-linux-gnu/libnih-dbus.so.1.0.0
7f66be6a7000-7f66be8a7000 ---p 00008000 08:06 265602                     /lib/x86_64-linux-gnu/libnih-dbus.so.1.0.0
7f66be8a7000-7f66be8a8000 r--p 00008000 08:06 265602                     /lib/x86_64-linux-gnu/libnih-dbus.so.1.0.0
7f66be8a8000-7f66be8a9000 rw-p 00009000 08:06 265602                     /lib/x86_64-linux-gnu/libnih-dbus.so.1.0.0
7f66be8a9000-7f66be8c0000 r-xp 00000000 08:06 265604                     /lib/x86_64-linux-gnu/libnih.so.1.0.0
7f66be8c0000-7f66beabf000 ---p 00017000 08:06 265604                     /lib/x86_64-linux-gnu/libnih.so.1.0.0
7f66beabf000-7f66beac0000 r--p 00016000 08:06 265604                     /lib/x86_64-linux-gnu/libnih.so.1.0.0
7f66beac0000-7f66beac1000 rw-p 00017000 08:06 265604                     /lib/x86_64-linux-gnu/libnih.so.1.0.0
7f66beac1000-7f66beada000 r-xp 00000000 08:06 265465                     /lib/x86_64-linux-gnu/libcgmanager.so.0.0.0
7f66beada000-7f66becd9000 ---p 00019000 08:06 265465                     /lib/x86_64-linux-gnu/libcgmanager.so.0.0.0
7f66becd9000-7f66becdb000 r--p 00018000 08:06 265465                     /lib/x86_64-linux-gnu/libcgmanager.so.0.0.0
7f66becdb000-7f66becdc000 rw-p 0001a000 08:06 265465                     /lib/x86_64-linux-gnu/libcgmanager.so.0.0.0
7f66becdc000-7f66bece0000 r-xp 00000000 08:06 265573                     /lib/x86_64-linux-gnu/libgpg-error.so.0.10.0
7f66bece0000-7f66beedf000 ---p 00004000 08:06 265573                     /lib/x86_64-linux-gnu/libgpg-error.so.0.10.0
7f66beedf000-7f66beee0000 r--p 00003000 08:06 265573                     /lib/x86_64-linux-gnu/libgpg-error.so.0.10.0
7f66beee0000-7f66beee1000 rw-p 00004000 08:06 265573                     /lib/x86_64-linux-gnu/libgpg-error.so.0.10.0
7f66beee1000-7f66beef1000 r-xp 00000000 08:06 298110                     /lib/x86_64-linux-gnu/libudev.so.1.3.5
7f66beef1000-7f66bf0f0000 ---p 00010000 08:06 298110                     /lib/x86_64-linux-gnu/libudev.so.1.3.5
7f66bf0f0000-7f66bf0f1000 r--p 0000f000 08:06 298110                     /lib/x86_64-linux-gnu/libudev.so.1.3.5
7f66bf0f1000-7f66bf0f2000 rw-p 00010000 08:06 298110                     /lib/x86_64-linux-gnu/libudev.so.1.3.5
7f66bf0f2000-7f66bf16e000 r-xp 00000000 08:06 265547                     /lib/x86_64-linux-gnu/libgcrypt.so.11.8.2
7f66bf16e000-7f66bf36e000 ---p 0007c000 08:06 265547                     /lib/x86_64-linux-gnu/libgcrypt.so.11.8.2
7f66bf36e000-7f66bf36f000 r--p 0007c000 08:06 265547                     /lib/x86_64-linux-gnu/libgcrypt.so.11.8.2
7f66bf36f000-7f66bf372000 rw-p 0007d000 08:06 265547                     /lib/x86_64-linux-gnu/libgcrypt.so.11.8.2
7f66bf372000-7f66bf3c7000 r-xp 00000000 08:06 522616                     /usr/lib/x86_64-linux-gnu/libmtp.so.9.1.0
7f66bf3c7000-7f66bf5c7000 ---p 00055000 08:06 522616                     /usr/lib/x86_64-linux-gnu/libmtp.so.9.1.0
7f66bf5c7000-7f66bf5cf000 r--p 00055000 08:06 522616                     /usr/lib/x86_64-linux-gnu/libmtp.so.9.1.0
7f66bf5cf000-7f66bf5d9000 rw-p 0005d000 08:06 522616                     /usr/lib/x86_64-linux-gnu/libmtp.so.9.1.0
7f66bf5d9000-7f66bf6bf000 r-xp 00000000 08:06 524368                     /usr/lib/x86_64-linux-gnu/libstdc++.so.6.0.19
7f66bf6bf000-7f66bf8be000 ---p 000e6000 08:06 524368                     /usr/lib/x86_64-linux-gnu/libstdc++.so.6.0.19
7f66bf8be000-7f66bf8c6000 r--p 000e5000 08:06 524368                     /usr/lib/x86_64-linux-gnu/libstdc++.so.6.0.19
7f66bf8c6000-7f66bf8c8000 rw-p 000ed000 08:06 524368                     /usr/lib/x86_64-linux-gnu/libstdc++.so.6.0.19
7f66bf8c8000-7f66bf8dd000 rw-p 00000000 00:00 0 
7f66bf8de000-7f66bf8f3000 r-xp 00000000 08:06 265694                     /lib/x86_64-linux-gnu/libusb-1.0.so.0.1.0
7f66bf8f3000-7f66bfaf3000 ---p 00015000 08:06 265694                     /lib/x86_64-linux-gnu/libusb-1.0.so.0.1.0
7f66bfaf3000-7f66bfaf4000 r--p 00015000 08:06 265694                     /lib/x86_64-linux-gnu/libusb-1.0.so.0.1.0
7f66bfaf4000-7f66bfaf5000 rw-p 00016000 08:06 265694                     /lib/x86_64-linux-gnu/libusb-1.0.so.0.1.0
7f66bfaf5000-7f66bfbde000 r-xp 00000000 08:06 530146                     /usr/lib/x86_64-linux-gnu/libasound.so.2.0.0
7f66bfbde000-7f66bfddd000 ---p 000e9000 08:06 530146                     /usr/lib/x86_64-linux-gnu/libasound.so.2.0.0
7f66bfddd000-7f66bfde4000 r--p 000e8000 08:06 530146                     /usr/lib/x86_64-linux-gnu/libasound.so.2.0.0
7f66bfde4000-7f66bfde5000 rw-p 000ef000 08:06 530146                     /usr/lib/x86_64-linux-gnu/libasound.so.2.0.0
7f66bfde5000-7f66bfdfc000 r-xp 00000000 08:06 261127                     /lib/x86_64-linux-gnu/libresolv-2.19.so
7f66bfdfc000-7f66bfffc000 ---p 00017000 08:06 261127                     /lib/x86_64-linux-gnu/libresolv-2.19.so
7f66bfffc000-7f66bfffd000 r--p 00017000 08:06 261127                     /lib/x86_64-linux-gnu/libresolv-2.19.so
7f66bfffd000-7f66bfffe000 rw-p 00018000 08:06 261127                     /lib/x86_64-linux-gnu/libresolv-2.19.so
7f66bfffe000-7f66c0000000 rw-p 00000000 00:00 0 
7f66c0000000-7f66c0021000 rw-p 00000000 00:00 0 
7f66c0021000-7f66c4000000 ---p 00000000 00:00 0 
7f66c4000000-7f66c4021000 rw-p 00000000 00:00 0 
7f66c4021000-7f66c8000000 ---p 00000000 00:00 0 
7f66c8000000-7f66c8021000 rw-p 00000000 00:00 0 
7f66c8021000-7f66cc000000 ---p 00000000 00:00 0 
7f66cc000000-7f66cc3a4000 rw-p 00000000 00:00 0 
7f66cc3a4000-7f66d0000000 ---p 00000000 00:00 0 
7f66d0014000-7f66d0016000 r-xp 00000000 08:06 412929                     /usr/lib/vlc/plugins/services_discovery/libmtp_plugin.so
7f66d0016000-7f66d0215000 ---p 00002000 08:06 412929                     /usr/lib/vlc/plugins/services_discovery/libmtp_plugin.so
7f66d0215000-7f66d0216000 r--p 00001000 08:06 412929                     /usr/lib/vlc/plugins/services_discovery/libmtp_plugin.so
7f66d0216000-7f66d0217000 rw-p 00002000 08:06 412929                     /usr/lib/vlc/plugins/services_discovery/libmtp_plugin.so
7f66d0217000-7f66d021e000 r-xp 00000000 08:06 530783                     /usr/lib/x86_64-linux-gnu/libogg.so.0.8.1
7f66d021e000-7f66d041e000 ---p 00007000 08:06 530783                     /usr/lib/x86_64-linux-gnu/libogg.so.0.8.1
7f66d041e000-7f66d041f000 r--p 00007000 08:06 530783                     /usr/lib/x86_64-linux-gnu/libogg.so.0.8.1
7f66d041f000-7f66d0420000 rw-p 00008000 08:06 530783                     /usr/lib/x86_64-linux-gnu/libogg.so.0.8.1
7f66d0420000-7f66d044c000 r-xp 00000000 08:06 531059                     /usr/lib/x86_64-linux-gnu/libvorbis.so.0.4.5
7f66d044c000-7f66d064b000 ---p 0002c000 08:06 531059                     /usr/lib/x86_64-linux-gnu/libvorbis.so.0.4.5
7f66d064b000-7f66d064c000 r--p 0002b000 08:06 531059                     /usr/lib/x86_64-linux-gnu/libvorbis.so.0.4.5
7f66d064c000-7f66d064d000 rw-p 0002c000 08:06 531059                     /usr/lib/x86_64-linux-gnu/libvorbis.so.0.4.5
7f66d064d000-7f66d0900000 r-xp 00000000 08:06 531061                     /usr/lib/x86_64-linux-gnu/libvorbisenc.so.2.0.8
7f66d0900000-7f66d0aff000 ---p 002b3000 08:06 531061                     /usr/lib/x86_64-linux-gnu/libvorbisenc.so.2.0.8
7f66d0aff000-7f66d0b1b000 r--p 002b2000 08:06 531061                     /usr/lib/x86_64-linux-gnu/libvorbisenc.so.2.0.8
7f66d0b1b000-7f66d0b1c000 rw-p 002ce000 08:06 531061                     /usr/lib/x86_64-linux-gnu/libvorbisenc.so.2.0.8
7f66d0b1c000-7f66d0b4c000 r-xp 00000000 08:06 529922                     /usr/lib/x86_64-linux-gnu/libFLAC.so.8.3.0
7f66d0b4c000-7f66d0d4b000 ---p 00030000 08:06 529922                     /usr/lib/x86_64-linux-gnu/libFLAC.so.8.3.0
7f66d0d4b000-7f66d0d4c000 r--p 0002f000 08:06 529922                     /usr/lib/x86_64-linux-gnu/libFLAC.so.8.3.0
7f66d0d4c000-7f66d0d4d000 rw-p 00030000 08:06 529922                     /usr/lib/x86_64-linux-gnu/libFLAC.so.8.3.0
7f66d0d4d000-7f66d0d52000 r-xp 00000000 08:06 530154                     /usr/lib/x86_64-linux-gnu/libasyncns.so.0.3.1
7f66d0d52000-7f66d0f51000 ---p 00005000 08:06 530154                     /usr/lib/x86_64-linux-gnu/libasyncns.so.0.3.1
7f66d0f51000-7f66d0f52000 r--p 00004000 08:06 530154                     /usr/lib/x86_64-linux-gnu/libasyncns.so.0.3.1
7f66d0f52000-7f66d0f53000 rw-p 00005000 08:06 530154                     /usr/lib/x86_64-linux-gnu/libasyncns.so.0.3.1
7f66d0f53000-7f66d0fb4000 r-xp 00000000 08:06 530940                     /usr/lib/x86_64-linux-gnu/libsndfile.so.1.0.25
7f66d0fb4000-7f66d11b4000 ---p 00061000 08:06 530940                     /usr/lib/x86_64-linux-gnu/libsndfile.so.1.0.25
7f66d11b4000-7f66d11b6000 r--p 00061000 08:06 530940                     /usr/lib/x86_64-linux-gnu/libsndfile.so.1.0.25
7f66d11b6000-7f66d11b7000 rw-p 00063000 08:06 530940                     /usr/lib/x86_64-linux-gnu/libsndfile.so.1.0.25
7f66d11b7000-7f66d11bb000 rw-p 00000000 00:00 0 
7f66d11bb000-7f66d11c3000 r-xp 00000000 08:06 265700                     /lib/x86_64-linux-gnu/libwrap.so.0.7.6
7f66d11c3000-7f66d13c2000 ---p 00008000 08:06 265700                     /lib/x86_64-linux-gnu/libwrap.so.0.7.6
7f66d13c2000-7f66d13c3000 r--p 00007000 08:06 265700                     /lib/x86_64-linux-gnu/libwrap.so.0.7.6
7f66d13c3000-7f66d13c4000 rw-p 00008000 08:06 265700                     /lib/x86_64-linux-gnu/libwrap.so.0.7.6
7f66d13c4000-7f66d13c5000 rw-p 00000000 00:00 0 
7f66d13c5000-7f66d142b000 r-xp 00000000 08:06 783969                     /usr/lib/x86_64-linux-gnu/pulseaudio/libpulsecommon-4.0.so
7f66d142b000-7f66d162a000 ---p 00066000 08:06 783969                     /usr/lib/x86_64-linux-gnu/pulseaudio/libpulsecommon-4.0.so
7f66d162a000-7f66d162b000 r--p 00065000 08:06 783969                     /usr/lib/x86_64-linux-gnu/pulseaudio/libpulsecommon-4.0.so
7f66d162b000-7f66d162c000 rw-p 00066000 08:06 783969                     /usr/lib/x86_64-linux-gnu/pulseaudio/libpulsecommon-4.0.so
7f66d162c000-7f66d1636000 r-xp 00000000 08:06 265580                     /lib/x86_64-linux-gnu/libjson-c.so.2.0.0
7f66d1636000-7f66d1835000 ---p 0000a000 08:06 265580                     /lib/x86_64-linux-gnu/libjson-c.so.2.0.0
7f66d1835000-7f66d1836000 r--p 00009000 08:06 265580                     /lib/x86_64-linux-gnu/libjson-c.so.2.0.0
7f66d1836000-7f66d1837000 rw-p 0000a000 08:06 265580                     /lib/x86_64-linux-gnu/libjson-c.so.2.0.0
7f66d1837000-7f66d187e000 r-xp 00000000 08:06 530852                     /usr/lib/x86_64-linux-gnu/libpulse.so.0.16.2
7f66d187e000-7f66d1a7e000 ---p 00047000 08:06 530852                     /usr/lib/x86_64-linux-gnu/libpulse.so.0.16.2
7f66d1a7e000-7f66d1a7f000 r--p 00047000 08:06 530852                     /usr/lib/x86_64-linux-gnu/libpulse.so.0.16.2
7f66d1a7f000-7f66d1a80000 rw-p 00048000 08:06 530852                     /usr/lib/x86_64-linux-gnu/libpulse.so.0.16.2
7f66d1a81000-7f66d1a86000 r-xp 00000000 08:06 412892                     /usr/lib/vlc/plugins/audio_output/libalsa_plugin.so
7f66d1a86000-7f66d1c85000 ---p 00005000 08:06 412892                     /usr/lib/vlc/plugins/audio_output/libalsa_plugin.so
7f66d1c85000-7f66d1c86000 r--p 00004000 08:06 412892                     /usr/lib/vlc/plugins/audio_output/libalsa_plugin.so
7f66d1c86000-7f66d1c87000 rw-p 00005000 08:06 412892                     /usr/lib/vlc/plugins/audio_output/libalsa_plugin.so
7f66d1c87000-7f66d1ccb000 r-xp 00000000 08:06 265554                     /lib/x86_64-linux-gnu/libdbus-1.so.3.7.6
7f66d1ccb000-7f66d1eca000 ---p 00044000 08:06 265554                     /lib/x86_64-linux-gnu/libdbus-1.so.3.7.6
7f66d1eca000-7f66d1ecb000 r--p 00043000 08:06 265554                     /lib/x86_64-linux-gnu/libdbus-1.so.3.7.6
7f66d1ecb000-7f66d1ecc000 rw-p 00044000 08:06 265554                     /lib/x86_64-linux-gnu/libdbus-1.so.3.7.6
7f66d1ecc000-7f66d1efd000 r-xp 00000000 08:06 530638                     /usr/lib/x86_64-linux-gnu/libidn.so.11.6.11
7f66d1efd000-7f66d20fd000 ---p 00031000 08:06 530638                     /usr/lib/x86_64-linux-gnu/libidn.so.11.6.11
7f66d20fd000-7f66d20fe000 r--p 00031000 08:06 530638                     /usr/lib/x86_64-linux-gnu/libidn.so.11.6.11
7f66d20fe000-7f66d20ff000 rw-p 00032000 08:06 530638                     /usr/lib/x86_64-linux-gnu/libidn.so.11.6.11
7f66d20ff000-7f66d21dd000 r-xp 00000000 08:06 412641                     /usr/lib/libvlccore.so.7.0.0
7f66d21dd000-7f66d23dd000 ---p 000de000 08:06 412641                     /usr/lib/libvlccore.so.7.0.0
7f66d23dd000-7f66d23e0000 r--p 000de000 08:06 412641                     /usr/lib/libvlccore.so.7.0.0
7f66d23e0000-7f66d23e1000 rw-p 000e1000 08:06 412641                     /usr/lib/libvlccore.so.7.0.0
7f66d23e1000-7f66d23fb000 r-xp 00000000 08:06 412644                     /usr/lib/libvlc.so.5.4.0
7f66d23fb000-7f66d25fa000 ---p 0001a000 08:06 412644                     /usr/lib/libvlc.so.5.4.0
7f66d25fa000-7f66d25fb000 r--p 00019000 08:06 412644                     /usr/lib/libvlc.so.5.4.0
7f66d25fb000-7f66d25fc000 rw-p 0001a000 08:06 412644                     /usr/lib/libvlc.so.5.4.0
7f66d25fc000-7f66d2613000 r-xp 00000000 08:06 541344                     /tmp/jna-3268048/jna458507232983662868.tmp (deleted)
7f66d2613000-7f66d2712000 ---p 00017000 08:06 541344                     /tmp/jna-3268048/jna458507232983662868.tmp (deleted)
7f66d2712000-7f66d2714000 rw-p 00016000 08:06 541344                     /tmp/jna-3268048/jna458507232983662868.tmp (deleted)
7f66d2714000-7f66d2715000 r-xp 00000000 08:06 414495                     /usr/lib/jvm/java-8-oracle/jre/lib/amd64/libjawt.so
7f66d2715000-7f66d2914000 ---p 00001000 08:06 414495                     /usr/lib/jvm/java-8-oracle/jre/lib/amd64/libjawt.so
7f66d2914000-7f66d2915000 rw-p 00000000 08:06 414495                     /usr/lib/jvm/java-8-oracle/jre/lib/amd64/libjawt.so
7f66d2915000-7f66d2918000 ---p 00000000 00:00 0 
7f66d2918000-7f66d2a16000 rw-p 00000000 00:00 0                          [stack:9109]
7f66d2a16000-7f66d2a1b000 r-xp 00000000 08:06 522501                     /usr/lib/x86_64-linux-gnu/libXfixes.so.3.1.0
7f66d2a1b000-7f66d2c1a000 ---p 00005000 08:06 522501                     /usr/lib/x86_64-linux-gnu/libXfixes.so.3.1.0
7f66d2c1a000-7f66d2c1b000 r--p 00004000 08:06 522501                     /usr/lib/x86_64-linux-gnu/libXfixes.so.3.1.0
7f66d2c1b000-7f66d2c1c000 rw-p 00005000 08:06 522501                     /usr/lib/x86_64-linux-gnu/libXfixes.so.3.1.0
7f66d2c1c000-7f66d2c25000 r-xp 00000000 08:06 530071                     /usr/lib/x86_64-linux-gnu/libXcursor.so.1.0.2
7f66d2c25000-7f66d2e24000 ---p 00009000 08:06 530071                     /usr/lib/x86_64-linux-gnu/libXcursor.so.1.0.2
7f66d2e24000-7f66d2e25000 r--p 00008000 08:06 530071                     /usr/lib/x86_64-linux-gnu/libXcursor.so.1.0.2
7f66d2e25000-7f66d2e26000 rw-p 00009000 08:06 530071                     /usr/lib/x86_64-linux-gnu/libXcursor.so.1.0.2
7f66d2e26000-7f66d2e29000 ---p 00000000 00:00 0 
7f66d2e29000-7f66d2f27000 rw-p 00000000 00:00 0                          [stack:9108]
7f66d2f27000-7f66d2f3d000 r-xp 00000000 08:06 265567                     /lib/x86_64-linux-gnu/libgcc_s.so.1
7f66d2f3d000-7f66d313c000 ---p 00016000 08:06 265567                     /lib/x86_64-linux-gnu/libgcc_s.so.1
7f66d313c000-7f66d313d000 rw-p 00015000 08:06 265567                     /lib/x86_64-linux-gnu/libgcc_s.so.1
7f66d313d000-7f66d31a2000 r-xp 00000000 08:06 414526                     /usr/lib/jvm/java-8-oracle/jre/lib/amd64/libfontmanager.so
7f66d31a2000-7f66d33a2000 ---p 00065000 08:06 414526                     /usr/lib/jvm/java-8-oracle/jre/lib/amd64/libfontmanager.so
7f66d33a2000-7f66d33a6000 rw-p 00065000 08:06 414526                     /usr/lib/jvm/java-8-oracle/jre/lib/amd64/libfontmanager.so
7f66d33a6000-7f66d33b7000 rw-p 00000000 00:00 0 
7f66d33b7000-7f66d33bc000 r-xp 00000000 08:06 530075                     /usr/lib/x86_64-linux-gnu/libXdmcp.so.6.0.0
7f66d33bc000-7f66d35bb000 ---p 00005000 08:06 530075                     /usr/lib/x86_64-linux-gnu/libXdmcp.so.6.0.0
7f66d35bb000-7f66d35bc000 r--p 00004000 08:06 530075                     /usr/lib/x86_64-linux-gnu/libXdmcp.so.6.0.0
7f66d35bc000-7f66d35bd000 rw-p 00005000 08:06 530075                     /usr/lib/x86_64-linux-gnu/libXdmcp.so.6.0.0
7f66d35bd000-7f66d35bf000 r-xp 00000000 08:06 530064                     /usr/lib/x86_64-linux-gnu/libXau.so.6.0.0
7f66d35bf000-7f66d37bf000 ---p 00002000 08:06 530064                     /usr/lib/x86_64-linux-gnu/libXau.so.6.0.0
7f66d37bf000-7f66d37c0000 r--p 00002000 08:06 530064                     /usr/lib/x86_64-linux-gnu/libXau.so.6.0.0
7f66d37c0000-7f66d37c1000 rw-p 00003000 08:06 530064                     /usr/lib/x86_64-linux-gnu/libXau.so.6.0.0
7f66d37c1000-7f66d37de000 r-xp 00000000 08:06 531132                     /usr/lib/x86_64-linux-gnu/libxcb.so.1.1.0
7f66d37de000-7f66d39de000 ---p 0001d000 08:06 531132                     /usr/lib/x86_64-linux-gnu/libxcb.so.1.1.0
7f66d39de000-7f66d39df000 r--p 0001d000 08:06 531132                     /usr/lib/x86_64-linux-gnu/libxcb.so.1.1.0
7f66d39df000-7f66d39e0000 rw-p 0001e000 08:06 531132                     /usr/lib/x86_64-linux-gnu/libxcb.so.1.1.0
7f66d39e0000-7f66d39ef000 r-xp 00000000 08:06 522608                     /usr/lib/x86_64-linux-gnu/libXi.so.6.1.0
7f66d39ef000-7f66d3bee000 ---p 0000f000 08:06 522608                     /usr/lib/x86_64-linux-gnu/libXi.so.6.1.0
7f66d3bee000-7f66d3bef000 r--p 0000e000 08:06 522608                     /usr/lib/x86_64-linux-gnu/libXi.so.6.1.0
7f66d3bef000-7f66d3bf0000 rw-p 0000f000 08:06 522608                     /usr/lib/x86_64-linux-gnu/libXi.so.6.1.0
7f66d3bf0000-7f66d3bf5000 r-xp 00000000 08:06 530105                     /usr/lib/x86_64-linux-gnu/libXtst.so.6.1.0
7f66d3bf5000-7f66d3df4000 ---p 00005000 08:06 530105                     /usr/lib/x86_64-linux-gnu/libXtst.so.6.1.0
7f66d3df4000-7f66d3df5000 r--p 00004000 08:06 530105                     /usr/lib/x86_64-linux-gnu/libXtst.so.6.1.0
7f66d3df5000-7f66d3df6000 rw-p 00005000 08:06 530105                     /usr/lib/x86_64-linux-gnu/libXtst.so.6.1.0
7f66d3df6000-7f66d3dff000 r-xp 00000000 08:06 522612                     /usr/lib/x86_64-linux-gnu/libXrender.so.1.3.0
7f66d3dff000-7f66d3ffe000 ---p 00009000 08:06 522612                     /usr/lib/x86_64-linux-gnu/libXrender.so.1.3.0
7f66d3ffe000-7f66d3fff000 r--p 00008000 08:06 522612                     /usr/lib/x86_64-linux-gnu/libXrender.so.1.3.0
7f66d3fff000-7f66d4000000 rw-p 00009000 08:06 522612                     /usr/lib/x86_64-linux-gnu/libXrender.so.1.3.0
7f66d4000000-7f66d4021000 rw-p 00000000 00:00 0 
7f66d4021000-7f66d8000000 ---p 00000000 00:00 0 
7f66d8000000-7f66d8021000 rw-p 00000000 00:00 0 
7f66d8021000-7f66dc000000 ---p 00000000 00:00 0 
7f66dc000000-7f66dd00d000 rw-p 00000000 00:00 0 
7f66dd00d000-7f66e0000000 ---p 00000000 00:00 0 
7f66e0000000-7f66e0303000 rw-p 00000000 00:00 0 
7f66e0303000-7f66e4000000 ---p 00000000 00:00 0 
7f66e4000000-7f66e4021000 rw-p 00000000 00:00 0 
7f66e4021000-7f66e8000000 ---p 00000000 00:00 0 
7f66e8000000-7f66e85fa000 rw-p 00000000 00:00 0 
7f66e85fa000-7f66ec000000 ---p 00000000 00:00 0 
7f66ec000000-7f66ec021000 rw-p 00000000 00:00 0 
7f66ec021000-7f66f0000000 ---p 00000000 00:00 0 
7f66f0000000-7f66f0021000 rw-p 00000000 00:00 0 
7f66f0021000-7f66f4000000 ---p 00000000 00:00 0 
7f66f4000000-7f66f4021000 rw-p 00000000 00:00 0 
7f66f4021000-7f66f8000000 ---p 00000000 00:00 0 
7f66f8000000-7f66f8021000 rw-p 00000000 00:00 0 
7f66f8021000-7f66fc000000 ---p 00000000 00:00 0 
7f66fc016000-7f66fc146000 r-xp 00000000 08:06 530060                     /usr/lib/x86_64-linux-gnu/libX11.so.6.3.0
7f66fc146000-7f66fc346000 ---p 00130000 08:06 530060                     /usr/lib/x86_64-linux-gnu/libX11.so.6.3.0
7f66fc346000-7f66fc347000 r--p 00130000 08:06 530060                     /usr/lib/x86_64-linux-gnu/libX11.so.6.3.0
7f66fc347000-7f66fc34b000 rw-p 00131000 08:06 530060                     /usr/lib/x86_64-linux-gnu/libX11.so.6.3.0
7f66fc34b000-7f66fc35c000 r-xp 00000000 08:06 522564                     /usr/lib/x86_64-linux-gnu/libXext.so.6.4.0
7f66fc35c000-7f66fc55b000 ---p 00011000 08:06 522564                     /usr/lib/x86_64-linux-gnu/libXext.so.6.4.0
7f66fc55b000-7f66fc55c000 r--p 00010000 08:06 522564                     /usr/lib/x86_64-linux-gnu/libXext.so.6.4.0
7f66fc55c000-7f66fc55d000 rw-p 00011000 08:06 522564                     /usr/lib/x86_64-linux-gnu/libXext.so.6.4.0
7f66fc55d000-7f66fc5b1000 r-xp 00000000 08:06 414472                     /usr/lib/jvm/java-8-oracle/jre/lib/amd64/libawt_xawt.so
7f66fc5b1000-7f66fc7b1000 ---p 00054000 08:06 414472                     /usr/lib/jvm/java-8-oracle/jre/lib/amd64/libawt_xawt.so
7f66fc7b1000-7f66fc7b5000 rw-p 00054000 08:06 414472                     /usr/lib/jvm/java-8-oracle/jre/lib/amd64/libawt_xawt.so
7f66fc7b5000-7f66fc7b6000 rw-p 00000000 00:00 0 
7f66fc7b6000-7f66fc858000 r-xp 00000000 08:06 414471                     /usr/lib/jvm/java-8-oracle/jre/lib/amd64/libawt.so
7f66fc858000-7f66fca58000 ---p 000a2000 08:06 414471                     /usr/lib/jvm/java-8-oracle/jre/lib/amd64/libawt.so
7f66fca58000-7f66fca64000 rw-p 000a2000 08:06 414471                     /usr/lib/jvm/java-8-oracle/jre/lib/amd64/libawt.so
7f66fca64000-7f66fca88000 rw-p 00000000 00:00 0 
7f66fca88000-7f66fca8b000 ---p 00000000 00:00 0 
7f66fca8b000-7f66fcb89000 rw-p 00000000 00:00 0                          [stack:9105]
7f66fcb89000-7f66fcb9f000 r-xp 00000000 08:06 414527                     /usr/lib/jvm/java-8-oracle/jre/lib/amd64/libnet.so
7f66fcb9f000-7f66fcd9f000 ---p 00016000 08:06 414527                     /usr/lib/jvm/java-8-oracle/jre/lib/amd64/libnet.so
7f66fcd9f000-7f66fcda0000 rw-p 00016000 08:06 414527                     /usr/lib/jvm/java-8-oracle/jre/lib/amd64/libnet.so
7f66fcda0000-7f66fcda1000 ---p 00000000 00:00 0 
7f66fcda1000-7f66fcea1000 rw-p 00000000 00:00 0                          [stack:9082]
7f66fcea1000-7f66fcea4000 ---p 00000000 00:00 0 
7f66fcea4000-7f66fcfa2000 rw-p 00000000 00:00 0                          [stack:9081]
7f66fcfa2000-7f66fcfa5000 ---p 00000000 00:00 0 
7f66fcfa5000-7f66fd0a3000 rw-p 00000000 00:00 0                          [stack:9080]
7f66fd0a3000-7f66fd0a6000 ---p 00000000 00:00 0 
7f66fd0a6000-7f66fd1a4000 rw-p 00000000 00:00 0                          [stack:9079]
7f66fd1a4000-7f66fd1a7000 ---p 00000000 00:00 0 
7f66fd1a7000-7f66fd2a5000 rw-p 00000000 00:00 0                          [stack:9078]
7f66fd2a5000-7f66fd2a8000 ---p 00000000 00:00 0 
7f66fd2a8000-7f66fd3a6000 rw-p 00000000 00:00 0                          [stack:9077]
7f66fd3a6000-7f66fdac9000 r--p 00000000 08:06 397847                     /usr/lib/locale/locale-archive
7f66fdac9000-7f66fdacc000 ---p 00000000 00:00 0 
7f66fdacc000-7f66fdbca000 rw-p 00000000 00:00 0                          [stack:9076]
7f66fdbca000-7f66fdbcd000 ---p 00000000 00:00 0 
7f66fdbcd000-7f66fdccb000 rw-p 00000000 00:00 0                          [stack:9075]
7f66fdccb000-7f66fdccc000 ---p 00000000 00:00 0 
7f66fdccc000-7f6700000000 rw-p 00000000 00:00 0                          [stack:9074]
7f6700000000-7f6700021000 rw-p 00000000 00:00 0 
7f6700021000-7f6704000000 ---p 00000000 00:00 0 
7f6704000000-7f6704021000 rw-p 00000000 00:00 0 
7f6704021000-7f6708000000 ---p 00000000 00:00 0 
7f6708000000-7f6708021000 rw-p 00000000 00:00 0 
7f6708021000-7f670c000000 ---p 00000000 00:00 0 
7f670c053000-7f670c05a000 r--s 00000000 08:06 671514                     /usr/lib/x86_64-linux-gnu/gconv/gconv-modules.cache
7f670c05a000-7f670c05d000 ---p 00000000 00:00 0 
7f670c05d000-7f670c093000 rw-p 00000000 00:00 0                          [stack:9111]
7f670c093000-7f670c098000 r--s 00096000 08:06 414462                     /usr/lib/jvm/java-8-oracle/jre/lib/jsse.jar
7f670c098000-7f670c0a7000 r--s 00115000 08:07 2097400                    /home/jony/.m2/repository/net/java/dev/jna/platform/3.5.2/platform-3.5.2.jar
7f670c0a7000-7f670cf80000 rw-p 00000000 00:00 0 
7f670cf80000-7f670d000000 ---p 00000000 00:00 0 
7f670d000000-7f670d360000 rwxp 00000000 00:00 0 
7f670d360000-7f671c000000 ---p 00000000 00:00 0 
7f671c000000-7f671c0f4000 rw-p 00000000 00:00 0 
7f671c0f4000-7f6720000000 ---p 00000000 00:00 0 
7f6720002000-7f672000e000 r--s 00057000 08:07 2097396                    /home/jony/.m2/repository/uk/co/caprica/vlcj/3.9.0/vlcj-3.9.0.jar
7f672000e000-7f6720496000 rw-p 00000000 00:00 0 
7f6720496000-7f672066f000 r--s 03d20000 08:06 414457                     /usr/lib/jvm/java-8-oracle/jre/lib/rt.jar
7f672066f000-7f67208c8000 rw-p 00000000 00:00 0 
7f67208c8000-7f67208c9000 ---p 00000000 00:00 0 
7f67208c9000-7f67209c9000 rw-p 00000000 00:00 0                          [stack:9073]
7f67209c9000-7f67209ca000 ---p 00000000 00:00 0 
7f67209ca000-7f6720aca000 rw-p 00000000 00:00 0                          [stack:9072]
7f6720aca000-7f6720acb000 ---p 00000000 00:00 0 
7f6720acb000-7f6720bcb000 rw-p 00000000 00:00 0                          [stack:9071]
7f6720bcb000-7f6720bcc000 ---p 00000000 00:00 0 
7f6720bcc000-7f6720ce1000 rw-p 00000000 00:00 0                          [stack:9070]
7f6720ce1000-7f6720e0e000 ---p 00000000 00:00 0 
7f6720e0e000-7f6720e23000 rw-p 00000000 00:00 0 
7f6720e23000-7f6720f50000 ---p 00000000 00:00 0 
7f6720f50000-7f6720f5b000 rw-p 00000000 00:00 0 
7f6720f5b000-7f6720ff1000 ---p 00000000 00:00 0 
7f6720ff1000-7f6721000000 rw-p 00000000 00:00 0 
7f6721000000-7f67213b2000 ---p 00000000 00:00 0 
7f67213b2000-7f67213cc000 r-xp 00000000 08:06 414518                     /usr/lib/jvm/java-8-oracle/jre/lib/amd64/libzip.so
7f67213cc000-7f67215cc000 ---p 0001a000 08:06 414518                     /usr/lib/jvm/java-8-oracle/jre/lib/amd64/libzip.so
7f67215cc000-7f67215cd000 rw-p 0001a000 08:06 414518                     /usr/lib/jvm/java-8-oracle/jre/lib/amd64/libzip.so
7f67215cd000-7f67215d8000 r-xp 00000000 08:06 261141                     /lib/x86_64-linux-gnu/libnss_files-2.19.so
7f67215d8000-7f67217d7000 ---p 0000b000 08:06 261141                     /lib/x86_64-linux-gnu/libnss_files-2.19.so
7f67217d7000-7f67217d8000 r--p 0000a000 08:06 261141                     /lib/x86_64-linux-gnu/libnss_files-2.19.so
7f67217d8000-7f67217d9000 rw-p 0000b000 08:06 261141                     /lib/x86_64-linux-gnu/libnss_files-2.19.so
7f67217d9000-7f67217e4000 r-xp 00000000 08:06 265432                     /lib/x86_64-linux-gnu/libnss_nis-2.19.so
7f67217e4000-7f67219e3000 ---p 0000b000 08:06 265432                     /lib/x86_64-linux-gnu/libnss_nis-2.19.so
7f67219e3000-7f67219e4000 r--p 0000a000 08:06 265432                     /lib/x86_64-linux-gnu/libnss_nis-2.19.so
7f67219e4000-7f67219e5000 rw-p 0000b000 08:06 265432                     /lib/x86_64-linux-gnu/libnss_nis-2.19.so
7f67219e5000-7f67219fc000 r-xp 00000000 08:06 261216                     /lib/x86_64-linux-gnu/libnsl-2.19.so
7f67219fc000-7f6721bfb000 ---p 00017000 08:06 261216                     /lib/x86_64-linux-gnu/libnsl-2.19.so
7f6721bfb000-7f6721bfc000 r--p 00016000 08:06 261216                     /lib/x86_64-linux-gnu/libnsl-2.19.so
7f6721bfc000-7f6721bfd000 rw-p 00017000 08:06 261216                     /lib/x86_64-linux-gnu/libnsl-2.19.so
7f6721bfd000-7f6721bff000 rw-p 00000000 00:00 0 
7f6721bff000-7f6721c08000 r-xp 00000000 08:06 261215                     /lib/x86_64-linux-gnu/libnss_compat-2.19.so
7f6721c08000-7f6721e07000 ---p 00009000 08:06 261215                     /lib/x86_64-linux-gnu/libnss_compat-2.19.so
7f6721e07000-7f6721e08000 r--p 00008000 08:06 261215                     /lib/x86_64-linux-gnu/libnss_compat-2.19.so
7f6721e08000-7f6721e09000 rw-p 00009000 08:06 261215                     /lib/x86_64-linux-gnu/libnss_compat-2.19.so
7f6721e09000-7f6721e33000 r-xp 00000000 08:06 414479                     /usr/lib/jvm/java-8-oracle/jre/lib/amd64/libjava.so
7f6721e33000-7f6722033000 ---p 0002a000 08:06 414479                     /usr/lib/jvm/java-8-oracle/jre/lib/amd64/libjava.so
7f6722033000-7f6722035000 rw-p 0002a000 08:06 414479                     /usr/lib/jvm/java-8-oracle/jre/lib/amd64/libjava.so
7f6722035000-7f6722042000 r-xp 00000000 08:06 414470                     /usr/lib/jvm/java-8-oracle/jre/lib/amd64/libverify.so
7f6722042000-7f6722242000 ---p 0000d000 08:06 414470                     /usr/lib/jvm/java-8-oracle/jre/lib/amd64/libverify.so
7f6722242000-7f6722244000 rw-p 0000d000 08:06 414470                     /usr/lib/jvm/java-8-oracle/jre/lib/amd64/libverify.so
7f6722244000-7f672224b000 r-xp 00000000 08:06 261224                     /lib/x86_64-linux-gnu/librt-2.19.so
7f672224b000-7f672244a000 ---p 00007000 08:06 261224                     /lib/x86_64-linux-gnu/librt-2.19.so
7f672244a000-7f672244b000 r--p 00006000 08:06 261224                     /lib/x86_64-linux-gnu/librt-2.19.so
7f672244b000-7f672244c000 rw-p 00007000 08:06 261224                     /lib/x86_64-linux-gnu/librt-2.19.so
7f672244c000-7f6722551000 r-xp 00000000 08:06 261137                     /lib/x86_64-linux-gnu/libm-2.19.so
7f6722551000-7f6722750000 ---p 00105000 08:06 261137                     /lib/x86_64-linux-gnu/libm-2.19.so
7f6722750000-7f6722751000 r--p 00104000 08:06 261137                     /lib/x86_64-linux-gnu/libm-2.19.so
7f6722751000-7f6722752000 rw-p 00105000 08:06 261137                     /lib/x86_64-linux-gnu/libm-2.19.so
7f6722752000-7f6723410000 r-xp 00000000 08:06 414502                     /usr/lib/jvm/java-8-oracle/jre/lib/amd64/server/libjvm.so
7f6723410000-7f672360f000 ---p 00cbe000 08:06 414502                     /usr/lib/jvm/java-8-oracle/jre/lib/amd64/server/libjvm.so
7f672360f000-7f67236e8000 rw-p 00cbd000 08:06 414502                     /usr/lib/jvm/java-8-oracle/jre/lib/amd64/server/libjvm.so
7f67236e8000-7f672372c000 rw-p 00000000 00:00 0 
7f672372c000-7f67238e7000 r-xp 00000000 08:06 261221                     /lib/x86_64-linux-gnu/libc-2.19.so
7f67238e7000-7f6723ae6000 ---p 001bb000 08:06 261221                     /lib/x86_64-linux-gnu/libc-2.19.so
7f6723ae6000-7f6723aea000 r--p 001ba000 08:06 261221                     /lib/x86_64-linux-gnu/libc-2.19.so
7f6723aea000-7f6723aec000 rw-p 001be000 08:06 261221                     /lib/x86_64-linux-gnu/libc-2.19.so
7f6723aec000-7f6723af1000 rw-p 00000000 00:00 0 
7f6723af1000-7f6723af4000 r-xp 00000000 08:06 261152                     /lib/x86_64-linux-gnu/libdl-2.19.so
7f6723af4000-7f6723cf3000 ---p 00003000 08:06 261152                     /lib/x86_64-linux-gnu/libdl-2.19.so
7f6723cf3000-7f6723cf4000 r--p 00002000 08:06 261152                     /lib/x86_64-linux-gnu/libdl-2.19.so
7f6723cf4000-7f6723cf5000 rw-p 00003000 08:06 261152                     /lib/x86_64-linux-gnu/libdl-2.19.so
7f6723cf5000-7f6723d0a000 r-xp 00000000 08:06 413769                     /usr/lib/jvm/java-8-oracle/lib/amd64/jli/libjli.so
7f6723d0a000-7f6723f0a000 ---p 00015000 08:06 413769                     /usr/lib/jvm/java-8-oracle/lib/amd64/jli/libjli.so
7f6723f0a000-7f6723f0b000 rw-p 00015000 08:06 413769                     /usr/lib/jvm/java-8-oracle/lib/amd64/jli/libjli.so
7f6723f0b000-7f6723f24000 r-xp 00000000 08:06 261222                     /lib/x86_64-linux-gnu/libpthread-2.19.so
7f6723f24000-7f6724123000 ---p 00019000 08:06 261222                     /lib/x86_64-linux-gnu/libpthread-2.19.so
7f6724123000-7f6724124000 r--p 00018000 08:06 261222                     /lib/x86_64-linux-gnu/libpthread-2.19.so
7f6724124000-7f6724125000 rw-p 00019000 08:06 261222                     /lib/x86_64-linux-gnu/libpthread-2.19.so
7f6724125000-7f6724129000 rw-p 00000000 00:00 0 
7f6724129000-7f672414c000 r-xp 00000000 08:06 261218                     /lib/x86_64-linux-gnu/ld-2.19.so
7f672414d000-7f6724151000 r--s 00112000 08:07 2359896                    /home/jony/.m2/repository/net/java/dev/jna/jna/4.2.1/jna-4.2.1.jar
7f6724151000-7f6724223000 rw-p 00000000 00:00 0 
7f6724223000-7f6724226000 ---p 00000000 00:00 0 
7f6724226000-7f6724328000 rw-p 00000000 00:00 0                          [stack:9069]
7f6724329000-7f672432a000 rwxp 00000000 00:00 0 
7f672432a000-7f672432b000 r--s 00002000 08:07 1322282                    /home/jony/.m2/repository/org/slf4j/slf4j-simple/1.7.12/slf4j-simple-1.7.12.jar
7f672432b000-7f672432c000 r--s 00007000 08:07 8522705                    /home/jony/.m2/repository/org/slf4j/slf4j-api/1.7.10/slf4j-api-1.7.10.jar
7f672432c000-7f672433f000 rw-p 00000000 00:00 0 
7f672433f000-7f6724347000 rw-s 00000000 08:06 522640                     /tmp/hsperfdata_jony/9064
7f6724347000-7f6724348000 rw-p 00000000 00:00 0 
7f6724348000-7f6724349000 r--p 00000000 00:00 0 
7f6724349000-7f672434b000 rw-p 00000000 00:00 0 
7f672434b000-7f672434c000 r--p 00022000 08:06 261218                     /lib/x86_64-linux-gnu/ld-2.19.so
7f672434c000-7f672434d000 rw-p 00023000 08:06 261218                     /lib/x86_64-linux-gnu/ld-2.19.so
7f672434d000-7f672434e000 rw-p 00000000 00:00 0 
7ffeb7f22000-7ffeb7f43000 rw-p 00000000 00:00 0                          [stack]
7ffeb7f77000-7ffeb7f79000 r-xp 00000000 00:00 0                          [vdso]
7ffeb7f79000-7ffeb7f7b000 r--p 00000000 00:00 0                          [vvar]
ffffffffff600000-ffffffffff601000 r-xp 00000000 00:00 0                  [vsyscall]

VM Arguments:
jvm_args: -Dfile.encoding=UTF-8 
java_command: com.movieCart.server.ServerManager
java_class_path (initial): /home/jony/MovieCart/movieCart/target/classes:/home/jony/.m2/repository/uk/co/caprica/vlcj/3.9.0/vlcj-3.9.0.jar:/home/jony/.m2/repository/org/slf4j/slf4j-api/1.7.10/slf4j-api-1.7.10.jar:/home/jony/.m2/repository/net/java/dev/jna/platform/3.5.2/platform-3.5.2.jar:/home/jony/.m2/repository/net/java/dev/jna/jna/4.2.1/jna-4.2.1.jar:/home/jony/.m2/repository/org/slf4j/slf4j-simple/1.7.12/slf4j-simple-1.7.12.jar
Launcher Type: SUN_STANDARD

Environment Variables:
JAVA_HOME=/usr/lib/jvm/java-8-oracle
PATH=/home/jony/sys161/bin:/home/jony/sys161/tools/bin:/home/jony/bin:/usr/local/sbin:/usr/local/bin:/usr/sbin:/usr/bin:/sbin:/bin:/usr/games:/usr/local/games:/usr/lib/jvm/java-8-oracle/bin:/usr/lib/jvm/java-8-oracle/db/bin:/usr/lib/jvm/java-8-oracle/jre/bin
SHELL=/bin/bash
DISPLAY=:0

Signal Handlers:
SIGSEGV: [libjvm.so+0xaba2a0], sa_mask[0]=11111111011111111101111111111110, sa_flags=SA_RESTART|SA_SIGINFO
SIGBUS: [libjvm.so+0xaba2a0], sa_mask[0]=11111111011111111101111111111110, sa_flags=SA_RESTART|SA_SIGINFO
SIGFPE: [libjvm.so+0x917710], sa_mask[0]=11111111011111111101111111111110, sa_flags=SA_RESTART|SA_SIGINFO
SIGPIPE: [libjvm.so+0x917710], sa_mask[0]=11111111011111111101111111111110, sa_flags=SA_RESTART|SA_SIGINFO
SIGXFSZ: [libjvm.so+0x917710], sa_mask[0]=11111111011111111101111111111110, sa_flags=SA_RESTART|SA_SIGINFO
SIGILL: [libjvm.so+0x917710], sa_mask[0]=11111111011111111101111111111110, sa_flags=SA_RESTART|SA_SIGINFO
SIGUSR1: SIG_DFL, sa_mask[0]=00000000000000000000000000000000, sa_flags=none
SIGUSR2: [libjvm.so+0x918d40], sa_mask[0]=00100000000000000000000000000000, sa_flags=SA_RESTART|SA_SIGINFO
SIGHUP: [libjvm.so+0x91a140], sa_mask[0]=11111111011111111101111111111110, sa_flags=SA_RESTART|SA_SIGINFO
SIGINT: [libjvm.so+0x91a140], sa_mask[0]=11111111011111111101111111111110, sa_flags=SA_RESTART|SA_SIGINFO
SIGTERM: [libjvm.so+0x91a140], sa_mask[0]=11111111011111111101111111111110, sa_flags=SA_RESTART|SA_SIGINFO
SIGQUIT: [libjvm.so+0x91a140], sa_mask[0]=11111111011111111101111111111110, sa_flags=SA_RESTART|SA_SIGINFO


---------------  S Y S T E M  ---------------

OS:DISTRIB_ID=Ubuntu
DISTRIB_RELEASE=14.04
DISTRIB_CODENAME=trusty
DISTRIB_DESCRIPTION="Ubuntu 14.04.3 LTS"

uname:Linux 3.16.0-53-generic #72~14.04.1-Ubuntu SMP Fri Nov 6 18:17:23 UTC 2015 x86_64
libc:glibc 2.19 NPTL 2.19 
rlimit: STACK 8192k, CORE 0k, NPROC 15360, NOFILE 4096, AS infinity
load average:1.05 0.88 0.77

/proc/meminfo:
MemTotal:        3953704 kB
MemFree:          177264 kB
MemAvailable:    1263056 kB
Buffers:          119528 kB
Cached:          1417444 kB
SwapCached:         2444 kB
Active:          2315488 kB
Inactive:        1227360 kB
Active(anon):    1601996 kB
Inactive(anon):   729776 kB
Active(file):     713492 kB
Inactive(file):   497584 kB
Unevictable:         104 kB
Mlocked:             104 kB
SwapTotal:       9764860 kB
SwapFree:        9695600 kB
Dirty:               224 kB
Writeback:             0 kB
AnonPages:       2003592 kB
Mapped:           428416 kB
Shmem:            325896 kB
Slab:             118216 kB
SReclaimable:      87300 kB
SUnreclaim:        30916 kB
KernelStack:       10288 kB
PageTables:        37132 kB
NFS_Unstable:          0 kB
Bounce:                0 kB
WritebackTmp:          0 kB
CommitLimit:    11741712 kB
Committed_AS:    6127356 kB
VmallocTotal:   34359738367 kB
VmallocUsed:      362004 kB
VmallocChunk:   34359366652 kB
HardwareCorrupted:     0 kB
AnonHugePages:    655360 kB
HugePages_Total:       0
HugePages_Free:        0
HugePages_Rsvd:        0
HugePages_Surp:        0
Hugepagesize:       2048 kB
DirectMap4k:       88736 kB
DirectMap2M:     4012032 kB


CPU:total 4 (2 cores per cpu, 2 threads per core) family 6 model 42 stepping 7, cmov, cx8, fxsr, mmx, sse, sse2, sse3, ssse3, sse4.1, sse4.2, popcnt, avx, aes, clmul, ht, tsc, tscinvbit

/proc/cpuinfo:
processor	: 0
vendor_id	: GenuineIntel
cpu family	: 6
model		: 42
model name	: Intel(R) Core(TM) i5-2430M CPU @ 2.40GHz
stepping	: 7
microcode	: 0x1a
cpu MHz		: 919.125
cache size	: 3072 KB
physical id	: 0
siblings	: 4
core id		: 0
cpu cores	: 2
apicid		: 0
initial apicid	: 0
fpu		: yes
fpu_exception	: yes
cpuid level	: 13
wp		: yes
flags		: fpu vme de pse tsc msr pae mce cx8 apic sep mtrr pge mca cmov pat pse36 clflush dts acpi mmx fxsr sse sse2 ss ht tm pbe syscall nx rdtscp lm constant_tsc arch_perfmon pebs bts rep_good nopl xtopology nonstop_tsc aperfmperf eagerfpu pni pclmulqdq dtes64 monitor ds_cpl vmx est tm2 ssse3 cx16 xtpr pdcm pcid sse4_1 sse4_2 x2apic popcnt tsc_deadline_timer aes xsave avx lahf_lm ida arat epb xsaveopt pln pts dtherm tpr_shadow vnmi flexpriority ept vpid
bogomips	: 4789.12
clflush size	: 64
cache_alignment	: 64
address sizes	: 36 bits physical, 48 bits virtual
power management:

processor	: 1
vendor_id	: GenuineIntel
cpu family	: 6
model		: 42
model name	: Intel(R) Core(TM) i5-2430M CPU @ 2.40GHz
stepping	: 7
microcode	: 0x1a
cpu MHz		: 874.593
cache size	: 3072 KB
physical id	: 0
siblings	: 4
core id		: 1
cpu cores	: 2
apicid		: 2
initial apicid	: 2
fpu		: yes
fpu_exception	: yes
cpuid level	: 13
wp		: yes
flags		: fpu vme de pse tsc msr pae mce cx8 apic sep mtrr pge mca cmov pat pse36 clflush dts acpi mmx fxsr sse sse2 ss ht tm pbe syscall nx rdtscp lm constant_tsc arch_perfmon pebs bts rep_good nopl xtopology nonstop_tsc aperfmperf eagerfpu pni pclmulqdq dtes64 monitor ds_cpl vmx est tm2 ssse3 cx16 xtpr pdcm pcid sse4_1 sse4_2 x2apic popcnt tsc_deadline_timer aes xsave avx lahf_lm ida arat epb xsaveopt pln pts dtherm tpr_shadow vnmi flexpriority ept vpid
bogomips	: 4789.12
clflush size	: 64
cache_alignment	: 64
address sizes	: 36 bits physical, 48 bits virtual
power management:

processor	: 2
vendor_id	: GenuineIntel
cpu family	: 6
model		: 42
model name	: Intel(R) Core(TM) i5-2430M CPU @ 2.40GHz
stepping	: 7
microcode	: 0x1a
cpu MHz		: 870.562
cache size	: 3072 KB
physical id	: 0
siblings	: 4
core id		: 0
cpu cores	: 2
apicid		: 1
initial apicid	: 1
fpu		: yes
fpu_exception	: yes
cpuid level	: 13
wp		: yes
flags		: fpu vme de pse tsc msr pae mce cx8 apic sep mtrr pge mca cmov pat pse36 clflush dts acpi mmx fxsr sse sse2 ss ht tm pbe syscall nx rdtscp lm constant_tsc arch_perfmon pebs bts rep_good nopl xtopology nonstop_tsc aperfmperf eagerfpu pni pclmulqdq dtes64 monitor ds_cpl vmx est tm2 ssse3 cx16 xtpr pdcm pcid sse4_1 sse4_2 x2apic popcnt tsc_deadline_timer aes xsave avx lahf_lm ida arat epb xsaveopt pln pts dtherm tpr_shadow vnmi flexpriority ept vpid
bogomips	: 4789.12
clflush size	: 64
cache_alignment	: 64
address sizes	: 36 bits physical, 48 bits virtual
power management:

processor	: 3
vendor_id	: GenuineIntel
cpu family	: 6
model		: 42
model name	: Intel(R) Core(TM) i5-2430M CPU @ 2.40GHz
stepping	: 7
microcode	: 0x1a
cpu MHz		: 1204.500
cache size	: 3072 KB
physical id	: 0
siblings	: 4
core id		: 1
cpu cores	: 2
apicid		: 3
initial apicid	: 3
fpu		: yes
fpu_exception	: yes
cpuid level	: 13
wp		: yes
flags		: fpu vme de pse tsc msr pae mce cx8 apic sep mtrr pge mca cmov pat pse36 clflush dts acpi mmx fxsr sse sse2 ss ht tm pbe syscall nx rdtscp lm constant_tsc arch_perfmon pebs bts rep_good nopl xtopology nonstop_tsc aperfmperf eagerfpu pni pclmulqdq dtes64 monitor ds_cpl vmx est tm2 ssse3 cx16 xtpr pdcm pcid sse4_1 sse4_2 x2apic popcnt tsc_deadline_timer aes xsave avx lahf_lm ida arat epb xsaveopt pln pts dtherm tpr_shadow vnmi flexpriority ept vpid
bogomips	: 4789.12
clflush size	: 64
cache_alignment	: 64
address sizes	: 36 bits physical, 48 bits virtual
power management:



Memory: 4k page, physical 3953704k(177264k free), swap 9764860k(9695600k free)

vm_info: Java HotSpot(TM) 64-Bit Server VM (25.66-b17) for linux-amd64 JRE (1.8.0_66-b17), built on Oct  6 2015 17:28:34 by "java_re" with gcc 4.3.0 20080428 (Red Hat 4.3.0-8)

time: Sat Nov 28 01:32:12 2015
elapsed time: 17 seconds (0d 0h 0m 17s)

