#
# A fatal error has been detected by the Java Runtime Environment:
#
#  SIGSEGV (0xb) at pc=0x00007f880ebac414, pid=13054, tid=140222343653120
#
# JRE version: Java(TM) SE Runtime Environment (8.0_66-b17) (build 1.8.0_66-b17)
# Java VM: Java HotSpot(TM) 64-Bit Server VM (25.66-b17 mixed mode linux-amd64 compressed oops)
# Problematic frame:
# C  [libpthread.so.0+0xa414]  pthread_mutex_lock+0x4
#
# Failed to write core dump. Core dumps have been disabled. To enable core dumping, try "ulimit -c unlimited" before starting Java again
#
# If you would like to submit a bug report, please visit:
#   http://bugreport.java.com/bugreport/crash.jsp
# The crash happened outside the Java Virtual Machine in native code.
# See problematic frame for where to report the bug.
#

---------------  T H R E A D  ---------------

Current thread (0x00007f880800a000):  JavaThread "main" [_thread_in_native, id=13055, stack(0x00007f880eeba000,0x00007f880efbb000)]

siginfo: si_signo: 11 (SIGSEGV), si_code: 128 (SI_KERNEL), si_addr: 0x0000000000000000

Registers:
RAX=0x00007f87eafb2950, RBX=0x00007f880efb8cb0, RCX=0x000000000000015d, RDX=0x00007f880efb8ca0
RSP=0x00007f880efb8c30, RBP=0x00007f880827b750, RSI=0x00007f880efb8c90, RDI=0x696c2f00006f732e
R8 =0x00007f880efb8cb0, R9 =0x00000000000001fd, R10=0x00007f880826ffb0, R11=0x00007f87eb033d07
R12=0x00007f880efb8c8c, R13=0x00007f880efb8dc0, R14=0x00007f880efb8db8, R15=0x00007f880800a1f8
RIP=0x00007f880ebac414, EFLAGS=0x0000000000010206, CSGSFS=0x0000000000000033, ERR=0x0000000000000000
  TRAPNO=0x000000000000000d

Top of Stack: (sp=0x00007f880efb8c30)
0x00007f880efb8c30:   00007f880efb8db8 00007f87eafcc0da
0x00007f880efb8c40:   00007f880efb8c90 00007f880efb8ca0
0x00007f880efb8c50:   00007f880838c2c0 00007f880838e610
0x00007f880efb8c60:   00007f880823fa00 00007f880838c2c0
0x00007f880efb8c70:   00007f880838e610 00007f87eafa9a42
0x00007f880efb8c80:   00007f880838c2c0 00007f880edd6515
0x00007f880efb8c90:   0000015e0000015d 696c436900000000
0x00007f880efb8ca0:   0000015700000156 00007f8800000000
0x00007f880efb8cb0:   00007f880823fa00 00007f880838e610
0x00007f880efb8cc0:   00007f880838e610 00007f880efb8d20
0x00007f880efb8cd0:   00007f880838c2c0 00007f87eb4fe991
0x00007f880efb8ce0:   00007f880800a000 00007f880823fa00
0x00007f880efb8cf0:   00007f880800a000 00007f87f1f1a270
0x00007f880efb8d00:   0000000000000000 00007f87f1f1a270
0x00007f880efb8d10:   00007f880efb8dd0 00007f880800a000
0x00007f880efb8d20:   00007f880efb8d98 00007f87f9015994
0x00007f880efb8d30:   00007f87f1f1a270 0000000000000000
0x00007f880efb8d40:   00007f880efb8d98 00007f87f9015727
0x00007f880efb8d50:   00007f87f90156e2 00007f880efb8d58
0x00007f880efb8d60:   00007f87f1f1a270 00007f880efb8dd0
0x00007f880efb8d70:   00007f87f1f1d808 0000000000000000
0x00007f880efb8d80:   00007f87f1f1a270 0000000000000000
0x00007f880efb8d90:   00007f880efb8db8 00007f880efb8e18
0x00007f880efb8da0:   00007f87f90079d0 00000000ec57acc8
0x00007f880efb8db0:   00007f87f900f57b 00000000ecce2380
0x00007f880efb8dc0:   00000000ebe5e818 00007f880823fa00
0x00007f880efb8dd0:   00007f87f9007760 00007f880efb8dd8
0x00007f880efb8de0:   00007f87f1efc004 00007f880efb8e30
0x00007f880efb8df0:   00007f87f1f01fb8 0000000000000000
0x00007f880efb8e00:   00007f87f1efc0a8 00007f880efb8db8
0x00007f880efb8e10:   00007f880efb8e38 00007f880efb8e78
0x00007f880efb8e20:   00007f87f9007c4d 0000000000000000 

Instructions: (pc=0x00007f880ebac414)
0x00007f880ebac3f4:   0f 1f 40 00 c7 47 10 ff ff ff ff 31 c0 c3 66 2e
0x00007f880ebac404:   0f 1f 84 00 00 00 00 00 0f 1f 40 00 48 83 ec 08
0x00007f880ebac414:   8b 77 10 49 89 f8 89 f0 89 f2 25 7f 01 00 00 83
0x00007f880ebac424:   e2 7c 0f 85 bf 00 00 00 85 c0 75 70 8b 15 ee 30 

Register to memory mapping:

RAX=0x00007f87eafb2950: <offset 0x2a950> in /usr/lib/x86_64-linux-gnu/libX11.so.6 at 0x00007f87eaf88000
RBX=0x00007f880efb8cb0 is pointing into the stack for thread: 0x00007f880800a000
RCX=0x000000000000015d is an unknown value
RDX=0x00007f880efb8ca0 is pointing into the stack for thread: 0x00007f880800a000
RSP=0x00007f880efb8c30 is pointing into the stack for thread: 0x00007f880800a000
RBP=0x00007f880827b750 is an unknown value
RSI=0x00007f880efb8c90 is pointing into the stack for thread: 0x00007f880800a000
RDI=0x696c2f00006f732e is an unknown value
R8 =0x00007f880efb8cb0 is pointing into the stack for thread: 0x00007f880800a000
R9 =0x00000000000001fd is an unknown value
R10=0x00007f880826ffb0 is an unknown value
R11=0x00007f87eb033d07: <offset 0xabd07> in /usr/lib/x86_64-linux-gnu/libX11.so.6 at 0x00007f87eaf88000
R12=0x00007f880efb8c8c is pointing into the stack for thread: 0x00007f880800a000
R13=0x00007f880efb8dc0 is pointing into the stack for thread: 0x00007f880800a000
R14=0x00007f880efb8db8 is pointing into the stack for thread: 0x00007f880800a000
R15=0x00007f880800a1f8 is an unknown value


Stack: [0x00007f880eeba000,0x00007f880efbb000],  sp=0x00007f880efb8c30,  free space=1019k
Native frames: (J=compiled Java code, j=interpreted, Vv=VM code, C=native code)
C  [libpthread.so.0+0xa414]  pthread_mutex_lock+0x4

Java frames: (J=compiled Java code, j=interpreted, Vv=VM code)
j  sun.awt.X11.XlibWrapper.XGetDefault(JLjava/lang/String;Ljava/lang/String;)Ljava/lang/String;+0
j  sun.awt.X11.XToolkit.initializeMultiClickTime()V+12
j  sun.awt.X11.XToolkit.getMultiClickTime()I+6
j  sun.awt.X11.XToolkit.initializeDesktopProperties()V+82
j  java.awt.Toolkit.getDesktopProperty(Ljava/lang/String;)Ljava/lang/Object;+32
j  sun.swing.SwingUtilities2$AATextInfo.getAATextInfo(Z)Lsun/swing/SwingUtilities2$AATextInfo;+11
j  javax.swing.plaf.metal.MetalLookAndFeel.initComponentDefaults(Ljavax/swing/UIDefaults;)V+12062
j  javax.swing.plaf.basic.BasicLookAndFeel.getDefaults()Ljavax/swing/UIDefaults;+25
j  javax.swing.plaf.metal.MetalLookAndFeel.getDefaults()Ljavax/swing/UIDefaults;+9
j  javax.swing.UIManager.setLookAndFeel(Ljavax/swing/LookAndFeel;)V+79
j  javax.swing.UIManager.setLookAndFeel(Ljava/lang/String;)V+16
j  javax.swing.UIManager.initializeDefaultLAF(Ljava/util/Properties;)V+55
j  javax.swing.UIManager.initialize()V+9
j  javax.swing.UIManager.maybeInitialize()V+22
j  javax.swing.UIManager.getUI(Ljavax/swing/JComponent;)Ljavax/swing/plaf/ComponentUI;+0
j  javax.swing.JPanel.updateUI()V+2
j  javax.swing.JPanel.<init>(Ljava/awt/LayoutManager;Z)V+24
j  javax.swing.JPanel.<init>(Z)V+9
j  javax.swing.JPanel.<init>()V+2
j  javax.swing.JRootPane.createGlassPane()Ljava/awt/Component;+4
j  javax.swing.JRootPane.<init>()V+11
j  javax.swing.JFrame.createRootPane()Ljavax/swing/JRootPane;+4
j  javax.swing.JFrame.frameInit()V+16
j  javax.swing.JFrame.<init>()V+20
j  com.movieCart.MainFrame.<init>()V+1
j  com.movieCart.MainFrame.main([Ljava/lang/String;)V+25
v  ~StubRoutines::call_stub

---------------  P R O C E S S  ---------------

Java Threads: ( => current thread )
  0x00007f880828d000 JavaThread "AWT-XAWT" daemon [_thread_in_native, id=13075, stack(0x00007f87e9785000,0x00007f87e9886000)]
  0x00007f880826e000 JavaThread "Java2D Disposer" daemon [_thread_blocked, id=13074, stack(0x00007f87e9c96000,0x00007f87e9d97000)]
  0x00007f88080c1800 JavaThread "Service Thread" daemon [_thread_blocked, id=13072, stack(0x00007f87ebafb000,0x00007f87ebbfc000)]
  0x00007f88080bd000 JavaThread "C1 CompilerThread2" daemon [_thread_blocked, id=13071, stack(0x00007f87ebbfc000,0x00007f87ebcfd000)]
  0x00007f88080bb000 JavaThread "C2 CompilerThread1" daemon [_thread_blocked, id=13070, stack(0x00007f87ebcfd000,0x00007f87ebdfe000)]
  0x00007f88080b8000 JavaThread "C2 CompilerThread0" daemon [_thread_blocked, id=13069, stack(0x00007f87ebdfe000,0x00007f87ebeff000)]
  0x00007f88080b6800 JavaThread "Signal Dispatcher" daemon [_thread_blocked, id=13068, stack(0x00007f87ebeff000,0x00007f87ec000000)]
  0x00007f880807f000 JavaThread "Finalizer" daemon [_thread_blocked, id=13067, stack(0x00007f87f07be000,0x00007f87f08bf000)]
  0x00007f880807c800 JavaThread "Reference Handler" daemon [_thread_blocked, id=13066, stack(0x00007f87f08bf000,0x00007f87f09c0000)]
=>0x00007f880800a000 JavaThread "main" [_thread_in_native, id=13055, stack(0x00007f880eeba000,0x00007f880efbb000)]

Other Threads:
  0x00007f8808077800 VMThread [stack: 0x00007f87f09c0000,0x00007f87f0ac1000] [id=13065]
  0x00007f88080c4800 WatcherThread [stack: 0x00007f87eb9fa000,0x00007f87ebafb000] [id=13073]

VM state:not at safepoint (normal execution)

VM Mutex/Monitor currently owned by a thread: None

Heap:
 PSYoungGen      total 18432K, used 15343K [0x00000000ebe00000, 0x00000000ed280000, 0x0000000100000000)
  eden space 15872K, 96% used [0x00000000ebe00000,0x00000000eccfbd20,0x00000000ecd80000)
  from space 2560K, 0% used [0x00000000ed000000,0x00000000ed000000,0x00000000ed280000)
  to   space 2560K, 0% used [0x00000000ecd80000,0x00000000ecd80000,0x00000000ed000000)
 ParOldGen       total 42496K, used 0K [0x00000000c3a00000, 0x00000000c6380000, 0x00000000ebe00000)
  object space 42496K, 0% used [0x00000000c3a00000,0x00000000c3a00000,0x00000000c6380000)
 Metaspace       used 9035K, capacity 9182K, committed 9344K, reserved 1056768K
  class space    used 1045K, capacity 1118K, committed 1152K, reserved 1048576K

Card table byte_map: [0x00007f87f8a5c000,0x00007f87f8c40000] byte_map_base: 0x00007f87f843f000

Marking Bits: (ParMarkBitMap*) 0x00007f880e398020
 Begin Bits: [0x00007f87f21d0000, 0x00007f87f30e8000)
 End Bits:   [0x00007f87f30e8000, 0x00007f87f4000000)

Polling page: 0x00007f880efdf000

CodeCache: size=245760Kb used=2528Kb max_used=2528Kb free=243231Kb
 bounds [0x00007f87f9000000, 0x00007f87f9280000, 0x00007f8808000000]
 total_blobs=1028 nmethods=590 adapters=352
 compilation: enabled

Compilation events (10 events):
Event: 1.444 Thread 0x00007f88080bd000  586       3       java.util.Hashtable::addEntry (87 bytes)
Event: 1.445 Thread 0x00007f88080bd000 nmethod 586 0x00007f87f9277910 code [0x00007f87f9277ac0, 0x00007f87f9278118]
Event: 1.446 Thread 0x00007f88080bd000  587       3       java.lang.ref.Reference::<init> (7 bytes)
Event: 1.447 Thread 0x00007f88080bd000 nmethod 587 0x00007f87f9278450 code [0x00007f87f92785c0, 0x00007f87f9278850]
Event: 1.447 Thread 0x00007f88080bd000  588       3       jdk.internal.org.objectweb.asm.ClassWriter::newClass (9 bytes)
Event: 1.447 Thread 0x00007f88080bd000 nmethod 588 0x00007f87f9278950 code [0x00007f87f9278ac0, 0x00007f87f9278c68]
Event: 1.447 Thread 0x00007f88080bd000  589       3       java.lang.invoke.MethodType::parameterCount (6 bytes)
Event: 1.447 Thread 0x00007f88080bd000 nmethod 589 0x00007f87f9278d50 code [0x00007f87f9278ec0, 0x00007f87f9279010]
Event: 1.448 Thread 0x00007f88080bd000  590       1       java.lang.reflect.Constructor::getDeclaringClass (5 bytes)
Event: 1.448 Thread 0x00007f88080bd000 nmethod 590 0x00007f87f92790d0 code [0x00007f87f9279220, 0x00007f87f9279330]

GC Heap History (0 events):
No events

Deoptimization events (7 events):
Event: 0.334 Thread 0x00007f880800a000 Uncommon trap: reason=unstable_if action=reinterpret pc=0x00007f87f91a50f0 method=java.util.regex.Matcher.match(II)Z @ 91
Event: 0.375 Thread 0x00007f880800a000 Uncommon trap: reason=unstable_if action=reinterpret pc=0x00007f87f91ac5b8 method=java.io.File.getName()Ljava/lang/String; @ 16
Event: 0.579 Thread 0x00007f880800a000 Uncommon trap: reason=unstable_if action=reinterpret pc=0x00007f87f91b1b30 method=java.lang.String.substring(I)Ljava/lang/String; @ 35
Event: 0.735 Thread 0x00007f880800a000 Uncommon trap: reason=class_check action=maybe_recompile pc=0x00007f87f9219168 method=java.io.DataOutputStream.writeByte(I)V @ 5
Event: 0.735 Thread 0x00007f880800a000 Uncommon trap: reason=class_check action=maybe_recompile pc=0x00007f87f9219168 method=java.io.DataOutputStream.writeByte(I)V @ 5
Event: 0.735 Thread 0x00007f880800a000 Uncommon trap: reason=class_check action=maybe_recompile pc=0x00007f87f9219168 method=java.io.DataOutputStream.writeByte(I)V @ 5
Event: 0.735 Thread 0x00007f880800a000 Uncommon trap: reason=class_check action=maybe_recompile pc=0x00007f87f9219168 method=java.io.DataOutputStream.writeByte(I)V @ 5

Internal exceptions (10 events):
Event: 0.260 Thread 0x00007f880800a000 Exception <a 'java/security/PrivilegedActionException'> (0x00000000ec05ad00) thrown at [/HUDSON/workspace/8-2-build-linux-amd64/jdk8u66/4988/hotspot/src/share/vm/prims/jvm.cpp, line 1386]
Event: 0.260 Thread 0x00007f880800a000 Exception <a 'java/security/PrivilegedActionException'> (0x00000000ec05af10) thrown at [/HUDSON/workspace/8-2-build-linux-amd64/jdk8u66/4988/hotspot/src/share/vm/prims/jvm.cpp, line 1386]
Event: 0.261 Thread 0x00007f880800a000 Exception <a 'java/security/PrivilegedActionException'> (0x00000000ec05bbd8) thrown at [/HUDSON/workspace/8-2-build-linux-amd64/jdk8u66/4988/hotspot/src/share/vm/prims/jvm.cpp, line 1386]
Event: 0.261 Thread 0x00007f880800a000 Exception <a 'java/security/PrivilegedActionException'> (0x00000000ec05bde8) thrown at [/HUDSON/workspace/8-2-build-linux-amd64/jdk8u66/4988/hotspot/src/share/vm/prims/jvm.cpp, line 1386]
Event: 0.261 Thread 0x00007f880800a000 Exception <a 'java/security/PrivilegedActionException'> (0x00000000ec05cad8) thrown at [/HUDSON/workspace/8-2-build-linux-amd64/jdk8u66/4988/hotspot/src/share/vm/prims/jvm.cpp, line 1386]
Event: 0.261 Thread 0x00007f880800a000 Exception <a 'java/security/PrivilegedActionException'> (0x00000000ec05cce8) thrown at [/HUDSON/workspace/8-2-build-linux-amd64/jdk8u66/4988/hotspot/src/share/vm/prims/jvm.cpp, line 1386]
Event: 0.268 Thread 0x00007f880800a000 Exception <a 'java/lang/NoClassDefFoundError': org/slf4j/impl/StaticLoggerBinder> (0x00000000ec082a20) thrown at [/HUDSON/workspace/8-2-build-linux-amd64/jdk8u66/4988/hotspot/src/share/vm/classfile/systemDictionary.cpp, line 199]
Event: 0.578 Thread 0x00007f880800a000 Exception <a 'java/lang/NullPointerException'> (0x00000000ec5efc80) thrown at [/HUDSON/workspace/8-2-build-linux-amd64/jdk8u66/4988/hotspot/src/share/vm/interpreter/linkResolver.cpp, line 1178]
Event: 0.604 Thread 0x00007f880800a000 Exception <a 'java/lang/UnsatisfiedLinkError': libvlc.so: cannot open shared object file: No such file or directory> (0x00000000ec699348) thrown at [/HUDSON/workspace/8-2-build-linux-amd64/jdk8u66/4988/hotspot/src/share/vm/prims/jni.cpp, line 735]
Event: 0.605 Thread 0x00007f880800a000 Exception <a 'java/lang/UnsatisfiedLinkError': libvlc.so: cannot open shared object file: No such file or directory> (0x00000000ec69a260) thrown at [/HUDSON/workspace/8-2-build-linux-amd64/jdk8u66/4988/hotspot/src/share/vm/prims/jni.cpp, line 735]

Events (10 events):
Event: 1.443 loading class javax/swing/plaf/DimensionUIResource
Event: 1.443 loading class javax/swing/plaf/DimensionUIResource done
Event: 1.443 loading class javax/swing/UIDefaults$LazyInputMap
Event: 1.443 loading class javax/swing/UIDefaults$LazyInputMap done
Event: 1.445 loading class javax/swing/plaf/metal/MetalLookAndFeel$FontActiveValue
Event: 1.445 loading class javax/swing/plaf/metal/MetalLookAndFeel$FontActiveValue done
Event: 1.448 loading class sun/swing/SwingUtilities2$AATextInfo
Event: 1.448 loading class sun/swing/SwingUtilities2$AATextInfo done
Event: 1.448 loading class sun/awt/HeadlessToolkit
Event: 1.448 loading class sun/awt/HeadlessToolkit done


Dynamic libraries:
00400000-00401000 r-xp 00000000 08:06 411928                             /usr/lib/jvm/java-8-oracle/bin/java
00600000-00601000 rw-p 00000000 08:06 411928                             /usr/lib/jvm/java-8-oracle/bin/java
01a43000-01a64000 rw-p 00000000 00:00 0                                  [heap]
c3a00000-c6380000 rw-p 00000000 00:00 0 
c6380000-ebe00000 ---p 00000000 00:00 0 
ebe00000-ed280000 rw-p 00000000 00:00 0 
ed280000-100000000 ---p 00000000 00:00 0 
100000000-100120000 rw-p 00000000 00:00 0 
100120000-140000000 ---p 00000000 00:00 0 
7f87ad421000-7f87ad425000 r-xp 00000000 08:06 265517                     /lib/x86_64-linux-gnu/libuuid.so.1.3.0
7f87ad425000-7f87ad624000 ---p 00004000 08:06 265517                     /lib/x86_64-linux-gnu/libuuid.so.1.3.0
7f87ad624000-7f87ad625000 r--p 00003000 08:06 265517                     /lib/x86_64-linux-gnu/libuuid.so.1.3.0
7f87ad625000-7f87ad626000 rw-p 00004000 08:06 265517                     /lib/x86_64-linux-gnu/libuuid.so.1.3.0
7f87ad626000-7f87ad62d000 r-xp 00000000 08:06 530346                     /usr/lib/x86_64-linux-gnu/libffi.so.6.0.1
7f87ad62d000-7f87ad82c000 ---p 00007000 08:06 530346                     /usr/lib/x86_64-linux-gnu/libffi.so.6.0.1
7f87ad82c000-7f87ad82d000 r--p 00006000 08:06 530346                     /usr/lib/x86_64-linux-gnu/libffi.so.6.0.1
7f87ad82d000-7f87ad82e000 rw-p 00007000 08:06 530346                     /usr/lib/x86_64-linux-gnu/libffi.so.6.0.1
7f87ad82e000-7f87ad86b000 r-xp 00000000 08:06 265436                     /lib/x86_64-linux-gnu/libpcre.so.3.13.1
7f87ad86b000-7f87ada6a000 ---p 0003d000 08:06 265436                     /lib/x86_64-linux-gnu/libpcre.so.3.13.1
7f87ada6a000-7f87ada6b000 r--p 0003c000 08:06 265436                     /lib/x86_64-linux-gnu/libpcre.so.3.13.1
7f87ada6b000-7f87ada6c000 rw-p 0003d000 08:06 265436                     /lib/x86_64-linux-gnu/libpcre.so.3.13.1
7f87ada6c000-7f87adacb000 r-xp 00000000 08:06 530103                     /usr/lib/x86_64-linux-gnu/libXt.so.6.0.0
7f87adacb000-7f87adccb000 ---p 0005f000 08:06 530103                     /usr/lib/x86_64-linux-gnu/libXt.so.6.0.0
7f87adccb000-7f87adccc000 r--p 0005f000 08:06 530103                     /usr/lib/x86_64-linux-gnu/libXt.so.6.0.0
7f87adccc000-7f87adcd1000 rw-p 00060000 08:06 530103                     /usr/lib/x86_64-linux-gnu/libXt.so.6.0.0
7f87adcd1000-7f87adcd2000 rw-p 00000000 00:00 0 
7f87adcd2000-7f87adcf9000 r-xp 00000000 08:06 265110                     /lib/x86_64-linux-gnu/libexpat.so.1.6.0
7f87adcf9000-7f87adef9000 ---p 00027000 08:06 265110                     /lib/x86_64-linux-gnu/libexpat.so.1.6.0
7f87adef9000-7f87adefb000 r--p 00027000 08:06 265110                     /lib/x86_64-linux-gnu/libexpat.so.1.6.0
7f87adefb000-7f87adefc000 rw-p 00029000 08:06 265110                     /lib/x86_64-linux-gnu/libexpat.so.1.6.0
7f87adefc000-7f87adf13000 r-xp 00000000 08:06 529934                     /usr/lib/x86_64-linux-gnu/libICE.so.6.3.0
7f87adf13000-7f87ae112000 ---p 00017000 08:06 529934                     /usr/lib/x86_64-linux-gnu/libICE.so.6.3.0
7f87ae112000-7f87ae113000 r--p 00016000 08:06 529934                     /usr/lib/x86_64-linux-gnu/libICE.so.6.3.0
7f87ae113000-7f87ae114000 rw-p 00017000 08:06 529934                     /usr/lib/x86_64-linux-gnu/libICE.so.6.3.0
7f87ae114000-7f87ae118000 rw-p 00000000 00:00 0 
7f87ae118000-7f87ae11f000 r-xp 00000000 08:06 530056                     /usr/lib/x86_64-linux-gnu/libSM.so.6.0.1
7f87ae11f000-7f87ae31e000 ---p 00007000 08:06 530056                     /usr/lib/x86_64-linux-gnu/libSM.so.6.0.1
7f87ae31e000-7f87ae31f000 r--p 00006000 08:06 530056                     /usr/lib/x86_64-linux-gnu/libSM.so.6.0.1
7f87ae31f000-7f87ae320000 rw-p 00007000 08:06 530056                     /usr/lib/x86_64-linux-gnu/libSM.so.6.0.1
7f87ae320000-7f87ae36f000 r-xp 00000000 08:06 530475                     /usr/lib/x86_64-linux-gnu/libgobject-2.0.so.0.4002.0
7f87ae36f000-7f87ae56f000 ---p 0004f000 08:06 530475                     /usr/lib/x86_64-linux-gnu/libgobject-2.0.so.0.4002.0
7f87ae56f000-7f87ae570000 r--p 0004f000 08:06 530475                     /usr/lib/x86_64-linux-gnu/libgobject-2.0.so.0.4002.0
7f87ae570000-7f87ae571000 rw-p 00050000 08:06 530475                     /usr/lib/x86_64-linux-gnu/libgobject-2.0.so.0.4002.0
7f87ae571000-7f87ae60e000 r-xp 00000000 08:06 539648                     /usr/lib/x86_64-linux-gnu/libfreetype.so.6.11.1
7f87ae60e000-7f87ae80d000 ---p 0009d000 08:06 539648                     /usr/lib/x86_64-linux-gnu/libfreetype.so.6.11.1
7f87ae80d000-7f87ae813000 r--p 0009c000 08:06 539648                     /usr/lib/x86_64-linux-gnu/libfreetype.so.6.11.1
7f87ae813000-7f87ae814000 rw-p 000a2000 08:06 539648                     /usr/lib/x86_64-linux-gnu/libfreetype.so.6.11.1
7f87ae814000-7f87ae82c000 r-xp 00000000 08:06 265703                     /lib/x86_64-linux-gnu/libz.so.1.2.8
7f87ae82c000-7f87aea2b000 ---p 00018000 08:06 265703                     /lib/x86_64-linux-gnu/libz.so.1.2.8
7f87aea2b000-7f87aea2c000 r--p 00017000 08:06 265703                     /lib/x86_64-linux-gnu/libz.so.1.2.8
7f87aea2c000-7f87aea2d000 rw-p 00018000 08:06 265703                     /lib/x86_64-linux-gnu/libz.so.1.2.8
7f87aea2d000-7f87aea52000 r-xp 00000000 08:06 265655                     /lib/x86_64-linux-gnu/libpng12.so.0.50.0
7f87aea52000-7f87aec51000 ---p 00025000 08:06 265655                     /lib/x86_64-linux-gnu/libpng12.so.0.50.0
7f87aec51000-7f87aec52000 r--p 00024000 08:06 265655                     /lib/x86_64-linux-gnu/libpng12.so.0.50.0
7f87aec52000-7f87aec53000 rw-p 00025000 08:06 265655                     /lib/x86_64-linux-gnu/libpng12.so.0.50.0
7f87aec53000-7f87aed59000 r-xp 00000000 08:06 265571                     /lib/x86_64-linux-gnu/libglib-2.0.so.0.4002.0
7f87aed59000-7f87aef58000 ---p 00106000 08:06 265571                     /lib/x86_64-linux-gnu/libglib-2.0.so.0.4002.0
7f87aef58000-7f87aef59000 r--p 00105000 08:06 265571                     /lib/x86_64-linux-gnu/libglib-2.0.so.0.4002.0
7f87aef59000-7f87aef5a000 rw-p 00106000 08:06 265571                     /lib/x86_64-linux-gnu/libglib-2.0.so.0.4002.0
7f87aef5a000-7f87aef5b000 rw-p 00000000 00:00 0 
7f87aef5b000-7f87aef72000 r-xp 00000000 08:06 530166                     /usr/lib/x86_64-linux-gnu/libaudio.so.2.4
7f87aef72000-7f87af171000 ---p 00017000 08:06 530166                     /usr/lib/x86_64-linux-gnu/libaudio.so.2.4
7f87af171000-7f87af172000 r--p 00016000 08:06 530166                     /usr/lib/x86_64-linux-gnu/libaudio.so.2.4
7f87af172000-7f87af173000 rw-p 00017000 08:06 530166                     /usr/lib/x86_64-linux-gnu/libaudio.so.2.4
7f87af173000-7f87af1ad000 r-xp 00000000 08:06 530360                     /usr/lib/x86_64-linux-gnu/libfontconfig.so.1.8.0
7f87af1ad000-7f87af3ac000 ---p 0003a000 08:06 530360                     /usr/lib/x86_64-linux-gnu/libfontconfig.so.1.8.0
7f87af3ac000-7f87af3ae000 r--p 00039000 08:06 530360                     /usr/lib/x86_64-linux-gnu/libfontconfig.so.1.8.0
7f87af3ae000-7f87af3af000 rw-p 0003b000 08:06 530360                     /usr/lib/x86_64-linux-gnu/libfontconfig.so.1.8.0
7f87af3af000-7f87afe15000 r-xp 00000000 08:06 522879                     /usr/lib/x86_64-linux-gnu/libQtGui.so.4.8.6
7f87afe15000-7f87b0015000 ---p 00a66000 08:06 522879                     /usr/lib/x86_64-linux-gnu/libQtGui.so.4.8.6
7f87b0015000-7f87b0057000 r--p 00a66000 08:06 522879                     /usr/lib/x86_64-linux-gnu/libQtGui.so.4.8.6
7f87b0057000-7f87b005e000 rw-p 00aa8000 08:06 522879                     /usr/lib/x86_64-linux-gnu/libQtGui.so.4.8.6
7f87b005e000-7f87b0062000 rw-p 00000000 00:00 0 
7f87b0062000-7f87b0065000 r-xp 00000000 08:06 530850                     /usr/lib/x86_64-linux-gnu/libpulse-simple.so.0.0.4
7f87b0065000-7f87b0264000 ---p 00003000 08:06 530850                     /usr/lib/x86_64-linux-gnu/libpulse-simple.so.0.0.4
7f87b0264000-7f87b0265000 r--p 00002000 08:06 530850                     /usr/lib/x86_64-linux-gnu/libpulse-simple.so.0.0.4
7f87b0265000-7f87b0266000 rw-p 00003000 08:06 530850                     /usr/lib/x86_64-linux-gnu/libpulse-simple.so.0.0.4
7f87b02ed000-7f87b05c5000 r-xp 00000000 08:06 530043                     /usr/lib/x86_64-linux-gnu/libQtCore.so.4.8.6
7f87b05c5000-7f87b07c5000 ---p 002d8000 08:06 530043                     /usr/lib/x86_64-linux-gnu/libQtCore.so.4.8.6
7f87b07c5000-7f87b07d0000 r--p 002d8000 08:06 530043                     /usr/lib/x86_64-linux-gnu/libQtCore.so.4.8.6
7f87b07d0000-7f87b07d1000 rw-p 002e3000 08:06 530043                     /usr/lib/x86_64-linux-gnu/libQtCore.so.4.8.6
7f87b07d1000-7f87b07d2000 rw-p 00000000 00:00 0 
7f87b07d2000-7f87b0a34000 r-xp 00000000 08:06 413116                     /usr/lib/vlc/plugins/gui/libqt4_plugin.so
7f87b0a34000-7f87b0c33000 ---p 00262000 08:06 413116                     /usr/lib/vlc/plugins/gui/libqt4_plugin.so
7f87b0c33000-7f87b0c4c000 r--p 00261000 08:06 413116                     /usr/lib/vlc/plugins/gui/libqt4_plugin.so
7f87b0c4c000-7f87b0c50000 rw-p 0027a000 08:06 413116                     /usr/lib/vlc/plugins/gui/libqt4_plugin.so
7f87b0c50000-7f87b0c56000 r-xp 00000000 08:06 546092                     /usr/lib/x86_64-linux-gnu/libxcb-xv.so.0.0.0
7f87b0c56000-7f87b0e55000 ---p 00006000 08:06 546092                     /usr/lib/x86_64-linux-gnu/libxcb-xv.so.0.0.0
7f87b0e55000-7f87b0e56000 r--p 00005000 08:06 546092                     /usr/lib/x86_64-linux-gnu/libxcb-xv.so.0.0.0
7f87b0e56000-7f87b0e57000 rw-p 00006000 08:06 546092                     /usr/lib/x86_64-linux-gnu/libxcb-xv.so.0.0.0
7f87b0e57000-7f87b0e5e000 r-xp 00000000 08:06 413105                     /usr/lib/vlc/plugins/video_output/libxcb_xv_plugin.so
7f87b0e5e000-7f87b105d000 ---p 00007000 08:06 413105                     /usr/lib/vlc/plugins/video_output/libxcb_xv_plugin.so
7f87b105d000-7f87b105e000 r--p 00006000 08:06 413105                     /usr/lib/vlc/plugins/video_output/libxcb_xv_plugin.so
7f87b105e000-7f87b105f000 rw-p 00007000 08:06 413105                     /usr/lib/vlc/plugins/video_output/libxcb_xv_plugin.so
7f87b105f000-7f87b10e2000 r-xp 00000000 08:06 526635                     /usr/lib/x86_64-linux-gnu/libdirac_encoder.so.0.1.0
7f87b10e2000-7f87b12e1000 ---p 00083000 08:06 526635                     /usr/lib/x86_64-linux-gnu/libdirac_encoder.so.0.1.0
7f87b12e1000-7f87b12e4000 r--p 00082000 08:06 526635                     /usr/lib/x86_64-linux-gnu/libdirac_encoder.so.0.1.0
7f87b12e4000-7f87b12e5000 rw-p 00085000 08:06 526635                     /usr/lib/x86_64-linux-gnu/libdirac_encoder.so.0.1.0
7f87b12e5000-7f87b12e6000 rw-p 00000000 00:00 0 
7f87b12e9000-7f87b12eb000 r-xp 00000000 08:06 531122                     /usr/lib/x86_64-linux-gnu/libxcb-shm.so.0.0.0
7f87b12eb000-7f87b14ea000 ---p 00002000 08:06 531122                     /usr/lib/x86_64-linux-gnu/libxcb-shm.so.0.0.0
7f87b14ea000-7f87b14eb000 r--p 00001000 08:06 531122                     /usr/lib/x86_64-linux-gnu/libxcb-shm.so.0.0.0
7f87b14eb000-7f87b14ec000 rw-p 00002000 08:06 531122                     /usr/lib/x86_64-linux-gnu/libxcb-shm.so.0.0.0
7f87b14ec000-7f87b14f4000 r-xp 00000000 08:06 265602                     /lib/x86_64-linux-gnu/libnih-dbus.so.1.0.0
7f87b14f4000-7f87b16f4000 ---p 00008000 08:06 265602                     /lib/x86_64-linux-gnu/libnih-dbus.so.1.0.0
7f87b16f4000-7f87b16f5000 r--p 00008000 08:06 265602                     /lib/x86_64-linux-gnu/libnih-dbus.so.1.0.0
7f87b16f5000-7f87b16f6000 rw-p 00009000 08:06 265602                     /lib/x86_64-linux-gnu/libnih-dbus.so.1.0.0
7f87b16f6000-7f87b170d000 r-xp 00000000 08:06 265604                     /lib/x86_64-linux-gnu/libnih.so.1.0.0
7f87b170d000-7f87b190c000 ---p 00017000 08:06 265604                     /lib/x86_64-linux-gnu/libnih.so.1.0.0
7f87b190c000-7f87b190d000 r--p 00016000 08:06 265604                     /lib/x86_64-linux-gnu/libnih.so.1.0.0
7f87b190d000-7f87b190e000 rw-p 00017000 08:06 265604                     /lib/x86_64-linux-gnu/libnih.so.1.0.0
7f87b190e000-7f87b1927000 r-xp 00000000 08:06 265465                     /lib/x86_64-linux-gnu/libcgmanager.so.0.0.0
7f87b1927000-7f87b1b26000 ---p 00019000 08:06 265465                     /lib/x86_64-linux-gnu/libcgmanager.so.0.0.0
7f87b1b26000-7f87b1b28000 r--p 00018000 08:06 265465                     /lib/x86_64-linux-gnu/libcgmanager.so.0.0.0
7f87b1b28000-7f87b1b29000 rw-p 0001a000 08:06 265465                     /lib/x86_64-linux-gnu/libcgmanager.so.0.0.0
7f87b1b29000-7f87b1b2d000 r-xp 00000000 08:06 265573                     /lib/x86_64-linux-gnu/libgpg-error.so.0.10.0
7f87b1b2d000-7f87b1d2c000 ---p 00004000 08:06 265573                     /lib/x86_64-linux-gnu/libgpg-error.so.0.10.0
7f87b1d2c000-7f87b1d2d000 r--p 00003000 08:06 265573                     /lib/x86_64-linux-gnu/libgpg-error.so.0.10.0
7f87b1d2d000-7f87b1d2e000 rw-p 00004000 08:06 265573                     /lib/x86_64-linux-gnu/libgpg-error.so.0.10.0
7f87b1d2e000-7f87b1d3e000 r-xp 00000000 08:06 298110                     /lib/x86_64-linux-gnu/libudev.so.1.3.5
7f87b1d3e000-7f87b1f3d000 ---p 00010000 08:06 298110                     /lib/x86_64-linux-gnu/libudev.so.1.3.5
7f87b1f3d000-7f87b1f3e000 r--p 0000f000 08:06 298110                     /lib/x86_64-linux-gnu/libudev.so.1.3.5
7f87b1f3e000-7f87b1f3f000 rw-p 00010000 08:06 298110                     /lib/x86_64-linux-gnu/libudev.so.1.3.5
7f87b1f3f000-7f87b1fbb000 r-xp 00000000 08:06 265547                     /lib/x86_64-linux-gnu/libgcrypt.so.11.8.2
7f87b1fbb000-7f87b21bb000 ---p 0007c000 08:06 265547                     /lib/x86_64-linux-gnu/libgcrypt.so.11.8.2
7f87b21bb000-7f87b21bc000 r--p 0007c000 08:06 265547                     /lib/x86_64-linux-gnu/libgcrypt.so.11.8.2
7f87b21bc000-7f87b21bf000 rw-p 0007d000 08:06 265547                     /lib/x86_64-linux-gnu/libgcrypt.so.11.8.2
7f87b21bf000-7f87b21d4000 r-xp 00000000 08:06 265694                     /lib/x86_64-linux-gnu/libusb-1.0.so.0.1.0
7f87b21d4000-7f87b23d4000 ---p 00015000 08:06 265694                     /lib/x86_64-linux-gnu/libusb-1.0.so.0.1.0
7f87b23d4000-7f87b23d5000 r--p 00015000 08:06 265694                     /lib/x86_64-linux-gnu/libusb-1.0.so.0.1.0
7f87b23d5000-7f87b23d6000 rw-p 00016000 08:06 265694                     /lib/x86_64-linux-gnu/libusb-1.0.so.0.1.0
7f87b23d6000-7f87b2426000 r-xp 00000000 08:06 530720                     /usr/lib/x86_64-linux-gnu/libmtp.so.9.1.0
7f87b2426000-7f87b2625000 ---p 00050000 08:06 530720                     /usr/lib/x86_64-linux-gnu/libmtp.so.9.1.0
7f87b2625000-7f87b262b000 r--p 0004f000 08:06 530720                     /usr/lib/x86_64-linux-gnu/libmtp.so.9.1.0
7f87b262b000-7f87b2635000 rw-p 00055000 08:06 530720                     /usr/lib/x86_64-linux-gnu/libmtp.so.9.1.0
7f87b2635000-7f87b271b000 r-xp 00000000 08:06 524368                     /usr/lib/x86_64-linux-gnu/libstdc++.so.6.0.19
7f87b271b000-7f87b291a000 ---p 000e6000 08:06 524368                     /usr/lib/x86_64-linux-gnu/libstdc++.so.6.0.19
7f87b291a000-7f87b2922000 r--p 000e5000 08:06 524368                     /usr/lib/x86_64-linux-gnu/libstdc++.so.6.0.19
7f87b2922000-7f87b2924000 rw-p 000ed000 08:06 524368                     /usr/lib/x86_64-linux-gnu/libstdc++.so.6.0.19
7f87b2924000-7f87b2939000 rw-p 00000000 00:00 0 
7f87b294e000-7f87b2950000 r-xp 00000000 08:06 412929                     /usr/lib/vlc/plugins/services_discovery/libmtp_plugin.so
7f87b2950000-7f87b2b4f000 ---p 00002000 08:06 412929                     /usr/lib/vlc/plugins/services_discovery/libmtp_plugin.so
7f87b2b4f000-7f87b2b50000 r--p 00001000 08:06 412929                     /usr/lib/vlc/plugins/services_discovery/libmtp_plugin.so
7f87b2b50000-7f87b2b51000 rw-p 00002000 08:06 412929                     /usr/lib/vlc/plugins/services_discovery/libmtp_plugin.so
7f87b2b51000-7f87b2c3a000 r-xp 00000000 08:06 530146                     /usr/lib/x86_64-linux-gnu/libasound.so.2.0.0
7f87b2c3a000-7f87b2e39000 ---p 000e9000 08:06 530146                     /usr/lib/x86_64-linux-gnu/libasound.so.2.0.0
7f87b2e39000-7f87b2e40000 r--p 000e8000 08:06 530146                     /usr/lib/x86_64-linux-gnu/libasound.so.2.0.0
7f87b2e40000-7f87b2e41000 rw-p 000ef000 08:06 530146                     /usr/lib/x86_64-linux-gnu/libasound.so.2.0.0
7f87b2e41000-7f87b2e58000 r-xp 00000000 08:06 261127                     /lib/x86_64-linux-gnu/libresolv-2.19.so
7f87b2e58000-7f87b3058000 ---p 00017000 08:06 261127                     /lib/x86_64-linux-gnu/libresolv-2.19.so
7f87b3058000-7f87b3059000 r--p 00017000 08:06 261127                     /lib/x86_64-linux-gnu/libresolv-2.19.so
7f87b3059000-7f87b305a000 rw-p 00018000 08:06 261127                     /lib/x86_64-linux-gnu/libresolv-2.19.so
7f87b305a000-7f87b305c000 rw-p 00000000 00:00 0 
7f87b305c000-7f87b3063000 r-xp 00000000 08:06 530783                     /usr/lib/x86_64-linux-gnu/libogg.so.0.8.1
7f87b3063000-7f87b3263000 ---p 00007000 08:06 530783                     /usr/lib/x86_64-linux-gnu/libogg.so.0.8.1
7f87b3263000-7f87b3264000 r--p 00007000 08:06 530783                     /usr/lib/x86_64-linux-gnu/libogg.so.0.8.1
7f87b3264000-7f87b3265000 rw-p 00008000 08:06 530783                     /usr/lib/x86_64-linux-gnu/libogg.so.0.8.1
7f87b3265000-7f87b3291000 r-xp 00000000 08:06 531059                     /usr/lib/x86_64-linux-gnu/libvorbis.so.0.4.5
7f87b3291000-7f87b3490000 ---p 0002c000 08:06 531059                     /usr/lib/x86_64-linux-gnu/libvorbis.so.0.4.5
7f87b3490000-7f87b3491000 r--p 0002b000 08:06 531059                     /usr/lib/x86_64-linux-gnu/libvorbis.so.0.4.5
7f87b3491000-7f87b3492000 rw-p 0002c000 08:06 531059                     /usr/lib/x86_64-linux-gnu/libvorbis.so.0.4.5
7f87b3492000-7f87b3745000 r-xp 00000000 08:06 531061                     /usr/lib/x86_64-linux-gnu/libvorbisenc.so.2.0.8
7f87b3745000-7f87b3944000 ---p 002b3000 08:06 531061                     /usr/lib/x86_64-linux-gnu/libvorbisenc.so.2.0.8
7f87b3944000-7f87b3960000 r--p 002b2000 08:06 531061                     /usr/lib/x86_64-linux-gnu/libvorbisenc.so.2.0.8
7f87b3960000-7f87b3961000 rw-p 002ce000 08:06 531061                     /usr/lib/x86_64-linux-gnu/libvorbisenc.so.2.0.8
7f87b3961000-7f87b3991000 r-xp 00000000 08:06 529922                     /usr/lib/x86_64-linux-gnu/libFLAC.so.8.3.0
7f87b3991000-7f87b3b90000 ---p 00030000 08:06 529922                     /usr/lib/x86_64-linux-gnu/libFLAC.so.8.3.0
7f87b3b90000-7f87b3b91000 r--p 0002f000 08:06 529922                     /usr/lib/x86_64-linux-gnu/libFLAC.so.8.3.0
7f87b3b91000-7f87b3b92000 rw-p 00030000 08:06 529922                     /usr/lib/x86_64-linux-gnu/libFLAC.so.8.3.0
7f87b3b92000-7f87b3b97000 r-xp 00000000 08:06 530154                     /usr/lib/x86_64-linux-gnu/libasyncns.so.0.3.1
7f87b3b97000-7f87b3d96000 ---p 00005000 08:06 530154                     /usr/lib/x86_64-linux-gnu/libasyncns.so.0.3.1
7f87b3d96000-7f87b3d97000 r--p 00004000 08:06 530154                     /usr/lib/x86_64-linux-gnu/libasyncns.so.0.3.1
7f87b3d97000-7f87b3d98000 rw-p 00005000 08:06 530154                     /usr/lib/x86_64-linux-gnu/libasyncns.so.0.3.1
7f87b3d98000-7f87b3df9000 r-xp 00000000 08:06 530940                     /usr/lib/x86_64-linux-gnu/libsndfile.so.1.0.25
7f87b3df9000-7f87b3ff9000 ---p 00061000 08:06 530940                     /usr/lib/x86_64-linux-gnu/libsndfile.so.1.0.25
7f87b3ff9000-7f87b3ffb000 r--p 00061000 08:06 530940                     /usr/lib/x86_64-linux-gnu/libsndfile.so.1.0.25
7f87b3ffb000-7f87b3ffc000 rw-p 00063000 08:06 530940                     /usr/lib/x86_64-linux-gnu/libsndfile.so.1.0.25
7f87b3ffc000-7f87b4000000 rw-p 00000000 00:00 0 
7f87b4000000-7f87b4021000 rw-p 00000000 00:00 0 
7f87b4021000-7f87b8000000 ---p 00000000 00:00 0 
7f87b8000000-7f87b8021000 rw-p 00000000 00:00 0 
7f87b8021000-7f87bc000000 ---p 00000000 00:00 0 
7f87bc000000-7f87bc021000 rw-p 00000000 00:00 0 
7f87bc021000-7f87c0000000 ---p 00000000 00:00 0 
7f87c0000000-7f87c0021000 rw-p 00000000 00:00 0 
7f87c0021000-7f87c4000000 ---p 00000000 00:00 0 
7f87c4000000-7f87c4228000 rw-p 00000000 00:00 0 
7f87c4228000-7f87c8000000 ---p 00000000 00:00 0 
7f87c8000000-7f87c8221000 rw-p 00000000 00:00 0 
7f87c8221000-7f87cc000000 ---p 00000000 00:00 0 
7f87cc000000-7f87cc021000 rw-p 00000000 00:00 0 
7f87cc021000-7f87d0000000 ---p 00000000 00:00 0 
7f87d0000000-7f87d01bb000 rw-p 00000000 00:00 0 
7f87d01bb000-7f87d4000000 ---p 00000000 00:00 0 
7f87d4000000-7f87d4021000 rw-p 00000000 00:00 0 
7f87d4021000-7f87d8000000 ---p 00000000 00:00 0 
7f87d8000000-7f87d8021000 rw-p 00000000 00:00 0 
7f87d8021000-7f87dc000000 ---p 00000000 00:00 0 
7f87dc000000-7f87dc021000 rw-p 00000000 00:00 0 
7f87dc021000-7f87e0000000 ---p 00000000 00:00 0 
7f87e0000000-7f87e0021000 rw-p 00000000 00:00 0 
7f87e0021000-7f87e4000000 ---p 00000000 00:00 0 
7f87e4000000-7f87e4021000 rw-p 00000000 00:00 0 
7f87e4021000-7f87e8000000 ---p 00000000 00:00 0 
7f87e8143000-7f87e814b000 r-xp 00000000 08:06 265700                     /lib/x86_64-linux-gnu/libwrap.so.0.7.6
7f87e814b000-7f87e834a000 ---p 00008000 08:06 265700                     /lib/x86_64-linux-gnu/libwrap.so.0.7.6
7f87e834a000-7f87e834b000 r--p 00007000 08:06 265700                     /lib/x86_64-linux-gnu/libwrap.so.0.7.6
7f87e834b000-7f87e834c000 rw-p 00008000 08:06 265700                     /lib/x86_64-linux-gnu/libwrap.so.0.7.6
7f87e834c000-7f87e834d000 rw-p 00000000 00:00 0 
7f87e834d000-7f87e83b3000 r-xp 00000000 08:06 783969                     /usr/lib/x86_64-linux-gnu/pulseaudio/libpulsecommon-4.0.so
7f87e83b3000-7f87e85b2000 ---p 00066000 08:06 783969                     /usr/lib/x86_64-linux-gnu/pulseaudio/libpulsecommon-4.0.so
7f87e85b2000-7f87e85b3000 r--p 00065000 08:06 783969                     /usr/lib/x86_64-linux-gnu/pulseaudio/libpulsecommon-4.0.so
7f87e85b3000-7f87e85b4000 rw-p 00066000 08:06 783969                     /usr/lib/x86_64-linux-gnu/pulseaudio/libpulsecommon-4.0.so
7f87e85b4000-7f87e85be000 r-xp 00000000 08:06 265580                     /lib/x86_64-linux-gnu/libjson-c.so.2.0.0
7f87e85be000-7f87e87bd000 ---p 0000a000 08:06 265580                     /lib/x86_64-linux-gnu/libjson-c.so.2.0.0
7f87e87bd000-7f87e87be000 r--p 00009000 08:06 265580                     /lib/x86_64-linux-gnu/libjson-c.so.2.0.0
7f87e87be000-7f87e87bf000 rw-p 0000a000 08:06 265580                     /lib/x86_64-linux-gnu/libjson-c.so.2.0.0
7f87e87bf000-7f87e8806000 r-xp 00000000 08:06 530852                     /usr/lib/x86_64-linux-gnu/libpulse.so.0.16.2
7f87e8806000-7f87e8a06000 ---p 00047000 08:06 530852                     /usr/lib/x86_64-linux-gnu/libpulse.so.0.16.2
7f87e8a06000-7f87e8a07000 r--p 00047000 08:06 530852                     /usr/lib/x86_64-linux-gnu/libpulse.so.0.16.2
7f87e8a07000-7f87e8a08000 rw-p 00048000 08:06 530852                     /usr/lib/x86_64-linux-gnu/libpulse.so.0.16.2
7f87e8a09000-7f87e8a0e000 r-xp 00000000 08:06 412892                     /usr/lib/vlc/plugins/audio_output/libalsa_plugin.so
7f87e8a0e000-7f87e8c0d000 ---p 00005000 08:06 412892                     /usr/lib/vlc/plugins/audio_output/libalsa_plugin.so
7f87e8c0d000-7f87e8c0e000 r--p 00004000 08:06 412892                     /usr/lib/vlc/plugins/audio_output/libalsa_plugin.so
7f87e8c0e000-7f87e8c0f000 rw-p 00005000 08:06 412892                     /usr/lib/vlc/plugins/audio_output/libalsa_plugin.so
7f87e8c0f000-7f87e8c53000 r-xp 00000000 08:06 265554                     /lib/x86_64-linux-gnu/libdbus-1.so.3.7.6
7f87e8c53000-7f87e8e52000 ---p 00044000 08:06 265554                     /lib/x86_64-linux-gnu/libdbus-1.so.3.7.6
7f87e8e52000-7f87e8e53000 r--p 00043000 08:06 265554                     /lib/x86_64-linux-gnu/libdbus-1.so.3.7.6
7f87e8e53000-7f87e8e54000 rw-p 00044000 08:06 265554                     /lib/x86_64-linux-gnu/libdbus-1.so.3.7.6
7f87e8e54000-7f87e8e85000 r-xp 00000000 08:06 530638                     /usr/lib/x86_64-linux-gnu/libidn.so.11.6.11
7f87e8e85000-7f87e9085000 ---p 00031000 08:06 530638                     /usr/lib/x86_64-linux-gnu/libidn.so.11.6.11
7f87e9085000-7f87e9086000 r--p 00031000 08:06 530638                     /usr/lib/x86_64-linux-gnu/libidn.so.11.6.11
7f87e9086000-7f87e9087000 rw-p 00032000 08:06 530638                     /usr/lib/x86_64-linux-gnu/libidn.so.11.6.11
7f87e9087000-7f87e9165000 r-xp 00000000 08:06 412641                     /usr/lib/libvlccore.so.7.0.0
7f87e9165000-7f87e9365000 ---p 000de000 08:06 412641                     /usr/lib/libvlccore.so.7.0.0
7f87e9365000-7f87e9368000 r--p 000de000 08:06 412641                     /usr/lib/libvlccore.so.7.0.0
7f87e9368000-7f87e9369000 rw-p 000e1000 08:06 412641                     /usr/lib/libvlccore.so.7.0.0
7f87e9369000-7f87e9383000 r-xp 00000000 08:06 412644                     /usr/lib/libvlc.so.5.4.0
7f87e9383000-7f87e9582000 ---p 0001a000 08:06 412644                     /usr/lib/libvlc.so.5.4.0
7f87e9582000-7f87e9583000 r--p 00019000 08:06 412644                     /usr/lib/libvlc.so.5.4.0
7f87e9583000-7f87e9584000 rw-p 0001a000 08:06 412644                     /usr/lib/libvlc.so.5.4.0
7f87e9584000-7f87e9585000 r-xp 00000000 08:06 414495                     /usr/lib/jvm/java-8-oracle/jre/lib/amd64/libjawt.so
7f87e9585000-7f87e9784000 ---p 00001000 08:06 414495                     /usr/lib/jvm/java-8-oracle/jre/lib/amd64/libjawt.so
7f87e9784000-7f87e9785000 rw-p 00000000 08:06 414495                     /usr/lib/jvm/java-8-oracle/jre/lib/amd64/libjawt.so
7f87e9785000-7f87e9788000 ---p 00000000 00:00 0 
7f87e9788000-7f87e9886000 rw-p 00000000 00:00 0                          [stack:13075]
7f87e9886000-7f87e988b000 r-xp 00000000 08:06 522501                     /usr/lib/x86_64-linux-gnu/libXfixes.so.3.1.0
7f87e988b000-7f87e9a8a000 ---p 00005000 08:06 522501                     /usr/lib/x86_64-linux-gnu/libXfixes.so.3.1.0
7f87e9a8a000-7f87e9a8b000 r--p 00004000 08:06 522501                     /usr/lib/x86_64-linux-gnu/libXfixes.so.3.1.0
7f87e9a8b000-7f87e9a8c000 rw-p 00005000 08:06 522501                     /usr/lib/x86_64-linux-gnu/libXfixes.so.3.1.0
7f87e9a8c000-7f87e9a95000 r-xp 00000000 08:06 530071                     /usr/lib/x86_64-linux-gnu/libXcursor.so.1.0.2
7f87e9a95000-7f87e9c94000 ---p 00009000 08:06 530071                     /usr/lib/x86_64-linux-gnu/libXcursor.so.1.0.2
7f87e9c94000-7f87e9c95000 r--p 00008000 08:06 530071                     /usr/lib/x86_64-linux-gnu/libXcursor.so.1.0.2
7f87e9c95000-7f87e9c96000 rw-p 00009000 08:06 530071                     /usr/lib/x86_64-linux-gnu/libXcursor.so.1.0.2
7f87e9c96000-7f87e9c99000 ---p 00000000 00:00 0 
7f87e9c99000-7f87e9d97000 rw-p 00000000 00:00 0                          [stack:13074]
7f87e9d97000-7f87e9dad000 r-xp 00000000 08:06 265567                     /lib/x86_64-linux-gnu/libgcc_s.so.1
7f87e9dad000-7f87e9fac000 ---p 00016000 08:06 265567                     /lib/x86_64-linux-gnu/libgcc_s.so.1
7f87e9fac000-7f87e9fad000 rw-p 00015000 08:06 265567                     /lib/x86_64-linux-gnu/libgcc_s.so.1
7f87e9fad000-7f87ea012000 r-xp 00000000 08:06 414526                     /usr/lib/jvm/java-8-oracle/jre/lib/amd64/libfontmanager.so
7f87ea012000-7f87ea212000 ---p 00065000 08:06 414526                     /usr/lib/jvm/java-8-oracle/jre/lib/amd64/libfontmanager.so
7f87ea212000-7f87ea216000 rw-p 00065000 08:06 414526                     /usr/lib/jvm/java-8-oracle/jre/lib/amd64/libfontmanager.so
7f87ea216000-7f87ea227000 rw-p 00000000 00:00 0 
7f87ea227000-7f87ea23e000 r-xp 00000000 08:06 13624                      /tmp/jna-jony/jna845108644691193063.tmp (deleted)
7f87ea23e000-7f87ea33d000 ---p 00017000 08:06 13624                      /tmp/jna-jony/jna845108644691193063.tmp (deleted)
7f87ea33d000-7f87ea33e000 rw-p 00016000 08:06 13624                      /tmp/jna-jony/jna845108644691193063.tmp (deleted)
7f87ea33e000-7f87ea33f000 rw-p 00000000 00:00 0 
7f87ea33f000-7f87ea344000 r-xp 00000000 08:06 530075                     /usr/lib/x86_64-linux-gnu/libXdmcp.so.6.0.0
7f87ea344000-7f87ea543000 ---p 00005000 08:06 530075                     /usr/lib/x86_64-linux-gnu/libXdmcp.so.6.0.0
7f87ea543000-7f87ea544000 r--p 00004000 08:06 530075                     /usr/lib/x86_64-linux-gnu/libXdmcp.so.6.0.0
7f87ea544000-7f87ea545000 rw-p 00005000 08:06 530075                     /usr/lib/x86_64-linux-gnu/libXdmcp.so.6.0.0
7f87ea545000-7f87ea547000 r-xp 00000000 08:06 530064                     /usr/lib/x86_64-linux-gnu/libXau.so.6.0.0
7f87ea547000-7f87ea747000 ---p 00002000 08:06 530064                     /usr/lib/x86_64-linux-gnu/libXau.so.6.0.0
7f87ea747000-7f87ea748000 r--p 00002000 08:06 530064                     /usr/lib/x86_64-linux-gnu/libXau.so.6.0.0
7f87ea748000-7f87ea749000 rw-p 00003000 08:06 530064                     /usr/lib/x86_64-linux-gnu/libXau.so.6.0.0
7f87ea749000-7f87ea766000 r-xp 00000000 08:06 531132                     /usr/lib/x86_64-linux-gnu/libxcb.so.1.1.0
7f87ea766000-7f87ea966000 ---p 0001d000 08:06 531132                     /usr/lib/x86_64-linux-gnu/libxcb.so.1.1.0
7f87ea966000-7f87ea967000 r--p 0001d000 08:06 531132                     /usr/lib/x86_64-linux-gnu/libxcb.so.1.1.0
7f87ea967000-7f87ea968000 rw-p 0001e000 08:06 531132                     /usr/lib/x86_64-linux-gnu/libxcb.so.1.1.0
7f87ea968000-7f87ea977000 r-xp 00000000 08:06 522608                     /usr/lib/x86_64-linux-gnu/libXi.so.6.1.0
7f87ea977000-7f87eab76000 ---p 0000f000 08:06 522608                     /usr/lib/x86_64-linux-gnu/libXi.so.6.1.0
7f87eab76000-7f87eab77000 r--p 0000e000 08:06 522608                     /usr/lib/x86_64-linux-gnu/libXi.so.6.1.0
7f87eab77000-7f87eab78000 rw-p 0000f000 08:06 522608                     /usr/lib/x86_64-linux-gnu/libXi.so.6.1.0
7f87eab78000-7f87eab7d000 r-xp 00000000 08:06 530105                     /usr/lib/x86_64-linux-gnu/libXtst.so.6.1.0
7f87eab7d000-7f87ead7c000 ---p 00005000 08:06 530105                     /usr/lib/x86_64-linux-gnu/libXtst.so.6.1.0
7f87ead7c000-7f87ead7d000 r--p 00004000 08:06 530105                     /usr/lib/x86_64-linux-gnu/libXtst.so.6.1.0
7f87ead7d000-7f87ead7e000 rw-p 00005000 08:06 530105                     /usr/lib/x86_64-linux-gnu/libXtst.so.6.1.0
7f87ead7e000-7f87ead87000 r-xp 00000000 08:06 522612                     /usr/lib/x86_64-linux-gnu/libXrender.so.1.3.0
7f87ead87000-7f87eaf86000 ---p 00009000 08:06 522612                     /usr/lib/x86_64-linux-gnu/libXrender.so.1.3.0
7f87eaf86000-7f87eaf87000 r--p 00008000 08:06 522612                     /usr/lib/x86_64-linux-gnu/libXrender.so.1.3.0
7f87eaf87000-7f87eaf88000 rw-p 00009000 08:06 522612                     /usr/lib/x86_64-linux-gnu/libXrender.so.1.3.0
7f87eaf88000-7f87eb0b8000 r-xp 00000000 08:06 530060                     /usr/lib/x86_64-linux-gnu/libX11.so.6.3.0
7f87eb0b8000-7f87eb2b8000 ---p 00130000 08:06 530060                     /usr/lib/x86_64-linux-gnu/libX11.so.6.3.0
7f87eb2b8000-7f87eb2b9000 r--p 00130000 08:06 530060                     /usr/lib/x86_64-linux-gnu/libX11.so.6.3.0
7f87eb2b9000-7f87eb2bd000 rw-p 00131000 08:06 530060                     /usr/lib/x86_64-linux-gnu/libX11.so.6.3.0
7f87eb2bd000-7f87eb2ce000 r-xp 00000000 08:06 522564                     /usr/lib/x86_64-linux-gnu/libXext.so.6.4.0
7f87eb2ce000-7f87eb4cd000 ---p 00011000 08:06 522564                     /usr/lib/x86_64-linux-gnu/libXext.so.6.4.0
7f87eb4cd000-7f87eb4ce000 r--p 00010000 08:06 522564                     /usr/lib/x86_64-linux-gnu/libXext.so.6.4.0
7f87eb4ce000-7f87eb4cf000 rw-p 00011000 08:06 522564                     /usr/lib/x86_64-linux-gnu/libXext.so.6.4.0
7f87eb4cf000-7f87eb523000 r-xp 00000000 08:06 414472                     /usr/lib/jvm/java-8-oracle/jre/lib/amd64/libawt_xawt.so
7f87eb523000-7f87eb723000 ---p 00054000 08:06 414472                     /usr/lib/jvm/java-8-oracle/jre/lib/amd64/libawt_xawt.so
7f87eb723000-7f87eb727000 rw-p 00054000 08:06 414472                     /usr/lib/jvm/java-8-oracle/jre/lib/amd64/libawt_xawt.so
7f87eb727000-7f87eb728000 rw-p 00000000 00:00 0 
7f87eb728000-7f87eb7ca000 r-xp 00000000 08:06 414471                     /usr/lib/jvm/java-8-oracle/jre/lib/amd64/libawt.so
7f87eb7ca000-7f87eb9ca000 ---p 000a2000 08:06 414471                     /usr/lib/jvm/java-8-oracle/jre/lib/amd64/libawt.so
7f87eb9ca000-7f87eb9d6000 rw-p 000a2000 08:06 414471                     /usr/lib/jvm/java-8-oracle/jre/lib/amd64/libawt.so
7f87eb9d6000-7f87eb9fa000 rw-p 00000000 00:00 0 
7f87eb9fa000-7f87eb9fb000 ---p 00000000 00:00 0 
7f87eb9fb000-7f87ebafb000 rw-p 00000000 00:00 0                          [stack:13073]
7f87ebafb000-7f87ebafe000 ---p 00000000 00:00 0 
7f87ebafe000-7f87ebbfc000 rw-p 00000000 00:00 0                          [stack:13072]
7f87ebbfc000-7f87ebbff000 ---p 00000000 00:00 0 
7f87ebbff000-7f87ebcfd000 rw-p 00000000 00:00 0                          [stack:13071]
7f87ebcfd000-7f87ebd00000 ---p 00000000 00:00 0 
7f87ebd00000-7f87ebdfe000 rw-p 00000000 00:00 0                          [stack:13070]
7f87ebdfe000-7f87ebe01000 ---p 00000000 00:00 0 
7f87ebe01000-7f87ebeff000 rw-p 00000000 00:00 0                          [stack:13069]
7f87ebeff000-7f87ebf02000 ---p 00000000 00:00 0 
7f87ebf02000-7f87ec000000 rw-p 00000000 00:00 0                          [stack:13068]
7f87ec000000-7f87ec021000 rw-p 00000000 00:00 0 
7f87ec021000-7f87f0000000 ---p 00000000 00:00 0 
7f87f009b000-7f87f07be000 r--p 00000000 08:06 397847                     /usr/lib/locale/locale-archive
7f87f07be000-7f87f07c1000 ---p 00000000 00:00 0 
7f87f07c1000-7f87f08bf000 rw-p 00000000 00:00 0                          [stack:13067]
7f87f08bf000-7f87f08c2000 ---p 00000000 00:00 0 
7f87f08c2000-7f87f09c0000 rw-p 00000000 00:00 0                          [stack:13066]
7f87f09c0000-7f87f09c1000 ---p 00000000 00:00 0 
7f87f09c1000-7f87f4000000 rw-p 00000000 00:00 0                          [stack:13065]
7f87f4000000-7f87f4021000 rw-p 00000000 00:00 0 
7f87f4021000-7f87f8000000 ---p 00000000 00:00 0 
7f87f8066000-7f87f8075000 r--s 00115000 08:07 2097400                    /home/jony/.m2/repository/net/java/dev/jna/platform/3.5.2/platform-3.5.2.jar
7f87f8075000-7f87f8081000 r--s 00057000 08:07 2097396                    /home/jony/.m2/repository/uk/co/caprica/vlcj/3.9.0/vlcj-3.9.0.jar
7f87f8081000-7f87f80e4000 rw-p 00000000 00:00 0 
7f87f80e4000-7f87f82bd000 r--s 03d20000 08:06 414457                     /usr/lib/jvm/java-8-oracle/jre/lib/rt.jar
7f87f82bd000-7f87f8516000 rw-p 00000000 00:00 0 
7f87f8516000-7f87f8517000 ---p 00000000 00:00 0 
7f87f8517000-7f87f8617000 rw-p 00000000 00:00 0                          [stack:13060]
7f87f8617000-7f87f8618000 ---p 00000000 00:00 0 
7f87f8618000-7f87f8718000 rw-p 00000000 00:00 0                          [stack:13059]
7f87f8718000-7f87f8719000 ---p 00000000 00:00 0 
7f87f8719000-7f87f8819000 rw-p 00000000 00:00 0                          [stack:13058]
7f87f8819000-7f87f881a000 ---p 00000000 00:00 0 
7f87f881a000-7f87f892f000 rw-p 00000000 00:00 0                          [stack:13057]
7f87f892f000-7f87f8a5c000 ---p 00000000 00:00 0 
7f87f8a5c000-7f87f8a71000 rw-p 00000000 00:00 0 
7f87f8a71000-7f87f8b9e000 ---p 00000000 00:00 0 
7f87f8b9e000-7f87f8ba9000 rw-p 00000000 00:00 0 
7f87f8ba9000-7f87f8c3f000 ---p 00000000 00:00 0 
7f87f8c3f000-7f87f8c4a000 rw-p 00000000 00:00 0 
7f87f8c4a000-7f87f9000000 ---p 00000000 00:00 0 
7f87f9000000-7f87f9280000 rwxp 00000000 00:00 0 
7f87f9280000-7f8808000000 ---p 00000000 00:00 0 
7f8808000000-7f88084ea000 rw-p 00000000 00:00 0 
7f88084ea000-7f880c000000 ---p 00000000 00:00 0 
7f880c006000-7f880c007000 rwxp 00000000 00:00 0 
7f880c007000-7f880c049000 rw-p 00000000 00:00 0 
7f880c049000-7f880c063000 r-xp 00000000 08:06 414518                     /usr/lib/jvm/java-8-oracle/jre/lib/amd64/libzip.so
7f880c063000-7f880c263000 ---p 0001a000 08:06 414518                     /usr/lib/jvm/java-8-oracle/jre/lib/amd64/libzip.so
7f880c263000-7f880c264000 rw-p 0001a000 08:06 414518                     /usr/lib/jvm/java-8-oracle/jre/lib/amd64/libzip.so
7f880c264000-7f880c26f000 r-xp 00000000 08:06 261141                     /lib/x86_64-linux-gnu/libnss_files-2.19.so
7f880c26f000-7f880c46e000 ---p 0000b000 08:06 261141                     /lib/x86_64-linux-gnu/libnss_files-2.19.so
7f880c46e000-7f880c46f000 r--p 0000a000 08:06 261141                     /lib/x86_64-linux-gnu/libnss_files-2.19.so
7f880c46f000-7f880c470000 rw-p 0000b000 08:06 261141                     /lib/x86_64-linux-gnu/libnss_files-2.19.so
7f880c470000-7f880c47b000 r-xp 00000000 08:06 265432                     /lib/x86_64-linux-gnu/libnss_nis-2.19.so
7f880c47b000-7f880c67a000 ---p 0000b000 08:06 265432                     /lib/x86_64-linux-gnu/libnss_nis-2.19.so
7f880c67a000-7f880c67b000 r--p 0000a000 08:06 265432                     /lib/x86_64-linux-gnu/libnss_nis-2.19.so
7f880c67b000-7f880c67c000 rw-p 0000b000 08:06 265432                     /lib/x86_64-linux-gnu/libnss_nis-2.19.so
7f880c67c000-7f880c693000 r-xp 00000000 08:06 261216                     /lib/x86_64-linux-gnu/libnsl-2.19.so
7f880c693000-7f880c892000 ---p 00017000 08:06 261216                     /lib/x86_64-linux-gnu/libnsl-2.19.so
7f880c892000-7f880c893000 r--p 00016000 08:06 261216                     /lib/x86_64-linux-gnu/libnsl-2.19.so
7f880c893000-7f880c894000 rw-p 00017000 08:06 261216                     /lib/x86_64-linux-gnu/libnsl-2.19.so
7f880c894000-7f880c896000 rw-p 00000000 00:00 0 
7f880c896000-7f880c89f000 r-xp 00000000 08:06 261215                     /lib/x86_64-linux-gnu/libnss_compat-2.19.so
7f880c89f000-7f880ca9e000 ---p 00009000 08:06 261215                     /lib/x86_64-linux-gnu/libnss_compat-2.19.so
7f880ca9e000-7f880ca9f000 r--p 00008000 08:06 261215                     /lib/x86_64-linux-gnu/libnss_compat-2.19.so
7f880ca9f000-7f880caa0000 rw-p 00009000 08:06 261215                     /lib/x86_64-linux-gnu/libnss_compat-2.19.so
7f880caa0000-7f880caca000 r-xp 00000000 08:06 414479                     /usr/lib/jvm/java-8-oracle/jre/lib/amd64/libjava.so
7f880caca000-7f880ccca000 ---p 0002a000 08:06 414479                     /usr/lib/jvm/java-8-oracle/jre/lib/amd64/libjava.so
7f880ccca000-7f880cccc000 rw-p 0002a000 08:06 414479                     /usr/lib/jvm/java-8-oracle/jre/lib/amd64/libjava.so
7f880cccc000-7f880ccd9000 r-xp 00000000 08:06 414470                     /usr/lib/jvm/java-8-oracle/jre/lib/amd64/libverify.so
7f880ccd9000-7f880ced9000 ---p 0000d000 08:06 414470                     /usr/lib/jvm/java-8-oracle/jre/lib/amd64/libverify.so
7f880ced9000-7f880cedb000 rw-p 0000d000 08:06 414470                     /usr/lib/jvm/java-8-oracle/jre/lib/amd64/libverify.so
7f880cedb000-7f880cee2000 r-xp 00000000 08:06 261224                     /lib/x86_64-linux-gnu/librt-2.19.so
7f880cee2000-7f880d0e1000 ---p 00007000 08:06 261224                     /lib/x86_64-linux-gnu/librt-2.19.so
7f880d0e1000-7f880d0e2000 r--p 00006000 08:06 261224                     /lib/x86_64-linux-gnu/librt-2.19.so
7f880d0e2000-7f880d0e3000 rw-p 00007000 08:06 261224                     /lib/x86_64-linux-gnu/librt-2.19.so
7f880d0e3000-7f880d1e8000 r-xp 00000000 08:06 261137                     /lib/x86_64-linux-gnu/libm-2.19.so
7f880d1e8000-7f880d3e7000 ---p 00105000 08:06 261137                     /lib/x86_64-linux-gnu/libm-2.19.so
7f880d3e7000-7f880d3e8000 r--p 00104000 08:06 261137                     /lib/x86_64-linux-gnu/libm-2.19.so
7f880d3e8000-7f880d3e9000 rw-p 00105000 08:06 261137                     /lib/x86_64-linux-gnu/libm-2.19.so
7f880d3e9000-7f880e0a7000 r-xp 00000000 08:06 414502                     /usr/lib/jvm/java-8-oracle/jre/lib/amd64/server/libjvm.so
7f880e0a7000-7f880e2a6000 ---p 00cbe000 08:06 414502                     /usr/lib/jvm/java-8-oracle/jre/lib/amd64/server/libjvm.so
7f880e2a6000-7f880e37f000 rw-p 00cbd000 08:06 414502                     /usr/lib/jvm/java-8-oracle/jre/lib/amd64/server/libjvm.so
7f880e37f000-7f880e3c3000 rw-p 00000000 00:00 0 
7f880e3c3000-7f880e57e000 r-xp 00000000 08:06 261221                     /lib/x86_64-linux-gnu/libc-2.19.so
7f880e57e000-7f880e77d000 ---p 001bb000 08:06 261221                     /lib/x86_64-linux-gnu/libc-2.19.so
7f880e77d000-7f880e781000 r--p 001ba000 08:06 261221                     /lib/x86_64-linux-gnu/libc-2.19.so
7f880e781000-7f880e783000 rw-p 001be000 08:06 261221                     /lib/x86_64-linux-gnu/libc-2.19.so
7f880e783000-7f880e788000 rw-p 00000000 00:00 0 
7f880e788000-7f880e78b000 r-xp 00000000 08:06 261152                     /lib/x86_64-linux-gnu/libdl-2.19.so
7f880e78b000-7f880e98a000 ---p 00003000 08:06 261152                     /lib/x86_64-linux-gnu/libdl-2.19.so
7f880e98a000-7f880e98b000 r--p 00002000 08:06 261152                     /lib/x86_64-linux-gnu/libdl-2.19.so
7f880e98b000-7f880e98c000 rw-p 00003000 08:06 261152                     /lib/x86_64-linux-gnu/libdl-2.19.so
7f880e98c000-7f880e9a1000 r-xp 00000000 08:06 413769                     /usr/lib/jvm/java-8-oracle/lib/amd64/jli/libjli.so
7f880e9a1000-7f880eba1000 ---p 00015000 08:06 413769                     /usr/lib/jvm/java-8-oracle/lib/amd64/jli/libjli.so
7f880eba1000-7f880eba2000 rw-p 00015000 08:06 413769                     /usr/lib/jvm/java-8-oracle/lib/amd64/jli/libjli.so
7f880eba2000-7f880ebbb000 r-xp 00000000 08:06 261222                     /lib/x86_64-linux-gnu/libpthread-2.19.so
7f880ebbb000-7f880edba000 ---p 00019000 08:06 261222                     /lib/x86_64-linux-gnu/libpthread-2.19.so
7f880edba000-7f880edbb000 r--p 00018000 08:06 261222                     /lib/x86_64-linux-gnu/libpthread-2.19.so
7f880edbb000-7f880edbc000 rw-p 00019000 08:06 261222                     /lib/x86_64-linux-gnu/libpthread-2.19.so
7f880edbc000-7f880edc0000 rw-p 00000000 00:00 0 
7f880edc0000-7f880ede3000 r-xp 00000000 08:06 261218                     /lib/x86_64-linux-gnu/ld-2.19.so
7f880ede3000-7f880ede8000 r--s 00096000 08:06 414462                     /usr/lib/jvm/java-8-oracle/jre/lib/jsse.jar
7f880ede8000-7f880eeba000 rw-p 00000000 00:00 0 
7f880eeba000-7f880eebd000 ---p 00000000 00:00 0 
7f880eebd000-7f880efbf000 rw-p 00000000 00:00 0                          [stack:13055]
7f880efbf000-7f880efc0000 r--s 00007000 08:07 8522705                    /home/jony/.m2/repository/org/slf4j/slf4j-api/1.7.10/slf4j-api-1.7.10.jar
7f880efc0000-7f880efc3000 r--s 000a6000 08:07 2097398                    /home/jony/.m2/repository/net/java/dev/jna/jna/3.5.2/jna-3.5.2.jar
7f880efc3000-7f880efd6000 rw-p 00000000 00:00 0 
7f880efd6000-7f880efde000 rw-s 00000000 08:06 524314                     /tmp/hsperfdata_jony/13054
7f880efde000-7f880efdf000 rw-p 00000000 00:00 0 
7f880efdf000-7f880efe0000 r--p 00000000 00:00 0 
7f880efe0000-7f880efe2000 rw-p 00000000 00:00 0 
7f880efe2000-7f880efe3000 r--p 00022000 08:06 261218                     /lib/x86_64-linux-gnu/ld-2.19.so
7f880efe3000-7f880efe4000 rw-p 00023000 08:06 261218                     /lib/x86_64-linux-gnu/ld-2.19.so
7f880efe4000-7f880efe5000 rw-p 00000000 00:00 0 
7ffc10456000-7ffc10477000 rw-p 00000000 00:00 0                          [stack]
7ffc105ba000-7ffc105bc000 r-xp 00000000 00:00 0                          [vdso]
7ffc105bc000-7ffc105be000 r--p 00000000 00:00 0                          [vvar]
ffffffffff600000-ffffffffff601000 r-xp 00000000 00:00 0                  [vsyscall]

VM Arguments:
jvm_args: -Dfile.encoding=UTF-8 
java_command: com.movieCart.MainFrame
java_class_path (initial): /home/jony/Dropbox/Eclipse Workspace/movieCart/target/classes:/home/jony/.m2/repository/uk/co/caprica/vlcj/3.9.0/vlcj-3.9.0.jar:/home/jony/.m2/repository/net/java/dev/jna/jna/3.5.2/jna-3.5.2.jar:/home/jony/.m2/repository/net/java/dev/jna/platform/3.5.2/platform-3.5.2.jar:/home/jony/.m2/repository/org/slf4j/slf4j-api/1.7.10/slf4j-api-1.7.10.jar
Launcher Type: SUN_STANDARD

Environment Variables:
JAVA_HOME=/usr/lib/jvm/java-8-oracle
PATH=/home/jony/sys161/bin:/home/jony/sys161/tools/bin:/home/jony/bin:/usr/local/sbin:/usr/local/bin:/usr/sbin:/usr/bin:/sbin:/bin:/usr/games:/usr/local/games:/usr/lib/jvm/java-8-oracle/bin:/usr/lib/jvm/java-8-oracle/db/bin:/usr/lib/jvm/java-8-oracle/jre/bin
SHELL=/bin/bash
DISPLAY=:0.0

Signal Handlers:
SIGSEGV: [libjvm.so+0xaba2a0], sa_mask[0]=11111111011111111101111111111110, sa_flags=SA_RESTART|SA_SIGINFO
SIGBUS: [libjvm.so+0xaba2a0], sa_mask[0]=11111111011111111101111111111110, sa_flags=SA_RESTART|SA_SIGINFO
SIGFPE: [libjvm.so+0x917710], sa_mask[0]=11111111011111111101111111111110, sa_flags=SA_RESTART|SA_SIGINFO
SIGPIPE: [libjvm.so+0x917710], sa_mask[0]=11111111011111111101111111111110, sa_flags=SA_RESTART|SA_SIGINFO
SIGXFSZ: [libjvm.so+0x917710], sa_mask[0]=11111111011111111101111111111110, sa_flags=SA_RESTART|SA_SIGINFO
SIGILL: [libjvm.so+0x917710], sa_mask[0]=11111111011111111101111111111110, sa_flags=SA_RESTART|SA_SIGINFO
SIGUSR1: SIG_DFL, sa_mask[0]=00000000000000000000000000000000, sa_flags=none
SIGUSR2: [libjvm.so+0x918d40], sa_mask[0]=00100000000000000000000000000000, sa_flags=SA_RESTART|SA_SIGINFO
SIGHUP: [libjvm.so+0x91a140], sa_mask[0]=11111111011111111101111111111110, sa_flags=SA_RESTART|SA_SIGINFO
SIGINT: [libjvm.so+0x91a140], sa_mask[0]=11111111011111111101111111111110, sa_flags=SA_RESTART|SA_SIGINFO
SIGTERM: [libjvm.so+0x91a140], sa_mask[0]=11111111011111111101111111111110, sa_flags=SA_RESTART|SA_SIGINFO
SIGQUIT: [libjvm.so+0x91a140], sa_mask[0]=11111111011111111101111111111110, sa_flags=SA_RESTART|SA_SIGINFO


---------------  S Y S T E M  ---------------

OS:DISTRIB_ID=Ubuntu
DISTRIB_RELEASE=14.04
DISTRIB_CODENAME=trusty
DISTRIB_DESCRIPTION="Ubuntu 14.04.3 LTS"

uname:Linux 3.16.0-51-generic #69~14.04.1-Ubuntu SMP Wed Oct 7 15:32:41 UTC 2015 x86_64
libc:glibc 2.19 NPTL 2.19 
rlimit: STACK 8192k, CORE 0k, NPROC 15360, NOFILE 4096, AS infinity
load average:2.02 1.55 1.22

/proc/meminfo:
MemTotal:        3953704 kB
MemFree:          554180 kB
MemAvailable:    1488232 kB
Buffers:          111216 kB
Cached:          1146972 kB
SwapCached:         6964 kB
Active:          2132776 kB
Inactive:         948436 kB
Active(anon):    1467808 kB
Inactive(anon):   594800 kB
Active(file):     664968 kB
Inactive(file):   353636 kB
Unevictable:         104 kB
Mlocked:             104 kB
SwapTotal:       9764860 kB
SwapFree:        9622484 kB
Dirty:              7156 kB
Writeback:             0 kB
AnonPages:       1819768 kB
Mapped:           275716 kB
Shmem:            239572 kB
Slab:             201444 kB
SReclaimable:     168764 kB
SUnreclaim:        32680 kB
KernelStack:       11152 kB
PageTables:        37976 kB
NFS_Unstable:          0 kB
Bounce:                0 kB
WritebackTmp:          0 kB
CommitLimit:    11741712 kB
Committed_AS:    6679464 kB
VmallocTotal:   34359738367 kB
VmallocUsed:      361940 kB
VmallocChunk:   34359360012 kB
HardwareCorrupted:     0 kB
AnonHugePages:    493568 kB
HugePages_Total:       0
HugePages_Free:        0
HugePages_Rsvd:        0
HugePages_Surp:        0
Hugepagesize:       2048 kB
DirectMap4k:       72352 kB
DirectMap2M:     4028416 kB


CPU:total 4 (2 cores per cpu, 2 threads per core) family 6 model 42 stepping 7, cmov, cx8, fxsr, mmx, sse, sse2, sse3, ssse3, sse4.1, sse4.2, popcnt, avx, aes, clmul, ht, tsc, tscinvbit

/proc/cpuinfo:
processor	: 0
vendor_id	: GenuineIntel
cpu family	: 6
model		: 42
model name	: Intel(R) Core(TM) i5-2430M CPU @ 2.40GHz
stepping	: 7
microcode	: 0x1a
cpu MHz		: 2837.812
cache size	: 3072 KB
physical id	: 0
siblings	: 4
core id		: 0
cpu cores	: 2
apicid		: 0
initial apicid	: 0
fpu		: yes
fpu_exception	: yes
cpuid level	: 13
wp		: yes
flags		: fpu vme de pse tsc msr pae mce cx8 apic sep mtrr pge mca cmov pat pse36 clflush dts acpi mmx fxsr sse sse2 ss ht tm pbe syscall nx rdtscp lm constant_tsc arch_perfmon pebs bts rep_good nopl xtopology nonstop_tsc aperfmperf eagerfpu pni pclmulqdq dtes64 monitor ds_cpl vmx est tm2 ssse3 cx16 xtpr pdcm pcid sse4_1 sse4_2 x2apic popcnt tsc_deadline_timer aes xsave avx lahf_lm ida arat epb xsaveopt pln pts dtherm tpr_shadow vnmi flexpriority ept vpid
bogomips	: 4789.33
clflush size	: 64
cache_alignment	: 64
address sizes	: 36 bits physical, 48 bits virtual
power management:

processor	: 1
vendor_id	: GenuineIntel
cpu family	: 6
model		: 42
model name	: Intel(R) Core(TM) i5-2430M CPU @ 2.40GHz
stepping	: 7
microcode	: 0x1a
cpu MHz		: 2799.937
cache size	: 3072 KB
physical id	: 0
siblings	: 4
core id		: 1
cpu cores	: 2
apicid		: 2
initial apicid	: 2
fpu		: yes
fpu_exception	: yes
cpuid level	: 13
wp		: yes
flags		: fpu vme de pse tsc msr pae mce cx8 apic sep mtrr pge mca cmov pat pse36 clflush dts acpi mmx fxsr sse sse2 ss ht tm pbe syscall nx rdtscp lm constant_tsc arch_perfmon pebs bts rep_good nopl xtopology nonstop_tsc aperfmperf eagerfpu pni pclmulqdq dtes64 monitor ds_cpl vmx est tm2 ssse3 cx16 xtpr pdcm pcid sse4_1 sse4_2 x2apic popcnt tsc_deadline_timer aes xsave avx lahf_lm ida arat epb xsaveopt pln pts dtherm tpr_shadow vnmi flexpriority ept vpid
bogomips	: 4789.33
clflush size	: 64
cache_alignment	: 64
address sizes	: 36 bits physical, 48 bits virtual
power management:

processor	: 2
vendor_id	: GenuineIntel
cpu family	: 6
model		: 42
model name	: Intel(R) Core(TM) i5-2430M CPU @ 2.40GHz
stepping	: 7
microcode	: 0x1a
cpu MHz		: 2837.906
cache size	: 3072 KB
physical id	: 0
siblings	: 4
core id		: 0
cpu cores	: 2
apicid		: 1
initial apicid	: 1
fpu		: yes
fpu_exception	: yes
cpuid level	: 13
wp		: yes
flags		: fpu vme de pse tsc msr pae mce cx8 apic sep mtrr pge mca cmov pat pse36 clflush dts acpi mmx fxsr sse sse2 ss ht tm pbe syscall nx rdtscp lm constant_tsc arch_perfmon pebs bts rep_good nopl xtopology nonstop_tsc aperfmperf eagerfpu pni pclmulqdq dtes64 monitor ds_cpl vmx est tm2 ssse3 cx16 xtpr pdcm pcid sse4_1 sse4_2 x2apic popcnt tsc_deadline_timer aes xsave avx lahf_lm ida arat epb xsaveopt pln pts dtherm tpr_shadow vnmi flexpriority ept vpid
bogomips	: 4789.33
clflush size	: 64
cache_alignment	: 64
address sizes	: 36 bits physical, 48 bits virtual
power management:

processor	: 3
vendor_id	: GenuineIntel
cpu family	: 6
model		: 42
model name	: Intel(R) Core(TM) i5-2430M CPU @ 2.40GHz
stepping	: 7
microcode	: 0x1a
cpu MHz		: 2800.031
cache size	: 3072 KB
physical id	: 0
siblings	: 4
core id		: 1
cpu cores	: 2
apicid		: 3
initial apicid	: 3
fpu		: yes
fpu_exception	: yes
cpuid level	: 13
wp		: yes
flags		: fpu vme de pse tsc msr pae mce cx8 apic sep mtrr pge mca cmov pat pse36 clflush dts acpi mmx fxsr sse sse2 ss ht tm pbe syscall nx rdtscp lm constant_tsc arch_perfmon pebs bts rep_good nopl xtopology nonstop_tsc aperfmperf eagerfpu pni pclmulqdq dtes64 monitor ds_cpl vmx est tm2 ssse3 cx16 xtpr pdcm pcid sse4_1 sse4_2 x2apic popcnt tsc_deadline_timer aes xsave avx lahf_lm ida arat epb xsaveopt pln pts dtherm tpr_shadow vnmi flexpriority ept vpid
bogomips	: 4789.33
clflush size	: 64
cache_alignment	: 64
address sizes	: 36 bits physical, 48 bits virtual
power management:



Memory: 4k page, physical 3953704k(554180k free), swap 9764860k(9622484k free)

vm_info: Java HotSpot(TM) 64-Bit Server VM (25.66-b17) for linux-amd64 JRE (1.8.0_66-b17), built on Oct  6 2015 17:28:34 by "java_re" with gcc 4.3.0 20080428 (Red Hat 4.3.0-8)

time: Mon Oct 26 21:08:44 2015
elapsed time: 1 seconds (0d 0h 0m 1s)

