#
# A fatal error has been detected by the Java Runtime Environment:
#
#  SIGSEGV (0xb) at pc=0x00007f3cc9902902, pid=13726, tid=139899208763136
#
# JRE version: OpenJDK Runtime Environment (7.0_91-b02) (build 1.7.0_91-b02)
# Java VM: OpenJDK 64-Bit Server VM (24.91-b01 mixed mode linux-amd64 compressed oops)
# Derivative: IcedTea 2.6.3
# Distribution: Ubuntu 14.04 LTS, package 7u91-2.6.3-0ubuntu0.14.04.1
# Problematic frame:
# C  [libvlccore.so.7+0x83902]
#
# Failed to write core dump. Core dumps have been disabled. To enable core dumping, try "ulimit -c unlimited" before starting Java again
#
# If you would like to submit a bug report, please include
# instructions on how to reproduce the bug and visit:
#   http://icedtea.classpath.org/bugzilla
# The crash happened outside the Java Virtual Machine in native code.
# See problematic frame for where to report the bug.
#

---------------  T H R E A D  ---------------

Current thread (0x00007f3d0c117800):  JavaThread "Thread-0" [_thread_in_native, id=13768, stack(0x00007f3cd2948000,0x00007f3cd2a49000)]

siginfo:si_signo=SIGSEGV: si_errno=0, si_code=1 (SEGV_MAPERR), si_addr=0x0000000000000000

Registers:
RAX=0x00007f3ccc18fd68, RBX=0x00007f3ccc1a1120, RCX=0x0000000000000001, RDX=0x0000000000000001
RSP=0x00007f3cd2a45f30, RBP=0x0000000000000002, RSI=0x00007f3ccc18fd60, RDI=0x0000000000000002
R8 =0x0000000000000001, R9 =0x0000000000000000, R10=0x0000000000000000, R11=0x00000000ffffff01
R12=0x00007f3cd2a46020, R13=0x00007f3cd2a46030, R14=0xffffffff00000000, R15=0x0000000000000001
RIP=0x00007f3cc9902902, EFLAGS=0x0000000000010246, CSGSFS=0x0000000000000033, ERR=0x0000000000000004
  TRAPNO=0x000000000000000e

Top of Stack: (sp=0x00007f3cd2a45f30)
0x00007f3cd2a45f30:   0000000000000005 00007f3ccc18fd60
0x00007f3cd2a45f40:   00007f3ccc18f840 00007f3c00000002
0x00007f3cd2a45f50:   00007f3cd2a46020 00007f3ccc1a0ed0
0x00007f3cd2a45f60:   0000000000000014 00007f3ccc1a0e70
0x00007f3cd2a45f70:   0000000000000000 00007f3d12ca87b0
0x00007f3cd2a45f80:   00007f3cc9944a58 00007f3ccc1a1120
0x00007f3cd2a45f90:   00007f3ccc18f840 00007f3cd2a46020
0x00007f3cd2a45fa0:   0000000000000014 ffffffff00000000
0x00007f3cd2a45fb0:   00007f3ccc1a6280 00007f3cc9901f4c
0x00007f3cd2a45fc0:   00007f3ccc12b3f8 00007f3cd2a46030
0x00007f3cd2a45fd0:   00007f3ccc18fd60 00000002ecb9ea28
0x00007f3cd2a45fe0:   00007f3cd2a46024 00007f3c00000000
0x00007f3cd2a45ff0:   00007f3ccc18f840 00007f3cd2a46040
0x00007f3cd2a46000:   0000000000000000 0000000000000000
0x00007f3cd2a46010:   00000000ba01db70 00007f3ccc18fd60
0x00007f3cd2a46020:   00007f3c0000028b 0000000000000001
0x00007f3cd2a46030:   0000000000000000 6333663700000001
0x00007f3cd2a46040:   0000000000000000 0000000100000001
0x00007f3cd2a46050:   0000000000000000 0000000000000000
0x00007f3cd2a46060:   0000000000000000 0000000000000000
0x00007f3cd2a46070:   0000000000000000 0000000000000000
0x00007f3cd2a46080:   0000000000000000 0000000000000000
0x00007f3cd2a46090:   0000000000000000 0000000000000000
0x00007f3cd2a460a0:   0000000000000000 0000000000000000
0x00007f3cd2a460b0:   0000000000000000 0000000000000000
0x00007f3cd2a460c0:   0000000000000000 0000000000000000
0x00007f3cd2a460d0:   0000000000000000 0000000000000000
0x00007f3cd2a460e0:   0000000000000000 0000000000000000
0x00007f3cd2a460f0:   0000000000000000 0000000000000000
0x00007f3cd2a46100:   0000000000000000 0000000000000000
0x00007f3cd2a46110:   0000000000000000 0000000000000000
0x00007f3cd2a46120:   0000000000000000 0000000000000000 

Instructions: (pc=0x00007f3cc9902902)
0x00007f3cc99028e2:   0a 02 00 00 48 8b 74 24 08 4d 63 c7 45 89 f9 41
0x00007f3cc99028f2:   f7 d1 41 01 e9 4a 8d 04 c6 41 83 e1 07 4c 8b 10
0x00007f3cc9902902:   41 80 3a 2d 0f 84 b4 04 00 00 41 83 c7 01 48 83
0x00007f3cc9902912:   c0 08 44 3b 7c 24 18 45 89 7d 08 0f 84 0d 03 00 

Register to memory mapping:

RAX=0x00007f3ccc18fd68 is an unknown value
RBX=0x00007f3ccc1a1120 is an unknown value
RCX=0x0000000000000001 is an unknown value
RDX=0x0000000000000001 is an unknown value
RSP=0x00007f3cd2a45f30 is pointing into the stack for thread: 0x00007f3d0c117800
RBP=0x0000000000000002 is an unknown value
RSI=0x00007f3ccc18fd60 is an unknown value
RDI=0x0000000000000002 is an unknown value
R8 =0x0000000000000001 is an unknown value
R9 =0x0000000000000000 is an unknown value
R10=0x0000000000000000 is an unknown value
R11=0x00000000ffffff01 is an unallocated location in the heap
R12=0x00007f3cd2a46020 is pointing into the stack for thread: 0x00007f3d0c117800
R13=0x00007f3cd2a46030 is pointing into the stack for thread: 0x00007f3d0c117800
R14=0xffffffff00000000 is an unknown value
R15=0x0000000000000001 is an unknown value


Stack: [0x00007f3cd2948000,0x00007f3cd2a49000],  sp=0x00007f3cd2a45f30,  free space=1015k
Native frames: (J=compiled Java code, j=interpreted, Vv=VM code, C=native code)
C  [libvlccore.so.7+0x83902]

Java frames: (J=compiled Java code, j=interpreted, Vv=VM code)
j  com.sun.jna.Native.invokePointer(JI[Ljava/lang/Object;)J+0
j  com.sun.jna.Function.invokePointer(I[Ljava/lang/Object;)Lcom/sun/jna/Pointer;+6
j  com.sun.jna.Function.invoke([Ljava/lang/Object;Ljava/lang/Class;Z)Ljava/lang/Object;+414
j  com.sun.jna.Function.invoke(Ljava/lang/reflect/Method;[Ljava/lang/Class;Ljava/lang/Class;[Ljava/lang/Object;Ljava/util/Map;)Ljava/lang/Object;+249
j  com.sun.jna.Library$Handler.invoke(Ljava/lang/Object;Ljava/lang/reflect/Method;[Ljava/lang/Object;)Ljava/lang/Object;+348
j  com.sun.proxy.$Proxy1.libvlc_new(I[Ljava/lang/String;)Luk/co/caprica/vlcj/binding/internal/libvlc_instance_t;+23
j  uk.co.caprica.vlcj.player.MediaPlayerFactory.<init>(Luk/co/caprica/vlcj/binding/LibVlc;[Ljava/lang/String;)V+70
j  uk.co.caprica.vlcj.player.MediaPlayerFactory.<init>([Ljava/lang/String;)V+13
j  com.movieCart.server.Streaming.start(Ljava/lang/String;)V+18
j  com.movieCart.server.Streaming.<init>(Ljava/net/Socket;Ljava/lang/String;)V+11
j  com.movieCart.server.Reader.run()V+39
v  ~StubRoutines::call_stub

---------------  P R O C E S S  ---------------

Java Threads: ( => current thread )
  0x00007f3ccc156800 JavaThread "process reaper" daemon [_thread_blocked, id=13780, stack(0x00007f3cd00ae000,0x00007f3cd00e7000)]
  0x00007f3ccc119000 JavaThread "AWT-XAWT" daemon [_thread_in_native, id=13778, stack(0x00007f3cca096000,0x00007f3cca197000)]
  0x00007f3ccc0f8800 JavaThread "Java2D Disposer" daemon [_thread_blocked, id=13777, stack(0x00007f3cd00e7000,0x00007f3cd01e8000)]
=>0x00007f3d0c117800 JavaThread "Thread-0" [_thread_in_native, id=13768, stack(0x00007f3cd2948000,0x00007f3cd2a49000)]
  0x00007f3d0c0af000 JavaThread "Service Thread" daemon [_thread_blocked, id=13742, stack(0x00007f3d00105000,0x00007f3d00206000)]
  0x00007f3d0c0ac800 JavaThread "C2 CompilerThread1" daemon [_thread_in_native, id=13741, stack(0x00007f3d00206000,0x00007f3d00307000)]
  0x00007f3d0c0aa000 JavaThread "C2 CompilerThread0" daemon [_thread_in_native, id=13740, stack(0x00007f3d00307000,0x00007f3d00408000)]
  0x00007f3d0c0a7800 JavaThread "Signal Dispatcher" daemon [_thread_blocked, id=13739, stack(0x00007f3d00408000,0x00007f3d00509000)]
  0x00007f3d0c07c000 JavaThread "Finalizer" daemon [_thread_blocked, id=13738, stack(0x00007f3d00c6c000,0x00007f3d00d6d000)]
  0x00007f3d0c07a000 JavaThread "Reference Handler" daemon [_thread_blocked, id=13737, stack(0x00007f3d00d6d000,0x00007f3d00e6e000)]
  0x00007f3d0c00a000 JavaThread "main" [_thread_in_native, id=13731, stack(0x00007f3d132f9000,0x00007f3d133fa000)]

Other Threads:
  0x00007f3d0c075800 VMThread [stack: 0x00007f3d00e6e000,0x00007f3d00f6f000] [id=13736]
  0x00007f3d0c0ba000 WatcherThread [stack: 0x00007f3d00004000,0x00007f3d00105000] [id=13743]

VM state:not at safepoint (normal execution)

VM Mutex/Monitor currently owned by a thread: None

Heap
 PSYoungGen      total 17920K, used 10067K [0x00000000ec200000, 0x00000000ed600000, 0x0000000100000000)
  eden space 15360K, 65% used [0x00000000ec200000,0x00000000ecbd4ea8,0x00000000ed100000)
  from space 2560K, 0% used [0x00000000ed380000,0x00000000ed380000,0x00000000ed600000)
  to   space 2560K, 0% used [0x00000000ed100000,0x00000000ed100000,0x00000000ed380000)
 ParOldGen       total 40448K, used 0K [0x00000000c4600000, 0x00000000c6d80000, 0x00000000ec200000)
  object space 40448K, 0% used [0x00000000c4600000,0x00000000c4600000,0x00000000c6d80000)
 PSPermGen       total 21504K, used 7104K [0x00000000ba000000, 0x00000000bb500000, 0x00000000c4600000)
  object space 21504K, 33% used [0x00000000ba000000,0x00000000ba6f0228,0x00000000bb500000)

Card table byte_map: [0x00007f3d08bc6000,0x00007f3d08df7000] byte_map_base: 0x00007f3d085f6000

Polling page: 0x00007f3d13418000

Code Cache  [0x00007f3d08df7000, 0x00007f3d09067000, 0x00007f3d0bdf7000)
 total_blobs=402 nmethods=49 adapters=306 free_code_cache=48593Kb largest_free_block=49735808

Compilation events (10 events):
Event: 13.722 Thread 0x00007f3d0c0ac800 nmethod 46 0x00007f3d08e7e0d0 code [0x00007f3d08e7e200, 0x00007f3d08e7e258]
Event: 13.722 Thread 0x00007f3d0c0ac800   47             sun.misc.ProxyGenerator$ConstantPool$Entry::<init> (5 bytes)
Event: 13.723 Thread 0x00007f3d0c0ac800 nmethod 47 0x00007f3d08e75b50 code [0x00007f3d08e75c80, 0x00007f3d08e75cd8]
Event: 13.723 Thread 0x00007f3d0c0ac800   48             java.io.DataOutputStream::writeUTF (435 bytes)
Event: 13.728 Thread 0x00007f3d0c0aa000 nmethod 44 0x00007f3d08e83590 code [0x00007f3d08e83720, 0x00007f3d08e84088]
Event: 13.728 Thread 0x00007f3d0c0aa000   49             java.io.DataOutputStream::writeShort (35 bytes)
Event: 13.738 Thread 0x00007f3d0c0ac800 nmethod 48 0x00007f3d08e85410 code [0x00007f3d08e855a0, 0x00007f3d08e86038]
Event: 13.738 Thread 0x00007f3d0c0ac800   50             java.lang.reflect.Method::getName (5 bytes)
Event: 13.739 Thread 0x00007f3d0c0ac800 nmethod 50 0x00007f3d08e80c90 code [0x00007f3d08e80dc0, 0x00007f3d08e80e18]
Event: 13.739 Thread 0x00007f3d0c0ac800   51             java.lang.Class::searchMethods (90 bytes)

GC Heap History (0 events):
No events

Deoptimization events (7 events):
Event: 13.396 Thread 0x00007f3d0c117800 Uncommon trap: reason=unstable_if action=reinterpret pc=0x00007f3d08e57ca4 method=java.lang.String.indexOf([CII[CIII)I @ 123
Event: 13.529 Thread 0x00007f3d0c117800 Uncommon trap: reason=unstable_if action=reinterpret pc=0x00007f3d08e6d868 method=java.lang.String.indexOf([CII[CIII)I @ 3
Event: 13.639 Thread 0x00007f3d0c117800 Uncommon trap: reason=class_check action=maybe_recompile pc=0x00007f3d08e71b08 method=java.util.Properties$LineReader.readLine()I @ 62
Event: 13.639 Thread 0x00007f3d0c117800 Uncommon trap: reason=class_check action=maybe_recompile pc=0x00007f3d08e71b08 method=java.util.Properties$LineReader.readLine()I @ 62
Event: 13.736 Thread 0x00007f3d0c117800 Uncommon trap: reason=unstable_if action=reinterpret pc=0x00007f3d08e7d300 method=java.util.HashMap.getEntry(Ljava/lang/Object;)Ljava/util/HashMap$Entry; @ 4
Event: 13.736 Thread 0x00007f3d0c117800 Uncommon trap: reason=bimorphic action=maybe_recompile pc=0x00007f3d08e7daf0 method=java.util.HashMap.getEntry(Ljava/lang/Object;)Ljava/util/HashMap$Entry; @ 68
Event: 13.737 Thread 0x00007f3d0c117800 Uncommon trap: reason=unstable_if action=reinterpret pc=0x00007f3d08e7dac4 method=java.util.HashMap.getEntry(Ljava/lang/Object;)Ljava/util/HashMap$Entry; @ 4

Internal exceptions (10 events):
Event: 13.672 Thread 0x00007f3d0c117800 Threw 0x00000000ec9644b0 at /build/openjdk-7-zaTxYK/openjdk-7-7u91-2.6.3/build/openjdk/hotspot/src/share/vm/prims/jvm.cpp:1322
Event: 13.672 Thread 0x00007f3d0c117800 Threw 0x00000000ec96c6c8 at /build/openjdk-7-zaTxYK/openjdk-7-7u91-2.6.3/build/openjdk/hotspot/src/share/vm/prims/jvm.cpp:1322
Event: 13.673 Thread 0x00007f3d0c117800 Threw 0x00000000ec9711b8 at /build/openjdk-7-zaTxYK/openjdk-7-7u91-2.6.3/build/openjdk/hotspot/src/share/vm/prims/jvm.cpp:1322
Event: 13.736 Thread 0x00007f3d0c117800 Threw 0x00000000ecb88818 at /build/openjdk-7-zaTxYK/openjdk-7-7u91-2.6.3/build/openjdk/hotspot/src/share/vm/prims/jvm.cpp:1322
Event: 13.737 Thread 0x00007f3d0c117800 Threw 0x00000000ecb8e408 at /build/openjdk-7-zaTxYK/openjdk-7-7u91-2.6.3/build/openjdk/hotspot/src/share/vm/prims/jvm.cpp:1322
Event: 13.738 Thread 0x00007f3d0c117800 Threw 0x00000000ecb92d30 at /build/openjdk-7-zaTxYK/openjdk-7-7u91-2.6.3/build/openjdk/hotspot/src/share/vm/prims/jvm.cpp:1322
Event: 13.738 Thread 0x00007f3d0c117800 Threw 0x00000000ecb960e0 at /build/openjdk-7-zaTxYK/openjdk-7-7u91-2.6.3/build/openjdk/hotspot/src/share/vm/prims/jvm.cpp:1322
Event: 13.739 Thread 0x00007f3d0c117800 Threw 0x00000000ecb99838 at /build/openjdk-7-zaTxYK/openjdk-7-7u91-2.6.3/build/openjdk/hotspot/src/share/vm/prims/jvm.cpp:1322
Event: 13.739 Thread 0x00007f3d0c117800 Threw 0x00000000ecb9fab8 at /build/openjdk-7-zaTxYK/openjdk-7-7u91-2.6.3/build/openjdk/hotspot/src/share/vm/prims/jvm.cpp:1322
Event: 13.740 Thread 0x00007f3d0c117800 Threw 0x00000000ecba51e0 at /build/openjdk-7-zaTxYK/openjdk-7-7u91-2.6.3/build/openjdk/hotspot/src/share/vm/prims/jvm.cpp:1322

Events (10 events):
Event: 13.738 loading class 0x00007f3ccc15d590
Event: 13.738 loading class 0x00007f3ccc15d590 done
Event: 13.738 loading class 0x00007f3ccc14b0d0
Event: 13.738 loading class 0x00007f3ccc14b0d0 done
Event: 13.739 loading class 0x00007f3ccc14b290
Event: 13.739 loading class 0x00007f3ccc14b290 done
Event: 13.739 loading class 0x00007f3ccc05bca0
Event: 13.739 loading class 0x00007f3ccc05bca0 done
Event: 13.740 loading class 0x00007f3ccc12b160
Event: 13.740 loading class 0x00007f3ccc12b160 done


Dynamic libraries:
00400000-00401000 r-xp 00000000 08:09 149933                             /usr/lib/jvm/java-7-openjdk-amd64/jre/bin/java
00600000-00601000 r--p 00000000 08:09 149933                             /usr/lib/jvm/java-7-openjdk-amd64/jre/bin/java
00601000-00602000 rw-p 00001000 08:09 149933                             /usr/lib/jvm/java-7-openjdk-amd64/jre/bin/java
01feb000-0200c000 rw-p 00000000 00:00 0                                  [heap]
ba000000-bb500000 rw-p 00000000 00:00 0 
bb500000-c4600000 rw-p 00000000 00:00 0 
c4600000-c6d80000 rw-p 00000000 00:00 0 
c6d80000-ec200000 rw-p 00000000 00:00 0 
ec200000-ed600000 rw-p 00000000 00:00 0 
ed600000-100000000 rw-p 00000000 00:00 0 
7f3cbc000000-7f3cbc021000 rw-p 00000000 00:00 0 
7f3cbc021000-7f3cc0000000 ---p 00000000 00:00 0 
7f3cc0000000-7f3cc0021000 rw-p 00000000 00:00 0 
7f3cc0021000-7f3cc4000000 ---p 00000000 00:00 0 
7f3cc4000000-7f3cc4021000 rw-p 00000000 00:00 0 
7f3cc4021000-7f3cc8000000 ---p 00000000 00:00 0 
7f3cc964c000-7f3cc967d000 r-xp 00000000 08:09 11984                      /usr/lib/x86_64-linux-gnu/libidn.so.11.6.11
7f3cc967d000-7f3cc987d000 ---p 00031000 08:09 11984                      /usr/lib/x86_64-linux-gnu/libidn.so.11.6.11
7f3cc987d000-7f3cc987e000 r--p 00031000 08:09 11984                      /usr/lib/x86_64-linux-gnu/libidn.so.11.6.11
7f3cc987e000-7f3cc987f000 rw-p 00032000 08:09 11984                      /usr/lib/x86_64-linux-gnu/libidn.so.11.6.11
7f3cc987f000-7f3cc995d000 r-xp 00000000 08:09 13408                      /usr/lib/libvlccore.so.7.0.0
7f3cc995d000-7f3cc9b5d000 ---p 000de000 08:09 13408                      /usr/lib/libvlccore.so.7.0.0
7f3cc9b5d000-7f3cc9b60000 r--p 000de000 08:09 13408                      /usr/lib/libvlccore.so.7.0.0
7f3cc9b60000-7f3cc9b61000 rw-p 000e1000 08:09 13408                      /usr/lib/libvlccore.so.7.0.0
7f3cc9b61000-7f3cc9b7b000 r-xp 00000000 08:09 13410                      /usr/lib/libvlc.so.5.4.0
7f3cc9b7b000-7f3cc9d7a000 ---p 0001a000 08:09 13410                      /usr/lib/libvlc.so.5.4.0
7f3cc9d7a000-7f3cc9d7b000 r--p 00019000 08:09 13410                      /usr/lib/libvlc.so.5.4.0
7f3cc9d7b000-7f3cc9d7c000 rw-p 0001a000 08:09 13410                      /usr/lib/libvlc.so.5.4.0
7f3cc9d7c000-7f3cc9d93000 r-xp 00000000 08:09 15608                      /tmp/jna-109214154/jna7596051385096279230.tmp (deleted)
7f3cc9d93000-7f3cc9e92000 ---p 00017000 08:09 15608                      /tmp/jna-109214154/jna7596051385096279230.tmp (deleted)
7f3cc9e92000-7f3cc9e94000 rw-p 00016000 08:09 15608                      /tmp/jna-109214154/jna7596051385096279230.tmp (deleted)
7f3cc9e94000-7f3cc9e95000 r-xp 00000000 08:09 155472                     /usr/lib/jvm/java-7-openjdk-amd64/jre/lib/amd64/libjawt.so
7f3cc9e95000-7f3cca094000 ---p 00001000 08:09 155472                     /usr/lib/jvm/java-7-openjdk-amd64/jre/lib/amd64/libjawt.so
7f3cca094000-7f3cca095000 r--p 00000000 08:09 155472                     /usr/lib/jvm/java-7-openjdk-amd64/jre/lib/amd64/libjawt.so
7f3cca095000-7f3cca096000 rw-p 00001000 08:09 155472                     /usr/lib/jvm/java-7-openjdk-amd64/jre/lib/amd64/libjawt.so
7f3cca096000-7f3cca099000 ---p 00000000 00:00 0 
7f3cca099000-7f3cca197000 rw-p 00000000 00:00 0                          [stack:13778]
7f3cca197000-7f3cca19c000 r-xp 00000000 08:09 761                        /usr/lib/x86_64-linux-gnu/libXfixes.so.3.1.0
7f3cca19c000-7f3cca39b000 ---p 00005000 08:09 761                        /usr/lib/x86_64-linux-gnu/libXfixes.so.3.1.0
7f3cca39b000-7f3cca39c000 r--p 00004000 08:09 761                        /usr/lib/x86_64-linux-gnu/libXfixes.so.3.1.0
7f3cca39c000-7f3cca39d000 rw-p 00005000 08:09 761                        /usr/lib/x86_64-linux-gnu/libXfixes.so.3.1.0
7f3cca39d000-7f3cca3a6000 r-xp 00000000 08:09 11417                      /usr/lib/x86_64-linux-gnu/libXcursor.so.1.0.2
7f3cca3a6000-7f3cca5a5000 ---p 00009000 08:09 11417                      /usr/lib/x86_64-linux-gnu/libXcursor.so.1.0.2
7f3cca5a5000-7f3cca5a6000 r--p 00008000 08:09 11417                      /usr/lib/x86_64-linux-gnu/libXcursor.so.1.0.2
7f3cca5a6000-7f3cca5a7000 rw-p 00009000 08:09 11417                      /usr/lib/x86_64-linux-gnu/libXcursor.so.1.0.2
7f3cca5a7000-7f3cca5ab000 r-xp 00000000 08:09 658867                     /lib/x86_64-linux-gnu/libgpg-error.so.0.10.0
7f3cca5ab000-7f3cca7aa000 ---p 00004000 08:09 658867                     /lib/x86_64-linux-gnu/libgpg-error.so.0.10.0
7f3cca7aa000-7f3cca7ab000 r--p 00003000 08:09 658867                     /lib/x86_64-linux-gnu/libgpg-error.so.0.10.0
7f3cca7ab000-7f3cca7ac000 rw-p 00004000 08:09 658867                     /lib/x86_64-linux-gnu/libgpg-error.so.0.10.0
7f3cca7ac000-7f3cca7ae000 r-xp 00000000 08:09 658877                     /lib/x86_64-linux-gnu/libkeyutils.so.1.4
7f3cca7ae000-7f3cca9ae000 ---p 00002000 08:09 658877                     /lib/x86_64-linux-gnu/libkeyutils.so.1.4
7f3cca9ae000-7f3cca9af000 r--p 00002000 08:09 658877                     /lib/x86_64-linux-gnu/libkeyutils.so.1.4
7f3cca9af000-7f3cca9b0000 rw-p 00003000 08:09 658877                     /lib/x86_64-linux-gnu/libkeyutils.so.1.4
7f3cca9b0000-7f3cca9d5000 r-xp 00000000 08:09 660548                     /lib/x86_64-linux-gnu/libpng12.so.0.50.0
7f3cca9d5000-7f3ccabd4000 ---p 00025000 08:09 660548                     /lib/x86_64-linux-gnu/libpng12.so.0.50.0
7f3ccabd4000-7f3ccabd5000 r--p 00024000 08:09 660548                     /lib/x86_64-linux-gnu/libpng12.so.0.50.0
7f3ccabd5000-7f3ccabd6000 rw-p 00025000 08:09 660548                     /lib/x86_64-linux-gnu/libpng12.so.0.50.0
7f3ccabd6000-7f3ccac1a000 r-xp 00000000 08:09 658848                     /lib/x86_64-linux-gnu/libdbus-1.so.3.7.6
7f3ccac1a000-7f3ccae19000 ---p 00044000 08:09 658848                     /lib/x86_64-linux-gnu/libdbus-1.so.3.7.6
7f3ccae19000-7f3ccae1a000 r--p 00043000 08:09 658848                     /lib/x86_64-linux-gnu/libdbus-1.so.3.7.6
7f3ccae1a000-7f3ccae1b000 rw-p 00044000 08:09 658848                     /lib/x86_64-linux-gnu/libdbus-1.so.3.7.6
7f3ccae1b000-7f3ccae56000 r-xp 00000000 08:09 12137                      /usr/lib/x86_64-linux-gnu/libp11-kit.so.0.0.0
7f3ccae56000-7f3ccb055000 ---p 0003b000 08:09 12137                      /usr/lib/x86_64-linux-gnu/libp11-kit.so.0.0.0
7f3ccb055000-7f3ccb05b000 r--p 0003a000 08:09 12137                      /usr/lib/x86_64-linux-gnu/libp11-kit.so.0.0.0
7f3ccb05b000-7f3ccb05d000 rw-p 00040000 08:09 12137                      /usr/lib/x86_64-linux-gnu/libp11-kit.so.0.0.0
7f3ccb05d000-7f3ccb06f000 r-xp 00000000 08:09 571                        /usr/lib/x86_64-linux-gnu/libtasn1.so.6.2.0
7f3ccb06f000-7f3ccb26f000 ---p 00012000 08:09 571                        /usr/lib/x86_64-linux-gnu/libtasn1.so.6.2.0
7f3ccb26f000-7f3ccb270000 r--p 00012000 08:09 571                        /usr/lib/x86_64-linux-gnu/libtasn1.so.6.2.0
7f3ccb270000-7f3ccb271000 rw-p 00013000 08:09 571                        /usr/lib/x86_64-linux-gnu/libtasn1.so.6.2.0
7f3ccb271000-7f3ccb2ed000 r-xp 00000000 08:09 664361                     /lib/x86_64-linux-gnu/libgcrypt.so.11.8.2
7f3ccb2ed000-7f3ccb4ed000 ---p 0007c000 08:09 664361                     /lib/x86_64-linux-gnu/libgcrypt.so.11.8.2
7f3ccb4ed000-7f3ccb4ee000 r--p 0007c000 08:09 664361                     /lib/x86_64-linux-gnu/libgcrypt.so.11.8.2
7f3ccb4ee000-7f3ccb4f1000 rw-p 0007d000 08:09 664361                     /lib/x86_64-linux-gnu/libgcrypt.so.11.8.2
7f3ccb4f1000-7f3ccb4fb000 r-xp 00000000 08:09 12017                      /usr/lib/x86_64-linux-gnu/libkrb5support.so.0.1
7f3ccb4fb000-7f3ccb6fa000 ---p 0000a000 08:09 12017                      /usr/lib/x86_64-linux-gnu/libkrb5support.so.0.1
7f3ccb6fa000-7f3ccb6fb000 r--p 00009000 08:09 12017                      /usr/lib/x86_64-linux-gnu/libkrb5support.so.0.1
7f3ccb6fb000-7f3ccb6fc000 rw-p 0000a000 08:09 12017                      /usr/lib/x86_64-linux-gnu/libkrb5support.so.0.1
7f3ccb6fc000-7f3ccb6ff000 r-xp 00000000 08:09 658857                     /lib/x86_64-linux-gnu/libcom_err.so.2.1
7f3ccb6ff000-7f3ccb8fe000 ---p 00003000 08:09 658857                     /lib/x86_64-linux-gnu/libcom_err.so.2.1
7f3ccb8fe000-7f3ccb8ff000 r--p 00002000 08:09 658857                     /lib/x86_64-linux-gnu/libcom_err.so.2.1
7f3ccb8ff000-7f3ccb900000 rw-p 00003000 08:09 658857                     /lib/x86_64-linux-gnu/libcom_err.so.2.1
7f3ccb900000-7f3ccb92c000 r-xp 00000000 08:09 12106                      /usr/lib/x86_64-linux-gnu/libk5crypto.so.3.1
7f3ccb92c000-7f3ccbb2b000 ---p 0002c000 08:09 12106                      /usr/lib/x86_64-linux-gnu/libk5crypto.so.3.1
7f3ccbb2b000-7f3ccbb2d000 r--p 0002b000 08:09 12106                      /usr/lib/x86_64-linux-gnu/libk5crypto.so.3.1
7f3ccbb2d000-7f3ccbb2e000 rw-p 0002d000 08:09 12106                      /usr/lib/x86_64-linux-gnu/libk5crypto.so.3.1
7f3ccbb2e000-7f3ccbb2f000 rw-p 00000000 00:00 0 
7f3ccbb2f000-7f3ccbbeb000 r-xp 00000000 08:09 8528                       /usr/lib/x86_64-linux-gnu/libkrb5.so.3.3
7f3ccbbeb000-7f3ccbdeb000 ---p 000bc000 08:09 8528                       /usr/lib/x86_64-linux-gnu/libkrb5.so.3.3
7f3ccbdeb000-7f3ccbdf8000 r--p 000bc000 08:09 8528                       /usr/lib/x86_64-linux-gnu/libkrb5.so.3.3
7f3ccbdf8000-7f3ccbdfa000 rw-p 000c9000 08:09 8528                       /usr/lib/x86_64-linux-gnu/libkrb5.so.3.3
7f3ccbdfa000-7f3ccbdff000 r-xp 00000000 08:09 11421                      /usr/lib/x86_64-linux-gnu/libXdmcp.so.6.0.0
7f3ccbdff000-7f3ccbffe000 ---p 00005000 08:09 11421                      /usr/lib/x86_64-linux-gnu/libXdmcp.so.6.0.0
7f3ccbffe000-7f3ccbfff000 r--p 00004000 08:09 11421                      /usr/lib/x86_64-linux-gnu/libXdmcp.so.6.0.0
7f3ccbfff000-7f3ccc000000 rw-p 00005000 08:09 11421                      /usr/lib/x86_64-linux-gnu/libXdmcp.so.6.0.0
7f3ccc000000-7f3ccc1e7000 rw-p 00000000 00:00 0 
7f3ccc1e7000-7f3cd0000000 ---p 00000000 00:00 0 
7f3cd00ae000-7f3cd00b1000 ---p 00000000 00:00 0 
7f3cd00b1000-7f3cd00e7000 rw-p 00000000 00:00 0                          [stack:13780]
7f3cd00e7000-7f3cd00ea000 ---p 00000000 00:00 0 
7f3cd00ea000-7f3cd01e8000 rw-p 00000000 00:00 0                          [stack:13777]
7f3cd01e8000-7f3cd01ea000 r-xp 00000000 08:09 11410                      /usr/lib/x86_64-linux-gnu/libXau.so.6.0.0
7f3cd01ea000-7f3cd03ea000 ---p 00002000 08:09 11410                      /usr/lib/x86_64-linux-gnu/libXau.so.6.0.0
7f3cd03ea000-7f3cd03eb000 r--p 00002000 08:09 11410                      /usr/lib/x86_64-linux-gnu/libXau.so.6.0.0
7f3cd03eb000-7f3cd03ec000 rw-p 00003000 08:09 11410                      /usr/lib/x86_64-linux-gnu/libXau.so.6.0.0
7f3cd03ec000-7f3cd0413000 r-xp 00000000 08:09 659897                     /lib/x86_64-linux-gnu/libexpat.so.1.6.0
7f3cd0413000-7f3cd0613000 ---p 00027000 08:09 659897                     /lib/x86_64-linux-gnu/libexpat.so.1.6.0
7f3cd0613000-7f3cd0615000 r--p 00027000 08:09 659897                     /lib/x86_64-linux-gnu/libexpat.so.1.6.0
7f3cd0615000-7f3cd0616000 rw-p 00029000 08:09 659897                     /lib/x86_64-linux-gnu/libexpat.so.1.6.0
7f3cd0616000-7f3cd06b3000 r-xp 00000000 08:09 10092                      /usr/lib/x86_64-linux-gnu/libfreetype.so.6.11.1
7f3cd06b3000-7f3cd08b2000 ---p 0009d000 08:09 10092                      /usr/lib/x86_64-linux-gnu/libfreetype.so.6.11.1
7f3cd08b2000-7f3cd08b8000 r--p 0009c000 08:09 10092                      /usr/lib/x86_64-linux-gnu/libfreetype.so.6.11.1
7f3cd08b8000-7f3cd08b9000 rw-p 000a2000 08:09 10092                      /usr/lib/x86_64-linux-gnu/libfreetype.so.6.11.1
7f3cd08b9000-7f3cd08c8000 r-xp 00000000 08:09 11514                      /usr/lib/x86_64-linux-gnu/libavahi-client.so.3.2.9
7f3cd08c8000-7f3cd0ac8000 ---p 0000f000 08:09 11514                      /usr/lib/x86_64-linux-gnu/libavahi-client.so.3.2.9
7f3cd0ac8000-7f3cd0ac9000 r--p 0000f000 08:09 11514                      /usr/lib/x86_64-linux-gnu/libavahi-client.so.3.2.9
7f3cd0ac9000-7f3cd0aca000 rw-p 00010000 08:09 11514                      /usr/lib/x86_64-linux-gnu/libavahi-client.so.3.2.9
7f3cd0aca000-7f3cd0ad5000 r-xp 00000000 08:09 11516                      /usr/lib/x86_64-linux-gnu/libavahi-common.so.3.5.3
7f3cd0ad5000-7f3cd0cd4000 ---p 0000b000 08:09 11516                      /usr/lib/x86_64-linux-gnu/libavahi-common.so.3.5.3
7f3cd0cd4000-7f3cd0cd5000 r--p 0000a000 08:09 11516                      /usr/lib/x86_64-linux-gnu/libavahi-common.so.3.5.3
7f3cd0cd5000-7f3cd0cd6000 rw-p 0000b000 08:09 11516                      /usr/lib/x86_64-linux-gnu/libavahi-common.so.3.5.3
7f3cd0cd6000-7f3cd0d8c000 r-xp 00000000 08:09 2574                       /usr/lib/x86_64-linux-gnu/libgnutls.so.26.22.6
7f3cd0d8c000-7f3cd0f8c000 ---p 000b6000 08:09 2574                       /usr/lib/x86_64-linux-gnu/libgnutls.so.26.22.6
7f3cd0f8c000-7f3cd0f92000 r--p 000b6000 08:09 2574                       /usr/lib/x86_64-linux-gnu/libgnutls.so.26.22.6
7f3cd0f92000-7f3cd0f93000 rw-p 000bc000 08:09 2574                       /usr/lib/x86_64-linux-gnu/libgnutls.so.26.22.6
7f3cd0f93000-7f3cd0f94000 rw-p 00000000 00:00 0 
7f3cd0f94000-7f3cd0fd8000 r-xp 00000000 08:09 8512                       /usr/lib/x86_64-linux-gnu/libgssapi_krb5.so.2.2
7f3cd0fd8000-7f3cd11d8000 ---p 00044000 08:09 8512                       /usr/lib/x86_64-linux-gnu/libgssapi_krb5.so.2.2
7f3cd11d8000-7f3cd11d9000 r--p 00044000 08:09 8512                       /usr/lib/x86_64-linux-gnu/libgssapi_krb5.so.2.2
7f3cd11d9000-7f3cd11db000 rw-p 00045000 08:09 8512                       /usr/lib/x86_64-linux-gnu/libgssapi_krb5.so.2.2
7f3cd11db000-7f3cd11f8000 r-xp 00000000 08:09 12478                      /usr/lib/x86_64-linux-gnu/libxcb.so.1.1.0
7f3cd11f8000-7f3cd13f8000 ---p 0001d000 08:09 12478                      /usr/lib/x86_64-linux-gnu/libxcb.so.1.1.0
7f3cd13f8000-7f3cd13f9000 r--p 0001d000 08:09 12478                      /usr/lib/x86_64-linux-gnu/libxcb.so.1.1.0
7f3cd13f9000-7f3cd13fa000 rw-p 0001e000 08:09 12478                      /usr/lib/x86_64-linux-gnu/libxcb.so.1.1.0
7f3cd13fa000-7f3cd1434000 r-xp 00000000 08:09 11706                      /usr/lib/x86_64-linux-gnu/libfontconfig.so.1.8.0
7f3cd1434000-7f3cd1633000 ---p 0003a000 08:09 11706                      /usr/lib/x86_64-linux-gnu/libfontconfig.so.1.8.0
7f3cd1633000-7f3cd1635000 r--p 00039000 08:09 11706                      /usr/lib/x86_64-linux-gnu/libfontconfig.so.1.8.0
7f3cd1635000-7f3cd1636000 rw-p 0003b000 08:09 11706                      /usr/lib/x86_64-linux-gnu/libfontconfig.so.1.8.0
7f3cd1636000-7f3cd16a2000 r-xp 00000000 08:09 403                        /usr/lib/x86_64-linux-gnu/libcups.so.2
7f3cd16a2000-7f3cd18a2000 ---p 0006c000 08:09 403                        /usr/lib/x86_64-linux-gnu/libcups.so.2
7f3cd18a2000-7f3cd18a9000 r--p 0006c000 08:09 403                        /usr/lib/x86_64-linux-gnu/libcups.so.2
7f3cd18a9000-7f3cd18aa000 rw-p 00073000 08:09 403                        /usr/lib/x86_64-linux-gnu/libcups.so.2
7f3cd18aa000-7f3cd18b9000 r-xp 00000000 08:09 4019                       /usr/lib/x86_64-linux-gnu/libXi.so.6.1.0
7f3cd18b9000-7f3cd1ab8000 ---p 0000f000 08:09 4019                       /usr/lib/x86_64-linux-gnu/libXi.so.6.1.0
7f3cd1ab8000-7f3cd1ab9000 r--p 0000e000 08:09 4019                       /usr/lib/x86_64-linux-gnu/libXi.so.6.1.0
7f3cd1ab9000-7f3cd1aba000 rw-p 0000f000 08:09 4019                       /usr/lib/x86_64-linux-gnu/libXi.so.6.1.0
7f3cd1aba000-7f3cd1abf000 r-xp 00000000 08:09 11451                      /usr/lib/x86_64-linux-gnu/libXtst.so.6.1.0
7f3cd1abf000-7f3cd1cbe000 ---p 00005000 08:09 11451                      /usr/lib/x86_64-linux-gnu/libXtst.so.6.1.0
7f3cd1cbe000-7f3cd1cbf000 r--p 00004000 08:09 11451                      /usr/lib/x86_64-linux-gnu/libXtst.so.6.1.0
7f3cd1cbf000-7f3cd1cc0000 rw-p 00005000 08:09 11451                      /usr/lib/x86_64-linux-gnu/libXtst.so.6.1.0
7f3cd1cc0000-7f3cd1cc9000 r-xp 00000000 08:09 10266                      /usr/lib/x86_64-linux-gnu/libXrender.so.1.3.0
7f3cd1cc9000-7f3cd1ec8000 ---p 00009000 08:09 10266                      /usr/lib/x86_64-linux-gnu/libXrender.so.1.3.0
7f3cd1ec8000-7f3cd1ec9000 r--p 00008000 08:09 10266                      /usr/lib/x86_64-linux-gnu/libXrender.so.1.3.0
7f3cd1ec9000-7f3cd1eca000 rw-p 00009000 08:09 10266                      /usr/lib/x86_64-linux-gnu/libXrender.so.1.3.0
7f3cd1eca000-7f3cd1ffa000 r-xp 00000000 08:09 11406                      /usr/lib/x86_64-linux-gnu/libX11.so.6.3.0
7f3cd1ffa000-7f3cd21fa000 ---p 00130000 08:09 11406                      /usr/lib/x86_64-linux-gnu/libX11.so.6.3.0
7f3cd21fa000-7f3cd21fb000 r--p 00130000 08:09 11406                      /usr/lib/x86_64-linux-gnu/libX11.so.6.3.0
7f3cd21fb000-7f3cd21ff000 rw-p 00131000 08:09 11406                      /usr/lib/x86_64-linux-gnu/libX11.so.6.3.0
7f3cd21ff000-7f3cd2210000 r-xp 00000000 08:09 1489                       /usr/lib/x86_64-linux-gnu/libXext.so.6.4.0
7f3cd2210000-7f3cd240f000 ---p 00011000 08:09 1489                       /usr/lib/x86_64-linux-gnu/libXext.so.6.4.0
7f3cd240f000-7f3cd2410000 r--p 00010000 08:09 1489                       /usr/lib/x86_64-linux-gnu/libXext.so.6.4.0
7f3cd2410000-7f3cd2411000 rw-p 00011000 08:09 1489                       /usr/lib/x86_64-linux-gnu/libXext.so.6.4.0
7f3cd242b000-7f3cd2473000 r-xp 00000000 08:09 392971                     /usr/lib/jvm/java-7-openjdk-amd64/jre/lib/amd64/xawt/libmawt.so
7f3cd2473000-7f3cd2672000 ---p 00048000 08:09 392971                     /usr/lib/jvm/java-7-openjdk-amd64/jre/lib/amd64/xawt/libmawt.so
7f3cd2672000-7f3cd2673000 r--p 00047000 08:09 392971                     /usr/lib/jvm/java-7-openjdk-amd64/jre/lib/amd64/xawt/libmawt.so
7f3cd2673000-7f3cd2676000 rw-p 00048000 08:09 392971                     /usr/lib/jvm/java-7-openjdk-amd64/jre/lib/amd64/xawt/libmawt.so
7f3cd2676000-7f3cd2677000 rw-p 00000000 00:00 0 
7f3cd2677000-7f3cd2717000 r-xp 00000000 08:09 152373                     /usr/lib/jvm/java-7-openjdk-amd64/jre/lib/amd64/libawt.so
7f3cd2717000-7f3cd2917000 ---p 000a0000 08:09 152373                     /usr/lib/jvm/java-7-openjdk-amd64/jre/lib/amd64/libawt.so
7f3cd2917000-7f3cd2918000 r--p 000a0000 08:09 152373                     /usr/lib/jvm/java-7-openjdk-amd64/jre/lib/amd64/libawt.so
7f3cd2918000-7f3cd2923000 rw-p 000a1000 08:09 152373                     /usr/lib/jvm/java-7-openjdk-amd64/jre/lib/amd64/libawt.so
7f3cd2923000-7f3cd2948000 rw-p 00000000 00:00 0 
7f3cd2948000-7f3cd294b000 ---p 00000000 00:00 0 
7f3cd294b000-7f3cd2a7a000 rw-p 00000000 00:00 0                          [stack:13768]
7f3cd2a7a000-7f3cd2ab7000 r-xp 00000000 08:09 658887                     /lib/x86_64-linux-gnu/libpcre.so.3.13.1
7f3cd2ab7000-7f3cd2cb6000 ---p 0003d000 08:09 658887                     /lib/x86_64-linux-gnu/libpcre.so.3.13.1
7f3cd2cb6000-7f3cd2cb7000 r--p 0003c000 08:09 658887                     /lib/x86_64-linux-gnu/libpcre.so.3.13.1
7f3cd2cb7000-7f3cd2cb8000 rw-p 0003d000 08:09 658887                     /lib/x86_64-linux-gnu/libpcre.so.3.13.1
7f3cd2cb8000-7f3cd2cbf000 r-xp 00000000 08:09 545                        /usr/lib/x86_64-linux-gnu/libffi.so.6.0.1
7f3cd2cbf000-7f3cd2ebe000 ---p 00007000 08:09 545                        /usr/lib/x86_64-linux-gnu/libffi.so.6.0.1
7f3cd2ebe000-7f3cd2ebf000 r--p 00006000 08:09 545                        /usr/lib/x86_64-linux-gnu/libffi.so.6.0.1
7f3cd2ebf000-7f3cd2ec0000 rw-p 00007000 08:09 545                        /usr/lib/x86_64-linux-gnu/libffi.so.6.0.1
7f3cd2ec0000-7f3cd2ed7000 r-xp 00000000 08:09 664354                     /lib/x86_64-linux-gnu/libresolv-2.19.so
7f3cd2ed7000-7f3cd30d7000 ---p 00017000 08:09 664354                     /lib/x86_64-linux-gnu/libresolv-2.19.so
7f3cd30d7000-7f3cd30d8000 r--p 00017000 08:09 664354                     /lib/x86_64-linux-gnu/libresolv-2.19.so
7f3cd30d8000-7f3cd30d9000 rw-p 00018000 08:09 664354                     /lib/x86_64-linux-gnu/libresolv-2.19.so
7f3cd30d9000-7f3cd30db000 rw-p 00000000 00:00 0 
7f3cd30db000-7f3cd30fb000 r-xp 00000000 08:09 658964                     /lib/x86_64-linux-gnu/libselinux.so.1
7f3cd30fb000-7f3cd32fa000 ---p 00020000 08:09 658964                     /lib/x86_64-linux-gnu/libselinux.so.1
7f3cd32fa000-7f3cd32fb000 r--p 0001f000 08:09 658964                     /lib/x86_64-linux-gnu/libselinux.so.1
7f3cd32fb000-7f3cd32fc000 rw-p 00020000 08:09 658964                     /lib/x86_64-linux-gnu/libselinux.so.1
7f3cd32fc000-7f3cd32fe000 rw-p 00000000 00:00 0 
7f3cd32fe000-7f3cd3301000 r-xp 00000000 08:09 11805                      /usr/lib/x86_64-linux-gnu/libgmodule-2.0.so.0.4002.0
7f3cd3301000-7f3cd3500000 ---p 00003000 08:09 11805                      /usr/lib/x86_64-linux-gnu/libgmodule-2.0.so.0.4002.0
7f3cd3500000-7f3cd3501000 r--p 00002000 08:09 11805                      /usr/lib/x86_64-linux-gnu/libgmodule-2.0.so.0.4002.0
7f3cd3501000-7f3cd3502000 rw-p 00003000 08:09 11805                      /usr/lib/x86_64-linux-gnu/libgmodule-2.0.so.0.4002.0
7f3cd3502000-7f3cd3608000 r-xp 00000000 08:09 658865                     /lib/x86_64-linux-gnu/libglib-2.0.so.0.4002.0
7f3cd3608000-7f3cd3807000 ---p 00106000 08:09 658865                     /lib/x86_64-linux-gnu/libglib-2.0.so.0.4002.0
7f3cd3807000-7f3cd3808000 r--p 00105000 08:09 658865                     /lib/x86_64-linux-gnu/libglib-2.0.so.0.4002.0
7f3cd3808000-7f3cd3809000 rw-p 00106000 08:09 658865                     /lib/x86_64-linux-gnu/libglib-2.0.so.0.4002.0
7f3cd3809000-7f3cd380a000 rw-p 00000000 00:00 0 
7f3cd380a000-7f3cd3859000 r-xp 00000000 08:09 11821                      /usr/lib/x86_64-linux-gnu/libgobject-2.0.so.0.4002.0
7f3cd3859000-7f3cd3a59000 ---p 0004f000 08:09 11821                      /usr/lib/x86_64-linux-gnu/libgobject-2.0.so.0.4002.0
7f3cd3a59000-7f3cd3a5a000 r--p 0004f000 08:09 11821                      /usr/lib/x86_64-linux-gnu/libgobject-2.0.so.0.4002.0
7f3cd3a5a000-7f3cd3a5b000 rw-p 00050000 08:09 11821                      /usr/lib/x86_64-linux-gnu/libgobject-2.0.so.0.4002.0
7f3cd3a5b000-7f3cd3bc7000 r-xp 00000000 08:09 11793                      /usr/lib/x86_64-linux-gnu/libgio-2.0.so.0.4002.0
7f3cd3bc7000-7f3cd3dc6000 ---p 0016c000 08:09 11793                      /usr/lib/x86_64-linux-gnu/libgio-2.0.so.0.4002.0
7f3cd3dc6000-7f3cd3dca000 r--p 0016b000 08:09 11793                      /usr/lib/x86_64-linux-gnu/libgio-2.0.so.0.4002.0
7f3cd3dca000-7f3cd3dcc000 rw-p 0016f000 08:09 11793                      /usr/lib/x86_64-linux-gnu/libgio-2.0.so.0.4002.0
7f3cd3dcc000-7f3cd3dce000 rw-p 00000000 00:00 0 
7f3cd3dcf000-7f3cd3dd9000 r--s 000ae000 08:09 164365                     /usr/lib/jvm/java-7-openjdk-amd64/jre/lib/resources.jar
7f3cd3dd9000-7f3cd3de8000 r--s 00115000 08:09 43272                      /home/sayed/.m2/repository/net/java/dev/jna/platform/3.5.2/platform-3.5.2.jar
7f3cd3de8000-7f3cd3dff000 r-xp 00000000 08:09 155579                     /usr/lib/jvm/java-7-openjdk-amd64/jre/lib/amd64/libnet.so
7f3cd3dff000-7f3cd3ffe000 ---p 00017000 08:09 155579                     /usr/lib/jvm/java-7-openjdk-amd64/jre/lib/amd64/libnet.so
7f3cd3ffe000-7f3cd3fff000 r--p 00016000 08:09 155579                     /usr/lib/jvm/java-7-openjdk-amd64/jre/lib/amd64/libnet.so
7f3cd3fff000-7f3cd4000000 rw-p 00017000 08:09 155579                     /usr/lib/jvm/java-7-openjdk-amd64/jre/lib/amd64/libnet.so
7f3cd4000000-7f3cd4021000 rw-p 00000000 00:00 0 
7f3cd4021000-7f3cd8000000 ---p 00000000 00:00 0 
7f3cd8000000-7f3cd8021000 rw-p 00000000 00:00 0 
7f3cd8021000-7f3cdc000000 ---p 00000000 00:00 0 
7f3cdc000000-7f3cdc1e5000 rw-p 00000000 00:00 0 
7f3cdc1e5000-7f3ce0000000 ---p 00000000 00:00 0 
7f3ce0000000-7f3ce0176000 rw-p 00000000 00:00 0 
7f3ce0176000-7f3ce4000000 ---p 00000000 00:00 0 
7f3ce4000000-7f3ce4021000 rw-p 00000000 00:00 0 
7f3ce4021000-7f3ce8000000 ---p 00000000 00:00 0 
7f3ce8000000-7f3ce8021000 rw-p 00000000 00:00 0 
7f3ce8021000-7f3cec000000 ---p 00000000 00:00 0 
7f3cec000000-7f3cec021000 rw-p 00000000 00:00 0 
7f3cec021000-7f3cf0000000 ---p 00000000 00:00 0 
7f3cf0000000-7f3cf0021000 rw-p 00000000 00:00 0 
7f3cf0021000-7f3cf4000000 ---p 00000000 00:00 0 
7f3cf4000000-7f3cf4021000 rw-p 00000000 00:00 0 
7f3cf4021000-7f3cf8000000 ---p 00000000 00:00 0 
7f3cf8000000-7f3cf8021000 rw-p 00000000 00:00 0 
7f3cf8021000-7f3cfc000000 ---p 00000000 00:00 0 
7f3cfc000000-7f3cfc021000 rw-p 00000000 00:00 0 
7f3cfc021000-7f3d00000000 ---p 00000000 00:00 0 
7f3d00004000-7f3d00005000 ---p 00000000 00:00 0 
7f3d00005000-7f3d00105000 rw-p 00000000 00:00 0                          [stack:13743]
7f3d00105000-7f3d00108000 ---p 00000000 00:00 0 
7f3d00108000-7f3d00206000 rw-p 00000000 00:00 0                          [stack:13742]
7f3d00206000-7f3d00209000 ---p 00000000 00:00 0 
7f3d00209000-7f3d00307000 rw-p 00000000 00:00 0                          [stack:13741]
7f3d00307000-7f3d0030a000 ---p 00000000 00:00 0 
7f3d0030a000-7f3d00408000 rw-p 00000000 00:00 0                          [stack:13740]
7f3d00408000-7f3d0040b000 ---p 00000000 00:00 0 
7f3d0040b000-7f3d00509000 rw-p 00000000 00:00 0                          [stack:13739]
7f3d00509000-7f3d00c6c000 r--p 00000000 08:09 8500                       /usr/lib/locale/locale-archive
7f3d00c6c000-7f3d00c6f000 ---p 00000000 00:00 0 
7f3d00c6f000-7f3d00d6d000 rw-p 00000000 00:00 0                          [stack:13738]
7f3d00d6d000-7f3d00d70000 ---p 00000000 00:00 0 
7f3d00d70000-7f3d00e6e000 rw-p 00000000 00:00 0                          [stack:13737]
7f3d00e6e000-7f3d00e6f000 ---p 00000000 00:00 0 
7f3d00e6f000-7f3d04000000 rw-p 00000000 00:00 0                          [stack:13736]
7f3d04000000-7f3d04021000 rw-p 00000000 00:00 0 
7f3d04021000-7f3d08000000 ---p 00000000 00:00 0 
7f3d08009000-7f3d0822c000 rw-p 00000000 00:00 0 
7f3d0822c000-7f3d083de000 r--s 01d2e000 08:09 150192                     /usr/lib/jvm/java-7-openjdk-amd64/jre/lib/rt.jar
7f3d083de000-7f3d08684000 rw-p 00000000 00:00 0 
7f3d08684000-7f3d08685000 ---p 00000000 00:00 0 
7f3d08685000-7f3d08785000 rw-p 00000000 00:00 0                          [stack:13735]
7f3d08785000-7f3d08786000 ---p 00000000 00:00 0 
7f3d08786000-7f3d08886000 rw-p 00000000 00:00 0                          [stack:13734]
7f3d08886000-7f3d08887000 ---p 00000000 00:00 0 
7f3d08887000-7f3d08987000 rw-p 00000000 00:00 0                          [stack:13733]
7f3d08987000-7f3d08988000 ---p 00000000 00:00 0 
7f3d08988000-7f3d08a9c000 rw-p 00000000 00:00 0                          [stack:13732]
7f3d08a9c000-7f3d08bc6000 rw-p 00000000 00:00 0 
7f3d08bc6000-7f3d08bd1000 rw-p 00000000 00:00 0 
7f3d08bd1000-7f3d08c19000 rw-p 00000000 00:00 0 
7f3d08c19000-7f3d08c2d000 rw-p 00000000 00:00 0 
7f3d08c2d000-7f3d08d57000 rw-p 00000000 00:00 0 
7f3d08d57000-7f3d08d61000 rw-p 00000000 00:00 0 
7f3d08d61000-7f3d08df6000 rw-p 00000000 00:00 0 
7f3d08df6000-7f3d08df7000 rw-p 00000000 00:00 0 
7f3d08df7000-7f3d09067000 rwxp 00000000 00:00 0 
7f3d09067000-7f3d0bdf7000 rw-p 00000000 00:00 0 
7f3d0bdf7000-7f3d0bdff000 r-xp 00000000 08:09 152372                     /usr/lib/jvm/java-7-openjdk-amd64/jre/lib/amd64/libzip.so
7f3d0bdff000-7f3d0bffe000 ---p 00008000 08:09 152372                     /usr/lib/jvm/java-7-openjdk-amd64/jre/lib/amd64/libzip.so
7f3d0bffe000-7f3d0bfff000 r--p 00007000 08:09 152372                     /usr/lib/jvm/java-7-openjdk-amd64/jre/lib/amd64/libzip.so
7f3d0bfff000-7f3d0c000000 rw-p 00008000 08:09 152372                     /usr/lib/jvm/java-7-openjdk-amd64/jre/lib/amd64/libzip.so
7f3d0c000000-7f3d0c129000 rw-p 00000000 00:00 0 
7f3d0c129000-7f3d10000000 ---p 00000000 00:00 0 
7f3d10004000-7f3d10009000 r--s 0004e000 08:09 157128                     /usr/lib/jvm/java-7-openjdk-amd64/jre/lib/jsse.jar
7f3d10009000-7f3d1000d000 r--s 00112000 08:09 43276                      /home/sayed/.m2/repository/net/java/dev/jna/jna/4.2.1/jna-4.2.1.jar
7f3d1000d000-7f3d10019000 r--s 00057000 08:09 819501                     /home/sayed/.m2/repository/uk/co/caprica/vlcj/3.9.0/vlcj-3.9.0.jar
7f3d10019000-7f3d100f0000 rw-p 00000000 00:00 0 
7f3d100f0000-7f3d10138000 rw-p 00000000 00:00 0 
7f3d10138000-7f3d10143000 r-xp 00000000 08:09 664409                     /lib/x86_64-linux-gnu/libnss_files-2.19.so
7f3d10143000-7f3d10342000 ---p 0000b000 08:09 664409                     /lib/x86_64-linux-gnu/libnss_files-2.19.so
7f3d10342000-7f3d10343000 r--p 0000a000 08:09 664409                     /lib/x86_64-linux-gnu/libnss_files-2.19.so
7f3d10343000-7f3d10344000 rw-p 0000b000 08:09 664409                     /lib/x86_64-linux-gnu/libnss_files-2.19.so
7f3d10344000-7f3d1034f000 r-xp 00000000 08:09 664991                     /lib/x86_64-linux-gnu/libnss_nis-2.19.so
7f3d1034f000-7f3d1054e000 ---p 0000b000 08:09 664991                     /lib/x86_64-linux-gnu/libnss_nis-2.19.so
7f3d1054e000-7f3d1054f000 r--p 0000a000 08:09 664991                     /lib/x86_64-linux-gnu/libnss_nis-2.19.so
7f3d1054f000-7f3d10550000 rw-p 0000b000 08:09 664991                     /lib/x86_64-linux-gnu/libnss_nis-2.19.so
7f3d10550000-7f3d10567000 r-xp 00000000 08:09 664619                     /lib/x86_64-linux-gnu/libnsl-2.19.so
7f3d10567000-7f3d10766000 ---p 00017000 08:09 664619                     /lib/x86_64-linux-gnu/libnsl-2.19.so
7f3d10766000-7f3d10767000 r--p 00016000 08:09 664619                     /lib/x86_64-linux-gnu/libnsl-2.19.so
7f3d10767000-7f3d10768000 rw-p 00017000 08:09 664619                     /lib/x86_64-linux-gnu/libnsl-2.19.so
7f3d10768000-7f3d1076a000 rw-p 00000000 00:00 0 
7f3d1076a000-7f3d10773000 r-xp 00000000 08:09 664568                     /lib/x86_64-linux-gnu/libnss_compat-2.19.so
7f3d10773000-7f3d10972000 ---p 00009000 08:09 664568                     /lib/x86_64-linux-gnu/libnss_compat-2.19.so
7f3d10972000-7f3d10973000 r--p 00008000 08:09 664568                     /lib/x86_64-linux-gnu/libnss_compat-2.19.so
7f3d10973000-7f3d10974000 rw-p 00009000 08:09 664568                     /lib/x86_64-linux-gnu/libnss_compat-2.19.so
7f3d10974000-7f3d1099f000 r-xp 00000000 08:09 153353                     /usr/lib/jvm/java-7-openjdk-amd64/jre/lib/amd64/libjava.so
7f3d1099f000-7f3d10b9f000 ---p 0002b000 08:09 153353                     /usr/lib/jvm/java-7-openjdk-amd64/jre/lib/amd64/libjava.so
7f3d10b9f000-7f3d10ba0000 r--p 0002b000 08:09 153353                     /usr/lib/jvm/java-7-openjdk-amd64/jre/lib/amd64/libjava.so
7f3d10ba0000-7f3d10ba2000 rw-p 0002c000 08:09 153353                     /usr/lib/jvm/java-7-openjdk-amd64/jre/lib/amd64/libjava.so
7f3d10ba2000-7f3d10bb2000 r-xp 00000000 08:09 155015                     /usr/lib/jvm/java-7-openjdk-amd64/jre/lib/amd64/libverify.so
7f3d10bb2000-7f3d10db1000 ---p 00010000 08:09 155015                     /usr/lib/jvm/java-7-openjdk-amd64/jre/lib/amd64/libverify.so
7f3d10db1000-7f3d10db3000 r--p 0000f000 08:09 155015                     /usr/lib/jvm/java-7-openjdk-amd64/jre/lib/amd64/libverify.so
7f3d10db3000-7f3d10db4000 rw-p 00011000 08:09 155015                     /usr/lib/jvm/java-7-openjdk-amd64/jre/lib/amd64/libverify.so
7f3d10db4000-7f3d10dbb000 r-xp 00000000 08:09 664868                     /lib/x86_64-linux-gnu/librt-2.19.so
7f3d10dbb000-7f3d10fba000 ---p 00007000 08:09 664868                     /lib/x86_64-linux-gnu/librt-2.19.so
7f3d10fba000-7f3d10fbb000 r--p 00006000 08:09 664868                     /lib/x86_64-linux-gnu/librt-2.19.so
7f3d10fbb000-7f3d10fbc000 rw-p 00007000 08:09 664868                     /lib/x86_64-linux-gnu/librt-2.19.so
7f3d10fbc000-7f3d10fd2000 r-xp 00000000 08:09 658861                     /lib/x86_64-linux-gnu/libgcc_s.so.1
7f3d10fd2000-7f3d111d1000 ---p 00016000 08:09 658861                     /lib/x86_64-linux-gnu/libgcc_s.so.1
7f3d111d1000-7f3d111d2000 rw-p 00015000 08:09 658861                     /lib/x86_64-linux-gnu/libgcc_s.so.1
7f3d111d2000-7f3d112d7000 r-xp 00000000 08:09 664372                     /lib/x86_64-linux-gnu/libm-2.19.so
7f3d112d7000-7f3d114d6000 ---p 00105000 08:09 664372                     /lib/x86_64-linux-gnu/libm-2.19.so
7f3d114d6000-7f3d114d7000 r--p 00104000 08:09 664372                     /lib/x86_64-linux-gnu/libm-2.19.so
7f3d114d7000-7f3d114d8000 rw-p 00105000 08:09 664372                     /lib/x86_64-linux-gnu/libm-2.19.so
7f3d114d8000-7f3d115be000 r-xp 00000000 08:09 2509                       /usr/lib/x86_64-linux-gnu/libstdc++.so.6.0.19
7f3d115be000-7f3d117bd000 ---p 000e6000 08:09 2509                       /usr/lib/x86_64-linux-gnu/libstdc++.so.6.0.19
7f3d117bd000-7f3d117c5000 r--p 000e5000 08:09 2509                       /usr/lib/x86_64-linux-gnu/libstdc++.so.6.0.19
7f3d117c5000-7f3d117c7000 rw-p 000ed000 08:09 2509                       /usr/lib/x86_64-linux-gnu/libstdc++.so.6.0.19
7f3d117c7000-7f3d117dc000 rw-p 00000000 00:00 0 
7f3d117dc000-7f3d12300000 r-xp 00000000 08:09 153881                     /usr/lib/jvm/java-7-openjdk-amd64/jre/lib/amd64/server/libjvm.so
7f3d12300000-7f3d12500000 ---p 00b24000 08:09 153881                     /usr/lib/jvm/java-7-openjdk-amd64/jre/lib/amd64/server/libjvm.so
7f3d12500000-7f3d1259a000 r--p 00b24000 08:09 153881                     /usr/lib/jvm/java-7-openjdk-amd64/jre/lib/amd64/server/libjvm.so
7f3d1259a000-7f3d125bd000 rw-p 00bbe000 08:09 153881                     /usr/lib/jvm/java-7-openjdk-amd64/jre/lib/amd64/server/libjvm.so
7f3d125bd000-7f3d125eb000 rw-p 00000000 00:00 0 
7f3d125eb000-7f3d12603000 r-xp 00000000 08:09 658997                     /lib/x86_64-linux-gnu/libz.so.1.2.8
7f3d12603000-7f3d12802000 ---p 00018000 08:09 658997                     /lib/x86_64-linux-gnu/libz.so.1.2.8
7f3d12802000-7f3d12803000 r--p 00017000 08:09 658997                     /lib/x86_64-linux-gnu/libz.so.1.2.8
7f3d12803000-7f3d12804000 rw-p 00018000 08:09 658997                     /lib/x86_64-linux-gnu/libz.so.1.2.8
7f3d12804000-7f3d1281d000 r-xp 00000000 08:09 664830                     /lib/x86_64-linux-gnu/libpthread-2.19.so
7f3d1281d000-7f3d12a1c000 ---p 00019000 08:09 664830                     /lib/x86_64-linux-gnu/libpthread-2.19.so
7f3d12a1c000-7f3d12a1d000 r--p 00018000 08:09 664830                     /lib/x86_64-linux-gnu/libpthread-2.19.so
7f3d12a1d000-7f3d12a1e000 rw-p 00019000 08:09 664830                     /lib/x86_64-linux-gnu/libpthread-2.19.so
7f3d12a1e000-7f3d12a22000 rw-p 00000000 00:00 0 
7f3d12a22000-7f3d12a25000 r-xp 00000000 08:09 664487                     /lib/x86_64-linux-gnu/libdl-2.19.so
7f3d12a25000-7f3d12c24000 ---p 00003000 08:09 664487                     /lib/x86_64-linux-gnu/libdl-2.19.so
7f3d12c24000-7f3d12c25000 r--p 00002000 08:09 664487                     /lib/x86_64-linux-gnu/libdl-2.19.so
7f3d12c25000-7f3d12c26000 rw-p 00003000 08:09 664487                     /lib/x86_64-linux-gnu/libdl-2.19.so
7f3d12c26000-7f3d12de1000 r-xp 00000000 08:09 664796                     /lib/x86_64-linux-gnu/libc-2.19.so
7f3d12de1000-7f3d12fe0000 ---p 001bb000 08:09 664796                     /lib/x86_64-linux-gnu/libc-2.19.so
7f3d12fe0000-7f3d12fe4000 r--p 001ba000 08:09 664796                     /lib/x86_64-linux-gnu/libc-2.19.so
7f3d12fe4000-7f3d12fe6000 rw-p 001be000 08:09 664796                     /lib/x86_64-linux-gnu/libc-2.19.so
7f3d12fe6000-7f3d12feb000 rw-p 00000000 00:00 0 
7f3d12feb000-7f3d12ff8000 r-xp 00000000 08:09 155016                     /usr/lib/jvm/java-7-openjdk-amd64/jre/lib/amd64/jli/libjli.so
7f3d12ff8000-7f3d131f7000 ---p 0000d000 08:09 155016                     /usr/lib/jvm/java-7-openjdk-amd64/jre/lib/amd64/jli/libjli.so
7f3d131f7000-7f3d131f8000 r--p 0000c000 08:09 155016                     /usr/lib/jvm/java-7-openjdk-amd64/jre/lib/amd64/jli/libjli.so
7f3d131f8000-7f3d131f9000 rw-p 0000d000 08:09 155016                     /usr/lib/jvm/java-7-openjdk-amd64/jre/lib/amd64/jli/libjli.so
7f3d131f9000-7f3d1321c000 r-xp 00000000 08:09 664729                     /lib/x86_64-linux-gnu/ld-2.19.so
7f3d1321c000-7f3d1321d000 rw-p 00000000 00:00 0 
7f3d1321d000-7f3d1321e000 r--s 00002000 08:09 43285                      /home/sayed/.m2/repository/org/slf4j/slf4j-simple/1.7.12/slf4j-simple-1.7.12.jar
7f3d1321e000-7f3d1321f000 r--s 00007000 08:09 43269                      /home/sayed/.m2/repository/org/slf4j/slf4j-api/1.7.10/slf4j-api-1.7.10.jar
7f3d1321f000-7f3d13223000 r--s 0003c000 08:09 150009                     /usr/lib/jvm/java-7-openjdk-amd64/jre/lib/ext/sunpkcs11.jar
7f3d13223000-7f3d13243000 rw-p 00000000 00:00 0 
7f3d13243000-7f3d132f9000 rw-p 00000000 00:00 0 
7f3d132f9000-7f3d132fc000 ---p 00000000 00:00 0 
7f3d132fc000-7f3d133ff000 rw-p 00000000 00:00 0                          [stack:13731]
7f3d133ff000-7f3d13401000 r--s 00012000 08:09 150004                     /usr/lib/jvm/java-7-openjdk-amd64/jre/lib/ext/zipfs.jar
7f3d13401000-7f3d13402000 r--s 00002000 08:09 150010                     /usr/lib/jvm/java-7-openjdk-amd64/jre/lib/ext/dnsns.jar
7f3d13402000-7f3d13405000 r--s 0000f000 08:09 150006                     /usr/lib/jvm/java-7-openjdk-amd64/jre/lib/ext/icedtea-sound.jar
7f3d13405000-7f3d13409000 r--s 00085000 08:09 150005                     /usr/lib/jvm/java-7-openjdk-amd64/jre/lib/ext/localedata.jar
7f3d13409000-7f3d1340d000 r--s 00034000 08:09 150007                     /usr/lib/jvm/java-7-openjdk-amd64/jre/lib/ext/sunjce_provider.jar
7f3d1340d000-7f3d1340f000 r--s 00006000 08:09 308121                     /usr/share/java/java-atk-wrapper.jar
7f3d1340f000-7f3d13417000 rw-s 00000000 08:09 15605                      /tmp/hsperfdata_sayed/13726
7f3d13417000-7f3d13418000 rw-p 00000000 00:00 0 
7f3d13418000-7f3d13419000 r--p 00000000 00:00 0 
7f3d13419000-7f3d1341b000 rw-p 00000000 00:00 0 
7f3d1341b000-7f3d1341c000 r--p 00022000 08:09 664729                     /lib/x86_64-linux-gnu/ld-2.19.so
7f3d1341c000-7f3d1341d000 rw-p 00023000 08:09 664729                     /lib/x86_64-linux-gnu/ld-2.19.so
7f3d1341d000-7f3d1341e000 rw-p 00000000 00:00 0 
7fff1641b000-7fff1643c000 rw-p 00000000 00:00 0                          [stack]
7fff1659e000-7fff165a0000 r-xp 00000000 00:00 0                          [vdso]
7fff165a0000-7fff165a2000 r--p 00000000 00:00 0                          [vvar]
ffffffffff600000-ffffffffff601000 r-xp 00000000 00:00 0                  [vsyscall]

VM Arguments:
jvm_args: -Dfile.encoding=UTF-8 
java_command: com.movieCart.server.ServerManager
Launcher Type: SUN_STANDARD

Environment Variables:
PATH=/home/sayed/sys161/bin:/home/sayed/sys161/tools/bin:/usr/local/sbin:/usr/local/bin:/usr/sbin:/usr/bin:/sbin:/bin:/usr/games:/usr/local/games
SHELL=/bin/bash
DISPLAY=:0

Signal Handlers:
SIGSEGV: [libjvm.so+0x9548f0], sa_mask[0]=0x7ffbfeff, sa_flags=0x10000004
SIGBUS: [libjvm.so+0x9548f0], sa_mask[0]=0x7ffbfeff, sa_flags=0x10000004
SIGFPE: [libjvm.so+0x7cb0b0], sa_mask[0]=0x7ffbfeff, sa_flags=0x10000004
SIGPIPE: [libjvm.so+0x7cb0b0], sa_mask[0]=0x7ffbfeff, sa_flags=0x10000004
SIGXFSZ: [libjvm.so+0x7cb0b0], sa_mask[0]=0x7ffbfeff, sa_flags=0x10000004
SIGILL: [libjvm.so+0x7cb0b0], sa_mask[0]=0x7ffbfeff, sa_flags=0x10000004
SIGUSR1: SIG_DFL, sa_mask[0]=0x00000000, sa_flags=0x00000000
SIGUSR2: [libjvm.so+0x7caf50], sa_mask[0]=0x00000004, sa_flags=0x10000004
SIGHUP: [libjvm.so+0x7cb130], sa_mask[0]=0x7ffbfeff, sa_flags=0x10000004
SIGINT: [libjvm.so+0x7cb130], sa_mask[0]=0x7ffbfeff, sa_flags=0x10000004
SIGTERM: [libjvm.so+0x7cb130], sa_mask[0]=0x7ffbfeff, sa_flags=0x10000004
SIGQUIT: [libjvm.so+0x7cb130], sa_mask[0]=0x7ffbfeff, sa_flags=0x10000004
SIGTRAP: SIG_DFL, sa_mask[0]=0x00000000, sa_flags=0x00000000


---------------  S Y S T E M  ---------------

OS:Ubuntu 14.04 (trusty)
uname:Linux 3.16.0-53-generic #72~14.04.1-Ubuntu SMP Fri Nov 6 18:17:23 UTC 2015 x86_64
libc:glibc 2.19 NPTL 2.19 
rlimit: STACK 8192k, CORE 0k, NPROC 15153, NOFILE 4096, AS infinity
load average:0.04 0.16 0.35

/proc/meminfo:
MemTotal:        3900652 kB
MemFree:          378588 kB
MemAvailable:    1248656 kB
Buffers:          101284 kB
Cached:          1322344 kB
SwapCached:           56 kB
Active:          2516556 kB
Inactive:         803600 kB
Active(anon):    1835584 kB
Inactive(anon):   474092 kB
Active(file):     680972 kB
Inactive(file):   329508 kB
Unevictable:         152 kB
Mlocked:             152 kB
SwapTotal:       4002812 kB
SwapFree:        3986392 kB
Dirty:               192 kB
Writeback:             0 kB
AnonPages:       1896604 kB
Mapped:           399384 kB
Shmem:            413100 kB
Slab:              92892 kB
SReclaimable:      57044 kB
SUnreclaim:        35848 kB
KernelStack:        9600 kB
PageTables:        41524 kB
NFS_Unstable:          0 kB
Bounce:                0 kB
WritebackTmp:          0 kB
CommitLimit:     5953136 kB
Committed_AS:    6810160 kB
VmallocTotal:   34359738367 kB
VmallocUsed:      402640 kB
VmallocChunk:   34359322852 kB
HardwareCorrupted:     0 kB
AnonHugePages:    501760 kB
HugePages_Total:       0
HugePages_Free:        0
HugePages_Rsvd:        0
HugePages_Surp:        0
Hugepagesize:       2048 kB
DirectMap4k:      119544 kB
DirectMap2M:     3928064 kB


CPU:total 4 (2 cores per cpu, 2 threads per core) family 6 model 58 stepping 9, cmov, cx8, fxsr, mmx, sse, sse2, sse3, ssse3, sse4.1, sse4.2, popcnt, avx, erms, ht, tsc, tscinvbit, tscinv

/proc/cpuinfo:
processor	: 0
vendor_id	: GenuineIntel
cpu family	: 6
model		: 58
model name	: Intel(R) Core(TM) i5-3210M CPU @ 2.50GHz
stepping	: 9
microcode	: 0x15
cpu MHz		: 2900.000
cache size	: 3072 KB
physical id	: 0
siblings	: 4
core id		: 0
cpu cores	: 2
apicid		: 0
initial apicid	: 0
fpu		: yes
fpu_exception	: yes
cpuid level	: 13
wp		: yes
flags		: fpu vme de pse tsc msr pae mce cx8 apic sep mtrr pge mca cmov pat pse36 clflush dts acpi mmx fxsr sse sse2 ss ht tm pbe syscall nx rdtscp lm constant_tsc arch_perfmon pebs bts rep_good nopl xtopology nonstop_tsc aperfmperf eagerfpu pni pclmulqdq dtes64 monitor ds_cpl vmx est tm2 ssse3 cx16 xtpr pdcm pcid sse4_1 sse4_2 x2apic popcnt tsc_deadline_timer xsave avx f16c rdrand lahf_lm ida arat epb xsaveopt pln pts dtherm tpr_shadow vnmi flexpriority ept vpid fsgsbase smep erms
bogomips	: 4988.74
clflush size	: 64
cache_alignment	: 64
address sizes	: 36 bits physical, 48 bits virtual
power management:

processor	: 1
vendor_id	: GenuineIntel
cpu family	: 6
model		: 58
model name	: Intel(R) Core(TM) i5-3210M CPU @ 2.50GHz
stepping	: 9
microcode	: 0x15
cpu MHz		: 2900.000
cache size	: 3072 KB
physical id	: 0
siblings	: 4
core id		: 0
cpu cores	: 2
apicid		: 1
initial apicid	: 1
fpu		: yes
fpu_exception	: yes
cpuid level	: 13
wp		: yes
flags		: fpu vme de pse tsc msr pae mce cx8 apic sep mtrr pge mca cmov pat pse36 clflush dts acpi mmx fxsr sse sse2 ss ht tm pbe syscall nx rdtscp lm constant_tsc arch_perfmon pebs bts rep_good nopl xtopology nonstop_tsc aperfmperf eagerfpu pni pclmulqdq dtes64 monitor ds_cpl vmx est tm2 ssse3 cx16 xtpr pdcm pcid sse4_1 sse4_2 x2apic popcnt tsc_deadline_timer xsave avx f16c rdrand lahf_lm ida arat epb xsaveopt pln pts dtherm tpr_shadow vnmi flexpriority ept vpid fsgsbase smep erms
bogomips	: 4988.74
clflush size	: 64
cache_alignment	: 64
address sizes	: 36 bits physical, 48 bits virtual
power management:

processor	: 2
vendor_id	: GenuineIntel
cpu family	: 6
model		: 58
model name	: Intel(R) Core(TM) i5-3210M CPU @ 2.50GHz
stepping	: 9
microcode	: 0x15
cpu MHz		: 2900.000
cache size	: 3072 KB
physical id	: 0
siblings	: 4
core id		: 1
cpu cores	: 2
apicid		: 2
initial apicid	: 2
fpu		: yes
fpu_exception	: yes
cpuid level	: 13
wp		: yes
flags		: fpu vme de pse tsc msr pae mce cx8 apic sep mtrr pge mca cmov pat pse36 clflush dts acpi mmx fxsr sse sse2 ss ht tm pbe syscall nx rdtscp lm constant_tsc arch_perfmon pebs bts rep_good nopl xtopology nonstop_tsc aperfmperf eagerfpu pni pclmulqdq dtes64 monitor ds_cpl vmx est tm2 ssse3 cx16 xtpr pdcm pcid sse4_1 sse4_2 x2apic popcnt tsc_deadline_timer xsave avx f16c rdrand lahf_lm ida arat epb xsaveopt pln pts dtherm tpr_shadow vnmi flexpriority ept vpid fsgsbase smep erms
bogomips	: 4988.74
clflush size	: 64
cache_alignment	: 64
address sizes	: 36 bits physical, 48 bits virtual
power management:

processor	: 3
vendor_id	: GenuineIntel
cpu family	: 6
model		: 58
model name	: Intel(R) Core(TM) i5-3210M CPU @ 2.50GHz
stepping	: 9
microcode	: 0x15
cpu MHz		: 2916.210
cache size	: 3072 KB
physical id	: 0
siblings	: 4
core id		: 1
cpu cores	: 2
apicid		: 3
initial apicid	: 3
fpu		: yes
fpu_exception	: yes
cpuid level	: 13
wp		: yes
flags		: fpu vme de pse tsc msr pae mce cx8 apic sep mtrr pge mca cmov pat pse36 clflush dts acpi mmx fxsr sse sse2 ss ht tm pbe syscall nx rdtscp lm constant_tsc arch_perfmon pebs bts rep_good nopl xtopology nonstop_tsc aperfmperf eagerfpu pni pclmulqdq dtes64 monitor ds_cpl vmx est tm2 ssse3 cx16 xtpr pdcm pcid sse4_1 sse4_2 x2apic popcnt tsc_deadline_timer xsave avx f16c rdrand lahf_lm ida arat epb xsaveopt pln pts dtherm tpr_shadow vnmi flexpriority ept vpid fsgsbase smep erms
bogomips	: 4988.74
clflush size	: 64
cache_alignment	: 64
address sizes	: 36 bits physical, 48 bits virtual
power management:



Memory: 4k page, physical 3900652k(378588k free), swap 4002812k(3986392k free)

vm_info: OpenJDK 64-Bit Server VM (24.91-b01) for linux-amd64 JRE (1.7.0_91-b02), built on Nov 19 2015 06:14:37 by "buildd" with gcc 4.8.2

time: Sat Nov 28 14:47:54 2015
elapsed time: 13 seconds

