#
# A fatal error has been detected by the Java Runtime Environment:
#
#  SIGSEGV (0xb) at pc=0x00007f4b15625414, pid=13763, tid=139960462292736
#
# JRE version: Java(TM) SE Runtime Environment (8.0_66-b17) (build 1.8.0_66-b17)
# Java VM: Java HotSpot(TM) 64-Bit Server VM (25.66-b17 mixed mode linux-amd64 compressed oops)
# Problematic frame:
# C  [libpthread.so.0+0xa414]  pthread_mutex_lock+0x4
#
# Failed to write core dump. Core dumps have been disabled. To enable core dumping, try "ulimit -c unlimited" before starting Java again
#
# If you would like to submit a bug report, please visit:
#   http://bugreport.java.com/bugreport/crash.jsp
# The crash happened outside the Java Virtual Machine in native code.
# See problematic frame for where to report the bug.
#

---------------  T H R E A D  ---------------

Current thread (0x00007f4b0c00a000):  JavaThread "main" [_thread_in_native, id=13767, stack(0x00007f4b15933000,0x00007f4b15a34000)]

siginfo: si_signo: 11 (SIGSEGV), si_code: 128 (SI_KERNEL), si_addr: 0x0000000000000000

Registers:
RAX=0x00007f4ae9afe950, RBX=0x00007f4b15a31cb0, RCX=0x000000000000015d, RDX=0x00007f4b15a31ca0
RSP=0x00007f4b15a31c30, RBP=0x00007f4b0c27f9d0, RSI=0x00007f4b15a31c90, RDI=0x0000ffe900000000
R8 =0x00007f4b15a31cb0, R9 =0x00000000000001fd, R10=0x00007f4b0c266e80, R11=0x00007f4ae9b7fd07
R12=0x00007f4b15a31c8c, R13=0x00007f4b15a31dc0, R14=0x00007f4b15a31db8, R15=0x00007f4b0c00a1f8
RIP=0x00007f4b15625414, EFLAGS=0x0000000000010206, CSGSFS=0x0000000000000033, ERR=0x0000000000000000
  TRAPNO=0x000000000000000d

Top of Stack: (sp=0x00007f4b15a31c30)
0x00007f4b15a31c30:   00007f4b15a31db8 00007f4ae9b180da
0x00007f4b15a31c40:   00007f4b15a31c90 00007f4b15a31ca0
0x00007f4b15a31c50:   00007f4b0c2e5e40 00007f4b0c2e5f00
0x00007f4b15a31c60:   00007f4b0c234270 00007f4b0c2e5e40
0x00007f4b15a31c70:   00007f4b0c2e5f00 00007f4ae9af5a42
0x00007f4b15a31c80:   00007f4b0c2e5e40 00007f4b1584f515
0x00007f4b15a31c90:   0000015e0000015d 696c436900000000
0x00007f4b15a31ca0:   0000015700000156 00007f4b00000000
0x00007f4b15a31cb0:   00007f4b0c234270 00007f4b0c2e5f00
0x00007f4b15a31cc0:   00007f4b0c2e5f00 00007f4b15a31d20
0x00007f4b15a31cd0:   00007f4b0c2e5e40 00007f4aea06b991
0x00007f4b15a31ce0:   00007f4b0c00a000 00007f4b0c234270
0x00007f4b15a31cf0:   00007f4b0c00a000 00007f4afcbb7340
0x00007f4b15a31d00:   0000000000000000 00007f4afcbb7340
0x00007f4b15a31d10:   00007f4b15a31dd0 00007f4b0c00a000
0x00007f4b15a31d20:   00007f4b15a31d98 00007f4afd015994
0x00007f4b15a31d30:   00007f4afcbb7340 0000000000000000
0x00007f4b15a31d40:   00007f4b15a31d98 00007f4afd015727
0x00007f4b15a31d50:   00007f4afd0156e2 00007f4b15a31d58
0x00007f4b15a31d60:   00007f4afcbb7340 00007f4b15a31dd0
0x00007f4b15a31d70:   00007f4afcbba8d8 0000000000000000
0x00007f4b15a31d80:   00007f4afcbb7340 0000000000000000
0x00007f4b15a31d90:   00007f4b15a31db8 00007f4b15a31e18
0x00007f4b15a31da0:   00007f4afd0079d0 00000000ecdce070
0x00007f4b15a31db0:   00007f4afd00f57b 00000000ebfb7978
0x00007f4b15a31dc0:   00000000ece96f88 00007f4b0c234270
0x00007f4b15a31dd0:   00007f4afd007760 00007f4b15a31dd8
0x00007f4b15a31de0:   00007f4afcb9871c 00007f4b15a31e30
0x00007f4b15a31df0:   00007f4afcb9ec28 0000000000000000
0x00007f4b15a31e00:   00007f4afcb987c0 00007f4b15a31db8
0x00007f4b15a31e10:   00007f4b15a31e38 00007f4b15a31e78
0x00007f4b15a31e20:   00007f4afd007c4d 0000000000000000 

Instructions: (pc=0x00007f4b15625414)
0x00007f4b156253f4:   0f 1f 40 00 c7 47 10 ff ff ff ff 31 c0 c3 66 2e
0x00007f4b15625404:   0f 1f 84 00 00 00 00 00 0f 1f 40 00 48 83 ec 08
0x00007f4b15625414:   8b 77 10 49 89 f8 89 f0 89 f2 25 7f 01 00 00 83
0x00007f4b15625424:   e2 7c 0f 85 bf 00 00 00 85 c0 75 70 8b 15 ee 30 

Register to memory mapping:

RAX=0x00007f4ae9afe950: <offset 0x2a950> in /usr/lib/x86_64-linux-gnu/libX11.so.6 at 0x00007f4ae9ad4000
RBX=0x00007f4b15a31cb0 is pointing into the stack for thread: 0x00007f4b0c00a000
RCX=0x000000000000015d is an unknown value
RDX=0x00007f4b15a31ca0 is pointing into the stack for thread: 0x00007f4b0c00a000
RSP=0x00007f4b15a31c30 is pointing into the stack for thread: 0x00007f4b0c00a000
RBP=0x00007f4b0c27f9d0 is an unknown value
RSI=0x00007f4b15a31c90 is pointing into the stack for thread: 0x00007f4b0c00a000
RDI=0x0000ffe900000000 is an unknown value
R8 =0x00007f4b15a31cb0 is pointing into the stack for thread: 0x00007f4b0c00a000
R9 =0x00000000000001fd is an unknown value
R10=0x00007f4b0c266e80 is an unknown value
R11=0x00007f4ae9b7fd07: <offset 0xabd07> in /usr/lib/x86_64-linux-gnu/libX11.so.6 at 0x00007f4ae9ad4000
R12=0x00007f4b15a31c8c is pointing into the stack for thread: 0x00007f4b0c00a000
R13=0x00007f4b15a31dc0 is pointing into the stack for thread: 0x00007f4b0c00a000
R14=0x00007f4b15a31db8 is pointing into the stack for thread: 0x00007f4b0c00a000
R15=0x00007f4b0c00a1f8 is an unknown value


Stack: [0x00007f4b15933000,0x00007f4b15a34000],  sp=0x00007f4b15a31c30,  free space=1019k
Native frames: (J=compiled Java code, j=interpreted, Vv=VM code, C=native code)
C  [libpthread.so.0+0xa414]  pthread_mutex_lock+0x4

Java frames: (J=compiled Java code, j=interpreted, Vv=VM code)
j  sun.awt.X11.XlibWrapper.XGetDefault(JLjava/lang/String;Ljava/lang/String;)Ljava/lang/String;+0
j  sun.awt.X11.XToolkit.initializeMultiClickTime()V+12
j  sun.awt.X11.XToolkit.getMultiClickTime()I+6
j  sun.awt.X11.XToolkit.initializeDesktopProperties()V+82
j  java.awt.Toolkit.getDesktopProperty(Ljava/lang/String;)Ljava/lang/Object;+32
j  sun.swing.SwingUtilities2$AATextInfo.getAATextInfo(Z)Lsun/swing/SwingUtilities2$AATextInfo;+11
j  javax.swing.plaf.metal.MetalLookAndFeel.initComponentDefaults(Ljavax/swing/UIDefaults;)V+12062
j  javax.swing.plaf.basic.BasicLookAndFeel.getDefaults()Ljavax/swing/UIDefaults;+25
j  javax.swing.plaf.metal.MetalLookAndFeel.getDefaults()Ljavax/swing/UIDefaults;+9
j  javax.swing.UIManager.setLookAndFeel(Ljavax/swing/LookAndFeel;)V+79
j  javax.swing.UIManager.setLookAndFeel(Ljava/lang/String;)V+16
j  javax.swing.UIManager.initializeDefaultLAF(Ljava/util/Properties;)V+55
j  javax.swing.UIManager.initialize()V+9
j  javax.swing.UIManager.maybeInitialize()V+22
j  javax.swing.UIManager.getUI(Ljavax/swing/JComponent;)Ljavax/swing/plaf/ComponentUI;+0
j  javax.swing.JPanel.updateUI()V+2
j  javax.swing.JPanel.<init>(Ljava/awt/LayoutManager;Z)V+24
j  javax.swing.JPanel.<init>(Z)V+9
j  javax.swing.JPanel.<init>()V+2
j  javax.swing.JRootPane.createGlassPane()Ljava/awt/Component;+4
j  javax.swing.JRootPane.<init>()V+11
j  javax.swing.JFrame.createRootPane()Ljavax/swing/JRootPane;+4
j  javax.swing.JFrame.frameInit()V+16
j  javax.swing.JFrame.<init>()V+20
j  com.movieCart.MainFrame.<init>()V+1
j  com.movieCart.MainFrame.main([Ljava/lang/String;)V+33
v  ~StubRoutines::call_stub

---------------  P R O C E S S  ---------------

Java Threads: ( => current thread )
  0x00007f4b0c289800 JavaThread "AWT-XAWT" daemon [_thread_in_native, id=13785, stack(0x00007f4ae8298000,0x00007f4ae8399000)]
  0x00007f4b0c265000 JavaThread "Java2D Disposer" daemon [_thread_blocked, id=13784, stack(0x00007f4ae87a9000,0x00007f4ae88aa000)]
  0x00007f4b0c20e800 JavaThread "process reaper" daemon [_thread_blocked, id=13783, stack(0x00007f4ae8d3a000,0x00007f4ae8d73000)]
  0x00007f4b0c0c8000 JavaThread "Service Thread" daemon [_thread_blocked, id=13780, stack(0x00007f4aea668000,0x00007f4aea769000)]
  0x00007f4b0c0ba800 JavaThread "C1 CompilerThread2" daemon [_thread_blocked, id=13779, stack(0x00007f4aea769000,0x00007f4aea86a000)]
  0x00007f4b0c0b9000 JavaThread "C2 CompilerThread1" daemon [_thread_blocked, id=13778, stack(0x00007f4aea86a000,0x00007f4aea96b000)]
  0x00007f4b0c0b6000 JavaThread "C2 CompilerThread0" daemon [_thread_blocked, id=13777, stack(0x00007f4aea96b000,0x00007f4aeaa6c000)]
  0x00007f4b0c0b4800 JavaThread "Signal Dispatcher" daemon [_thread_blocked, id=13776, stack(0x00007f4aeaa6c000,0x00007f4aeab6d000)]
  0x00007f4b0c07f000 JavaThread "Finalizer" daemon [_thread_blocked, id=13775, stack(0x00007f4aeb290000,0x00007f4aeb391000)]
  0x00007f4b0c07d000 JavaThread "Reference Handler" daemon [_thread_blocked, id=13774, stack(0x00007f4aeb391000,0x00007f4aeb492000)]
=>0x00007f4b0c00a000 JavaThread "main" [_thread_in_native, id=13767, stack(0x00007f4b15933000,0x00007f4b15a34000)]

Other Threads:
  0x00007f4b0c077800 VMThread [stack: 0x00007f4aeb492000,0x00007f4aeb593000] [id=13773]
  0x00007f4b0c0ca800 WatcherThread [stack: 0x00007f4aea567000,0x00007f4aea668000] [id=13781]

VM state:not at safepoint (normal execution)

VM Mutex/Monitor currently owned by a thread: None

Heap:
 PSYoungGen      total 18432K, used 4023K [0x00000000ebe00000, 0x00000000ed280000, 0x0000000100000000)
  eden space 15872K, 12% used [0x00000000ebe00000,0x00000000ebff3310,0x00000000ecd80000)
  from space 2560K, 79% used [0x00000000ecd80000,0x00000000ecf7aa90,0x00000000ed000000)
  to   space 2560K, 0% used [0x00000000ed000000,0x00000000ed000000,0x00000000ed280000)
 ParOldGen       total 42496K, used 8K [0x00000000c3a00000, 0x00000000c6380000, 0x00000000ebe00000)
  object space 42496K, 0% used [0x00000000c3a00000,0x00000000c3a02000,0x00000000c6380000)
 Metaspace       used 9270K, capacity 9510K, committed 9728K, reserved 1058816K
  class space    used 1077K, capacity 1160K, committed 1280K, reserved 1048576K

Card table byte_map: [0x00007f4b1251e000,0x00007f4b12702000] byte_map_base: 0x00007f4b11f01000

Marking Bits: (ParMarkBitMap*) 0x00007f4b14e11020
 Begin Bits: [0x00007f4b101a8000, 0x00007f4b110c0000)
 End Bits:   [0x00007f4b110c0000, 0x00007f4b11fd8000)

Polling page: 0x00007f4b15a58000

CodeCache: size=245760Kb used=2630Kb max_used=2630Kb free=243129Kb
 bounds [0x00007f4afd000000, 0x00007f4afd2a0000, 0x00007f4b0c000000]
 total_blobs=1062 nmethods=620 adapters=356
 compilation: enabled

Compilation events (10 events):
Event: 2.267 Thread 0x00007f4b0c0ba800  618       3       java.lang.invoke.MethodType::toMethodDescriptorString (21 bytes)
Event: 2.268 Thread 0x00007f4b0c0ba800 nmethod 618 0x00007f4afd28f8d0 code [0x00007f4afd28fae0, 0x00007f4afd2905d8]
Event: 2.269 Thread 0x00007f4b0c0ba800  619       3       java.lang.invoke.MethodType$ConcurrentWeakInternSet$WeakEntry::equals (49 bytes)
Event: 2.269 Thread 0x00007f4b0c0ba800 nmethod 619 0x00007f4afd290d10 code [0x00007f4afd290ea0, 0x00007f4afd2914e8]
Event: 2.269 Thread 0x00007f4b0c0ba800  620       1       java.lang.reflect.Constructor::getDeclaringClass (5 bytes)
Event: 2.269 Thread 0x00007f4b0c0ba800 nmethod 620 0x00007f4afd291610 code [0x00007f4afd291760, 0x00007f4afd291870]
Event: 2.269 Thread 0x00007f4b0c0ba800  621       3       jdk.internal.org.objectweb.asm.Label::resolve (214 bytes)
Event: 2.269 Thread 0x00007f4b0c0ba800 nmethod 621 0x00007f4afd2918d0 code [0x00007f4afd291a60, 0x00007f4afd291f30]
Event: 2.269 Thread 0x00007f4b0c0ba800  622       3       jdk.internal.org.objectweb.asm.Item::<init> (5 bytes)
Event: 2.270 Thread 0x00007f4b0c0ba800 nmethod 622 0x00007f4afd292390 code [0x00007f4afd292500, 0x00007f4afd2926b0]

GC Heap History (2 events):
Event: 2.220 GC heap before
{Heap before GC invocations=1 (full 0):
 PSYoungGen      total 18432K, used 15872K [0x00000000ebe00000, 0x00000000ed280000, 0x0000000100000000)
  eden space 15872K, 100% used [0x00000000ebe00000,0x00000000ecd80000,0x00000000ecd80000)
  from space 2560K, 0% used [0x00000000ed000000,0x00000000ed000000,0x00000000ed280000)
  to   space 2560K, 0% used [0x00000000ecd80000,0x00000000ecd80000,0x00000000ed000000)
 ParOldGen       total 42496K, used 0K [0x00000000c3a00000, 0x00000000c6380000, 0x00000000ebe00000)
  object space 42496K, 0% used [0x00000000c3a00000,0x00000000c3a00000,0x00000000c6380000)
 Metaspace       used 8398K, capacity 8562K, committed 8832K, reserved 1056768K
  class space    used 972K, capacity 1056K, committed 1152K, reserved 1048576K
Event: 2.224 GC heap after
Heap after GC invocations=1 (full 0):
 PSYoungGen      total 18432K, used 2026K [0x00000000ebe00000, 0x00000000ed280000, 0x0000000100000000)
  eden space 15872K, 0% used [0x00000000ebe00000,0x00000000ebe00000,0x00000000ecd80000)
  from space 2560K, 79% used [0x00000000ecd80000,0x00000000ecf7aa90,0x00000000ed000000)
  to   space 2560K, 0% used [0x00000000ed000000,0x00000000ed000000,0x00000000ed280000)
 ParOldGen       total 42496K, used 8K [0x00000000c3a00000, 0x00000000c6380000, 0x00000000ebe00000)
  object space 42496K, 0% used [0x00000000c3a00000,0x00000000c3a02000,0x00000000c6380000)
 Metaspace       used 8398K, capacity 8562K, committed 8832K, reserved 1056768K
  class space    used 972K, capacity 1056K, committed 1152K, reserved 1048576K
}

Deoptimization events (10 events):
Event: 0.336 Thread 0x00007f4b0c00a000 Uncommon trap: reason=unstable_if action=reinterpret pc=0x00007f4afd1a31d4 method=java.lang.String.replace(CC)Ljava/lang/String; @ 26
Event: 0.388 Thread 0x00007f4b0c00a000 Uncommon trap: reason=class_check action=maybe_recompile pc=0x00007f4afd19d274 method=java.util.regex.Matcher.match(II)Z @ 86
Event: 0.388 Thread 0x00007f4b0c00a000 Uncommon trap: reason=class_check action=maybe_recompile pc=0x00007f4afd19d274 method=java.util.regex.Matcher.match(II)Z @ 86
Event: 0.486 Thread 0x00007f4b0c00a000 Uncommon trap: reason=class_check action=maybe_recompile pc=0x00007f4afd19d274 method=java.util.regex.Matcher.match(II)Z @ 86
Event: 0.568 Thread 0x00007f4b0c00a000 Uncommon trap: reason=class_check action=maybe_recompile pc=0x00007f4afd22ec28 method=java.io.DataOutputStream.writeByte(I)V @ 5
Event: 0.568 Thread 0x00007f4b0c00a000 Uncommon trap: reason=class_check action=maybe_recompile pc=0x00007f4afd22ec28 method=java.io.DataOutputStream.writeByte(I)V @ 5
Event: 0.568 Thread 0x00007f4b0c00a000 Uncommon trap: reason=class_check action=maybe_recompile pc=0x00007f4afd22ec28 method=java.io.DataOutputStream.writeByte(I)V @ 5
Event: 0.568 Thread 0x00007f4b0c00a000 Uncommon trap: reason=class_check action=maybe_recompile pc=0x00007f4afd22ec28 method=java.io.DataOutputStream.writeByte(I)V @ 5
Event: 0.611 Thread 0x00007f4b0c00a000 Uncommon trap: reason=class_check action=maybe_recompile pc=0x00007f4afd19d274 method=java.util.regex.Matcher.match(II)Z @ 86
Event: 2.237 Thread 0x00007f4b0c00a000 Uncommon trap: reason=unstable_if action=reinterpret pc=0x00007f4afd20f71c method=java.lang.ref.SoftReference.get()Ljava/lang/Object; @ 17

Internal exceptions (10 events):
Event: 0.188 Thread 0x00007f4b0c00a000 Exception <a 'java/io/FileNotFoundException'> (0x00000000ec098b50) thrown at [/HUDSON/workspace/8-2-build-linux-amd64/jdk8u66/4988/hotspot/src/share/vm/prims/jni.cpp, line 709]
Event: 0.188 Thread 0x00007f4b0c00a000 Exception <a 'java/io/FileNotFoundException'> (0x00000000ec0994f0) thrown at [/HUDSON/workspace/8-2-build-linux-amd64/jdk8u66/4988/hotspot/src/share/vm/prims/jni.cpp, line 709]
Event: 0.212 Thread 0x00007f4b0c00a000 Exception <a 'java/security/PrivilegedActionException'> (0x00000000ec0aaaf0) thrown at [/HUDSON/workspace/8-2-build-linux-amd64/jdk8u66/4988/hotspot/src/share/vm/prims/jvm.cpp, line 1386]
Event: 0.212 Thread 0x00007f4b0c00a000 Exception <a 'java/security/PrivilegedActionException'> (0x00000000ec0aad00) thrown at [/HUDSON/workspace/8-2-build-linux-amd64/jdk8u66/4988/hotspot/src/share/vm/prims/jvm.cpp, line 1386]
Event: 0.212 Thread 0x00007f4b0c00a000 Exception <a 'java/security/PrivilegedActionException'> (0x00000000ec0ab9c8) thrown at [/HUDSON/workspace/8-2-build-linux-amd64/jdk8u66/4988/hotspot/src/share/vm/prims/jvm.cpp, line 1386]
Event: 0.212 Thread 0x00007f4b0c00a000 Exception <a 'java/security/PrivilegedActionException'> (0x00000000ec0abbd8) thrown at [/HUDSON/workspace/8-2-build-linux-amd64/jdk8u66/4988/hotspot/src/share/vm/prims/jvm.cpp, line 1386]
Event: 0.212 Thread 0x00007f4b0c00a000 Exception <a 'java/security/PrivilegedActionException'> (0x00000000ec0ac8c8) thrown at [/HUDSON/workspace/8-2-build-linux-amd64/jdk8u66/4988/hotspot/src/share/vm/prims/jvm.cpp, line 1386]
Event: 0.212 Thread 0x00007f4b0c00a000 Exception <a 'java/security/PrivilegedActionException'> (0x00000000ec0acad8) thrown at [/HUDSON/workspace/8-2-build-linux-amd64/jdk8u66/4988/hotspot/src/share/vm/prims/jvm.cpp, line 1386]
Event: 0.488 Thread 0x00007f4b0c00a000 Exception <a 'java/lang/UnsatisfiedLinkError': libvlc.so: cannot open shared object file: No such file or directory> (0x00000000ec80a970) thrown at [/HUDSON/workspace/8-2-build-linux-amd64/jdk8u66/4988/hotspot/src/share/vm/prims/jni.cpp, line 735]
Event: 0.488 Thread 0x00007f4b0c00a000 Exception <a 'java/lang/UnsatisfiedLinkError': libvlc.so: cannot open shared object file: No such file or directory> (0x00000000ec80ced0) thrown at [/HUDSON/workspace/8-2-build-linux-amd64/jdk8u66/4988/hotspot/src/share/vm/prims/jni.cpp, line 735]

Events (10 events):
Event: 2.265 loading class javax/swing/plaf/DimensionUIResource
Event: 2.265 loading class javax/swing/plaf/DimensionUIResource done
Event: 2.265 loading class javax/swing/UIDefaults$LazyInputMap
Event: 2.265 loading class javax/swing/UIDefaults$LazyInputMap done
Event: 2.267 loading class javax/swing/plaf/metal/MetalLookAndFeel$FontActiveValue
Event: 2.267 loading class javax/swing/plaf/metal/MetalLookAndFeel$FontActiveValue done
Event: 2.269 loading class sun/swing/SwingUtilities2$AATextInfo
Event: 2.269 loading class sun/swing/SwingUtilities2$AATextInfo done
Event: 2.270 loading class sun/awt/HeadlessToolkit
Event: 2.270 loading class sun/awt/HeadlessToolkit done


Dynamic libraries:
00400000-00401000 r-xp 00000000 08:06 411928                             /usr/lib/jvm/java-8-oracle/bin/java
00600000-00601000 rw-p 00000000 08:06 411928                             /usr/lib/jvm/java-8-oracle/bin/java
011e9000-0120a000 rw-p 00000000 00:00 0                                  [heap]
c3a00000-c6380000 rw-p 00000000 00:00 0 
c6380000-ebe00000 ---p 00000000 00:00 0 
ebe00000-ed280000 rw-p 00000000 00:00 0 
ed280000-100000000 ---p 00000000 00:00 0 
100000000-100140000 rw-p 00000000 00:00 0 
100140000-140000000 ---p 00000000 00:00 0 
7f4aafd35000-7f4aafd75000 rw-p 00000000 00:00 0 
7f4aafd75000-7f4aaff35000 ---p 00000000 00:00 0 
7f4aaff35000-7f4aaff39000 r-xp 00000000 08:06 265517                     /lib/x86_64-linux-gnu/libuuid.so.1.3.0
7f4aaff39000-7f4ab0138000 ---p 00004000 08:06 265517                     /lib/x86_64-linux-gnu/libuuid.so.1.3.0
7f4ab0138000-7f4ab0139000 r--p 00003000 08:06 265517                     /lib/x86_64-linux-gnu/libuuid.so.1.3.0
7f4ab0139000-7f4ab013a000 rw-p 00004000 08:06 265517                     /lib/x86_64-linux-gnu/libuuid.so.1.3.0
7f4ab013a000-7f4ab0141000 r-xp 00000000 08:06 530346                     /usr/lib/x86_64-linux-gnu/libffi.so.6.0.1
7f4ab0141000-7f4ab0340000 ---p 00007000 08:06 530346                     /usr/lib/x86_64-linux-gnu/libffi.so.6.0.1
7f4ab0340000-7f4ab0341000 r--p 00006000 08:06 530346                     /usr/lib/x86_64-linux-gnu/libffi.so.6.0.1
7f4ab0341000-7f4ab0342000 rw-p 00007000 08:06 530346                     /usr/lib/x86_64-linux-gnu/libffi.so.6.0.1
7f4ab0342000-7f4ab037f000 r-xp 00000000 08:06 265436                     /lib/x86_64-linux-gnu/libpcre.so.3.13.1
7f4ab037f000-7f4ab057e000 ---p 0003d000 08:06 265436                     /lib/x86_64-linux-gnu/libpcre.so.3.13.1
7f4ab057e000-7f4ab057f000 r--p 0003c000 08:06 265436                     /lib/x86_64-linux-gnu/libpcre.so.3.13.1
7f4ab057f000-7f4ab0580000 rw-p 0003d000 08:06 265436                     /lib/x86_64-linux-gnu/libpcre.so.3.13.1
7f4ab0580000-7f4ab05df000 r-xp 00000000 08:06 530103                     /usr/lib/x86_64-linux-gnu/libXt.so.6.0.0
7f4ab05df000-7f4ab07df000 ---p 0005f000 08:06 530103                     /usr/lib/x86_64-linux-gnu/libXt.so.6.0.0
7f4ab07df000-7f4ab07e0000 r--p 0005f000 08:06 530103                     /usr/lib/x86_64-linux-gnu/libXt.so.6.0.0
7f4ab07e0000-7f4ab07e5000 rw-p 00060000 08:06 530103                     /usr/lib/x86_64-linux-gnu/libXt.so.6.0.0
7f4ab07e5000-7f4ab07e6000 rw-p 00000000 00:00 0 
7f4ab07e6000-7f4ab080d000 r-xp 00000000 08:06 265110                     /lib/x86_64-linux-gnu/libexpat.so.1.6.0
7f4ab080d000-7f4ab0a0d000 ---p 00027000 08:06 265110                     /lib/x86_64-linux-gnu/libexpat.so.1.6.0
7f4ab0a0d000-7f4ab0a0f000 r--p 00027000 08:06 265110                     /lib/x86_64-linux-gnu/libexpat.so.1.6.0
7f4ab0a0f000-7f4ab0a10000 rw-p 00029000 08:06 265110                     /lib/x86_64-linux-gnu/libexpat.so.1.6.0
7f4ab0a10000-7f4ab0a27000 r-xp 00000000 08:06 529934                     /usr/lib/x86_64-linux-gnu/libICE.so.6.3.0
7f4ab0a27000-7f4ab0c26000 ---p 00017000 08:06 529934                     /usr/lib/x86_64-linux-gnu/libICE.so.6.3.0
7f4ab0c26000-7f4ab0c27000 r--p 00016000 08:06 529934                     /usr/lib/x86_64-linux-gnu/libICE.so.6.3.0
7f4ab0c27000-7f4ab0c28000 rw-p 00017000 08:06 529934                     /usr/lib/x86_64-linux-gnu/libICE.so.6.3.0
7f4ab0c28000-7f4ab0c2c000 rw-p 00000000 00:00 0 
7f4ab0c2c000-7f4ab0c33000 r-xp 00000000 08:06 530056                     /usr/lib/x86_64-linux-gnu/libSM.so.6.0.1
7f4ab0c33000-7f4ab0e32000 ---p 00007000 08:06 530056                     /usr/lib/x86_64-linux-gnu/libSM.so.6.0.1
7f4ab0e32000-7f4ab0e33000 r--p 00006000 08:06 530056                     /usr/lib/x86_64-linux-gnu/libSM.so.6.0.1
7f4ab0e33000-7f4ab0e34000 rw-p 00007000 08:06 530056                     /usr/lib/x86_64-linux-gnu/libSM.so.6.0.1
7f4ab0e34000-7f4ab0e83000 r-xp 00000000 08:06 530475                     /usr/lib/x86_64-linux-gnu/libgobject-2.0.so.0.4002.0
7f4ab0e83000-7f4ab1083000 ---p 0004f000 08:06 530475                     /usr/lib/x86_64-linux-gnu/libgobject-2.0.so.0.4002.0
7f4ab1083000-7f4ab1084000 r--p 0004f000 08:06 530475                     /usr/lib/x86_64-linux-gnu/libgobject-2.0.so.0.4002.0
7f4ab1084000-7f4ab1085000 rw-p 00050000 08:06 530475                     /usr/lib/x86_64-linux-gnu/libgobject-2.0.so.0.4002.0
7f4ab1085000-7f4ab1122000 r-xp 00000000 08:06 539648                     /usr/lib/x86_64-linux-gnu/libfreetype.so.6.11.1
7f4ab1122000-7f4ab1321000 ---p 0009d000 08:06 539648                     /usr/lib/x86_64-linux-gnu/libfreetype.so.6.11.1
7f4ab1321000-7f4ab1327000 r--p 0009c000 08:06 539648                     /usr/lib/x86_64-linux-gnu/libfreetype.so.6.11.1
7f4ab1327000-7f4ab1328000 rw-p 000a2000 08:06 539648                     /usr/lib/x86_64-linux-gnu/libfreetype.so.6.11.1
7f4ab1328000-7f4ab1340000 r-xp 00000000 08:06 265703                     /lib/x86_64-linux-gnu/libz.so.1.2.8
7f4ab1340000-7f4ab153f000 ---p 00018000 08:06 265703                     /lib/x86_64-linux-gnu/libz.so.1.2.8
7f4ab153f000-7f4ab1540000 r--p 00017000 08:06 265703                     /lib/x86_64-linux-gnu/libz.so.1.2.8
7f4ab1540000-7f4ab1541000 rw-p 00018000 08:06 265703                     /lib/x86_64-linux-gnu/libz.so.1.2.8
7f4ab1541000-7f4ab1566000 r-xp 00000000 08:06 265655                     /lib/x86_64-linux-gnu/libpng12.so.0.50.0
7f4ab1566000-7f4ab1765000 ---p 00025000 08:06 265655                     /lib/x86_64-linux-gnu/libpng12.so.0.50.0
7f4ab1765000-7f4ab1766000 r--p 00024000 08:06 265655                     /lib/x86_64-linux-gnu/libpng12.so.0.50.0
7f4ab1766000-7f4ab1767000 rw-p 00025000 08:06 265655                     /lib/x86_64-linux-gnu/libpng12.so.0.50.0
7f4ab1767000-7f4ab186d000 r-xp 00000000 08:06 265571                     /lib/x86_64-linux-gnu/libglib-2.0.so.0.4002.0
7f4ab186d000-7f4ab1a6c000 ---p 00106000 08:06 265571                     /lib/x86_64-linux-gnu/libglib-2.0.so.0.4002.0
7f4ab1a6c000-7f4ab1a6d000 r--p 00105000 08:06 265571                     /lib/x86_64-linux-gnu/libglib-2.0.so.0.4002.0
7f4ab1a6d000-7f4ab1a6e000 rw-p 00106000 08:06 265571                     /lib/x86_64-linux-gnu/libglib-2.0.so.0.4002.0
7f4ab1a6e000-7f4ab1a6f000 rw-p 00000000 00:00 0 
7f4ab1a6f000-7f4ab1a86000 r-xp 00000000 08:06 530166                     /usr/lib/x86_64-linux-gnu/libaudio.so.2.4
7f4ab1a86000-7f4ab1c85000 ---p 00017000 08:06 530166                     /usr/lib/x86_64-linux-gnu/libaudio.so.2.4
7f4ab1c85000-7f4ab1c86000 r--p 00016000 08:06 530166                     /usr/lib/x86_64-linux-gnu/libaudio.so.2.4
7f4ab1c86000-7f4ab1c87000 rw-p 00017000 08:06 530166                     /usr/lib/x86_64-linux-gnu/libaudio.so.2.4
7f4ab1c87000-7f4ab1cc1000 r-xp 00000000 08:06 530360                     /usr/lib/x86_64-linux-gnu/libfontconfig.so.1.8.0
7f4ab1cc1000-7f4ab1ec0000 ---p 0003a000 08:06 530360                     /usr/lib/x86_64-linux-gnu/libfontconfig.so.1.8.0
7f4ab1ec0000-7f4ab1ec2000 r--p 00039000 08:06 530360                     /usr/lib/x86_64-linux-gnu/libfontconfig.so.1.8.0
7f4ab1ec2000-7f4ab1ec3000 rw-p 0003b000 08:06 530360                     /usr/lib/x86_64-linux-gnu/libfontconfig.so.1.8.0
7f4ab1ec3000-7f4ab2929000 r-xp 00000000 08:06 522879                     /usr/lib/x86_64-linux-gnu/libQtGui.so.4.8.6
7f4ab2929000-7f4ab2b29000 ---p 00a66000 08:06 522879                     /usr/lib/x86_64-linux-gnu/libQtGui.so.4.8.6
7f4ab2b29000-7f4ab2b6b000 r--p 00a66000 08:06 522879                     /usr/lib/x86_64-linux-gnu/libQtGui.so.4.8.6
7f4ab2b6b000-7f4ab2b72000 rw-p 00aa8000 08:06 522879                     /usr/lib/x86_64-linux-gnu/libQtGui.so.4.8.6
7f4ab2b72000-7f4ab2b76000 rw-p 00000000 00:00 0 
7f4ab2b76000-7f4ab2b79000 r-xp 00000000 08:06 530850                     /usr/lib/x86_64-linux-gnu/libpulse-simple.so.0.0.4
7f4ab2b79000-7f4ab2d78000 ---p 00003000 08:06 530850                     /usr/lib/x86_64-linux-gnu/libpulse-simple.so.0.0.4
7f4ab2d78000-7f4ab2d79000 r--p 00002000 08:06 530850                     /usr/lib/x86_64-linux-gnu/libpulse-simple.so.0.0.4
7f4ab2d79000-7f4ab2d7a000 rw-p 00003000 08:06 530850                     /usr/lib/x86_64-linux-gnu/libpulse-simple.so.0.0.4
7f4ab2e01000-7f4ab30d9000 r-xp 00000000 08:06 530043                     /usr/lib/x86_64-linux-gnu/libQtCore.so.4.8.6
7f4ab30d9000-7f4ab32d9000 ---p 002d8000 08:06 530043                     /usr/lib/x86_64-linux-gnu/libQtCore.so.4.8.6
7f4ab32d9000-7f4ab32e4000 r--p 002d8000 08:06 530043                     /usr/lib/x86_64-linux-gnu/libQtCore.so.4.8.6
7f4ab32e4000-7f4ab32e5000 rw-p 002e3000 08:06 530043                     /usr/lib/x86_64-linux-gnu/libQtCore.so.4.8.6
7f4ab32e5000-7f4ab32e6000 rw-p 00000000 00:00 0 
7f4ab32e6000-7f4ab3548000 r-xp 00000000 08:06 413116                     /usr/lib/vlc/plugins/gui/libqt4_plugin.so
7f4ab3548000-7f4ab3747000 ---p 00262000 08:06 413116                     /usr/lib/vlc/plugins/gui/libqt4_plugin.so
7f4ab3747000-7f4ab3760000 r--p 00261000 08:06 413116                     /usr/lib/vlc/plugins/gui/libqt4_plugin.so
7f4ab3760000-7f4ab3764000 rw-p 0027a000 08:06 413116                     /usr/lib/vlc/plugins/gui/libqt4_plugin.so
7f4ab3764000-7f4ab376a000 r-xp 00000000 08:06 546092                     /usr/lib/x86_64-linux-gnu/libxcb-xv.so.0.0.0
7f4ab376a000-7f4ab3969000 ---p 00006000 08:06 546092                     /usr/lib/x86_64-linux-gnu/libxcb-xv.so.0.0.0
7f4ab3969000-7f4ab396a000 r--p 00005000 08:06 546092                     /usr/lib/x86_64-linux-gnu/libxcb-xv.so.0.0.0
7f4ab396a000-7f4ab396b000 rw-p 00006000 08:06 546092                     /usr/lib/x86_64-linux-gnu/libxcb-xv.so.0.0.0
7f4ab396b000-7f4ab3972000 r-xp 00000000 08:06 413105                     /usr/lib/vlc/plugins/video_output/libxcb_xv_plugin.so
7f4ab3972000-7f4ab3b71000 ---p 00007000 08:06 413105                     /usr/lib/vlc/plugins/video_output/libxcb_xv_plugin.so
7f4ab3b71000-7f4ab3b72000 r--p 00006000 08:06 413105                     /usr/lib/vlc/plugins/video_output/libxcb_xv_plugin.so
7f4ab3b72000-7f4ab3b73000 rw-p 00007000 08:06 413105                     /usr/lib/vlc/plugins/video_output/libxcb_xv_plugin.so
7f4ab3b73000-7f4ab3bf6000 r-xp 00000000 08:06 526635                     /usr/lib/x86_64-linux-gnu/libdirac_encoder.so.0.1.0
7f4ab3bf6000-7f4ab3df5000 ---p 00083000 08:06 526635                     /usr/lib/x86_64-linux-gnu/libdirac_encoder.so.0.1.0
7f4ab3df5000-7f4ab3df8000 r--p 00082000 08:06 526635                     /usr/lib/x86_64-linux-gnu/libdirac_encoder.so.0.1.0
7f4ab3df8000-7f4ab3df9000 rw-p 00085000 08:06 526635                     /usr/lib/x86_64-linux-gnu/libdirac_encoder.so.0.1.0
7f4ab3df9000-7f4ab3dfa000 rw-p 00000000 00:00 0 
7f4ab3dfd000-7f4ab3dff000 r-xp 00000000 08:06 531122                     /usr/lib/x86_64-linux-gnu/libxcb-shm.so.0.0.0
7f4ab3dff000-7f4ab3ffe000 ---p 00002000 08:06 531122                     /usr/lib/x86_64-linux-gnu/libxcb-shm.so.0.0.0
7f4ab3ffe000-7f4ab3fff000 r--p 00001000 08:06 531122                     /usr/lib/x86_64-linux-gnu/libxcb-shm.so.0.0.0
7f4ab3fff000-7f4ab4000000 rw-p 00002000 08:06 531122                     /usr/lib/x86_64-linux-gnu/libxcb-shm.so.0.0.0
7f4ab4000000-7f4ab4021000 rw-p 00000000 00:00 0 
7f4ab4021000-7f4ab8000000 ---p 00000000 00:00 0 
7f4ab80ab000-7f4ab80b3000 r-xp 00000000 08:06 265602                     /lib/x86_64-linux-gnu/libnih-dbus.so.1.0.0
7f4ab80b3000-7f4ab82b3000 ---p 00008000 08:06 265602                     /lib/x86_64-linux-gnu/libnih-dbus.so.1.0.0
7f4ab82b3000-7f4ab82b4000 r--p 00008000 08:06 265602                     /lib/x86_64-linux-gnu/libnih-dbus.so.1.0.0
7f4ab82b4000-7f4ab82b5000 rw-p 00009000 08:06 265602                     /lib/x86_64-linux-gnu/libnih-dbus.so.1.0.0
7f4ab82b5000-7f4ab82cc000 r-xp 00000000 08:06 265604                     /lib/x86_64-linux-gnu/libnih.so.1.0.0
7f4ab82cc000-7f4ab84cb000 ---p 00017000 08:06 265604                     /lib/x86_64-linux-gnu/libnih.so.1.0.0
7f4ab84cb000-7f4ab84cc000 r--p 00016000 08:06 265604                     /lib/x86_64-linux-gnu/libnih.so.1.0.0
7f4ab84cc000-7f4ab84cd000 rw-p 00017000 08:06 265604                     /lib/x86_64-linux-gnu/libnih.so.1.0.0
7f4ab84cd000-7f4ab84e6000 r-xp 00000000 08:06 265465                     /lib/x86_64-linux-gnu/libcgmanager.so.0.0.0
7f4ab84e6000-7f4ab86e5000 ---p 00019000 08:06 265465                     /lib/x86_64-linux-gnu/libcgmanager.so.0.0.0
7f4ab86e5000-7f4ab86e7000 r--p 00018000 08:06 265465                     /lib/x86_64-linux-gnu/libcgmanager.so.0.0.0
7f4ab86e7000-7f4ab86e8000 rw-p 0001a000 08:06 265465                     /lib/x86_64-linux-gnu/libcgmanager.so.0.0.0
7f4ab86e8000-7f4ab86ec000 r-xp 00000000 08:06 265573                     /lib/x86_64-linux-gnu/libgpg-error.so.0.10.0
7f4ab86ec000-7f4ab88eb000 ---p 00004000 08:06 265573                     /lib/x86_64-linux-gnu/libgpg-error.so.0.10.0
7f4ab88eb000-7f4ab88ec000 r--p 00003000 08:06 265573                     /lib/x86_64-linux-gnu/libgpg-error.so.0.10.0
7f4ab88ec000-7f4ab88ed000 rw-p 00004000 08:06 265573                     /lib/x86_64-linux-gnu/libgpg-error.so.0.10.0
7f4ab88ed000-7f4ab88fd000 r-xp 00000000 08:06 298110                     /lib/x86_64-linux-gnu/libudev.so.1.3.5
7f4ab88fd000-7f4ab8afc000 ---p 00010000 08:06 298110                     /lib/x86_64-linux-gnu/libudev.so.1.3.5
7f4ab8afc000-7f4ab8afd000 r--p 0000f000 08:06 298110                     /lib/x86_64-linux-gnu/libudev.so.1.3.5
7f4ab8afd000-7f4ab8afe000 rw-p 00010000 08:06 298110                     /lib/x86_64-linux-gnu/libudev.so.1.3.5
7f4ab8afe000-7f4ab8b7a000 r-xp 00000000 08:06 265547                     /lib/x86_64-linux-gnu/libgcrypt.so.11.8.2
7f4ab8b7a000-7f4ab8d7a000 ---p 0007c000 08:06 265547                     /lib/x86_64-linux-gnu/libgcrypt.so.11.8.2
7f4ab8d7a000-7f4ab8d7b000 r--p 0007c000 08:06 265547                     /lib/x86_64-linux-gnu/libgcrypt.so.11.8.2
7f4ab8d7b000-7f4ab8d7e000 rw-p 0007d000 08:06 265547                     /lib/x86_64-linux-gnu/libgcrypt.so.11.8.2
7f4ab8d7e000-7f4ab8d93000 r-xp 00000000 08:06 265694                     /lib/x86_64-linux-gnu/libusb-1.0.so.0.1.0
7f4ab8d93000-7f4ab8f93000 ---p 00015000 08:06 265694                     /lib/x86_64-linux-gnu/libusb-1.0.so.0.1.0
7f4ab8f93000-7f4ab8f94000 r--p 00015000 08:06 265694                     /lib/x86_64-linux-gnu/libusb-1.0.so.0.1.0
7f4ab8f94000-7f4ab8f95000 rw-p 00016000 08:06 265694                     /lib/x86_64-linux-gnu/libusb-1.0.so.0.1.0
7f4ab8f95000-7f4ab8fe5000 r-xp 00000000 08:06 530720                     /usr/lib/x86_64-linux-gnu/libmtp.so.9.1.0
7f4ab8fe5000-7f4ab91e4000 ---p 00050000 08:06 530720                     /usr/lib/x86_64-linux-gnu/libmtp.so.9.1.0
7f4ab91e4000-7f4ab91ea000 r--p 0004f000 08:06 530720                     /usr/lib/x86_64-linux-gnu/libmtp.so.9.1.0
7f4ab91ea000-7f4ab91f4000 rw-p 00055000 08:06 530720                     /usr/lib/x86_64-linux-gnu/libmtp.so.9.1.0
7f4ab91f4000-7f4ab92da000 r-xp 00000000 08:06 524368                     /usr/lib/x86_64-linux-gnu/libstdc++.so.6.0.19
7f4ab92da000-7f4ab94d9000 ---p 000e6000 08:06 524368                     /usr/lib/x86_64-linux-gnu/libstdc++.so.6.0.19
7f4ab94d9000-7f4ab94e1000 r--p 000e5000 08:06 524368                     /usr/lib/x86_64-linux-gnu/libstdc++.so.6.0.19
7f4ab94e1000-7f4ab94e3000 rw-p 000ed000 08:06 524368                     /usr/lib/x86_64-linux-gnu/libstdc++.so.6.0.19
7f4ab94e3000-7f4ab94f8000 rw-p 00000000 00:00 0 
7f4ab950d000-7f4ab950f000 r-xp 00000000 08:06 412929                     /usr/lib/vlc/plugins/services_discovery/libmtp_plugin.so
7f4ab950f000-7f4ab970e000 ---p 00002000 08:06 412929                     /usr/lib/vlc/plugins/services_discovery/libmtp_plugin.so
7f4ab970e000-7f4ab970f000 r--p 00001000 08:06 412929                     /usr/lib/vlc/plugins/services_discovery/libmtp_plugin.so
7f4ab970f000-7f4ab9710000 rw-p 00002000 08:06 412929                     /usr/lib/vlc/plugins/services_discovery/libmtp_plugin.so
7f4ab9710000-7f4ab97f9000 r-xp 00000000 08:06 530146                     /usr/lib/x86_64-linux-gnu/libasound.so.2.0.0
7f4ab97f9000-7f4ab99f8000 ---p 000e9000 08:06 530146                     /usr/lib/x86_64-linux-gnu/libasound.so.2.0.0
7f4ab99f8000-7f4ab99ff000 r--p 000e8000 08:06 530146                     /usr/lib/x86_64-linux-gnu/libasound.so.2.0.0
7f4ab99ff000-7f4ab9a00000 rw-p 000ef000 08:06 530146                     /usr/lib/x86_64-linux-gnu/libasound.so.2.0.0
7f4ab9a00000-7f4ab9a17000 r-xp 00000000 08:06 261127                     /lib/x86_64-linux-gnu/libresolv-2.19.so
7f4ab9a17000-7f4ab9c17000 ---p 00017000 08:06 261127                     /lib/x86_64-linux-gnu/libresolv-2.19.so
7f4ab9c17000-7f4ab9c18000 r--p 00017000 08:06 261127                     /lib/x86_64-linux-gnu/libresolv-2.19.so
7f4ab9c18000-7f4ab9c19000 rw-p 00018000 08:06 261127                     /lib/x86_64-linux-gnu/libresolv-2.19.so
7f4ab9c19000-7f4ab9c1b000 rw-p 00000000 00:00 0 
7f4ab9c1b000-7f4ab9c22000 r-xp 00000000 08:06 530783                     /usr/lib/x86_64-linux-gnu/libogg.so.0.8.1
7f4ab9c22000-7f4ab9e22000 ---p 00007000 08:06 530783                     /usr/lib/x86_64-linux-gnu/libogg.so.0.8.1
7f4ab9e22000-7f4ab9e23000 r--p 00007000 08:06 530783                     /usr/lib/x86_64-linux-gnu/libogg.so.0.8.1
7f4ab9e23000-7f4ab9e24000 rw-p 00008000 08:06 530783                     /usr/lib/x86_64-linux-gnu/libogg.so.0.8.1
7f4ab9e24000-7f4ab9e50000 r-xp 00000000 08:06 531059                     /usr/lib/x86_64-linux-gnu/libvorbis.so.0.4.5
7f4ab9e50000-7f4aba04f000 ---p 0002c000 08:06 531059                     /usr/lib/x86_64-linux-gnu/libvorbis.so.0.4.5
7f4aba04f000-7f4aba050000 r--p 0002b000 08:06 531059                     /usr/lib/x86_64-linux-gnu/libvorbis.so.0.4.5
7f4aba050000-7f4aba051000 rw-p 0002c000 08:06 531059                     /usr/lib/x86_64-linux-gnu/libvorbis.so.0.4.5
7f4aba051000-7f4aba304000 r-xp 00000000 08:06 531061                     /usr/lib/x86_64-linux-gnu/libvorbisenc.so.2.0.8
7f4aba304000-7f4aba503000 ---p 002b3000 08:06 531061                     /usr/lib/x86_64-linux-gnu/libvorbisenc.so.2.0.8
7f4aba503000-7f4aba51f000 r--p 002b2000 08:06 531061                     /usr/lib/x86_64-linux-gnu/libvorbisenc.so.2.0.8
7f4aba51f000-7f4aba520000 rw-p 002ce000 08:06 531061                     /usr/lib/x86_64-linux-gnu/libvorbisenc.so.2.0.8
7f4aba520000-7f4aba550000 r-xp 00000000 08:06 529922                     /usr/lib/x86_64-linux-gnu/libFLAC.so.8.3.0
7f4aba550000-7f4aba74f000 ---p 00030000 08:06 529922                     /usr/lib/x86_64-linux-gnu/libFLAC.so.8.3.0
7f4aba74f000-7f4aba750000 r--p 0002f000 08:06 529922                     /usr/lib/x86_64-linux-gnu/libFLAC.so.8.3.0
7f4aba750000-7f4aba751000 rw-p 00030000 08:06 529922                     /usr/lib/x86_64-linux-gnu/libFLAC.so.8.3.0
7f4aba751000-7f4aba756000 r-xp 00000000 08:06 530154                     /usr/lib/x86_64-linux-gnu/libasyncns.so.0.3.1
7f4aba756000-7f4aba955000 ---p 00005000 08:06 530154                     /usr/lib/x86_64-linux-gnu/libasyncns.so.0.3.1
7f4aba955000-7f4aba956000 r--p 00004000 08:06 530154                     /usr/lib/x86_64-linux-gnu/libasyncns.so.0.3.1
7f4aba956000-7f4aba957000 rw-p 00005000 08:06 530154                     /usr/lib/x86_64-linux-gnu/libasyncns.so.0.3.1
7f4aba957000-7f4aba9b8000 r-xp 00000000 08:06 530940                     /usr/lib/x86_64-linux-gnu/libsndfile.so.1.0.25
7f4aba9b8000-7f4ababb8000 ---p 00061000 08:06 530940                     /usr/lib/x86_64-linux-gnu/libsndfile.so.1.0.25
7f4ababb8000-7f4ababba000 r--p 00061000 08:06 530940                     /usr/lib/x86_64-linux-gnu/libsndfile.so.1.0.25
7f4ababba000-7f4ababbb000 rw-p 00063000 08:06 530940                     /usr/lib/x86_64-linux-gnu/libsndfile.so.1.0.25
7f4ababbb000-7f4ababbf000 rw-p 00000000 00:00 0 
7f4ababbf000-7f4ababc7000 r-xp 00000000 08:06 265700                     /lib/x86_64-linux-gnu/libwrap.so.0.7.6
7f4ababc7000-7f4abadc6000 ---p 00008000 08:06 265700                     /lib/x86_64-linux-gnu/libwrap.so.0.7.6
7f4abadc6000-7f4abadc7000 r--p 00007000 08:06 265700                     /lib/x86_64-linux-gnu/libwrap.so.0.7.6
7f4abadc7000-7f4abadc8000 rw-p 00008000 08:06 265700                     /lib/x86_64-linux-gnu/libwrap.so.0.7.6
7f4abadc8000-7f4abadc9000 rw-p 00000000 00:00 0 
7f4abadc9000-7f4abae2f000 r-xp 00000000 08:06 783969                     /usr/lib/x86_64-linux-gnu/pulseaudio/libpulsecommon-4.0.so
7f4abae2f000-7f4abb02e000 ---p 00066000 08:06 783969                     /usr/lib/x86_64-linux-gnu/pulseaudio/libpulsecommon-4.0.so
7f4abb02e000-7f4abb02f000 r--p 00065000 08:06 783969                     /usr/lib/x86_64-linux-gnu/pulseaudio/libpulsecommon-4.0.so
7f4abb02f000-7f4abb030000 rw-p 00066000 08:06 783969                     /usr/lib/x86_64-linux-gnu/pulseaudio/libpulsecommon-4.0.so
7f4abb030000-7f4abb03a000 r-xp 00000000 08:06 265580                     /lib/x86_64-linux-gnu/libjson-c.so.2.0.0
7f4abb03a000-7f4abb239000 ---p 0000a000 08:06 265580                     /lib/x86_64-linux-gnu/libjson-c.so.2.0.0
7f4abb239000-7f4abb23a000 r--p 00009000 08:06 265580                     /lib/x86_64-linux-gnu/libjson-c.so.2.0.0
7f4abb23a000-7f4abb23b000 rw-p 0000a000 08:06 265580                     /lib/x86_64-linux-gnu/libjson-c.so.2.0.0
7f4abb23b000-7f4abb282000 r-xp 00000000 08:06 530852                     /usr/lib/x86_64-linux-gnu/libpulse.so.0.16.2
7f4abb282000-7f4abb482000 ---p 00047000 08:06 530852                     /usr/lib/x86_64-linux-gnu/libpulse.so.0.16.2
7f4abb482000-7f4abb483000 r--p 00047000 08:06 530852                     /usr/lib/x86_64-linux-gnu/libpulse.so.0.16.2
7f4abb483000-7f4abb484000 rw-p 00048000 08:06 530852                     /usr/lib/x86_64-linux-gnu/libpulse.so.0.16.2
7f4abb485000-7f4abb48a000 r-xp 00000000 08:06 412892                     /usr/lib/vlc/plugins/audio_output/libalsa_plugin.so
7f4abb48a000-7f4abb689000 ---p 00005000 08:06 412892                     /usr/lib/vlc/plugins/audio_output/libalsa_plugin.so
7f4abb689000-7f4abb68a000 r--p 00004000 08:06 412892                     /usr/lib/vlc/plugins/audio_output/libalsa_plugin.so
7f4abb68a000-7f4abb68b000 rw-p 00005000 08:06 412892                     /usr/lib/vlc/plugins/audio_output/libalsa_plugin.so
7f4abb68b000-7f4abb6cf000 r-xp 00000000 08:06 265554                     /lib/x86_64-linux-gnu/libdbus-1.so.3.7.6
7f4abb6cf000-7f4abb8ce000 ---p 00044000 08:06 265554                     /lib/x86_64-linux-gnu/libdbus-1.so.3.7.6
7f4abb8ce000-7f4abb8cf000 r--p 00043000 08:06 265554                     /lib/x86_64-linux-gnu/libdbus-1.so.3.7.6
7f4abb8cf000-7f4abb8d0000 rw-p 00044000 08:06 265554                     /lib/x86_64-linux-gnu/libdbus-1.so.3.7.6
7f4abb8d0000-7f4abb901000 r-xp 00000000 08:06 530638                     /usr/lib/x86_64-linux-gnu/libidn.so.11.6.11
7f4abb901000-7f4abbb01000 ---p 00031000 08:06 530638                     /usr/lib/x86_64-linux-gnu/libidn.so.11.6.11
7f4abbb01000-7f4abbb02000 r--p 00031000 08:06 530638                     /usr/lib/x86_64-linux-gnu/libidn.so.11.6.11
7f4abbb02000-7f4abbb03000 rw-p 00032000 08:06 530638                     /usr/lib/x86_64-linux-gnu/libidn.so.11.6.11
7f4abbb03000-7f4abbbe1000 r-xp 00000000 08:06 412641                     /usr/lib/libvlccore.so.7.0.0
7f4abbbe1000-7f4abbde1000 ---p 000de000 08:06 412641                     /usr/lib/libvlccore.so.7.0.0
7f4abbde1000-7f4abbde4000 r--p 000de000 08:06 412641                     /usr/lib/libvlccore.so.7.0.0
7f4abbde4000-7f4abbde5000 rw-p 000e1000 08:06 412641                     /usr/lib/libvlccore.so.7.0.0
7f4abbde5000-7f4abbdff000 r-xp 00000000 08:06 412644                     /usr/lib/libvlc.so.5.4.0
7f4abbdff000-7f4abbffe000 ---p 0001a000 08:06 412644                     /usr/lib/libvlc.so.5.4.0
7f4abbffe000-7f4abbfff000 r--p 00019000 08:06 412644                     /usr/lib/libvlc.so.5.4.0
7f4abbfff000-7f4abc000000 rw-p 0001a000 08:06 412644                     /usr/lib/libvlc.so.5.4.0
7f4abc000000-7f4abc021000 rw-p 00000000 00:00 0 
7f4abc021000-7f4ac0000000 ---p 00000000 00:00 0 
7f4ac0000000-7f4ac0021000 rw-p 00000000 00:00 0 
7f4ac0021000-7f4ac4000000 ---p 00000000 00:00 0 
7f4ac4000000-7f4ac4021000 rw-p 00000000 00:00 0 
7f4ac4021000-7f4ac8000000 ---p 00000000 00:00 0 
7f4ac8000000-7f4ac8021000 rw-p 00000000 00:00 0 
7f4ac8021000-7f4acc000000 ---p 00000000 00:00 0 
7f4acc000000-7f4acc2a9000 rw-p 00000000 00:00 0 
7f4acc2a9000-7f4ad0000000 ---p 00000000 00:00 0 
7f4ad0000000-7f4ad020e000 rw-p 00000000 00:00 0 
7f4ad020e000-7f4ad4000000 ---p 00000000 00:00 0 
7f4ad4000000-7f4ad4021000 rw-p 00000000 00:00 0 
7f4ad4021000-7f4ad8000000 ---p 00000000 00:00 0 
7f4ad8000000-7f4ad81bb000 rw-p 00000000 00:00 0 
7f4ad81bb000-7f4adc000000 ---p 00000000 00:00 0 
7f4adc000000-7f4adc021000 rw-p 00000000 00:00 0 
7f4adc021000-7f4ae0000000 ---p 00000000 00:00 0 
7f4ae0000000-7f4ae0021000 rw-p 00000000 00:00 0 
7f4ae0021000-7f4ae4000000 ---p 00000000 00:00 0 
7f4ae4000000-7f4ae4021000 rw-p 00000000 00:00 0 
7f4ae4021000-7f4ae8000000 ---p 00000000 00:00 0 
7f4ae8097000-7f4ae8098000 r-xp 00000000 08:06 414495                     /usr/lib/jvm/java-8-oracle/jre/lib/amd64/libjawt.so
7f4ae8098000-7f4ae8297000 ---p 00001000 08:06 414495                     /usr/lib/jvm/java-8-oracle/jre/lib/amd64/libjawt.so
7f4ae8297000-7f4ae8298000 rw-p 00000000 08:06 414495                     /usr/lib/jvm/java-8-oracle/jre/lib/amd64/libjawt.so
7f4ae8298000-7f4ae829b000 ---p 00000000 00:00 0 
7f4ae829b000-7f4ae8399000 rw-p 00000000 00:00 0                          [stack:13785]
7f4ae8399000-7f4ae839e000 r-xp 00000000 08:06 522501                     /usr/lib/x86_64-linux-gnu/libXfixes.so.3.1.0
7f4ae839e000-7f4ae859d000 ---p 00005000 08:06 522501                     /usr/lib/x86_64-linux-gnu/libXfixes.so.3.1.0
7f4ae859d000-7f4ae859e000 r--p 00004000 08:06 522501                     /usr/lib/x86_64-linux-gnu/libXfixes.so.3.1.0
7f4ae859e000-7f4ae859f000 rw-p 00005000 08:06 522501                     /usr/lib/x86_64-linux-gnu/libXfixes.so.3.1.0
7f4ae859f000-7f4ae85a8000 r-xp 00000000 08:06 530071                     /usr/lib/x86_64-linux-gnu/libXcursor.so.1.0.2
7f4ae85a8000-7f4ae87a7000 ---p 00009000 08:06 530071                     /usr/lib/x86_64-linux-gnu/libXcursor.so.1.0.2
7f4ae87a7000-7f4ae87a8000 r--p 00008000 08:06 530071                     /usr/lib/x86_64-linux-gnu/libXcursor.so.1.0.2
7f4ae87a8000-7f4ae87a9000 rw-p 00009000 08:06 530071                     /usr/lib/x86_64-linux-gnu/libXcursor.so.1.0.2
7f4ae87a9000-7f4ae87ac000 ---p 00000000 00:00 0 
7f4ae87ac000-7f4ae88aa000 rw-p 00000000 00:00 0                          [stack:13784]
7f4ae88aa000-7f4ae88c0000 r-xp 00000000 08:06 265567                     /lib/x86_64-linux-gnu/libgcc_s.so.1
7f4ae88c0000-7f4ae8abf000 ---p 00016000 08:06 265567                     /lib/x86_64-linux-gnu/libgcc_s.so.1
7f4ae8abf000-7f4ae8ac0000 rw-p 00015000 08:06 265567                     /lib/x86_64-linux-gnu/libgcc_s.so.1
7f4ae8ac0000-7f4ae8b25000 r-xp 00000000 08:06 414526                     /usr/lib/jvm/java-8-oracle/jre/lib/amd64/libfontmanager.so
7f4ae8b25000-7f4ae8d25000 ---p 00065000 08:06 414526                     /usr/lib/jvm/java-8-oracle/jre/lib/amd64/libfontmanager.so
7f4ae8d25000-7f4ae8d29000 rw-p 00065000 08:06 414526                     /usr/lib/jvm/java-8-oracle/jre/lib/amd64/libfontmanager.so
7f4ae8d29000-7f4ae8d3a000 rw-p 00000000 00:00 0 
7f4ae8d3a000-7f4ae8d3d000 ---p 00000000 00:00 0 
7f4ae8d3d000-7f4ae8d73000 rw-p 00000000 00:00 0                          [stack:13783]
7f4ae8d73000-7f4ae8d8a000 r-xp 00000000 08:06 13625                      /tmp/jna-3268048/jna2733451627566820906.tmp (deleted)
7f4ae8d8a000-7f4ae8e89000 ---p 00017000 08:06 13625                      /tmp/jna-3268048/jna2733451627566820906.tmp (deleted)
7f4ae8e89000-7f4ae8e8b000 rw-p 00016000 08:06 13625                      /tmp/jna-3268048/jna2733451627566820906.tmp (deleted)
7f4ae8e8b000-7f4ae8e90000 r-xp 00000000 08:06 530075                     /usr/lib/x86_64-linux-gnu/libXdmcp.so.6.0.0
7f4ae8e90000-7f4ae908f000 ---p 00005000 08:06 530075                     /usr/lib/x86_64-linux-gnu/libXdmcp.so.6.0.0
7f4ae908f000-7f4ae9090000 r--p 00004000 08:06 530075                     /usr/lib/x86_64-linux-gnu/libXdmcp.so.6.0.0
7f4ae9090000-7f4ae9091000 rw-p 00005000 08:06 530075                     /usr/lib/x86_64-linux-gnu/libXdmcp.so.6.0.0
7f4ae9091000-7f4ae9093000 r-xp 00000000 08:06 530064                     /usr/lib/x86_64-linux-gnu/libXau.so.6.0.0
7f4ae9093000-7f4ae9293000 ---p 00002000 08:06 530064                     /usr/lib/x86_64-linux-gnu/libXau.so.6.0.0
7f4ae9293000-7f4ae9294000 r--p 00002000 08:06 530064                     /usr/lib/x86_64-linux-gnu/libXau.so.6.0.0
7f4ae9294000-7f4ae9295000 rw-p 00003000 08:06 530064                     /usr/lib/x86_64-linux-gnu/libXau.so.6.0.0
7f4ae9295000-7f4ae92b2000 r-xp 00000000 08:06 531132                     /usr/lib/x86_64-linux-gnu/libxcb.so.1.1.0
7f4ae92b2000-7f4ae94b2000 ---p 0001d000 08:06 531132                     /usr/lib/x86_64-linux-gnu/libxcb.so.1.1.0
7f4ae94b2000-7f4ae94b3000 r--p 0001d000 08:06 531132                     /usr/lib/x86_64-linux-gnu/libxcb.so.1.1.0
7f4ae94b3000-7f4ae94b4000 rw-p 0001e000 08:06 531132                     /usr/lib/x86_64-linux-gnu/libxcb.so.1.1.0
7f4ae94b4000-7f4ae94c3000 r-xp 00000000 08:06 522608                     /usr/lib/x86_64-linux-gnu/libXi.so.6.1.0
7f4ae94c3000-7f4ae96c2000 ---p 0000f000 08:06 522608                     /usr/lib/x86_64-linux-gnu/libXi.so.6.1.0
7f4ae96c2000-7f4ae96c3000 r--p 0000e000 08:06 522608                     /usr/lib/x86_64-linux-gnu/libXi.so.6.1.0
7f4ae96c3000-7f4ae96c4000 rw-p 0000f000 08:06 522608                     /usr/lib/x86_64-linux-gnu/libXi.so.6.1.0
7f4ae96c4000-7f4ae96c9000 r-xp 00000000 08:06 530105                     /usr/lib/x86_64-linux-gnu/libXtst.so.6.1.0
7f4ae96c9000-7f4ae98c8000 ---p 00005000 08:06 530105                     /usr/lib/x86_64-linux-gnu/libXtst.so.6.1.0
7f4ae98c8000-7f4ae98c9000 r--p 00004000 08:06 530105                     /usr/lib/x86_64-linux-gnu/libXtst.so.6.1.0
7f4ae98c9000-7f4ae98ca000 rw-p 00005000 08:06 530105                     /usr/lib/x86_64-linux-gnu/libXtst.so.6.1.0
7f4ae98ca000-7f4ae98d3000 r-xp 00000000 08:06 522612                     /usr/lib/x86_64-linux-gnu/libXrender.so.1.3.0
7f4ae98d3000-7f4ae9ad2000 ---p 00009000 08:06 522612                     /usr/lib/x86_64-linux-gnu/libXrender.so.1.3.0
7f4ae9ad2000-7f4ae9ad3000 r--p 00008000 08:06 522612                     /usr/lib/x86_64-linux-gnu/libXrender.so.1.3.0
7f4ae9ad3000-7f4ae9ad4000 rw-p 00009000 08:06 522612                     /usr/lib/x86_64-linux-gnu/libXrender.so.1.3.0
7f4ae9ad4000-7f4ae9c04000 r-xp 00000000 08:06 530060                     /usr/lib/x86_64-linux-gnu/libX11.so.6.3.0
7f4ae9c04000-7f4ae9e04000 ---p 00130000 08:06 530060                     /usr/lib/x86_64-linux-gnu/libX11.so.6.3.0
7f4ae9e04000-7f4ae9e05000 r--p 00130000 08:06 530060                     /usr/lib/x86_64-linux-gnu/libX11.so.6.3.0
7f4ae9e05000-7f4ae9e09000 rw-p 00131000 08:06 530060                     /usr/lib/x86_64-linux-gnu/libX11.so.6.3.0
7f4ae9e09000-7f4ae9e1a000 r-xp 00000000 08:06 522564                     /usr/lib/x86_64-linux-gnu/libXext.so.6.4.0
7f4ae9e1a000-7f4aea019000 ---p 00011000 08:06 522564                     /usr/lib/x86_64-linux-gnu/libXext.so.6.4.0
7f4aea019000-7f4aea01a000 r--p 00010000 08:06 522564                     /usr/lib/x86_64-linux-gnu/libXext.so.6.4.0
7f4aea01a000-7f4aea01b000 rw-p 00011000 08:06 522564                     /usr/lib/x86_64-linux-gnu/libXext.so.6.4.0
7f4aea03c000-7f4aea090000 r-xp 00000000 08:06 414472                     /usr/lib/jvm/java-8-oracle/jre/lib/amd64/libawt_xawt.so
7f4aea090000-7f4aea290000 ---p 00054000 08:06 414472                     /usr/lib/jvm/java-8-oracle/jre/lib/amd64/libawt_xawt.so
7f4aea290000-7f4aea294000 rw-p 00054000 08:06 414472                     /usr/lib/jvm/java-8-oracle/jre/lib/amd64/libawt_xawt.so
7f4aea294000-7f4aea295000 rw-p 00000000 00:00 0 
7f4aea295000-7f4aea337000 r-xp 00000000 08:06 414471                     /usr/lib/jvm/java-8-oracle/jre/lib/amd64/libawt.so
7f4aea337000-7f4aea537000 ---p 000a2000 08:06 414471                     /usr/lib/jvm/java-8-oracle/jre/lib/amd64/libawt.so
7f4aea537000-7f4aea543000 rw-p 000a2000 08:06 414471                     /usr/lib/jvm/java-8-oracle/jre/lib/amd64/libawt.so
7f4aea543000-7f4aea567000 rw-p 00000000 00:00 0 
7f4aea567000-7f4aea568000 ---p 00000000 00:00 0 
7f4aea568000-7f4aea668000 rw-p 00000000 00:00 0                          [stack:13781]
7f4aea668000-7f4aea66b000 ---p 00000000 00:00 0 
7f4aea66b000-7f4aea769000 rw-p 00000000 00:00 0                          [stack:13780]
7f4aea769000-7f4aea76c000 ---p 00000000 00:00 0 
7f4aea76c000-7f4aea86a000 rw-p 00000000 00:00 0                          [stack:13779]
7f4aea86a000-7f4aea86d000 ---p 00000000 00:00 0 
7f4aea86d000-7f4aea96b000 rw-p 00000000 00:00 0                          [stack:13778]
7f4aea96b000-7f4aea96e000 ---p 00000000 00:00 0 
7f4aea96e000-7f4aeaa6c000 rw-p 00000000 00:00 0                          [stack:13777]
7f4aeaa6c000-7f4aeaa6f000 ---p 00000000 00:00 0 
7f4aeaa6f000-7f4aeab6d000 rw-p 00000000 00:00 0                          [stack:13776]
7f4aeab6d000-7f4aeb290000 r--p 00000000 08:06 397847                     /usr/lib/locale/locale-archive
7f4aeb290000-7f4aeb293000 ---p 00000000 00:00 0 
7f4aeb293000-7f4aeb391000 rw-p 00000000 00:00 0                          [stack:13775]
7f4aeb391000-7f4aeb394000 ---p 00000000 00:00 0 
7f4aeb394000-7f4aeb492000 rw-p 00000000 00:00 0                          [stack:13774]
7f4aeb492000-7f4aeb493000 ---p 00000000 00:00 0 
7f4aeb493000-7f4aec000000 rw-p 00000000 00:00 0                          [stack:13773]
7f4aec000000-7f4aec021000 rw-p 00000000 00:00 0 
7f4aec021000-7f4af0000000 ---p 00000000 00:00 0 
7f4af0000000-7f4af0021000 rw-p 00000000 00:00 0 
7f4af0021000-7f4af4000000 ---p 00000000 00:00 0 
7f4af4000000-7f4af4021000 rw-p 00000000 00:00 0 
7f4af4021000-7f4af8000000 ---p 00000000 00:00 0 
7f4af8000000-7f4af8021000 rw-p 00000000 00:00 0 
7f4af8021000-7f4afc000000 ---p 00000000 00:00 0 
7f4afc00b000-7f4afc010000 r--s 00096000 08:06 414462                     /usr/lib/jvm/java-8-oracle/jre/lib/jsse.jar
7f4afc010000-7f4afc01f000 r--s 00115000 08:07 2097400                    /home/jony/.m2/repository/net/java/dev/jna/platform/3.5.2/platform-3.5.2.jar
7f4afc01f000-7f4afc444000 rw-p 00000000 00:00 0 
7f4afc444000-7f4afc61d000 r--s 03d20000 08:06 414457                     /usr/lib/jvm/java-8-oracle/jre/lib/rt.jar
7f4afc61d000-7f4afd000000 rw-p 00000000 00:00 0 
7f4afd000000-7f4afd2a0000 rwxp 00000000 00:00 0 
7f4afd2a0000-7f4b0c000000 ---p 00000000 00:00 0 
7f4b0c000000-7f4b0c4cf000 rw-p 00000000 00:00 0 
7f4b0c4cf000-7f4b10000000 ---p 00000000 00:00 0 
7f4b10004000-7f4b10010000 r--s 00057000 08:07 2097396                    /home/jony/.m2/repository/uk/co/caprica/vlcj/3.9.0/vlcj-3.9.0.jar
7f4b10010000-7f4b11fd8000 rw-p 00000000 00:00 0 
7f4b11fd8000-7f4b11fd9000 ---p 00000000 00:00 0 
7f4b11fd9000-7f4b120d9000 rw-p 00000000 00:00 0                          [stack:13772]
7f4b120d9000-7f4b120da000 ---p 00000000 00:00 0 
7f4b120da000-7f4b121da000 rw-p 00000000 00:00 0                          [stack:13771]
7f4b121da000-7f4b121db000 ---p 00000000 00:00 0 
7f4b121db000-7f4b122db000 rw-p 00000000 00:00 0                          [stack:13770]
7f4b122db000-7f4b122dc000 ---p 00000000 00:00 0 
7f4b122dc000-7f4b123f1000 rw-p 00000000 00:00 0                          [stack:13769]
7f4b123f1000-7f4b1251e000 ---p 00000000 00:00 0 
7f4b1251e000-7f4b12533000 rw-p 00000000 00:00 0 
7f4b12533000-7f4b12660000 ---p 00000000 00:00 0 
7f4b12660000-7f4b1266b000 rw-p 00000000 00:00 0 
7f4b1266b000-7f4b12701000 ---p 00000000 00:00 0 
7f4b12701000-7f4b1270d000 rw-p 00000000 00:00 0 
7f4b1270d000-7f4b12ac2000 ---p 00000000 00:00 0 
7f4b12ac2000-7f4b12adc000 r-xp 00000000 08:06 414518                     /usr/lib/jvm/java-8-oracle/jre/lib/amd64/libzip.so
7f4b12adc000-7f4b12cdc000 ---p 0001a000 08:06 414518                     /usr/lib/jvm/java-8-oracle/jre/lib/amd64/libzip.so
7f4b12cdc000-7f4b12cdd000 rw-p 0001a000 08:06 414518                     /usr/lib/jvm/java-8-oracle/jre/lib/amd64/libzip.so
7f4b12cdd000-7f4b12ce8000 r-xp 00000000 08:06 261141                     /lib/x86_64-linux-gnu/libnss_files-2.19.so
7f4b12ce8000-7f4b12ee7000 ---p 0000b000 08:06 261141                     /lib/x86_64-linux-gnu/libnss_files-2.19.so
7f4b12ee7000-7f4b12ee8000 r--p 0000a000 08:06 261141                     /lib/x86_64-linux-gnu/libnss_files-2.19.so
7f4b12ee8000-7f4b12ee9000 rw-p 0000b000 08:06 261141                     /lib/x86_64-linux-gnu/libnss_files-2.19.so
7f4b12ee9000-7f4b12ef4000 r-xp 00000000 08:06 265432                     /lib/x86_64-linux-gnu/libnss_nis-2.19.so
7f4b12ef4000-7f4b130f3000 ---p 0000b000 08:06 265432                     /lib/x86_64-linux-gnu/libnss_nis-2.19.so
7f4b130f3000-7f4b130f4000 r--p 0000a000 08:06 265432                     /lib/x86_64-linux-gnu/libnss_nis-2.19.so
7f4b130f4000-7f4b130f5000 rw-p 0000b000 08:06 265432                     /lib/x86_64-linux-gnu/libnss_nis-2.19.so
7f4b130f5000-7f4b1310c000 r-xp 00000000 08:06 261216                     /lib/x86_64-linux-gnu/libnsl-2.19.so
7f4b1310c000-7f4b1330b000 ---p 00017000 08:06 261216                     /lib/x86_64-linux-gnu/libnsl-2.19.so
7f4b1330b000-7f4b1330c000 r--p 00016000 08:06 261216                     /lib/x86_64-linux-gnu/libnsl-2.19.so
7f4b1330c000-7f4b1330d000 rw-p 00017000 08:06 261216                     /lib/x86_64-linux-gnu/libnsl-2.19.so
7f4b1330d000-7f4b1330f000 rw-p 00000000 00:00 0 
7f4b1330f000-7f4b13318000 r-xp 00000000 08:06 261215                     /lib/x86_64-linux-gnu/libnss_compat-2.19.so
7f4b13318000-7f4b13517000 ---p 00009000 08:06 261215                     /lib/x86_64-linux-gnu/libnss_compat-2.19.so
7f4b13517000-7f4b13518000 r--p 00008000 08:06 261215                     /lib/x86_64-linux-gnu/libnss_compat-2.19.so
7f4b13518000-7f4b13519000 rw-p 00009000 08:06 261215                     /lib/x86_64-linux-gnu/libnss_compat-2.19.so
7f4b13519000-7f4b13543000 r-xp 00000000 08:06 414479                     /usr/lib/jvm/java-8-oracle/jre/lib/amd64/libjava.so
7f4b13543000-7f4b13743000 ---p 0002a000 08:06 414479                     /usr/lib/jvm/java-8-oracle/jre/lib/amd64/libjava.so
7f4b13743000-7f4b13745000 rw-p 0002a000 08:06 414479                     /usr/lib/jvm/java-8-oracle/jre/lib/amd64/libjava.so
7f4b13745000-7f4b13752000 r-xp 00000000 08:06 414470                     /usr/lib/jvm/java-8-oracle/jre/lib/amd64/libverify.so
7f4b13752000-7f4b13952000 ---p 0000d000 08:06 414470                     /usr/lib/jvm/java-8-oracle/jre/lib/amd64/libverify.so
7f4b13952000-7f4b13954000 rw-p 0000d000 08:06 414470                     /usr/lib/jvm/java-8-oracle/jre/lib/amd64/libverify.so
7f4b13954000-7f4b1395b000 r-xp 00000000 08:06 261224                     /lib/x86_64-linux-gnu/librt-2.19.so
7f4b1395b000-7f4b13b5a000 ---p 00007000 08:06 261224                     /lib/x86_64-linux-gnu/librt-2.19.so
7f4b13b5a000-7f4b13b5b000 r--p 00006000 08:06 261224                     /lib/x86_64-linux-gnu/librt-2.19.so
7f4b13b5b000-7f4b13b5c000 rw-p 00007000 08:06 261224                     /lib/x86_64-linux-gnu/librt-2.19.so
7f4b13b5c000-7f4b13c61000 r-xp 00000000 08:06 261137                     /lib/x86_64-linux-gnu/libm-2.19.so
7f4b13c61000-7f4b13e60000 ---p 00105000 08:06 261137                     /lib/x86_64-linux-gnu/libm-2.19.so
7f4b13e60000-7f4b13e61000 r--p 00104000 08:06 261137                     /lib/x86_64-linux-gnu/libm-2.19.so
7f4b13e61000-7f4b13e62000 rw-p 00105000 08:06 261137                     /lib/x86_64-linux-gnu/libm-2.19.so
7f4b13e62000-7f4b14b20000 r-xp 00000000 08:06 414502                     /usr/lib/jvm/java-8-oracle/jre/lib/amd64/server/libjvm.so
7f4b14b20000-7f4b14d1f000 ---p 00cbe000 08:06 414502                     /usr/lib/jvm/java-8-oracle/jre/lib/amd64/server/libjvm.so
7f4b14d1f000-7f4b14df8000 rw-p 00cbd000 08:06 414502                     /usr/lib/jvm/java-8-oracle/jre/lib/amd64/server/libjvm.so
7f4b14df8000-7f4b14e3c000 rw-p 00000000 00:00 0 
7f4b14e3c000-7f4b14ff7000 r-xp 00000000 08:06 261221                     /lib/x86_64-linux-gnu/libc-2.19.so
7f4b14ff7000-7f4b151f6000 ---p 001bb000 08:06 261221                     /lib/x86_64-linux-gnu/libc-2.19.so
7f4b151f6000-7f4b151fa000 r--p 001ba000 08:06 261221                     /lib/x86_64-linux-gnu/libc-2.19.so
7f4b151fa000-7f4b151fc000 rw-p 001be000 08:06 261221                     /lib/x86_64-linux-gnu/libc-2.19.so
7f4b151fc000-7f4b15201000 rw-p 00000000 00:00 0 
7f4b15201000-7f4b15204000 r-xp 00000000 08:06 261152                     /lib/x86_64-linux-gnu/libdl-2.19.so
7f4b15204000-7f4b15403000 ---p 00003000 08:06 261152                     /lib/x86_64-linux-gnu/libdl-2.19.so
7f4b15403000-7f4b15404000 r--p 00002000 08:06 261152                     /lib/x86_64-linux-gnu/libdl-2.19.so
7f4b15404000-7f4b15405000 rw-p 00003000 08:06 261152                     /lib/x86_64-linux-gnu/libdl-2.19.so
7f4b15405000-7f4b1541a000 r-xp 00000000 08:06 413769                     /usr/lib/jvm/java-8-oracle/lib/amd64/jli/libjli.so
7f4b1541a000-7f4b1561a000 ---p 00015000 08:06 413769                     /usr/lib/jvm/java-8-oracle/lib/amd64/jli/libjli.so
7f4b1561a000-7f4b1561b000 rw-p 00015000 08:06 413769                     /usr/lib/jvm/java-8-oracle/lib/amd64/jli/libjli.so
7f4b1561b000-7f4b15634000 r-xp 00000000 08:06 261222                     /lib/x86_64-linux-gnu/libpthread-2.19.so
7f4b15634000-7f4b15833000 ---p 00019000 08:06 261222                     /lib/x86_64-linux-gnu/libpthread-2.19.so
7f4b15833000-7f4b15834000 r--p 00018000 08:06 261222                     /lib/x86_64-linux-gnu/libpthread-2.19.so
7f4b15834000-7f4b15835000 rw-p 00019000 08:06 261222                     /lib/x86_64-linux-gnu/libpthread-2.19.so
7f4b15835000-7f4b15839000 rw-p 00000000 00:00 0 
7f4b15839000-7f4b1585c000 r-xp 00000000 08:06 261218                     /lib/x86_64-linux-gnu/ld-2.19.so
7f4b1585d000-7f4b15861000 r--s 00112000 08:07 2359896                    /home/jony/.m2/repository/net/java/dev/jna/jna/4.2.1/jna-4.2.1.jar
7f4b15861000-7f4b15933000 rw-p 00000000 00:00 0 
7f4b15933000-7f4b15936000 ---p 00000000 00:00 0 
7f4b15936000-7f4b15a38000 rw-p 00000000 00:00 0                          [stack:13767]
7f4b15a39000-7f4b15a3a000 rwxp 00000000 00:00 0 
7f4b15a3a000-7f4b15a3b000 r--s 00002000 08:07 1322282                    /home/jony/.m2/repository/org/slf4j/slf4j-simple/1.7.12/slf4j-simple-1.7.12.jar
7f4b15a3b000-7f4b15a3c000 r--s 00007000 08:07 8522705                    /home/jony/.m2/repository/org/slf4j/slf4j-api/1.7.10/slf4j-api-1.7.10.jar
7f4b15a3c000-7f4b15a4f000 rw-p 00000000 00:00 0 
7f4b15a4f000-7f4b15a57000 rw-s 00000000 08:06 522641                     /tmp/hsperfdata_jony/13763
7f4b15a57000-7f4b15a58000 rw-p 00000000 00:00 0 
7f4b15a58000-7f4b15a59000 r--p 00000000 00:00 0 
7f4b15a59000-7f4b15a5b000 rw-p 00000000 00:00 0 
7f4b15a5b000-7f4b15a5c000 r--p 00022000 08:06 261218                     /lib/x86_64-linux-gnu/ld-2.19.so
7f4b15a5c000-7f4b15a5d000 rw-p 00023000 08:06 261218                     /lib/x86_64-linux-gnu/ld-2.19.so
7f4b15a5d000-7f4b15a5e000 rw-p 00000000 00:00 0 
7ffd17ad1000-7ffd17af2000 rw-p 00000000 00:00 0                          [stack]
7ffd17b2e000-7ffd17b30000 r-xp 00000000 00:00 0                          [vdso]
7ffd17b30000-7ffd17b32000 r--p 00000000 00:00 0                          [vvar]
ffffffffff600000-ffffffffff601000 r-xp 00000000 00:00 0                  [vsyscall]

VM Arguments:
jvm_args: -Dfile.encoding=UTF-8 
java_command: com.movieCart.MainFrame
java_class_path (initial): /home/jony/Dropbox/Eclipse Workspace/movieCart/target/classes:/home/jony/.m2/repository/uk/co/caprica/vlcj/3.9.0/vlcj-3.9.0.jar:/home/jony/.m2/repository/org/slf4j/slf4j-api/1.7.10/slf4j-api-1.7.10.jar:/home/jony/.m2/repository/net/java/dev/jna/platform/3.5.2/platform-3.5.2.jar:/home/jony/.m2/repository/net/java/dev/jna/jna/4.2.1/jna-4.2.1.jar:/home/jony/.m2/repository/org/slf4j/slf4j-simple/1.7.12/slf4j-simple-1.7.12.jar
Launcher Type: SUN_STANDARD

Environment Variables:
JAVA_HOME=/usr/lib/jvm/java-8-oracle
PATH=/home/jony/sys161/bin:/home/jony/sys161/tools/bin:/home/jony/bin:/usr/local/sbin:/usr/local/bin:/usr/sbin:/usr/bin:/sbin:/bin:/usr/games:/usr/local/games:/usr/lib/jvm/java-8-oracle/bin:/usr/lib/jvm/java-8-oracle/db/bin:/usr/lib/jvm/java-8-oracle/jre/bin
SHELL=/bin/bash
DISPLAY=:0.0

Signal Handlers:
SIGSEGV: [libjvm.so+0xaba2a0], sa_mask[0]=11111111011111111101111111111110, sa_flags=SA_RESTART|SA_SIGINFO
SIGBUS: [libjvm.so+0xaba2a0], sa_mask[0]=11111111011111111101111111111110, sa_flags=SA_RESTART|SA_SIGINFO
SIGFPE: [libjvm.so+0x917710], sa_mask[0]=11111111011111111101111111111110, sa_flags=SA_RESTART|SA_SIGINFO
SIGPIPE: [libjvm.so+0x917710], sa_mask[0]=11111111011111111101111111111110, sa_flags=SA_RESTART|SA_SIGINFO
SIGXFSZ: [libjvm.so+0x917710], sa_mask[0]=11111111011111111101111111111110, sa_flags=SA_RESTART|SA_SIGINFO
SIGILL: [libjvm.so+0x917710], sa_mask[0]=11111111011111111101111111111110, sa_flags=SA_RESTART|SA_SIGINFO
SIGUSR1: SIG_DFL, sa_mask[0]=00000000000000000000000000000000, sa_flags=none
SIGUSR2: [libjvm.so+0x918d40], sa_mask[0]=00100000000000000000000000000000, sa_flags=SA_RESTART|SA_SIGINFO
SIGHUP: [libjvm.so+0x91a140], sa_mask[0]=11111111011111111101111111111110, sa_flags=SA_RESTART|SA_SIGINFO
SIGINT: [libjvm.so+0x91a140], sa_mask[0]=11111111011111111101111111111110, sa_flags=SA_RESTART|SA_SIGINFO
SIGTERM: [libjvm.so+0x91a140], sa_mask[0]=11111111011111111101111111111110, sa_flags=SA_RESTART|SA_SIGINFO
SIGQUIT: [libjvm.so+0x91a140], sa_mask[0]=11111111011111111101111111111110, sa_flags=SA_RESTART|SA_SIGINFO


---------------  S Y S T E M  ---------------

OS:DISTRIB_ID=Ubuntu
DISTRIB_RELEASE=14.04
DISTRIB_CODENAME=trusty
DISTRIB_DESCRIPTION="Ubuntu 14.04.3 LTS"

uname:Linux 3.16.0-51-generic #69~14.04.1-Ubuntu SMP Wed Oct 7 15:32:41 UTC 2015 x86_64
libc:glibc 2.19 NPTL 2.19 
rlimit: STACK 8192k, CORE 0k, NPROC 15360, NOFILE 4096, AS infinity
load average:1.83 2.80 2.52

/proc/meminfo:
MemTotal:        3953704 kB
MemFree:          142604 kB
MemAvailable:    1555880 kB
Buffers:           27944 kB
Cached:          1753720 kB
SwapCached:        12524 kB
Active:          2238804 kB
Inactive:        1363612 kB
Active(anon):    1444020 kB
Inactive(anon):   605980 kB
Active(file):     794784 kB
Inactive(file):   757632 kB
Unevictable:         104 kB
Mlocked:             104 kB
SwapTotal:       9764860 kB
SwapFree:        9550208 kB
Dirty:               288 kB
Writeback:             0 kB
AnonPages:       1813684 kB
Mapped:           237216 kB
Shmem:            229304 kB
Slab:              92028 kB
SReclaimable:      59592 kB
SUnreclaim:        32436 kB
KernelStack:       11008 kB
PageTables:        38640 kB
NFS_Unstable:          0 kB
Bounce:                0 kB
WritebackTmp:          0 kB
CommitLimit:    11741712 kB
Committed_AS:    6732480 kB
VmallocTotal:   34359738367 kB
VmallocUsed:      361940 kB
VmallocChunk:   34359360012 kB
HardwareCorrupted:     0 kB
AnonHugePages:    528384 kB
HugePages_Total:       0
HugePages_Free:        0
HugePages_Rsvd:        0
HugePages_Surp:        0
Hugepagesize:       2048 kB
DirectMap4k:       72352 kB
DirectMap2M:     4028416 kB


CPU:total 4 (2 cores per cpu, 2 threads per core) family 6 model 42 stepping 7, cmov, cx8, fxsr, mmx, sse, sse2, sse3, ssse3, sse4.1, sse4.2, popcnt, avx, aes, clmul, ht, tsc, tscinvbit

/proc/cpuinfo:
processor	: 0
vendor_id	: GenuineIntel
cpu family	: 6
model		: 42
model name	: Intel(R) Core(TM) i5-2430M CPU @ 2.40GHz
stepping	: 7
microcode	: 0x1a
cpu MHz		: 2854.500
cache size	: 3072 KB
physical id	: 0
siblings	: 4
core id		: 0
cpu cores	: 2
apicid		: 0
initial apicid	: 0
fpu		: yes
fpu_exception	: yes
cpuid level	: 13
wp		: yes
flags		: fpu vme de pse tsc msr pae mce cx8 apic sep mtrr pge mca cmov pat pse36 clflush dts acpi mmx fxsr sse sse2 ss ht tm pbe syscall nx rdtscp lm constant_tsc arch_perfmon pebs bts rep_good nopl xtopology nonstop_tsc aperfmperf eagerfpu pni pclmulqdq dtes64 monitor ds_cpl vmx est tm2 ssse3 cx16 xtpr pdcm pcid sse4_1 sse4_2 x2apic popcnt tsc_deadline_timer aes xsave avx lahf_lm ida arat epb xsaveopt pln pts dtherm tpr_shadow vnmi flexpriority ept vpid
bogomips	: 4789.33
clflush size	: 64
cache_alignment	: 64
address sizes	: 36 bits physical, 48 bits virtual
power management:

processor	: 1
vendor_id	: GenuineIntel
cpu family	: 6
model		: 42
model name	: Intel(R) Core(TM) i5-2430M CPU @ 2.40GHz
stepping	: 7
microcode	: 0x1a
cpu MHz		: 2799.937
cache size	: 3072 KB
physical id	: 0
siblings	: 4
core id		: 1
cpu cores	: 2
apicid		: 2
initial apicid	: 2
fpu		: yes
fpu_exception	: yes
cpuid level	: 13
wp		: yes
flags		: fpu vme de pse tsc msr pae mce cx8 apic sep mtrr pge mca cmov pat pse36 clflush dts acpi mmx fxsr sse sse2 ss ht tm pbe syscall nx rdtscp lm constant_tsc arch_perfmon pebs bts rep_good nopl xtopology nonstop_tsc aperfmperf eagerfpu pni pclmulqdq dtes64 monitor ds_cpl vmx est tm2 ssse3 cx16 xtpr pdcm pcid sse4_1 sse4_2 x2apic popcnt tsc_deadline_timer aes xsave avx lahf_lm ida arat epb xsaveopt pln pts dtherm tpr_shadow vnmi flexpriority ept vpid
bogomips	: 4789.33
clflush size	: 64
cache_alignment	: 64
address sizes	: 36 bits physical, 48 bits virtual
power management:

processor	: 2
vendor_id	: GenuineIntel
cpu family	: 6
model		: 42
model name	: Intel(R) Core(TM) i5-2430M CPU @ 2.40GHz
stepping	: 7
microcode	: 0x1a
cpu MHz		: 2666.531
cache size	: 3072 KB
physical id	: 0
siblings	: 4
core id		: 0
cpu cores	: 2
apicid		: 1
initial apicid	: 1
fpu		: yes
fpu_exception	: yes
cpuid level	: 13
wp		: yes
flags		: fpu vme de pse tsc msr pae mce cx8 apic sep mtrr pge mca cmov pat pse36 clflush dts acpi mmx fxsr sse sse2 ss ht tm pbe syscall nx rdtscp lm constant_tsc arch_perfmon pebs bts rep_good nopl xtopology nonstop_tsc aperfmperf eagerfpu pni pclmulqdq dtes64 monitor ds_cpl vmx est tm2 ssse3 cx16 xtpr pdcm pcid sse4_1 sse4_2 x2apic popcnt tsc_deadline_timer aes xsave avx lahf_lm ida arat epb xsaveopt pln pts dtherm tpr_shadow vnmi flexpriority ept vpid
bogomips	: 4789.33
clflush size	: 64
cache_alignment	: 64
address sizes	: 36 bits physical, 48 bits virtual
power management:

processor	: 3
vendor_id	: GenuineIntel
cpu family	: 6
model		: 42
model name	: Intel(R) Core(TM) i5-2430M CPU @ 2.40GHz
stepping	: 7
microcode	: 0x1a
cpu MHz		: 2797.500
cache size	: 3072 KB
physical id	: 0
siblings	: 4
core id		: 1
cpu cores	: 2
apicid		: 3
initial apicid	: 3
fpu		: yes
fpu_exception	: yes
cpuid level	: 13
wp		: yes
flags		: fpu vme de pse tsc msr pae mce cx8 apic sep mtrr pge mca cmov pat pse36 clflush dts acpi mmx fxsr sse sse2 ss ht tm pbe syscall nx rdtscp lm constant_tsc arch_perfmon pebs bts rep_good nopl xtopology nonstop_tsc aperfmperf eagerfpu pni pclmulqdq dtes64 monitor ds_cpl vmx est tm2 ssse3 cx16 xtpr pdcm pcid sse4_1 sse4_2 x2apic popcnt tsc_deadline_timer aes xsave avx lahf_lm ida arat epb xsaveopt pln pts dtherm tpr_shadow vnmi flexpriority ept vpid
bogomips	: 4789.33
clflush size	: 64
cache_alignment	: 64
address sizes	: 36 bits physical, 48 bits virtual
power management:



Memory: 4k page, physical 3953704k(142604k free), swap 9764860k(9550208k free)

vm_info: Java HotSpot(TM) 64-Bit Server VM (25.66-b17) for linux-amd64 JRE (1.8.0_66-b17), built on Oct  6 2015 17:28:34 by "java_re" with gcc 4.3.0 20080428 (Red Hat 4.3.0-8)

time: Mon Oct 26 21:39:53 2015
elapsed time: 2 seconds (0d 0h 0m 2s)

