#
# A fatal error has been detected by the Java Runtime Environment:
#
#  SIGSEGV (0xb) at pc=0x0000000000000015, pid=6725, tid=140471359608576
#
# JRE version: Java(TM) SE Runtime Environment (8.0_66-b17) (build 1.8.0_66-b17)
# Java VM: Java HotSpot(TM) 64-Bit Server VM (25.66-b17 mixed mode linux-amd64 compressed oops)
# Problematic frame:
# C  0x0000000000000015
#
# Failed to write core dump. Core dumps have been disabled. To enable core dumping, try "ulimit -c unlimited" before starting Java again
#
# If you would like to submit a bug report, please visit:
#   http://bugreport.java.com/bugreport/crash.jsp
#

---------------  T H R E A D  ---------------

Current thread is native thread

siginfo: si_signo: 11 (SIGSEGV), si_code: 1 (SEGV_MAPERR), si_addr: 0x0000000000000015

Registers:
RAX=0x000000001820ce60, RBX=0x000000000000f001, RCX=0x0000000000000000, RDX=0x00007fc21807b6f0
RSP=0x00007fc2097d89e7, RBP=0x00007fc2097d89f0, RSI=0x0000000000000025, RDI=0x00007fc2097d89f0
R8 =0x0000000000000000, R9 =0x00007fc1f0c23220, R10=0x00007fc1f0c23200, R11=0x00007fc1f0c23220
R12=0x00007fc21807b6d0, R13=0x0000000000000001, R14=0x00007fc1f0c23220, R15=0x00007fc21807b9d0
RIP=0x0000000000000015, EFLAGS=0x0000000000010246, CSGSFS=0x0000000000000033, ERR=0x0000000000000014
  TRAPNO=0x000000000000000e

Top of Stack: (sp=0x00007fc2097d89e7)
0x00007fc2097d89e7:   00007fc24e5f7438 0000000000010c00
0x00007fc2097d89f7:   007fc21802872800 007fc23f000a5400
0x00007fc2097d8a07:   007fc24e391a1100 000000000493e000
0x00007fc2097d8a17:   007fc2183f68e000 007fc2183f5ac000
0x00007fc2097d8a27:   007fc218297e7800 007fc24e3b5f2e00
0x00007fc2097d8a37:   007fc24e39188f00 007fc218297df000
0x00007fc2097d8a47:   007fc218297df000 007fc218297de000
0x00007fc2097d8a57:   007fc2183f68e000 9fb67b0000000100
0x00007fc2097d8a67:   000000644f31b563 0000000000000000
0x00007fc2097d8a77:   007fc2183f5ac000 007fc218297e7800
0x00007fc2097d8a87:   007fc218297df000 007fc24e3b5f2e00
0x00007fc2097d8a97:   00000000061a3400 007fc2183f67a000
0x00007fc2097d8aa7:   007fc24e3925f500 0000000000000400
0x00007fc2097d8ab7:   007fc24e3ad2e400 0000000000000400
0x00007fc2097d8ac7:   007fc24e3b5f2e00 007fc218297e7800
0x00007fc2097d8ad7:   0000000000000000 00000002b1b2cc00
0x00007fc2097d8ae7:   0000000562f65200 00000000061a3400
0x00007fc2097d8af7:   007fc24e34a10900 00000002b1b2cc00
0x00007fc2097d8b07:   007fc24e39875500 007fc2183f67a800
0x00007fc2097d8b17:   0000000000000000 007fc2183f67a000
0x00007fc2097d8b27:   007fc24e34604500 0000000000174800
0x00007fc2097d8b37:   e0014a83627eec00 007fc1f000e4803f
0x00007fc2097d8b47:   0000000088f67600 007fc1f000e4d000
0x00007fc2097d8b57:   007fc24e3556f100 007fc1f0c100a800
0x00007fc2097d8b67:   0000000000000100 0000016090f25600
0x00007fc2097d8b77:   00000002b4bfc000 00000002b1b2d200
0x00007fc2097d8b87:   007fc1f000e48000 007fc2097d8c5f00
0x00007fc2097d8b97:   0000000000001800 007fc1f000e48000
0x00007fc2097d8ba7:   007fc2097d8d8800 007fc1f000810000
0x00007fc2097d8bb7:   007fc2097d8d5800 007fc1f000812000
0x00007fc2097d8bc7:   0000000000001000 0000000000002000
0x00007fc2097d8bd7:   007fc24e34790c00 007fc1f000e4d000 

Instructions: (pc=0x0000000000000015)
0xfffffffffffffff5:   

Register to memory mapping:

RAX=0x000000001820ce60 is an unknown value
RBX=0x000000000000f001 is an unknown value
RCX=0x0000000000000000 is an unknown value
RDX=0x00007fc21807b6f0 is an unknown value
RSP=0x00007fc2097d89e7 is an unknown value
RBP=0x00007fc2097d89f0 is an unknown value
RSI=0x0000000000000025 is an unknown value
RDI=0x00007fc2097d89f0 is an unknown value
R8 =0x0000000000000000 is an unknown value
R9 =0x00007fc1f0c23220 is an unknown value
R10=0x00007fc1f0c23200 is an unknown value
R11=0x00007fc1f0c23220 is an unknown value
R12=0x00007fc21807b6d0 is an unknown value
R13=0x0000000000000001 is an unknown value
R14=0x00007fc1f0c23220 is an unknown value
R15=0x00007fc21807b9d0 is an unknown value


Stack: [0x00007fc2096d9000,0x00007fc2097da000],  sp=0x00007fc2097d89e7,  free space=1022k
Native frames: (J=compiled Java code, j=interpreted, Vv=VM code, C=native code)
C  0x0000000000000015


---------------  P R O C E S S  ---------------

VM state:not at safepoint (normal execution)

VM Mutex/Monitor currently owned by a thread: None

Heap:
 PSYoungGen      total 18432K, used 1899K [0x00000000ebe00000, 0x00000000ed280000, 0x0000000100000000)
  eden space 15872K, 0% used [0x00000000ebe00000,0x00000000ebe0ae90,0x00000000ecd80000)
  from space 2560K, 72% used [0x00000000ecd80000,0x00000000ecf50000,0x00000000ed000000)
  to   space 2560K, 0% used [0x00000000ed000000,0x00000000ed000000,0x00000000ed280000)
 ParOldGen       total 42496K, used 48K [0x00000000c3a00000, 0x00000000c6380000, 0x00000000ebe00000)
  object space 42496K, 0% used [0x00000000c3a00000,0x00000000c3a0c000,0x00000000c6380000)
 Metaspace       used 8469K, capacity 8734K, committed 9088K, reserved 1056768K
  class space    used 949K, capacity 1029K, committed 1152K, reserved 1048576K

Card table byte_map: [0x00007fc271068000,0x00007fc27124c000] byte_map_base: 0x00007fc270a4b000

Marking Bits: (ParMarkBitMap*) 0x00007fc27395b020
 Begin Bits: [0x00007fc2561d0000, 0x00007fc2570e8000)
 End Bits:   [0x00007fc2570e8000, 0x00007fc258000000)

Polling page: 0x00007fc2745a2000

CodeCache: size=245760Kb used=3666Kb max_used=3666Kb free=242094Kb
 bounds [0x00007fc25d000000, 0x00007fc25d3a0000, 0x00007fc26c000000]
 total_blobs=1348 nmethods=920 adapters=342
 compilation: enabled

Compilation events (10 events):
Event: 55.056 Thread 0x00007fc26c0bd000  935   !   3       sun.reflect.GeneratedConstructorAccessor18::newInstance (49 bytes)
Event: 55.056 Thread 0x00007fc26c0bd000 nmethod 935 0x00007fc25d393cd0 code [0x00007fc25d393ec0, 0x00007fc25d394588]
Event: 55.056 Thread 0x00007fc26c0bd000  936   !   3       sun.reflect.GeneratedConstructorAccessor19::newInstance (49 bytes)
Event: 55.057 Thread 0x00007fc26c0bd000 nmethod 936 0x00007fc25d3949d0 code [0x00007fc25d394bc0, 0x00007fc25d395288]
Event: 55.057 Thread 0x00007fc26c0bd000  937   !   3       sun.reflect.GeneratedConstructorAccessor20::newInstance (49 bytes)
Event: 55.057 Thread 0x00007fc26c0bd000 nmethod 937 0x00007fc25d3956d0 code [0x00007fc25d3958c0, 0x00007fc25d395f88]
Event: 55.057 Thread 0x00007fc26c0bd000  938   !   3       sun.reflect.GeneratedConstructorAccessor21::newInstance (49 bytes)
Event: 55.057 Thread 0x00007fc26c0bd000 nmethod 938 0x00007fc25d3963d0 code [0x00007fc25d3965c0, 0x00007fc25d396c88]
Event: 55.085 Thread 0x00007fc26c0bd000  939       3       java.util.concurrent.locks.AbstractQueuedSynchronizer::transferForSignal (45 bytes)
Event: 55.091 Thread 0x00007fc26c0bd000 nmethod 939 0x00007fc25d3970d0 code [0x00007fc25d397280, 0x00007fc25d397738]

GC Heap History (10 events):
Event: 10.240 GC heap before
{Heap before GC invocations=1 (full 0):
 PSYoungGen      total 18432K, used 15872K [0x00000000ebe00000, 0x00000000ed280000, 0x0000000100000000)
  eden space 15872K, 100% used [0x00000000ebe00000,0x00000000ecd80000,0x00000000ecd80000)
  from space 2560K, 0% used [0x00000000ed000000,0x00000000ed000000,0x00000000ed280000)
  to   space 2560K, 0% used [0x00000000ecd80000,0x00000000ecd80000,0x00000000ed000000)
 ParOldGen       total 42496K, used 0K [0x00000000c3a00000, 0x00000000c6380000, 0x00000000ebe00000)
  object space 42496K, 0% used [0x00000000c3a00000,0x00000000c3a00000,0x00000000c6380000)
 Metaspace       used 8119K, capacity 8298K, committed 8448K, reserved 1056768K
  class space    used 928K, capacity 999K, committed 1024K, reserved 1048576K
Event: 10.245 GC heap after
Heap after GC invocations=1 (full 0):
 PSYoungGen      total 18432K, used 2081K [0x00000000ebe00000, 0x00000000ed280000, 0x0000000100000000)
  eden space 15872K, 0% used [0x00000000ebe00000,0x00000000ebe00000,0x00000000ecd80000)
  from space 2560K, 81% used [0x00000000ecd80000,0x00000000ecf88770,0x00000000ed000000)
  to   space 2560K, 0% used [0x00000000ed000000,0x00000000ed000000,0x00000000ed280000)
 ParOldGen       total 42496K, used 16K [0x00000000c3a00000, 0x00000000c6380000, 0x00000000ebe00000)
  object space 42496K, 0% used [0x00000000c3a00000,0x00000000c3a04000,0x00000000c6380000)
 Metaspace       used 8119K, capacity 8298K, committed 8448K, reserved 1056768K
  class space    used 928K, capacity 999K, committed 1024K, reserved 1048576K
}
Event: 22.654 GC heap before
{Heap before GC invocations=2 (full 0):
 PSYoungGen      total 18432K, used 17953K [0x00000000ebe00000, 0x00000000ed280000, 0x0000000100000000)
  eden space 15872K, 100% used [0x00000000ebe00000,0x00000000ecd80000,0x00000000ecd80000)
  from space 2560K, 81% used [0x00000000ecd80000,0x00000000ecf88770,0x00000000ed000000)
  to   space 2560K, 0% used [0x00000000ed000000,0x00000000ed000000,0x00000000ed280000)
 ParOldGen       total 42496K, used 16K [0x00000000c3a00000, 0x00000000c6380000, 0x00000000ebe00000)
  object space 42496K, 0% used [0x00000000c3a00000,0x00000000c3a04000,0x00000000c6380000)
 Metaspace       used 8351K, capacity 8606K, committed 8832K, reserved 1056768K
  class space    used 948K, capacity 1029K, committed 1152K, reserved 1048576K
Event: 22.659 GC heap after
Heap after GC invocations=2 (full 0):
 PSYoungGen      total 18432K, used 1792K [0x00000000ebe00000, 0x00000000ed280000, 0x0000000100000000)
  eden space 15872K, 0% used [0x00000000ebe00000,0x00000000ebe00000,0x00000000ecd80000)
  from space 2560K, 70% used [0x00000000ed000000,0x00000000ed1c0020,0x00000000ed280000)
  to   space 2560K, 0% used [0x00000000ecd80000,0x00000000ecd80000,0x00000000ed000000)
 ParOldGen       total 42496K, used 24K [0x00000000c3a00000, 0x00000000c6380000, 0x00000000ebe00000)
  object space 42496K, 0% used [0x00000000c3a00000,0x00000000c3a06000,0x00000000c6380000)
 Metaspace       used 8351K, capacity 8606K, committed 8832K, reserved 1056768K
  class space    used 948K, capacity 1029K, committed 1152K, reserved 1048576K
}
Event: 37.354 GC heap before
{Heap before GC invocations=3 (full 0):
 PSYoungGen      total 18432K, used 17664K [0x00000000ebe00000, 0x00000000ed280000, 0x0000000100000000)
  eden space 15872K, 100% used [0x00000000ebe00000,0x00000000ecd80000,0x00000000ecd80000)
  from space 2560K, 70% used [0x00000000ed000000,0x00000000ed1c0020,0x00000000ed280000)
  to   space 2560K, 0% used [0x00000000ecd80000,0x00000000ecd80000,0x00000000ed000000)
 ParOldGen       total 42496K, used 24K [0x00000000c3a00000, 0x00000000c6380000, 0x00000000ebe00000)
  object space 42496K, 0% used [0x00000000c3a00000,0x00000000c3a06000,0x00000000c6380000)
 Metaspace       used 8378K, capacity 8606K, committed 8832K, reserved 1056768K
  class space    used 949K, capacity 1029K, committed 1152K, reserved 1048576K
Event: 37.363 GC heap after
Heap after GC invocations=3 (full 0):
 PSYoungGen      total 18432K, used 1760K [0x00000000ebe00000, 0x00000000ed280000, 0x0000000100000000)
  eden space 15872K, 0% used [0x00000000ebe00000,0x00000000ebe00000,0x00000000ecd80000)
  from space 2560K, 68% used [0x00000000ecd80000,0x00000000ecf38020,0x00000000ed000000)
  to   space 2560K, 0% used [0x00000000ed000000,0x00000000ed000000,0x00000000ed280000)
 ParOldGen       total 42496K, used 32K [0x00000000c3a00000, 0x00000000c6380000, 0x00000000ebe00000)
  object space 42496K, 0% used [0x00000000c3a00000,0x00000000c3a08000,0x00000000c6380000)
 Metaspace       used 8378K, capacity 8606K, committed 8832K, reserved 1056768K
  class space    used 949K, capacity 1029K, committed 1152K, reserved 1048576K
}
Event: 47.854 GC heap before
{Heap before GC invocations=4 (full 0):
 PSYoungGen      total 18432K, used 17632K [0x00000000ebe00000, 0x00000000ed280000, 0x0000000100000000)
  eden space 15872K, 100% used [0x00000000ebe00000,0x00000000ecd80000,0x00000000ecd80000)
  from space 2560K, 68% used [0x00000000ecd80000,0x00000000ecf38020,0x00000000ed000000)
  to   space 2560K, 0% used [0x00000000ed000000,0x00000000ed000000,0x00000000ed280000)
 ParOldGen       total 42496K, used 32K [0x00000000c3a00000, 0x00000000c6380000, 0x00000000ebe00000)
  object space 42496K, 0% used [0x00000000c3a00000,0x00000000c3a08000,0x00000000c6380000)
 Metaspace       used 8418K, capacity 8670K, committed 8832K, reserved 1056768K
  class space    used 949K, capacity 1029K, committed 1152K, reserved 1048576K
Event: 47.867 GC heap after
Heap after GC invocations=4 (full 0):
 PSYoungGen      total 18432K, used 1792K [0x00000000ebe00000, 0x00000000ed280000, 0x0000000100000000)
  eden space 15872K, 0% used [0x00000000ebe00000,0x00000000ebe00000,0x00000000ecd80000)
  from space 2560K, 70% used [0x00000000ed000000,0x00000000ed1c0020,0x00000000ed280000)
  to   space 2560K, 0% used [0x00000000ecd80000,0x00000000ecd80000,0x00000000ed000000)
 ParOldGen       total 42496K, used 40K [0x00000000c3a00000, 0x00000000c6380000, 0x00000000ebe00000)
  object space 42496K, 0% used [0x00000000c3a00000,0x00000000c3a0a000,0x00000000c6380000)
 Metaspace       used 8418K, capacity 8670K, committed 8832K, reserved 1056768K
  class space    used 949K, capacity 1029K, committed 1152K, reserved 1048576K
}
Event: 55.085 GC heap before
{Heap before GC invocations=5 (full 0):
 PSYoungGen      total 18432K, used 17664K [0x00000000ebe00000, 0x00000000ed280000, 0x0000000100000000)
  eden space 15872K, 100% used [0x00000000ebe00000,0x00000000ecd80000,0x00000000ecd80000)
  from space 2560K, 70% used [0x00000000ed000000,0x00000000ed1c0020,0x00000000ed280000)
  to   space 2560K, 0% used [0x00000000ecd80000,0x00000000ecd80000,0x00000000ed000000)
 ParOldGen       total 42496K, used 40K [0x00000000c3a00000, 0x00000000c6380000, 0x00000000ebe00000)
  object space 42496K, 0% used [0x00000000c3a00000,0x00000000c3a0a000,0x00000000c6380000)
 Metaspace       used 8469K, capacity 8734K, committed 9088K, reserved 1056768K
  class space    used 949K, capacity 1029K, committed 1152K, reserved 1048576K
Event: 55.090 GC heap after
Heap after GC invocations=5 (full 0):
 PSYoungGen      total 18432K, used 1856K [0x00000000ebe00000, 0x00000000ed280000, 0x0000000100000000)
  eden space 15872K, 0% used [0x00000000ebe00000,0x00000000ebe00000,0x00000000ecd80000)
  from space 2560K, 72% used [0x00000000ecd80000,0x00000000ecf50000,0x00000000ed000000)
  to   space 2560K, 0% used [0x00000000ed000000,0x00000000ed000000,0x00000000ed280000)
 ParOldGen       total 42496K, used 48K [0x00000000c3a00000, 0x00000000c6380000, 0x00000000ebe00000)
  object space 42496K, 0% used [0x00000000c3a00000,0x00000000c3a0c000,0x00000000c6380000)
 Metaspace       used 8469K, capacity 8734K, committed 9088K, reserved 1056768K
  class space    used 949K, capacity 1029K, committed 1152K, reserved 1048576K
}

Deoptimization events (7 events):
Event: 9.683 Thread 0x00007fc26c0bf800 Uncommon trap: reason=unstable_if action=reinterpret pc=0x00007fc25d19ad54 method=java.lang.String.replace(CC)Ljava/lang/String; @ 26
Event: 9.859 Thread 0x00007fc26c0bf800 Uncommon trap: reason=unstable_if action=reinterpret pc=0x00007fc25d1f9954 method=java.util.HashMap.getNode(ILjava/lang/Object;)Ljava/util/HashMap$Node; @ 129
Event: 10.246 Thread 0x00007fc1f0c22800 Uncommon trap: reason=unstable_if action=reinterpret pc=0x00007fc25d2404bc method=java.lang.ref.SoftReference.get()Ljava/lang/Object; @ 17
Event: 19.654 Thread 0x00007fc1f0c5d800 Uncommon trap: reason=null_check action=make_not_entrant pc=0x00007fc25d2fe43c method=com.sun.jna.Native.getNativeSize(Ljava/lang/Class;Ljava/lang/Object;)I @ 64
Event: 19.954 Thread 0x00007fc1f0c60800 Uncommon trap: reason=null_check action=make_not_entrant pc=0x00007fc25d3006b0 method=com.sun.jna.Native.getNativeSize(Ljava/lang/Class;)I @ 4
Event: 46.953 Thread 0x00007fc1f0c5c000 Uncommon trap: reason=class_check action=maybe_recompile pc=0x00007fc25d2b8b50 method=java.util.Arrays.copyOf([Ljava/lang/Object;ILjava/lang/Class;)[Ljava/lang/Object; @ 24
Event: 55.102 Thread 0x00007fc26c07f000 Uncommon trap: reason=unstable_if action=reinterpret pc=0x00007fc25d36436c method=java.lang.ref.Finalizer.remove()V @ 10

Internal exceptions (10 events):
Event: 9.298 Thread 0x00007fc26c0bf800 Exception <a 'java/security/PrivilegedActionException'> (0x00000000ec003a90) thrown at [/HUDSON/workspace/8-2-build-linux-amd64/jdk8u66/4988/hotspot/src/share/vm/prims/jvm.cpp, line 1386]
Event: 9.298 Thread 0x00007fc26c0bf800 Exception <a 'java/security/PrivilegedActionException'> (0x00000000ec003ca0) thrown at [/HUDSON/workspace/8-2-build-linux-amd64/jdk8u66/4988/hotspot/src/share/vm/prims/jvm.cpp, line 1386]
Event: 9.298 Thread 0x00007fc26c0bf800 Exception <a 'java/security/PrivilegedActionException'> (0x00000000ec0060e0) thrown at [/HUDSON/workspace/8-2-build-linux-amd64/jdk8u66/4988/hotspot/src/share/vm/prims/jvm.cpp, line 1386]
Event: 9.298 Thread 0x00007fc26c0bf800 Exception <a 'java/security/PrivilegedActionException'> (0x00000000ec0062f0) thrown at [/HUDSON/workspace/8-2-build-linux-amd64/jdk8u66/4988/hotspot/src/share/vm/prims/jvm.cpp, line 1386]
Event: 9.441 Thread 0x00007fc26c0bf800 Exception <a 'java/lang/NoSuchFieldError': method resolution failed> (0x00000000ec102818) thrown at [/HUDSON/workspace/8-2-build-linux-amd64/jdk8u66/4988/hotspot/src/share/vm/prims/methodHandles.cpp, line 1146]
Event: 9.443 Thread 0x00007fc26c0bf800 Exception <a 'java/lang/NoSuchFieldError': method resolution failed> (0x00000000ec10fc18) thrown at [/HUDSON/workspace/8-2-build-linux-amd64/jdk8u66/4988/hotspot/src/share/vm/prims/methodHandles.cpp, line 1146]
Event: 9.494 Thread 0x00007fc26c0bf800 Exception <a 'java/io/FileNotFoundException'> (0x00000000ec19a308) thrown at [/HUDSON/workspace/8-2-build-linux-amd64/jdk8u66/4988/hotspot/src/share/vm/prims/jni.cpp, line 709]
Event: 9.495 Thread 0x00007fc26c0bf800 Exception <a 'java/io/FileNotFoundException'> (0x00000000ec19aca8) thrown at [/HUDSON/workspace/8-2-build-linux-amd64/jdk8u66/4988/hotspot/src/share/vm/prims/jni.cpp, line 709]
Event: 9.757 Thread 0x00007fc26c0bf800 Exception <a 'java/lang/UnsatisfiedLinkError': libvlc.so: cannot open shared object file: No such file or directory> (0x00000000ec4cb960) thrown at [/HUDSON/workspace/8-2-build-linux-amd64/jdk8u66/4988/hotspot/src/share/vm/prims/jni.cpp, line 735]
Event: 9.762 Thread 0x00007fc26c0bf800 Exception <a 'java/lang/UnsatisfiedLinkError': libvlc.so: cannot open shared object file: No such file or directory> (0x00000000ec4cdd00) thrown at [/HUDSON/workspace/8-2-build-linux-amd64/jdk8u66/4988/hotspot/src/share/vm/prims/jni.cpp, line 735]

Events (10 events):
Event: 55.085 Thread 0x00007fc1d8c35000 Thread exited: 0x00007fc1d8c35000
Event: 55.085 Executing VM operation: ParallelGCFailedAllocation
Event: 55.090 Executing VM operation: ParallelGCFailedAllocation done
Event: 55.093 Executing VM operation: RevokeBias
Event: 55.094 Executing VM operation: RevokeBias done
Event: 55.096 Thread 0x00007fc26c07f000 Uncommon trap: trap_request=0xffffff65 fr.pc=0x00007fc25d36436c
Event: 55.099 Executing VM operation: RevokeBias
Event: 55.102 Executing VM operation: RevokeBias done
Event: 55.102 Thread 0x00007fc26c07f000 DEOPT PACKING pc=0x00007fc25d36436c sp=0x00007fc255ecb790
Event: 55.102 Thread 0x00007fc26c07f000 DEOPT UNPACKING pc=0x00007fc25d005229 sp=0x00007fc255ecb6c8 mode 2


Dynamic libraries:
00400000-00401000 r-xp 00000000 08:06 411928                             /usr/lib/jvm/java-8-oracle/bin/java
00600000-00601000 rw-p 00000000 08:06 411928                             /usr/lib/jvm/java-8-oracle/bin/java
02482000-024a3000 rw-p 00000000 00:00 0                                  [heap]
c3a00000-c6380000 rw-p 00000000 00:00 0 
c6380000-ebe00000 ---p 00000000 00:00 0 
ebe00000-ed280000 rw-p 00000000 00:00 0 
ed280000-100000000 ---p 00000000 00:00 0 
100000000-100120000 rw-p 00000000 00:00 0 
100120000-140000000 ---p 00000000 00:00 0 
7fc1d0000000-7fc1d0047000 rw-p 00000000 00:00 0 
7fc1d0047000-7fc1d4000000 ---p 00000000 00:00 0 
7fc1d4000000-7fc1d4032000 rw-p 00000000 00:00 0 
7fc1d4032000-7fc1d8000000 ---p 00000000 00:00 0 
7fc1d8000000-7fc1d8c4c000 rw-p 00000000 00:00 0 
7fc1d8c4c000-7fc1dc000000 ---p 00000000 00:00 0 
7fc1dffff000-7fc1e4000000 rw-s 00000000 00:14 56910                      /run/shm/pulse-shm-736249901
7fc1e4000000-7fc1e4064000 rw-p 00000000 00:00 0 
7fc1e4064000-7fc1e8000000 ---p 00000000 00:00 0 
7fc1e8000000-7fc1e8c31000 rw-p 00000000 00:00 0 
7fc1e8c31000-7fc1ec000000 ---p 00000000 00:00 0 
7fc1ec000000-7fc1ec0d6000 rw-p 00000000 00:00 0 
7fc1ec0d6000-7fc1f0000000 ---p 00000000 00:00 0 
7fc1f0000000-7fc1f0c77000 rw-p 00000000 00:00 0 
7fc1f0c77000-7fc1f4000000 ---p 00000000 00:00 0 
7fc1f6fe9000-7fc1f6fea000 ---p 00000000 00:00 0 
7fc1f6fea000-7fc1f70ea000 rw-p 00000000 00:00 0                          [stack:6856]
7fc1f70ea000-7fc1f70eb000 ---p 00000000 00:00 0 
7fc1f70eb000-7fc1f71eb000 rw-p 00000000 00:00 0                          [stack:6855]
7fc1f71eb000-7fc1f71ec000 ---p 00000000 00:00 0 
7fc1f71ec000-7fc1f72ec000 rw-p 00000000 00:00 0                          [stack:6853]
7fc1f72ec000-7fc1f72ef000 ---p 00000000 00:00 0 
7fc1f72ef000-7fc1f73ed000 rw-p 00000000 00:00 0                          [stack:6852]
7fc1f73ed000-7fc1f73ee000 ---p 00000000 00:00 0 
7fc1f73ee000-7fc1f7bee000 rw-p 00000000 00:00 0                          [stack:6845]
7fc1f7bee000-7fc1f7bf7000 r-xp 00000000 08:06 412885                     /usr/lib/vlc/plugins/packetizer/libpacketizer_mpeg4audio_plugin.so
7fc1f7bf7000-7fc1f7df6000 ---p 00009000 08:06 412885                     /usr/lib/vlc/plugins/packetizer/libpacketizer_mpeg4audio_plugin.so
7fc1f7df6000-7fc1f7df7000 r--p 00008000 08:06 412885                     /usr/lib/vlc/plugins/packetizer/libpacketizer_mpeg4audio_plugin.so
7fc1f7df7000-7fc1f7df8000 rw-p 00009000 08:06 412885                     /usr/lib/vlc/plugins/packetizer/libpacketizer_mpeg4audio_plugin.so
7fc1f7df8000-7fc1f7dff000 r-xp 00000000 08:06 412882                     /usr/lib/vlc/plugins/packetizer/libpacketizer_vc1_plugin.so
7fc1f7dff000-7fc1f7ffe000 ---p 00007000 08:06 412882                     /usr/lib/vlc/plugins/packetizer/libpacketizer_vc1_plugin.so
7fc1f7ffe000-7fc1f7fff000 r--p 00006000 08:06 412882                     /usr/lib/vlc/plugins/packetizer/libpacketizer_vc1_plugin.so
7fc1f7fff000-7fc1f8000000 rw-p 00007000 08:06 412882                     /usr/lib/vlc/plugins/packetizer/libpacketizer_vc1_plugin.so
7fc1f8000000-7fc1f804a000 rw-p 00000000 00:00 0 
7fc1f804a000-7fc1fc000000 ---p 00000000 00:00 0 
7fc1fc0c8000-7fc1fc0cb000 ---p 00000000 00:00 0 
7fc1fc0cb000-7fc1fc1c9000 rw-p 00000000 00:00 0                          [stack:6849]
7fc1fc1c9000-7fc1fc1cd000 r-xp 00000000 08:06 412883                     /usr/lib/vlc/plugins/packetizer/libpacketizer_mpegvideo_plugin.so
7fc1fc1cd000-7fc1fc3cc000 ---p 00004000 08:06 412883                     /usr/lib/vlc/plugins/packetizer/libpacketizer_mpegvideo_plugin.so
7fc1fc3cc000-7fc1fc3cd000 r--p 00003000 08:06 412883                     /usr/lib/vlc/plugins/packetizer/libpacketizer_mpegvideo_plugin.so
7fc1fc3cd000-7fc1fc3ce000 rw-p 00004000 08:06 412883                     /usr/lib/vlc/plugins/packetizer/libpacketizer_mpegvideo_plugin.so
7fc1fc3ce000-7fc1fc3d4000 r-xp 00000000 08:06 412884                     /usr/lib/vlc/plugins/packetizer/libpacketizer_dirac_plugin.so
7fc1fc3d4000-7fc1fc5d3000 ---p 00006000 08:06 412884                     /usr/lib/vlc/plugins/packetizer/libpacketizer_dirac_plugin.so
7fc1fc5d3000-7fc1fc5d4000 r--p 00005000 08:06 412884                     /usr/lib/vlc/plugins/packetizer/libpacketizer_dirac_plugin.so
7fc1fc5d4000-7fc1fc5d5000 rw-p 00006000 08:06 412884                     /usr/lib/vlc/plugins/packetizer/libpacketizer_dirac_plugin.so
7fc1fc5d5000-7fc1fc5e4000 r-xp 00000000 08:06 412887                     /usr/lib/vlc/plugins/packetizer/libpacketizer_h264_plugin.so
7fc1fc5e4000-7fc1fc7e3000 ---p 0000f000 08:06 412887                     /usr/lib/vlc/plugins/packetizer/libpacketizer_h264_plugin.so
7fc1fc7e3000-7fc1fc7e4000 r--p 0000e000 08:06 412887                     /usr/lib/vlc/plugins/packetizer/libpacketizer_h264_plugin.so
7fc1fc7e4000-7fc1fc7e5000 rw-p 0000f000 08:06 412887                     /usr/lib/vlc/plugins/packetizer/libpacketizer_h264_plugin.so
7fc1fc7e5000-7fc1fc7e8000 r-xp 00000000 08:06 413073                     /usr/lib/vlc/plugins/codec/libspudec_plugin.so
7fc1fc7e8000-7fc1fc9e7000 ---p 00003000 08:06 413073                     /usr/lib/vlc/plugins/codec/libspudec_plugin.so
7fc1fc9e7000-7fc1fc9e8000 r--p 00002000 08:06 413073                     /usr/lib/vlc/plugins/codec/libspudec_plugin.so
7fc1fc9e8000-7fc1fc9e9000 rw-p 00003000 08:06 413073                     /usr/lib/vlc/plugins/codec/libspudec_plugin.so
7fc1fc9e9000-7fc1fc9ec000 r-xp 00000000 08:06 413077                     /usr/lib/vlc/plugins/codec/libcvdsub_plugin.so
7fc1fc9ec000-7fc1fcbeb000 ---p 00003000 08:06 413077                     /usr/lib/vlc/plugins/codec/libcvdsub_plugin.so
7fc1fcbeb000-7fc1fcbec000 r--p 00002000 08:06 413077                     /usr/lib/vlc/plugins/codec/libcvdsub_plugin.so
7fc1fcbec000-7fc1fcbed000 rw-p 00003000 08:06 413077                     /usr/lib/vlc/plugins/codec/libcvdsub_plugin.so
7fc1fcbed000-7fc1fcbef000 r-xp 00000000 08:06 413062                     /usr/lib/vlc/plugins/codec/libsvcdsub_plugin.so
7fc1fcbef000-7fc1fcdee000 ---p 00002000 08:06 413062                     /usr/lib/vlc/plugins/codec/libsvcdsub_plugin.so
7fc1fcdee000-7fc1fcdef000 r--p 00001000 08:06 413062                     /usr/lib/vlc/plugins/codec/libsvcdsub_plugin.so
7fc1fcdef000-7fc1fcdf0000 rw-p 00002000 08:06 413062                     /usr/lib/vlc/plugins/codec/libsvcdsub_plugin.so
7fc1fcdf0000-7fc1fcdf6000 r-xp 00000000 08:06 413075                     /usr/lib/vlc/plugins/codec/libvorbis_plugin.so
7fc1fcdf6000-7fc1fcff5000 ---p 00006000 08:06 413075                     /usr/lib/vlc/plugins/codec/libvorbis_plugin.so
7fc1fcff5000-7fc1fcff6000 r--p 00005000 08:06 413075                     /usr/lib/vlc/plugins/codec/libvorbis_plugin.so
7fc1fcff6000-7fc1fcff7000 rw-p 00006000 08:06 413075                     /usr/lib/vlc/plugins/codec/libvorbis_plugin.so
7fc1fcff7000-7fc1fcffb000 r-xp 00000000 08:06 413048                     /usr/lib/vlc/plugins/codec/liblpcm_plugin.so
7fc1fcffb000-7fc1fd1fa000 ---p 00004000 08:06 413048                     /usr/lib/vlc/plugins/codec/liblpcm_plugin.so
7fc1fd1fa000-7fc1fd1fb000 r--p 00003000 08:06 413048                     /usr/lib/vlc/plugins/codec/liblpcm_plugin.so
7fc1fd1fb000-7fc1fd1fc000 rw-p 00004000 08:06 413048                     /usr/lib/vlc/plugins/codec/liblpcm_plugin.so
7fc1fd1fc000-7fc1fd1fe000 r-xp 00000000 08:06 413086                     /usr/lib/vlc/plugins/codec/librawvideo_plugin.so
7fc1fd1fe000-7fc1fd3fd000 ---p 00002000 08:06 413086                     /usr/lib/vlc/plugins/codec/librawvideo_plugin.so
7fc1fd3fd000-7fc1fd3fe000 r--p 00001000 08:06 413086                     /usr/lib/vlc/plugins/codec/librawvideo_plugin.so
7fc1fd3fe000-7fc1fd3ff000 rw-p 00002000 08:06 413086                     /usr/lib/vlc/plugins/codec/librawvideo_plugin.so
7fc1fd3ff000-7fc1fd416000 r-xp 00000000 08:06 530954                     /usr/lib/x86_64-linux-gnu/libspeex.so.1.5.0
7fc1fd416000-7fc1fd616000 ---p 00017000 08:06 530954                     /usr/lib/x86_64-linux-gnu/libspeex.so.1.5.0
7fc1fd616000-7fc1fd617000 r--p 00017000 08:06 530954                     /usr/lib/x86_64-linux-gnu/libspeex.so.1.5.0
7fc1fd617000-7fc1fd618000 rw-p 00018000 08:06 530954                     /usr/lib/x86_64-linux-gnu/libspeex.so.1.5.0
7fc1fd618000-7fc1fd61d000 r-xp 00000000 08:06 413052                     /usr/lib/vlc/plugins/codec/libspeex_plugin.so
7fc1fd61d000-7fc1fd81c000 ---p 00005000 08:06 413052                     /usr/lib/vlc/plugins/codec/libspeex_plugin.so
7fc1fd81c000-7fc1fd81d000 r--p 00004000 08:06 413052                     /usr/lib/vlc/plugins/codec/libspeex_plugin.so
7fc1fd81d000-7fc1fd81e000 rw-p 00005000 08:06 413052                     /usr/lib/vlc/plugins/codec/libspeex_plugin.so
7fc1fd81e000-7fc1fd836000 r-xp 00000000 08:06 530994                     /usr/lib/x86_64-linux-gnu/libtheoradec.so.1.1.4
7fc1fd836000-7fc1fda35000 ---p 00018000 08:06 530994                     /usr/lib/x86_64-linux-gnu/libtheoradec.so.1.1.4
7fc1fda35000-7fc1fda36000 r--p 00017000 08:06 530994                     /usr/lib/x86_64-linux-gnu/libtheoradec.so.1.1.4
7fc1fda36000-7fc1fda37000 rw-p 00018000 08:06 530994                     /usr/lib/x86_64-linux-gnu/libtheoradec.so.1.1.4
7fc1fda37000-7fc1fda76000 r-xp 00000000 08:06 530996                     /usr/lib/x86_64-linux-gnu/libtheoraenc.so.1.1.2
7fc1fda76000-7fc1fdc75000 ---p 0003f000 08:06 530996                     /usr/lib/x86_64-linux-gnu/libtheoraenc.so.1.1.2
7fc1fdc75000-7fc1fdc76000 r--p 0003e000 08:06 530996                     /usr/lib/x86_64-linux-gnu/libtheoraenc.so.1.1.2
7fc1fdc76000-7fc1fdc77000 rw-p 0003f000 08:06 530996                     /usr/lib/x86_64-linux-gnu/libtheoraenc.so.1.1.2
7fc1fdc77000-7fc1fdc7c000 r-xp 00000000 08:06 413072                     /usr/lib/vlc/plugins/codec/libtheora_plugin.so
7fc1fdc7c000-7fc1fde7b000 ---p 00005000 08:06 413072                     /usr/lib/vlc/plugins/codec/libtheora_plugin.so
7fc1fde7b000-7fc1fde7c000 r--p 00004000 08:06 413072                     /usr/lib/vlc/plugins/codec/libtheora_plugin.so
7fc1fde7c000-7fc1fde7d000 rw-p 00005000 08:06 413072                     /usr/lib/vlc/plugins/codec/libtheora_plugin.so
7fc1fde7d000-7fc1fde7f000 r-xp 00000000 08:06 413057                     /usr/lib/vlc/plugins/codec/libaes3_plugin.so
7fc1fde7f000-7fc1fe07e000 ---p 00002000 08:06 413057                     /usr/lib/vlc/plugins/codec/libaes3_plugin.so
7fc1fe07e000-7fc1fe07f000 r--p 00001000 08:06 413057                     /usr/lib/vlc/plugins/codec/libaes3_plugin.so
7fc1fe07f000-7fc1fe080000 rw-p 00002000 08:06 413057                     /usr/lib/vlc/plugins/codec/libaes3_plugin.so
7fc1fe080000-7fc1fe09c000 r-xp 00000000 08:06 534371                     /usr/lib/x86_64-linux-gnu/libdvdread.so.4.1.2
7fc1fe09c000-7fc1fe29b000 ---p 0001c000 08:06 534371                     /usr/lib/x86_64-linux-gnu/libdvdread.so.4.1.2
7fc1fe29b000-7fc1fe29c000 r--p 0001b000 08:06 534371                     /usr/lib/x86_64-linux-gnu/libdvdread.so.4.1.2
7fc1fe29c000-7fc1fe29d000 rw-p 0001c000 08:06 534371                     /usr/lib/x86_64-linux-gnu/libdvdread.so.4.1.2
7fc1fe29d000-7fc1fe2b0000 r-xp 00000000 08:06 534374                     /usr/lib/x86_64-linux-gnu/libdvdnav.so.4.1.2
7fc1fe2b0000-7fc1fe4af000 ---p 00013000 08:06 534374                     /usr/lib/x86_64-linux-gnu/libdvdnav.so.4.1.2
7fc1fe4af000-7fc1fe4b0000 r--p 00012000 08:06 534374                     /usr/lib/x86_64-linux-gnu/libdvdnav.so.4.1.2
7fc1fe4b0000-7fc1fe4b1000 rw-p 00013000 08:06 534374                     /usr/lib/x86_64-linux-gnu/libdvdnav.so.4.1.2
7fc1fe4b1000-7fc1fe4bb000 r-xp 00000000 08:06 412999                     /usr/lib/vlc/plugins/access/libdvdnav_plugin.so
7fc1fe4bb000-7fc1fe6ba000 ---p 0000a000 08:06 412999                     /usr/lib/vlc/plugins/access/libdvdnav_plugin.so
7fc1fe6ba000-7fc1fe6bc000 r--p 00009000 08:06 412999                     /usr/lib/vlc/plugins/access/libdvdnav_plugin.so
7fc1fe6bc000-7fc1fe6bd000 rw-p 0000b000 08:06 412999                     /usr/lib/vlc/plugins/access/libdvdnav_plugin.so
7fc1fe6bd000-7fc1fe6d0000 r-xp 00000000 08:06 412996                     /usr/lib/vlc/plugins/access/libaccess_bd_plugin.so
7fc1fe6d0000-7fc1fe8cf000 ---p 00013000 08:06 412996                     /usr/lib/vlc/plugins/access/libaccess_bd_plugin.so
7fc1fe8cf000-7fc1fe8d0000 r--p 00012000 08:06 412996                     /usr/lib/vlc/plugins/access/libaccess_bd_plugin.so
7fc1fe8d0000-7fc1fe8d1000 rw-p 00013000 08:06 412996                     /usr/lib/vlc/plugins/access/libaccess_bd_plugin.so
7fc1fe8d1000-7fc1fe8f2000 r-xp 00000000 08:06 265587                     /lib/x86_64-linux-gnu/liblzma.so.5.0.0
7fc1fe8f2000-7fc1feaf1000 ---p 00021000 08:06 265587                     /lib/x86_64-linux-gnu/liblzma.so.5.0.0
7fc1feaf1000-7fc1feaf2000 r--p 00020000 08:06 265587                     /lib/x86_64-linux-gnu/liblzma.so.5.0.0
7fc1feaf2000-7fc1feaf3000 rw-p 00021000 08:06 265587                     /lib/x86_64-linux-gnu/liblzma.so.5.0.0
7fc1feaf3000-7fc1fec4f000 r-xp 00000000 08:06 522930                     /usr/lib/x86_64-linux-gnu/libxml2.so.2.9.1
7fc1fec4f000-7fc1fee4e000 ---p 0015c000 08:06 522930                     /usr/lib/x86_64-linux-gnu/libxml2.so.2.9.1
7fc1fee4e000-7fc1fee56000 r--p 0015b000 08:06 522930                     /usr/lib/x86_64-linux-gnu/libxml2.so.2.9.1
7fc1fee56000-7fc1fee58000 rw-p 00163000 08:06 522930                     /usr/lib/x86_64-linux-gnu/libxml2.so.2.9.1
7fc1fee58000-7fc1fee59000 rw-p 00000000 00:00 0 
7fc1fee59000-7fc1fee91000 r-xp 00000000 08:06 546064                     /usr/lib/x86_64-linux-gnu/libbluray.so.1.5.0
7fc1fee91000-7fc1ff090000 ---p 00038000 08:06 546064                     /usr/lib/x86_64-linux-gnu/libbluray.so.1.5.0
7fc1ff090000-7fc1ff092000 r--p 00037000 08:06 546064                     /usr/lib/x86_64-linux-gnu/libbluray.so.1.5.0
7fc1ff092000-7fc1ff093000 rw-p 00039000 08:06 546064                     /usr/lib/x86_64-linux-gnu/libbluray.so.1.5.0
7fc1ff093000-7fc1ff0c2000 r-xp 00000000 08:06 530691                     /usr/lib/x86_64-linux-gnu/liblua5.2.so.0.0.0
7fc1ff0c2000-7fc1ff2c1000 ---p 0002f000 08:06 530691                     /usr/lib/x86_64-linux-gnu/liblua5.2.so.0.0.0
7fc1ff2c1000-7fc1ff2c3000 r--p 0002e000 08:06 530691                     /usr/lib/x86_64-linux-gnu/liblua5.2.so.0.0.0
7fc1ff2c3000-7fc1ff2c4000 rw-p 00030000 08:06 530691                     /usr/lib/x86_64-linux-gnu/liblua5.2.so.0.0.0
7fc1ff2c4000-7fc1ff2e9000 r-xp 00000000 08:06 412769                     /usr/lib/vlc/plugins/lua/liblua_plugin.so
7fc1ff2e9000-7fc1ff4e8000 ---p 00025000 08:06 412769                     /usr/lib/vlc/plugins/lua/liblua_plugin.so
7fc1ff4e8000-7fc1ff4ea000 r--p 00024000 08:06 412769                     /usr/lib/vlc/plugins/lua/liblua_plugin.so
7fc1ff4ea000-7fc1ff4eb000 rw-p 00026000 08:06 412769                     /usr/lib/vlc/plugins/lua/liblua_plugin.so
7fc1ff4eb000-7fc1ff5bc000 r-xp 00000000 08:06 530970                     /usr/lib/x86_64-linux-gnu/libtag.so.1.14.0
7fc1ff5bc000-7fc1ff7bc000 ---p 000d1000 08:06 530970                     /usr/lib/x86_64-linux-gnu/libtag.so.1.14.0
7fc1ff7bc000-7fc1ff7c1000 r--p 000d1000 08:06 530970                     /usr/lib/x86_64-linux-gnu/libtag.so.1.14.0
7fc1ff7c1000-7fc1ff7c2000 rw-p 000d6000 08:06 530970                     /usr/lib/x86_64-linux-gnu/libtag.so.1.14.0
7fc1ff7c2000-7fc1ff7d2000 r-xp 00000000 08:06 412976                     /usr/lib/vlc/plugins/meta_engine/libtaglib_plugin.so
7fc1ff7d2000-7fc1ff9d2000 ---p 00010000 08:06 412976                     /usr/lib/vlc/plugins/meta_engine/libtaglib_plugin.so
7fc1ff9d2000-7fc1ff9d3000 r--p 00010000 08:06 412976                     /usr/lib/vlc/plugins/meta_engine/libtaglib_plugin.so
7fc1ff9d3000-7fc1ff9d4000 rw-p 00011000 08:06 412976                     /usr/lib/vlc/plugins/meta_engine/libtaglib_plugin.so
7fc1ff9d4000-7fc1ff9f5000 r-xp 00000000 08:06 412824                     /usr/lib/vlc/plugins/demux/libmp4_plugin.so
7fc1ff9f5000-7fc1ffbf5000 ---p 00021000 08:06 412824                     /usr/lib/vlc/plugins/demux/libmp4_plugin.so
7fc1ffbf5000-7fc1ffbf7000 r--p 00021000 08:06 412824                     /usr/lib/vlc/plugins/demux/libmp4_plugin.so
7fc1ffbf7000-7fc1ffbf8000 rw-p 00023000 08:06 412824                     /usr/lib/vlc/plugins/demux/libmp4_plugin.so
7fc1ffbf8000-7fc1ffbfa000 r-xp 00000000 08:06 413046                     /usr/lib/vlc/plugins/stream_filter/librecord_plugin.so
7fc1ffbfa000-7fc1ffdf9000 ---p 00002000 08:06 413046                     /usr/lib/vlc/plugins/stream_filter/librecord_plugin.so
7fc1ffdf9000-7fc1ffdfa000 r--p 00001000 08:06 413046                     /usr/lib/vlc/plugins/stream_filter/librecord_plugin.so
7fc1ffdfa000-7fc1ffdfb000 rw-p 00002000 08:06 413046                     /usr/lib/vlc/plugins/stream_filter/librecord_plugin.so
7fc1ffdfb000-7fc1ffdfe000 r-xp 00000000 08:06 413006                     /usr/lib/vlc/plugins/access/libstream_filter_rar_plugin.so
7fc1ffdfe000-7fc1ffffd000 ---p 00003000 08:06 413006                     /usr/lib/vlc/plugins/access/libstream_filter_rar_plugin.so
7fc1ffffd000-7fc1ffffe000 r--p 00002000 08:06 413006                     /usr/lib/vlc/plugins/access/libstream_filter_rar_plugin.so
7fc1ffffe000-7fc1fffff000 rw-p 00003000 08:06 413006                     /usr/lib/vlc/plugins/access/libstream_filter_rar_plugin.so
7fc1fffff000-7fc204000000 rw-s 00000000 00:14 54010                      /run/shm/pulse-shm-4236310775
7fc204000000-7fc204021000 rw-p 00000000 00:00 0 
7fc204021000-7fc208000000 ---p 00000000 00:00 0 
7fc20808d000-7fc20808e000 ---p 00000000 00:00 0 
7fc20808e000-7fc20818e000 rw-p 00000000 00:00 0                          [stack:6790]
7fc20818e000-7fc208195000 r-xp 00000000 08:06 413001                     /usr/lib/vlc/plugins/access/libzip_plugin.so
7fc208195000-7fc208395000 ---p 00007000 08:06 413001                     /usr/lib/vlc/plugins/access/libzip_plugin.so
7fc208395000-7fc208396000 r--p 00007000 08:06 413001                     /usr/lib/vlc/plugins/access/libzip_plugin.so
7fc208396000-7fc208397000 rw-p 00008000 08:06 413001                     /usr/lib/vlc/plugins/access/libzip_plugin.so
7fc208397000-7fc2083bf000 r-xp 00000000 08:06 413045                     /usr/lib/vlc/plugins/stream_filter/libdash_plugin.so
7fc2083bf000-7fc2085be000 ---p 00028000 08:06 413045                     /usr/lib/vlc/plugins/stream_filter/libdash_plugin.so
7fc2085be000-7fc2085c0000 r--p 00027000 08:06 413045                     /usr/lib/vlc/plugins/stream_filter/libdash_plugin.so
7fc2085c0000-7fc2085c1000 rw-p 00029000 08:06 413045                     /usr/lib/vlc/plugins/stream_filter/libdash_plugin.so
7fc2085c1000-7fc2085c4000 r-xp 00000000 08:06 413042                     /usr/lib/vlc/plugins/stream_filter/libdecomp_plugin.so
7fc2085c4000-7fc2087c3000 ---p 00003000 08:06 413042                     /usr/lib/vlc/plugins/stream_filter/libdecomp_plugin.so
7fc2087c3000-7fc2087c4000 r--p 00002000 08:06 413042                     /usr/lib/vlc/plugins/stream_filter/libdecomp_plugin.so
7fc2087c4000-7fc2087c5000 rw-p 00003000 08:06 413042                     /usr/lib/vlc/plugins/stream_filter/libdecomp_plugin.so
7fc2087c5000-7fc2087cf000 r-xp 00000000 08:06 413044                     /usr/lib/vlc/plugins/stream_filter/libhttplive_plugin.so
7fc2087cf000-7fc2089ce000 ---p 0000a000 08:06 413044                     /usr/lib/vlc/plugins/stream_filter/libhttplive_plugin.so
7fc2089ce000-7fc2089cf000 r--p 00009000 08:06 413044                     /usr/lib/vlc/plugins/stream_filter/libhttplive_plugin.so
7fc2089cf000-7fc2089d0000 rw-p 0000a000 08:06 413044                     /usr/lib/vlc/plugins/stream_filter/libhttplive_plugin.so
7fc2089d0000-7fc2089d8000 r-xp 00000000 08:06 413043                     /usr/lib/vlc/plugins/stream_filter/libsmooth_plugin.so
7fc2089d8000-7fc208bd7000 ---p 00008000 08:06 413043                     /usr/lib/vlc/plugins/stream_filter/libsmooth_plugin.so
7fc208bd7000-7fc208bd8000 r--p 00007000 08:06 413043                     /usr/lib/vlc/plugins/stream_filter/libsmooth_plugin.so
7fc208bd8000-7fc208bd9000 rw-p 00008000 08:06 413043                     /usr/lib/vlc/plugins/stream_filter/libsmooth_plugin.so
7fc208c8b000-7fc208c8c000 ---p 00000000 00:00 0 
7fc208c8c000-7fc208d8c000 rw-p 00000000 00:00 0                          [stack:6789]
7fc208d8c000-7fc208d92000 r-xp 00000000 08:06 412982                     /usr/lib/vlc/plugins/access/liblibbluray_plugin.so
7fc208d92000-7fc208f91000 ---p 00006000 08:06 412982                     /usr/lib/vlc/plugins/access/liblibbluray_plugin.so
7fc208f91000-7fc208f92000 r--p 00005000 08:06 412982                     /usr/lib/vlc/plugins/access/liblibbluray_plugin.so
7fc208f92000-7fc208f93000 rw-p 00006000 08:06 412982                     /usr/lib/vlc/plugins/access/liblibbluray_plugin.so
7fc208f93000-7fc208f94000 ---p 00000000 00:00 0 
7fc208f94000-7fc209094000 rw-p 00000000 00:00 0                          [stack:6788]
7fc209094000-7fc2090ae000 r-xp 00000000 08:06 546068                     /usr/lib/x86_64-linux-gnu/libdvbpsi.so.8.0.0
7fc2090ae000-7fc2092ad000 ---p 0001a000 08:06 546068                     /usr/lib/x86_64-linux-gnu/libdvbpsi.so.8.0.0
7fc2092ad000-7fc2092ae000 r--p 00019000 08:06 546068                     /usr/lib/x86_64-linux-gnu/libdvbpsi.so.8.0.0
7fc2092ae000-7fc2092af000 rw-p 0001a000 08:06 546068                     /usr/lib/x86_64-linux-gnu/libdvbpsi.so.8.0.0
7fc2092af000-7fc2092c2000 r-xp 00000000 08:06 413029                     /usr/lib/vlc/plugins/mux/libmux_ts_plugin.so
7fc2092c2000-7fc2094c1000 ---p 00013000 08:06 413029                     /usr/lib/vlc/plugins/mux/libmux_ts_plugin.so
7fc2094c1000-7fc2094c2000 r--p 00012000 08:06 413029                     /usr/lib/vlc/plugins/mux/libmux_ts_plugin.so
7fc2094c2000-7fc2094c3000 rw-p 00013000 08:06 413029                     /usr/lib/vlc/plugins/mux/libmux_ts_plugin.so
7fc2094c3000-7fc2094d8000 r-xp 00000000 08:06 412901                     /usr/lib/vlc/plugins/stream_out/libstream_out_rtp_plugin.so
7fc2094d8000-7fc2096d7000 ---p 00015000 08:06 412901                     /usr/lib/vlc/plugins/stream_out/libstream_out_rtp_plugin.so
7fc2096d7000-7fc2096d8000 r--p 00014000 08:06 412901                     /usr/lib/vlc/plugins/stream_out/libstream_out_rtp_plugin.so
7fc2096d8000-7fc2096d9000 rw-p 00015000 08:06 412901                     /usr/lib/vlc/plugins/stream_out/libstream_out_rtp_plugin.so
7fc2096d9000-7fc2096dc000 ---p 00000000 00:00 0 
7fc2096dc000-7fc2097da000 rw-p 00000000 00:00 0                          [stack:6787]
7fc2097da000-7fc2097de000 r-xp 00000000 08:06 413010                     /usr/lib/vlc/plugins/access/libfilesystem_plugin.so
7fc2097de000-7fc2099dd000 ---p 00004000 08:06 413010                     /usr/lib/vlc/plugins/access/libfilesystem_plugin.so
7fc2099dd000-7fc2099de000 r--p 00003000 08:06 413010                     /usr/lib/vlc/plugins/access/libfilesystem_plugin.so
7fc2099de000-7fc2099df000 rw-p 00004000 08:06 413010                     /usr/lib/vlc/plugins/access/libfilesystem_plugin.so
7fc2099df000-7fc2099e3000 r-xp 00000000 08:06 412985                     /usr/lib/vlc/plugins/access/libaccess_vdr_plugin.so
7fc2099e3000-7fc209be3000 ---p 00004000 08:06 412985                     /usr/lib/vlc/plugins/access/libaccess_vdr_plugin.so
7fc209be3000-7fc209be4000 r--p 00004000 08:06 412985                     /usr/lib/vlc/plugins/access/libaccess_vdr_plugin.so
7fc209be4000-7fc209be5000 rw-p 00005000 08:06 412985                     /usr/lib/vlc/plugins/access/libaccess_vdr_plugin.so
7fc209be5000-7fc209be8000 ---p 00000000 00:00 0 
7fc209be8000-7fc209ce6000 rw-p 00000000 00:00 0                          [stack:6844]
7fc209ce6000-7fc209ce7000 ---p 00000000 00:00 0 
7fc209ce7000-7fc209de7000 rw-p 00000000 00:00 0                          [stack:6784]
7fc209de7000-7fc209de8000 ---p 00000000 00:00 0 
7fc209de8000-7fc20a5e8000 rw-p 00000000 00:00 0                          [stack:6783]
7fc20a5e8000-7fc20a5ee000 r-xp 00000000 08:06 413128                     /usr/lib/vlc/plugins/audio_output/libpulse_plugin.so
7fc20a5ee000-7fc20a7ed000 ---p 00006000 08:06 413128                     /usr/lib/vlc/plugins/audio_output/libpulse_plugin.so
7fc20a7ed000-7fc20a7ee000 r--p 00005000 08:06 413128                     /usr/lib/vlc/plugins/audio_output/libpulse_plugin.so
7fc20a7ee000-7fc20a7ef000 rw-p 00006000 08:06 413128                     /usr/lib/vlc/plugins/audio_output/libpulse_plugin.so
7fc20a7ef000-7fc20a7f3000 r-xp 00000000 08:06 265517                     /lib/x86_64-linux-gnu/libuuid.so.1.3.0
7fc20a7f3000-7fc20a9f2000 ---p 00004000 08:06 265517                     /lib/x86_64-linux-gnu/libuuid.so.1.3.0
7fc20a9f2000-7fc20a9f3000 r--p 00003000 08:06 265517                     /lib/x86_64-linux-gnu/libuuid.so.1.3.0
7fc20a9f3000-7fc20a9f4000 rw-p 00004000 08:06 265517                     /lib/x86_64-linux-gnu/libuuid.so.1.3.0
7fc20a9f4000-7fc20a9fb000 r-xp 00000000 08:06 533781                     /usr/lib/x86_64-linux-gnu/libffi.so.6.0.1
7fc20a9fb000-7fc20abfa000 ---p 00007000 08:06 533781                     /usr/lib/x86_64-linux-gnu/libffi.so.6.0.1
7fc20abfa000-7fc20abfb000 r--p 00006000 08:06 533781                     /usr/lib/x86_64-linux-gnu/libffi.so.6.0.1
7fc20abfb000-7fc20abfc000 rw-p 00007000 08:06 533781                     /usr/lib/x86_64-linux-gnu/libffi.so.6.0.1
7fc20abfc000-7fc20ac39000 r-xp 00000000 08:06 265436                     /lib/x86_64-linux-gnu/libpcre.so.3.13.1
7fc20ac39000-7fc20ae38000 ---p 0003d000 08:06 265436                     /lib/x86_64-linux-gnu/libpcre.so.3.13.1
7fc20ae38000-7fc20ae39000 r--p 0003c000 08:06 265436                     /lib/x86_64-linux-gnu/libpcre.so.3.13.1
7fc20ae39000-7fc20ae3a000 rw-p 0003d000 08:06 265436                     /lib/x86_64-linux-gnu/libpcre.so.3.13.1
7fc20ae3a000-7fc20ae99000 r-xp 00000000 08:06 530103                     /usr/lib/x86_64-linux-gnu/libXt.so.6.0.0
7fc20ae99000-7fc20b099000 ---p 0005f000 08:06 530103                     /usr/lib/x86_64-linux-gnu/libXt.so.6.0.0
7fc20b099000-7fc20b09a000 r--p 0005f000 08:06 530103                     /usr/lib/x86_64-linux-gnu/libXt.so.6.0.0
7fc20b09a000-7fc20b09f000 rw-p 00060000 08:06 530103                     /usr/lib/x86_64-linux-gnu/libXt.so.6.0.0
7fc20b09f000-7fc20b0a0000 rw-p 00000000 00:00 0 
7fc20b0a0000-7fc20b0c7000 r-xp 00000000 08:06 265110                     /lib/x86_64-linux-gnu/libexpat.so.1.6.0
7fc20b0c7000-7fc20b2c7000 ---p 00027000 08:06 265110                     /lib/x86_64-linux-gnu/libexpat.so.1.6.0
7fc20b2c7000-7fc20b2c9000 r--p 00027000 08:06 265110                     /lib/x86_64-linux-gnu/libexpat.so.1.6.0
7fc20b2c9000-7fc20b2ca000 rw-p 00029000 08:06 265110                     /lib/x86_64-linux-gnu/libexpat.so.1.6.0
7fc20b2ca000-7fc20b2e1000 r-xp 00000000 08:06 529934                     /usr/lib/x86_64-linux-gnu/libICE.so.6.3.0
7fc20b2e1000-7fc20b4e0000 ---p 00017000 08:06 529934                     /usr/lib/x86_64-linux-gnu/libICE.so.6.3.0
7fc20b4e0000-7fc20b4e1000 r--p 00016000 08:06 529934                     /usr/lib/x86_64-linux-gnu/libICE.so.6.3.0
7fc20b4e1000-7fc20b4e2000 rw-p 00017000 08:06 529934                     /usr/lib/x86_64-linux-gnu/libICE.so.6.3.0
7fc20b4e2000-7fc20b4e6000 rw-p 00000000 00:00 0 
7fc20b4e6000-7fc20b4ed000 r-xp 00000000 08:06 530056                     /usr/lib/x86_64-linux-gnu/libSM.so.6.0.1
7fc20b4ed000-7fc20b6ec000 ---p 00007000 08:06 530056                     /usr/lib/x86_64-linux-gnu/libSM.so.6.0.1
7fc20b6ec000-7fc20b6ed000 r--p 00006000 08:06 530056                     /usr/lib/x86_64-linux-gnu/libSM.so.6.0.1
7fc20b6ed000-7fc20b6ee000 rw-p 00007000 08:06 530056                     /usr/lib/x86_64-linux-gnu/libSM.so.6.0.1
7fc20b6ee000-7fc20b73d000 r-xp 00000000 08:06 530475                     /usr/lib/x86_64-linux-gnu/libgobject-2.0.so.0.4002.0
7fc20b73d000-7fc20b93d000 ---p 0004f000 08:06 530475                     /usr/lib/x86_64-linux-gnu/libgobject-2.0.so.0.4002.0
7fc20b93d000-7fc20b93e000 r--p 0004f000 08:06 530475                     /usr/lib/x86_64-linux-gnu/libgobject-2.0.so.0.4002.0
7fc20b93e000-7fc20b93f000 rw-p 00050000 08:06 530475                     /usr/lib/x86_64-linux-gnu/libgobject-2.0.so.0.4002.0
7fc20b93f000-7fc20b9dc000 r-xp 00000000 08:06 539648                     /usr/lib/x86_64-linux-gnu/libfreetype.so.6.11.1
7fc20b9dc000-7fc20bbdb000 ---p 0009d000 08:06 539648                     /usr/lib/x86_64-linux-gnu/libfreetype.so.6.11.1
7fc20bbdb000-7fc20bbe1000 r--p 0009c000 08:06 539648                     /usr/lib/x86_64-linux-gnu/libfreetype.so.6.11.1
7fc20bbe1000-7fc20bbe2000 rw-p 000a2000 08:06 539648                     /usr/lib/x86_64-linux-gnu/libfreetype.so.6.11.1
7fc20bbe2000-7fc20bbfa000 r-xp 00000000 08:06 265703                     /lib/x86_64-linux-gnu/libz.so.1.2.8
7fc20bbfa000-7fc20bdf9000 ---p 00018000 08:06 265703                     /lib/x86_64-linux-gnu/libz.so.1.2.8
7fc20bdf9000-7fc20bdfa000 r--p 00017000 08:06 265703                     /lib/x86_64-linux-gnu/libz.so.1.2.8
7fc20bdfa000-7fc20bdfb000 rw-p 00018000 08:06 265703                     /lib/x86_64-linux-gnu/libz.so.1.2.8
7fc20bdfb000-7fc20be20000 r-xp 00000000 08:06 265552                     /lib/x86_64-linux-gnu/libpng12.so.0.50.0
7fc20be20000-7fc20c01f000 ---p 00025000 08:06 265552                     /lib/x86_64-linux-gnu/libpng12.so.0.50.0
7fc20c01f000-7fc20c020000 r--p 00024000 08:06 265552                     /lib/x86_64-linux-gnu/libpng12.so.0.50.0
7fc20c020000-7fc20c021000 rw-p 00025000 08:06 265552                     /lib/x86_64-linux-gnu/libpng12.so.0.50.0
7fc20c021000-7fc20c127000 r-xp 00000000 08:06 265571                     /lib/x86_64-linux-gnu/libglib-2.0.so.0.4002.0
7fc20c127000-7fc20c326000 ---p 00106000 08:06 265571                     /lib/x86_64-linux-gnu/libglib-2.0.so.0.4002.0
7fc20c326000-7fc20c327000 r--p 00105000 08:06 265571                     /lib/x86_64-linux-gnu/libglib-2.0.so.0.4002.0
7fc20c327000-7fc20c328000 rw-p 00106000 08:06 265571                     /lib/x86_64-linux-gnu/libglib-2.0.so.0.4002.0
7fc20c328000-7fc20c329000 rw-p 00000000 00:00 0 
7fc20c329000-7fc20c340000 r-xp 00000000 08:06 530166                     /usr/lib/x86_64-linux-gnu/libaudio.so.2.4
7fc20c340000-7fc20c53f000 ---p 00017000 08:06 530166                     /usr/lib/x86_64-linux-gnu/libaudio.so.2.4
7fc20c53f000-7fc20c540000 r--p 00016000 08:06 530166                     /usr/lib/x86_64-linux-gnu/libaudio.so.2.4
7fc20c540000-7fc20c541000 rw-p 00017000 08:06 530166                     /usr/lib/x86_64-linux-gnu/libaudio.so.2.4
7fc20c541000-7fc20c57b000 r-xp 00000000 08:06 530360                     /usr/lib/x86_64-linux-gnu/libfontconfig.so.1.8.0
7fc20c57b000-7fc20c77a000 ---p 0003a000 08:06 530360                     /usr/lib/x86_64-linux-gnu/libfontconfig.so.1.8.0
7fc20c77a000-7fc20c77c000 r--p 00039000 08:06 530360                     /usr/lib/x86_64-linux-gnu/libfontconfig.so.1.8.0
7fc20c77c000-7fc20c77d000 rw-p 0003b000 08:06 530360                     /usr/lib/x86_64-linux-gnu/libfontconfig.so.1.8.0
7fc20c77d000-7fc20d1e3000 r-xp 00000000 08:06 522879                     /usr/lib/x86_64-linux-gnu/libQtGui.so.4.8.6
7fc20d1e3000-7fc20d3e3000 ---p 00a66000 08:06 522879                     /usr/lib/x86_64-linux-gnu/libQtGui.so.4.8.6
7fc20d3e3000-7fc20d425000 r--p 00a66000 08:06 522879                     /usr/lib/x86_64-linux-gnu/libQtGui.so.4.8.6
7fc20d425000-7fc20d42c000 rw-p 00aa8000 08:06 522879                     /usr/lib/x86_64-linux-gnu/libQtGui.so.4.8.6
7fc20d42c000-7fc20d430000 rw-p 00000000 00:00 0 
7fc20d430000-7fc20d433000 r-xp 00000000 08:06 530850                     /usr/lib/x86_64-linux-gnu/libpulse-simple.so.0.0.4
7fc20d433000-7fc20d632000 ---p 00003000 08:06 530850                     /usr/lib/x86_64-linux-gnu/libpulse-simple.so.0.0.4
7fc20d632000-7fc20d633000 r--p 00002000 08:06 530850                     /usr/lib/x86_64-linux-gnu/libpulse-simple.so.0.0.4
7fc20d633000-7fc20d634000 rw-p 00003000 08:06 530850                     /usr/lib/x86_64-linux-gnu/libpulse-simple.so.0.0.4
7fc20d6bb000-7fc20d993000 r-xp 00000000 08:06 530043                     /usr/lib/x86_64-linux-gnu/libQtCore.so.4.8.6
7fc20d993000-7fc20db93000 ---p 002d8000 08:06 530043                     /usr/lib/x86_64-linux-gnu/libQtCore.so.4.8.6
7fc20db93000-7fc20db9e000 r--p 002d8000 08:06 530043                     /usr/lib/x86_64-linux-gnu/libQtCore.so.4.8.6
7fc20db9e000-7fc20db9f000 rw-p 002e3000 08:06 530043                     /usr/lib/x86_64-linux-gnu/libQtCore.so.4.8.6
7fc20db9f000-7fc20dba0000 rw-p 00000000 00:00 0 
7fc20dba0000-7fc20de02000 r-xp 00000000 08:06 413116                     /usr/lib/vlc/plugins/gui/libqt4_plugin.so
7fc20de02000-7fc20e001000 ---p 00262000 08:06 413116                     /usr/lib/vlc/plugins/gui/libqt4_plugin.so
7fc20e001000-7fc20e01a000 r--p 00261000 08:06 413116                     /usr/lib/vlc/plugins/gui/libqt4_plugin.so
7fc20e01a000-7fc20e01e000 rw-p 0027a000 08:06 413116                     /usr/lib/vlc/plugins/gui/libqt4_plugin.so
7fc20e01e000-7fc20e024000 r-xp 00000000 08:06 546092                     /usr/lib/x86_64-linux-gnu/libxcb-xv.so.0.0.0
7fc20e024000-7fc20e223000 ---p 00006000 08:06 546092                     /usr/lib/x86_64-linux-gnu/libxcb-xv.so.0.0.0
7fc20e223000-7fc20e224000 r--p 00005000 08:06 546092                     /usr/lib/x86_64-linux-gnu/libxcb-xv.so.0.0.0
7fc20e224000-7fc20e225000 rw-p 00006000 08:06 546092                     /usr/lib/x86_64-linux-gnu/libxcb-xv.so.0.0.0
7fc20e225000-7fc20e22c000 r-xp 00000000 08:06 413105                     /usr/lib/vlc/plugins/video_output/libxcb_xv_plugin.so
7fc20e22c000-7fc20e42b000 ---p 00007000 08:06 413105                     /usr/lib/vlc/plugins/video_output/libxcb_xv_plugin.so
7fc20e42b000-7fc20e42c000 r--p 00006000 08:06 413105                     /usr/lib/vlc/plugins/video_output/libxcb_xv_plugin.so
7fc20e42c000-7fc20e42d000 rw-p 00007000 08:06 413105                     /usr/lib/vlc/plugins/video_output/libxcb_xv_plugin.so
7fc20e42d000-7fc20e4b0000 r-xp 00000000 08:06 526635                     /usr/lib/x86_64-linux-gnu/libdirac_encoder.so.0.1.0
7fc20e4b0000-7fc20e6af000 ---p 00083000 08:06 526635                     /usr/lib/x86_64-linux-gnu/libdirac_encoder.so.0.1.0
7fc20e6af000-7fc20e6b2000 r--p 00082000 08:06 526635                     /usr/lib/x86_64-linux-gnu/libdirac_encoder.so.0.1.0
7fc20e6b2000-7fc20e6b3000 rw-p 00085000 08:06 526635                     /usr/lib/x86_64-linux-gnu/libdirac_encoder.so.0.1.0
7fc20e6b3000-7fc20e6b4000 rw-p 00000000 00:00 0 
7fc20e6b7000-7fc20e6b9000 r-xp 00000000 08:06 531122                     /usr/lib/x86_64-linux-gnu/libxcb-shm.so.0.0.0
7fc20e6b9000-7fc20e8b8000 ---p 00002000 08:06 531122                     /usr/lib/x86_64-linux-gnu/libxcb-shm.so.0.0.0
7fc20e8b8000-7fc20e8b9000 r--p 00001000 08:06 531122                     /usr/lib/x86_64-linux-gnu/libxcb-shm.so.0.0.0
7fc20e8b9000-7fc20e8ba000 rw-p 00002000 08:06 531122                     /usr/lib/x86_64-linux-gnu/libxcb-shm.so.0.0.0
7fc20e8ba000-7fc20e8c2000 r-xp 00000000 08:06 265602                     /lib/x86_64-linux-gnu/libnih-dbus.so.1.0.0
7fc20e8c2000-7fc20eac2000 ---p 00008000 08:06 265602                     /lib/x86_64-linux-gnu/libnih-dbus.so.1.0.0
7fc20eac2000-7fc20eac3000 r--p 00008000 08:06 265602                     /lib/x86_64-linux-gnu/libnih-dbus.so.1.0.0
7fc20eac3000-7fc20eac4000 rw-p 00009000 08:06 265602                     /lib/x86_64-linux-gnu/libnih-dbus.so.1.0.0
7fc20eac4000-7fc20eadb000 r-xp 00000000 08:06 265604                     /lib/x86_64-linux-gnu/libnih.so.1.0.0
7fc20eadb000-7fc20ecda000 ---p 00017000 08:06 265604                     /lib/x86_64-linux-gnu/libnih.so.1.0.0
7fc20ecda000-7fc20ecdb000 r--p 00016000 08:06 265604                     /lib/x86_64-linux-gnu/libnih.so.1.0.0
7fc20ecdb000-7fc20ecdc000 rw-p 00017000 08:06 265604                     /lib/x86_64-linux-gnu/libnih.so.1.0.0
7fc20ecdc000-7fc20ecf5000 r-xp 00000000 08:06 265465                     /lib/x86_64-linux-gnu/libcgmanager.so.0.0.0
7fc20ecf5000-7fc20eef4000 ---p 00019000 08:06 265465                     /lib/x86_64-linux-gnu/libcgmanager.so.0.0.0
7fc20eef4000-7fc20eef6000 r--p 00018000 08:06 265465                     /lib/x86_64-linux-gnu/libcgmanager.so.0.0.0
7fc20eef6000-7fc20eef7000 rw-p 0001a000 08:06 265465                     /lib/x86_64-linux-gnu/libcgmanager.so.0.0.0
7fc20eef7000-7fc20eefb000 r-xp 00000000 08:06 265573                     /lib/x86_64-linux-gnu/libgpg-error.so.0.10.0
7fc20eefb000-7fc20f0fa000 ---p 00004000 08:06 265573                     /lib/x86_64-linux-gnu/libgpg-error.so.0.10.0
7fc20f0fa000-7fc20f0fb000 r--p 00003000 08:06 265573                     /lib/x86_64-linux-gnu/libgpg-error.so.0.10.0
7fc20f0fb000-7fc20f0fc000 rw-p 00004000 08:06 265573                     /lib/x86_64-linux-gnu/libgpg-error.so.0.10.0
7fc20f0fc000-7fc20f10c000 r-xp 00000000 08:06 298110                     /lib/x86_64-linux-gnu/libudev.so.1.3.5
7fc20f10c000-7fc20f30b000 ---p 00010000 08:06 298110                     /lib/x86_64-linux-gnu/libudev.so.1.3.5
7fc20f30b000-7fc20f30c000 r--p 0000f000 08:06 298110                     /lib/x86_64-linux-gnu/libudev.so.1.3.5
7fc20f30c000-7fc20f30d000 rw-p 00010000 08:06 298110                     /lib/x86_64-linux-gnu/libudev.so.1.3.5
7fc20f30d000-7fc20f389000 r-xp 00000000 08:06 265547                     /lib/x86_64-linux-gnu/libgcrypt.so.11.8.2
7fc20f389000-7fc20f589000 ---p 0007c000 08:06 265547                     /lib/x86_64-linux-gnu/libgcrypt.so.11.8.2
7fc20f589000-7fc20f58a000 r--p 0007c000 08:06 265547                     /lib/x86_64-linux-gnu/libgcrypt.so.11.8.2
7fc20f58a000-7fc20f58d000 rw-p 0007d000 08:06 265547                     /lib/x86_64-linux-gnu/libgcrypt.so.11.8.2
7fc20f58d000-7fc20f5e2000 r-xp 00000000 08:06 522616                     /usr/lib/x86_64-linux-gnu/libmtp.so.9.1.0
7fc20f5e2000-7fc20f7e2000 ---p 00055000 08:06 522616                     /usr/lib/x86_64-linux-gnu/libmtp.so.9.1.0
7fc20f7e2000-7fc20f7ea000 r--p 00055000 08:06 522616                     /usr/lib/x86_64-linux-gnu/libmtp.so.9.1.0
7fc20f7ea000-7fc20f7f4000 rw-p 0005d000 08:06 522616                     /usr/lib/x86_64-linux-gnu/libmtp.so.9.1.0
7fc20f7f4000-7fc20f8da000 r-xp 00000000 08:06 524368                     /usr/lib/x86_64-linux-gnu/libstdc++.so.6.0.19
7fc20f8da000-7fc20fad9000 ---p 000e6000 08:06 524368                     /usr/lib/x86_64-linux-gnu/libstdc++.so.6.0.19
7fc20fad9000-7fc20fae1000 r--p 000e5000 08:06 524368                     /usr/lib/x86_64-linux-gnu/libstdc++.so.6.0.19
7fc20fae1000-7fc20fae3000 rw-p 000ed000 08:06 524368                     /usr/lib/x86_64-linux-gnu/libstdc++.so.6.0.19
7fc20fae3000-7fc20faf8000 rw-p 00000000 00:00 0 
7fc20faf9000-7fc20fb0e000 r-xp 00000000 08:06 265694                     /lib/x86_64-linux-gnu/libusb-1.0.so.0.1.0
7fc20fb0e000-7fc20fd0e000 ---p 00015000 08:06 265694                     /lib/x86_64-linux-gnu/libusb-1.0.so.0.1.0
7fc20fd0e000-7fc20fd0f000 r--p 00015000 08:06 265694                     /lib/x86_64-linux-gnu/libusb-1.0.so.0.1.0
7fc20fd0f000-7fc20fd10000 rw-p 00016000 08:06 265694                     /lib/x86_64-linux-gnu/libusb-1.0.so.0.1.0
7fc20fd10000-7fc20fdf9000 r-xp 00000000 08:06 530146                     /usr/lib/x86_64-linux-gnu/libasound.so.2.0.0
7fc20fdf9000-7fc20fff8000 ---p 000e9000 08:06 530146                     /usr/lib/x86_64-linux-gnu/libasound.so.2.0.0
7fc20fff8000-7fc20ffff000 r--p 000e8000 08:06 530146                     /usr/lib/x86_64-linux-gnu/libasound.so.2.0.0
7fc20ffff000-7fc210000000 rw-p 000ef000 08:06 530146                     /usr/lib/x86_64-linux-gnu/libasound.so.2.0.0
7fc210000000-7fc210021000 rw-p 00000000 00:00 0 
7fc210021000-7fc214000000 ---p 00000000 00:00 0 
7fc214000000-7fc214021000 rw-p 00000000 00:00 0 
7fc214021000-7fc218000000 ---p 00000000 00:00 0 
7fc218000000-7fc2183f7000 rw-p 00000000 00:00 0 
7fc2183f7000-7fc21c000000 ---p 00000000 00:00 0 
7fc21c000000-7fc21c021000 rw-p 00000000 00:00 0 
7fc21c021000-7fc220000000 ---p 00000000 00:00 0 
7fc220000000-7fc220021000 rw-p 00000000 00:00 0 
7fc220021000-7fc224000000 ---p 00000000 00:00 0 
7fc224000000-7fc224021000 rw-p 00000000 00:00 0 
7fc224021000-7fc228000000 ---p 00000000 00:00 0 
7fc228000000-7fc228521000 rw-p 00000000 00:00 0 
7fc228521000-7fc22c000000 ---p 00000000 00:00 0 
7fc22c000000-7fc22c23a000 rw-p 00000000 00:00 0 
7fc22c23a000-7fc230000000 ---p 00000000 00:00 0 
7fc230000000-7fc230021000 rw-p 00000000 00:00 0 
7fc230021000-7fc234000000 ---p 00000000 00:00 0 
7fc234000000-7fc235290000 rw-p 00000000 00:00 0 
7fc235290000-7fc238000000 ---p 00000000 00:00 0 
7fc238000000-7fc238021000 rw-p 00000000 00:00 0 
7fc238021000-7fc23c000000 ---p 00000000 00:00 0 
7fc23c000000-7fc23c021000 rw-p 00000000 00:00 0 
7fc23c021000-7fc240000000 ---p 00000000 00:00 0 
7fc240000000-7fc240021000 rw-p 00000000 00:00 0 
7fc240021000-7fc244000000 ---p 00000000 00:00 0 
7fc244000000-7fc244021000 rw-p 00000000 00:00 0 
7fc244021000-7fc248000000 ---p 00000000 00:00 0 
7fc248000000-7fc248021000 rw-p 00000000 00:00 0 
7fc248021000-7fc24c000000 ---p 00000000 00:00 0 
7fc24c003000-7fc24c005000 r-xp 00000000 08:06 412929                     /usr/lib/vlc/plugins/services_discovery/libmtp_plugin.so
7fc24c005000-7fc24c204000 ---p 00002000 08:06 412929                     /usr/lib/vlc/plugins/services_discovery/libmtp_plugin.so
7fc24c204000-7fc24c205000 r--p 00001000 08:06 412929                     /usr/lib/vlc/plugins/services_discovery/libmtp_plugin.so
7fc24c205000-7fc24c206000 rw-p 00002000 08:06 412929                     /usr/lib/vlc/plugins/services_discovery/libmtp_plugin.so
7fc24c206000-7fc24c21d000 r-xp 00000000 08:06 261127                     /lib/x86_64-linux-gnu/libresolv-2.19.so
7fc24c21d000-7fc24c41d000 ---p 00017000 08:06 261127                     /lib/x86_64-linux-gnu/libresolv-2.19.so
7fc24c41d000-7fc24c41e000 r--p 00017000 08:06 261127                     /lib/x86_64-linux-gnu/libresolv-2.19.so
7fc24c41e000-7fc24c41f000 rw-p 00018000 08:06 261127                     /lib/x86_64-linux-gnu/libresolv-2.19.so
7fc24c41f000-7fc24c421000 rw-p 00000000 00:00 0 
7fc24c421000-7fc24c428000 r-xp 00000000 08:06 530783                     /usr/lib/x86_64-linux-gnu/libogg.so.0.8.1
7fc24c428000-7fc24c628000 ---p 00007000 08:06 530783                     /usr/lib/x86_64-linux-gnu/libogg.so.0.8.1
7fc24c628000-7fc24c629000 r--p 00007000 08:06 530783                     /usr/lib/x86_64-linux-gnu/libogg.so.0.8.1
7fc24c629000-7fc24c62a000 rw-p 00008000 08:06 530783                     /usr/lib/x86_64-linux-gnu/libogg.so.0.8.1
7fc24c62a000-7fc24c656000 r-xp 00000000 08:06 531059                     /usr/lib/x86_64-linux-gnu/libvorbis.so.0.4.5
7fc24c656000-7fc24c855000 ---p 0002c000 08:06 531059                     /usr/lib/x86_64-linux-gnu/libvorbis.so.0.4.5
7fc24c855000-7fc24c856000 r--p 0002b000 08:06 531059                     /usr/lib/x86_64-linux-gnu/libvorbis.so.0.4.5
7fc24c856000-7fc24c857000 rw-p 0002c000 08:06 531059                     /usr/lib/x86_64-linux-gnu/libvorbis.so.0.4.5
7fc24c857000-7fc24cb0a000 r-xp 00000000 08:06 531061                     /usr/lib/x86_64-linux-gnu/libvorbisenc.so.2.0.8
7fc24cb0a000-7fc24cd09000 ---p 002b3000 08:06 531061                     /usr/lib/x86_64-linux-gnu/libvorbisenc.so.2.0.8
7fc24cd09000-7fc24cd25000 r--p 002b2000 08:06 531061                     /usr/lib/x86_64-linux-gnu/libvorbisenc.so.2.0.8
7fc24cd25000-7fc24cd26000 rw-p 002ce000 08:06 531061                     /usr/lib/x86_64-linux-gnu/libvorbisenc.so.2.0.8
7fc24cd26000-7fc24cd56000 r-xp 00000000 08:06 529922                     /usr/lib/x86_64-linux-gnu/libFLAC.so.8.3.0
7fc24cd56000-7fc24cf55000 ---p 00030000 08:06 529922                     /usr/lib/x86_64-linux-gnu/libFLAC.so.8.3.0
7fc24cf55000-7fc24cf56000 r--p 0002f000 08:06 529922                     /usr/lib/x86_64-linux-gnu/libFLAC.so.8.3.0
7fc24cf56000-7fc24cf57000 rw-p 00030000 08:06 529922                     /usr/lib/x86_64-linux-gnu/libFLAC.so.8.3.0
7fc24cf57000-7fc24cf5c000 r-xp 00000000 08:06 530154                     /usr/lib/x86_64-linux-gnu/libasyncns.so.0.3.1
7fc24cf5c000-7fc24d15b000 ---p 00005000 08:06 530154                     /usr/lib/x86_64-linux-gnu/libasyncns.so.0.3.1
7fc24d15b000-7fc24d15c000 r--p 00004000 08:06 530154                     /usr/lib/x86_64-linux-gnu/libasyncns.so.0.3.1
7fc24d15c000-7fc24d15d000 rw-p 00005000 08:06 530154                     /usr/lib/x86_64-linux-gnu/libasyncns.so.0.3.1
7fc24d15d000-7fc24d1be000 r-xp 00000000 08:06 530940                     /usr/lib/x86_64-linux-gnu/libsndfile.so.1.0.25
7fc24d1be000-7fc24d3be000 ---p 00061000 08:06 530940                     /usr/lib/x86_64-linux-gnu/libsndfile.so.1.0.25
7fc24d3be000-7fc24d3c0000 r--p 00061000 08:06 530940                     /usr/lib/x86_64-linux-gnu/libsndfile.so.1.0.25
7fc24d3c0000-7fc24d3c1000 rw-p 00063000 08:06 530940                     /usr/lib/x86_64-linux-gnu/libsndfile.so.1.0.25
7fc24d3c1000-7fc24d3c5000 rw-p 00000000 00:00 0 
7fc24d3c5000-7fc24d3cd000 r-xp 00000000 08:06 265700                     /lib/x86_64-linux-gnu/libwrap.so.0.7.6
7fc24d3cd000-7fc24d5cc000 ---p 00008000 08:06 265700                     /lib/x86_64-linux-gnu/libwrap.so.0.7.6
7fc24d5cc000-7fc24d5cd000 r--p 00007000 08:06 265700                     /lib/x86_64-linux-gnu/libwrap.so.0.7.6
7fc24d5cd000-7fc24d5ce000 rw-p 00008000 08:06 265700                     /lib/x86_64-linux-gnu/libwrap.so.0.7.6
7fc24d5ce000-7fc24d5cf000 rw-p 00000000 00:00 0 
7fc24d5cf000-7fc24d635000 r-xp 00000000 08:06 783969                     /usr/lib/x86_64-linux-gnu/pulseaudio/libpulsecommon-4.0.so
7fc24d635000-7fc24d834000 ---p 00066000 08:06 783969                     /usr/lib/x86_64-linux-gnu/pulseaudio/libpulsecommon-4.0.so
7fc24d834000-7fc24d835000 r--p 00065000 08:06 783969                     /usr/lib/x86_64-linux-gnu/pulseaudio/libpulsecommon-4.0.so
7fc24d835000-7fc24d836000 rw-p 00066000 08:06 783969                     /usr/lib/x86_64-linux-gnu/pulseaudio/libpulsecommon-4.0.so
7fc24d836000-7fc24d840000 r-xp 00000000 08:06 265580                     /lib/x86_64-linux-gnu/libjson-c.so.2.0.0
7fc24d840000-7fc24da3f000 ---p 0000a000 08:06 265580                     /lib/x86_64-linux-gnu/libjson-c.so.2.0.0
7fc24da3f000-7fc24da40000 r--p 00009000 08:06 265580                     /lib/x86_64-linux-gnu/libjson-c.so.2.0.0
7fc24da40000-7fc24da41000 rw-p 0000a000 08:06 265580                     /lib/x86_64-linux-gnu/libjson-c.so.2.0.0
7fc24da41000-7fc24da88000 r-xp 00000000 08:06 530852                     /usr/lib/x86_64-linux-gnu/libpulse.so.0.16.2
7fc24da88000-7fc24dc88000 ---p 00047000 08:06 530852                     /usr/lib/x86_64-linux-gnu/libpulse.so.0.16.2
7fc24dc88000-7fc24dc89000 r--p 00047000 08:06 530852                     /usr/lib/x86_64-linux-gnu/libpulse.so.0.16.2
7fc24dc89000-7fc24dc8a000 rw-p 00048000 08:06 530852                     /usr/lib/x86_64-linux-gnu/libpulse.so.0.16.2
7fc24dc8b000-7fc24dc90000 r-xp 00000000 08:06 412892                     /usr/lib/vlc/plugins/audio_output/libalsa_plugin.so
7fc24dc90000-7fc24de8f000 ---p 00005000 08:06 412892                     /usr/lib/vlc/plugins/audio_output/libalsa_plugin.so
7fc24de8f000-7fc24de90000 r--p 00004000 08:06 412892                     /usr/lib/vlc/plugins/audio_output/libalsa_plugin.so
7fc24de90000-7fc24de91000 rw-p 00005000 08:06 412892                     /usr/lib/vlc/plugins/audio_output/libalsa_plugin.so
7fc24de91000-7fc24ded5000 r-xp 00000000 08:06 265554                     /lib/x86_64-linux-gnu/libdbus-1.so.3.7.6
7fc24ded5000-7fc24e0d4000 ---p 00044000 08:06 265554                     /lib/x86_64-linux-gnu/libdbus-1.so.3.7.6
7fc24e0d4000-7fc24e0d5000 r--p 00043000 08:06 265554                     /lib/x86_64-linux-gnu/libdbus-1.so.3.7.6
7fc24e0d5000-7fc24e0d6000 rw-p 00044000 08:06 265554                     /lib/x86_64-linux-gnu/libdbus-1.so.3.7.6
7fc24e0d6000-7fc24e107000 r-xp 00000000 08:06 530638                     /usr/lib/x86_64-linux-gnu/libidn.so.11.6.11
7fc24e107000-7fc24e307000 ---p 00031000 08:06 530638                     /usr/lib/x86_64-linux-gnu/libidn.so.11.6.11
7fc24e307000-7fc24e308000 r--p 00031000 08:06 530638                     /usr/lib/x86_64-linux-gnu/libidn.so.11.6.11
7fc24e308000-7fc24e309000 rw-p 00032000 08:06 530638                     /usr/lib/x86_64-linux-gnu/libidn.so.11.6.11
7fc24e309000-7fc24e3e7000 r-xp 00000000 08:06 412641                     /usr/lib/libvlccore.so.7.0.0
7fc24e3e7000-7fc24e5e7000 ---p 000de000 08:06 412641                     /usr/lib/libvlccore.so.7.0.0
7fc24e5e7000-7fc24e5ea000 r--p 000de000 08:06 412641                     /usr/lib/libvlccore.so.7.0.0
7fc24e5ea000-7fc24e5eb000 rw-p 000e1000 08:06 412641                     /usr/lib/libvlccore.so.7.0.0
7fc24e5eb000-7fc24e605000 r-xp 00000000 08:06 412644                     /usr/lib/libvlc.so.5.4.0
7fc24e605000-7fc24e804000 ---p 0001a000 08:06 412644                     /usr/lib/libvlc.so.5.4.0
7fc24e804000-7fc24e805000 r--p 00019000 08:06 412644                     /usr/lib/libvlc.so.5.4.0
7fc24e805000-7fc24e806000 rw-p 0001a000 08:06 412644                     /usr/lib/libvlc.so.5.4.0
7fc24e806000-7fc24e81d000 r-xp 00000000 08:06 533780                     /tmp/jna-3268048/jna33513774009130465.tmp (deleted)
7fc24e81d000-7fc24e91c000 ---p 00017000 08:06 533780                     /tmp/jna-3268048/jna33513774009130465.tmp (deleted)
7fc24e91c000-7fc24e91e000 rw-p 00016000 08:06 533780                     /tmp/jna-3268048/jna33513774009130465.tmp (deleted)
7fc24e91e000-7fc24e91f000 r-xp 00000000 08:06 414495                     /usr/lib/jvm/java-8-oracle/jre/lib/amd64/libjawt.so
7fc24e91f000-7fc24eb1e000 ---p 00001000 08:06 414495                     /usr/lib/jvm/java-8-oracle/jre/lib/amd64/libjawt.so
7fc24eb1e000-7fc24eb1f000 rw-p 00000000 08:06 414495                     /usr/lib/jvm/java-8-oracle/jre/lib/amd64/libjawt.so
7fc24eb1f000-7fc24eb22000 ---p 00000000 00:00 0 
7fc24eb22000-7fc24ec20000 rw-p 00000000 00:00 0                          [stack:6780]
7fc24ec20000-7fc24ec25000 r-xp 00000000 08:06 522501                     /usr/lib/x86_64-linux-gnu/libXfixes.so.3.1.0
7fc24ec25000-7fc24ee24000 ---p 00005000 08:06 522501                     /usr/lib/x86_64-linux-gnu/libXfixes.so.3.1.0
7fc24ee24000-7fc24ee25000 r--p 00004000 08:06 522501                     /usr/lib/x86_64-linux-gnu/libXfixes.so.3.1.0
7fc24ee25000-7fc24ee26000 rw-p 00005000 08:06 522501                     /usr/lib/x86_64-linux-gnu/libXfixes.so.3.1.0
7fc24ee26000-7fc24ee2f000 r-xp 00000000 08:06 530071                     /usr/lib/x86_64-linux-gnu/libXcursor.so.1.0.2
7fc24ee2f000-7fc24f02e000 ---p 00009000 08:06 530071                     /usr/lib/x86_64-linux-gnu/libXcursor.so.1.0.2
7fc24f02e000-7fc24f02f000 r--p 00008000 08:06 530071                     /usr/lib/x86_64-linux-gnu/libXcursor.so.1.0.2
7fc24f02f000-7fc24f030000 rw-p 00009000 08:06 530071                     /usr/lib/x86_64-linux-gnu/libXcursor.so.1.0.2
7fc24f030000-7fc24f033000 ---p 00000000 00:00 0 
7fc24f033000-7fc24f131000 rw-p 00000000 00:00 0                          [stack:6779]
7fc24f131000-7fc24f147000 r-xp 00000000 08:06 265567                     /lib/x86_64-linux-gnu/libgcc_s.so.1
7fc24f147000-7fc24f346000 ---p 00016000 08:06 265567                     /lib/x86_64-linux-gnu/libgcc_s.so.1
7fc24f346000-7fc24f347000 rw-p 00015000 08:06 265567                     /lib/x86_64-linux-gnu/libgcc_s.so.1
7fc24f347000-7fc24f3ac000 r-xp 00000000 08:06 414526                     /usr/lib/jvm/java-8-oracle/jre/lib/amd64/libfontmanager.so
7fc24f3ac000-7fc24f5ac000 ---p 00065000 08:06 414526                     /usr/lib/jvm/java-8-oracle/jre/lib/amd64/libfontmanager.so
7fc24f5ac000-7fc24f5b0000 rw-p 00065000 08:06 414526                     /usr/lib/jvm/java-8-oracle/jre/lib/amd64/libfontmanager.so
7fc24f5b0000-7fc24f5c1000 rw-p 00000000 00:00 0 
7fc24f5c1000-7fc24f5c6000 r-xp 00000000 08:06 530075                     /usr/lib/x86_64-linux-gnu/libXdmcp.so.6.0.0
7fc24f5c6000-7fc24f7c5000 ---p 00005000 08:06 530075                     /usr/lib/x86_64-linux-gnu/libXdmcp.so.6.0.0
7fc24f7c5000-7fc24f7c6000 r--p 00004000 08:06 530075                     /usr/lib/x86_64-linux-gnu/libXdmcp.so.6.0.0
7fc24f7c6000-7fc24f7c7000 rw-p 00005000 08:06 530075                     /usr/lib/x86_64-linux-gnu/libXdmcp.so.6.0.0
7fc24f7c7000-7fc24f7c9000 r-xp 00000000 08:06 530064                     /usr/lib/x86_64-linux-gnu/libXau.so.6.0.0
7fc24f7c9000-7fc24f9c9000 ---p 00002000 08:06 530064                     /usr/lib/x86_64-linux-gnu/libXau.so.6.0.0
7fc24f9c9000-7fc24f9ca000 r--p 00002000 08:06 530064                     /usr/lib/x86_64-linux-gnu/libXau.so.6.0.0
7fc24f9ca000-7fc24f9cb000 rw-p 00003000 08:06 530064                     /usr/lib/x86_64-linux-gnu/libXau.so.6.0.0
7fc24f9cb000-7fc24f9e8000 r-xp 00000000 08:06 531132                     /usr/lib/x86_64-linux-gnu/libxcb.so.1.1.0
7fc24f9e8000-7fc24fbe8000 ---p 0001d000 08:06 531132                     /usr/lib/x86_64-linux-gnu/libxcb.so.1.1.0
7fc24fbe8000-7fc24fbe9000 r--p 0001d000 08:06 531132                     /usr/lib/x86_64-linux-gnu/libxcb.so.1.1.0
7fc24fbe9000-7fc24fbea000 rw-p 0001e000 08:06 531132                     /usr/lib/x86_64-linux-gnu/libxcb.so.1.1.0
7fc24fbea000-7fc24fbf9000 r-xp 00000000 08:06 522608                     /usr/lib/x86_64-linux-gnu/libXi.so.6.1.0
7fc24fbf9000-7fc24fdf8000 ---p 0000f000 08:06 522608                     /usr/lib/x86_64-linux-gnu/libXi.so.6.1.0
7fc24fdf8000-7fc24fdf9000 r--p 0000e000 08:06 522608                     /usr/lib/x86_64-linux-gnu/libXi.so.6.1.0
7fc24fdf9000-7fc24fdfa000 rw-p 0000f000 08:06 522608                     /usr/lib/x86_64-linux-gnu/libXi.so.6.1.0
7fc24fdfa000-7fc24fdff000 r-xp 00000000 08:06 530105                     /usr/lib/x86_64-linux-gnu/libXtst.so.6.1.0
7fc24fdff000-7fc24fffe000 ---p 00005000 08:06 530105                     /usr/lib/x86_64-linux-gnu/libXtst.so.6.1.0
7fc24fffe000-7fc24ffff000 r--p 00004000 08:06 530105                     /usr/lib/x86_64-linux-gnu/libXtst.so.6.1.0
7fc24ffff000-7fc250000000 rw-p 00005000 08:06 530105                     /usr/lib/x86_64-linux-gnu/libXtst.so.6.1.0
7fc250000000-7fc250021000 rw-p 00000000 00:00 0 
7fc250021000-7fc254000000 ---p 00000000 00:00 0 
7fc254084000-7fc254087000 ---p 00000000 00:00 0 
7fc254087000-7fc2540bd000 rw-p 00000000 00:00 0                          [stack:6782]
7fc2540bd000-7fc2540c6000 r-xp 00000000 08:06 522612                     /usr/lib/x86_64-linux-gnu/libXrender.so.1.3.0
7fc2540c6000-7fc2542c5000 ---p 00009000 08:06 522612                     /usr/lib/x86_64-linux-gnu/libXrender.so.1.3.0
7fc2542c5000-7fc2542c6000 r--p 00008000 08:06 522612                     /usr/lib/x86_64-linux-gnu/libXrender.so.1.3.0
7fc2542c6000-7fc2542c7000 rw-p 00009000 08:06 522612                     /usr/lib/x86_64-linux-gnu/libXrender.so.1.3.0
7fc2542c7000-7fc2543f7000 r-xp 00000000 08:06 530060                     /usr/lib/x86_64-linux-gnu/libX11.so.6.3.0
7fc2543f7000-7fc2545f7000 ---p 00130000 08:06 530060                     /usr/lib/x86_64-linux-gnu/libX11.so.6.3.0
7fc2545f7000-7fc2545f8000 r--p 00130000 08:06 530060                     /usr/lib/x86_64-linux-gnu/libX11.so.6.3.0
7fc2545f8000-7fc2545fc000 rw-p 00131000 08:06 530060                     /usr/lib/x86_64-linux-gnu/libX11.so.6.3.0
7fc2545fc000-7fc25460d000 r-xp 00000000 08:06 522564                     /usr/lib/x86_64-linux-gnu/libXext.so.6.4.0
7fc25460d000-7fc25480c000 ---p 00011000 08:06 522564                     /usr/lib/x86_64-linux-gnu/libXext.so.6.4.0
7fc25480c000-7fc25480d000 r--p 00010000 08:06 522564                     /usr/lib/x86_64-linux-gnu/libXext.so.6.4.0
7fc25480d000-7fc25480e000 rw-p 00011000 08:06 522564                     /usr/lib/x86_64-linux-gnu/libXext.so.6.4.0
7fc25482f000-7fc254883000 r-xp 00000000 08:06 414472                     /usr/lib/jvm/java-8-oracle/jre/lib/amd64/libawt_xawt.so
7fc254883000-7fc254a83000 ---p 00054000 08:06 414472                     /usr/lib/jvm/java-8-oracle/jre/lib/amd64/libawt_xawt.so
7fc254a83000-7fc254a87000 rw-p 00054000 08:06 414472                     /usr/lib/jvm/java-8-oracle/jre/lib/amd64/libawt_xawt.so
7fc254a87000-7fc254a88000 rw-p 00000000 00:00 0 
7fc254a88000-7fc254b2a000 r-xp 00000000 08:06 414471                     /usr/lib/jvm/java-8-oracle/jre/lib/amd64/libawt.so
7fc254b2a000-7fc254d2a000 ---p 000a2000 08:06 414471                     /usr/lib/jvm/java-8-oracle/jre/lib/amd64/libawt.so
7fc254d2a000-7fc254d36000 rw-p 000a2000 08:06 414471                     /usr/lib/jvm/java-8-oracle/jre/lib/amd64/libawt.so
7fc254d36000-7fc254d5a000 rw-p 00000000 00:00 0 
7fc254d5a000-7fc254d5d000 ---p 00000000 00:00 0 
7fc254d5d000-7fc254e8c000 rw-p 00000000 00:00 0                          [stack:6847]
7fc254e8c000-7fc254ea2000 r-xp 00000000 08:06 414527                     /usr/lib/jvm/java-8-oracle/jre/lib/amd64/libnet.so
7fc254ea2000-7fc2550a2000 ---p 00016000 08:06 414527                     /usr/lib/jvm/java-8-oracle/jre/lib/amd64/libnet.so
7fc2550a2000-7fc2550a3000 rw-p 00016000 08:06 414527                     /usr/lib/jvm/java-8-oracle/jre/lib/amd64/libnet.so
7fc2550a3000-7fc2550a4000 ---p 00000000 00:00 0 
7fc2550a4000-7fc2551a4000 rw-p 00000000 00:00 0                          [stack:6744]
7fc2551a4000-7fc2551a7000 ---p 00000000 00:00 0 
7fc2551a7000-7fc2552a5000 rw-p 00000000 00:00 0                          [stack:6743]
7fc2552a5000-7fc2552a8000 ---p 00000000 00:00 0 
7fc2552a8000-7fc2553a6000 rw-p 00000000 00:00 0                          [stack:6742]
7fc2553a6000-7fc2553a9000 ---p 00000000 00:00 0 
7fc2553a9000-7fc2554a7000 rw-p 00000000 00:00 0                          [stack:6741]
7fc2554a7000-7fc2554aa000 ---p 00000000 00:00 0 
7fc2554aa000-7fc2555a8000 rw-p 00000000 00:00 0                          [stack:6740]
7fc2555a8000-7fc2555ab000 ---p 00000000 00:00 0 
7fc2555ab000-7fc2556a9000 rw-p 00000000 00:00 0                          [stack:6739]
7fc2556a9000-7fc255dcc000 r--p 00000000 08:06 397847                     /usr/lib/locale/locale-archive
7fc255dcc000-7fc255dcf000 ---p 00000000 00:00 0 
7fc255dcf000-7fc255ecd000 rw-p 00000000 00:00 0                          [stack:6738]
7fc255ecd000-7fc255ed0000 ---p 00000000 00:00 0 
7fc255ed0000-7fc255fce000 rw-p 00000000 00:00 0                          [stack:6737]
7fc255fce000-7fc255fcf000 ---p 00000000 00:00 0 
7fc255fcf000-7fc258000000 rw-p 00000000 00:00 0                          [stack:6736]
7fc258000000-7fc258021000 rw-p 00000000 00:00 0 
7fc258021000-7fc25c000000 ---p 00000000 00:00 0 
7fc25c012000-7fc25c019000 r--s 00000000 08:06 671514                     /usr/lib/x86_64-linux-gnu/gconv/gconv-modules.cache
7fc25c019000-7fc25ce27000 rw-p 00000000 00:00 0 
7fc25ce27000-7fc25d000000 r--s 03d20000 08:06 414457                     /usr/lib/jvm/java-8-oracle/jre/lib/rt.jar
7fc25d000000-7fc25d3a0000 rwxp 00000000 00:00 0 
7fc25d3a0000-7fc26c000000 ---p 00000000 00:00 0 
7fc26c000000-7fc26c0f8000 rw-p 00000000 00:00 0 
7fc26c0f8000-7fc270000000 ---p 00000000 00:00 0 
7fc270004000-7fc270009000 r--s 00096000 08:06 414462                     /usr/lib/jvm/java-8-oracle/jre/lib/jsse.jar
7fc270009000-7fc270018000 r--s 00115000 08:07 2097400                    /home/jony/.m2/repository/net/java/dev/jna/platform/3.5.2/platform-3.5.2.jar
7fc270018000-7fc270024000 r--s 00057000 08:07 2097396                    /home/jony/.m2/repository/uk/co/caprica/vlcj/3.9.0/vlcj-3.9.0.jar
7fc270024000-7fc2708ff000 rw-p 00000000 00:00 0 
7fc2708ff000-7fc27093f000 ---p 00000000 00:00 0 
7fc27093f000-7fc270b22000 rw-p 00000000 00:00 0 
7fc270b22000-7fc270b23000 ---p 00000000 00:00 0 
7fc270b23000-7fc270c23000 rw-p 00000000 00:00 0                          [stack:6735]
7fc270c23000-7fc270c24000 ---p 00000000 00:00 0 
7fc270c24000-7fc270d24000 rw-p 00000000 00:00 0                          [stack:6734]
7fc270d24000-7fc270d25000 ---p 00000000 00:00 0 
7fc270d25000-7fc270e25000 rw-p 00000000 00:00 0                          [stack:6733]
7fc270e25000-7fc270e26000 ---p 00000000 00:00 0 
7fc270e26000-7fc270f3b000 rw-p 00000000 00:00 0                          [stack:6732]
7fc270f3b000-7fc271068000 ---p 00000000 00:00 0 
7fc271068000-7fc27107d000 rw-p 00000000 00:00 0 
7fc27107d000-7fc2711aa000 ---p 00000000 00:00 0 
7fc2711aa000-7fc2711b5000 rw-p 00000000 00:00 0 
7fc2711b5000-7fc27124b000 ---p 00000000 00:00 0 
7fc27124b000-7fc27125b000 rw-p 00000000 00:00 0 
7fc27125b000-7fc27160c000 ---p 00000000 00:00 0 
7fc27160c000-7fc271626000 r-xp 00000000 08:06 414518                     /usr/lib/jvm/java-8-oracle/jre/lib/amd64/libzip.so
7fc271626000-7fc271826000 ---p 0001a000 08:06 414518                     /usr/lib/jvm/java-8-oracle/jre/lib/amd64/libzip.so
7fc271826000-7fc271827000 rw-p 0001a000 08:06 414518                     /usr/lib/jvm/java-8-oracle/jre/lib/amd64/libzip.so
7fc271827000-7fc271832000 r-xp 00000000 08:06 261141                     /lib/x86_64-linux-gnu/libnss_files-2.19.so
7fc271832000-7fc271a31000 ---p 0000b000 08:06 261141                     /lib/x86_64-linux-gnu/libnss_files-2.19.so
7fc271a31000-7fc271a32000 r--p 0000a000 08:06 261141                     /lib/x86_64-linux-gnu/libnss_files-2.19.so
7fc271a32000-7fc271a33000 rw-p 0000b000 08:06 261141                     /lib/x86_64-linux-gnu/libnss_files-2.19.so
7fc271a33000-7fc271a3e000 r-xp 00000000 08:06 265432                     /lib/x86_64-linux-gnu/libnss_nis-2.19.so
7fc271a3e000-7fc271c3d000 ---p 0000b000 08:06 265432                     /lib/x86_64-linux-gnu/libnss_nis-2.19.so
7fc271c3d000-7fc271c3e000 r--p 0000a000 08:06 265432                     /lib/x86_64-linux-gnu/libnss_nis-2.19.so
7fc271c3e000-7fc271c3f000 rw-p 0000b000 08:06 265432                     /lib/x86_64-linux-gnu/libnss_nis-2.19.so
7fc271c3f000-7fc271c56000 r-xp 00000000 08:06 261216                     /lib/x86_64-linux-gnu/libnsl-2.19.so
7fc271c56000-7fc271e55000 ---p 00017000 08:06 261216                     /lib/x86_64-linux-gnu/libnsl-2.19.so
7fc271e55000-7fc271e56000 r--p 00016000 08:06 261216                     /lib/x86_64-linux-gnu/libnsl-2.19.so
7fc271e56000-7fc271e57000 rw-p 00017000 08:06 261216                     /lib/x86_64-linux-gnu/libnsl-2.19.so
7fc271e57000-7fc271e59000 rw-p 00000000 00:00 0 
7fc271e59000-7fc271e62000 r-xp 00000000 08:06 261215                     /lib/x86_64-linux-gnu/libnss_compat-2.19.so
7fc271e62000-7fc272061000 ---p 00009000 08:06 261215                     /lib/x86_64-linux-gnu/libnss_compat-2.19.so
7fc272061000-7fc272062000 r--p 00008000 08:06 261215                     /lib/x86_64-linux-gnu/libnss_compat-2.19.so
7fc272062000-7fc272063000 rw-p 00009000 08:06 261215                     /lib/x86_64-linux-gnu/libnss_compat-2.19.so
7fc272063000-7fc27208d000 r-xp 00000000 08:06 414479                     /usr/lib/jvm/java-8-oracle/jre/lib/amd64/libjava.so
7fc27208d000-7fc27228d000 ---p 0002a000 08:06 414479                     /usr/lib/jvm/java-8-oracle/jre/lib/amd64/libjava.so
7fc27228d000-7fc27228f000 rw-p 0002a000 08:06 414479                     /usr/lib/jvm/java-8-oracle/jre/lib/amd64/libjava.so
7fc27228f000-7fc27229c000 r-xp 00000000 08:06 414470                     /usr/lib/jvm/java-8-oracle/jre/lib/amd64/libverify.so
7fc27229c000-7fc27249c000 ---p 0000d000 08:06 414470                     /usr/lib/jvm/java-8-oracle/jre/lib/amd64/libverify.so
7fc27249c000-7fc27249e000 rw-p 0000d000 08:06 414470                     /usr/lib/jvm/java-8-oracle/jre/lib/amd64/libverify.so
7fc27249e000-7fc2724a5000 r-xp 00000000 08:06 261224                     /lib/x86_64-linux-gnu/librt-2.19.so
7fc2724a5000-7fc2726a4000 ---p 00007000 08:06 261224                     /lib/x86_64-linux-gnu/librt-2.19.so
7fc2726a4000-7fc2726a5000 r--p 00006000 08:06 261224                     /lib/x86_64-linux-gnu/librt-2.19.so
7fc2726a5000-7fc2726a6000 rw-p 00007000 08:06 261224                     /lib/x86_64-linux-gnu/librt-2.19.so
7fc2726a6000-7fc2727ab000 r-xp 00000000 08:06 261137                     /lib/x86_64-linux-gnu/libm-2.19.so
7fc2727ab000-7fc2729aa000 ---p 00105000 08:06 261137                     /lib/x86_64-linux-gnu/libm-2.19.so
7fc2729aa000-7fc2729ab000 r--p 00104000 08:06 261137                     /lib/x86_64-linux-gnu/libm-2.19.so
7fc2729ab000-7fc2729ac000 rw-p 00105000 08:06 261137                     /lib/x86_64-linux-gnu/libm-2.19.so
7fc2729ac000-7fc27366a000 r-xp 00000000 08:06 414502                     /usr/lib/jvm/java-8-oracle/jre/lib/amd64/server/libjvm.so
7fc27366a000-7fc273869000 ---p 00cbe000 08:06 414502                     /usr/lib/jvm/java-8-oracle/jre/lib/amd64/server/libjvm.so
7fc273869000-7fc273942000 rw-p 00cbd000 08:06 414502                     /usr/lib/jvm/java-8-oracle/jre/lib/amd64/server/libjvm.so
7fc273942000-7fc273986000 rw-p 00000000 00:00 0 
7fc273986000-7fc273b41000 r-xp 00000000 08:06 261221                     /lib/x86_64-linux-gnu/libc-2.19.so
7fc273b41000-7fc273d40000 ---p 001bb000 08:06 261221                     /lib/x86_64-linux-gnu/libc-2.19.so
7fc273d40000-7fc273d44000 r--p 001ba000 08:06 261221                     /lib/x86_64-linux-gnu/libc-2.19.so
7fc273d44000-7fc273d46000 rw-p 001be000 08:06 261221                     /lib/x86_64-linux-gnu/libc-2.19.so
7fc273d46000-7fc273d4b000 rw-p 00000000 00:00 0 
7fc273d4b000-7fc273d4e000 r-xp 00000000 08:06 261152                     /lib/x86_64-linux-gnu/libdl-2.19.so
7fc273d4e000-7fc273f4d000 ---p 00003000 08:06 261152                     /lib/x86_64-linux-gnu/libdl-2.19.so
7fc273f4d000-7fc273f4e000 r--p 00002000 08:06 261152                     /lib/x86_64-linux-gnu/libdl-2.19.so
7fc273f4e000-7fc273f4f000 rw-p 00003000 08:06 261152                     /lib/x86_64-linux-gnu/libdl-2.19.so
7fc273f4f000-7fc273f64000 r-xp 00000000 08:06 413769                     /usr/lib/jvm/java-8-oracle/lib/amd64/jli/libjli.so
7fc273f64000-7fc274164000 ---p 00015000 08:06 413769                     /usr/lib/jvm/java-8-oracle/lib/amd64/jli/libjli.so
7fc274164000-7fc274165000 rw-p 00015000 08:06 413769                     /usr/lib/jvm/java-8-oracle/lib/amd64/jli/libjli.so
7fc274165000-7fc27417e000 r-xp 00000000 08:06 261222                     /lib/x86_64-linux-gnu/libpthread-2.19.so
7fc27417e000-7fc27437d000 ---p 00019000 08:06 261222                     /lib/x86_64-linux-gnu/libpthread-2.19.so
7fc27437d000-7fc27437e000 r--p 00018000 08:06 261222                     /lib/x86_64-linux-gnu/libpthread-2.19.so
7fc27437e000-7fc27437f000 rw-p 00019000 08:06 261222                     /lib/x86_64-linux-gnu/libpthread-2.19.so
7fc27437f000-7fc274383000 rw-p 00000000 00:00 0 
7fc274383000-7fc2743a6000 r-xp 00000000 08:06 261218                     /lib/x86_64-linux-gnu/ld-2.19.so
7fc2743a7000-7fc2743ab000 r--s 00112000 08:07 2359896                    /home/jony/.m2/repository/net/java/dev/jna/jna/4.2.1/jna-4.2.1.jar
7fc2743ab000-7fc27447d000 rw-p 00000000 00:00 0 
7fc27447d000-7fc274480000 ---p 00000000 00:00 0 
7fc274480000-7fc274582000 rw-p 00000000 00:00 0                          [stack:6731]
7fc274583000-7fc274584000 rwxp 00000000 00:00 0 
7fc274584000-7fc274585000 r--s 00002000 08:07 1322282                    /home/jony/.m2/repository/org/slf4j/slf4j-simple/1.7.12/slf4j-simple-1.7.12.jar
7fc274585000-7fc274586000 r--s 00007000 08:07 8522705                    /home/jony/.m2/repository/org/slf4j/slf4j-api/1.7.10/slf4j-api-1.7.10.jar
7fc274586000-7fc274599000 rw-p 00000000 00:00 0 
7fc274599000-7fc2745a1000 rw-s 00000000 08:06 530346                     /tmp/hsperfdata_jony/6725
7fc2745a1000-7fc2745a2000 rw-p 00000000 00:00 0 
7fc2745a2000-7fc2745a3000 r--p 00000000 00:00 0 
7fc2745a3000-7fc2745a5000 rw-p 00000000 00:00 0 
7fc2745a5000-7fc2745a6000 r--p 00022000 08:06 261218                     /lib/x86_64-linux-gnu/ld-2.19.so
7fc2745a6000-7fc2745a7000 rw-p 00023000 08:06 261218                     /lib/x86_64-linux-gnu/ld-2.19.so
7fc2745a7000-7fc2745a8000 rw-p 00000000 00:00 0 
7fff9f79c000-7fff9f7bd000 rw-p 00000000 00:00 0                          [stack]
7fff9f7e3000-7fff9f7e5000 r-xp 00000000 00:00 0                          [vdso]
7fff9f7e5000-7fff9f7e7000 r--p 00000000 00:00 0                          [vvar]
ffffffffff600000-ffffffffff601000 r-xp 00000000 00:00 0                  [vsyscall]

VM Arguments:
jvm_args: -Dfile.encoding=UTF-8 
java_command: com.movieCart.server.ServerManager
java_class_path (initial): /home/jony/MovieCart/movieCart/target/classes:/home/jony/.m2/repository/uk/co/caprica/vlcj/3.9.0/vlcj-3.9.0.jar:/home/jony/.m2/repository/org/slf4j/slf4j-api/1.7.10/slf4j-api-1.7.10.jar:/home/jony/.m2/repository/net/java/dev/jna/platform/3.5.2/platform-3.5.2.jar:/home/jony/.m2/repository/net/java/dev/jna/jna/4.2.1/jna-4.2.1.jar:/home/jony/.m2/repository/org/slf4j/slf4j-simple/1.7.12/slf4j-simple-1.7.12.jar
Launcher Type: SUN_STANDARD

Environment Variables:
JAVA_HOME=/usr/lib/jvm/java-8-oracle
PATH=/home/jony/sys161/bin:/home/jony/sys161/tools/bin:/home/jony/bin:/usr/local/sbin:/usr/local/bin:/usr/sbin:/usr/bin:/sbin:/bin:/usr/games:/usr/local/games:/usr/lib/jvm/java-8-oracle/bin:/usr/lib/jvm/java-8-oracle/db/bin:/usr/lib/jvm/java-8-oracle/jre/bin
SHELL=/bin/bash
DISPLAY=:0

Signal Handlers:
SIGSEGV: [libjvm.so+0xaba2a0], sa_mask[0]=11111111011111111101111111111110, sa_flags=SA_RESTART|SA_SIGINFO
SIGBUS: [libjvm.so+0xaba2a0], sa_mask[0]=11111111011111111101111111111110, sa_flags=SA_RESTART|SA_SIGINFO
SIGFPE: [libjvm.so+0x917710], sa_mask[0]=11111111011111111101111111111110, sa_flags=SA_RESTART|SA_SIGINFO
SIGPIPE: [libjvm.so+0x917710], sa_mask[0]=11111111011111111101111111111110, sa_flags=SA_RESTART|SA_SIGINFO
SIGXFSZ: [libjvm.so+0x917710], sa_mask[0]=11111111011111111101111111111110, sa_flags=SA_RESTART|SA_SIGINFO
SIGILL: [libjvm.so+0x917710], sa_mask[0]=11111111011111111101111111111110, sa_flags=SA_RESTART|SA_SIGINFO
SIGUSR1: SIG_DFL, sa_mask[0]=00000000000000000000000000000000, sa_flags=none
SIGUSR2: [libjvm.so+0x918d40], sa_mask[0]=00100000000000000000000000000000, sa_flags=SA_RESTART|SA_SIGINFO
SIGHUP: [libjvm.so+0x91a140], sa_mask[0]=11111111011111111101111111111110, sa_flags=SA_RESTART|SA_SIGINFO
SIGINT: [libjvm.so+0x91a140], sa_mask[0]=11111111011111111101111111111110, sa_flags=SA_RESTART|SA_SIGINFO
SIGTERM: [libjvm.so+0x91a140], sa_mask[0]=11111111011111111101111111111110, sa_flags=SA_RESTART|SA_SIGINFO
SIGQUIT: [libjvm.so+0x91a140], sa_mask[0]=11111111011111111101111111111110, sa_flags=SA_RESTART|SA_SIGINFO


---------------  S Y S T E M  ---------------

OS:DISTRIB_ID=Ubuntu
DISTRIB_RELEASE=14.04
DISTRIB_CODENAME=trusty
DISTRIB_DESCRIPTION="Ubuntu 14.04.3 LTS"

uname:Linux 3.16.0-53-generic #72~14.04.1-Ubuntu SMP Fri Nov 6 18:17:23 UTC 2015 x86_64
libc:glibc 2.19 NPTL 2.19 
rlimit: STACK 8192k, CORE 0k, NPROC 15360, NOFILE 4096, AS infinity
load average:1.41 0.91 0.72

/proc/meminfo:
MemTotal:        3953704 kB
MemFree:          536688 kB
MemAvailable:    1274396 kB
Buffers:          242276 kB
Cached:           772952 kB
SwapCached:         6480 kB
Active:          2457696 kB
Inactive:         595288 kB
Active(anon):    2028632 kB
Inactive(anon):   242224 kB
Active(file):     429064 kB
Inactive(file):   353064 kB
Unevictable:         104 kB
Mlocked:             104 kB
SwapTotal:       9764860 kB
SwapFree:        9685804 kB
Dirty:               336 kB
Writeback:             0 kB
AnonPages:       2033368 kB
Mapped:           469876 kB
Shmem:            233100 kB
Slab:             240520 kB
SReclaimable:     208984 kB
SUnreclaim:        31536 kB
KernelStack:       11248 kB
PageTables:        40492 kB
NFS_Unstable:          0 kB
Bounce:                0 kB
WritebackTmp:          0 kB
CommitLimit:    11741712 kB
Committed_AS:    5892464 kB
VmallocTotal:   34359738367 kB
VmallocUsed:      361972 kB
VmallocChunk:   34359357632 kB
HardwareCorrupted:     0 kB
AnonHugePages:   1189888 kB
HugePages_Total:       0
HugePages_Free:        0
HugePages_Rsvd:        0
HugePages_Surp:        0
Hugepagesize:       2048 kB
DirectMap4k:       80544 kB
DirectMap2M:     4020224 kB


CPU:total 4 (2 cores per cpu, 2 threads per core) family 6 model 42 stepping 7, cmov, cx8, fxsr, mmx, sse, sse2, sse3, ssse3, sse4.1, sse4.2, popcnt, avx, aes, clmul, ht, tsc, tscinvbit

/proc/cpuinfo:
processor	: 0
vendor_id	: GenuineIntel
cpu family	: 6
model		: 42
model name	: Intel(R) Core(TM) i5-2430M CPU @ 2.40GHz
stepping	: 7
microcode	: 0x1a
cpu MHz		: 2691.843
cache size	: 3072 KB
physical id	: 0
siblings	: 4
core id		: 0
cpu cores	: 2
apicid		: 0
initial apicid	: 0
fpu		: yes
fpu_exception	: yes
cpuid level	: 13
wp		: yes
flags		: fpu vme de pse tsc msr pae mce cx8 apic sep mtrr pge mca cmov pat pse36 clflush dts acpi mmx fxsr sse sse2 ss ht tm pbe syscall nx rdtscp lm constant_tsc arch_perfmon pebs bts rep_good nopl xtopology nonstop_tsc aperfmperf eagerfpu pni pclmulqdq dtes64 monitor ds_cpl vmx est tm2 ssse3 cx16 xtpr pdcm pcid sse4_1 sse4_2 x2apic popcnt tsc_deadline_timer aes xsave avx lahf_lm ida arat epb xsaveopt pln pts dtherm tpr_shadow vnmi flexpriority ept vpid
bogomips	: 4789.32
clflush size	: 64
cache_alignment	: 64
address sizes	: 36 bits physical, 48 bits virtual
power management:

processor	: 1
vendor_id	: GenuineIntel
cpu family	: 6
model		: 42
model name	: Intel(R) Core(TM) i5-2430M CPU @ 2.40GHz
stepping	: 7
microcode	: 0x1a
cpu MHz		: 2591.156
cache size	: 3072 KB
physical id	: 0
siblings	: 4
core id		: 1
cpu cores	: 2
apicid		: 2
initial apicid	: 2
fpu		: yes
fpu_exception	: yes
cpuid level	: 13
wp		: yes
flags		: fpu vme de pse tsc msr pae mce cx8 apic sep mtrr pge mca cmov pat pse36 clflush dts acpi mmx fxsr sse sse2 ss ht tm pbe syscall nx rdtscp lm constant_tsc arch_perfmon pebs bts rep_good nopl xtopology nonstop_tsc aperfmperf eagerfpu pni pclmulqdq dtes64 monitor ds_cpl vmx est tm2 ssse3 cx16 xtpr pdcm pcid sse4_1 sse4_2 x2apic popcnt tsc_deadline_timer aes xsave avx lahf_lm ida arat epb xsaveopt pln pts dtherm tpr_shadow vnmi flexpriority ept vpid
bogomips	: 4789.32
clflush size	: 64
cache_alignment	: 64
address sizes	: 36 bits physical, 48 bits virtual
power management:

processor	: 2
vendor_id	: GenuineIntel
cpu family	: 6
model		: 42
model name	: Intel(R) Core(TM) i5-2430M CPU @ 2.40GHz
stepping	: 7
microcode	: 0x1a
cpu MHz		: 2652.656
cache size	: 3072 KB
physical id	: 0
siblings	: 4
core id		: 0
cpu cores	: 2
apicid		: 1
initial apicid	: 1
fpu		: yes
fpu_exception	: yes
cpuid level	: 13
wp		: yes
flags		: fpu vme de pse tsc msr pae mce cx8 apic sep mtrr pge mca cmov pat pse36 clflush dts acpi mmx fxsr sse sse2 ss ht tm pbe syscall nx rdtscp lm constant_tsc arch_perfmon pebs bts rep_good nopl xtopology nonstop_tsc aperfmperf eagerfpu pni pclmulqdq dtes64 monitor ds_cpl vmx est tm2 ssse3 cx16 xtpr pdcm pcid sse4_1 sse4_2 x2apic popcnt tsc_deadline_timer aes xsave avx lahf_lm ida arat epb xsaveopt pln pts dtherm tpr_shadow vnmi flexpriority ept vpid
bogomips	: 4789.32
clflush size	: 64
cache_alignment	: 64
address sizes	: 36 bits physical, 48 bits virtual
power management:

processor	: 3
vendor_id	: GenuineIntel
cpu family	: 6
model		: 42
model name	: Intel(R) Core(TM) i5-2430M CPU @ 2.40GHz
stepping	: 7
microcode	: 0x1a
cpu MHz		: 2682.937
cache size	: 3072 KB
physical id	: 0
siblings	: 4
core id		: 1
cpu cores	: 2
apicid		: 3
initial apicid	: 3
fpu		: yes
fpu_exception	: yes
cpuid level	: 13
wp		: yes
flags		: fpu vme de pse tsc msr pae mce cx8 apic sep mtrr pge mca cmov pat pse36 clflush dts acpi mmx fxsr sse sse2 ss ht tm pbe syscall nx rdtscp lm constant_tsc arch_perfmon pebs bts rep_good nopl xtopology nonstop_tsc aperfmperf eagerfpu pni pclmulqdq dtes64 monitor ds_cpl vmx est tm2 ssse3 cx16 xtpr pdcm pcid sse4_1 sse4_2 x2apic popcnt tsc_deadline_timer aes xsave avx lahf_lm ida arat epb xsaveopt pln pts dtherm tpr_shadow vnmi flexpriority ept vpid
bogomips	: 4789.32
clflush size	: 64
cache_alignment	: 64
address sizes	: 36 bits physical, 48 bits virtual
power management:



Memory: 4k page, physical 3953704k(536688k free), swap 9764860k(9685804k free)

vm_info: Java HotSpot(TM) 64-Bit Server VM (25.66-b17) for linux-amd64 JRE (1.8.0_66-b17), built on Oct  6 2015 17:28:34 by "java_re" with gcc 4.3.0 20080428 (Red Hat 4.3.0-8)

time: Mon Nov 30 16:07:15 2015
elapsed time: 55 seconds (0d 0h 0m 55s)

