#
# A fatal error has been detected by the Java Runtime Environment:
#
#  SIGSEGV (0xb) at pc=0x00007f27d84c0017, pid=7454, tid=139807249147648
#
# JRE version: Java(TM) SE Runtime Environment (8.0_66-b17) (build 1.8.0_66-b17)
# Java VM: Java HotSpot(TM) 64-Bit Server VM (25.66-b17 mixed mode linux-amd64 compressed oops)
# Problematic frame:
# C  0x00007f27d84c0017
#
# Failed to write core dump. Core dumps have been disabled. To enable core dumping, try "ulimit -c unlimited" before starting Java again
#
# If you would like to submit a bug report, please visit:
#   http://bugreport.java.com/bugreport/crash.jsp
#

---------------  T H R E A D  ---------------

Current thread is native thread

siginfo: si_signo: 11 (SIGSEGV), si_code: 1 (SEGV_MAPERR), si_addr: 0x00000000801c0c80

Registers:
RAX=0x00000000801c0c80, RBX=0x000000000000c000, RCX=0x0000000000000000, RDX=0x00007f27801b64c0
RSP=0x00007f27696c1968, RBP=0x00007f27696c19f0, RSI=0x0000000000000000, RDI=0x00007f27696c19f0
R8 =0x0000000000000000, R9 =0x0000000000000003, R10=0x00007f2758c4e940, R11=0x00007f2758c4e960
R12=0x00007f27801b64a0, R13=0x0000000000000001, R14=0x00007f2758c4e940, R15=0x00007f27801b67b0
RIP=0x00007f27d84c0017, EFLAGS=0x0000000000010286, CSGSFS=0x0000000000000033, ERR=0x0000000000000006
  TRAPNO=0x000000000000000e

Top of Stack: (sp=0x00007f27696c1968)
0x00007f27696c1968:   00007f27865be438 00007f27801b64c0
0x00007f27696c1978:   00007f27801c7750 00007f2758c4e940
0x00007f27696c1988:   00007f27801b64e8 0000000000c2999d
0x00007f27696c1998:   00007f27801c77e8 00007f27801adf58
0x00007f27696c19a8:   00007f27696c19f0 00007f27696c19e0
0x00007f27696c19b8:   0000000000000010 0000000000000000
0x00007f27696c19c8:   00007f27865c0c3b 00007f27d80aeceb
0x00007f27696c19d8:   00007f2786306477 00007f273f2b61a7
0x00007f27696c19e8:   00007f2786305d8d 0000000000000123
0x00007f27696c19f8:   00007f27801adf58 00007f273f2b61a7
0x00007f27696c1a08:   00007f2786358a11 00000000000493e0
0x00007f27696c1a18:   00007f27801cd6d0 00007f27801cc870
0x00007f27696c1a28:   00007f27801c77e8 00007f278637cf2e
0x00007f27696c1a38:   00007f278635888f 00007f27801c7760
0x00007f27696c1a48:   00007f27801c7760 00007f27801c7750
0x00007f27696c1a58:   00007f27801cd6d0 f1dfa41b00000001
0x00007f27696c1a68:   000000001b1d9932 0000000000000000
0x00007f27696c1a78:   00007f27801cc870 00007f27801c77e8
0x00007f27696c1a88:   00007f27801c7760 00007f278637cf2e
0x00007f27696c1a98:   0000000000061a12 00007f27801cd590
0x00007f27696c1aa8:   00007f27863595f5 0000000000000004
0x00007f27696c1ab8:   00007f27863742e4 0000000000000010
0x00007f27696c1ac8:   00007f278637cf2e 00007f27801c77e8
0x00007f27696c1ad8:   0000000000000000 00000000039b288e
0x00007f27696c1ae8:   000000000562f652 0000000000061a12
0x00007f27696c1af8:   00007f2786311109 00000000039b288e
0x00007f27696c1b08:   00007f278635f755 00007f27801cd598
0x00007f27696c1b18:   0000000000000000 00007f27801cd590
0x00007f27696c1b28:   00007f278630d045 0000000000001a1b
0x00007f27696c1b38:   3fe56c34eb36c082 00007f275800e470
0x00007f27696c1b48:   0000000000c229d0 00007f275800e4e0
0x00007f27696c1b58:   00007f278631c6f1 00007f2758c10178 

Instructions: (pc=0x00007f27d84c0017)
0x00007f27d84bfff7:   
[error occurred during error reporting (printing registers, top of stack, instructions near pc), id 0xb]

Register to memory mapping:

RAX=0x00000000801c0c80 is an unknown value
RBX=0x000000000000c000 is an unknown value
RCX=0x0000000000000000 is an unknown value
RDX=0x00007f27801b64c0 is an unknown value
RSP=0x00007f27696c1968 is an unknown value
RBP=0x00007f27696c19f0 is an unknown value
RSI=0x0000000000000000 is an unknown value
RDI=0x00007f27696c19f0 is an unknown value
R8 =0x0000000000000000 is an unknown value
R9 =0x0000000000000003 is an unknown value
R10=0x00007f2758c4e940 is an unknown value
R11=0x00007f2758c4e960 is an unknown value
R12=0x00007f27801b64a0 is an unknown value
R13=0x0000000000000001 is an unknown value
R14=0x00007f2758c4e940 is an unknown value
R15=0x00007f27801b67b0 is an unknown value


Stack: [0x00007f27695c2000,0x00007f27696c3000],  sp=0x00007f27696c1968,  free space=1022k
Native frames: (J=compiled Java code, j=interpreted, Vv=VM code, C=native code)
C  0x00007f27d84c0017


---------------  P R O C E S S  ---------------

VM state:not at safepoint (normal execution)

VM Mutex/Monitor currently owned by a thread: None

Heap:
 PSYoungGen      total 18432K, used 2307K [0x00000000ebe00000, 0x00000000ed280000, 0x0000000100000000)
  eden space 15872K, 1% used [0x00000000ebe00000,0x00000000ebe38c28,0x00000000ecd80000)
  from space 2560K, 81% used [0x00000000ed000000,0x00000000ed208010,0x00000000ed280000)
  to   space 2560K, 0% used [0x00000000ecd80000,0x00000000ecd80000,0x00000000ed000000)
 ParOldGen       total 42496K, used 48K [0x00000000c3a00000, 0x00000000c6380000, 0x00000000ebe00000)
  object space 42496K, 0% used [0x00000000c3a00000,0x00000000c3a0c000,0x00000000c6380000)
 Metaspace       used 8486K, capacity 8746K, committed 9088K, reserved 1056768K
  class space    used 949K, capacity 1029K, committed 1152K, reserved 1048576K

Card table byte_map: [0x00007f27d4fa5000,0x00007f27d5189000] byte_map_base: 0x00007f27d4988000

Marking Bits: (ParMarkBitMap*) 0x00007f27d7898020
 Begin Bits: [0x00007f27ba1d0000, 0x00007f27bb0e8000)
 End Bits:   [0x00007f27bb0e8000, 0x00007f27bc000000)

Polling page: 0x00007f27d84df000

CodeCache: size=245760Kb used=3769Kb max_used=3781Kb free=241990Kb
 bounds [0x00007f27c1000000, 0x00007f27c13c0000, 0x00007f27d0000000]
 total_blobs=1380 nmethods=952 adapters=342
 compilation: enabled

Compilation events (10 events):
Event: 61.832 Thread 0x00007f27d00bd000  957   !   3       sun.reflect.GeneratedConstructorAccessor14::newInstance (49 bytes)
Event: 61.834 Thread 0x00007f27d00bd000 nmethod 957 0x00007f27c13afb90 code [0x00007f27c13afd80, 0x00007f27c13b0448]
Event: 61.834 Thread 0x00007f27d00bd000  958   !   3       sun.reflect.GeneratedConstructorAccessor15::newInstance (49 bytes)
Event: 61.835 Thread 0x00007f27d00bd000 nmethod 958 0x00007f27c13b0890 code [0x00007f27c13b0a80, 0x00007f27c13b1148]
Event: 61.835 Thread 0x00007f27d00bd000  959   !   3       sun.reflect.GeneratedConstructorAccessor16::newInstance (49 bytes)
Event: 61.836 Thread 0x00007f27d00bd000 nmethod 959 0x00007f27c13b1590 code [0x00007f27c13b1780, 0x00007f27c13b1e48]
Event: 61.836 Thread 0x00007f27d00bd000  960   !   3       sun.reflect.GeneratedConstructorAccessor17::newInstance (49 bytes)
Event: 61.837 Thread 0x00007f27d00bd000 nmethod 960 0x00007f27c13b2290 code [0x00007f27c13b2480, 0x00007f27c13b2b48]
Event: 66.030 Thread 0x00007f27d00bb000  961       4       com.sun.jna.Structure$StructureSet::contains (15 bytes)
Event: 66.037 Thread 0x00007f27d00bb000 nmethod 961 0x00007f27c1399610 code [0x00007f27c1399760, 0x00007f27c13998d8]

GC Heap History (10 events):
Event: 19.226 GC heap before
{Heap before GC invocations=2 (full 0):
 PSYoungGen      total 18432K, used 17968K [0x00000000ebe00000, 0x00000000ed280000, 0x0000000100000000)
  eden space 15872K, 100% used [0x00000000ebe00000,0x00000000ecd80000,0x00000000ecd80000)
  from space 2560K, 81% used [0x00000000ecd80000,0x00000000ecf8c148,0x00000000ed000000)
  to   space 2560K, 0% used [0x00000000ed000000,0x00000000ed000000,0x00000000ed280000)
 ParOldGen       total 42496K, used 8K [0x00000000c3a00000, 0x00000000c6380000, 0x00000000ebe00000)
  object space 42496K, 0% used [0x00000000c3a00000,0x00000000c3a02000,0x00000000c6380000)
 Metaspace       used 8360K, capacity 8618K, committed 8832K, reserved 1056768K
  class space    used 948K, capacity 1029K, committed 1152K, reserved 1048576K
Event: 19.238 GC heap after
Heap after GC invocations=2 (full 0):
 PSYoungGen      total 18432K, used 1808K [0x00000000ebe00000, 0x00000000ed280000, 0x0000000100000000)
  eden space 15872K, 0% used [0x00000000ebe00000,0x00000000ebe00000,0x00000000ecd80000)
  from space 2560K, 70% used [0x00000000ed000000,0x00000000ed1c4030,0x00000000ed280000)
  to   space 2560K, 0% used [0x00000000ecd80000,0x00000000ecd80000,0x00000000ed000000)
 ParOldGen       total 42496K, used 16K [0x00000000c3a00000, 0x00000000c6380000, 0x00000000ebe00000)
  object space 42496K, 0% used [0x00000000c3a00000,0x00000000c3a04000,0x00000000c6380000)
 Metaspace       used 8360K, capacity 8618K, committed 8832K, reserved 1056768K
  class space    used 948K, capacity 1029K, committed 1152K, reserved 1048576K
}
Event: 33.925 GC heap before
{Heap before GC invocations=3 (full 0):
 PSYoungGen      total 18432K, used 17680K [0x00000000ebe00000, 0x00000000ed280000, 0x0000000100000000)
  eden space 15872K, 100% used [0x00000000ebe00000,0x00000000ecd80000,0x00000000ecd80000)
  from space 2560K, 70% used [0x00000000ed000000,0x00000000ed1c4030,0x00000000ed280000)
  to   space 2560K, 0% used [0x00000000ecd80000,0x00000000ecd80000,0x00000000ed000000)
 ParOldGen       total 42496K, used 16K [0x00000000c3a00000, 0x00000000c6380000, 0x00000000ebe00000)
  object space 42496K, 0% used [0x00000000c3a00000,0x00000000c3a04000,0x00000000c6380000)
 Metaspace       used 8384K, capacity 8618K, committed 8832K, reserved 1056768K
  class space    used 949K, capacity 1029K, committed 1152K, reserved 1048576K
Event: 33.930 GC heap after
Heap after GC invocations=3 (full 0):
 PSYoungGen      total 18432K, used 1808K [0x00000000ebe00000, 0x00000000ed280000, 0x0000000100000000)
  eden space 15872K, 0% used [0x00000000ebe00000,0x00000000ebe00000,0x00000000ecd80000)
  from space 2560K, 70% used [0x00000000ecd80000,0x00000000ecf44010,0x00000000ed000000)
  to   space 2560K, 0% used [0x00000000ed000000,0x00000000ed000000,0x00000000ed280000)
 ParOldGen       total 42496K, used 24K [0x00000000c3a00000, 0x00000000c6380000, 0x00000000ebe00000)
  object space 42496K, 0% used [0x00000000c3a00000,0x00000000c3a06000,0x00000000c6380000)
 Metaspace       used 8384K, capacity 8618K, committed 8832K, reserved 1056768K
  class space    used 949K, capacity 1029K, committed 1152K, reserved 1048576K
}
Event: 48.326 GC heap before
{Heap before GC invocations=4 (full 0):
 PSYoungGen      total 18432K, used 17680K [0x00000000ebe00000, 0x00000000ed280000, 0x0000000100000000)
  eden space 15872K, 100% used [0x00000000ebe00000,0x00000000ecd80000,0x00000000ecd80000)
  from space 2560K, 70% used [0x00000000ecd80000,0x00000000ecf44010,0x00000000ed000000)
  to   space 2560K, 0% used [0x00000000ed000000,0x00000000ed000000,0x00000000ed280000)
 ParOldGen       total 42496K, used 24K [0x00000000c3a00000, 0x00000000c6380000, 0x00000000ebe00000)
  object space 42496K, 0% used [0x00000000c3a00000,0x00000000c3a06000,0x00000000c6380000)
 Metaspace       used 8416K, capacity 8682K, committed 8832K, reserved 1056768K
  class space    used 949K, capacity 1029K, committed 1152K, reserved 1048576K
Event: 48.334 GC heap after
Heap after GC invocations=4 (full 0):
 PSYoungGen      total 18432K, used 2048K [0x00000000ebe00000, 0x00000000ed280000, 0x0000000100000000)
  eden space 15872K, 0% used [0x00000000ebe00000,0x00000000ebe00000,0x00000000ecd80000)
  from space 2560K, 80% used [0x00000000ed000000,0x00000000ed200030,0x00000000ed280000)
  to   space 2560K, 0% used [0x00000000ecd80000,0x00000000ecd80000,0x00000000ed000000)
 ParOldGen       total 42496K, used 32K [0x00000000c3a00000, 0x00000000c6380000, 0x00000000ebe00000)
  object space 42496K, 0% used [0x00000000c3a00000,0x00000000c3a08000,0x00000000c6380000)
 Metaspace       used 8416K, capacity 8682K, committed 8832K, reserved 1056768K
  class space    used 949K, capacity 1029K, committed 1152K, reserved 1048576K
}
Event: 55.826 GC heap before
{Heap before GC invocations=5 (full 0):
 PSYoungGen      total 18432K, used 17920K [0x00000000ebe00000, 0x00000000ed280000, 0x0000000100000000)
  eden space 15872K, 100% used [0x00000000ebe00000,0x00000000ecd80000,0x00000000ecd80000)
  from space 2560K, 80% used [0x00000000ed000000,0x00000000ed200030,0x00000000ed280000)
  to   space 2560K, 0% used [0x00000000ecd80000,0x00000000ecd80000,0x00000000ed000000)
 ParOldGen       total 42496K, used 32K [0x00000000c3a00000, 0x00000000c6380000, 0x00000000ebe00000)
  object space 42496K, 0% used [0x00000000c3a00000,0x00000000c3a08000,0x00000000c6380000)
 Metaspace       used 8470K, capacity 8746K, committed 9088K, reserved 1056768K
  class space    used 949K, capacity 1029K, committed 1152K, reserved 1048576K
Event: 55.832 GC heap after
Heap after GC invocations=5 (full 0):
 PSYoungGen      total 18432K, used 1840K [0x00000000ebe00000, 0x00000000ed280000, 0x0000000100000000)
  eden space 15872K, 0% used [0x00000000ebe00000,0x00000000ebe00000,0x00000000ecd80000)
  from space 2560K, 71% used [0x00000000ecd80000,0x00000000ecf4c020,0x00000000ed000000)
  to   space 2560K, 0% used [0x00000000ed000000,0x00000000ed000000,0x00000000ed280000)
 ParOldGen       total 42496K, used 40K [0x00000000c3a00000, 0x00000000c6380000, 0x00000000ebe00000)
  object space 42496K, 0% used [0x00000000c3a00000,0x00000000c3a0a000,0x00000000c6380000)
 Metaspace       used 8470K, capacity 8746K, committed 9088K, reserved 1056768K
  class space    used 949K, capacity 1029K, committed 1152K, reserved 1048576K
}
Event: 66.929 GC heap before
{Heap before GC invocations=6 (full 0):
 PSYoungGen      total 18432K, used 17712K [0x00000000ebe00000, 0x00000000ed280000, 0x0000000100000000)
  eden space 15872K, 100% used [0x00000000ebe00000,0x00000000ecd80000,0x00000000ecd80000)
  from space 2560K, 71% used [0x00000000ecd80000,0x00000000ecf4c020,0x00000000ed000000)
  to   space 2560K, 0% used [0x00000000ed000000,0x00000000ed000000,0x00000000ed280000)
 ParOldGen       total 42496K, used 40K [0x00000000c3a00000, 0x00000000c6380000, 0x00000000ebe00000)
  object space 42496K, 0% used [0x00000000c3a00000,0x00000000c3a0a000,0x00000000c6380000)
 Metaspace       used 8486K, capacity 8746K, committed 9088K, reserved 1056768K
  class space    used 949K, capacity 1029K, committed 1152K, reserved 1048576K
Event: 66.941 GC heap after
Heap after GC invocations=6 (full 0):
 PSYoungGen      total 18432K, used 2080K [0x00000000ebe00000, 0x00000000ed280000, 0x0000000100000000)
  eden space 15872K, 0% used [0x00000000ebe00000,0x00000000ebe00000,0x00000000ecd80000)
  from space 2560K, 81% used [0x00000000ed000000,0x00000000ed208010,0x00000000ed280000)
  to   space 2560K, 0% used [0x00000000ecd80000,0x00000000ecd80000,0x00000000ed000000)
 ParOldGen       total 42496K, used 48K [0x00000000c3a00000, 0x00000000c6380000, 0x00000000ebe00000)
  object space 42496K, 0% used [0x00000000c3a00000,0x00000000c3a0c000,0x00000000c6380000)
 Metaspace       used 8486K, capacity 8746K, committed 9088K, reserved 1056768K
  class space    used 949K, capacity 1029K, committed 1152K, reserved 1048576K
}

Deoptimization events (5 events):
Event: 6.403 Thread 0x00007f27d00d7800 Uncommon trap: reason=unstable_if action=reinterpret pc=0x00007f27c11869d4 method=java.lang.String.replace(CC)Ljava/lang/String; @ 26
Event: 16.525 Thread 0x00007f2758c5f800 Uncommon trap: reason=null_check action=make_not_entrant pc=0x00007f27c130b178 method=com.sun.jna.Native.getNativeSize(Ljava/lang/Class;Ljava/lang/Object;)I @ 64
Event: 16.824 Thread 0x00007f2758c5f800 Uncommon trap: reason=null_check action=make_not_entrant pc=0x00007f27c1311b58 method=com.sun.jna.Native.getNativeSize(Ljava/lang/Class;)I @ 4
Event: 16.825 Thread 0x00007f2758c5f800 Uncommon trap: reason=null_check action=make_not_entrant pc=0x00007f27c130d3f0 method=com.sun.jna.Native.getNativeSize(Ljava/lang/Class;)I @ 4
Event: 48.334 Thread 0x00007f273cc40800 Uncommon trap: reason=class_check action=maybe_recompile pc=0x00007f27c12d4a88 method=java.util.Arrays.copyOf([Ljava/lang/Object;ILjava/lang/Class;)[Ljava/lang/Object; @ 24

Internal exceptions (10 events):
Event: 6.015 Thread 0x00007f27d00d7800 Exception <a 'java/security/PrivilegedActionException'> (0x00000000ec003a90) thrown at [/HUDSON/workspace/8-2-build-linux-amd64/jdk8u66/4988/hotspot/src/share/vm/prims/jvm.cpp, line 1386]
Event: 6.015 Thread 0x00007f27d00d7800 Exception <a 'java/security/PrivilegedActionException'> (0x00000000ec003ca0) thrown at [/HUDSON/workspace/8-2-build-linux-amd64/jdk8u66/4988/hotspot/src/share/vm/prims/jvm.cpp, line 1386]
Event: 6.015 Thread 0x00007f27d00d7800 Exception <a 'java/security/PrivilegedActionException'> (0x00000000ec0060e0) thrown at [/HUDSON/workspace/8-2-build-linux-amd64/jdk8u66/4988/hotspot/src/share/vm/prims/jvm.cpp, line 1386]
Event: 6.015 Thread 0x00007f27d00d7800 Exception <a 'java/security/PrivilegedActionException'> (0x00000000ec0062f0) thrown at [/HUDSON/workspace/8-2-build-linux-amd64/jdk8u66/4988/hotspot/src/share/vm/prims/jvm.cpp, line 1386]
Event: 6.151 Thread 0x00007f27d00d7800 Exception <a 'java/lang/NoSuchFieldError': method resolution failed> (0x00000000ec102818) thrown at [/HUDSON/workspace/8-2-build-linux-amd64/jdk8u66/4988/hotspot/src/share/vm/prims/methodHandles.cpp, line 1146]
Event: 6.167 Thread 0x00007f27d00d7800 Exception <a 'java/lang/NoSuchFieldError': method resolution failed> (0x00000000ec10fc18) thrown at [/HUDSON/workspace/8-2-build-linux-amd64/jdk8u66/4988/hotspot/src/share/vm/prims/methodHandles.cpp, line 1146]
Event: 6.233 Thread 0x00007f27d00d7800 Exception <a 'java/io/FileNotFoundException'> (0x00000000ec19a308) thrown at [/HUDSON/workspace/8-2-build-linux-amd64/jdk8u66/4988/hotspot/src/share/vm/prims/jni.cpp, line 709]
Event: 6.233 Thread 0x00007f27d00d7800 Exception <a 'java/io/FileNotFoundException'> (0x00000000ec19aca8) thrown at [/HUDSON/workspace/8-2-build-linux-amd64/jdk8u66/4988/hotspot/src/share/vm/prims/jni.cpp, line 709]
Event: 6.454 Thread 0x00007f27d00d7800 Exception <a 'java/lang/UnsatisfiedLinkError': libvlc.so: cannot open shared object file: No such file or directory> (0x00000000ec4c3418) thrown at [/HUDSON/workspace/8-2-build-linux-amd64/jdk8u66/4988/hotspot/src/share/vm/prims/jni.cpp, line 735]
Event: 6.454 Thread 0x00007f27d00d7800 Exception <a 'java/lang/UnsatisfiedLinkError': libvlc.so: cannot open shared object file: No such file or directory> (0x00000000ec4c57b8) thrown at [/HUDSON/workspace/8-2-build-linux-amd64/jdk8u66/4988/hotspot/src/share/vm/prims/jni.cpp, line 735]

Events (10 events):
Event: 66.926 Thread 0x00007f2758c58800 Thread added: 0x00007f2758c58800
Event: 66.927 Thread 0x00007f2758c58800 Thread exited: 0x00007f2758c58800
Event: 66.928 Thread 0x00007f273cc46000 Thread added: 0x00007f273cc46000
Event: 66.929 Executing VM operation: ParallelGCFailedAllocation
Event: 66.941 Executing VM operation: ParallelGCFailedAllocation done
Event: 66.941 Thread 0x00007f273cc46000 Thread exited: 0x00007f273cc46000
Event: 66.942 Thread 0x00007f273cc46000 Thread added: 0x00007f273cc46000
Event: 66.943 Thread 0x00007f273cc46000 Thread exited: 0x00007f273cc46000
Event: 66.953 Executing VM operation: RevokeBias
Event: 66.953 Executing VM operation: RevokeBias done


Dynamic libraries:
00400000-00401000 r-xp 00000000 08:06 411928                             /usr/lib/jvm/java-8-oracle/bin/java
00600000-00601000 rw-p 00000000 08:06 411928                             /usr/lib/jvm/java-8-oracle/bin/java
010d7000-010f8000 rw-p 00000000 00:00 0                                  [heap]
c3a00000-c6380000 rw-p 00000000 00:00 0 
c6380000-ebe00000 ---p 00000000 00:00 0 
ebe00000-ed280000 rw-p 00000000 00:00 0 
ed280000-100000000 ---p 00000000 00:00 0 
100000000-100120000 rw-p 00000000 00:00 0 
100120000-140000000 ---p 00000000 00:00 0 
7f2734000000-7f273405f000 rw-p 00000000 00:00 0 
7f273405f000-7f2738000000 ---p 00000000 00:00 0 
7f2738000000-7f2738050000 rw-p 00000000 00:00 0 
7f2738050000-7f273c000000 ---p 00000000 00:00 0 
7f273c000000-7f273cc50000 rw-p 00000000 00:00 0 
7f273cc50000-7f2740000000 ---p 00000000 00:00 0 
7f2743fff000-7f2748000000 rw-s 00000000 00:14 61095                      /run/shm/pulse-shm-1672333922
7f2748000000-7f27480b6000 rw-p 00000000 00:00 0 
7f27480b6000-7f274c000000 ---p 00000000 00:00 0 
7f274c000000-7f274cc31000 rw-p 00000000 00:00 0 
7f274cc31000-7f2750000000 ---p 00000000 00:00 0 
7f2750000000-7f27500d4000 rw-p 00000000 00:00 0 
7f27500d4000-7f2754000000 ---p 00000000 00:00 0 
7f2756ee8000-7f2756ee9000 ---p 00000000 00:00 0 
7f2756ee9000-7f2756fe9000 rw-p 00000000 00:00 0                          [stack:7576]
7f2756fe9000-7f2756fea000 ---p 00000000 00:00 0 
7f2756fea000-7f27570ea000 rw-p 00000000 00:00 0                          [stack:7575]
7f27570ea000-7f27570eb000 ---p 00000000 00:00 0 
7f27570eb000-7f27571eb000 rw-p 00000000 00:00 0                          [stack:7574]
7f27571eb000-7f27571ee000 ---p 00000000 00:00 0 
7f27571ee000-7f27572ec000 rw-p 00000000 00:00 0                          [stack:7573]
7f27572ec000-7f27572ef000 ---p 00000000 00:00 0 
7f27572ef000-7f27573ed000 rw-p 00000000 00:00 0                          [stack:7572]
7f27573ed000-7f27573ee000 ---p 00000000 00:00 0 
7f27573ee000-7f2757bee000 rw-p 00000000 00:00 0                          [stack:7567]
7f2757bee000-7f2757bf7000 r-xp 00000000 08:06 412885                     /usr/lib/vlc/plugins/packetizer/libpacketizer_mpeg4audio_plugin.so
7f2757bf7000-7f2757df6000 ---p 00009000 08:06 412885                     /usr/lib/vlc/plugins/packetizer/libpacketizer_mpeg4audio_plugin.so
7f2757df6000-7f2757df7000 r--p 00008000 08:06 412885                     /usr/lib/vlc/plugins/packetizer/libpacketizer_mpeg4audio_plugin.so
7f2757df7000-7f2757df8000 rw-p 00009000 08:06 412885                     /usr/lib/vlc/plugins/packetizer/libpacketizer_mpeg4audio_plugin.so
7f2757df8000-7f2757dff000 r-xp 00000000 08:06 412882                     /usr/lib/vlc/plugins/packetizer/libpacketizer_vc1_plugin.so
7f2757dff000-7f2757ffe000 ---p 00007000 08:06 412882                     /usr/lib/vlc/plugins/packetizer/libpacketizer_vc1_plugin.so
7f2757ffe000-7f2757fff000 r--p 00006000 08:06 412882                     /usr/lib/vlc/plugins/packetizer/libpacketizer_vc1_plugin.so
7f2757fff000-7f2758000000 rw-p 00007000 08:06 412882                     /usr/lib/vlc/plugins/packetizer/libpacketizer_vc1_plugin.so
7f2758000000-7f2758c7a000 rw-p 00000000 00:00 0 
7f2758c7a000-7f275c000000 ---p 00000000 00:00 0 
7f275c000000-7f275c04a000 rw-p 00000000 00:00 0 
7f275c04a000-7f2760000000 ---p 00000000 00:00 0 
7f27600c9000-7f27600ca000 ---p 00000000 00:00 0 
7f27600ca000-7f27601ca000 rw-p 00000000 00:00 0                          [stack:7517]
7f27601ca000-7f27601ce000 r-xp 00000000 08:06 412883                     /usr/lib/vlc/plugins/packetizer/libpacketizer_mpegvideo_plugin.so
7f27601ce000-7f27603cd000 ---p 00004000 08:06 412883                     /usr/lib/vlc/plugins/packetizer/libpacketizer_mpegvideo_plugin.so
7f27603cd000-7f27603ce000 r--p 00003000 08:06 412883                     /usr/lib/vlc/plugins/packetizer/libpacketizer_mpegvideo_plugin.so
7f27603ce000-7f27603cf000 rw-p 00004000 08:06 412883                     /usr/lib/vlc/plugins/packetizer/libpacketizer_mpegvideo_plugin.so
7f27603cf000-7f27603d5000 r-xp 00000000 08:06 412884                     /usr/lib/vlc/plugins/packetizer/libpacketizer_dirac_plugin.so
7f27603d5000-7f27605d4000 ---p 00006000 08:06 412884                     /usr/lib/vlc/plugins/packetizer/libpacketizer_dirac_plugin.so
7f27605d4000-7f27605d5000 r--p 00005000 08:06 412884                     /usr/lib/vlc/plugins/packetizer/libpacketizer_dirac_plugin.so
7f27605d5000-7f27605d6000 rw-p 00006000 08:06 412884                     /usr/lib/vlc/plugins/packetizer/libpacketizer_dirac_plugin.so
7f27605d6000-7f27605e5000 r-xp 00000000 08:06 412887                     /usr/lib/vlc/plugins/packetizer/libpacketizer_h264_plugin.so
7f27605e5000-7f27607e4000 ---p 0000f000 08:06 412887                     /usr/lib/vlc/plugins/packetizer/libpacketizer_h264_plugin.so
7f27607e4000-7f27607e5000 r--p 0000e000 08:06 412887                     /usr/lib/vlc/plugins/packetizer/libpacketizer_h264_plugin.so
7f27607e5000-7f27607e6000 rw-p 0000f000 08:06 412887                     /usr/lib/vlc/plugins/packetizer/libpacketizer_h264_plugin.so
7f27607e6000-7f27607e9000 r-xp 00000000 08:06 413073                     /usr/lib/vlc/plugins/codec/libspudec_plugin.so
7f27607e9000-7f27609e8000 ---p 00003000 08:06 413073                     /usr/lib/vlc/plugins/codec/libspudec_plugin.so
7f27609e8000-7f27609e9000 r--p 00002000 08:06 413073                     /usr/lib/vlc/plugins/codec/libspudec_plugin.so
7f27609e9000-7f27609ea000 rw-p 00003000 08:06 413073                     /usr/lib/vlc/plugins/codec/libspudec_plugin.so
7f27609ea000-7f27609ed000 r-xp 00000000 08:06 413077                     /usr/lib/vlc/plugins/codec/libcvdsub_plugin.so
7f27609ed000-7f2760bec000 ---p 00003000 08:06 413077                     /usr/lib/vlc/plugins/codec/libcvdsub_plugin.so
7f2760bec000-7f2760bed000 r--p 00002000 08:06 413077                     /usr/lib/vlc/plugins/codec/libcvdsub_plugin.so
7f2760bed000-7f2760bee000 rw-p 00003000 08:06 413077                     /usr/lib/vlc/plugins/codec/libcvdsub_plugin.so
7f2760bee000-7f2760bf0000 r-xp 00000000 08:06 413062                     /usr/lib/vlc/plugins/codec/libsvcdsub_plugin.so
7f2760bf0000-7f2760def000 ---p 00002000 08:06 413062                     /usr/lib/vlc/plugins/codec/libsvcdsub_plugin.so
7f2760def000-7f2760df0000 r--p 00001000 08:06 413062                     /usr/lib/vlc/plugins/codec/libsvcdsub_plugin.so
7f2760df0000-7f2760df1000 rw-p 00002000 08:06 413062                     /usr/lib/vlc/plugins/codec/libsvcdsub_plugin.so
7f2760df1000-7f2760df7000 r-xp 00000000 08:06 413075                     /usr/lib/vlc/plugins/codec/libvorbis_plugin.so
7f2760df7000-7f2760ff6000 ---p 00006000 08:06 413075                     /usr/lib/vlc/plugins/codec/libvorbis_plugin.so
7f2760ff6000-7f2760ff7000 r--p 00005000 08:06 413075                     /usr/lib/vlc/plugins/codec/libvorbis_plugin.so
7f2760ff7000-7f2760ff8000 rw-p 00006000 08:06 413075                     /usr/lib/vlc/plugins/codec/libvorbis_plugin.so
7f2760ff8000-7f2760ffc000 r-xp 00000000 08:06 413048                     /usr/lib/vlc/plugins/codec/liblpcm_plugin.so
7f2760ffc000-7f27611fb000 ---p 00004000 08:06 413048                     /usr/lib/vlc/plugins/codec/liblpcm_plugin.so
7f27611fb000-7f27611fc000 r--p 00003000 08:06 413048                     /usr/lib/vlc/plugins/codec/liblpcm_plugin.so
7f27611fc000-7f27611fd000 rw-p 00004000 08:06 413048                     /usr/lib/vlc/plugins/codec/liblpcm_plugin.so
7f27611fd000-7f27611ff000 r-xp 00000000 08:06 413086                     /usr/lib/vlc/plugins/codec/librawvideo_plugin.so
7f27611ff000-7f27613fe000 ---p 00002000 08:06 413086                     /usr/lib/vlc/plugins/codec/librawvideo_plugin.so
7f27613fe000-7f27613ff000 r--p 00001000 08:06 413086                     /usr/lib/vlc/plugins/codec/librawvideo_plugin.so
7f27613ff000-7f2761400000 rw-p 00002000 08:06 413086                     /usr/lib/vlc/plugins/codec/librawvideo_plugin.so
7f2761400000-7f2761417000 r-xp 00000000 08:06 530954                     /usr/lib/x86_64-linux-gnu/libspeex.so.1.5.0
7f2761417000-7f2761617000 ---p 00017000 08:06 530954                     /usr/lib/x86_64-linux-gnu/libspeex.so.1.5.0
7f2761617000-7f2761618000 r--p 00017000 08:06 530954                     /usr/lib/x86_64-linux-gnu/libspeex.so.1.5.0
7f2761618000-7f2761619000 rw-p 00018000 08:06 530954                     /usr/lib/x86_64-linux-gnu/libspeex.so.1.5.0
7f2761619000-7f276161e000 r-xp 00000000 08:06 413052                     /usr/lib/vlc/plugins/codec/libspeex_plugin.so
7f276161e000-7f276181d000 ---p 00005000 08:06 413052                     /usr/lib/vlc/plugins/codec/libspeex_plugin.so
7f276181d000-7f276181e000 r--p 00004000 08:06 413052                     /usr/lib/vlc/plugins/codec/libspeex_plugin.so
7f276181e000-7f276181f000 rw-p 00005000 08:06 413052                     /usr/lib/vlc/plugins/codec/libspeex_plugin.so
7f276181f000-7f2761837000 r-xp 00000000 08:06 530994                     /usr/lib/x86_64-linux-gnu/libtheoradec.so.1.1.4
7f2761837000-7f2761a36000 ---p 00018000 08:06 530994                     /usr/lib/x86_64-linux-gnu/libtheoradec.so.1.1.4
7f2761a36000-7f2761a37000 r--p 00017000 08:06 530994                     /usr/lib/x86_64-linux-gnu/libtheoradec.so.1.1.4
7f2761a37000-7f2761a38000 rw-p 00018000 08:06 530994                     /usr/lib/x86_64-linux-gnu/libtheoradec.so.1.1.4
7f2761a38000-7f2761a77000 r-xp 00000000 08:06 530996                     /usr/lib/x86_64-linux-gnu/libtheoraenc.so.1.1.2
7f2761a77000-7f2761c76000 ---p 0003f000 08:06 530996                     /usr/lib/x86_64-linux-gnu/libtheoraenc.so.1.1.2
7f2761c76000-7f2761c77000 r--p 0003e000 08:06 530996                     /usr/lib/x86_64-linux-gnu/libtheoraenc.so.1.1.2
7f2761c77000-7f2761c78000 rw-p 0003f000 08:06 530996                     /usr/lib/x86_64-linux-gnu/libtheoraenc.so.1.1.2
7f2761c78000-7f2761c7d000 r-xp 00000000 08:06 413072                     /usr/lib/vlc/plugins/codec/libtheora_plugin.so
7f2761c7d000-7f2761e7c000 ---p 00005000 08:06 413072                     /usr/lib/vlc/plugins/codec/libtheora_plugin.so
7f2761e7c000-7f2761e7d000 r--p 00004000 08:06 413072                     /usr/lib/vlc/plugins/codec/libtheora_plugin.so
7f2761e7d000-7f2761e7e000 rw-p 00005000 08:06 413072                     /usr/lib/vlc/plugins/codec/libtheora_plugin.so
7f2761e7e000-7f2761e80000 r-xp 00000000 08:06 413057                     /usr/lib/vlc/plugins/codec/libaes3_plugin.so
7f2761e80000-7f276207f000 ---p 00002000 08:06 413057                     /usr/lib/vlc/plugins/codec/libaes3_plugin.so
7f276207f000-7f2762080000 r--p 00001000 08:06 413057                     /usr/lib/vlc/plugins/codec/libaes3_plugin.so
7f2762080000-7f2762081000 rw-p 00002000 08:06 413057                     /usr/lib/vlc/plugins/codec/libaes3_plugin.so
7f2762081000-7f276209d000 r-xp 00000000 08:06 534371                     /usr/lib/x86_64-linux-gnu/libdvdread.so.4.1.2
7f276209d000-7f276229c000 ---p 0001c000 08:06 534371                     /usr/lib/x86_64-linux-gnu/libdvdread.so.4.1.2
7f276229c000-7f276229d000 r--p 0001b000 08:06 534371                     /usr/lib/x86_64-linux-gnu/libdvdread.so.4.1.2
7f276229d000-7f276229e000 rw-p 0001c000 08:06 534371                     /usr/lib/x86_64-linux-gnu/libdvdread.so.4.1.2
7f276229e000-7f27622b1000 r-xp 00000000 08:06 534374                     /usr/lib/x86_64-linux-gnu/libdvdnav.so.4.1.2
7f27622b1000-7f27624b0000 ---p 00013000 08:06 534374                     /usr/lib/x86_64-linux-gnu/libdvdnav.so.4.1.2
7f27624b0000-7f27624b1000 r--p 00012000 08:06 534374                     /usr/lib/x86_64-linux-gnu/libdvdnav.so.4.1.2
7f27624b1000-7f27624b2000 rw-p 00013000 08:06 534374                     /usr/lib/x86_64-linux-gnu/libdvdnav.so.4.1.2
7f27624b2000-7f27624bc000 r-xp 00000000 08:06 412999                     /usr/lib/vlc/plugins/access/libdvdnav_plugin.so
7f27624bc000-7f27626bb000 ---p 0000a000 08:06 412999                     /usr/lib/vlc/plugins/access/libdvdnav_plugin.so
7f27626bb000-7f27626bd000 r--p 00009000 08:06 412999                     /usr/lib/vlc/plugins/access/libdvdnav_plugin.so
7f27626bd000-7f27626be000 rw-p 0000b000 08:06 412999                     /usr/lib/vlc/plugins/access/libdvdnav_plugin.so
7f27626be000-7f27626d1000 r-xp 00000000 08:06 412996                     /usr/lib/vlc/plugins/access/libaccess_bd_plugin.so
7f27626d1000-7f27628d0000 ---p 00013000 08:06 412996                     /usr/lib/vlc/plugins/access/libaccess_bd_plugin.so
7f27628d0000-7f27628d1000 r--p 00012000 08:06 412996                     /usr/lib/vlc/plugins/access/libaccess_bd_plugin.so
7f27628d1000-7f27628d2000 rw-p 00013000 08:06 412996                     /usr/lib/vlc/plugins/access/libaccess_bd_plugin.so
7f27628d2000-7f27628f3000 r-xp 00000000 08:06 265587                     /lib/x86_64-linux-gnu/liblzma.so.5.0.0
7f27628f3000-7f2762af2000 ---p 00021000 08:06 265587                     /lib/x86_64-linux-gnu/liblzma.so.5.0.0
7f2762af2000-7f2762af3000 r--p 00020000 08:06 265587                     /lib/x86_64-linux-gnu/liblzma.so.5.0.0
7f2762af3000-7f2762af4000 rw-p 00021000 08:06 265587                     /lib/x86_64-linux-gnu/liblzma.so.5.0.0
7f2762af4000-7f2762c50000 r-xp 00000000 08:06 522930                     /usr/lib/x86_64-linux-gnu/libxml2.so.2.9.1
7f2762c50000-7f2762e4f000 ---p 0015c000 08:06 522930                     /usr/lib/x86_64-linux-gnu/libxml2.so.2.9.1
7f2762e4f000-7f2762e57000 r--p 0015b000 08:06 522930                     /usr/lib/x86_64-linux-gnu/libxml2.so.2.9.1
7f2762e57000-7f2762e59000 rw-p 00163000 08:06 522930                     /usr/lib/x86_64-linux-gnu/libxml2.so.2.9.1
7f2762e59000-7f2762e5a000 rw-p 00000000 00:00 0 
7f2762e5a000-7f2762e92000 r-xp 00000000 08:06 546064                     /usr/lib/x86_64-linux-gnu/libbluray.so.1.5.0
7f2762e92000-7f2763091000 ---p 00038000 08:06 546064                     /usr/lib/x86_64-linux-gnu/libbluray.so.1.5.0
7f2763091000-7f2763093000 r--p 00037000 08:06 546064                     /usr/lib/x86_64-linux-gnu/libbluray.so.1.5.0
7f2763093000-7f2763094000 rw-p 00039000 08:06 546064                     /usr/lib/x86_64-linux-gnu/libbluray.so.1.5.0
7f2763094000-7f27630c3000 r-xp 00000000 08:06 530691                     /usr/lib/x86_64-linux-gnu/liblua5.2.so.0.0.0
7f27630c3000-7f27632c2000 ---p 0002f000 08:06 530691                     /usr/lib/x86_64-linux-gnu/liblua5.2.so.0.0.0
7f27632c2000-7f27632c4000 r--p 0002e000 08:06 530691                     /usr/lib/x86_64-linux-gnu/liblua5.2.so.0.0.0
7f27632c4000-7f27632c5000 rw-p 00030000 08:06 530691                     /usr/lib/x86_64-linux-gnu/liblua5.2.so.0.0.0
7f27632c5000-7f27632ea000 r-xp 00000000 08:06 412769                     /usr/lib/vlc/plugins/lua/liblua_plugin.so
7f27632ea000-7f27634e9000 ---p 00025000 08:06 412769                     /usr/lib/vlc/plugins/lua/liblua_plugin.so
7f27634e9000-7f27634eb000 r--p 00024000 08:06 412769                     /usr/lib/vlc/plugins/lua/liblua_plugin.so
7f27634eb000-7f27634ec000 rw-p 00026000 08:06 412769                     /usr/lib/vlc/plugins/lua/liblua_plugin.so
7f27634ec000-7f27635bd000 r-xp 00000000 08:06 530970                     /usr/lib/x86_64-linux-gnu/libtag.so.1.14.0
7f27635bd000-7f27637bd000 ---p 000d1000 08:06 530970                     /usr/lib/x86_64-linux-gnu/libtag.so.1.14.0
7f27637bd000-7f27637c2000 r--p 000d1000 08:06 530970                     /usr/lib/x86_64-linux-gnu/libtag.so.1.14.0
7f27637c2000-7f27637c3000 rw-p 000d6000 08:06 530970                     /usr/lib/x86_64-linux-gnu/libtag.so.1.14.0
7f27637c3000-7f27637d3000 r-xp 00000000 08:06 412976                     /usr/lib/vlc/plugins/meta_engine/libtaglib_plugin.so
7f27637d3000-7f27639d3000 ---p 00010000 08:06 412976                     /usr/lib/vlc/plugins/meta_engine/libtaglib_plugin.so
7f27639d3000-7f27639d4000 r--p 00010000 08:06 412976                     /usr/lib/vlc/plugins/meta_engine/libtaglib_plugin.so
7f27639d4000-7f27639d5000 rw-p 00011000 08:06 412976                     /usr/lib/vlc/plugins/meta_engine/libtaglib_plugin.so
7f27639d5000-7f27639f6000 r-xp 00000000 08:06 412824                     /usr/lib/vlc/plugins/demux/libmp4_plugin.so
7f27639f6000-7f2763bf6000 ---p 00021000 08:06 412824                     /usr/lib/vlc/plugins/demux/libmp4_plugin.so
7f2763bf6000-7f2763bf8000 r--p 00021000 08:06 412824                     /usr/lib/vlc/plugins/demux/libmp4_plugin.so
7f2763bf8000-7f2763bf9000 rw-p 00023000 08:06 412824                     /usr/lib/vlc/plugins/demux/libmp4_plugin.so
7f2763bf9000-7f2763bfb000 r-xp 00000000 08:06 413046                     /usr/lib/vlc/plugins/stream_filter/librecord_plugin.so
7f2763bfb000-7f2763dfa000 ---p 00002000 08:06 413046                     /usr/lib/vlc/plugins/stream_filter/librecord_plugin.so
7f2763dfa000-7f2763dfb000 r--p 00001000 08:06 413046                     /usr/lib/vlc/plugins/stream_filter/librecord_plugin.so
7f2763dfb000-7f2763dfc000 rw-p 00002000 08:06 413046                     /usr/lib/vlc/plugins/stream_filter/librecord_plugin.so
7f2763dfc000-7f2763dff000 r-xp 00000000 08:06 413006                     /usr/lib/vlc/plugins/access/libstream_filter_rar_plugin.so
7f2763dff000-7f2763ffe000 ---p 00003000 08:06 413006                     /usr/lib/vlc/plugins/access/libstream_filter_rar_plugin.so
7f2763ffe000-7f2763fff000 r--p 00002000 08:06 413006                     /usr/lib/vlc/plugins/access/libstream_filter_rar_plugin.so
7f2763fff000-7f2764000000 rw-p 00003000 08:06 413006                     /usr/lib/vlc/plugins/access/libstream_filter_rar_plugin.so
7f2764000000-7f2764021000 rw-p 00000000 00:00 0 
7f2764021000-7f2768000000 ---p 00000000 00:00 0 
7f2768077000-7f276807e000 r-xp 00000000 08:06 413001                     /usr/lib/vlc/plugins/access/libzip_plugin.so
7f276807e000-7f276827e000 ---p 00007000 08:06 413001                     /usr/lib/vlc/plugins/access/libzip_plugin.so
7f276827e000-7f276827f000 r--p 00007000 08:06 413001                     /usr/lib/vlc/plugins/access/libzip_plugin.so
7f276827f000-7f2768280000 rw-p 00008000 08:06 413001                     /usr/lib/vlc/plugins/access/libzip_plugin.so
7f2768280000-7f27682a8000 r-xp 00000000 08:06 413045                     /usr/lib/vlc/plugins/stream_filter/libdash_plugin.so
7f27682a8000-7f27684a7000 ---p 00028000 08:06 413045                     /usr/lib/vlc/plugins/stream_filter/libdash_plugin.so
7f27684a7000-7f27684a9000 r--p 00027000 08:06 413045                     /usr/lib/vlc/plugins/stream_filter/libdash_plugin.so
7f27684a9000-7f27684aa000 rw-p 00029000 08:06 413045                     /usr/lib/vlc/plugins/stream_filter/libdash_plugin.so
7f27684aa000-7f27684ad000 r-xp 00000000 08:06 413042                     /usr/lib/vlc/plugins/stream_filter/libdecomp_plugin.so
7f27684ad000-7f27686ac000 ---p 00003000 08:06 413042                     /usr/lib/vlc/plugins/stream_filter/libdecomp_plugin.so
7f27686ac000-7f27686ad000 r--p 00002000 08:06 413042                     /usr/lib/vlc/plugins/stream_filter/libdecomp_plugin.so
7f27686ad000-7f27686ae000 rw-p 00003000 08:06 413042                     /usr/lib/vlc/plugins/stream_filter/libdecomp_plugin.so
7f27686ae000-7f27686b8000 r-xp 00000000 08:06 413044                     /usr/lib/vlc/plugins/stream_filter/libhttplive_plugin.so
7f27686b8000-7f27688b7000 ---p 0000a000 08:06 413044                     /usr/lib/vlc/plugins/stream_filter/libhttplive_plugin.so
7f27688b7000-7f27688b8000 r--p 00009000 08:06 413044                     /usr/lib/vlc/plugins/stream_filter/libhttplive_plugin.so
7f27688b8000-7f27688b9000 rw-p 0000a000 08:06 413044                     /usr/lib/vlc/plugins/stream_filter/libhttplive_plugin.so
7f27688b9000-7f27688c1000 r-xp 00000000 08:06 413043                     /usr/lib/vlc/plugins/stream_filter/libsmooth_plugin.so
7f27688c1000-7f2768ac0000 ---p 00008000 08:06 413043                     /usr/lib/vlc/plugins/stream_filter/libsmooth_plugin.so
7f2768ac0000-7f2768ac1000 r--p 00007000 08:06 413043                     /usr/lib/vlc/plugins/stream_filter/libsmooth_plugin.so
7f2768ac1000-7f2768ac2000 rw-p 00008000 08:06 413043                     /usr/lib/vlc/plugins/stream_filter/libsmooth_plugin.so
7f2768b74000-7f2768b75000 ---p 00000000 00:00 0 
7f2768b75000-7f2768c75000 rw-p 00000000 00:00 0                          [stack:7516]
7f2768c75000-7f2768c7b000 r-xp 00000000 08:06 412982                     /usr/lib/vlc/plugins/access/liblibbluray_plugin.so
7f2768c7b000-7f2768e7a000 ---p 00006000 08:06 412982                     /usr/lib/vlc/plugins/access/liblibbluray_plugin.so
7f2768e7a000-7f2768e7b000 r--p 00005000 08:06 412982                     /usr/lib/vlc/plugins/access/liblibbluray_plugin.so
7f2768e7b000-7f2768e7c000 rw-p 00006000 08:06 412982                     /usr/lib/vlc/plugins/access/liblibbluray_plugin.so
7f2768e7c000-7f2768e7d000 ---p 00000000 00:00 0 
7f2768e7d000-7f2768f7d000 rw-p 00000000 00:00 0                          [stack:7515]
7f2768f7d000-7f2768f97000 r-xp 00000000 08:06 546068                     /usr/lib/x86_64-linux-gnu/libdvbpsi.so.8.0.0
7f2768f97000-7f2769196000 ---p 0001a000 08:06 546068                     /usr/lib/x86_64-linux-gnu/libdvbpsi.so.8.0.0
7f2769196000-7f2769197000 r--p 00019000 08:06 546068                     /usr/lib/x86_64-linux-gnu/libdvbpsi.so.8.0.0
7f2769197000-7f2769198000 rw-p 0001a000 08:06 546068                     /usr/lib/x86_64-linux-gnu/libdvbpsi.so.8.0.0
7f2769198000-7f27691ab000 r-xp 00000000 08:06 413029                     /usr/lib/vlc/plugins/mux/libmux_ts_plugin.so
7f27691ab000-7f27693aa000 ---p 00013000 08:06 413029                     /usr/lib/vlc/plugins/mux/libmux_ts_plugin.so
7f27693aa000-7f27693ab000 r--p 00012000 08:06 413029                     /usr/lib/vlc/plugins/mux/libmux_ts_plugin.so
7f27693ab000-7f27693ac000 rw-p 00013000 08:06 413029                     /usr/lib/vlc/plugins/mux/libmux_ts_plugin.so
7f27693ac000-7f27693c1000 r-xp 00000000 08:06 412901                     /usr/lib/vlc/plugins/stream_out/libstream_out_rtp_plugin.so
7f27693c1000-7f27695c0000 ---p 00015000 08:06 412901                     /usr/lib/vlc/plugins/stream_out/libstream_out_rtp_plugin.so
7f27695c0000-7f27695c1000 r--p 00014000 08:06 412901                     /usr/lib/vlc/plugins/stream_out/libstream_out_rtp_plugin.so
7f27695c1000-7f27695c2000 rw-p 00015000 08:06 412901                     /usr/lib/vlc/plugins/stream_out/libstream_out_rtp_plugin.so
7f27695c2000-7f27695c5000 ---p 00000000 00:00 0 
7f27695c5000-7f27696c3000 rw-p 00000000 00:00 0                          [stack:7514]
7f27696c3000-7f27696c7000 r-xp 00000000 08:06 413010                     /usr/lib/vlc/plugins/access/libfilesystem_plugin.so
7f27696c7000-7f27698c6000 ---p 00004000 08:06 413010                     /usr/lib/vlc/plugins/access/libfilesystem_plugin.so
7f27698c6000-7f27698c7000 r--p 00003000 08:06 413010                     /usr/lib/vlc/plugins/access/libfilesystem_plugin.so
7f27698c7000-7f27698c8000 rw-p 00004000 08:06 413010                     /usr/lib/vlc/plugins/access/libfilesystem_plugin.so
7f27698c8000-7f27698cc000 r-xp 00000000 08:06 412985                     /usr/lib/vlc/plugins/access/libaccess_vdr_plugin.so
7f27698cc000-7f2769acc000 ---p 00004000 08:06 412985                     /usr/lib/vlc/plugins/access/libaccess_vdr_plugin.so
7f2769acc000-7f2769acd000 r--p 00004000 08:06 412985                     /usr/lib/vlc/plugins/access/libaccess_vdr_plugin.so
7f2769acd000-7f2769ace000 rw-p 00005000 08:06 412985                     /usr/lib/vlc/plugins/access/libaccess_vdr_plugin.so
7f2769ace000-7f2769ad1000 ---p 00000000 00:00 0 
7f2769ad1000-7f2769bcf000 rw-p 00000000 00:00 0                          [stack:7565]
7f2769bcf000-7f276dbd0000 rw-s 00000000 00:14 62478                      /run/shm/pulse-shm-88892222
7f276dbd0000-7f276dbd1000 ---p 00000000 00:00 0 
7f276dbd1000-7f276e3d1000 rw-p 00000000 00:00 0                          [stack:7510]
7f276e3d1000-7f276e3d7000 r-xp 00000000 08:06 413128                     /usr/lib/vlc/plugins/audio_output/libpulse_plugin.so
7f276e3d7000-7f276e5d6000 ---p 00006000 08:06 413128                     /usr/lib/vlc/plugins/audio_output/libpulse_plugin.so
7f276e5d6000-7f276e5d7000 r--p 00005000 08:06 413128                     /usr/lib/vlc/plugins/audio_output/libpulse_plugin.so
7f276e5d7000-7f276e5d8000 rw-p 00006000 08:06 413128                     /usr/lib/vlc/plugins/audio_output/libpulse_plugin.so
7f276e5d8000-7f276e5dc000 r-xp 00000000 08:06 265517                     /lib/x86_64-linux-gnu/libuuid.so.1.3.0
7f276e5dc000-7f276e7db000 ---p 00004000 08:06 265517                     /lib/x86_64-linux-gnu/libuuid.so.1.3.0
7f276e7db000-7f276e7dc000 r--p 00003000 08:06 265517                     /lib/x86_64-linux-gnu/libuuid.so.1.3.0
7f276e7dc000-7f276e7dd000 rw-p 00004000 08:06 265517                     /lib/x86_64-linux-gnu/libuuid.so.1.3.0
7f276e7dd000-7f276e7e4000 r-xp 00000000 08:06 533781                     /usr/lib/x86_64-linux-gnu/libffi.so.6.0.1
7f276e7e4000-7f276e9e3000 ---p 00007000 08:06 533781                     /usr/lib/x86_64-linux-gnu/libffi.so.6.0.1
7f276e9e3000-7f276e9e4000 r--p 00006000 08:06 533781                     /usr/lib/x86_64-linux-gnu/libffi.so.6.0.1
7f276e9e4000-7f276e9e5000 rw-p 00007000 08:06 533781                     /usr/lib/x86_64-linux-gnu/libffi.so.6.0.1
7f276e9e5000-7f276ea22000 r-xp 00000000 08:06 265436                     /lib/x86_64-linux-gnu/libpcre.so.3.13.1
7f276ea22000-7f276ec21000 ---p 0003d000 08:06 265436                     /lib/x86_64-linux-gnu/libpcre.so.3.13.1
7f276ec21000-7f276ec22000 r--p 0003c000 08:06 265436                     /lib/x86_64-linux-gnu/libpcre.so.3.13.1
7f276ec22000-7f276ec23000 rw-p 0003d000 08:06 265436                     /lib/x86_64-linux-gnu/libpcre.so.3.13.1
7f276ec23000-7f276ec82000 r-xp 00000000 08:06 530103                     /usr/lib/x86_64-linux-gnu/libXt.so.6.0.0
7f276ec82000-7f276ee82000 ---p 0005f000 08:06 530103                     /usr/lib/x86_64-linux-gnu/libXt.so.6.0.0
7f276ee82000-7f276ee83000 r--p 0005f000 08:06 530103                     /usr/lib/x86_64-linux-gnu/libXt.so.6.0.0
7f276ee83000-7f276ee88000 rw-p 00060000 08:06 530103                     /usr/lib/x86_64-linux-gnu/libXt.so.6.0.0
7f276ee88000-7f276ee89000 rw-p 00000000 00:00 0 
7f276ee89000-7f276eeb0000 r-xp 00000000 08:06 265110                     /lib/x86_64-linux-gnu/libexpat.so.1.6.0
7f276eeb0000-7f276f0b0000 ---p 00027000 08:06 265110                     /lib/x86_64-linux-gnu/libexpat.so.1.6.0
7f276f0b0000-7f276f0b2000 r--p 00027000 08:06 265110                     /lib/x86_64-linux-gnu/libexpat.so.1.6.0
7f276f0b2000-7f276f0b3000 rw-p 00029000 08:06 265110                     /lib/x86_64-linux-gnu/libexpat.so.1.6.0
7f276f0b3000-7f276f0ca000 r-xp 00000000 08:06 529934                     /usr/lib/x86_64-linux-gnu/libICE.so.6.3.0
7f276f0ca000-7f276f2c9000 ---p 00017000 08:06 529934                     /usr/lib/x86_64-linux-gnu/libICE.so.6.3.0
7f276f2c9000-7f276f2ca000 r--p 00016000 08:06 529934                     /usr/lib/x86_64-linux-gnu/libICE.so.6.3.0
7f276f2ca000-7f276f2cb000 rw-p 00017000 08:06 529934                     /usr/lib/x86_64-linux-gnu/libICE.so.6.3.0
7f276f2cb000-7f276f2cf000 rw-p 00000000 00:00 0 
7f276f2cf000-7f276f2d6000 r-xp 00000000 08:06 530056                     /usr/lib/x86_64-linux-gnu/libSM.so.6.0.1
7f276f2d6000-7f276f4d5000 ---p 00007000 08:06 530056                     /usr/lib/x86_64-linux-gnu/libSM.so.6.0.1
7f276f4d5000-7f276f4d6000 r--p 00006000 08:06 530056                     /usr/lib/x86_64-linux-gnu/libSM.so.6.0.1
7f276f4d6000-7f276f4d7000 rw-p 00007000 08:06 530056                     /usr/lib/x86_64-linux-gnu/libSM.so.6.0.1
7f276f4d7000-7f276f526000 r-xp 00000000 08:06 530475                     /usr/lib/x86_64-linux-gnu/libgobject-2.0.so.0.4002.0
7f276f526000-7f276f726000 ---p 0004f000 08:06 530475                     /usr/lib/x86_64-linux-gnu/libgobject-2.0.so.0.4002.0
7f276f726000-7f276f727000 r--p 0004f000 08:06 530475                     /usr/lib/x86_64-linux-gnu/libgobject-2.0.so.0.4002.0
7f276f727000-7f276f728000 rw-p 00050000 08:06 530475                     /usr/lib/x86_64-linux-gnu/libgobject-2.0.so.0.4002.0
7f276f728000-7f276f7c5000 r-xp 00000000 08:06 539648                     /usr/lib/x86_64-linux-gnu/libfreetype.so.6.11.1
7f276f7c5000-7f276f9c4000 ---p 0009d000 08:06 539648                     /usr/lib/x86_64-linux-gnu/libfreetype.so.6.11.1
7f276f9c4000-7f276f9ca000 r--p 0009c000 08:06 539648                     /usr/lib/x86_64-linux-gnu/libfreetype.so.6.11.1
7f276f9ca000-7f276f9cb000 rw-p 000a2000 08:06 539648                     /usr/lib/x86_64-linux-gnu/libfreetype.so.6.11.1
7f276f9cb000-7f276f9e3000 r-xp 00000000 08:06 265703                     /lib/x86_64-linux-gnu/libz.so.1.2.8
7f276f9e3000-7f276fbe2000 ---p 00018000 08:06 265703                     /lib/x86_64-linux-gnu/libz.so.1.2.8
7f276fbe2000-7f276fbe3000 r--p 00017000 08:06 265703                     /lib/x86_64-linux-gnu/libz.so.1.2.8
7f276fbe3000-7f276fbe4000 rw-p 00018000 08:06 265703                     /lib/x86_64-linux-gnu/libz.so.1.2.8
7f276fbe4000-7f276fc09000 r-xp 00000000 08:06 265552                     /lib/x86_64-linux-gnu/libpng12.so.0.50.0
7f276fc09000-7f276fe08000 ---p 00025000 08:06 265552                     /lib/x86_64-linux-gnu/libpng12.so.0.50.0
7f276fe08000-7f276fe09000 r--p 00024000 08:06 265552                     /lib/x86_64-linux-gnu/libpng12.so.0.50.0
7f276fe09000-7f276fe0a000 rw-p 00025000 08:06 265552                     /lib/x86_64-linux-gnu/libpng12.so.0.50.0
7f276fe0a000-7f276ff10000 r-xp 00000000 08:06 265571                     /lib/x86_64-linux-gnu/libglib-2.0.so.0.4002.0
7f276ff10000-7f277010f000 ---p 00106000 08:06 265571                     /lib/x86_64-linux-gnu/libglib-2.0.so.0.4002.0
7f277010f000-7f2770110000 r--p 00105000 08:06 265571                     /lib/x86_64-linux-gnu/libglib-2.0.so.0.4002.0
7f2770110000-7f2770111000 rw-p 00106000 08:06 265571                     /lib/x86_64-linux-gnu/libglib-2.0.so.0.4002.0
7f2770111000-7f2770112000 rw-p 00000000 00:00 0 
7f2770112000-7f2770129000 r-xp 00000000 08:06 530166                     /usr/lib/x86_64-linux-gnu/libaudio.so.2.4
7f2770129000-7f2770328000 ---p 00017000 08:06 530166                     /usr/lib/x86_64-linux-gnu/libaudio.so.2.4
7f2770328000-7f2770329000 r--p 00016000 08:06 530166                     /usr/lib/x86_64-linux-gnu/libaudio.so.2.4
7f2770329000-7f277032a000 rw-p 00017000 08:06 530166                     /usr/lib/x86_64-linux-gnu/libaudio.so.2.4
7f277032a000-7f2770364000 r-xp 00000000 08:06 530360                     /usr/lib/x86_64-linux-gnu/libfontconfig.so.1.8.0
7f2770364000-7f2770563000 ---p 0003a000 08:06 530360                     /usr/lib/x86_64-linux-gnu/libfontconfig.so.1.8.0
7f2770563000-7f2770565000 r--p 00039000 08:06 530360                     /usr/lib/x86_64-linux-gnu/libfontconfig.so.1.8.0
7f2770565000-7f2770566000 rw-p 0003b000 08:06 530360                     /usr/lib/x86_64-linux-gnu/libfontconfig.so.1.8.0
7f2770566000-7f2770fcc000 r-xp 00000000 08:06 522879                     /usr/lib/x86_64-linux-gnu/libQtGui.so.4.8.6
7f2770fcc000-7f27711cc000 ---p 00a66000 08:06 522879                     /usr/lib/x86_64-linux-gnu/libQtGui.so.4.8.6
7f27711cc000-7f277120e000 r--p 00a66000 08:06 522879                     /usr/lib/x86_64-linux-gnu/libQtGui.so.4.8.6
7f277120e000-7f2771215000 rw-p 00aa8000 08:06 522879                     /usr/lib/x86_64-linux-gnu/libQtGui.so.4.8.6
7f2771215000-7f2771219000 rw-p 00000000 00:00 0 
7f2771219000-7f277121c000 r-xp 00000000 08:06 530850                     /usr/lib/x86_64-linux-gnu/libpulse-simple.so.0.0.4
7f277121c000-7f277141b000 ---p 00003000 08:06 530850                     /usr/lib/x86_64-linux-gnu/libpulse-simple.so.0.0.4
7f277141b000-7f277141c000 r--p 00002000 08:06 530850                     /usr/lib/x86_64-linux-gnu/libpulse-simple.so.0.0.4
7f277141c000-7f277141d000 rw-p 00003000 08:06 530850                     /usr/lib/x86_64-linux-gnu/libpulse-simple.so.0.0.4
7f27714a4000-7f277177c000 r-xp 00000000 08:06 530043                     /usr/lib/x86_64-linux-gnu/libQtCore.so.4.8.6
7f277177c000-7f277197c000 ---p 002d8000 08:06 530043                     /usr/lib/x86_64-linux-gnu/libQtCore.so.4.8.6
7f277197c000-7f2771987000 r--p 002d8000 08:06 530043                     /usr/lib/x86_64-linux-gnu/libQtCore.so.4.8.6
7f2771987000-7f2771988000 rw-p 002e3000 08:06 530043                     /usr/lib/x86_64-linux-gnu/libQtCore.so.4.8.6
7f2771988000-7f2771989000 rw-p 00000000 00:00 0 
7f2771989000-7f2771beb000 r-xp 00000000 08:06 413116                     /usr/lib/vlc/plugins/gui/libqt4_plugin.so
7f2771beb000-7f2771dea000 ---p 00262000 08:06 413116                     /usr/lib/vlc/plugins/gui/libqt4_plugin.so
7f2771dea000-7f2771e03000 r--p 00261000 08:06 413116                     /usr/lib/vlc/plugins/gui/libqt4_plugin.so
7f2771e03000-7f2771e07000 rw-p 0027a000 08:06 413116                     /usr/lib/vlc/plugins/gui/libqt4_plugin.so
7f2771e07000-7f2771e0d000 r-xp 00000000 08:06 546092                     /usr/lib/x86_64-linux-gnu/libxcb-xv.so.0.0.0
7f2771e0d000-7f277200c000 ---p 00006000 08:06 546092                     /usr/lib/x86_64-linux-gnu/libxcb-xv.so.0.0.0
7f277200c000-7f277200d000 r--p 00005000 08:06 546092                     /usr/lib/x86_64-linux-gnu/libxcb-xv.so.0.0.0
7f277200d000-7f277200e000 rw-p 00006000 08:06 546092                     /usr/lib/x86_64-linux-gnu/libxcb-xv.so.0.0.0
7f277200e000-7f2772015000 r-xp 00000000 08:06 413105                     /usr/lib/vlc/plugins/video_output/libxcb_xv_plugin.so
7f2772015000-7f2772214000 ---p 00007000 08:06 413105                     /usr/lib/vlc/plugins/video_output/libxcb_xv_plugin.so
7f2772214000-7f2772215000 r--p 00006000 08:06 413105                     /usr/lib/vlc/plugins/video_output/libxcb_xv_plugin.so
7f2772215000-7f2772216000 rw-p 00007000 08:06 413105                     /usr/lib/vlc/plugins/video_output/libxcb_xv_plugin.so
7f2772216000-7f2772299000 r-xp 00000000 08:06 526635                     /usr/lib/x86_64-linux-gnu/libdirac_encoder.so.0.1.0
7f2772299000-7f2772498000 ---p 00083000 08:06 526635                     /usr/lib/x86_64-linux-gnu/libdirac_encoder.so.0.1.0
7f2772498000-7f277249b000 r--p 00082000 08:06 526635                     /usr/lib/x86_64-linux-gnu/libdirac_encoder.so.0.1.0
7f277249b000-7f277249c000 rw-p 00085000 08:06 526635                     /usr/lib/x86_64-linux-gnu/libdirac_encoder.so.0.1.0
7f277249c000-7f277249d000 rw-p 00000000 00:00 0 
7f27724a0000-7f27724a2000 r-xp 00000000 08:06 531122                     /usr/lib/x86_64-linux-gnu/libxcb-shm.so.0.0.0
7f27724a2000-7f27726a1000 ---p 00002000 08:06 531122                     /usr/lib/x86_64-linux-gnu/libxcb-shm.so.0.0.0
7f27726a1000-7f27726a2000 r--p 00001000 08:06 531122                     /usr/lib/x86_64-linux-gnu/libxcb-shm.so.0.0.0
7f27726a2000-7f27726a3000 rw-p 00002000 08:06 531122                     /usr/lib/x86_64-linux-gnu/libxcb-shm.so.0.0.0
7f27726a3000-7f27726ab000 r-xp 00000000 08:06 265602                     /lib/x86_64-linux-gnu/libnih-dbus.so.1.0.0
7f27726ab000-7f27728ab000 ---p 00008000 08:06 265602                     /lib/x86_64-linux-gnu/libnih-dbus.so.1.0.0
7f27728ab000-7f27728ac000 r--p 00008000 08:06 265602                     /lib/x86_64-linux-gnu/libnih-dbus.so.1.0.0
7f27728ac000-7f27728ad000 rw-p 00009000 08:06 265602                     /lib/x86_64-linux-gnu/libnih-dbus.so.1.0.0
7f27728ad000-7f27728c4000 r-xp 00000000 08:06 265604                     /lib/x86_64-linux-gnu/libnih.so.1.0.0
7f27728c4000-7f2772ac3000 ---p 00017000 08:06 265604                     /lib/x86_64-linux-gnu/libnih.so.1.0.0
7f2772ac3000-7f2772ac4000 r--p 00016000 08:06 265604                     /lib/x86_64-linux-gnu/libnih.so.1.0.0
7f2772ac4000-7f2772ac5000 rw-p 00017000 08:06 265604                     /lib/x86_64-linux-gnu/libnih.so.1.0.0
7f2772ac5000-7f2772ade000 r-xp 00000000 08:06 265465                     /lib/x86_64-linux-gnu/libcgmanager.so.0.0.0
7f2772ade000-7f2772cdd000 ---p 00019000 08:06 265465                     /lib/x86_64-linux-gnu/libcgmanager.so.0.0.0
7f2772cdd000-7f2772cdf000 r--p 00018000 08:06 265465                     /lib/x86_64-linux-gnu/libcgmanager.so.0.0.0
7f2772cdf000-7f2772ce0000 rw-p 0001a000 08:06 265465                     /lib/x86_64-linux-gnu/libcgmanager.so.0.0.0
7f2772ce0000-7f2772ce4000 r-xp 00000000 08:06 265573                     /lib/x86_64-linux-gnu/libgpg-error.so.0.10.0
7f2772ce4000-7f2772ee3000 ---p 00004000 08:06 265573                     /lib/x86_64-linux-gnu/libgpg-error.so.0.10.0
7f2772ee3000-7f2772ee4000 r--p 00003000 08:06 265573                     /lib/x86_64-linux-gnu/libgpg-error.so.0.10.0
7f2772ee4000-7f2772ee5000 rw-p 00004000 08:06 265573                     /lib/x86_64-linux-gnu/libgpg-error.so.0.10.0
7f2772ee5000-7f2772ef5000 r-xp 00000000 08:06 298110                     /lib/x86_64-linux-gnu/libudev.so.1.3.5
7f2772ef5000-7f27730f4000 ---p 00010000 08:06 298110                     /lib/x86_64-linux-gnu/libudev.so.1.3.5
7f27730f4000-7f27730f5000 r--p 0000f000 08:06 298110                     /lib/x86_64-linux-gnu/libudev.so.1.3.5
7f27730f5000-7f27730f6000 rw-p 00010000 08:06 298110                     /lib/x86_64-linux-gnu/libudev.so.1.3.5
7f27730f6000-7f2773172000 r-xp 00000000 08:06 265547                     /lib/x86_64-linux-gnu/libgcrypt.so.11.8.2
7f2773172000-7f2773372000 ---p 0007c000 08:06 265547                     /lib/x86_64-linux-gnu/libgcrypt.so.11.8.2
7f2773372000-7f2773373000 r--p 0007c000 08:06 265547                     /lib/x86_64-linux-gnu/libgcrypt.so.11.8.2
7f2773373000-7f2773376000 rw-p 0007d000 08:06 265547                     /lib/x86_64-linux-gnu/libgcrypt.so.11.8.2
7f2773376000-7f277338b000 r-xp 00000000 08:06 265694                     /lib/x86_64-linux-gnu/libusb-1.0.so.0.1.0
7f277338b000-7f277358b000 ---p 00015000 08:06 265694                     /lib/x86_64-linux-gnu/libusb-1.0.so.0.1.0
7f277358b000-7f277358c000 r--p 00015000 08:06 265694                     /lib/x86_64-linux-gnu/libusb-1.0.so.0.1.0
7f277358c000-7f277358d000 rw-p 00016000 08:06 265694                     /lib/x86_64-linux-gnu/libusb-1.0.so.0.1.0
7f277358d000-7f27735e2000 r-xp 00000000 08:06 522616                     /usr/lib/x86_64-linux-gnu/libmtp.so.9.1.0
7f27735e2000-7f27737e2000 ---p 00055000 08:06 522616                     /usr/lib/x86_64-linux-gnu/libmtp.so.9.1.0
7f27737e2000-7f27737ea000 r--p 00055000 08:06 522616                     /usr/lib/x86_64-linux-gnu/libmtp.so.9.1.0
7f27737ea000-7f27737f4000 rw-p 0005d000 08:06 522616                     /usr/lib/x86_64-linux-gnu/libmtp.so.9.1.0
7f27737f4000-7f27738da000 r-xp 00000000 08:06 524368                     /usr/lib/x86_64-linux-gnu/libstdc++.so.6.0.19
7f27738da000-7f2773ad9000 ---p 000e6000 08:06 524368                     /usr/lib/x86_64-linux-gnu/libstdc++.so.6.0.19
7f2773ad9000-7f2773ae1000 r--p 000e5000 08:06 524368                     /usr/lib/x86_64-linux-gnu/libstdc++.so.6.0.19
7f2773ae1000-7f2773ae3000 rw-p 000ed000 08:06 524368                     /usr/lib/x86_64-linux-gnu/libstdc++.so.6.0.19
7f2773ae3000-7f2773af8000 rw-p 00000000 00:00 0 
7f2773b0d000-7f2773b0f000 r-xp 00000000 08:06 412929                     /usr/lib/vlc/plugins/services_discovery/libmtp_plugin.so
7f2773b0f000-7f2773d0e000 ---p 00002000 08:06 412929                     /usr/lib/vlc/plugins/services_discovery/libmtp_plugin.so
7f2773d0e000-7f2773d0f000 r--p 00001000 08:06 412929                     /usr/lib/vlc/plugins/services_discovery/libmtp_plugin.so
7f2773d0f000-7f2773d10000 rw-p 00002000 08:06 412929                     /usr/lib/vlc/plugins/services_discovery/libmtp_plugin.so
7f2773d10000-7f2773df9000 r-xp 00000000 08:06 530146                     /usr/lib/x86_64-linux-gnu/libasound.so.2.0.0
7f2773df9000-7f2773ff8000 ---p 000e9000 08:06 530146                     /usr/lib/x86_64-linux-gnu/libasound.so.2.0.0
7f2773ff8000-7f2773fff000 r--p 000e8000 08:06 530146                     /usr/lib/x86_64-linux-gnu/libasound.so.2.0.0
7f2773fff000-7f2774000000 rw-p 000ef000 08:06 530146                     /usr/lib/x86_64-linux-gnu/libasound.so.2.0.0
7f2774000000-7f2774021000 rw-p 00000000 00:00 0 
7f2774021000-7f2778000000 ---p 00000000 00:00 0 
7f2778000000-7f2778021000 rw-p 00000000 00:00 0 
7f2778021000-7f277c000000 ---p 00000000 00:00 0 
7f277c000000-7f277c021000 rw-p 00000000 00:00 0 
7f277c021000-7f2780000000 ---p 00000000 00:00 0 
7f2780000000-7f278038d000 rw-p 00000000 00:00 0 
7f278038d000-7f2784000000 ---p 00000000 00:00 0 
7f27840cc000-7f27840cd000 ---p 00000000 00:00 0 
7f27840cd000-7f27841cd000 rw-p 00000000 00:00 0                          [stack:7511]
7f27841cd000-7f27841e4000 r-xp 00000000 08:06 261127                     /lib/x86_64-linux-gnu/libresolv-2.19.so
7f27841e4000-7f27843e4000 ---p 00017000 08:06 261127                     /lib/x86_64-linux-gnu/libresolv-2.19.so
7f27843e4000-7f27843e5000 r--p 00017000 08:06 261127                     /lib/x86_64-linux-gnu/libresolv-2.19.so
7f27843e5000-7f27843e6000 rw-p 00018000 08:06 261127                     /lib/x86_64-linux-gnu/libresolv-2.19.so
7f27843e6000-7f27843e8000 rw-p 00000000 00:00 0 
7f27843e8000-7f27843ef000 r-xp 00000000 08:06 530783                     /usr/lib/x86_64-linux-gnu/libogg.so.0.8.1
7f27843ef000-7f27845ef000 ---p 00007000 08:06 530783                     /usr/lib/x86_64-linux-gnu/libogg.so.0.8.1
7f27845ef000-7f27845f0000 r--p 00007000 08:06 530783                     /usr/lib/x86_64-linux-gnu/libogg.so.0.8.1
7f27845f0000-7f27845f1000 rw-p 00008000 08:06 530783                     /usr/lib/x86_64-linux-gnu/libogg.so.0.8.1
7f27845f1000-7f278461d000 r-xp 00000000 08:06 531059                     /usr/lib/x86_64-linux-gnu/libvorbis.so.0.4.5
7f278461d000-7f278481c000 ---p 0002c000 08:06 531059                     /usr/lib/x86_64-linux-gnu/libvorbis.so.0.4.5
7f278481c000-7f278481d000 r--p 0002b000 08:06 531059                     /usr/lib/x86_64-linux-gnu/libvorbis.so.0.4.5
7f278481d000-7f278481e000 rw-p 0002c000 08:06 531059                     /usr/lib/x86_64-linux-gnu/libvorbis.so.0.4.5
7f278481e000-7f2784ad1000 r-xp 00000000 08:06 531061                     /usr/lib/x86_64-linux-gnu/libvorbisenc.so.2.0.8
7f2784ad1000-7f2784cd0000 ---p 002b3000 08:06 531061                     /usr/lib/x86_64-linux-gnu/libvorbisenc.so.2.0.8
7f2784cd0000-7f2784cec000 r--p 002b2000 08:06 531061                     /usr/lib/x86_64-linux-gnu/libvorbisenc.so.2.0.8
7f2784cec000-7f2784ced000 rw-p 002ce000 08:06 531061                     /usr/lib/x86_64-linux-gnu/libvorbisenc.so.2.0.8
7f2784ced000-7f2784d1d000 r-xp 00000000 08:06 529922                     /usr/lib/x86_64-linux-gnu/libFLAC.so.8.3.0
7f2784d1d000-7f2784f1c000 ---p 00030000 08:06 529922                     /usr/lib/x86_64-linux-gnu/libFLAC.so.8.3.0
7f2784f1c000-7f2784f1d000 r--p 0002f000 08:06 529922                     /usr/lib/x86_64-linux-gnu/libFLAC.so.8.3.0
7f2784f1d000-7f2784f1e000 rw-p 00030000 08:06 529922                     /usr/lib/x86_64-linux-gnu/libFLAC.so.8.3.0
7f2784f1e000-7f2784f23000 r-xp 00000000 08:06 530154                     /usr/lib/x86_64-linux-gnu/libasyncns.so.0.3.1
7f2784f23000-7f2785122000 ---p 00005000 08:06 530154                     /usr/lib/x86_64-linux-gnu/libasyncns.so.0.3.1
7f2785122000-7f2785123000 r--p 00004000 08:06 530154                     /usr/lib/x86_64-linux-gnu/libasyncns.so.0.3.1
7f2785123000-7f2785124000 rw-p 00005000 08:06 530154                     /usr/lib/x86_64-linux-gnu/libasyncns.so.0.3.1
7f2785124000-7f2785185000 r-xp 00000000 08:06 530940                     /usr/lib/x86_64-linux-gnu/libsndfile.so.1.0.25
7f2785185000-7f2785385000 ---p 00061000 08:06 530940                     /usr/lib/x86_64-linux-gnu/libsndfile.so.1.0.25
7f2785385000-7f2785387000 r--p 00061000 08:06 530940                     /usr/lib/x86_64-linux-gnu/libsndfile.so.1.0.25
7f2785387000-7f2785388000 rw-p 00063000 08:06 530940                     /usr/lib/x86_64-linux-gnu/libsndfile.so.1.0.25
7f2785388000-7f278538c000 rw-p 00000000 00:00 0 
7f278538c000-7f2785394000 r-xp 00000000 08:06 265700                     /lib/x86_64-linux-gnu/libwrap.so.0.7.6
7f2785394000-7f2785593000 ---p 00008000 08:06 265700                     /lib/x86_64-linux-gnu/libwrap.so.0.7.6
7f2785593000-7f2785594000 r--p 00007000 08:06 265700                     /lib/x86_64-linux-gnu/libwrap.so.0.7.6
7f2785594000-7f2785595000 rw-p 00008000 08:06 265700                     /lib/x86_64-linux-gnu/libwrap.so.0.7.6
7f2785595000-7f2785596000 rw-p 00000000 00:00 0 
7f2785596000-7f27855fc000 r-xp 00000000 08:06 783969                     /usr/lib/x86_64-linux-gnu/pulseaudio/libpulsecommon-4.0.so
7f27855fc000-7f27857fb000 ---p 00066000 08:06 783969                     /usr/lib/x86_64-linux-gnu/pulseaudio/libpulsecommon-4.0.so
7f27857fb000-7f27857fc000 r--p 00065000 08:06 783969                     /usr/lib/x86_64-linux-gnu/pulseaudio/libpulsecommon-4.0.so
7f27857fc000-7f27857fd000 rw-p 00066000 08:06 783969                     /usr/lib/x86_64-linux-gnu/pulseaudio/libpulsecommon-4.0.so
7f27857fd000-7f2785807000 r-xp 00000000 08:06 265580                     /lib/x86_64-linux-gnu/libjson-c.so.2.0.0
7f2785807000-7f2785a06000 ---p 0000a000 08:06 265580                     /lib/x86_64-linux-gnu/libjson-c.so.2.0.0
7f2785a06000-7f2785a07000 r--p 00009000 08:06 265580                     /lib/x86_64-linux-gnu/libjson-c.so.2.0.0
7f2785a07000-7f2785a08000 rw-p 0000a000 08:06 265580                     /lib/x86_64-linux-gnu/libjson-c.so.2.0.0
7f2785a08000-7f2785a4f000 r-xp 00000000 08:06 530852                     /usr/lib/x86_64-linux-gnu/libpulse.so.0.16.2
7f2785a4f000-7f2785c4f000 ---p 00047000 08:06 530852                     /usr/lib/x86_64-linux-gnu/libpulse.so.0.16.2
7f2785c4f000-7f2785c50000 r--p 00047000 08:06 530852                     /usr/lib/x86_64-linux-gnu/libpulse.so.0.16.2
7f2785c50000-7f2785c51000 rw-p 00048000 08:06 530852                     /usr/lib/x86_64-linux-gnu/libpulse.so.0.16.2
7f2785c52000-7f2785c57000 r-xp 00000000 08:06 412892                     /usr/lib/vlc/plugins/audio_output/libalsa_plugin.so
7f2785c57000-7f2785e56000 ---p 00005000 08:06 412892                     /usr/lib/vlc/plugins/audio_output/libalsa_plugin.so
7f2785e56000-7f2785e57000 r--p 00004000 08:06 412892                     /usr/lib/vlc/plugins/audio_output/libalsa_plugin.so
7f2785e57000-7f2785e58000 rw-p 00005000 08:06 412892                     /usr/lib/vlc/plugins/audio_output/libalsa_plugin.so
7f2785e58000-7f2785e9c000 r-xp 00000000 08:06 265554                     /lib/x86_64-linux-gnu/libdbus-1.so.3.7.6
7f2785e9c000-7f278609b000 ---p 00044000 08:06 265554                     /lib/x86_64-linux-gnu/libdbus-1.so.3.7.6
7f278609b000-7f278609c000 r--p 00043000 08:06 265554                     /lib/x86_64-linux-gnu/libdbus-1.so.3.7.6
7f278609c000-7f278609d000 rw-p 00044000 08:06 265554                     /lib/x86_64-linux-gnu/libdbus-1.so.3.7.6
7f278609d000-7f27860ce000 r-xp 00000000 08:06 530638                     /usr/lib/x86_64-linux-gnu/libidn.so.11.6.11
7f27860ce000-7f27862ce000 ---p 00031000 08:06 530638                     /usr/lib/x86_64-linux-gnu/libidn.so.11.6.11
7f27862ce000-7f27862cf000 r--p 00031000 08:06 530638                     /usr/lib/x86_64-linux-gnu/libidn.so.11.6.11
7f27862cf000-7f27862d0000 rw-p 00032000 08:06 530638                     /usr/lib/x86_64-linux-gnu/libidn.so.11.6.11
7f27862d0000-7f27863ae000 r-xp 00000000 08:06 412641                     /usr/lib/libvlccore.so.7.0.0
7f27863ae000-7f27865ae000 ---p 000de000 08:06 412641                     /usr/lib/libvlccore.so.7.0.0
7f27865ae000-7f27865b1000 r--p 000de000 08:06 412641                     /usr/lib/libvlccore.so.7.0.0
7f27865b1000-7f27865b2000 rw-p 000e1000 08:06 412641                     /usr/lib/libvlccore.so.7.0.0
7f27865b2000-7f27865cc000 r-xp 00000000 08:06 412644                     /usr/lib/libvlc.so.5.4.0
7f27865cc000-7f27867cb000 ---p 0001a000 08:06 412644                     /usr/lib/libvlc.so.5.4.0
7f27867cb000-7f27867cc000 r--p 00019000 08:06 412644                     /usr/lib/libvlc.so.5.4.0
7f27867cc000-7f27867cd000 rw-p 0001a000 08:06 412644                     /usr/lib/libvlc.so.5.4.0
7f27867cd000-7f27867d0000 ---p 00000000 00:00 0 
7f27867d0000-7f2786806000 rw-p 00000000 00:00 0 
7f2786806000-7f278681d000 r-xp 00000000 08:06 533780                     /tmp/jna-3268048/jna7001746823708300272.tmp (deleted)
7f278681d000-7f278691c000 ---p 00017000 08:06 533780                     /tmp/jna-3268048/jna7001746823708300272.tmp (deleted)
7f278691c000-7f278691e000 rw-p 00016000 08:06 533780                     /tmp/jna-3268048/jna7001746823708300272.tmp (deleted)
7f278691e000-7f278691f000 r-xp 00000000 08:06 414495                     /usr/lib/jvm/java-8-oracle/jre/lib/amd64/libjawt.so
7f278691f000-7f2786b1e000 ---p 00001000 08:06 414495                     /usr/lib/jvm/java-8-oracle/jre/lib/amd64/libjawt.so
7f2786b1e000-7f2786b1f000 rw-p 00000000 08:06 414495                     /usr/lib/jvm/java-8-oracle/jre/lib/amd64/libjawt.so
7f2786b1f000-7f2786b22000 ---p 00000000 00:00 0 
7f2786b22000-7f2786c20000 rw-p 00000000 00:00 0                          [stack:7507]
7f2786c20000-7f2786c25000 r-xp 00000000 08:06 522501                     /usr/lib/x86_64-linux-gnu/libXfixes.so.3.1.0
7f2786c25000-7f2786e24000 ---p 00005000 08:06 522501                     /usr/lib/x86_64-linux-gnu/libXfixes.so.3.1.0
7f2786e24000-7f2786e25000 r--p 00004000 08:06 522501                     /usr/lib/x86_64-linux-gnu/libXfixes.so.3.1.0
7f2786e25000-7f2786e26000 rw-p 00005000 08:06 522501                     /usr/lib/x86_64-linux-gnu/libXfixes.so.3.1.0
7f2786e26000-7f2786e2f000 r-xp 00000000 08:06 530071                     /usr/lib/x86_64-linux-gnu/libXcursor.so.1.0.2
7f2786e2f000-7f278702e000 ---p 00009000 08:06 530071                     /usr/lib/x86_64-linux-gnu/libXcursor.so.1.0.2
7f278702e000-7f278702f000 r--p 00008000 08:06 530071                     /usr/lib/x86_64-linux-gnu/libXcursor.so.1.0.2
7f278702f000-7f2787030000 rw-p 00009000 08:06 530071                     /usr/lib/x86_64-linux-gnu/libXcursor.so.1.0.2
7f2787030000-7f2787033000 ---p 00000000 00:00 0 
7f2787033000-7f2787131000 rw-p 00000000 00:00 0                          [stack:7506]
7f2787131000-7f2787147000 r-xp 00000000 08:06 265567                     /lib/x86_64-linux-gnu/libgcc_s.so.1
7f2787147000-7f2787346000 ---p 00016000 08:06 265567                     /lib/x86_64-linux-gnu/libgcc_s.so.1
7f2787346000-7f2787347000 rw-p 00015000 08:06 265567                     /lib/x86_64-linux-gnu/libgcc_s.so.1
7f2787347000-7f27873ac000 r-xp 00000000 08:06 414526                     /usr/lib/jvm/java-8-oracle/jre/lib/amd64/libfontmanager.so
7f27873ac000-7f27875ac000 ---p 00065000 08:06 414526                     /usr/lib/jvm/java-8-oracle/jre/lib/amd64/libfontmanager.so
7f27875ac000-7f27875b0000 rw-p 00065000 08:06 414526                     /usr/lib/jvm/java-8-oracle/jre/lib/amd64/libfontmanager.so
7f27875b0000-7f27875c1000 rw-p 00000000 00:00 0 
7f27875c1000-7f27875c6000 r-xp 00000000 08:06 530075                     /usr/lib/x86_64-linux-gnu/libXdmcp.so.6.0.0
7f27875c6000-7f27877c5000 ---p 00005000 08:06 530075                     /usr/lib/x86_64-linux-gnu/libXdmcp.so.6.0.0
7f27877c5000-7f27877c6000 r--p 00004000 08:06 530075                     /usr/lib/x86_64-linux-gnu/libXdmcp.so.6.0.0
7f27877c6000-7f27877c7000 rw-p 00005000 08:06 530075                     /usr/lib/x86_64-linux-gnu/libXdmcp.so.6.0.0
7f27877c7000-7f27877c9000 r-xp 00000000 08:06 530064                     /usr/lib/x86_64-linux-gnu/libXau.so.6.0.0
7f27877c9000-7f27879c9000 ---p 00002000 08:06 530064                     /usr/lib/x86_64-linux-gnu/libXau.so.6.0.0
7f27879c9000-7f27879ca000 r--p 00002000 08:06 530064                     /usr/lib/x86_64-linux-gnu/libXau.so.6.0.0
7f27879ca000-7f27879cb000 rw-p 00003000 08:06 530064                     /usr/lib/x86_64-linux-gnu/libXau.so.6.0.0
7f27879cb000-7f27879e8000 r-xp 00000000 08:06 531132                     /usr/lib/x86_64-linux-gnu/libxcb.so.1.1.0
7f27879e8000-7f2787be8000 ---p 0001d000 08:06 531132                     /usr/lib/x86_64-linux-gnu/libxcb.so.1.1.0
7f2787be8000-7f2787be9000 r--p 0001d000 08:06 531132                     /usr/lib/x86_64-linux-gnu/libxcb.so.1.1.0
7f2787be9000-7f2787bea000 rw-p 0001e000 08:06 531132                     /usr/lib/x86_64-linux-gnu/libxcb.so.1.1.0
7f2787bea000-7f2787bf9000 r-xp 00000000 08:06 522608                     /usr/lib/x86_64-linux-gnu/libXi.so.6.1.0
7f2787bf9000-7f2787df8000 ---p 0000f000 08:06 522608                     /usr/lib/x86_64-linux-gnu/libXi.so.6.1.0
7f2787df8000-7f2787df9000 r--p 0000e000 08:06 522608                     /usr/lib/x86_64-linux-gnu/libXi.so.6.1.0
7f2787df9000-7f2787dfa000 rw-p 0000f000 08:06 522608                     /usr/lib/x86_64-linux-gnu/libXi.so.6.1.0
7f2787dfa000-7f2787dff000 r-xp 00000000 08:06 530105                     /usr/lib/x86_64-linux-gnu/libXtst.so.6.1.0
7f2787dff000-7f2787ffe000 ---p 00005000 08:06 530105                     /usr/lib/x86_64-linux-gnu/libXtst.so.6.1.0
7f2787ffe000-7f2787fff000 r--p 00004000 08:06 530105                     /usr/lib/x86_64-linux-gnu/libXtst.so.6.1.0
7f2787fff000-7f2788000000 rw-p 00005000 08:06 530105                     /usr/lib/x86_64-linux-gnu/libXtst.so.6.1.0
7f2788000000-7f2788021000 rw-p 00000000 00:00 0 
7f2788021000-7f278c000000 ---p 00000000 00:00 0 
7f278c000000-7f278c021000 rw-p 00000000 00:00 0 
7f278c021000-7f2790000000 ---p 00000000 00:00 0 
7f2790000000-7f2791368000 rw-p 00000000 00:00 0 
7f2791368000-7f2794000000 ---p 00000000 00:00 0 
7f2794000000-7f2794253000 rw-p 00000000 00:00 0 
7f2794253000-7f2798000000 ---p 00000000 00:00 0 
7f2798000000-7f2798021000 rw-p 00000000 00:00 0 
7f2798021000-7f279c000000 ---p 00000000 00:00 0 
7f279c000000-7f279c85f000 rw-p 00000000 00:00 0 
7f279c85f000-7f27a0000000 ---p 00000000 00:00 0 
7f27a0000000-7f27a0021000 rw-p 00000000 00:00 0 
7f27a0021000-7f27a4000000 ---p 00000000 00:00 0 
7f27a4000000-7f27a4021000 rw-p 00000000 00:00 0 
7f27a4021000-7f27a8000000 ---p 00000000 00:00 0 
7f27a8000000-7f27a8021000 rw-p 00000000 00:00 0 
7f27a8021000-7f27ac000000 ---p 00000000 00:00 0 
7f27ac000000-7f27ac021000 rw-p 00000000 00:00 0 
7f27ac021000-7f27b0000000 ---p 00000000 00:00 0 
7f27b0000000-7f27b0021000 rw-p 00000000 00:00 0 
7f27b0021000-7f27b4000000 ---p 00000000 00:00 0 
7f27b4000000-7f27b4021000 rw-p 00000000 00:00 0 
7f27b4021000-7f27b8000000 ---p 00000000 00:00 0 
7f27b800e000-7f27b8017000 r-xp 00000000 08:06 522612                     /usr/lib/x86_64-linux-gnu/libXrender.so.1.3.0
7f27b8017000-7f27b8216000 ---p 00009000 08:06 522612                     /usr/lib/x86_64-linux-gnu/libXrender.so.1.3.0
7f27b8216000-7f27b8217000 r--p 00008000 08:06 522612                     /usr/lib/x86_64-linux-gnu/libXrender.so.1.3.0
7f27b8217000-7f27b8218000 rw-p 00009000 08:06 522612                     /usr/lib/x86_64-linux-gnu/libXrender.so.1.3.0
7f27b8218000-7f27b8348000 r-xp 00000000 08:06 530060                     /usr/lib/x86_64-linux-gnu/libX11.so.6.3.0
7f27b8348000-7f27b8548000 ---p 00130000 08:06 530060                     /usr/lib/x86_64-linux-gnu/libX11.so.6.3.0
7f27b8548000-7f27b8549000 r--p 00130000 08:06 530060                     /usr/lib/x86_64-linux-gnu/libX11.so.6.3.0
7f27b8549000-7f27b854d000 rw-p 00131000 08:06 530060                     /usr/lib/x86_64-linux-gnu/libX11.so.6.3.0
7f27b854d000-7f27b855e000 r-xp 00000000 08:06 522564                     /usr/lib/x86_64-linux-gnu/libXext.so.6.4.0
7f27b855e000-7f27b875d000 ---p 00011000 08:06 522564                     /usr/lib/x86_64-linux-gnu/libXext.so.6.4.0
7f27b875d000-7f27b875e000 r--p 00010000 08:06 522564                     /usr/lib/x86_64-linux-gnu/libXext.so.6.4.0
7f27b875e000-7f27b875f000 rw-p 00011000 08:06 522564                     /usr/lib/x86_64-linux-gnu/libXext.so.6.4.0
7f27b875f000-7f27b87b3000 r-xp 00000000 08:06 414472                     /usr/lib/jvm/java-8-oracle/jre/lib/amd64/libawt_xawt.so
7f27b87b3000-7f27b89b3000 ---p 00054000 08:06 414472                     /usr/lib/jvm/java-8-oracle/jre/lib/amd64/libawt_xawt.so
7f27b89b3000-7f27b89b7000 rw-p 00054000 08:06 414472                     /usr/lib/jvm/java-8-oracle/jre/lib/amd64/libawt_xawt.so
7f27b89b7000-7f27b89b8000 rw-p 00000000 00:00 0 
7f27b89b8000-7f27b8a5a000 r-xp 00000000 08:06 414471                     /usr/lib/jvm/java-8-oracle/jre/lib/amd64/libawt.so
7f27b8a5a000-7f27b8c5a000 ---p 000a2000 08:06 414471                     /usr/lib/jvm/java-8-oracle/jre/lib/amd64/libawt.so
7f27b8c5a000-7f27b8c66000 rw-p 000a2000 08:06 414471                     /usr/lib/jvm/java-8-oracle/jre/lib/amd64/libawt.so
7f27b8c66000-7f27b8c8a000 rw-p 00000000 00:00 0 
7f27b8c8a000-7f27b8c8d000 ---p 00000000 00:00 0 
7f27b8c8d000-7f27b8d8b000 rw-p 00000000 00:00 0                          [stack:7568]
7f27b8d8b000-7f27b8da1000 r-xp 00000000 08:06 414527                     /usr/lib/jvm/java-8-oracle/jre/lib/amd64/libnet.so
7f27b8da1000-7f27b8fa1000 ---p 00016000 08:06 414527                     /usr/lib/jvm/java-8-oracle/jre/lib/amd64/libnet.so
7f27b8fa1000-7f27b8fa2000 rw-p 00016000 08:06 414527                     /usr/lib/jvm/java-8-oracle/jre/lib/amd64/libnet.so
7f27b8fa2000-7f27b8fa3000 ---p 00000000 00:00 0 
7f27b8fa3000-7f27b90a3000 rw-p 00000000 00:00 0                          [stack:7473]
7f27b90a3000-7f27b90a6000 ---p 00000000 00:00 0 
7f27b90a6000-7f27b91a4000 rw-p 00000000 00:00 0                          [stack:7472]
7f27b91a4000-7f27b91a7000 ---p 00000000 00:00 0 
7f27b91a7000-7f27b92a5000 rw-p 00000000 00:00 0                          [stack:7471]
7f27b92a5000-7f27b92a8000 ---p 00000000 00:00 0 
7f27b92a8000-7f27b93a6000 rw-p 00000000 00:00 0                          [stack:7470]
7f27b93a6000-7f27b93a9000 ---p 00000000 00:00 0 
7f27b93a9000-7f27b94a7000 rw-p 00000000 00:00 0                          [stack:7469]
7f27b94a7000-7f27b94aa000 ---p 00000000 00:00 0 
7f27b94aa000-7f27b95a8000 rw-p 00000000 00:00 0                          [stack:7468]
7f27b95a8000-7f27b9ccb000 r--p 00000000 08:06 397847                     /usr/lib/locale/locale-archive
7f27b9ccb000-7f27b9cce000 ---p 00000000 00:00 0 
7f27b9cce000-7f27b9dcc000 rw-p 00000000 00:00 0                          [stack:7467]
7f27b9dcc000-7f27b9dcf000 ---p 00000000 00:00 0 
7f27b9dcf000-7f27b9ecd000 rw-p 00000000 00:00 0                          [stack:7466]
7f27b9ecd000-7f27b9ece000 ---p 00000000 00:00 0 
7f27b9ece000-7f27bc000000 rw-p 00000000 00:00 0                          [stack:7465]
7f27bc000000-7f27bc021000 rw-p 00000000 00:00 0 
7f27bc021000-7f27c0000000 ---p 00000000 00:00 0 
7f27c0022000-7f27c0029000 r--s 00000000 08:06 671514                     /usr/lib/x86_64-linux-gnu/gconv/gconv-modules.cache
7f27c0029000-7f27c0038000 r--s 00115000 08:07 2097400                    /home/jony/.m2/repository/net/java/dev/jna/platform/3.5.2/platform-3.5.2.jar
7f27c0038000-7f27c0044000 r--s 00057000 08:07 2097396                    /home/jony/.m2/repository/uk/co/caprica/vlcj/3.9.0/vlcj-3.9.0.jar
7f27c0044000-7f27c0e27000 rw-p 00000000 00:00 0 
7f27c0e27000-7f27c1000000 r--s 03d20000 08:06 414457                     /usr/lib/jvm/java-8-oracle/jre/lib/rt.jar
7f27c1000000-7f27c13c0000 rwxp 00000000 00:00 0 
7f27c13c0000-7f27d0000000 ---p 00000000 00:00 0 
7f27d0000000-7f27d00f8000 rw-p 00000000 00:00 0 
7f27d00f8000-7f27d4000000 ---p 00000000 00:00 0 
7f27d4001000-7f27d4006000 r--s 00096000 08:06 414462                     /usr/lib/jvm/java-8-oracle/jre/lib/jsse.jar
7f27d4006000-7f27d483c000 rw-p 00000000 00:00 0 
7f27d483c000-7f27d487c000 ---p 00000000 00:00 0 
7f27d487c000-7f27d4a5f000 rw-p 00000000 00:00 0 
7f27d4a5f000-7f27d4a60000 ---p 00000000 00:00 0 
7f27d4a60000-7f27d4b60000 rw-p 00000000 00:00 0                          [stack:7464]
7f27d4b60000-7f27d4b61000 ---p 00000000 00:00 0 
7f27d4b61000-7f27d4c61000 rw-p 00000000 00:00 0                          [stack:7463]
7f27d4c61000-7f27d4c62000 ---p 00000000 00:00 0 
7f27d4c62000-7f27d4d62000 rw-p 00000000 00:00 0                          [stack:7462]
7f27d4d62000-7f27d4d63000 ---p 00000000 00:00 0 
7f27d4d63000-7f27d4e78000 rw-p 00000000 00:00 0                          [stack:7461]
7f27d4e78000-7f27d4fa5000 ---p 00000000 00:00 0 
7f27d4fa5000-7f27d4fba000 rw-p 00000000 00:00 0 
7f27d4fba000-7f27d50e7000 ---p 00000000 00:00 0 
7f27d50e7000-7f27d50f2000 rw-p 00000000 00:00 0 
7f27d50f2000-7f27d5188000 ---p 00000000 00:00 0 
7f27d5188000-7f27d5198000 rw-p 00000000 00:00 0 
7f27d5198000-7f27d5549000 ---p 00000000 00:00 0 
7f27d5549000-7f27d5563000 r-xp 00000000 08:06 414518                     /usr/lib/jvm/java-8-oracle/jre/lib/amd64/libzip.so
7f27d5563000-7f27d5763000 ---p 0001a000 08:06 414518                     /usr/lib/jvm/java-8-oracle/jre/lib/amd64/libzip.so
7f27d5763000-7f27d5764000 rw-p 0001a000 08:06 414518                     /usr/lib/jvm/java-8-oracle/jre/lib/amd64/libzip.so
7f27d5764000-7f27d576f000 r-xp 00000000 08:06 261141                     /lib/x86_64-linux-gnu/libnss_files-2.19.so
7f27d576f000-7f27d596e000 ---p 0000b000 08:06 261141                     /lib/x86_64-linux-gnu/libnss_files-2.19.so
7f27d596e000-7f27d596f000 r--p 0000a000 08:06 261141                     /lib/x86_64-linux-gnu/libnss_files-2.19.so
7f27d596f000-7f27d5970000 rw-p 0000b000 08:06 261141                     /lib/x86_64-linux-gnu/libnss_files-2.19.so
7f27d5970000-7f27d597b000 r-xp 00000000 08:06 265432                     /lib/x86_64-linux-gnu/libnss_nis-2.19.so
7f27d597b000-7f27d5b7a000 ---p 0000b000 08:06 265432                     /lib/x86_64-linux-gnu/libnss_nis-2.19.so
7f27d5b7a000-7f27d5b7b000 r--p 0000a000 08:06 265432                     /lib/x86_64-linux-gnu/libnss_nis-2.19.so
7f27d5b7b000-7f27d5b7c000 rw-p 0000b000 08:06 265432                     /lib/x86_64-linux-gnu/libnss_nis-2.19.so
7f27d5b7c000-7f27d5b93000 r-xp 00000000 08:06 261216                     /lib/x86_64-linux-gnu/libnsl-2.19.so
7f27d5b93000-7f27d5d92000 ---p 00017000 08:06 261216                     /lib/x86_64-linux-gnu/libnsl-2.19.so
7f27d5d92000-7f27d5d93000 r--p 00016000 08:06 261216                     /lib/x86_64-linux-gnu/libnsl-2.19.so
7f27d5d93000-7f27d5d94000 rw-p 00017000 08:06 261216                     /lib/x86_64-linux-gnu/libnsl-2.19.so
7f27d5d94000-7f27d5d96000 rw-p 00000000 00:00 0 
7f27d5d96000-7f27d5d9f000 r-xp 00000000 08:06 261215                     /lib/x86_64-linux-gnu/libnss_compat-2.19.so
7f27d5d9f000-7f27d5f9e000 ---p 00009000 08:06 261215                     /lib/x86_64-linux-gnu/libnss_compat-2.19.so
7f27d5f9e000-7f27d5f9f000 r--p 00008000 08:06 261215                     /lib/x86_64-linux-gnu/libnss_compat-2.19.so
7f27d5f9f000-7f27d5fa0000 rw-p 00009000 08:06 261215                     /lib/x86_64-linux-gnu/libnss_compat-2.19.so
7f27d5fa0000-7f27d5fca000 r-xp 00000000 08:06 414479                     /usr/lib/jvm/java-8-oracle/jre/lib/amd64/libjava.so
7f27d5fca000-7f27d61ca000 ---p 0002a000 08:06 414479                     /usr/lib/jvm/java-8-oracle/jre/lib/amd64/libjava.so
7f27d61ca000-7f27d61cc000 rw-p 0002a000 08:06 414479                     /usr/lib/jvm/java-8-oracle/jre/lib/amd64/libjava.so
7f27d61cc000-7f27d61d9000 r-xp 00000000 08:06 414470                     /usr/lib/jvm/java-8-oracle/jre/lib/amd64/libverify.so
7f27d61d9000-7f27d63d9000 ---p 0000d000 08:06 414470                     /usr/lib/jvm/java-8-oracle/jre/lib/amd64/libverify.so
7f27d63d9000-7f27d63db000 rw-p 0000d000 08:06 414470                     /usr/lib/jvm/java-8-oracle/jre/lib/amd64/libverify.so
7f27d63db000-7f27d63e2000 r-xp 00000000 08:06 261224                     /lib/x86_64-linux-gnu/librt-2.19.so
7f27d63e2000-7f27d65e1000 ---p 00007000 08:06 261224                     /lib/x86_64-linux-gnu/librt-2.19.so
7f27d65e1000-7f27d65e2000 r--p 00006000 08:06 261224                     /lib/x86_64-linux-gnu/librt-2.19.so
7f27d65e2000-7f27d65e3000 rw-p 00007000 08:06 261224                     /lib/x86_64-linux-gnu/librt-2.19.so
7f27d65e3000-7f27d66e8000 r-xp 00000000 08:06 261137                     /lib/x86_64-linux-gnu/libm-2.19.so
7f27d66e8000-7f27d68e7000 ---p 00105000 08:06 261137                     /lib/x86_64-linux-gnu/libm-2.19.so
7f27d68e7000-7f27d68e8000 r--p 00104000 08:06 261137                     /lib/x86_64-linux-gnu/libm-2.19.so
7f27d68e8000-7f27d68e9000 rw-p 00105000 08:06 261137                     /lib/x86_64-linux-gnu/libm-2.19.so
7f27d68e9000-7f27d75a7000 r-xp 00000000 08:06 414502                     /usr/lib/jvm/java-8-oracle/jre/lib/amd64/server/libjvm.so
7f27d75a7000-7f27d77a6000 ---p 00cbe000 08:06 414502                     /usr/lib/jvm/java-8-oracle/jre/lib/amd64/server/libjvm.so
7f27d77a6000-7f27d787f000 rw-p 00cbd000 08:06 414502                     /usr/lib/jvm/java-8-oracle/jre/lib/amd64/server/libjvm.so
7f27d787f000-7f27d78c3000 rw-p 00000000 00:00 0 
7f27d78c3000-7f27d7a7e000 r-xp 00000000 08:06 261221                     /lib/x86_64-linux-gnu/libc-2.19.so
7f27d7a7e000-7f27d7c7d000 ---p 001bb000 08:06 261221                     /lib/x86_64-linux-gnu/libc-2.19.so
7f27d7c7d000-7f27d7c81000 r--p 001ba000 08:06 261221                     /lib/x86_64-linux-gnu/libc-2.19.so
7f27d7c81000-7f27d7c83000 rw-p 001be000 08:06 261221                     /lib/x86_64-linux-gnu/libc-2.19.so
7f27d7c83000-7f27d7c88000 rw-p 00000000 00:00 0 
7f27d7c88000-7f27d7c8b000 r-xp 00000000 08:06 261152                     /lib/x86_64-linux-gnu/libdl-2.19.so
7f27d7c8b000-7f27d7e8a000 ---p 00003000 08:06 261152                     /lib/x86_64-linux-gnu/libdl-2.19.so
7f27d7e8a000-7f27d7e8b000 r--p 00002000 08:06 261152                     /lib/x86_64-linux-gnu/libdl-2.19.so
7f27d7e8b000-7f27d7e8c000 rw-p 00003000 08:06 261152                     /lib/x86_64-linux-gnu/libdl-2.19.so
7f27d7e8c000-7f27d7ea1000 r-xp 00000000 08:06 413769                     /usr/lib/jvm/java-8-oracle/lib/amd64/jli/libjli.so
7f27d7ea1000-7f27d80a1000 ---p 00015000 08:06 413769                     /usr/lib/jvm/java-8-oracle/lib/amd64/jli/libjli.so
7f27d80a1000-7f27d80a2000 rw-p 00015000 08:06 413769                     /usr/lib/jvm/java-8-oracle/lib/amd64/jli/libjli.so
7f27d80a2000-7f27d80bb000 r-xp 00000000 08:06 261222                     /lib/x86_64-linux-gnu/libpthread-2.19.so
7f27d80bb000-7f27d82ba000 ---p 00019000 08:06 261222                     /lib/x86_64-linux-gnu/libpthread-2.19.so
7f27d82ba000-7f27d82bb000 r--p 00018000 08:06 261222                     /lib/x86_64-linux-gnu/libpthread-2.19.so
7f27d82bb000-7f27d82bc000 rw-p 00019000 08:06 261222                     /lib/x86_64-linux-gnu/libpthread-2.19.so
7f27d82bc000-7f27d82c0000 rw-p 00000000 00:00 0 
7f27d82c0000-7f27d82e3000 r-xp 00000000 08:06 261218                     /lib/x86_64-linux-gnu/ld-2.19.so
7f27d82e4000-7f27d82e8000 r--s 00112000 08:07 2359896                    /home/jony/.m2/repository/net/java/dev/jna/jna/4.2.1/jna-4.2.1.jar
7f27d82e8000-7f27d83ba000 rw-p 00000000 00:00 0 
7f27d83ba000-7f27d83bd000 ---p 00000000 00:00 0 
7f27d83bd000-7f27d84bf000 rw-p 00000000 00:00 0                          [stack:7460]
7f27d84c0000-7f27d84c1000 rwxp 00000000 00:00 0 
7f27d84c1000-7f27d84c2000 r--s 00002000 08:07 1322282                    /home/jony/.m2/repository/org/slf4j/slf4j-simple/1.7.12/slf4j-simple-1.7.12.jar
7f27d84c2000-7f27d84c3000 r--s 00007000 08:07 8522705                    /home/jony/.m2/repository/org/slf4j/slf4j-api/1.7.10/slf4j-api-1.7.10.jar
7f27d84c3000-7f27d84d6000 rw-p 00000000 00:00 0 
7f27d84d6000-7f27d84de000 rw-s 00000000 08:06 530346                     /tmp/hsperfdata_jony/7454
7f27d84de000-7f27d84df000 rw-p 00000000 00:00 0 
7f27d84df000-7f27d84e0000 r--p 00000000 00:00 0 
7f27d84e0000-7f27d84e2000 rw-p 00000000 00:00 0 
7f27d84e2000-7f27d84e3000 r--p 00022000 08:06 261218                     /lib/x86_64-linux-gnu/ld-2.19.so
7f27d84e3000-7f27d84e4000 rw-p 00023000 08:06 261218                     /lib/x86_64-linux-gnu/ld-2.19.so
7f27d84e4000-7f27d84e5000 rw-p 00000000 00:00 0 
7ffcdb521000-7ffcdb542000 rw-p 00000000 00:00 0                          [stack]
7ffcdb5ae000-7ffcdb5b0000 r-xp 00000000 00:00 0                          [vdso]
7ffcdb5b0000-7ffcdb5b2000 r--p 00000000 00:00 0                          [vvar]
ffffffffff600000-ffffffffff601000 r-xp 00000000 00:00 0                  [vsyscall]

VM Arguments:
jvm_args: -Dfile.encoding=UTF-8 
java_command: com.movieCart.server.ServerManager
java_class_path (initial): /home/jony/MovieCart/movieCart/target/classes:/home/jony/.m2/repository/uk/co/caprica/vlcj/3.9.0/vlcj-3.9.0.jar:/home/jony/.m2/repository/org/slf4j/slf4j-api/1.7.10/slf4j-api-1.7.10.jar:/home/jony/.m2/repository/net/java/dev/jna/platform/3.5.2/platform-3.5.2.jar:/home/jony/.m2/repository/net/java/dev/jna/jna/4.2.1/jna-4.2.1.jar:/home/jony/.m2/repository/org/slf4j/slf4j-simple/1.7.12/slf4j-simple-1.7.12.jar
Launcher Type: SUN_STANDARD

Environment Variables:
JAVA_HOME=/usr/lib/jvm/java-8-oracle
PATH=/home/jony/sys161/bin:/home/jony/sys161/tools/bin:/home/jony/bin:/usr/local/sbin:/usr/local/bin:/usr/sbin:/usr/bin:/sbin:/bin:/usr/games:/usr/local/games:/usr/lib/jvm/java-8-oracle/bin:/usr/lib/jvm/java-8-oracle/db/bin:/usr/lib/jvm/java-8-oracle/jre/bin
SHELL=/bin/bash
DISPLAY=:0

Signal Handlers:
SIGSEGV: [libjvm.so+0xaba2a0], sa_mask[0]=11111111011111111101111111111110, sa_flags=SA_RESTART|SA_SIGINFO
SIGBUS: [libjvm.so+0xaba2a0], sa_mask[0]=11111111011111111101111111111110, sa_flags=SA_RESTART|SA_SIGINFO
SIGFPE: [libjvm.so+0x917710], sa_mask[0]=11111111011111111101111111111110, sa_flags=SA_RESTART|SA_SIGINFO
SIGPIPE: [libjvm.so+0x917710], sa_mask[0]=11111111011111111101111111111110, sa_flags=SA_RESTART|SA_SIGINFO
SIGXFSZ: [libjvm.so+0x917710], sa_mask[0]=11111111011111111101111111111110, sa_flags=SA_RESTART|SA_SIGINFO
SIGILL: [libjvm.so+0x917710], sa_mask[0]=11111111011111111101111111111110, sa_flags=SA_RESTART|SA_SIGINFO
SIGUSR1: SIG_DFL, sa_mask[0]=00000000000000000000000000000000, sa_flags=none
SIGUSR2: [libjvm.so+0x918d40], sa_mask[0]=00100000000000000000000000000000, sa_flags=SA_RESTART|SA_SIGINFO
SIGHUP: [libjvm.so+0x91a140], sa_mask[0]=11111111011111111101111111111110, sa_flags=SA_RESTART|SA_SIGINFO
SIGINT: [libjvm.so+0x91a140], sa_mask[0]=11111111011111111101111111111110, sa_flags=SA_RESTART|SA_SIGINFO
SIGTERM: [libjvm.so+0x91a140], sa_mask[0]=11111111011111111101111111111110, sa_flags=SA_RESTART|SA_SIGINFO
SIGQUIT: [libjvm.so+0x91a140], sa_mask[0]=11111111011111111101111111111110, sa_flags=SA_RESTART|SA_SIGINFO


---------------  S Y S T E M  ---------------

OS:DISTRIB_ID=Ubuntu
DISTRIB_RELEASE=14.04
DISTRIB_CODENAME=trusty
DISTRIB_DESCRIPTION="Ubuntu 14.04.3 LTS"

uname:Linux 3.16.0-53-generic #72~14.04.1-Ubuntu SMP Fri Nov 6 18:17:23 UTC 2015 x86_64
libc:glibc 2.19 NPTL 2.19 
rlimit: STACK 8192k, CORE 0k, NPROC 15360, NOFILE 4096, AS infinity
load average:1.64 0.98 0.82

/proc/meminfo:
MemTotal:        3953704 kB
MemFree:          359904 kB
MemAvailable:    1159524 kB
Buffers:          253484 kB
Cached:           862824 kB
SwapCached:         6636 kB
Active:          2560672 kB
Inactive:         670256 kB
Active(anon):    2103468 kB
Inactive(anon):   283952 kB
Active(file):     457204 kB
Inactive(file):   386304 kB
Unevictable:         104 kB
Mlocked:             104 kB
SwapTotal:       9764860 kB
SwapFree:        9690572 kB
Dirty:               208 kB
Writeback:             0 kB
AnonPages:       2110492 kB
Mapped:           501276 kB
Shmem:            272792 kB
Slab:             241492 kB
SReclaimable:     209516 kB
SUnreclaim:        31976 kB
KernelStack:       11424 kB
PageTables:        41384 kB
NFS_Unstable:          0 kB
Bounce:                0 kB
WritebackTmp:          0 kB
CommitLimit:    11741712 kB
Committed_AS:    6124880 kB
VmallocTotal:   34359738367 kB
VmallocUsed:      361972 kB
VmallocChunk:   34359357632 kB
HardwareCorrupted:     0 kB
AnonHugePages:   1169408 kB
HugePages_Total:       0
HugePages_Free:        0
HugePages_Rsvd:        0
HugePages_Surp:        0
Hugepagesize:       2048 kB
DirectMap4k:       80544 kB
DirectMap2M:     4020224 kB


CPU:total 4 (2 cores per cpu, 2 threads per core) family 6 model 42 stepping 7, cmov, cx8, fxsr, mmx, sse, sse2, sse3, ssse3, sse4.1, sse4.2, popcnt, avx, aes, clmul, ht, tsc, tscinvbit

/proc/cpuinfo:
processor	: 0
vendor_id	: GenuineIntel
cpu family	: 6
model		: 42
model name	: Intel(R) Core(TM) i5-2430M CPU @ 2.40GHz
stepping	: 7
microcode	: 0x1a
cpu MHz		: 880.781
cache size	: 3072 KB
physical id	: 0
siblings	: 4
core id		: 0
cpu cores	: 2
apicid		: 0
initial apicid	: 0
fpu		: yes
fpu_exception	: yes
cpuid level	: 13
wp		: yes
flags		: fpu vme de pse tsc msr pae mce cx8 apic sep mtrr pge mca cmov pat pse36 clflush dts acpi mmx fxsr sse sse2 ss ht tm pbe syscall nx rdtscp lm constant_tsc arch_perfmon pebs bts rep_good nopl xtopology nonstop_tsc aperfmperf eagerfpu pni pclmulqdq dtes64 monitor ds_cpl vmx est tm2 ssse3 cx16 xtpr pdcm pcid sse4_1 sse4_2 x2apic popcnt tsc_deadline_timer aes xsave avx lahf_lm ida arat epb xsaveopt pln pts dtherm tpr_shadow vnmi flexpriority ept vpid
bogomips	: 4789.32
clflush size	: 64
cache_alignment	: 64
address sizes	: 36 bits physical, 48 bits virtual
power management:

processor	: 1
vendor_id	: GenuineIntel
cpu family	: 6
model		: 42
model name	: Intel(R) Core(TM) i5-2430M CPU @ 2.40GHz
stepping	: 7
microcode	: 0x1a
cpu MHz		: 818.625
cache size	: 3072 KB
physical id	: 0
siblings	: 4
core id		: 1
cpu cores	: 2
apicid		: 2
initial apicid	: 2
fpu		: yes
fpu_exception	: yes
cpuid level	: 13
wp		: yes
flags		: fpu vme de pse tsc msr pae mce cx8 apic sep mtrr pge mca cmov pat pse36 clflush dts acpi mmx fxsr sse sse2 ss ht tm pbe syscall nx rdtscp lm constant_tsc arch_perfmon pebs bts rep_good nopl xtopology nonstop_tsc aperfmperf eagerfpu pni pclmulqdq dtes64 monitor ds_cpl vmx est tm2 ssse3 cx16 xtpr pdcm pcid sse4_1 sse4_2 x2apic popcnt tsc_deadline_timer aes xsave avx lahf_lm ida arat epb xsaveopt pln pts dtherm tpr_shadow vnmi flexpriority ept vpid
bogomips	: 4789.32
clflush size	: 64
cache_alignment	: 64
address sizes	: 36 bits physical, 48 bits virtual
power management:

processor	: 2
vendor_id	: GenuineIntel
cpu family	: 6
model		: 42
model name	: Intel(R) Core(TM) i5-2430M CPU @ 2.40GHz
stepping	: 7
microcode	: 0x1a
cpu MHz		: 899.718
cache size	: 3072 KB
physical id	: 0
siblings	: 4
core id		: 0
cpu cores	: 2
apicid		: 1
initial apicid	: 1
fpu		: yes
fpu_exception	: yes
cpuid level	: 13
wp		: yes
flags		: fpu vme de pse tsc msr pae mce cx8 apic sep mtrr pge mca cmov pat pse36 clflush dts acpi mmx fxsr sse sse2 ss ht tm pbe syscall nx rdtscp lm constant_tsc arch_perfmon pebs bts rep_good nopl xtopology nonstop_tsc aperfmperf eagerfpu pni pclmulqdq dtes64 monitor ds_cpl vmx est tm2 ssse3 cx16 xtpr pdcm pcid sse4_1 sse4_2 x2apic popcnt tsc_deadline_timer aes xsave avx lahf_lm ida arat epb xsaveopt pln pts dtherm tpr_shadow vnmi flexpriority ept vpid
bogomips	: 4789.32
clflush size	: 64
cache_alignment	: 64
address sizes	: 36 bits physical, 48 bits virtual
power management:

processor	: 3
vendor_id	: GenuineIntel
cpu family	: 6
model		: 42
model name	: Intel(R) Core(TM) i5-2430M CPU @ 2.40GHz
stepping	: 7
microcode	: 0x1a
cpu MHz		: 820.031
cache size	: 3072 KB
physical id	: 0
siblings	: 4
core id		: 1
cpu cores	: 2
apicid		: 3
initial apicid	: 3
fpu		: yes
fpu_exception	: yes
cpuid level	: 13
wp		: yes
flags		: fpu vme de pse tsc msr pae mce cx8 apic sep mtrr pge mca cmov pat pse36 clflush dts acpi mmx fxsr sse sse2 ss ht tm pbe syscall nx rdtscp lm constant_tsc arch_perfmon pebs bts rep_good nopl xtopology nonstop_tsc aperfmperf eagerfpu pni pclmulqdq dtes64 monitor ds_cpl vmx est tm2 ssse3 cx16 xtpr pdcm pcid sse4_1 sse4_2 x2apic popcnt tsc_deadline_timer aes xsave avx lahf_lm ida arat epb xsaveopt pln pts dtherm tpr_shadow vnmi flexpriority ept vpid
bogomips	: 4789.32
clflush size	: 64
cache_alignment	: 64
address sizes	: 36 bits physical, 48 bits virtual
power management:



Memory: 4k page, physical 3953704k(359904k free), swap 9764860k(9690572k free)

vm_info: Java HotSpot(TM) 64-Bit Server VM (25.66-b17) for linux-amd64 JRE (1.8.0_66-b17), built on Oct  6 2015 17:28:34 by "java_re" with gcc 4.3.0 20080428 (Red Hat 4.3.0-8)

time: Mon Nov 30 16:19:18 2015
elapsed time: 67 seconds (0d 0h 1m 7s)

