#
# A fatal error has been detected by the Java Runtime Environment:
#
#  SIGSEGV (0xb) at pc=0x00007f8749840414, pid=13377, tid=140219034953472
#
# JRE version: Java(TM) SE Runtime Environment (8.0_66-b17) (build 1.8.0_66-b17)
# Java VM: Java HotSpot(TM) 64-Bit Server VM (25.66-b17 mixed mode linux-amd64 compressed oops)
# Problematic frame:
# C  [libpthread.so.0+0xa414]  pthread_mutex_lock+0x4
#
# Failed to write core dump. Core dumps have been disabled. To enable core dumping, try "ulimit -c unlimited" before starting Java again
#
# If you would like to submit a bug report, please visit:
#   http://bugreport.java.com/bugreport/crash.jsp
# The crash happened outside the Java Virtual Machine in native code.
# See problematic frame for where to report the bug.
#

---------------  T H R E A D  ---------------

Current thread (0x00007f874000a000):  JavaThread "main" [_thread_in_native, id=13383, stack(0x00007f8749b4e000,0x00007f8749c4f000)]

siginfo: si_signo: 11 (SIGSEGV), si_code: 1 (SEGV_MAPERR), si_addr: 0x0000000000000010

Registers:
RAX=0x00007f8729d36950, RBX=0x00007f8749c4ccb0, RCX=0x000000000000015d, RDX=0x00007f8749c4cca0
RSP=0x00007f8749c4cc30, RBP=0x00007f87402acb70, RSI=0x00007f8749c4cc90, RDI=0x0000000000000000
R8 =0x00007f8749c4ccb0, R9 =0x00000000000001fd, R10=0x00007f874029a730, R11=0x00007f8729db7d07
R12=0x00007f8749c4cc8c, R13=0x00007f8749c4cdc0, R14=0x00007f8749c4cdb8, R15=0x00007f874000a1f8
RIP=0x00007f8749840414, EFLAGS=0x0000000000010206, CSGSFS=0x0000000000000033, ERR=0x0000000000000004
  TRAPNO=0x000000000000000e

Top of Stack: (sp=0x00007f8749c4cc30)
0x00007f8749c4cc30:   00007f8749c4cdb8 00007f8729d500da
0x00007f8749c4cc40:   00007f8749c4cc90 00007f8749c4cca0
0x00007f8749c4cc50:   00007f87402f98a0 00007f87402ec210
0x00007f8749c4cc60:   00007f874025a240 00007f87402f98a0
0x00007f8749c4cc70:   00007f87402ec210 00007f8729d2da42
0x00007f8749c4cc80:   00007f87402f98a0 00007f8749a6a515
0x00007f8749c4cc90:   0000015e0000015d 696c436900000000
0x00007f8749c4cca0:   0000015700000156 00007f8700000000
0x00007f8749c4ccb0:   00007f874025a240 00007f87402ec210
0x00007f8749c4ccc0:   00007f87402ec210 00007f8749c4cd20
0x00007f8749c4ccd0:   00007f87402f98a0 00007f872a2a3991
0x00007f8749c4cce0:   00007f874000a000 00007f874025a240
0x00007f8749c4ccf0:   00007f874000a000 00007f8730d6b340
0x00007f8749c4cd00:   0000000000000000 00007f8730d6b340
0x00007f8749c4cd10:   00007f8749c4cdd0 00007f874000a000
0x00007f8749c4cd20:   00007f8749c4cd98 00007f8731015994
0x00007f8749c4cd30:   00007f8730d6b340 0000000000000000
0x00007f8749c4cd40:   00007f8749c4cd98 00007f8731015727
0x00007f8749c4cd50:   00007f87310156e2 00007f8749c4cd58
0x00007f8749c4cd60:   00007f8730d6b340 00007f8749c4cdd0
0x00007f8749c4cd70:   00007f8730d6e8d8 0000000000000000
0x00007f8749c4cd80:   00007f8730d6b340 0000000000000000
0x00007f8749c4cd90:   00007f8749c4cdb8 00007f8749c4ce18
0x00007f8749c4cda0:   00007f87310079d0 00000000ece78890
0x00007f8749c4cdb0:   00007f873100f57b 00000000ebec17b0
0x00007f8749c4cdc0:   00000000ece63880 00007f874025a240
0x00007f8749c4cdd0:   00007f8731007760 00007f8749c4cdd8
0x00007f8749c4cde0:   00007f8730d4d3bc 00007f8749c4ce30
0x00007f8749c4cdf0:   00007f8730d53370 0000000000000000
0x00007f8749c4ce00:   00007f8730d4d460 00007f8749c4cdb8
0x00007f8749c4ce10:   00007f8749c4ce38 00007f8749c4ce78
0x00007f8749c4ce20:   00007f8731007c4d 0000000000000000 

Instructions: (pc=0x00007f8749840414)
0x00007f87498403f4:   0f 1f 40 00 c7 47 10 ff ff ff ff 31 c0 c3 66 2e
0x00007f8749840404:   0f 1f 84 00 00 00 00 00 0f 1f 40 00 48 83 ec 08
0x00007f8749840414:   8b 77 10 49 89 f8 89 f0 89 f2 25 7f 01 00 00 83
0x00007f8749840424:   e2 7c 0f 85 bf 00 00 00 85 c0 75 70 8b 15 ee 30 

Register to memory mapping:

RAX=0x00007f8729d36950: <offset 0x2a950> in /usr/lib/x86_64-linux-gnu/libX11.so.6 at 0x00007f8729d0c000
RBX=0x00007f8749c4ccb0 is pointing into the stack for thread: 0x00007f874000a000
RCX=0x000000000000015d is an unknown value
RDX=0x00007f8749c4cca0 is pointing into the stack for thread: 0x00007f874000a000
RSP=0x00007f8749c4cc30 is pointing into the stack for thread: 0x00007f874000a000
RBP=0x00007f87402acb70 is an unknown value
RSI=0x00007f8749c4cc90 is pointing into the stack for thread: 0x00007f874000a000
RDI=0x0000000000000000 is an unknown value
R8 =0x00007f8749c4ccb0 is pointing into the stack for thread: 0x00007f874000a000
R9 =0x00000000000001fd is an unknown value
R10=0x00007f874029a730 is an unknown value
R11=0x00007f8729db7d07: <offset 0xabd07> in /usr/lib/x86_64-linux-gnu/libX11.so.6 at 0x00007f8729d0c000
R12=0x00007f8749c4cc8c is pointing into the stack for thread: 0x00007f874000a000
R13=0x00007f8749c4cdc0 is pointing into the stack for thread: 0x00007f874000a000
R14=0x00007f8749c4cdb8 is pointing into the stack for thread: 0x00007f874000a000
R15=0x00007f874000a1f8 is an unknown value


Stack: [0x00007f8749b4e000,0x00007f8749c4f000],  sp=0x00007f8749c4cc30,  free space=1019k
Native frames: (J=compiled Java code, j=interpreted, Vv=VM code, C=native code)
C  [libpthread.so.0+0xa414]  pthread_mutex_lock+0x4

Java frames: (J=compiled Java code, j=interpreted, Vv=VM code)
j  sun.awt.X11.XlibWrapper.XGetDefault(JLjava/lang/String;Ljava/lang/String;)Ljava/lang/String;+0
j  sun.awt.X11.XToolkit.initializeMultiClickTime()V+12
j  sun.awt.X11.XToolkit.getMultiClickTime()I+6
j  sun.awt.X11.XToolkit.initializeDesktopProperties()V+82
j  java.awt.Toolkit.getDesktopProperty(Ljava/lang/String;)Ljava/lang/Object;+32
j  sun.swing.SwingUtilities2$AATextInfo.getAATextInfo(Z)Lsun/swing/SwingUtilities2$AATextInfo;+11
j  javax.swing.plaf.metal.MetalLookAndFeel.initComponentDefaults(Ljavax/swing/UIDefaults;)V+12062
j  javax.swing.plaf.basic.BasicLookAndFeel.getDefaults()Ljavax/swing/UIDefaults;+25
j  javax.swing.plaf.metal.MetalLookAndFeel.getDefaults()Ljavax/swing/UIDefaults;+9
j  javax.swing.UIManager.setLookAndFeel(Ljavax/swing/LookAndFeel;)V+79
j  javax.swing.UIManager.setLookAndFeel(Ljava/lang/String;)V+16
j  javax.swing.UIManager.initializeDefaultLAF(Ljava/util/Properties;)V+55
j  javax.swing.UIManager.initialize()V+9
j  javax.swing.UIManager.maybeInitialize()V+22
j  javax.swing.UIManager.getUI(Ljavax/swing/JComponent;)Ljavax/swing/plaf/ComponentUI;+0
j  javax.swing.JPanel.updateUI()V+2
j  javax.swing.JPanel.<init>(Ljava/awt/LayoutManager;Z)V+24
j  javax.swing.JPanel.<init>(Z)V+9
j  javax.swing.JPanel.<init>()V+2
j  javax.swing.JRootPane.createGlassPane()Ljava/awt/Component;+4
j  javax.swing.JRootPane.<init>()V+11
j  javax.swing.JFrame.createRootPane()Ljavax/swing/JRootPane;+4
j  javax.swing.JFrame.frameInit()V+16
j  javax.swing.JFrame.<init>()V+20
j  com.movieCart.MainFrame.<init>()V+1
j  com.movieCart.MainFrame.main([Ljava/lang/String;)V+25
v  ~StubRoutines::call_stub

---------------  P R O C E S S  ---------------

Java Threads: ( => current thread )
  0x00007f87402bb800 JavaThread "AWT-XAWT" daemon [_thread_in_native, id=13399, stack(0x00007f87284e8000,0x00007f87285e9000)]
  0x00007f8740298800 JavaThread "Java2D Disposer" daemon [_thread_blocked, id=13398, stack(0x00007f87289f9000,0x00007f8728afa000)]
  0x00007f87400c2000 JavaThread "Service Thread" daemon [_thread_blocked, id=13395, stack(0x00007f872a8ac000,0x00007f872a9ad000)]
  0x00007f87400bd000 JavaThread "C1 CompilerThread2" daemon [_thread_blocked, id=13394, stack(0x00007f872a9ad000,0x00007f872aaae000)]
  0x00007f87400bb000 JavaThread "C2 CompilerThread1" daemon [_thread_blocked, id=13393, stack(0x00007f872aaae000,0x00007f872abaf000)]
  0x00007f87400b8000 JavaThread "C2 CompilerThread0" daemon [_thread_blocked, id=13392, stack(0x00007f872abaf000,0x00007f872acb0000)]
  0x00007f87400b6800 JavaThread "Signal Dispatcher" daemon [_thread_blocked, id=13391, stack(0x00007f872acb0000,0x00007f872adb1000)]
  0x00007f874007f000 JavaThread "Finalizer" daemon [_thread_blocked, id=13390, stack(0x00007f872b4d4000,0x00007f872b5d5000)]
  0x00007f874007d000 JavaThread "Reference Handler" daemon [_thread_blocked, id=13389, stack(0x00007f872b5d5000,0x00007f872b6d6000)]
=>0x00007f874000a000 JavaThread "main" [_thread_in_native, id=13383, stack(0x00007f8749b4e000,0x00007f8749c4f000)]

Other Threads:
  0x00007f8740078000 VMThread [stack: 0x00007f872b6d6000,0x00007f872b7d7000] [id=13388]
  0x00007f87400c5000 WatcherThread [stack: 0x00007f872a7ab000,0x00007f872a8ac000] [id=13396]

VM state:not at safepoint (normal execution)

VM Mutex/Monitor currently owned by a thread: None

Heap:
 PSYoungGen      total 18432K, used 3197K [0x00000000ebe00000, 0x00000000ed280000, 0x0000000100000000)
  eden space 15872K, 5% used [0x00000000ebe00000,0x00000000ebee9598,0x00000000ecd80000)
  from space 2560K, 88% used [0x00000000ecd80000,0x00000000ecfb6168,0x00000000ed000000)
  to   space 2560K, 0% used [0x00000000ed000000,0x00000000ed000000,0x00000000ed280000)
 ParOldGen       total 42496K, used 8K [0x00000000c3a00000, 0x00000000c6380000, 0x00000000ebe00000)
  object space 42496K, 0% used [0x00000000c3a00000,0x00000000c3a02000,0x00000000c6380000)
 Metaspace       used 9176K, capacity 9406K, committed 9600K, reserved 1058816K
  class space    used 1062K, capacity 1150K, committed 1152K, reserved 1048576K

Card table byte_map: [0x00007f8746739000,0x00007f874691d000] byte_map_base: 0x00007f874611c000

Marking Bits: (ParMarkBitMap*) 0x00007f874902c020
 Begin Bits: [0x00007f87443c3000, 0x00007f87452db000)
 End Bits:   [0x00007f87452db000, 0x00007f87461f3000)

Polling page: 0x00007f8749c73000

CodeCache: size=245760Kb used=2599Kb max_used=2599Kb free=243160Kb
 bounds [0x00007f8731000000, 0x00007f8731290000, 0x00007f8740000000]
 total_blobs=1071 nmethods=631 adapters=354
 compilation: enabled

Compilation events (10 events):
Event: 5.836 Thread 0x00007f87400bd000  627       3       jdk.internal.org.objectweb.asm.ClassWriter::newClass (9 bytes)
Event: 5.836 Thread 0x00007f87400bd000 nmethod 627 0x00007f8731289f50 code [0x00007f873128a0c0, 0x00007f873128a268]
Event: 5.836 Thread 0x00007f87400bd000  628       3       java.lang.invoke.MethodType::parameterCount (6 bytes)
Event: 5.836 Thread 0x00007f87400bd000 nmethod 628 0x00007f873128a350 code [0x00007f873128a4c0, 0x00007f873128a610]
Event: 5.837 Thread 0x00007f87400bd000  629       3       java.lang.invoke.MemberName::getReferenceKind (12 bytes)
Event: 5.837 Thread 0x00007f87400bd000 nmethod 629 0x00007f873128a6d0 code [0x00007f873128a820, 0x00007f873128a970]
Event: 5.837 Thread 0x00007f87400bd000  630       3       java.lang.String::toString (2 bytes)
Event: 5.837 Thread 0x00007f87400bd000 nmethod 630 0x00007f873128a9d0 code [0x00007f873128ab20, 0x00007f873128ac70]
Event: 5.837 Thread 0x00007f87400bd000  631       1       java.lang.reflect.Constructor::getDeclaringClass (5 bytes)
Event: 5.837 Thread 0x00007f87400bd000 nmethod 631 0x00007f873128acd0 code [0x00007f873128ae20, 0x00007f873128af30]

GC Heap History (2 events):
Event: 5.748 GC heap before
{Heap before GC invocations=1 (full 0):
 PSYoungGen      total 18432K, used 15872K [0x00000000ebe00000, 0x00000000ed280000, 0x0000000100000000)
  eden space 15872K, 100% used [0x00000000ebe00000,0x00000000ecd80000,0x00000000ecd80000)
  from space 2560K, 0% used [0x00000000ed000000,0x00000000ed000000,0x00000000ed280000)
  to   space 2560K, 0% used [0x00000000ecd80000,0x00000000ecd80000,0x00000000ed000000)
 ParOldGen       total 42496K, used 0K [0x00000000c3a00000, 0x00000000c6380000, 0x00000000ebe00000)
  object space 42496K, 0% used [0x00000000c3a00000,0x00000000c3a00000,0x00000000c6380000)
 Metaspace       used 8525K, capacity 8656K, committed 8832K, reserved 1056768K
  class space    used 994K, capacity 1047K, committed 1152K, reserved 1048576K
Event: 5.759 GC heap after
Heap after GC invocations=1 (full 0):
 PSYoungGen      total 18432K, used 2264K [0x00000000ebe00000, 0x00000000ed280000, 0x0000000100000000)
  eden space 15872K, 0% used [0x00000000ebe00000,0x00000000ebe00000,0x00000000ecd80000)
  from space 2560K, 88% used [0x00000000ecd80000,0x00000000ecfb6168,0x00000000ed000000)
  to   space 2560K, 0% used [0x00000000ed000000,0x00000000ed000000,0x00000000ed280000)
 ParOldGen       total 42496K, used 8K [0x00000000c3a00000, 0x00000000c6380000, 0x00000000ebe00000)
  object space 42496K, 0% used [0x00000000c3a00000,0x00000000c3a02000,0x00000000c6380000)
 Metaspace       used 8525K, capacity 8656K, committed 8832K, reserved 1056768K
  class space    used 994K, capacity 1047K, committed 1152K, reserved 1048576K
}

Deoptimization events (8 events):
Event: 0.590 Thread 0x00007f874000a000 Uncommon trap: reason=predicate action=maybe_recompile pc=0x00007f873119f350 method=java.util.regex.Pattern$Slice.match(Ljava/util/regex/Matcher;ILjava/lang/CharSequence;)Z @ 21
Event: 0.735 Thread 0x00007f874000a000 Uncommon trap: reason=unstable_if action=reinterpret pc=0x00007f87311905c4 method=java.lang.String.indexOf([CII[CIII)I @ 3
Event: 0.764 Thread 0x00007f874000a000 Uncommon trap: reason=unstable_if action=reinterpret pc=0x00007f87311a9478 method=java.io.File.getName()Ljava/lang/String; @ 16
Event: 0.764 Thread 0x00007f874000a000 Uncommon trap: reason=unstable_if action=reinterpret pc=0x00007f87311a8770 method=java.lang.String.substring(I)Ljava/lang/String; @ 35
Event: 0.918 Thread 0x00007f874000a000 Uncommon trap: reason=class_check action=maybe_recompile pc=0x00007f87311ac65c method=java.util.regex.Matcher.match(II)Z @ 86
Event: 1.937 Thread 0x00007f874000a000 Uncommon trap: reason=class_check action=maybe_recompile pc=0x00007f87311ac65c method=java.util.regex.Matcher.match(II)Z @ 86
Event: 2.059 Thread 0x00007f874000a000 Uncommon trap: reason=class_check action=maybe_recompile pc=0x00007f87311ac65c method=java.util.regex.Matcher.match(II)Z @ 86
Event: 5.630 Thread 0x00007f874000a000 Uncommon trap: reason=class_check action=maybe_recompile pc=0x00007f87311ac65c method=java.util.regex.Matcher.match(II)Z @ 86

Internal exceptions (10 events):
Event: 0.382 Thread 0x00007f874000a000 Exception <a 'java/io/FileNotFoundException'> (0x00000000ec09a928) thrown at [/HUDSON/workspace/8-2-build-linux-amd64/jdk8u66/4988/hotspot/src/share/vm/prims/jni.cpp, line 709]
Event: 0.402 Thread 0x00007f874000a000 Exception <a 'java/security/PrivilegedActionException'> (0x00000000ec0abf28) thrown at [/HUDSON/workspace/8-2-build-linux-amd64/jdk8u66/4988/hotspot/src/share/vm/prims/jvm.cpp, line 1386]
Event: 0.402 Thread 0x00007f874000a000 Exception <a 'java/security/PrivilegedActionException'> (0x00000000ec0ac138) thrown at [/HUDSON/workspace/8-2-build-linux-amd64/jdk8u66/4988/hotspot/src/share/vm/prims/jvm.cpp, line 1386]
Event: 0.403 Thread 0x00007f874000a000 Exception <a 'java/security/PrivilegedActionException'> (0x00000000ec0ace00) thrown at [/HUDSON/workspace/8-2-build-linux-amd64/jdk8u66/4988/hotspot/src/share/vm/prims/jvm.cpp, line 1386]
Event: 0.403 Thread 0x00007f874000a000 Exception <a 'java/security/PrivilegedActionException'> (0x00000000ec0ad010) thrown at [/HUDSON/workspace/8-2-build-linux-amd64/jdk8u66/4988/hotspot/src/share/vm/prims/jvm.cpp, line 1386]
Event: 0.403 Thread 0x00007f874000a000 Exception <a 'java/security/PrivilegedActionException'> (0x00000000ec0add00) thrown at [/HUDSON/workspace/8-2-build-linux-amd64/jdk8u66/4988/hotspot/src/share/vm/prims/jvm.cpp, line 1386]
Event: 0.403 Thread 0x00007f874000a000 Exception <a 'java/security/PrivilegedActionException'> (0x00000000ec0adf10) thrown at [/HUDSON/workspace/8-2-build-linux-amd64/jdk8u66/4988/hotspot/src/share/vm/prims/jvm.cpp, line 1386]
Event: 1.920 Thread 0x00007f874000a000 Exception <a 'java/lang/NullPointerException'> (0x00000000ec737370) thrown at [/HUDSON/workspace/8-2-build-linux-amd64/jdk8u66/4988/hotspot/src/share/vm/interpreter/linkResolver.cpp, line 1178]
Event: 1.939 Thread 0x00007f874000a000 Exception <a 'java/lang/UnsatisfiedLinkError': libvlc.so: cannot open shared object file: No such file or directory> (0x00000000ec790e68) thrown at [/HUDSON/workspace/8-2-build-linux-amd64/jdk8u66/4988/hotspot/src/share/vm/prims/jni.cpp, line 735]
Event: 1.939 Thread 0x00007f874000a000 Exception <a 'java/lang/UnsatisfiedLinkError': libvlc.so: cannot open shared object file: No such file or directory> (0x00000000ec791d80) thrown at [/HUDSON/workspace/8-2-build-linux-amd64/jdk8u66/4988/hotspot/src/share/vm/prims/jni.cpp, line 735]

Events (10 events):
Event: 5.832 loading class javax/swing/plaf/DimensionUIResource
Event: 5.832 loading class javax/swing/plaf/DimensionUIResource done
Event: 5.832 loading class javax/swing/UIDefaults$LazyInputMap
Event: 5.832 loading class javax/swing/UIDefaults$LazyInputMap done
Event: 5.834 loading class javax/swing/plaf/metal/MetalLookAndFeel$FontActiveValue
Event: 5.835 loading class javax/swing/plaf/metal/MetalLookAndFeel$FontActiveValue done
Event: 5.837 loading class sun/swing/SwingUtilities2$AATextInfo
Event: 5.837 loading class sun/swing/SwingUtilities2$AATextInfo done
Event: 5.837 loading class sun/awt/HeadlessToolkit
Event: 5.838 loading class sun/awt/HeadlessToolkit done


Dynamic libraries:
00400000-00401000 r-xp 00000000 08:06 411928                             /usr/lib/jvm/java-8-oracle/bin/java
00600000-00601000 rw-p 00000000 08:06 411928                             /usr/lib/jvm/java-8-oracle/bin/java
01e68000-01e89000 rw-p 00000000 00:00 0                                  [heap]
c3a00000-c6380000 rw-p 00000000 00:00 0 
c6380000-ebe00000 ---p 00000000 00:00 0 
ebe00000-ed280000 rw-p 00000000 00:00 0 
ed280000-100000000 ---p 00000000 00:00 0 
100000000-100120000 rw-p 00000000 00:00 0 
100120000-140000000 ---p 00000000 00:00 0 
7f86e7f3b000-7f86e7f7b000 rw-p 00000000 00:00 0 
7f86e7f7b000-7f86e813b000 ---p 00000000 00:00 0 
7f86e813b000-7f86e813f000 r-xp 00000000 08:06 265517                     /lib/x86_64-linux-gnu/libuuid.so.1.3.0
7f86e813f000-7f86e833e000 ---p 00004000 08:06 265517                     /lib/x86_64-linux-gnu/libuuid.so.1.3.0
7f86e833e000-7f86e833f000 r--p 00003000 08:06 265517                     /lib/x86_64-linux-gnu/libuuid.so.1.3.0
7f86e833f000-7f86e8340000 rw-p 00004000 08:06 265517                     /lib/x86_64-linux-gnu/libuuid.so.1.3.0
7f86e8340000-7f86e8347000 r-xp 00000000 08:06 530346                     /usr/lib/x86_64-linux-gnu/libffi.so.6.0.1
7f86e8347000-7f86e8546000 ---p 00007000 08:06 530346                     /usr/lib/x86_64-linux-gnu/libffi.so.6.0.1
7f86e8546000-7f86e8547000 r--p 00006000 08:06 530346                     /usr/lib/x86_64-linux-gnu/libffi.so.6.0.1
7f86e8547000-7f86e8548000 rw-p 00007000 08:06 530346                     /usr/lib/x86_64-linux-gnu/libffi.so.6.0.1
7f86e8548000-7f86e8585000 r-xp 00000000 08:06 265436                     /lib/x86_64-linux-gnu/libpcre.so.3.13.1
7f86e8585000-7f86e8784000 ---p 0003d000 08:06 265436                     /lib/x86_64-linux-gnu/libpcre.so.3.13.1
7f86e8784000-7f86e8785000 r--p 0003c000 08:06 265436                     /lib/x86_64-linux-gnu/libpcre.so.3.13.1
7f86e8785000-7f86e8786000 rw-p 0003d000 08:06 265436                     /lib/x86_64-linux-gnu/libpcre.so.3.13.1
7f86e8786000-7f86e87e5000 r-xp 00000000 08:06 530103                     /usr/lib/x86_64-linux-gnu/libXt.so.6.0.0
7f86e87e5000-7f86e89e5000 ---p 0005f000 08:06 530103                     /usr/lib/x86_64-linux-gnu/libXt.so.6.0.0
7f86e89e5000-7f86e89e6000 r--p 0005f000 08:06 530103                     /usr/lib/x86_64-linux-gnu/libXt.so.6.0.0
7f86e89e6000-7f86e89eb000 rw-p 00060000 08:06 530103                     /usr/lib/x86_64-linux-gnu/libXt.so.6.0.0
7f86e89eb000-7f86e89ec000 rw-p 00000000 00:00 0 
7f86e89ec000-7f86e8a13000 r-xp 00000000 08:06 265110                     /lib/x86_64-linux-gnu/libexpat.so.1.6.0
7f86e8a13000-7f86e8c13000 ---p 00027000 08:06 265110                     /lib/x86_64-linux-gnu/libexpat.so.1.6.0
7f86e8c13000-7f86e8c15000 r--p 00027000 08:06 265110                     /lib/x86_64-linux-gnu/libexpat.so.1.6.0
7f86e8c15000-7f86e8c16000 rw-p 00029000 08:06 265110                     /lib/x86_64-linux-gnu/libexpat.so.1.6.0
7f86e8c16000-7f86e8c2d000 r-xp 00000000 08:06 529934                     /usr/lib/x86_64-linux-gnu/libICE.so.6.3.0
7f86e8c2d000-7f86e8e2c000 ---p 00017000 08:06 529934                     /usr/lib/x86_64-linux-gnu/libICE.so.6.3.0
7f86e8e2c000-7f86e8e2d000 r--p 00016000 08:06 529934                     /usr/lib/x86_64-linux-gnu/libICE.so.6.3.0
7f86e8e2d000-7f86e8e2e000 rw-p 00017000 08:06 529934                     /usr/lib/x86_64-linux-gnu/libICE.so.6.3.0
7f86e8e2e000-7f86e8e32000 rw-p 00000000 00:00 0 
7f86e8e32000-7f86e8e39000 r-xp 00000000 08:06 530056                     /usr/lib/x86_64-linux-gnu/libSM.so.6.0.1
7f86e8e39000-7f86e9038000 ---p 00007000 08:06 530056                     /usr/lib/x86_64-linux-gnu/libSM.so.6.0.1
7f86e9038000-7f86e9039000 r--p 00006000 08:06 530056                     /usr/lib/x86_64-linux-gnu/libSM.so.6.0.1
7f86e9039000-7f86e903a000 rw-p 00007000 08:06 530056                     /usr/lib/x86_64-linux-gnu/libSM.so.6.0.1
7f86e903a000-7f86e9089000 r-xp 00000000 08:06 530475                     /usr/lib/x86_64-linux-gnu/libgobject-2.0.so.0.4002.0
7f86e9089000-7f86e9289000 ---p 0004f000 08:06 530475                     /usr/lib/x86_64-linux-gnu/libgobject-2.0.so.0.4002.0
7f86e9289000-7f86e928a000 r--p 0004f000 08:06 530475                     /usr/lib/x86_64-linux-gnu/libgobject-2.0.so.0.4002.0
7f86e928a000-7f86e928b000 rw-p 00050000 08:06 530475                     /usr/lib/x86_64-linux-gnu/libgobject-2.0.so.0.4002.0
7f86e928b000-7f86e9328000 r-xp 00000000 08:06 539648                     /usr/lib/x86_64-linux-gnu/libfreetype.so.6.11.1
7f86e9328000-7f86e9527000 ---p 0009d000 08:06 539648                     /usr/lib/x86_64-linux-gnu/libfreetype.so.6.11.1
7f86e9527000-7f86e952d000 r--p 0009c000 08:06 539648                     /usr/lib/x86_64-linux-gnu/libfreetype.so.6.11.1
7f86e952d000-7f86e952e000 rw-p 000a2000 08:06 539648                     /usr/lib/x86_64-linux-gnu/libfreetype.so.6.11.1
7f86e952e000-7f86e9546000 r-xp 00000000 08:06 265703                     /lib/x86_64-linux-gnu/libz.so.1.2.8
7f86e9546000-7f86e9745000 ---p 00018000 08:06 265703                     /lib/x86_64-linux-gnu/libz.so.1.2.8
7f86e9745000-7f86e9746000 r--p 00017000 08:06 265703                     /lib/x86_64-linux-gnu/libz.so.1.2.8
7f86e9746000-7f86e9747000 rw-p 00018000 08:06 265703                     /lib/x86_64-linux-gnu/libz.so.1.2.8
7f86e9747000-7f86e976c000 r-xp 00000000 08:06 265655                     /lib/x86_64-linux-gnu/libpng12.so.0.50.0
7f86e976c000-7f86e996b000 ---p 00025000 08:06 265655                     /lib/x86_64-linux-gnu/libpng12.so.0.50.0
7f86e996b000-7f86e996c000 r--p 00024000 08:06 265655                     /lib/x86_64-linux-gnu/libpng12.so.0.50.0
7f86e996c000-7f86e996d000 rw-p 00025000 08:06 265655                     /lib/x86_64-linux-gnu/libpng12.so.0.50.0
7f86e996d000-7f86e9a73000 r-xp 00000000 08:06 265571                     /lib/x86_64-linux-gnu/libglib-2.0.so.0.4002.0
7f86e9a73000-7f86e9c72000 ---p 00106000 08:06 265571                     /lib/x86_64-linux-gnu/libglib-2.0.so.0.4002.0
7f86e9c72000-7f86e9c73000 r--p 00105000 08:06 265571                     /lib/x86_64-linux-gnu/libglib-2.0.so.0.4002.0
7f86e9c73000-7f86e9c74000 rw-p 00106000 08:06 265571                     /lib/x86_64-linux-gnu/libglib-2.0.so.0.4002.0
7f86e9c74000-7f86e9c75000 rw-p 00000000 00:00 0 
7f86e9c75000-7f86e9c8c000 r-xp 00000000 08:06 530166                     /usr/lib/x86_64-linux-gnu/libaudio.so.2.4
7f86e9c8c000-7f86e9e8b000 ---p 00017000 08:06 530166                     /usr/lib/x86_64-linux-gnu/libaudio.so.2.4
7f86e9e8b000-7f86e9e8c000 r--p 00016000 08:06 530166                     /usr/lib/x86_64-linux-gnu/libaudio.so.2.4
7f86e9e8c000-7f86e9e8d000 rw-p 00017000 08:06 530166                     /usr/lib/x86_64-linux-gnu/libaudio.so.2.4
7f86e9e8d000-7f86e9ec7000 r-xp 00000000 08:06 530360                     /usr/lib/x86_64-linux-gnu/libfontconfig.so.1.8.0
7f86e9ec7000-7f86ea0c6000 ---p 0003a000 08:06 530360                     /usr/lib/x86_64-linux-gnu/libfontconfig.so.1.8.0
7f86ea0c6000-7f86ea0c8000 r--p 00039000 08:06 530360                     /usr/lib/x86_64-linux-gnu/libfontconfig.so.1.8.0
7f86ea0c8000-7f86ea0c9000 rw-p 0003b000 08:06 530360                     /usr/lib/x86_64-linux-gnu/libfontconfig.so.1.8.0
7f86ea0c9000-7f86eab2f000 r-xp 00000000 08:06 522879                     /usr/lib/x86_64-linux-gnu/libQtGui.so.4.8.6
7f86eab2f000-7f86ead2f000 ---p 00a66000 08:06 522879                     /usr/lib/x86_64-linux-gnu/libQtGui.so.4.8.6
7f86ead2f000-7f86ead71000 r--p 00a66000 08:06 522879                     /usr/lib/x86_64-linux-gnu/libQtGui.so.4.8.6
7f86ead71000-7f86ead78000 rw-p 00aa8000 08:06 522879                     /usr/lib/x86_64-linux-gnu/libQtGui.so.4.8.6
7f86ead78000-7f86ead7c000 rw-p 00000000 00:00 0 
7f86ead7c000-7f86ead7f000 r-xp 00000000 08:06 530850                     /usr/lib/x86_64-linux-gnu/libpulse-simple.so.0.0.4
7f86ead7f000-7f86eaf7e000 ---p 00003000 08:06 530850                     /usr/lib/x86_64-linux-gnu/libpulse-simple.so.0.0.4
7f86eaf7e000-7f86eaf7f000 r--p 00002000 08:06 530850                     /usr/lib/x86_64-linux-gnu/libpulse-simple.so.0.0.4
7f86eaf7f000-7f86eaf80000 rw-p 00003000 08:06 530850                     /usr/lib/x86_64-linux-gnu/libpulse-simple.so.0.0.4
7f86eb00c000-7f86eb2e4000 r-xp 00000000 08:06 530043                     /usr/lib/x86_64-linux-gnu/libQtCore.so.4.8.6
7f86eb2e4000-7f86eb4e4000 ---p 002d8000 08:06 530043                     /usr/lib/x86_64-linux-gnu/libQtCore.so.4.8.6
7f86eb4e4000-7f86eb4ef000 r--p 002d8000 08:06 530043                     /usr/lib/x86_64-linux-gnu/libQtCore.so.4.8.6
7f86eb4ef000-7f86eb4f0000 rw-p 002e3000 08:06 530043                     /usr/lib/x86_64-linux-gnu/libQtCore.so.4.8.6
7f86eb4f0000-7f86eb4f1000 rw-p 00000000 00:00 0 
7f86eb4f1000-7f86eb753000 r-xp 00000000 08:06 413116                     /usr/lib/vlc/plugins/gui/libqt4_plugin.so
7f86eb753000-7f86eb952000 ---p 00262000 08:06 413116                     /usr/lib/vlc/plugins/gui/libqt4_plugin.so
7f86eb952000-7f86eb96b000 r--p 00261000 08:06 413116                     /usr/lib/vlc/plugins/gui/libqt4_plugin.so
7f86eb96b000-7f86eb96f000 rw-p 0027a000 08:06 413116                     /usr/lib/vlc/plugins/gui/libqt4_plugin.so
7f86eb96f000-7f86eb971000 r-xp 00000000 08:06 531122                     /usr/lib/x86_64-linux-gnu/libxcb-shm.so.0.0.0
7f86eb971000-7f86ebb70000 ---p 00002000 08:06 531122                     /usr/lib/x86_64-linux-gnu/libxcb-shm.so.0.0.0
7f86ebb70000-7f86ebb71000 r--p 00001000 08:06 531122                     /usr/lib/x86_64-linux-gnu/libxcb-shm.so.0.0.0
7f86ebb71000-7f86ebb72000 rw-p 00002000 08:06 531122                     /usr/lib/x86_64-linux-gnu/libxcb-shm.so.0.0.0
7f86ebb72000-7f86ebb78000 r-xp 00000000 08:06 546092                     /usr/lib/x86_64-linux-gnu/libxcb-xv.so.0.0.0
7f86ebb78000-7f86ebd77000 ---p 00006000 08:06 546092                     /usr/lib/x86_64-linux-gnu/libxcb-xv.so.0.0.0
7f86ebd77000-7f86ebd78000 r--p 00005000 08:06 546092                     /usr/lib/x86_64-linux-gnu/libxcb-xv.so.0.0.0
7f86ebd78000-7f86ebd79000 rw-p 00006000 08:06 546092                     /usr/lib/x86_64-linux-gnu/libxcb-xv.so.0.0.0
7f86ebd79000-7f86ebdfc000 r-xp 00000000 08:06 526635                     /usr/lib/x86_64-linux-gnu/libdirac_encoder.so.0.1.0
7f86ebdfc000-7f86ebffb000 ---p 00083000 08:06 526635                     /usr/lib/x86_64-linux-gnu/libdirac_encoder.so.0.1.0
7f86ebffb000-7f86ebffe000 r--p 00082000 08:06 526635                     /usr/lib/x86_64-linux-gnu/libdirac_encoder.so.0.1.0
7f86ebffe000-7f86ebfff000 rw-p 00085000 08:06 526635                     /usr/lib/x86_64-linux-gnu/libdirac_encoder.so.0.1.0
7f86ebfff000-7f86ec000000 rw-p 00000000 00:00 0 
7f86ec000000-7f86ec021000 rw-p 00000000 00:00 0 
7f86ec021000-7f86f0000000 ---p 00000000 00:00 0 
7f86f0000000-7f86f0021000 rw-p 00000000 00:00 0 
7f86f0021000-7f86f4000000 ---p 00000000 00:00 0 
7f86f4000000-7f86f4021000 rw-p 00000000 00:00 0 
7f86f4021000-7f86f8000000 ---p 00000000 00:00 0 
7f86f8000000-7f86f8021000 rw-p 00000000 00:00 0 
7f86f8021000-7f86fc000000 ---p 00000000 00:00 0 
7f86fc000000-7f86fc166000 rw-p 00000000 00:00 0 
7f86fc166000-7f8700000000 ---p 00000000 00:00 0 
7f8700000000-7f87001c1000 rw-p 00000000 00:00 0 
7f87001c1000-7f8704000000 ---p 00000000 00:00 0 
7f8704000000-7f8704021000 rw-p 00000000 00:00 0 
7f8704021000-7f8708000000 ---p 00000000 00:00 0 
7f8708000000-7f870826b000 rw-p 00000000 00:00 0 
7f870826b000-7f870c000000 ---p 00000000 00:00 0 
7f870c000000-7f870c021000 rw-p 00000000 00:00 0 
7f870c021000-7f8710000000 ---p 00000000 00:00 0 
7f8710000000-7f8710021000 rw-p 00000000 00:00 0 
7f8710021000-7f8714000000 ---p 00000000 00:00 0 
7f8714000000-7f8714021000 rw-p 00000000 00:00 0 
7f8714021000-7f8718000000 ---p 00000000 00:00 0 
7f8718000000-7f8718021000 rw-p 00000000 00:00 0 
7f8718021000-7f871c000000 ---p 00000000 00:00 0 
7f871c000000-7f871c021000 rw-p 00000000 00:00 0 
7f871c021000-7f8720000000 ---p 00000000 00:00 0 
7f87200be000-7f87200c5000 r-xp 00000000 08:06 413105                     /usr/lib/vlc/plugins/video_output/libxcb_xv_plugin.so
7f87200c5000-7f87202c4000 ---p 00007000 08:06 413105                     /usr/lib/vlc/plugins/video_output/libxcb_xv_plugin.so
7f87202c4000-7f87202c5000 r--p 00006000 08:06 413105                     /usr/lib/vlc/plugins/video_output/libxcb_xv_plugin.so
7f87202c5000-7f87202c6000 rw-p 00007000 08:06 413105                     /usr/lib/vlc/plugins/video_output/libxcb_xv_plugin.so
7f87202c6000-7f87202ce000 r-xp 00000000 08:06 265602                     /lib/x86_64-linux-gnu/libnih-dbus.so.1.0.0
7f87202ce000-7f87204ce000 ---p 00008000 08:06 265602                     /lib/x86_64-linux-gnu/libnih-dbus.so.1.0.0
7f87204ce000-7f87204cf000 r--p 00008000 08:06 265602                     /lib/x86_64-linux-gnu/libnih-dbus.so.1.0.0
7f87204cf000-7f87204d0000 rw-p 00009000 08:06 265602                     /lib/x86_64-linux-gnu/libnih-dbus.so.1.0.0
7f87204d0000-7f87204e7000 r-xp 00000000 08:06 265604                     /lib/x86_64-linux-gnu/libnih.so.1.0.0
7f87204e7000-7f87206e6000 ---p 00017000 08:06 265604                     /lib/x86_64-linux-gnu/libnih.so.1.0.0
7f87206e6000-7f87206e7000 r--p 00016000 08:06 265604                     /lib/x86_64-linux-gnu/libnih.so.1.0.0
7f87206e7000-7f87206e8000 rw-p 00017000 08:06 265604                     /lib/x86_64-linux-gnu/libnih.so.1.0.0
7f87206e8000-7f8720701000 r-xp 00000000 08:06 265465                     /lib/x86_64-linux-gnu/libcgmanager.so.0.0.0
7f8720701000-7f8720900000 ---p 00019000 08:06 265465                     /lib/x86_64-linux-gnu/libcgmanager.so.0.0.0
7f8720900000-7f8720902000 r--p 00018000 08:06 265465                     /lib/x86_64-linux-gnu/libcgmanager.so.0.0.0
7f8720902000-7f8720903000 rw-p 0001a000 08:06 265465                     /lib/x86_64-linux-gnu/libcgmanager.so.0.0.0
7f8720903000-7f8720907000 r-xp 00000000 08:06 265573                     /lib/x86_64-linux-gnu/libgpg-error.so.0.10.0
7f8720907000-7f8720b06000 ---p 00004000 08:06 265573                     /lib/x86_64-linux-gnu/libgpg-error.so.0.10.0
7f8720b06000-7f8720b07000 r--p 00003000 08:06 265573                     /lib/x86_64-linux-gnu/libgpg-error.so.0.10.0
7f8720b07000-7f8720b08000 rw-p 00004000 08:06 265573                     /lib/x86_64-linux-gnu/libgpg-error.so.0.10.0
7f8720b08000-7f8720b18000 r-xp 00000000 08:06 298110                     /lib/x86_64-linux-gnu/libudev.so.1.3.5
7f8720b18000-7f8720d17000 ---p 00010000 08:06 298110                     /lib/x86_64-linux-gnu/libudev.so.1.3.5
7f8720d17000-7f8720d18000 r--p 0000f000 08:06 298110                     /lib/x86_64-linux-gnu/libudev.so.1.3.5
7f8720d18000-7f8720d19000 rw-p 00010000 08:06 298110                     /lib/x86_64-linux-gnu/libudev.so.1.3.5
7f8720d19000-7f8720d95000 r-xp 00000000 08:06 265547                     /lib/x86_64-linux-gnu/libgcrypt.so.11.8.2
7f8720d95000-7f8720f95000 ---p 0007c000 08:06 265547                     /lib/x86_64-linux-gnu/libgcrypt.so.11.8.2
7f8720f95000-7f8720f96000 r--p 0007c000 08:06 265547                     /lib/x86_64-linux-gnu/libgcrypt.so.11.8.2
7f8720f96000-7f8720f99000 rw-p 0007d000 08:06 265547                     /lib/x86_64-linux-gnu/libgcrypt.so.11.8.2
7f8720f99000-7f8720fae000 r-xp 00000000 08:06 265694                     /lib/x86_64-linux-gnu/libusb-1.0.so.0.1.0
7f8720fae000-7f87211ae000 ---p 00015000 08:06 265694                     /lib/x86_64-linux-gnu/libusb-1.0.so.0.1.0
7f87211ae000-7f87211af000 r--p 00015000 08:06 265694                     /lib/x86_64-linux-gnu/libusb-1.0.so.0.1.0
7f87211af000-7f87211b0000 rw-p 00016000 08:06 265694                     /lib/x86_64-linux-gnu/libusb-1.0.so.0.1.0
7f87211b0000-7f8721200000 r-xp 00000000 08:06 530720                     /usr/lib/x86_64-linux-gnu/libmtp.so.9.1.0
7f8721200000-7f87213ff000 ---p 00050000 08:06 530720                     /usr/lib/x86_64-linux-gnu/libmtp.so.9.1.0
7f87213ff000-7f8721405000 r--p 0004f000 08:06 530720                     /usr/lib/x86_64-linux-gnu/libmtp.so.9.1.0
7f8721405000-7f872140f000 rw-p 00055000 08:06 530720                     /usr/lib/x86_64-linux-gnu/libmtp.so.9.1.0
7f872140f000-7f87214f5000 r-xp 00000000 08:06 524368                     /usr/lib/x86_64-linux-gnu/libstdc++.so.6.0.19
7f87214f5000-7f87216f4000 ---p 000e6000 08:06 524368                     /usr/lib/x86_64-linux-gnu/libstdc++.so.6.0.19
7f87216f4000-7f87216fc000 r--p 000e5000 08:06 524368                     /usr/lib/x86_64-linux-gnu/libstdc++.so.6.0.19
7f87216fc000-7f87216fe000 rw-p 000ed000 08:06 524368                     /usr/lib/x86_64-linux-gnu/libstdc++.so.6.0.19
7f87216fe000-7f8721713000 rw-p 00000000 00:00 0 
7f8721728000-7f872172a000 r-xp 00000000 08:06 412929                     /usr/lib/vlc/plugins/services_discovery/libmtp_plugin.so
7f872172a000-7f8721929000 ---p 00002000 08:06 412929                     /usr/lib/vlc/plugins/services_discovery/libmtp_plugin.so
7f8721929000-7f872192a000 r--p 00001000 08:06 412929                     /usr/lib/vlc/plugins/services_discovery/libmtp_plugin.so
7f872192a000-7f872192b000 rw-p 00002000 08:06 412929                     /usr/lib/vlc/plugins/services_discovery/libmtp_plugin.so
7f872192b000-7f8721a14000 r-xp 00000000 08:06 530146                     /usr/lib/x86_64-linux-gnu/libasound.so.2.0.0
7f8721a14000-7f8721c13000 ---p 000e9000 08:06 530146                     /usr/lib/x86_64-linux-gnu/libasound.so.2.0.0
7f8721c13000-7f8721c1a000 r--p 000e8000 08:06 530146                     /usr/lib/x86_64-linux-gnu/libasound.so.2.0.0
7f8721c1a000-7f8721c1b000 rw-p 000ef000 08:06 530146                     /usr/lib/x86_64-linux-gnu/libasound.so.2.0.0
7f8721c1b000-7f8721c32000 r-xp 00000000 08:06 261127                     /lib/x86_64-linux-gnu/libresolv-2.19.so
7f8721c32000-7f8721e32000 ---p 00017000 08:06 261127                     /lib/x86_64-linux-gnu/libresolv-2.19.so
7f8721e32000-7f8721e33000 r--p 00017000 08:06 261127                     /lib/x86_64-linux-gnu/libresolv-2.19.so
7f8721e33000-7f8721e34000 rw-p 00018000 08:06 261127                     /lib/x86_64-linux-gnu/libresolv-2.19.so
7f8721e34000-7f8721e36000 rw-p 00000000 00:00 0 
7f8721e36000-7f8721e3d000 r-xp 00000000 08:06 530783                     /usr/lib/x86_64-linux-gnu/libogg.so.0.8.1
7f8721e3d000-7f872203d000 ---p 00007000 08:06 530783                     /usr/lib/x86_64-linux-gnu/libogg.so.0.8.1
7f872203d000-7f872203e000 r--p 00007000 08:06 530783                     /usr/lib/x86_64-linux-gnu/libogg.so.0.8.1
7f872203e000-7f872203f000 rw-p 00008000 08:06 530783                     /usr/lib/x86_64-linux-gnu/libogg.so.0.8.1
7f872203f000-7f872206b000 r-xp 00000000 08:06 531059                     /usr/lib/x86_64-linux-gnu/libvorbis.so.0.4.5
7f872206b000-7f872226a000 ---p 0002c000 08:06 531059                     /usr/lib/x86_64-linux-gnu/libvorbis.so.0.4.5
7f872226a000-7f872226b000 r--p 0002b000 08:06 531059                     /usr/lib/x86_64-linux-gnu/libvorbis.so.0.4.5
7f872226b000-7f872226c000 rw-p 0002c000 08:06 531059                     /usr/lib/x86_64-linux-gnu/libvorbis.so.0.4.5
7f872226c000-7f872251f000 r-xp 00000000 08:06 531061                     /usr/lib/x86_64-linux-gnu/libvorbisenc.so.2.0.8
7f872251f000-7f872271e000 ---p 002b3000 08:06 531061                     /usr/lib/x86_64-linux-gnu/libvorbisenc.so.2.0.8
7f872271e000-7f872273a000 r--p 002b2000 08:06 531061                     /usr/lib/x86_64-linux-gnu/libvorbisenc.so.2.0.8
7f872273a000-7f872273b000 rw-p 002ce000 08:06 531061                     /usr/lib/x86_64-linux-gnu/libvorbisenc.so.2.0.8
7f872273b000-7f872276b000 r-xp 00000000 08:06 529922                     /usr/lib/x86_64-linux-gnu/libFLAC.so.8.3.0
7f872276b000-7f872296a000 ---p 00030000 08:06 529922                     /usr/lib/x86_64-linux-gnu/libFLAC.so.8.3.0
7f872296a000-7f872296b000 r--p 0002f000 08:06 529922                     /usr/lib/x86_64-linux-gnu/libFLAC.so.8.3.0
7f872296b000-7f872296c000 rw-p 00030000 08:06 529922                     /usr/lib/x86_64-linux-gnu/libFLAC.so.8.3.0
7f872296c000-7f8722971000 r-xp 00000000 08:06 530154                     /usr/lib/x86_64-linux-gnu/libasyncns.so.0.3.1
7f8722971000-7f8722b70000 ---p 00005000 08:06 530154                     /usr/lib/x86_64-linux-gnu/libasyncns.so.0.3.1
7f8722b70000-7f8722b71000 r--p 00004000 08:06 530154                     /usr/lib/x86_64-linux-gnu/libasyncns.so.0.3.1
7f8722b71000-7f8722b72000 rw-p 00005000 08:06 530154                     /usr/lib/x86_64-linux-gnu/libasyncns.so.0.3.1
7f8722b72000-7f8722bd3000 r-xp 00000000 08:06 530940                     /usr/lib/x86_64-linux-gnu/libsndfile.so.1.0.25
7f8722bd3000-7f8722dd3000 ---p 00061000 08:06 530940                     /usr/lib/x86_64-linux-gnu/libsndfile.so.1.0.25
7f8722dd3000-7f8722dd5000 r--p 00061000 08:06 530940                     /usr/lib/x86_64-linux-gnu/libsndfile.so.1.0.25
7f8722dd5000-7f8722dd6000 rw-p 00063000 08:06 530940                     /usr/lib/x86_64-linux-gnu/libsndfile.so.1.0.25
7f8722dd6000-7f8722dda000 rw-p 00000000 00:00 0 
7f8722dda000-7f8722de2000 r-xp 00000000 08:06 265700                     /lib/x86_64-linux-gnu/libwrap.so.0.7.6
7f8722de2000-7f8722fe1000 ---p 00008000 08:06 265700                     /lib/x86_64-linux-gnu/libwrap.so.0.7.6
7f8722fe1000-7f8722fe2000 r--p 00007000 08:06 265700                     /lib/x86_64-linux-gnu/libwrap.so.0.7.6
7f8722fe2000-7f8722fe3000 rw-p 00008000 08:06 265700                     /lib/x86_64-linux-gnu/libwrap.so.0.7.6
7f8722fe3000-7f8722fe4000 rw-p 00000000 00:00 0 
7f8722fe4000-7f872304a000 r-xp 00000000 08:06 783969                     /usr/lib/x86_64-linux-gnu/pulseaudio/libpulsecommon-4.0.so
7f872304a000-7f8723249000 ---p 00066000 08:06 783969                     /usr/lib/x86_64-linux-gnu/pulseaudio/libpulsecommon-4.0.so
7f8723249000-7f872324a000 r--p 00065000 08:06 783969                     /usr/lib/x86_64-linux-gnu/pulseaudio/libpulsecommon-4.0.so
7f872324a000-7f872324b000 rw-p 00066000 08:06 783969                     /usr/lib/x86_64-linux-gnu/pulseaudio/libpulsecommon-4.0.so
7f872324b000-7f8723255000 r-xp 00000000 08:06 265580                     /lib/x86_64-linux-gnu/libjson-c.so.2.0.0
7f8723255000-7f8723454000 ---p 0000a000 08:06 265580                     /lib/x86_64-linux-gnu/libjson-c.so.2.0.0
7f8723454000-7f8723455000 r--p 00009000 08:06 265580                     /lib/x86_64-linux-gnu/libjson-c.so.2.0.0
7f8723455000-7f8723456000 rw-p 0000a000 08:06 265580                     /lib/x86_64-linux-gnu/libjson-c.so.2.0.0
7f8723456000-7f872349d000 r-xp 00000000 08:06 530852                     /usr/lib/x86_64-linux-gnu/libpulse.so.0.16.2
7f872349d000-7f872369d000 ---p 00047000 08:06 530852                     /usr/lib/x86_64-linux-gnu/libpulse.so.0.16.2
7f872369d000-7f872369e000 r--p 00047000 08:06 530852                     /usr/lib/x86_64-linux-gnu/libpulse.so.0.16.2
7f872369e000-7f872369f000 rw-p 00048000 08:06 530852                     /usr/lib/x86_64-linux-gnu/libpulse.so.0.16.2
7f87236a0000-7f87236a5000 r-xp 00000000 08:06 412892                     /usr/lib/vlc/plugins/audio_output/libalsa_plugin.so
7f87236a5000-7f87238a4000 ---p 00005000 08:06 412892                     /usr/lib/vlc/plugins/audio_output/libalsa_plugin.so
7f87238a4000-7f87238a5000 r--p 00004000 08:06 412892                     /usr/lib/vlc/plugins/audio_output/libalsa_plugin.so
7f87238a5000-7f87238a6000 rw-p 00005000 08:06 412892                     /usr/lib/vlc/plugins/audio_output/libalsa_plugin.so
7f87238a6000-7f87238ea000 r-xp 00000000 08:06 265554                     /lib/x86_64-linux-gnu/libdbus-1.so.3.7.6
7f87238ea000-7f8723ae9000 ---p 00044000 08:06 265554                     /lib/x86_64-linux-gnu/libdbus-1.so.3.7.6
7f8723ae9000-7f8723aea000 r--p 00043000 08:06 265554                     /lib/x86_64-linux-gnu/libdbus-1.so.3.7.6
7f8723aea000-7f8723aeb000 rw-p 00044000 08:06 265554                     /lib/x86_64-linux-gnu/libdbus-1.so.3.7.6
7f8723aeb000-7f8723b1c000 r-xp 00000000 08:06 530638                     /usr/lib/x86_64-linux-gnu/libidn.so.11.6.11
7f8723b1c000-7f8723d1c000 ---p 00031000 08:06 530638                     /usr/lib/x86_64-linux-gnu/libidn.so.11.6.11
7f8723d1c000-7f8723d1d000 r--p 00031000 08:06 530638                     /usr/lib/x86_64-linux-gnu/libidn.so.11.6.11
7f8723d1d000-7f8723d1e000 rw-p 00032000 08:06 530638                     /usr/lib/x86_64-linux-gnu/libidn.so.11.6.11
7f8723d1e000-7f8723dfc000 r-xp 00000000 08:06 412641                     /usr/lib/libvlccore.so.7.0.0
7f8723dfc000-7f8723ffc000 ---p 000de000 08:06 412641                     /usr/lib/libvlccore.so.7.0.0
7f8723ffc000-7f8723fff000 r--p 000de000 08:06 412641                     /usr/lib/libvlccore.so.7.0.0
7f8723fff000-7f8724000000 rw-p 000e1000 08:06 412641                     /usr/lib/libvlccore.so.7.0.0
7f8724000000-7f8724021000 rw-p 00000000 00:00 0 
7f8724021000-7f8728000000 ---p 00000000 00:00 0 
7f87280cc000-7f87280e6000 r-xp 00000000 08:06 412644                     /usr/lib/libvlc.so.5.4.0
7f87280e6000-7f87282e5000 ---p 0001a000 08:06 412644                     /usr/lib/libvlc.so.5.4.0
7f87282e5000-7f87282e6000 r--p 00019000 08:06 412644                     /usr/lib/libvlc.so.5.4.0
7f87282e6000-7f87282e7000 rw-p 0001a000 08:06 412644                     /usr/lib/libvlc.so.5.4.0
7f87282e7000-7f87282e8000 r-xp 00000000 08:06 414495                     /usr/lib/jvm/java-8-oracle/jre/lib/amd64/libjawt.so
7f87282e8000-7f87284e7000 ---p 00001000 08:06 414495                     /usr/lib/jvm/java-8-oracle/jre/lib/amd64/libjawt.so
7f87284e7000-7f87284e8000 rw-p 00000000 08:06 414495                     /usr/lib/jvm/java-8-oracle/jre/lib/amd64/libjawt.so
7f87284e8000-7f87284eb000 ---p 00000000 00:00 0 
7f87284eb000-7f87285e9000 rw-p 00000000 00:00 0                          [stack:13399]
7f87285e9000-7f87285ee000 r-xp 00000000 08:06 522501                     /usr/lib/x86_64-linux-gnu/libXfixes.so.3.1.0
7f87285ee000-7f87287ed000 ---p 00005000 08:06 522501                     /usr/lib/x86_64-linux-gnu/libXfixes.so.3.1.0
7f87287ed000-7f87287ee000 r--p 00004000 08:06 522501                     /usr/lib/x86_64-linux-gnu/libXfixes.so.3.1.0
7f87287ee000-7f87287ef000 rw-p 00005000 08:06 522501                     /usr/lib/x86_64-linux-gnu/libXfixes.so.3.1.0
7f87287ef000-7f87287f8000 r-xp 00000000 08:06 530071                     /usr/lib/x86_64-linux-gnu/libXcursor.so.1.0.2
7f87287f8000-7f87289f7000 ---p 00009000 08:06 530071                     /usr/lib/x86_64-linux-gnu/libXcursor.so.1.0.2
7f87289f7000-7f87289f8000 r--p 00008000 08:06 530071                     /usr/lib/x86_64-linux-gnu/libXcursor.so.1.0.2
7f87289f8000-7f87289f9000 rw-p 00009000 08:06 530071                     /usr/lib/x86_64-linux-gnu/libXcursor.so.1.0.2
7f87289f9000-7f87289fc000 ---p 00000000 00:00 0 
7f87289fc000-7f8728afa000 rw-p 00000000 00:00 0                          [stack:13398]
7f8728afa000-7f8728b10000 r-xp 00000000 08:06 265567                     /lib/x86_64-linux-gnu/libgcc_s.so.1
7f8728b10000-7f8728d0f000 ---p 00016000 08:06 265567                     /lib/x86_64-linux-gnu/libgcc_s.so.1
7f8728d0f000-7f8728d10000 rw-p 00015000 08:06 265567                     /lib/x86_64-linux-gnu/libgcc_s.so.1
7f8728d31000-7f8728d96000 r-xp 00000000 08:06 414526                     /usr/lib/jvm/java-8-oracle/jre/lib/amd64/libfontmanager.so
7f8728d96000-7f8728f96000 ---p 00065000 08:06 414526                     /usr/lib/jvm/java-8-oracle/jre/lib/amd64/libfontmanager.so
7f8728f96000-7f8728f9a000 rw-p 00065000 08:06 414526                     /usr/lib/jvm/java-8-oracle/jre/lib/amd64/libfontmanager.so
7f8728f9a000-7f8728fab000 rw-p 00000000 00:00 0 
7f8728fab000-7f8728fc2000 r-xp 00000000 08:06 13631                      /tmp/jna-jony/jna8814140642074371177.tmp (deleted)
7f8728fc2000-7f87290c1000 ---p 00017000 08:06 13631                      /tmp/jna-jony/jna8814140642074371177.tmp (deleted)
7f87290c1000-7f87290c2000 rw-p 00016000 08:06 13631                      /tmp/jna-jony/jna8814140642074371177.tmp (deleted)
7f87290c2000-7f87290c3000 rw-p 00000000 00:00 0 
7f87290c3000-7f87290c8000 r-xp 00000000 08:06 530075                     /usr/lib/x86_64-linux-gnu/libXdmcp.so.6.0.0
7f87290c8000-7f87292c7000 ---p 00005000 08:06 530075                     /usr/lib/x86_64-linux-gnu/libXdmcp.so.6.0.0
7f87292c7000-7f87292c8000 r--p 00004000 08:06 530075                     /usr/lib/x86_64-linux-gnu/libXdmcp.so.6.0.0
7f87292c8000-7f87292c9000 rw-p 00005000 08:06 530075                     /usr/lib/x86_64-linux-gnu/libXdmcp.so.6.0.0
7f87292c9000-7f87292cb000 r-xp 00000000 08:06 530064                     /usr/lib/x86_64-linux-gnu/libXau.so.6.0.0
7f87292cb000-7f87294cb000 ---p 00002000 08:06 530064                     /usr/lib/x86_64-linux-gnu/libXau.so.6.0.0
7f87294cb000-7f87294cc000 r--p 00002000 08:06 530064                     /usr/lib/x86_64-linux-gnu/libXau.so.6.0.0
7f87294cc000-7f87294cd000 rw-p 00003000 08:06 530064                     /usr/lib/x86_64-linux-gnu/libXau.so.6.0.0
7f87294cd000-7f87294ea000 r-xp 00000000 08:06 531132                     /usr/lib/x86_64-linux-gnu/libxcb.so.1.1.0
7f87294ea000-7f87296ea000 ---p 0001d000 08:06 531132                     /usr/lib/x86_64-linux-gnu/libxcb.so.1.1.0
7f87296ea000-7f87296eb000 r--p 0001d000 08:06 531132                     /usr/lib/x86_64-linux-gnu/libxcb.so.1.1.0
7f87296eb000-7f87296ec000 rw-p 0001e000 08:06 531132                     /usr/lib/x86_64-linux-gnu/libxcb.so.1.1.0
7f87296ec000-7f87296fb000 r-xp 00000000 08:06 522608                     /usr/lib/x86_64-linux-gnu/libXi.so.6.1.0
7f87296fb000-7f87298fa000 ---p 0000f000 08:06 522608                     /usr/lib/x86_64-linux-gnu/libXi.so.6.1.0
7f87298fa000-7f87298fb000 r--p 0000e000 08:06 522608                     /usr/lib/x86_64-linux-gnu/libXi.so.6.1.0
7f87298fb000-7f87298fc000 rw-p 0000f000 08:06 522608                     /usr/lib/x86_64-linux-gnu/libXi.so.6.1.0
7f87298fc000-7f8729901000 r-xp 00000000 08:06 530105                     /usr/lib/x86_64-linux-gnu/libXtst.so.6.1.0
7f8729901000-7f8729b00000 ---p 00005000 08:06 530105                     /usr/lib/x86_64-linux-gnu/libXtst.so.6.1.0
7f8729b00000-7f8729b01000 r--p 00004000 08:06 530105                     /usr/lib/x86_64-linux-gnu/libXtst.so.6.1.0
7f8729b01000-7f8729b02000 rw-p 00005000 08:06 530105                     /usr/lib/x86_64-linux-gnu/libXtst.so.6.1.0
7f8729b02000-7f8729b0b000 r-xp 00000000 08:06 522612                     /usr/lib/x86_64-linux-gnu/libXrender.so.1.3.0
7f8729b0b000-7f8729d0a000 ---p 00009000 08:06 522612                     /usr/lib/x86_64-linux-gnu/libXrender.so.1.3.0
7f8729d0a000-7f8729d0b000 r--p 00008000 08:06 522612                     /usr/lib/x86_64-linux-gnu/libXrender.so.1.3.0
7f8729d0b000-7f8729d0c000 rw-p 00009000 08:06 522612                     /usr/lib/x86_64-linux-gnu/libXrender.so.1.3.0
7f8729d0c000-7f8729e3c000 r-xp 00000000 08:06 530060                     /usr/lib/x86_64-linux-gnu/libX11.so.6.3.0
7f8729e3c000-7f872a03c000 ---p 00130000 08:06 530060                     /usr/lib/x86_64-linux-gnu/libX11.so.6.3.0
7f872a03c000-7f872a03d000 r--p 00130000 08:06 530060                     /usr/lib/x86_64-linux-gnu/libX11.so.6.3.0
7f872a03d000-7f872a041000 rw-p 00131000 08:06 530060                     /usr/lib/x86_64-linux-gnu/libX11.so.6.3.0
7f872a041000-7f872a052000 r-xp 00000000 08:06 522564                     /usr/lib/x86_64-linux-gnu/libXext.so.6.4.0
7f872a052000-7f872a251000 ---p 00011000 08:06 522564                     /usr/lib/x86_64-linux-gnu/libXext.so.6.4.0
7f872a251000-7f872a252000 r--p 00010000 08:06 522564                     /usr/lib/x86_64-linux-gnu/libXext.so.6.4.0
7f872a252000-7f872a253000 rw-p 00011000 08:06 522564                     /usr/lib/x86_64-linux-gnu/libXext.so.6.4.0
7f872a259000-7f872a25e000 r--s 00096000 08:06 414462                     /usr/lib/jvm/java-8-oracle/jre/lib/jsse.jar
7f872a25e000-7f872a265000 r--s 00053000 08:07 2359876                    /home/jony/.m2/repository/log4j/log4j/1.2.14/log4j-1.2.14.jar
7f872a265000-7f872a274000 r--s 00115000 08:07 2097400                    /home/jony/.m2/repository/net/java/dev/jna/platform/3.5.2/platform-3.5.2.jar
7f872a274000-7f872a2c8000 r-xp 00000000 08:06 414472                     /usr/lib/jvm/java-8-oracle/jre/lib/amd64/libawt_xawt.so
7f872a2c8000-7f872a4c8000 ---p 00054000 08:06 414472                     /usr/lib/jvm/java-8-oracle/jre/lib/amd64/libawt_xawt.so
7f872a4c8000-7f872a4cc000 rw-p 00054000 08:06 414472                     /usr/lib/jvm/java-8-oracle/jre/lib/amd64/libawt_xawt.so
7f872a4cc000-7f872a4cd000 rw-p 00000000 00:00 0 
7f872a4cd000-7f872a56f000 r-xp 00000000 08:06 414471                     /usr/lib/jvm/java-8-oracle/jre/lib/amd64/libawt.so
7f872a56f000-7f872a76f000 ---p 000a2000 08:06 414471                     /usr/lib/jvm/java-8-oracle/jre/lib/amd64/libawt.so
7f872a76f000-7f872a77b000 rw-p 000a2000 08:06 414471                     /usr/lib/jvm/java-8-oracle/jre/lib/amd64/libawt.so
7f872a77b000-7f872a79f000 rw-p 00000000 00:00 0 
7f872a79f000-7f872a7ab000 r--s 00057000 08:07 2097396                    /home/jony/.m2/repository/uk/co/caprica/vlcj/3.9.0/vlcj-3.9.0.jar
7f872a7ab000-7f872a7ac000 ---p 00000000 00:00 0 
7f872a7ac000-7f872a8ac000 rw-p 00000000 00:00 0                          [stack:13396]
7f872a8ac000-7f872a8af000 ---p 00000000 00:00 0 
7f872a8af000-7f872a9ad000 rw-p 00000000 00:00 0                          [stack:13395]
7f872a9ad000-7f872a9b0000 ---p 00000000 00:00 0 
7f872a9b0000-7f872aaae000 rw-p 00000000 00:00 0                          [stack:13394]
7f872aaae000-7f872aab1000 ---p 00000000 00:00 0 
7f872aab1000-7f872abaf000 rw-p 00000000 00:00 0                          [stack:13393]
7f872abaf000-7f872abb2000 ---p 00000000 00:00 0 
7f872abb2000-7f872acb0000 rw-p 00000000 00:00 0                          [stack:13392]
7f872acb0000-7f872acb3000 ---p 00000000 00:00 0 
7f872acb3000-7f872adb1000 rw-p 00000000 00:00 0                          [stack:13391]
7f872adb1000-7f872b4d4000 r--p 00000000 08:06 397847                     /usr/lib/locale/locale-archive
7f872b4d4000-7f872b4d7000 ---p 00000000 00:00 0 
7f872b4d7000-7f872b5d5000 rw-p 00000000 00:00 0                          [stack:13390]
7f872b5d5000-7f872b5d8000 ---p 00000000 00:00 0 
7f872b5d8000-7f872b6d6000 rw-p 00000000 00:00 0                          [stack:13389]
7f872b6d6000-7f872b6d7000 ---p 00000000 00:00 0 
7f872b6d7000-7f872c000000 rw-p 00000000 00:00 0                          [stack:13388]
7f872c000000-7f872c021000 rw-p 00000000 00:00 0 
7f872c021000-7f8730000000 ---p 00000000 00:00 0 
7f8730000000-7f8730627000 rw-p 00000000 00:00 0 
7f8730627000-7f8730800000 r--s 03d20000 08:06 414457                     /usr/lib/jvm/java-8-oracle/jre/lib/rt.jar
7f8730800000-7f8731000000 rw-p 00000000 00:00 0 
7f8731000000-7f8731290000 rwxp 00000000 00:00 0 
7f8731290000-7f8740000000 ---p 00000000 00:00 0 
7f8740000000-7f874074f000 rw-p 00000000 00:00 0 
7f874074f000-7f8744000000 ---p 00000000 00:00 0 
7f8744004000-7f8744006000 r--s 00001000 08:07 396549                     /home/jony/.m2/repository/org/slf4j/slf4j-log4j12/1.7.0/slf4j-log4j12-1.7.0.jar
7f8744006000-7f87461f3000 rw-p 00000000 00:00 0 
7f87461f3000-7f87461f4000 ---p 00000000 00:00 0 
7f87461f4000-7f87462f4000 rw-p 00000000 00:00 0                          [stack:13387]
7f87462f4000-7f87462f5000 ---p 00000000 00:00 0 
7f87462f5000-7f87463f5000 rw-p 00000000 00:00 0                          [stack:13386]
7f87463f5000-7f87463f6000 ---p 00000000 00:00 0 
7f87463f6000-7f87464f6000 rw-p 00000000 00:00 0                          [stack:13385]
7f87464f6000-7f87464f7000 ---p 00000000 00:00 0 
7f87464f7000-7f874660c000 rw-p 00000000 00:00 0                          [stack:13384]
7f874660c000-7f8746739000 ---p 00000000 00:00 0 
7f8746739000-7f874674e000 rw-p 00000000 00:00 0 
7f874674e000-7f874687b000 ---p 00000000 00:00 0 
7f874687b000-7f8746886000 rw-p 00000000 00:00 0 
7f8746886000-7f874691c000 ---p 00000000 00:00 0 
7f874691c000-7f8746928000 rw-p 00000000 00:00 0 
7f8746928000-7f8746cdd000 ---p 00000000 00:00 0 
7f8746cdd000-7f8746cf7000 r-xp 00000000 08:06 414518                     /usr/lib/jvm/java-8-oracle/jre/lib/amd64/libzip.so
7f8746cf7000-7f8746ef7000 ---p 0001a000 08:06 414518                     /usr/lib/jvm/java-8-oracle/jre/lib/amd64/libzip.so
7f8746ef7000-7f8746ef8000 rw-p 0001a000 08:06 414518                     /usr/lib/jvm/java-8-oracle/jre/lib/amd64/libzip.so
7f8746ef8000-7f8746f03000 r-xp 00000000 08:06 261141                     /lib/x86_64-linux-gnu/libnss_files-2.19.so
7f8746f03000-7f8747102000 ---p 0000b000 08:06 261141                     /lib/x86_64-linux-gnu/libnss_files-2.19.so
7f8747102000-7f8747103000 r--p 0000a000 08:06 261141                     /lib/x86_64-linux-gnu/libnss_files-2.19.so
7f8747103000-7f8747104000 rw-p 0000b000 08:06 261141                     /lib/x86_64-linux-gnu/libnss_files-2.19.so
7f8747104000-7f874710f000 r-xp 00000000 08:06 265432                     /lib/x86_64-linux-gnu/libnss_nis-2.19.so
7f874710f000-7f874730e000 ---p 0000b000 08:06 265432                     /lib/x86_64-linux-gnu/libnss_nis-2.19.so
7f874730e000-7f874730f000 r--p 0000a000 08:06 265432                     /lib/x86_64-linux-gnu/libnss_nis-2.19.so
7f874730f000-7f8747310000 rw-p 0000b000 08:06 265432                     /lib/x86_64-linux-gnu/libnss_nis-2.19.so
7f8747310000-7f8747327000 r-xp 00000000 08:06 261216                     /lib/x86_64-linux-gnu/libnsl-2.19.so
7f8747327000-7f8747526000 ---p 00017000 08:06 261216                     /lib/x86_64-linux-gnu/libnsl-2.19.so
7f8747526000-7f8747527000 r--p 00016000 08:06 261216                     /lib/x86_64-linux-gnu/libnsl-2.19.so
7f8747527000-7f8747528000 rw-p 00017000 08:06 261216                     /lib/x86_64-linux-gnu/libnsl-2.19.so
7f8747528000-7f874752a000 rw-p 00000000 00:00 0 
7f874752a000-7f8747533000 r-xp 00000000 08:06 261215                     /lib/x86_64-linux-gnu/libnss_compat-2.19.so
7f8747533000-7f8747732000 ---p 00009000 08:06 261215                     /lib/x86_64-linux-gnu/libnss_compat-2.19.so
7f8747732000-7f8747733000 r--p 00008000 08:06 261215                     /lib/x86_64-linux-gnu/libnss_compat-2.19.so
7f8747733000-7f8747734000 rw-p 00009000 08:06 261215                     /lib/x86_64-linux-gnu/libnss_compat-2.19.so
7f8747734000-7f874775e000 r-xp 00000000 08:06 414479                     /usr/lib/jvm/java-8-oracle/jre/lib/amd64/libjava.so
7f874775e000-7f874795e000 ---p 0002a000 08:06 414479                     /usr/lib/jvm/java-8-oracle/jre/lib/amd64/libjava.so
7f874795e000-7f8747960000 rw-p 0002a000 08:06 414479                     /usr/lib/jvm/java-8-oracle/jre/lib/amd64/libjava.so
7f8747960000-7f874796d000 r-xp 00000000 08:06 414470                     /usr/lib/jvm/java-8-oracle/jre/lib/amd64/libverify.so
7f874796d000-7f8747b6d000 ---p 0000d000 08:06 414470                     /usr/lib/jvm/java-8-oracle/jre/lib/amd64/libverify.so
7f8747b6d000-7f8747b6f000 rw-p 0000d000 08:06 414470                     /usr/lib/jvm/java-8-oracle/jre/lib/amd64/libverify.so
7f8747b6f000-7f8747b76000 r-xp 00000000 08:06 261224                     /lib/x86_64-linux-gnu/librt-2.19.so
7f8747b76000-7f8747d75000 ---p 00007000 08:06 261224                     /lib/x86_64-linux-gnu/librt-2.19.so
7f8747d75000-7f8747d76000 r--p 00006000 08:06 261224                     /lib/x86_64-linux-gnu/librt-2.19.so
7f8747d76000-7f8747d77000 rw-p 00007000 08:06 261224                     /lib/x86_64-linux-gnu/librt-2.19.so
7f8747d77000-7f8747e7c000 r-xp 00000000 08:06 261137                     /lib/x86_64-linux-gnu/libm-2.19.so
7f8747e7c000-7f874807b000 ---p 00105000 08:06 261137                     /lib/x86_64-linux-gnu/libm-2.19.so
7f874807b000-7f874807c000 r--p 00104000 08:06 261137                     /lib/x86_64-linux-gnu/libm-2.19.so
7f874807c000-7f874807d000 rw-p 00105000 08:06 261137                     /lib/x86_64-linux-gnu/libm-2.19.so
7f874807d000-7f8748d3b000 r-xp 00000000 08:06 414502                     /usr/lib/jvm/java-8-oracle/jre/lib/amd64/server/libjvm.so
7f8748d3b000-7f8748f3a000 ---p 00cbe000 08:06 414502                     /usr/lib/jvm/java-8-oracle/jre/lib/amd64/server/libjvm.so
7f8748f3a000-7f8749013000 rw-p 00cbd000 08:06 414502                     /usr/lib/jvm/java-8-oracle/jre/lib/amd64/server/libjvm.so
7f8749013000-7f8749057000 rw-p 00000000 00:00 0 
7f8749057000-7f8749212000 r-xp 00000000 08:06 261221                     /lib/x86_64-linux-gnu/libc-2.19.so
7f8749212000-7f8749411000 ---p 001bb000 08:06 261221                     /lib/x86_64-linux-gnu/libc-2.19.so
7f8749411000-7f8749415000 r--p 001ba000 08:06 261221                     /lib/x86_64-linux-gnu/libc-2.19.so
7f8749415000-7f8749417000 rw-p 001be000 08:06 261221                     /lib/x86_64-linux-gnu/libc-2.19.so
7f8749417000-7f874941c000 rw-p 00000000 00:00 0 
7f874941c000-7f874941f000 r-xp 00000000 08:06 261152                     /lib/x86_64-linux-gnu/libdl-2.19.so
7f874941f000-7f874961e000 ---p 00003000 08:06 261152                     /lib/x86_64-linux-gnu/libdl-2.19.so
7f874961e000-7f874961f000 r--p 00002000 08:06 261152                     /lib/x86_64-linux-gnu/libdl-2.19.so
7f874961f000-7f8749620000 rw-p 00003000 08:06 261152                     /lib/x86_64-linux-gnu/libdl-2.19.so
7f8749620000-7f8749635000 r-xp 00000000 08:06 413769                     /usr/lib/jvm/java-8-oracle/lib/amd64/jli/libjli.so
7f8749635000-7f8749835000 ---p 00015000 08:06 413769                     /usr/lib/jvm/java-8-oracle/lib/amd64/jli/libjli.so
7f8749835000-7f8749836000 rw-p 00015000 08:06 413769                     /usr/lib/jvm/java-8-oracle/lib/amd64/jli/libjli.so
7f8749836000-7f874984f000 r-xp 00000000 08:06 261222                     /lib/x86_64-linux-gnu/libpthread-2.19.so
7f874984f000-7f8749a4e000 ---p 00019000 08:06 261222                     /lib/x86_64-linux-gnu/libpthread-2.19.so
7f8749a4e000-7f8749a4f000 r--p 00018000 08:06 261222                     /lib/x86_64-linux-gnu/libpthread-2.19.so
7f8749a4f000-7f8749a50000 rw-p 00019000 08:06 261222                     /lib/x86_64-linux-gnu/libpthread-2.19.so
7f8749a50000-7f8749a54000 rw-p 00000000 00:00 0 
7f8749a54000-7f8749a77000 r-xp 00000000 08:06 261218                     /lib/x86_64-linux-gnu/ld-2.19.so
7f8749a78000-7f8749a7a000 r--s 00005000 08:07 396547                     /home/jony/.m2/repository/org/slf4j/slf4j-api/1.7.0/slf4j-api-1.7.0.jar
7f8749a7a000-7f8749a7c000 r--s 00003000 08:07 396534                     /home/jony/.m2/repository/org/slf4j/jcl-over-slf4j/1.7.0/jcl-over-slf4j-1.7.0.jar
7f8749a7c000-7f8749b4e000 rw-p 00000000 00:00 0 
7f8749b4e000-7f8749b51000 ---p 00000000 00:00 0 
7f8749b51000-7f8749c53000 rw-p 00000000 00:00 0                          [stack:13383]
7f8749c53000-7f8749c54000 rwxp 00000000 00:00 0 
7f8749c54000-7f8749c57000 r--s 000a6000 08:07 2097398                    /home/jony/.m2/repository/net/java/dev/jna/jna/3.5.2/jna-3.5.2.jar
7f8749c57000-7f8749c6a000 rw-p 00000000 00:00 0 
7f8749c6a000-7f8749c72000 rw-s 00000000 08:06 523051                     /tmp/hsperfdata_jony/13377
7f8749c72000-7f8749c73000 rw-p 00000000 00:00 0 
7f8749c73000-7f8749c74000 r--p 00000000 00:00 0 
7f8749c74000-7f8749c76000 rw-p 00000000 00:00 0 
7f8749c76000-7f8749c77000 r--p 00022000 08:06 261218                     /lib/x86_64-linux-gnu/ld-2.19.so
7f8749c77000-7f8749c78000 rw-p 00023000 08:06 261218                     /lib/x86_64-linux-gnu/ld-2.19.so
7f8749c78000-7f8749c79000 rw-p 00000000 00:00 0 
7fff60ea6000-7fff60ec7000 rw-p 00000000 00:00 0                          [stack]
7fff60f68000-7fff60f6a000 r-xp 00000000 00:00 0                          [vdso]
7fff60f6a000-7fff60f6c000 r--p 00000000 00:00 0                          [vvar]
ffffffffff600000-ffffffffff601000 r-xp 00000000 00:00 0                  [vsyscall]

VM Arguments:
jvm_args: -Dfile.encoding=UTF-8 
java_command: com.movieCart.MainFrame
java_class_path (initial): /home/jony/Dropbox/Eclipse Workspace/movieCart/target/classes:/home/jony/.m2/repository/uk/co/caprica/vlcj/3.9.0/vlcj-3.9.0.jar:/home/jony/.m2/repository/net/java/dev/jna/jna/3.5.2/jna-3.5.2.jar:/home/jony/.m2/repository/net/java/dev/jna/platform/3.5.2/platform-3.5.2.jar:/home/jony/.m2/repository/org/slf4j/jcl-over-slf4j/1.7.0/jcl-over-slf4j-1.7.0.jar:/home/jony/.m2/repository/org/slf4j/slf4j-api/1.7.0/slf4j-api-1.7.0.jar:/home/jony/.m2/repository/org/slf4j/slf4j-log4j12/1.7.0/slf4j-log4j12-1.7.0.jar:/home/jony/.m2/repository/log4j/log4j/1.2.14/log4j-1.2.14.jar
Launcher Type: SUN_STANDARD

Environment Variables:
JAVA_HOME=/usr/lib/jvm/java-8-oracle
PATH=/home/jony/sys161/bin:/home/jony/sys161/tools/bin:/home/jony/bin:/usr/local/sbin:/usr/local/bin:/usr/sbin:/usr/bin:/sbin:/bin:/usr/games:/usr/local/games:/usr/lib/jvm/java-8-oracle/bin:/usr/lib/jvm/java-8-oracle/db/bin:/usr/lib/jvm/java-8-oracle/jre/bin
SHELL=/bin/bash
DISPLAY=:0.0

Signal Handlers:
SIGSEGV: [libjvm.so+0xaba2a0], sa_mask[0]=11111111011111111101111111111110, sa_flags=SA_RESTART|SA_SIGINFO
SIGBUS: [libjvm.so+0xaba2a0], sa_mask[0]=11111111011111111101111111111110, sa_flags=SA_RESTART|SA_SIGINFO
SIGFPE: [libjvm.so+0x917710], sa_mask[0]=11111111011111111101111111111110, sa_flags=SA_RESTART|SA_SIGINFO
SIGPIPE: [libjvm.so+0x917710], sa_mask[0]=11111111011111111101111111111110, sa_flags=SA_RESTART|SA_SIGINFO
SIGXFSZ: [libjvm.so+0x917710], sa_mask[0]=11111111011111111101111111111110, sa_flags=SA_RESTART|SA_SIGINFO
SIGILL: [libjvm.so+0x917710], sa_mask[0]=11111111011111111101111111111110, sa_flags=SA_RESTART|SA_SIGINFO
SIGUSR1: SIG_DFL, sa_mask[0]=00000000000000000000000000000000, sa_flags=none
SIGUSR2: [libjvm.so+0x918d40], sa_mask[0]=00100000000000000000000000000000, sa_flags=SA_RESTART|SA_SIGINFO
SIGHUP: [libjvm.so+0x91a140], sa_mask[0]=11111111011111111101111111111110, sa_flags=SA_RESTART|SA_SIGINFO
SIGINT: [libjvm.so+0x91a140], sa_mask[0]=11111111011111111101111111111110, sa_flags=SA_RESTART|SA_SIGINFO
SIGTERM: [libjvm.so+0x91a140], sa_mask[0]=11111111011111111101111111111110, sa_flags=SA_RESTART|SA_SIGINFO
SIGQUIT: [libjvm.so+0x91a140], sa_mask[0]=11111111011111111101111111111110, sa_flags=SA_RESTART|SA_SIGINFO


---------------  S Y S T E M  ---------------

OS:DISTRIB_ID=Ubuntu
DISTRIB_RELEASE=14.04
DISTRIB_CODENAME=trusty
DISTRIB_DESCRIPTION="Ubuntu 14.04.3 LTS"

uname:Linux 3.16.0-51-generic #69~14.04.1-Ubuntu SMP Wed Oct 7 15:32:41 UTC 2015 x86_64
libc:glibc 2.19 NPTL 2.19 
rlimit: STACK 8192k, CORE 0k, NPROC 15360, NOFILE 4096, AS infinity
load average:3.39 1.75 1.38

/proc/meminfo:
MemTotal:        3953704 kB
MemFree:          159548 kB
MemAvailable:    1308464 kB
Buffers:           61840 kB
Cached:          1399212 kB
SwapCached:        10300 kB
Active:          2196504 kB
Inactive:        1298808 kB
Active(anon):    1575284 kB
Inactive(anon):   677128 kB
Active(file):     621220 kB
Inactive(file):   621680 kB
Unevictable:         104 kB
Mlocked:             104 kB
SwapTotal:       9764860 kB
SwapFree:        9599396 kB
Dirty:             40308 kB
Writeback:             0 kB
AnonPages:       2028292 kB
Mapped:           273308 kB
Shmem:            217796 kB
Slab:             182616 kB
SReclaimable:     149900 kB
SUnreclaim:        32716 kB
KernelStack:       11040 kB
PageTables:        39004 kB
NFS_Unstable:          0 kB
Bounce:                0 kB
WritebackTmp:          0 kB
CommitLimit:    11741712 kB
Committed_AS:    6864840 kB
VmallocTotal:   34359738367 kB
VmallocUsed:      361940 kB
VmallocChunk:   34359360012 kB
HardwareCorrupted:     0 kB
AnonHugePages:    532480 kB
HugePages_Total:       0
HugePages_Free:        0
HugePages_Rsvd:        0
HugePages_Surp:        0
Hugepagesize:       2048 kB
DirectMap4k:       72352 kB
DirectMap2M:     4028416 kB


CPU:total 4 (2 cores per cpu, 2 threads per core) family 6 model 42 stepping 7, cmov, cx8, fxsr, mmx, sse, sse2, sse3, ssse3, sse4.1, sse4.2, popcnt, avx, aes, clmul, ht, tsc, tscinvbit

/proc/cpuinfo:
processor	: 0
vendor_id	: GenuineIntel
cpu family	: 6
model		: 42
model name	: Intel(R) Core(TM) i5-2430M CPU @ 2.40GHz
stepping	: 7
microcode	: 0x1a
cpu MHz		: 2800.031
cache size	: 3072 KB
physical id	: 0
siblings	: 4
core id		: 0
cpu cores	: 2
apicid		: 0
initial apicid	: 0
fpu		: yes
fpu_exception	: yes
cpuid level	: 13
wp		: yes
flags		: fpu vme de pse tsc msr pae mce cx8 apic sep mtrr pge mca cmov pat pse36 clflush dts acpi mmx fxsr sse sse2 ss ht tm pbe syscall nx rdtscp lm constant_tsc arch_perfmon pebs bts rep_good nopl xtopology nonstop_tsc aperfmperf eagerfpu pni pclmulqdq dtes64 monitor ds_cpl vmx est tm2 ssse3 cx16 xtpr pdcm pcid sse4_1 sse4_2 x2apic popcnt tsc_deadline_timer aes xsave avx lahf_lm ida arat epb xsaveopt pln pts dtherm tpr_shadow vnmi flexpriority ept vpid
bogomips	: 4789.33
clflush size	: 64
cache_alignment	: 64
address sizes	: 36 bits physical, 48 bits virtual
power management:

processor	: 1
vendor_id	: GenuineIntel
cpu family	: 6
model		: 42
model name	: Intel(R) Core(TM) i5-2430M CPU @ 2.40GHz
stepping	: 7
microcode	: 0x1a
cpu MHz		: 2791.593
cache size	: 3072 KB
physical id	: 0
siblings	: 4
core id		: 1
cpu cores	: 2
apicid		: 2
initial apicid	: 2
fpu		: yes
fpu_exception	: yes
cpuid level	: 13
wp		: yes
flags		: fpu vme de pse tsc msr pae mce cx8 apic sep mtrr pge mca cmov pat pse36 clflush dts acpi mmx fxsr sse sse2 ss ht tm pbe syscall nx rdtscp lm constant_tsc arch_perfmon pebs bts rep_good nopl xtopology nonstop_tsc aperfmperf eagerfpu pni pclmulqdq dtes64 monitor ds_cpl vmx est tm2 ssse3 cx16 xtpr pdcm pcid sse4_1 sse4_2 x2apic popcnt tsc_deadline_timer aes xsave avx lahf_lm ida arat epb xsaveopt pln pts dtherm tpr_shadow vnmi flexpriority ept vpid
bogomips	: 4789.33
clflush size	: 64
cache_alignment	: 64
address sizes	: 36 bits physical, 48 bits virtual
power management:

processor	: 2
vendor_id	: GenuineIntel
cpu family	: 6
model		: 42
model name	: Intel(R) Core(TM) i5-2430M CPU @ 2.40GHz
stepping	: 7
microcode	: 0x1a
cpu MHz		: 2754.093
cache size	: 3072 KB
physical id	: 0
siblings	: 4
core id		: 0
cpu cores	: 2
apicid		: 1
initial apicid	: 1
fpu		: yes
fpu_exception	: yes
cpuid level	: 13
wp		: yes
flags		: fpu vme de pse tsc msr pae mce cx8 apic sep mtrr pge mca cmov pat pse36 clflush dts acpi mmx fxsr sse sse2 ss ht tm pbe syscall nx rdtscp lm constant_tsc arch_perfmon pebs bts rep_good nopl xtopology nonstop_tsc aperfmperf eagerfpu pni pclmulqdq dtes64 monitor ds_cpl vmx est tm2 ssse3 cx16 xtpr pdcm pcid sse4_1 sse4_2 x2apic popcnt tsc_deadline_timer aes xsave avx lahf_lm ida arat epb xsaveopt pln pts dtherm tpr_shadow vnmi flexpriority ept vpid
bogomips	: 4789.33
clflush size	: 64
cache_alignment	: 64
address sizes	: 36 bits physical, 48 bits virtual
power management:

processor	: 3
vendor_id	: GenuineIntel
cpu family	: 6
model		: 42
model name	: Intel(R) Core(TM) i5-2430M CPU @ 2.40GHz
stepping	: 7
microcode	: 0x1a
cpu MHz		: 2800.125
cache size	: 3072 KB
physical id	: 0
siblings	: 4
core id		: 1
cpu cores	: 2
apicid		: 3
initial apicid	: 3
fpu		: yes
fpu_exception	: yes
cpuid level	: 13
wp		: yes
flags		: fpu vme de pse tsc msr pae mce cx8 apic sep mtrr pge mca cmov pat pse36 clflush dts acpi mmx fxsr sse sse2 ss ht tm pbe syscall nx rdtscp lm constant_tsc arch_perfmon pebs bts rep_good nopl xtopology nonstop_tsc aperfmperf eagerfpu pni pclmulqdq dtes64 monitor ds_cpl vmx est tm2 ssse3 cx16 xtpr pdcm pcid sse4_1 sse4_2 x2apic popcnt tsc_deadline_timer aes xsave avx lahf_lm ida arat epb xsaveopt pln pts dtherm tpr_shadow vnmi flexpriority ept vpid
bogomips	: 4789.33
clflush size	: 64
cache_alignment	: 64
address sizes	: 36 bits physical, 48 bits virtual
power management:



Memory: 4k page, physical 3953704k(159548k free), swap 9764860k(9599396k free)

vm_info: Java HotSpot(TM) 64-Bit Server VM (25.66-b17) for linux-amd64 JRE (1.8.0_66-b17), built on Oct  6 2015 17:28:34 by "java_re" with gcc 4.3.0 20080428 (Red Hat 4.3.0-8)

time: Mon Oct 26 21:25:39 2015
elapsed time: 5 seconds (0d 0h 0m 5s)

