#
# A fatal error has been detected by the Java Runtime Environment:
#
#  SIGSEGV (0xb) at pc=0x00007f1f0b146902, pid=11148, tid=139770719782656
#
# JRE version: Java(TM) SE Runtime Environment (8.0_66-b17) (build 1.8.0_66-b17)
# Java VM: Java HotSpot(TM) 64-Bit Server VM (25.66-b17 mixed mode linux-amd64 compressed oops)
# Problematic frame:
# C  [libvlccore.so.7+0x83902]
#
# Failed to write core dump. Core dumps have been disabled. To enable core dumping, try "ulimit -c unlimited" before starting Java again
#
# If you would like to submit a bug report, please visit:
#   http://bugreport.java.com/bugreport/crash.jsp
# The crash happened outside the Java Virtual Machine in native code.
# See problematic frame for where to report the bug.
#

---------------  T H R E A D  ---------------

Current thread (0x00007f1f580ce000):  JavaThread "Thread-265" [_thread_in_native, id=11213, stack(0x00007f1ee80a4000,0x00007f1ee81a5000)]

siginfo: si_signo: 11 (SIGSEGV), si_code: 1 (SEGV_MAPERR), si_addr: 0x0000000000000000

Registers:
RAX=0x00007f1ec4015cd8, RBX=0x00007f1ec4002f30, RCX=0x0000000000000001, RDX=0x0000000000000001
RSP=0x00007f1ee81a1c20, RBP=0x0000000000000002, RSI=0x00007f1ec4015cd0, RDI=0x0000000000000002
R8 =0x0000000000000001, R9 =0x0000000000000000, R10=0x0000000000000000, R11=0x00000000ffffff01
R12=0x00007f1ee81a1d10, R13=0x00007f1ee81a1d20, R14=0xffffffff00000000, R15=0x0000000000000001
RIP=0x00007f1f0b146902, EFLAGS=0x0000000000010246, CSGSFS=0x0000000000000033, ERR=0x0000000000000004
  TRAPNO=0x000000000000000e

Top of Stack: (sp=0x00007f1ee81a1c20)
0x00007f1ee81a1c20:   00007f1e0000007c 00007f1ec4015cd0
0x00007f1ee81a1c30:   00007f1ec4014b00 00007f1e00000002
0x00007f1ee81a1c40:   00007f1ee81a1d10 00007f1f101e33e0
0x00007f1ee81a1c50:   0000000000000014 00007f1f101e3380
0x00007f1ee81a1c60:   00000000000001a9 00007f1f6081c7b0
0x00007f1ee81a1c70:   0000000000000010 00007f1ec4002f30
0x00007f1ee81a1c80:   00007f1ec4014b00 00007f1ee81a1d10
0x00007f1ee81a1c90:   0000000000000014 ffffffff00000000
0x00007f1ee81a1ca0:   00007f1ec4014ad0 00007f1f0b145f4c
0x00007f1ee81a1cb0:   00007f1ec4001ed8 00007f1ee81a1d20
0x00007f1ee81a1cc0:   00007f1ec4015cd0 000000020000000c
0x00007f1ee81a1cd0:   00007f1ee81a1d14 00007f1e00000000
0x00007f1ee81a1ce0:   00007f1ec4014b00 00007f1f5d05bdf0
0x00007f1ee81a1cf0:   0000000000000000 00007f1f580ce000
0x00007f1ee81a1d00:   00007f1ee81a2410 00007f1ec4015cd0
0x00007f1ee81a1d10:   00007f1e000008dd 00000000000001aa
0x00007f1ee81a1d20:   0000000000000000 00007f1e00000001
0x00007f1ee81a1d30:   0000000000000000 0000000100000001
0x00007f1ee81a1d40:   0000000000000000 0000000000000000
0x00007f1ee81a1d50:   0000000000000000 0000000000000000
0x00007f1ee81a1d60:   0000000000000000 0000000000000000
0x00007f1ee81a1d70:   0000000000000000 0000000000000000
0x00007f1ee81a1d80:   0000000000000000 0000000000000000
0x00007f1ee81a1d90:   0000000000000000 0000000000000000
0x00007f1ee81a1da0:   0000000000000000 0000000000000000
0x00007f1ee81a1db0:   0000000000000000 0000000000000000
0x00007f1ee81a1dc0:   0000000000000000 0000000000000000
0x00007f1ee81a1dd0:   0000000000000000 0000000000000000
0x00007f1ee81a1de0:   0000000000000000 0000000000000000
0x00007f1ee81a1df0:   0000000000000000 0000000000000000
0x00007f1ee81a1e00:   0000000000000000 0000000000000000
0x00007f1ee81a1e10:   0000000000000000 0000000000000000 

Instructions: (pc=0x00007f1f0b146902)
0x00007f1f0b1468e2:   0a 02 00 00 48 8b 74 24 08 4d 63 c7 45 89 f9 41
0x00007f1f0b1468f2:   f7 d1 41 01 e9 4a 8d 04 c6 41 83 e1 07 4c 8b 10
0x00007f1f0b146902:   41 80 3a 2d 0f 84 b4 04 00 00 41 83 c7 01 48 83
0x00007f1f0b146912:   c0 08 44 3b 7c 24 18 45 89 7d 08 0f 84 0d 03 00 

Register to memory mapping:

RAX=0x00007f1ec4015cd8 is an unknown value
RBX=0x00007f1ec4002f30 is an unknown value
RCX=0x0000000000000001 is an unknown value
RDX=0x0000000000000001 is an unknown value
RSP=0x00007f1ee81a1c20 is pointing into the stack for thread: 0x00007f1f580ce000
RBP=0x0000000000000002 is an unknown value
RSI=0x00007f1ec4015cd0 is an unknown value
RDI=0x0000000000000002 is an unknown value
R8 =0x0000000000000001 is an unknown value
R9 =0x0000000000000000 is an unknown value
R10=0x0000000000000000 is an unknown value
R11=0x00000000ffffff01 is an unallocated location in the heap
R12=0x00007f1ee81a1d10 is pointing into the stack for thread: 0x00007f1f580ce000
R13=0x00007f1ee81a1d20 is pointing into the stack for thread: 0x00007f1f580ce000
R14=0xffffffff00000000 is an unknown value
R15=0x0000000000000001 is an unknown value


Stack: [0x00007f1ee80a4000,0x00007f1ee81a5000],  sp=0x00007f1ee81a1c20,  free space=1015k
Native frames: (J=compiled Java code, j=interpreted, Vv=VM code, C=native code)
C  [libvlccore.so.7+0x83902]

Java frames: (J=compiled Java code, j=interpreted, Vv=VM code)
j  com.sun.jna.Native.invokePointer(JI[Ljava/lang/Object;)J+0
j  com.sun.jna.Function.invokePointer(I[Ljava/lang/Object;)Lcom/sun/jna/Pointer;+6
j  com.sun.jna.Function.invoke([Ljava/lang/Object;Ljava/lang/Class;Z)Ljava/lang/Object;+414
j  com.sun.jna.Function.invoke(Ljava/lang/reflect/Method;[Ljava/lang/Class;Ljava/lang/Class;[Ljava/lang/Object;Ljava/util/Map;)Ljava/lang/Object;+249
j  com.sun.jna.Library$Handler.invoke(Ljava/lang/Object;Ljava/lang/reflect/Method;[Ljava/lang/Object;)Ljava/lang/Object;+348
j  com.sun.proxy.$Proxy1.libvlc_new(I[Ljava/lang/String;)Luk/co/caprica/vlcj/binding/internal/libvlc_instance_t;+23
j  uk.co.caprica.vlcj.player.MediaPlayerFactory.<init>(Luk/co/caprica/vlcj/binding/LibVlc;[Ljava/lang/String;)V+70
j  uk.co.caprica.vlcj.player.MediaPlayerFactory.<init>([Ljava/lang/String;)V+13
j  com.movieCart.server.Streaming.start(Ljava/lang/String;)V+18
j  com.movieCart.server.Streaming.<init>(Ljava/net/Socket;Ljava/lang/String;)V+11
j  com.movieCart.server.Reader.run()V+39
v  ~StubRoutines::call_stub

---------------  P R O C E S S  ---------------

Java Threads: ( => current thread )
=>0x00007f1f580ce000 JavaThread "Thread-265" [_thread_in_native, id=11213, stack(0x00007f1ee80a4000,0x00007f1ee81a5000)]
  0x00007f1f1020f000 JavaThread "pool-2-thread-1" [_thread_blocked, id=11204, stack(0x00007f1ef5bcb000,0x00007f1ef5ccc000)]
  0x00007f1f1014e800 JavaThread "AWT-XAWT" daemon [_thread_in_native, id=11195, stack(0x00007f1f0b8d9000,0x00007f1f0b9da000)]
  0x00007f1f1012e800 JavaThread "Java2D Disposer" daemon [_thread_blocked, id=11194, stack(0x00007f1f4007e000,0x00007f1f4017f000)]
  0x00007f1f580cd800 JavaThread "Thread-0" [_thread_blocked, id=11193, stack(0x00007f1f41ab4000,0x00007f1f41bb5000)]
  0x00007f1f580c2000 JavaThread "Service Thread" daemon [_thread_blocked, id=11166, stack(0x00007f1f41ecd000,0x00007f1f41fce000)]
  0x00007f1f580bd000 JavaThread "C1 CompilerThread2" daemon [_thread_blocked, id=11165, stack(0x00007f1f41fce000,0x00007f1f420cf000)]
  0x00007f1f580bb000 JavaThread "C2 CompilerThread1" daemon [_thread_blocked, id=11164, stack(0x00007f1f420cf000,0x00007f1f421d0000)]
  0x00007f1f580b8000 JavaThread "C2 CompilerThread0" daemon [_thread_blocked, id=11163, stack(0x00007f1f480d5000,0x00007f1f481d6000)]
  0x00007f1f580b6800 JavaThread "Signal Dispatcher" daemon [_thread_blocked, id=11162, stack(0x00007f1f481d6000,0x00007f1f482d7000)]
  0x00007f1f5807f000 JavaThread "Finalizer" daemon [_thread_blocked, id=11161, stack(0x00007f1f489fa000,0x00007f1f48afb000)]
  0x00007f1f5807d000 JavaThread "Reference Handler" daemon [_thread_blocked, id=11160, stack(0x00007f1f48afb000,0x00007f1f48bfc000)]
  0x00007f1f5800a000 JavaThread "main" [_thread_in_native, id=11150, stack(0x00007f1f61291000,0x00007f1f61392000)]

Other Threads:
  0x00007f1f58077800 VMThread [stack: 0x00007f1f48bfc000,0x00007f1f48cfd000] [id=11159]
  0x00007f1f580c5000 WatcherThread [stack: 0x00007f1f41dcc000,0x00007f1f41ecd000] [id=11167]

VM state:not at safepoint (normal execution)

VM Mutex/Monitor currently owned by a thread: None

Heap:
 PSYoungGen      total 18432K, used 6360K [0x00000000ebe00000, 0x00000000ed280000, 0x0000000100000000)
  eden space 15872K, 26% used [0x00000000ebe00000,0x00000000ec226238,0x00000000ecd80000)
  from space 2560K, 82% used [0x00000000ed000000,0x00000000ed210030,0x00000000ed280000)
  to   space 2560K, 0% used [0x00000000ecd80000,0x00000000ecd80000,0x00000000ed000000)
 ParOldGen       total 42496K, used 40K [0x00000000c3a00000, 0x00000000c6380000, 0x00000000ebe00000)
  object space 42496K, 0% used [0x00000000c3a00000,0x00000000c3a0a000,0x00000000c6380000)
 Metaspace       used 8487K, capacity 8742K, committed 9088K, reserved 1056768K
  class space    used 945K, capacity 1029K, committed 1152K, reserved 1048576K

Card table byte_map: [0x00007f1f5de7c000,0x00007f1f5e060000] byte_map_base: 0x00007f1f5d85f000

Marking Bits: (ParMarkBitMap*) 0x00007f1f6076f020
 Begin Bits: [0x00007f1f421d0000, 0x00007f1f430e8000)
 End Bits:   [0x00007f1f430e8000, 0x00007f1f44000000)

Polling page: 0x00007f1f613b6000

CodeCache: size=245760Kb used=3735Kb max_used=3747Kb free=242024Kb
 bounds [0x00007f1f49000000, 0x00007f1f493b0000, 0x00007f1f58000000]
 total_blobs=1349 nmethods=921 adapters=342
 compilation: enabled

Compilation events (10 events):
Event: 271.677 Thread 0x00007f1f580bd000  973       3       com.sun.jna.Memory::<init> (93 bytes)
Event: 271.680 Thread 0x00007f1f580b8000  975       4       java.util.WeakHashMap::getTable (9 bytes)
Event: 271.682 Thread 0x00007f1f580b8000 nmethod 975 0x00007f1f49211ad0 code [0x00007f1f49211c20, 0x00007f1f49211ca8]
Event: 271.682 Thread 0x00007f1f580bd000 nmethod 973 0x00007f1f4911a910 code [0x00007f1f4911aba0, 0x00007f1f4911bc98]
Event: 271.682 Thread 0x00007f1f580bd000  974       3       java.util.WeakHashMap::put (162 bytes)
Event: 271.685 Thread 0x00007f1f580bd000 nmethod 974 0x00007f1f491191d0 code [0x00007f1f49119400, 0x00007f1f4911a278]
Event: 272.878 Thread 0x00007f1f580bb000  976   !   4       com.sun.jna.Structure::calculateSize (181 bytes)
Event: 272.897 Thread 0x00007f1f580bb000 nmethod 976 0x00007f1f493ae450 code [0x00007f1f493ae620, 0x00007f1f493aef08]
Event: 276.822 Thread 0x00007f1f580bd000  977       3       java.nio.CharBuffer::arrayOffset (35 bytes)
Event: 276.823 Thread 0x00007f1f580bd000 nmethod 977 0x00007f1f4912eed0 code [0x00007f1f4912f060, 0x00007f1f4912f378]

GC Heap History (8 events):
Event: 214.596 GC heap before
{Heap before GC invocations=1 (full 0):
 PSYoungGen      total 18432K, used 15872K [0x00000000ebe00000, 0x00000000ed280000, 0x0000000100000000)
  eden space 15872K, 100% used [0x00000000ebe00000,0x00000000ecd80000,0x00000000ecd80000)
  from space 2560K, 0% used [0x00000000ed000000,0x00000000ed000000,0x00000000ed280000)
  to   space 2560K, 0% used [0x00000000ecd80000,0x00000000ecd80000,0x00000000ed000000)
 ParOldGen       total 42496K, used 0K [0x00000000c3a00000, 0x00000000c6380000, 0x00000000ebe00000)
  object space 42496K, 0% used [0x00000000c3a00000,0x00000000c3a00000,0x00000000c6380000)
 Metaspace       used 8156K, capacity 8370K, committed 8448K, reserved 1056768K
  class space    used 925K, capacity 999K, committed 1024K, reserved 1048576K
Event: 214.600 GC heap after
Heap after GC invocations=1 (full 0):
 PSYoungGen      total 18432K, used 2129K [0x00000000ebe00000, 0x00000000ed280000, 0x0000000100000000)
  eden space 15872K, 0% used [0x00000000ebe00000,0x00000000ebe00000,0x00000000ecd80000)
  from space 2560K, 83% used [0x00000000ecd80000,0x00000000ecf94760,0x00000000ed000000)
  to   space 2560K, 0% used [0x00000000ed000000,0x00000000ed000000,0x00000000ed280000)
 ParOldGen       total 42496K, used 16K [0x00000000c3a00000, 0x00000000c6380000, 0x00000000ebe00000)
  object space 42496K, 0% used [0x00000000c3a00000,0x00000000c3a04000,0x00000000c6380000)
 Metaspace       used 8156K, capacity 8370K, committed 8448K, reserved 1056768K
  class space    used 925K, capacity 999K, committed 1024K, reserved 1048576K
}
Event: 226.981 GC heap before
{Heap before GC invocations=2 (full 0):
 PSYoungGen      total 18432K, used 18001K [0x00000000ebe00000, 0x00000000ed280000, 0x0000000100000000)
  eden space 15872K, 100% used [0x00000000ebe00000,0x00000000ecd80000,0x00000000ecd80000)
  from space 2560K, 83% used [0x00000000ecd80000,0x00000000ecf94760,0x00000000ed000000)
  to   space 2560K, 0% used [0x00000000ed000000,0x00000000ed000000,0x00000000ed280000)
 ParOldGen       total 42496K, used 16K [0x00000000c3a00000, 0x00000000c6380000, 0x00000000ebe00000)
  object space 42496K, 0% used [0x00000000c3a00000,0x00000000c3a04000,0x00000000c6380000)
 Metaspace       used 8373K, capacity 8614K, committed 8832K, reserved 1056768K
  class space    used 945K, capacity 1029K, committed 1152K, reserved 1048576K
Event: 226.991 GC heap after
Heap after GC invocations=2 (full 0):
 PSYoungGen      total 18432K, used 1792K [0x00000000ebe00000, 0x00000000ed280000, 0x0000000100000000)
  eden space 15872K, 0% used [0x00000000ebe00000,0x00000000ebe00000,0x00000000ecd80000)
  from space 2560K, 70% used [0x00000000ed000000,0x00000000ed1c0020,0x00000000ed280000)
  to   space 2560K, 0% used [0x00000000ecd80000,0x00000000ecd80000,0x00000000ed000000)
 ParOldGen       total 42496K, used 24K [0x00000000c3a00000, 0x00000000c6380000, 0x00000000ebe00000)
  object space 42496K, 0% used [0x00000000c3a00000,0x00000000c3a06000,0x00000000c6380000)
 Metaspace       used 8373K, capacity 8614K, committed 8832K, reserved 1056768K
  class space    used 945K, capacity 1029K, committed 1152K, reserved 1048576K
}
Event: 248.879 GC heap before
{Heap before GC invocations=3 (full 0):
 PSYoungGen      total 18432K, used 17664K [0x00000000ebe00000, 0x00000000ed280000, 0x0000000100000000)
  eden space 15872K, 100% used [0x00000000ebe00000,0x00000000ecd80000,0x00000000ecd80000)
  from space 2560K, 70% used [0x00000000ed000000,0x00000000ed1c0020,0x00000000ed280000)
  to   space 2560K, 0% used [0x00000000ecd80000,0x00000000ecd80000,0x00000000ed000000)
 ParOldGen       total 42496K, used 24K [0x00000000c3a00000, 0x00000000c6380000, 0x00000000ebe00000)
  object space 42496K, 0% used [0x00000000c3a00000,0x00000000c3a06000,0x00000000c6380000)
 Metaspace       used 8411K, capacity 8678K, committed 8832K, reserved 1056768K
  class space    used 945K, capacity 1029K, committed 1152K, reserved 1048576K
Event: 248.888 GC heap after
Heap after GC invocations=3 (full 0):
 PSYoungGen      total 18432K, used 2032K [0x00000000ebe00000, 0x00000000ed280000, 0x0000000100000000)
  eden space 15872K, 0% used [0x00000000ebe00000,0x00000000ebe00000,0x00000000ecd80000)
  from space 2560K, 79% used [0x00000000ecd80000,0x00000000ecf7c020,0x00000000ed000000)
  to   space 2560K, 0% used [0x00000000ed000000,0x00000000ed000000,0x00000000ed280000)
 ParOldGen       total 42496K, used 32K [0x00000000c3a00000, 0x00000000c6380000, 0x00000000ebe00000)
  object space 42496K, 0% used [0x00000000c3a00000,0x00000000c3a08000,0x00000000c6380000)
 Metaspace       used 8411K, capacity 8678K, committed 8832K, reserved 1056768K
  class space    used 945K, capacity 1029K, committed 1152K, reserved 1048576K
}
Event: 271.078 GC heap before
{Heap before GC invocations=4 (full 0):
 PSYoungGen      total 18432K, used 17904K [0x00000000ebe00000, 0x00000000ed280000, 0x0000000100000000)
  eden space 15872K, 100% used [0x00000000ebe00000,0x00000000ecd80000,0x00000000ecd80000)
  from space 2560K, 79% used [0x00000000ecd80000,0x00000000ecf7c020,0x00000000ed000000)
  to   space 2560K, 0% used [0x00000000ed000000,0x00000000ed000000,0x00000000ed280000)
 ParOldGen       total 42496K, used 32K [0x00000000c3a00000, 0x00000000c6380000, 0x00000000ebe00000)
  object space 42496K, 0% used [0x00000000c3a00000,0x00000000c3a08000,0x00000000c6380000)
 Metaspace       used 8487K, capacity 8742K, committed 9088K, reserved 1056768K
  class space    used 945K, capacity 1029K, committed 1152K, reserved 1048576K
Event: 271.091 GC heap after
Heap after GC invocations=4 (full 0):
 PSYoungGen      total 18432K, used 2112K [0x00000000ebe00000, 0x00000000ed280000, 0x0000000100000000)
  eden space 15872K, 0% used [0x00000000ebe00000,0x00000000ebe00000,0x00000000ecd80000)
  from space 2560K, 82% used [0x00000000ed000000,0x00000000ed210030,0x00000000ed280000)
  to   space 2560K, 0% used [0x00000000ecd80000,0x00000000ecd80000,0x00000000ed000000)
 ParOldGen       total 42496K, used 40K [0x00000000c3a00000, 0x00000000c6380000, 0x00000000ebe00000)
  object space 42496K, 0% used [0x00000000c3a00000,0x00000000c3a0a000,0x00000000c6380000)
 Metaspace       used 8487K, capacity 8742K, committed 9088K, reserved 1056768K
  class space    used 945K, capacity 1029K, committed 1152K, reserved 1048576K
}

Deoptimization events (10 events):
Event: 214.603 Thread 0x00007f1f5807f000 Uncommon trap: reason=unstable_if action=reinterpret pc=0x00007f1f492b687c method=java.lang.ref.ReferenceQueue.poll()Ljava/lang/ref/Reference; @ 4
Event: 223.676 Thread 0x00007f1ed0c5c800 Uncommon trap: reason=null_check action=make_not_entrant pc=0x00007f1f49327cc4 method=com.sun.jna.Native.getNativeSize(Ljava/lang/Class;Ljava/lang/Object;)I @ 64
Event: 223.976 Thread 0x00007f1ed0c5d000 Uncommon trap: reason=null_check action=make_not_entrant pc=0x00007f1f4932b050 method=com.sun.jna.Native.getNativeSize(Ljava/lang/Class;)I @ 4
Event: 223.977 Thread 0x00007f1ed0c5d000 Uncommon trap: reason=null_check action=make_not_entrant pc=0x00007f1f49329824 method=com.sun.jna.Native.getNativeSize(Ljava/lang/Class;)I @ 4
Event: 227.003 Thread 0x00007f1f5807f000 Uncommon trap: reason=unstable_if action=reinterpret pc=0x00007f1f492e8f8c method=java.util.WeakHashMap.expungeStaleEntries()V @ 66
Event: 251.576 Thread 0x00007f1ed0c5c000 Uncommon trap: reason=class_check action=maybe_recompile pc=0x00007f1f492ebd88 method=java.util.Arrays.copyOf([Ljava/lang/Object;ILjava/lang/Class;)[Ljava/lang/Object; @ 24
Event: 271.091 Thread 0x00007f1ed0c70000 Uncommon trap: reason=unstable_if action=reinterpret pc=0x00007f1f4935f480 method=java.util.WeakHashMap.put(Ljava/lang/Object;Ljava/lang/Object;)Ljava/lang/Object; @ 47
Event: 271.092 Thread 0x00007f1ed0c70000 Uncommon trap: reason=unstable_if action=reinterpret pc=0x00007f1f4933bfb4 method=java.util.WeakHashMap.put(Ljava/lang/Object;Ljava/lang/Object;)Ljava/lang/Object; @ 47
Event: 271.092 Thread 0x00007f1ed0c70000 Uncommon trap: reason=unstable_if action=reinterpret pc=0x00007f1f4933a95c method=java.util.WeakHashMap.put(Ljava/lang/Object;Ljava/lang/Object;)Ljava/lang/Object; @ 47
Event: 276.822 Thread 0x00007f1f580ce000 Uncommon trap: reason=unstable_if action=reinterpret pc=0x00007f1f491fa294 method=java.lang.AbstractStringBuilder.append(Ljava/lang/String;)Ljava/lang/AbstractStringBuilder; @ 1

Internal exceptions (10 events):
Event: 214.029 Thread 0x00007f1f580cd800 Exception <a 'java/security/PrivilegedActionException'> (0x00000000ebfb2c10) thrown at [/HUDSON/workspace/8-2-build-linux-amd64/jdk8u66/4988/hotspot/src/share/vm/prims/jvm.cpp, line 1386]
Event: 214.030 Thread 0x00007f1f580cd800 Exception <a 'java/security/PrivilegedActionException'> (0x00000000ebfb5050) thrown at [/HUDSON/workspace/8-2-build-linux-amd64/jdk8u66/4988/hotspot/src/share/vm/prims/jvm.cpp, line 1386]
Event: 214.030 Thread 0x00007f1f580cd800 Exception <a 'java/security/PrivilegedActionException'> (0x00000000ebfb5260) thrown at [/HUDSON/workspace/8-2-build-linux-amd64/jdk8u66/4988/hotspot/src/share/vm/prims/jvm.cpp, line 1386]
Event: 214.162 Thread 0x00007f1f580cd800 Exception <a 'java/lang/NoSuchFieldError': method resolution failed> (0x00000000ec0b1d08) thrown at [/HUDSON/workspace/8-2-build-linux-amd64/jdk8u66/4988/hotspot/src/share/vm/prims/methodHandles.cpp, line 1146]
Event: 214.165 Thread 0x00007f1f580cd800 Exception <a 'java/lang/NoSuchFieldError': method resolution failed> (0x00000000ec0bf108) thrown at [/HUDSON/workspace/8-2-build-linux-amd64/jdk8u66/4988/hotspot/src/share/vm/prims/methodHandles.cpp, line 1146]
Event: 214.194 Thread 0x00007f1f580cd800 Exception <a 'java/io/FileNotFoundException'> (0x00000000ec1497f8) thrown at [/HUDSON/workspace/8-2-build-linux-amd64/jdk8u66/4988/hotspot/src/share/vm/prims/jni.cpp, line 709]
Event: 214.194 Thread 0x00007f1f580cd800 Exception <a 'java/io/FileNotFoundException'> (0x00000000ec14a198) thrown at [/HUDSON/workspace/8-2-build-linux-amd64/jdk8u66/4988/hotspot/src/share/vm/prims/jni.cpp, line 709]
Event: 214.317 Thread 0x00007f1f580cd800 Exception <a 'java/lang/UnsatisfiedLinkError': libvlc.so: cannot open shared object file: No such file or directory> (0x00000000ec46c520) thrown at [/HUDSON/workspace/8-2-build-linux-amd64/jdk8u66/4988/hotspot/src/share/vm/prims/jni.cpp, line 735]
Event: 214.317 Thread 0x00007f1f580cd800 Exception <a 'java/lang/UnsatisfiedLinkError': libvlc.so: cannot open shared object file: No such file or directory> (0x00000000ec46e8c0) thrown at [/HUDSON/workspace/8-2-build-linux-amd64/jdk8u66/4988/hotspot/src/share/vm/prims/jni.cpp, line 735]
Event: 276.822 Thread 0x00007f1f580ce000 Implicit null exception at 0x00007f1f491f9f35 to 0x00007f1f491fa281

Events (10 events):
Event: 276.477 Thread 0x00007f1ed0c64000 Thread exited: 0x00007f1ed0c64000
Event: 276.477 Thread 0x00007f1ed0c64000 Thread added: 0x00007f1ed0c64000
Event: 276.478 Thread 0x00007f1ed0c64000 Thread exited: 0x00007f1ed0c64000
Event: 276.776 Thread 0x00007f1ed0c53800 Thread added: 0x00007f1ed0c53800
Event: 276.777 Thread 0x00007f1ed0c53800 Thread exited: 0x00007f1ed0c53800
Event: 276.777 Thread 0x00007f1ed0c53800 Thread added: 0x00007f1ed0c53800
Event: 276.778 Thread 0x00007f1ed0c53800 Thread exited: 0x00007f1ed0c53800
Event: 276.822 Thread 0x00007f1f580ce000 Uncommon trap: trap_request=0xffffff65 fr.pc=0x00007f1f491fa294
Event: 276.822 Thread 0x00007f1f580ce000 DEOPT PACKING pc=0x00007f1f491fa294 sp=0x00007f1ee81a3640
Event: 276.822 Thread 0x00007f1f580ce000 DEOPT UNPACKING pc=0x00007f1f49005229 sp=0x00007f1ee81a35d0 mode 2


Dynamic libraries:
00400000-00401000 r-xp 00000000 08:06 411928                             /usr/lib/jvm/java-8-oracle/bin/java
00600000-00601000 rw-p 00000000 08:06 411928                             /usr/lib/jvm/java-8-oracle/bin/java
013c4000-013e5000 rw-p 00000000 00:00 0                                  [heap]
c3a00000-c6380000 rw-p 00000000 00:00 0 
c6380000-ebe00000 ---p 00000000 00:00 0 
ebe00000-ed280000 rw-p 00000000 00:00 0 
ed280000-100000000 ---p 00000000 00:00 0 
100000000-100120000 rw-p 00000000 00:00 0 
100120000-140000000 ---p 00000000 00:00 0 
7f1ec4000000-7f1ec4032000 rw-p 00000000 00:00 0 
7f1ec4032000-7f1ec8000000 ---p 00000000 00:00 0 
7f1ecc000000-7f1ecc0db000 rw-p 00000000 00:00 0 
7f1ecc0db000-7f1ed0000000 ---p 00000000 00:00 0 
7f1ed0000000-7f1ed0c85000 rw-p 00000000 00:00 0 
7f1ed0c85000-7f1ed4000000 ---p 00000000 00:00 0 
7f1ed4000000-7f1ed4092000 rw-p 00000000 00:00 0 
7f1ed4092000-7f1ed8000000 ---p 00000000 00:00 0 
7f1ed8000000-7f1ed8c31000 rw-p 00000000 00:00 0 
7f1ed8c31000-7f1edc000000 ---p 00000000 00:00 0 
7f1edffff000-7f1ee4000000 rw-s 00000000 00:14 106489                     /run/shm/pulse-shm-4082351288
7f1ee4000000-7f1ee403c000 rw-p 00000000 00:00 0 
7f1ee403c000-7f1ee8000000 ---p 00000000 00:00 0 
7f1ee80a4000-7f1ee80a7000 ---p 00000000 00:00 0 
7f1ee80a7000-7f1ee81a5000 rw-p 00000000 00:00 0                          [stack:11213]
7f1ee81a5000-7f1ee81a6000 ---p 00000000 00:00 0 
7f1ee81a6000-7f1ee82a6000 rw-p 00000000 00:00 0                          [stack:11209]
7f1ee82a6000-7f1ee82af000 r-xp 00000000 08:06 412885                     /usr/lib/vlc/plugins/packetizer/libpacketizer_mpeg4audio_plugin.so
7f1ee82af000-7f1ee84ae000 ---p 00009000 08:06 412885                     /usr/lib/vlc/plugins/packetizer/libpacketizer_mpeg4audio_plugin.so
7f1ee84ae000-7f1ee84af000 r--p 00008000 08:06 412885                     /usr/lib/vlc/plugins/packetizer/libpacketizer_mpeg4audio_plugin.so
7f1ee84af000-7f1ee84b0000 rw-p 00009000 08:06 412885                     /usr/lib/vlc/plugins/packetizer/libpacketizer_mpeg4audio_plugin.so
7f1ee84b0000-7f1ee84b7000 r-xp 00000000 08:06 412882                     /usr/lib/vlc/plugins/packetizer/libpacketizer_vc1_plugin.so
7f1ee84b7000-7f1ee86b6000 ---p 00007000 08:06 412882                     /usr/lib/vlc/plugins/packetizer/libpacketizer_vc1_plugin.so
7f1ee86b6000-7f1ee86b7000 r--p 00006000 08:06 412882                     /usr/lib/vlc/plugins/packetizer/libpacketizer_vc1_plugin.so
7f1ee86b7000-7f1ee86b8000 rw-p 00007000 08:06 412882                     /usr/lib/vlc/plugins/packetizer/libpacketizer_vc1_plugin.so
7f1ee86b8000-7f1ee86bc000 r-xp 00000000 08:06 412883                     /usr/lib/vlc/plugins/packetizer/libpacketizer_mpegvideo_plugin.so
7f1ee86bc000-7f1ee88bb000 ---p 00004000 08:06 412883                     /usr/lib/vlc/plugins/packetizer/libpacketizer_mpegvideo_plugin.so
7f1ee88bb000-7f1ee88bc000 r--p 00003000 08:06 412883                     /usr/lib/vlc/plugins/packetizer/libpacketizer_mpegvideo_plugin.so
7f1ee88bc000-7f1ee88bd000 rw-p 00004000 08:06 412883                     /usr/lib/vlc/plugins/packetizer/libpacketizer_mpegvideo_plugin.so
7f1ee88bd000-7f1ee88c3000 r-xp 00000000 08:06 412884                     /usr/lib/vlc/plugins/packetizer/libpacketizer_dirac_plugin.so
7f1ee88c3000-7f1ee8ac2000 ---p 00006000 08:06 412884                     /usr/lib/vlc/plugins/packetizer/libpacketizer_dirac_plugin.so
7f1ee8ac2000-7f1ee8ac3000 r--p 00005000 08:06 412884                     /usr/lib/vlc/plugins/packetizer/libpacketizer_dirac_plugin.so
7f1ee8ac3000-7f1ee8ac4000 rw-p 00006000 08:06 412884                     /usr/lib/vlc/plugins/packetizer/libpacketizer_dirac_plugin.so
7f1ee8ac4000-7f1ee8ad3000 r-xp 00000000 08:06 412887                     /usr/lib/vlc/plugins/packetizer/libpacketizer_h264_plugin.so
7f1ee8ad3000-7f1ee8cd2000 ---p 0000f000 08:06 412887                     /usr/lib/vlc/plugins/packetizer/libpacketizer_h264_plugin.so
7f1ee8cd2000-7f1ee8cd3000 r--p 0000e000 08:06 412887                     /usr/lib/vlc/plugins/packetizer/libpacketizer_h264_plugin.so
7f1ee8cd3000-7f1ee8cd4000 rw-p 0000f000 08:06 412887                     /usr/lib/vlc/plugins/packetizer/libpacketizer_h264_plugin.so
7f1ee8cd4000-7f1ee8cd7000 r-xp 00000000 08:06 413073                     /usr/lib/vlc/plugins/codec/libspudec_plugin.so
7f1ee8cd7000-7f1ee8ed6000 ---p 00003000 08:06 413073                     /usr/lib/vlc/plugins/codec/libspudec_plugin.so
7f1ee8ed6000-7f1ee8ed7000 r--p 00002000 08:06 413073                     /usr/lib/vlc/plugins/codec/libspudec_plugin.so
7f1ee8ed7000-7f1ee8ed8000 rw-p 00003000 08:06 413073                     /usr/lib/vlc/plugins/codec/libspudec_plugin.so
7f1ee8ed8000-7f1ee8edb000 r-xp 00000000 08:06 413077                     /usr/lib/vlc/plugins/codec/libcvdsub_plugin.so
7f1ee8edb000-7f1ee90da000 ---p 00003000 08:06 413077                     /usr/lib/vlc/plugins/codec/libcvdsub_plugin.so
7f1ee90da000-7f1ee90db000 r--p 00002000 08:06 413077                     /usr/lib/vlc/plugins/codec/libcvdsub_plugin.so
7f1ee90db000-7f1ee90dc000 rw-p 00003000 08:06 413077                     /usr/lib/vlc/plugins/codec/libcvdsub_plugin.so
7f1ee90dc000-7f1ee90de000 r-xp 00000000 08:06 413062                     /usr/lib/vlc/plugins/codec/libsvcdsub_plugin.so
7f1ee90de000-7f1ee92dd000 ---p 00002000 08:06 413062                     /usr/lib/vlc/plugins/codec/libsvcdsub_plugin.so
7f1ee92dd000-7f1ee92de000 r--p 00001000 08:06 413062                     /usr/lib/vlc/plugins/codec/libsvcdsub_plugin.so
7f1ee92de000-7f1ee92df000 rw-p 00002000 08:06 413062                     /usr/lib/vlc/plugins/codec/libsvcdsub_plugin.so
7f1ee92df000-7f1ee92e5000 r-xp 00000000 08:06 413075                     /usr/lib/vlc/plugins/codec/libvorbis_plugin.so
7f1ee92e5000-7f1ee94e4000 ---p 00006000 08:06 413075                     /usr/lib/vlc/plugins/codec/libvorbis_plugin.so
7f1ee94e4000-7f1ee94e5000 r--p 00005000 08:06 413075                     /usr/lib/vlc/plugins/codec/libvorbis_plugin.so
7f1ee94e5000-7f1ee94e6000 rw-p 00006000 08:06 413075                     /usr/lib/vlc/plugins/codec/libvorbis_plugin.so
7f1ee94e6000-7f1ee94ea000 r-xp 00000000 08:06 413048                     /usr/lib/vlc/plugins/codec/liblpcm_plugin.so
7f1ee94ea000-7f1ee96e9000 ---p 00004000 08:06 413048                     /usr/lib/vlc/plugins/codec/liblpcm_plugin.so
7f1ee96e9000-7f1ee96ea000 r--p 00003000 08:06 413048                     /usr/lib/vlc/plugins/codec/liblpcm_plugin.so
7f1ee96ea000-7f1ee96eb000 rw-p 00004000 08:06 413048                     /usr/lib/vlc/plugins/codec/liblpcm_plugin.so
7f1ee96eb000-7f1ee96ed000 r-xp 00000000 08:06 413086                     /usr/lib/vlc/plugins/codec/librawvideo_plugin.so
7f1ee96ed000-7f1ee98ec000 ---p 00002000 08:06 413086                     /usr/lib/vlc/plugins/codec/librawvideo_plugin.so
7f1ee98ec000-7f1ee98ed000 r--p 00001000 08:06 413086                     /usr/lib/vlc/plugins/codec/librawvideo_plugin.so
7f1ee98ed000-7f1ee98ee000 rw-p 00002000 08:06 413086                     /usr/lib/vlc/plugins/codec/librawvideo_plugin.so
7f1ee98ee000-7f1ee9905000 r-xp 00000000 08:06 530954                     /usr/lib/x86_64-linux-gnu/libspeex.so.1.5.0
7f1ee9905000-7f1ee9b05000 ---p 00017000 08:06 530954                     /usr/lib/x86_64-linux-gnu/libspeex.so.1.5.0
7f1ee9b05000-7f1ee9b06000 r--p 00017000 08:06 530954                     /usr/lib/x86_64-linux-gnu/libspeex.so.1.5.0
7f1ee9b06000-7f1ee9b07000 rw-p 00018000 08:06 530954                     /usr/lib/x86_64-linux-gnu/libspeex.so.1.5.0
7f1ee9b07000-7f1ee9b0c000 r-xp 00000000 08:06 413052                     /usr/lib/vlc/plugins/codec/libspeex_plugin.so
7f1ee9b0c000-7f1ee9d0b000 ---p 00005000 08:06 413052                     /usr/lib/vlc/plugins/codec/libspeex_plugin.so
7f1ee9d0b000-7f1ee9d0c000 r--p 00004000 08:06 413052                     /usr/lib/vlc/plugins/codec/libspeex_plugin.so
7f1ee9d0c000-7f1ee9d0d000 rw-p 00005000 08:06 413052                     /usr/lib/vlc/plugins/codec/libspeex_plugin.so
7f1ee9d0d000-7f1ee9d25000 r-xp 00000000 08:06 530994                     /usr/lib/x86_64-linux-gnu/libtheoradec.so.1.1.4
7f1ee9d25000-7f1ee9f24000 ---p 00018000 08:06 530994                     /usr/lib/x86_64-linux-gnu/libtheoradec.so.1.1.4
7f1ee9f24000-7f1ee9f25000 r--p 00017000 08:06 530994                     /usr/lib/x86_64-linux-gnu/libtheoradec.so.1.1.4
7f1ee9f25000-7f1ee9f26000 rw-p 00018000 08:06 530994                     /usr/lib/x86_64-linux-gnu/libtheoradec.so.1.1.4
7f1ee9f26000-7f1ee9f65000 r-xp 00000000 08:06 530996                     /usr/lib/x86_64-linux-gnu/libtheoraenc.so.1.1.2
7f1ee9f65000-7f1eea164000 ---p 0003f000 08:06 530996                     /usr/lib/x86_64-linux-gnu/libtheoraenc.so.1.1.2
7f1eea164000-7f1eea165000 r--p 0003e000 08:06 530996                     /usr/lib/x86_64-linux-gnu/libtheoraenc.so.1.1.2
7f1eea165000-7f1eea166000 rw-p 0003f000 08:06 530996                     /usr/lib/x86_64-linux-gnu/libtheoraenc.so.1.1.2
7f1eea166000-7f1eea16b000 r-xp 00000000 08:06 413072                     /usr/lib/vlc/plugins/codec/libtheora_plugin.so
7f1eea16b000-7f1eea36a000 ---p 00005000 08:06 413072                     /usr/lib/vlc/plugins/codec/libtheora_plugin.so
7f1eea36a000-7f1eea36b000 r--p 00004000 08:06 413072                     /usr/lib/vlc/plugins/codec/libtheora_plugin.so
7f1eea36b000-7f1eea36c000 rw-p 00005000 08:06 413072                     /usr/lib/vlc/plugins/codec/libtheora_plugin.so
7f1eea36c000-7f1eea36e000 r-xp 00000000 08:06 413057                     /usr/lib/vlc/plugins/codec/libaes3_plugin.so
7f1eea36e000-7f1eea56d000 ---p 00002000 08:06 413057                     /usr/lib/vlc/plugins/codec/libaes3_plugin.so
7f1eea56d000-7f1eea56e000 r--p 00001000 08:06 413057                     /usr/lib/vlc/plugins/codec/libaes3_plugin.so
7f1eea56e000-7f1eea56f000 rw-p 00002000 08:06 413057                     /usr/lib/vlc/plugins/codec/libaes3_plugin.so
7f1eea56f000-7f1eea58b000 r-xp 00000000 08:06 534371                     /usr/lib/x86_64-linux-gnu/libdvdread.so.4.1.2
7f1eea58b000-7f1eea78a000 ---p 0001c000 08:06 534371                     /usr/lib/x86_64-linux-gnu/libdvdread.so.4.1.2
7f1eea78a000-7f1eea78b000 r--p 0001b000 08:06 534371                     /usr/lib/x86_64-linux-gnu/libdvdread.so.4.1.2
7f1eea78b000-7f1eea78c000 rw-p 0001c000 08:06 534371                     /usr/lib/x86_64-linux-gnu/libdvdread.so.4.1.2
7f1eea78c000-7f1eea79f000 r-xp 00000000 08:06 534374                     /usr/lib/x86_64-linux-gnu/libdvdnav.so.4.1.2
7f1eea79f000-7f1eea99e000 ---p 00013000 08:06 534374                     /usr/lib/x86_64-linux-gnu/libdvdnav.so.4.1.2
7f1eea99e000-7f1eea99f000 r--p 00012000 08:06 534374                     /usr/lib/x86_64-linux-gnu/libdvdnav.so.4.1.2
7f1eea99f000-7f1eea9a0000 rw-p 00013000 08:06 534374                     /usr/lib/x86_64-linux-gnu/libdvdnav.so.4.1.2
7f1eea9a0000-7f1eea9aa000 r-xp 00000000 08:06 412999                     /usr/lib/vlc/plugins/access/libdvdnav_plugin.so
7f1eea9aa000-7f1eeaba9000 ---p 0000a000 08:06 412999                     /usr/lib/vlc/plugins/access/libdvdnav_plugin.so
7f1eeaba9000-7f1eeabab000 r--p 00009000 08:06 412999                     /usr/lib/vlc/plugins/access/libdvdnav_plugin.so
7f1eeabab000-7f1eeabac000 rw-p 0000b000 08:06 412999                     /usr/lib/vlc/plugins/access/libdvdnav_plugin.so
7f1eeabac000-7f1eeabbf000 r-xp 00000000 08:06 412996                     /usr/lib/vlc/plugins/access/libaccess_bd_plugin.so
7f1eeabbf000-7f1eeadbe000 ---p 00013000 08:06 412996                     /usr/lib/vlc/plugins/access/libaccess_bd_plugin.so
7f1eeadbe000-7f1eeadbf000 r--p 00012000 08:06 412996                     /usr/lib/vlc/plugins/access/libaccess_bd_plugin.so
7f1eeadbf000-7f1eeadc0000 rw-p 00013000 08:06 412996                     /usr/lib/vlc/plugins/access/libaccess_bd_plugin.so
7f1eeadc0000-7f1eeade1000 r-xp 00000000 08:06 265587                     /lib/x86_64-linux-gnu/liblzma.so.5.0.0
7f1eeade1000-7f1eeafe0000 ---p 00021000 08:06 265587                     /lib/x86_64-linux-gnu/liblzma.so.5.0.0
7f1eeafe0000-7f1eeafe1000 r--p 00020000 08:06 265587                     /lib/x86_64-linux-gnu/liblzma.so.5.0.0
7f1eeafe1000-7f1eeafe2000 rw-p 00021000 08:06 265587                     /lib/x86_64-linux-gnu/liblzma.so.5.0.0
7f1eeafe2000-7f1eeb13e000 r-xp 00000000 08:06 522930                     /usr/lib/x86_64-linux-gnu/libxml2.so.2.9.1
7f1eeb13e000-7f1eeb33d000 ---p 0015c000 08:06 522930                     /usr/lib/x86_64-linux-gnu/libxml2.so.2.9.1
7f1eeb33d000-7f1eeb345000 r--p 0015b000 08:06 522930                     /usr/lib/x86_64-linux-gnu/libxml2.so.2.9.1
7f1eeb345000-7f1eeb347000 rw-p 00163000 08:06 522930                     /usr/lib/x86_64-linux-gnu/libxml2.so.2.9.1
7f1eeb347000-7f1eeb348000 rw-p 00000000 00:00 0 
7f1eeb348000-7f1eeb380000 r-xp 00000000 08:06 546064                     /usr/lib/x86_64-linux-gnu/libbluray.so.1.5.0
7f1eeb380000-7f1eeb57f000 ---p 00038000 08:06 546064                     /usr/lib/x86_64-linux-gnu/libbluray.so.1.5.0
7f1eeb57f000-7f1eeb581000 r--p 00037000 08:06 546064                     /usr/lib/x86_64-linux-gnu/libbluray.so.1.5.0
7f1eeb581000-7f1eeb582000 rw-p 00039000 08:06 546064                     /usr/lib/x86_64-linux-gnu/libbluray.so.1.5.0
7f1eeb582000-7f1eeb588000 r-xp 00000000 08:06 412982                     /usr/lib/vlc/plugins/access/liblibbluray_plugin.so
7f1eeb588000-7f1eeb787000 ---p 00006000 08:06 412982                     /usr/lib/vlc/plugins/access/liblibbluray_plugin.so
7f1eeb787000-7f1eeb788000 r--p 00005000 08:06 412982                     /usr/lib/vlc/plugins/access/liblibbluray_plugin.so
7f1eeb788000-7f1eeb789000 rw-p 00006000 08:06 412982                     /usr/lib/vlc/plugins/access/liblibbluray_plugin.so
7f1eeb789000-7f1eeb7a3000 r-xp 00000000 08:06 546068                     /usr/lib/x86_64-linux-gnu/libdvbpsi.so.8.0.0
7f1eeb7a3000-7f1eeb9a2000 ---p 0001a000 08:06 546068                     /usr/lib/x86_64-linux-gnu/libdvbpsi.so.8.0.0
7f1eeb9a2000-7f1eeb9a3000 r--p 00019000 08:06 546068                     /usr/lib/x86_64-linux-gnu/libdvbpsi.so.8.0.0
7f1eeb9a3000-7f1eeb9a4000 rw-p 0001a000 08:06 546068                     /usr/lib/x86_64-linux-gnu/libdvbpsi.so.8.0.0
7f1eeb9a4000-7f1eeb9b7000 r-xp 00000000 08:06 413029                     /usr/lib/vlc/plugins/mux/libmux_ts_plugin.so
7f1eeb9b7000-7f1eebbb6000 ---p 00013000 08:06 413029                     /usr/lib/vlc/plugins/mux/libmux_ts_plugin.so
7f1eebbb6000-7f1eebbb7000 r--p 00012000 08:06 413029                     /usr/lib/vlc/plugins/mux/libmux_ts_plugin.so
7f1eebbb7000-7f1eebbb8000 rw-p 00013000 08:06 413029                     /usr/lib/vlc/plugins/mux/libmux_ts_plugin.so
7f1eebbb8000-7f1eebbcd000 r-xp 00000000 08:06 412901                     /usr/lib/vlc/plugins/stream_out/libstream_out_rtp_plugin.so
7f1eebbcd000-7f1eebdcc000 ---p 00015000 08:06 412901                     /usr/lib/vlc/plugins/stream_out/libstream_out_rtp_plugin.so
7f1eebdcc000-7f1eebdcd000 r--p 00014000 08:06 412901                     /usr/lib/vlc/plugins/stream_out/libstream_out_rtp_plugin.so
7f1eebdcd000-7f1eebdce000 rw-p 00015000 08:06 412901                     /usr/lib/vlc/plugins/stream_out/libstream_out_rtp_plugin.so
7f1eebdce000-7f1eebdfd000 r-xp 00000000 08:06 530691                     /usr/lib/x86_64-linux-gnu/liblua5.2.so.0.0.0
7f1eebdfd000-7f1eebffc000 ---p 0002f000 08:06 530691                     /usr/lib/x86_64-linux-gnu/liblua5.2.so.0.0.0
7f1eebffc000-7f1eebffe000 r--p 0002e000 08:06 530691                     /usr/lib/x86_64-linux-gnu/liblua5.2.so.0.0.0
7f1eebffe000-7f1eebfff000 rw-p 00030000 08:06 530691                     /usr/lib/x86_64-linux-gnu/liblua5.2.so.0.0.0
7f1eebfff000-7f1ef0000000 rw-s 00000000 00:14 106484                     /run/shm/pulse-shm-2076940234
7f1ef0000000-7f1ef0021000 rw-p 00000000 00:00 0 
7f1ef0021000-7f1ef4000000 ---p 00000000 00:00 0 
7f1ef4045000-7f1ef4046000 ---p 00000000 00:00 0 
7f1ef4046000-7f1ef4146000 rw-p 00000000 00:00 0                          [stack:11208]
7f1ef4146000-7f1ef416b000 r-xp 00000000 08:06 412769                     /usr/lib/vlc/plugins/lua/liblua_plugin.so
7f1ef416b000-7f1ef436a000 ---p 00025000 08:06 412769                     /usr/lib/vlc/plugins/lua/liblua_plugin.so
7f1ef436a000-7f1ef436c000 r--p 00024000 08:06 412769                     /usr/lib/vlc/plugins/lua/liblua_plugin.so
7f1ef436c000-7f1ef436d000 rw-p 00026000 08:06 412769                     /usr/lib/vlc/plugins/lua/liblua_plugin.so
7f1ef436d000-7f1ef443e000 r-xp 00000000 08:06 530970                     /usr/lib/x86_64-linux-gnu/libtag.so.1.14.0
7f1ef443e000-7f1ef463e000 ---p 000d1000 08:06 530970                     /usr/lib/x86_64-linux-gnu/libtag.so.1.14.0
7f1ef463e000-7f1ef4643000 r--p 000d1000 08:06 530970                     /usr/lib/x86_64-linux-gnu/libtag.so.1.14.0
7f1ef4643000-7f1ef4644000 rw-p 000d6000 08:06 530970                     /usr/lib/x86_64-linux-gnu/libtag.so.1.14.0
7f1ef4644000-7f1ef4654000 r-xp 00000000 08:06 412976                     /usr/lib/vlc/plugins/meta_engine/libtaglib_plugin.so
7f1ef4654000-7f1ef4854000 ---p 00010000 08:06 412976                     /usr/lib/vlc/plugins/meta_engine/libtaglib_plugin.so
7f1ef4854000-7f1ef4855000 r--p 00010000 08:06 412976                     /usr/lib/vlc/plugins/meta_engine/libtaglib_plugin.so
7f1ef4855000-7f1ef4856000 rw-p 00011000 08:06 412976                     /usr/lib/vlc/plugins/meta_engine/libtaglib_plugin.so
7f1ef4856000-7f1ef4877000 r-xp 00000000 08:06 412824                     /usr/lib/vlc/plugins/demux/libmp4_plugin.so
7f1ef4877000-7f1ef4a77000 ---p 00021000 08:06 412824                     /usr/lib/vlc/plugins/demux/libmp4_plugin.so
7f1ef4a77000-7f1ef4a79000 r--p 00021000 08:06 412824                     /usr/lib/vlc/plugins/demux/libmp4_plugin.so
7f1ef4a79000-7f1ef4a7a000 rw-p 00023000 08:06 412824                     /usr/lib/vlc/plugins/demux/libmp4_plugin.so
7f1ef4a7a000-7f1ef4a7c000 r-xp 00000000 08:06 413046                     /usr/lib/vlc/plugins/stream_filter/librecord_plugin.so
7f1ef4a7c000-7f1ef4c7b000 ---p 00002000 08:06 413046                     /usr/lib/vlc/plugins/stream_filter/librecord_plugin.so
7f1ef4c7b000-7f1ef4c7c000 r--p 00001000 08:06 413046                     /usr/lib/vlc/plugins/stream_filter/librecord_plugin.so
7f1ef4c7c000-7f1ef4c7d000 rw-p 00002000 08:06 413046                     /usr/lib/vlc/plugins/stream_filter/librecord_plugin.so
7f1ef4c7d000-7f1ef4c80000 r-xp 00000000 08:06 413006                     /usr/lib/vlc/plugins/access/libstream_filter_rar_plugin.so
7f1ef4c80000-7f1ef4e7f000 ---p 00003000 08:06 413006                     /usr/lib/vlc/plugins/access/libstream_filter_rar_plugin.so
7f1ef4e7f000-7f1ef4e80000 r--p 00002000 08:06 413006                     /usr/lib/vlc/plugins/access/libstream_filter_rar_plugin.so
7f1ef4e80000-7f1ef4e81000 rw-p 00003000 08:06 413006                     /usr/lib/vlc/plugins/access/libstream_filter_rar_plugin.so
7f1ef4e81000-7f1ef4e88000 r-xp 00000000 08:06 413001                     /usr/lib/vlc/plugins/access/libzip_plugin.so
7f1ef4e88000-7f1ef5088000 ---p 00007000 08:06 413001                     /usr/lib/vlc/plugins/access/libzip_plugin.so
7f1ef5088000-7f1ef5089000 r--p 00007000 08:06 413001                     /usr/lib/vlc/plugins/access/libzip_plugin.so
7f1ef5089000-7f1ef508a000 rw-p 00008000 08:06 413001                     /usr/lib/vlc/plugins/access/libzip_plugin.so
7f1ef508a000-7f1ef50b2000 r-xp 00000000 08:06 413045                     /usr/lib/vlc/plugins/stream_filter/libdash_plugin.so
7f1ef50b2000-7f1ef52b1000 ---p 00028000 08:06 413045                     /usr/lib/vlc/plugins/stream_filter/libdash_plugin.so
7f1ef52b1000-7f1ef52b3000 r--p 00027000 08:06 413045                     /usr/lib/vlc/plugins/stream_filter/libdash_plugin.so
7f1ef52b3000-7f1ef52b4000 rw-p 00029000 08:06 413045                     /usr/lib/vlc/plugins/stream_filter/libdash_plugin.so
7f1ef52b4000-7f1ef52b7000 r-xp 00000000 08:06 413042                     /usr/lib/vlc/plugins/stream_filter/libdecomp_plugin.so
7f1ef52b7000-7f1ef54b6000 ---p 00003000 08:06 413042                     /usr/lib/vlc/plugins/stream_filter/libdecomp_plugin.so
7f1ef54b6000-7f1ef54b7000 r--p 00002000 08:06 413042                     /usr/lib/vlc/plugins/stream_filter/libdecomp_plugin.so
7f1ef54b7000-7f1ef54b8000 rw-p 00003000 08:06 413042                     /usr/lib/vlc/plugins/stream_filter/libdecomp_plugin.so
7f1ef54b8000-7f1ef54c2000 r-xp 00000000 08:06 413044                     /usr/lib/vlc/plugins/stream_filter/libhttplive_plugin.so
7f1ef54c2000-7f1ef56c1000 ---p 0000a000 08:06 413044                     /usr/lib/vlc/plugins/stream_filter/libhttplive_plugin.so
7f1ef56c1000-7f1ef56c2000 r--p 00009000 08:06 413044                     /usr/lib/vlc/plugins/stream_filter/libhttplive_plugin.so
7f1ef56c2000-7f1ef56c3000 rw-p 0000a000 08:06 413044                     /usr/lib/vlc/plugins/stream_filter/libhttplive_plugin.so
7f1ef56c3000-7f1ef56cb000 r-xp 00000000 08:06 413043                     /usr/lib/vlc/plugins/stream_filter/libsmooth_plugin.so
7f1ef56cb000-7f1ef58ca000 ---p 00008000 08:06 413043                     /usr/lib/vlc/plugins/stream_filter/libsmooth_plugin.so
7f1ef58ca000-7f1ef58cb000 r--p 00007000 08:06 413043                     /usr/lib/vlc/plugins/stream_filter/libsmooth_plugin.so
7f1ef58cb000-7f1ef58cc000 rw-p 00008000 08:06 413043                     /usr/lib/vlc/plugins/stream_filter/libsmooth_plugin.so
7f1ef59c9000-7f1ef59ca000 ---p 00000000 00:00 0 
7f1ef59ca000-7f1ef5aca000 rw-p 00000000 00:00 0                          [stack:11206]
7f1ef5aca000-7f1ef5acd000 ---p 00000000 00:00 0 
7f1ef5acd000-7f1ef5bcb000 rw-p 00000000 00:00 0                          [stack:11205]
7f1ef5bcb000-7f1ef5bce000 ---p 00000000 00:00 0 
7f1ef5bce000-7f1ef5ccc000 rw-p 00000000 00:00 0                          [stack:11204]
7f1ef5ccc000-7f1ef5ccd000 ---p 00000000 00:00 0 
7f1ef5ccd000-7f1ef64cd000 rw-p 00000000 00:00 0                          [stack:11201]
7f1ef64cd000-7f1ef64d1000 r-xp 00000000 08:06 413010                     /usr/lib/vlc/plugins/access/libfilesystem_plugin.so
7f1ef64d1000-7f1ef66d0000 ---p 00004000 08:06 413010                     /usr/lib/vlc/plugins/access/libfilesystem_plugin.so
7f1ef66d0000-7f1ef66d1000 r--p 00003000 08:06 413010                     /usr/lib/vlc/plugins/access/libfilesystem_plugin.so
7f1ef66d1000-7f1ef66d2000 rw-p 00004000 08:06 413010                     /usr/lib/vlc/plugins/access/libfilesystem_plugin.so
7f1ef66d2000-7f1ef66d6000 r-xp 00000000 08:06 412985                     /usr/lib/vlc/plugins/access/libaccess_vdr_plugin.so
7f1ef66d6000-7f1ef68d6000 ---p 00004000 08:06 412985                     /usr/lib/vlc/plugins/access/libaccess_vdr_plugin.so
7f1ef68d6000-7f1ef68d7000 r--p 00004000 08:06 412985                     /usr/lib/vlc/plugins/access/libaccess_vdr_plugin.so
7f1ef68d7000-7f1ef68d8000 rw-p 00005000 08:06 412985                     /usr/lib/vlc/plugins/access/libaccess_vdr_plugin.so
7f1ef68d8000-7f1ef68d9000 ---p 00000000 00:00 0 
7f1ef68d9000-7f1ef69d9000 rw-p 00000000 00:00 0                          [stack:11202]
7f1ef69d9000-7f1ef69da000 ---p 00000000 00:00 0 
7f1ef69da000-7f1ef6ada000 rw-p 00000000 00:00 0                          [stack:11199]
7f1ef6ada000-7f1ef6adb000 ---p 00000000 00:00 0 
7f1ef6adb000-7f1ef72db000 rw-p 00000000 00:00 0                          [stack:11198]
7f1ef72db000-7f1ef72e1000 r-xp 00000000 08:06 413128                     /usr/lib/vlc/plugins/audio_output/libpulse_plugin.so
7f1ef72e1000-7f1ef74e0000 ---p 00006000 08:06 413128                     /usr/lib/vlc/plugins/audio_output/libpulse_plugin.so
7f1ef74e0000-7f1ef74e1000 r--p 00005000 08:06 413128                     /usr/lib/vlc/plugins/audio_output/libpulse_plugin.so
7f1ef74e1000-7f1ef74e2000 rw-p 00006000 08:06 413128                     /usr/lib/vlc/plugins/audio_output/libpulse_plugin.so
7f1ef74e2000-7f1ef74e6000 r-xp 00000000 08:06 265517                     /lib/x86_64-linux-gnu/libuuid.so.1.3.0
7f1ef74e6000-7f1ef76e5000 ---p 00004000 08:06 265517                     /lib/x86_64-linux-gnu/libuuid.so.1.3.0
7f1ef76e5000-7f1ef76e6000 r--p 00003000 08:06 265517                     /lib/x86_64-linux-gnu/libuuid.so.1.3.0
7f1ef76e6000-7f1ef76e7000 rw-p 00004000 08:06 265517                     /lib/x86_64-linux-gnu/libuuid.so.1.3.0
7f1ef76e7000-7f1ef76ee000 r-xp 00000000 08:06 533781                     /usr/lib/x86_64-linux-gnu/libffi.so.6.0.1
7f1ef76ee000-7f1ef78ed000 ---p 00007000 08:06 533781                     /usr/lib/x86_64-linux-gnu/libffi.so.6.0.1
7f1ef78ed000-7f1ef78ee000 r--p 00006000 08:06 533781                     /usr/lib/x86_64-linux-gnu/libffi.so.6.0.1
7f1ef78ee000-7f1ef78ef000 rw-p 00007000 08:06 533781                     /usr/lib/x86_64-linux-gnu/libffi.so.6.0.1
7f1ef78ef000-7f1ef792c000 r-xp 00000000 08:06 265436                     /lib/x86_64-linux-gnu/libpcre.so.3.13.1
7f1ef792c000-7f1ef7b2b000 ---p 0003d000 08:06 265436                     /lib/x86_64-linux-gnu/libpcre.so.3.13.1
7f1ef7b2b000-7f1ef7b2c000 r--p 0003c000 08:06 265436                     /lib/x86_64-linux-gnu/libpcre.so.3.13.1
7f1ef7b2c000-7f1ef7b2d000 rw-p 0003d000 08:06 265436                     /lib/x86_64-linux-gnu/libpcre.so.3.13.1
7f1ef7b2d000-7f1ef7b8c000 r-xp 00000000 08:06 530103                     /usr/lib/x86_64-linux-gnu/libXt.so.6.0.0
7f1ef7b8c000-7f1ef7d8c000 ---p 0005f000 08:06 530103                     /usr/lib/x86_64-linux-gnu/libXt.so.6.0.0
7f1ef7d8c000-7f1ef7d8d000 r--p 0005f000 08:06 530103                     /usr/lib/x86_64-linux-gnu/libXt.so.6.0.0
7f1ef7d8d000-7f1ef7d92000 rw-p 00060000 08:06 530103                     /usr/lib/x86_64-linux-gnu/libXt.so.6.0.0
7f1ef7d92000-7f1ef7d93000 rw-p 00000000 00:00 0 
7f1ef7d93000-7f1ef7dba000 r-xp 00000000 08:06 265110                     /lib/x86_64-linux-gnu/libexpat.so.1.6.0
7f1ef7dba000-7f1ef7fba000 ---p 00027000 08:06 265110                     /lib/x86_64-linux-gnu/libexpat.so.1.6.0
7f1ef7fba000-7f1ef7fbc000 r--p 00027000 08:06 265110                     /lib/x86_64-linux-gnu/libexpat.so.1.6.0
7f1ef7fbc000-7f1ef7fbd000 rw-p 00029000 08:06 265110                     /lib/x86_64-linux-gnu/libexpat.so.1.6.0
7f1ef7fbd000-7f1ef7fd4000 r-xp 00000000 08:06 529934                     /usr/lib/x86_64-linux-gnu/libICE.so.6.3.0
7f1ef7fd4000-7f1ef81d3000 ---p 00017000 08:06 529934                     /usr/lib/x86_64-linux-gnu/libICE.so.6.3.0
7f1ef81d3000-7f1ef81d4000 r--p 00016000 08:06 529934                     /usr/lib/x86_64-linux-gnu/libICE.so.6.3.0
7f1ef81d4000-7f1ef81d5000 rw-p 00017000 08:06 529934                     /usr/lib/x86_64-linux-gnu/libICE.so.6.3.0
7f1ef81d5000-7f1ef81d9000 rw-p 00000000 00:00 0 
7f1ef81d9000-7f1ef81e0000 r-xp 00000000 08:06 530056                     /usr/lib/x86_64-linux-gnu/libSM.so.6.0.1
7f1ef81e0000-7f1ef83df000 ---p 00007000 08:06 530056                     /usr/lib/x86_64-linux-gnu/libSM.so.6.0.1
7f1ef83df000-7f1ef83e0000 r--p 00006000 08:06 530056                     /usr/lib/x86_64-linux-gnu/libSM.so.6.0.1
7f1ef83e0000-7f1ef83e1000 rw-p 00007000 08:06 530056                     /usr/lib/x86_64-linux-gnu/libSM.so.6.0.1
7f1ef83e1000-7f1ef8430000 r-xp 00000000 08:06 530475                     /usr/lib/x86_64-linux-gnu/libgobject-2.0.so.0.4002.0
7f1ef8430000-7f1ef8630000 ---p 0004f000 08:06 530475                     /usr/lib/x86_64-linux-gnu/libgobject-2.0.so.0.4002.0
7f1ef8630000-7f1ef8631000 r--p 0004f000 08:06 530475                     /usr/lib/x86_64-linux-gnu/libgobject-2.0.so.0.4002.0
7f1ef8631000-7f1ef8632000 rw-p 00050000 08:06 530475                     /usr/lib/x86_64-linux-gnu/libgobject-2.0.so.0.4002.0
7f1ef8632000-7f1ef86cf000 r-xp 00000000 08:06 539648                     /usr/lib/x86_64-linux-gnu/libfreetype.so.6.11.1
7f1ef86cf000-7f1ef88ce000 ---p 0009d000 08:06 539648                     /usr/lib/x86_64-linux-gnu/libfreetype.so.6.11.1
7f1ef88ce000-7f1ef88d4000 r--p 0009c000 08:06 539648                     /usr/lib/x86_64-linux-gnu/libfreetype.so.6.11.1
7f1ef88d4000-7f1ef88d5000 rw-p 000a2000 08:06 539648                     /usr/lib/x86_64-linux-gnu/libfreetype.so.6.11.1
7f1ef88d5000-7f1ef88ed000 r-xp 00000000 08:06 265703                     /lib/x86_64-linux-gnu/libz.so.1.2.8
7f1ef88ed000-7f1ef8aec000 ---p 00018000 08:06 265703                     /lib/x86_64-linux-gnu/libz.so.1.2.8
7f1ef8aec000-7f1ef8aed000 r--p 00017000 08:06 265703                     /lib/x86_64-linux-gnu/libz.so.1.2.8
7f1ef8aed000-7f1ef8aee000 rw-p 00018000 08:06 265703                     /lib/x86_64-linux-gnu/libz.so.1.2.8
7f1ef8aee000-7f1ef8b13000 r-xp 00000000 08:06 265552                     /lib/x86_64-linux-gnu/libpng12.so.0.50.0
7f1ef8b13000-7f1ef8d12000 ---p 00025000 08:06 265552                     /lib/x86_64-linux-gnu/libpng12.so.0.50.0
7f1ef8d12000-7f1ef8d13000 r--p 00024000 08:06 265552                     /lib/x86_64-linux-gnu/libpng12.so.0.50.0
7f1ef8d13000-7f1ef8d14000 rw-p 00025000 08:06 265552                     /lib/x86_64-linux-gnu/libpng12.so.0.50.0
7f1ef8d14000-7f1ef8e1a000 r-xp 00000000 08:06 265571                     /lib/x86_64-linux-gnu/libglib-2.0.so.0.4002.0
7f1ef8e1a000-7f1ef9019000 ---p 00106000 08:06 265571                     /lib/x86_64-linux-gnu/libglib-2.0.so.0.4002.0
7f1ef9019000-7f1ef901a000 r--p 00105000 08:06 265571                     /lib/x86_64-linux-gnu/libglib-2.0.so.0.4002.0
7f1ef901a000-7f1ef901b000 rw-p 00106000 08:06 265571                     /lib/x86_64-linux-gnu/libglib-2.0.so.0.4002.0
7f1ef901b000-7f1ef901c000 rw-p 00000000 00:00 0 
7f1ef901c000-7f1ef9033000 r-xp 00000000 08:06 530166                     /usr/lib/x86_64-linux-gnu/libaudio.so.2.4
7f1ef9033000-7f1ef9232000 ---p 00017000 08:06 530166                     /usr/lib/x86_64-linux-gnu/libaudio.so.2.4
7f1ef9232000-7f1ef9233000 r--p 00016000 08:06 530166                     /usr/lib/x86_64-linux-gnu/libaudio.so.2.4
7f1ef9233000-7f1ef9234000 rw-p 00017000 08:06 530166                     /usr/lib/x86_64-linux-gnu/libaudio.so.2.4
7f1ef9234000-7f1ef926e000 r-xp 00000000 08:06 530360                     /usr/lib/x86_64-linux-gnu/libfontconfig.so.1.8.0
7f1ef926e000-7f1ef946d000 ---p 0003a000 08:06 530360                     /usr/lib/x86_64-linux-gnu/libfontconfig.so.1.8.0
7f1ef946d000-7f1ef946f000 r--p 00039000 08:06 530360                     /usr/lib/x86_64-linux-gnu/libfontconfig.so.1.8.0
7f1ef946f000-7f1ef9470000 rw-p 0003b000 08:06 530360                     /usr/lib/x86_64-linux-gnu/libfontconfig.so.1.8.0
7f1ef9470000-7f1ef9ed6000 r-xp 00000000 08:06 522879                     /usr/lib/x86_64-linux-gnu/libQtGui.so.4.8.6
7f1ef9ed6000-7f1efa0d6000 ---p 00a66000 08:06 522879                     /usr/lib/x86_64-linux-gnu/libQtGui.so.4.8.6
7f1efa0d6000-7f1efa118000 r--p 00a66000 08:06 522879                     /usr/lib/x86_64-linux-gnu/libQtGui.so.4.8.6
7f1efa118000-7f1efa11f000 rw-p 00aa8000 08:06 522879                     /usr/lib/x86_64-linux-gnu/libQtGui.so.4.8.6
7f1efa11f000-7f1efa123000 rw-p 00000000 00:00 0 
7f1efa123000-7f1efa126000 r-xp 00000000 08:06 530850                     /usr/lib/x86_64-linux-gnu/libpulse-simple.so.0.0.4
7f1efa126000-7f1efa325000 ---p 00003000 08:06 530850                     /usr/lib/x86_64-linux-gnu/libpulse-simple.so.0.0.4
7f1efa325000-7f1efa326000 r--p 00002000 08:06 530850                     /usr/lib/x86_64-linux-gnu/libpulse-simple.so.0.0.4
7f1efa326000-7f1efa327000 rw-p 00003000 08:06 530850                     /usr/lib/x86_64-linux-gnu/libpulse-simple.so.0.0.4
7f1efa3ae000-7f1efa686000 r-xp 00000000 08:06 530043                     /usr/lib/x86_64-linux-gnu/libQtCore.so.4.8.6
7f1efa686000-7f1efa886000 ---p 002d8000 08:06 530043                     /usr/lib/x86_64-linux-gnu/libQtCore.so.4.8.6
7f1efa886000-7f1efa891000 r--p 002d8000 08:06 530043                     /usr/lib/x86_64-linux-gnu/libQtCore.so.4.8.6
7f1efa891000-7f1efa892000 rw-p 002e3000 08:06 530043                     /usr/lib/x86_64-linux-gnu/libQtCore.so.4.8.6
7f1efa892000-7f1efa893000 rw-p 00000000 00:00 0 
7f1efa893000-7f1efaaf5000 r-xp 00000000 08:06 413116                     /usr/lib/vlc/plugins/gui/libqt4_plugin.so
7f1efaaf5000-7f1efacf4000 ---p 00262000 08:06 413116                     /usr/lib/vlc/plugins/gui/libqt4_plugin.so
7f1efacf4000-7f1efad0d000 r--p 00261000 08:06 413116                     /usr/lib/vlc/plugins/gui/libqt4_plugin.so
7f1efad0d000-7f1efad11000 rw-p 0027a000 08:06 413116                     /usr/lib/vlc/plugins/gui/libqt4_plugin.so
7f1efad11000-7f1efad17000 r-xp 00000000 08:06 546092                     /usr/lib/x86_64-linux-gnu/libxcb-xv.so.0.0.0
7f1efad17000-7f1efaf16000 ---p 00006000 08:06 546092                     /usr/lib/x86_64-linux-gnu/libxcb-xv.so.0.0.0
7f1efaf16000-7f1efaf17000 r--p 00005000 08:06 546092                     /usr/lib/x86_64-linux-gnu/libxcb-xv.so.0.0.0
7f1efaf17000-7f1efaf18000 rw-p 00006000 08:06 546092                     /usr/lib/x86_64-linux-gnu/libxcb-xv.so.0.0.0
7f1efaf18000-7f1efaf1f000 r-xp 00000000 08:06 413105                     /usr/lib/vlc/plugins/video_output/libxcb_xv_plugin.so
7f1efaf1f000-7f1efb11e000 ---p 00007000 08:06 413105                     /usr/lib/vlc/plugins/video_output/libxcb_xv_plugin.so
7f1efb11e000-7f1efb11f000 r--p 00006000 08:06 413105                     /usr/lib/vlc/plugins/video_output/libxcb_xv_plugin.so
7f1efb11f000-7f1efb120000 rw-p 00007000 08:06 413105                     /usr/lib/vlc/plugins/video_output/libxcb_xv_plugin.so
7f1efb120000-7f1efb1a3000 r-xp 00000000 08:06 526635                     /usr/lib/x86_64-linux-gnu/libdirac_encoder.so.0.1.0
7f1efb1a3000-7f1efb3a2000 ---p 00083000 08:06 526635                     /usr/lib/x86_64-linux-gnu/libdirac_encoder.so.0.1.0
7f1efb3a2000-7f1efb3a5000 r--p 00082000 08:06 526635                     /usr/lib/x86_64-linux-gnu/libdirac_encoder.so.0.1.0
7f1efb3a5000-7f1efb3a6000 rw-p 00085000 08:06 526635                     /usr/lib/x86_64-linux-gnu/libdirac_encoder.so.0.1.0
7f1efb3a6000-7f1efb3a7000 rw-p 00000000 00:00 0 
7f1efb3aa000-7f1efb3ac000 r-xp 00000000 08:06 531122                     /usr/lib/x86_64-linux-gnu/libxcb-shm.so.0.0.0
7f1efb3ac000-7f1efb5ab000 ---p 00002000 08:06 531122                     /usr/lib/x86_64-linux-gnu/libxcb-shm.so.0.0.0
7f1efb5ab000-7f1efb5ac000 r--p 00001000 08:06 531122                     /usr/lib/x86_64-linux-gnu/libxcb-shm.so.0.0.0
7f1efb5ac000-7f1efb5ad000 rw-p 00002000 08:06 531122                     /usr/lib/x86_64-linux-gnu/libxcb-shm.so.0.0.0
7f1efb5ad000-7f1efb5b5000 r-xp 00000000 08:06 265602                     /lib/x86_64-linux-gnu/libnih-dbus.so.1.0.0
7f1efb5b5000-7f1efb7b5000 ---p 00008000 08:06 265602                     /lib/x86_64-linux-gnu/libnih-dbus.so.1.0.0
7f1efb7b5000-7f1efb7b6000 r--p 00008000 08:06 265602                     /lib/x86_64-linux-gnu/libnih-dbus.so.1.0.0
7f1efb7b6000-7f1efb7b7000 rw-p 00009000 08:06 265602                     /lib/x86_64-linux-gnu/libnih-dbus.so.1.0.0
7f1efb7b7000-7f1efb7ce000 r-xp 00000000 08:06 265604                     /lib/x86_64-linux-gnu/libnih.so.1.0.0
7f1efb7ce000-7f1efb9cd000 ---p 00017000 08:06 265604                     /lib/x86_64-linux-gnu/libnih.so.1.0.0
7f1efb9cd000-7f1efb9ce000 r--p 00016000 08:06 265604                     /lib/x86_64-linux-gnu/libnih.so.1.0.0
7f1efb9ce000-7f1efb9cf000 rw-p 00017000 08:06 265604                     /lib/x86_64-linux-gnu/libnih.so.1.0.0
7f1efb9cf000-7f1efb9e8000 r-xp 00000000 08:06 265465                     /lib/x86_64-linux-gnu/libcgmanager.so.0.0.0
7f1efb9e8000-7f1efbbe7000 ---p 00019000 08:06 265465                     /lib/x86_64-linux-gnu/libcgmanager.so.0.0.0
7f1efbbe7000-7f1efbbe9000 r--p 00018000 08:06 265465                     /lib/x86_64-linux-gnu/libcgmanager.so.0.0.0
7f1efbbe9000-7f1efbbea000 rw-p 0001a000 08:06 265465                     /lib/x86_64-linux-gnu/libcgmanager.so.0.0.0
7f1efbbea000-7f1efbbee000 r-xp 00000000 08:06 265573                     /lib/x86_64-linux-gnu/libgpg-error.so.0.10.0
7f1efbbee000-7f1efbded000 ---p 00004000 08:06 265573                     /lib/x86_64-linux-gnu/libgpg-error.so.0.10.0
7f1efbded000-7f1efbdee000 r--p 00003000 08:06 265573                     /lib/x86_64-linux-gnu/libgpg-error.so.0.10.0
7f1efbdee000-7f1efbdef000 rw-p 00004000 08:06 265573                     /lib/x86_64-linux-gnu/libgpg-error.so.0.10.0
7f1efbdef000-7f1efbdff000 r-xp 00000000 08:06 298110                     /lib/x86_64-linux-gnu/libudev.so.1.3.5
7f1efbdff000-7f1efbffe000 ---p 00010000 08:06 298110                     /lib/x86_64-linux-gnu/libudev.so.1.3.5
7f1efbffe000-7f1efbfff000 r--p 0000f000 08:06 298110                     /lib/x86_64-linux-gnu/libudev.so.1.3.5
7f1efbfff000-7f1efc000000 rw-p 00010000 08:06 298110                     /lib/x86_64-linux-gnu/libudev.so.1.3.5
7f1efc000000-7f1efc021000 rw-p 00000000 00:00 0 
7f1efc021000-7f1f00000000 ---p 00000000 00:00 0 
7f1f00000000-7f1f00021000 rw-p 00000000 00:00 0 
7f1f00021000-7f1f04000000 ---p 00000000 00:00 0 
7f1f04000000-7f1f04021000 rw-p 00000000 00:00 0 
7f1f04021000-7f1f08000000 ---p 00000000 00:00 0 
7f1f080b6000-7f1f08132000 r-xp 00000000 08:06 265547                     /lib/x86_64-linux-gnu/libgcrypt.so.11.8.2
7f1f08132000-7f1f08332000 ---p 0007c000 08:06 265547                     /lib/x86_64-linux-gnu/libgcrypt.so.11.8.2
7f1f08332000-7f1f08333000 r--p 0007c000 08:06 265547                     /lib/x86_64-linux-gnu/libgcrypt.so.11.8.2
7f1f08333000-7f1f08336000 rw-p 0007d000 08:06 265547                     /lib/x86_64-linux-gnu/libgcrypt.so.11.8.2
7f1f08336000-7f1f0834b000 r-xp 00000000 08:06 265694                     /lib/x86_64-linux-gnu/libusb-1.0.so.0.1.0
7f1f0834b000-7f1f0854b000 ---p 00015000 08:06 265694                     /lib/x86_64-linux-gnu/libusb-1.0.so.0.1.0
7f1f0854b000-7f1f0854c000 r--p 00015000 08:06 265694                     /lib/x86_64-linux-gnu/libusb-1.0.so.0.1.0
7f1f0854c000-7f1f0854d000 rw-p 00016000 08:06 265694                     /lib/x86_64-linux-gnu/libusb-1.0.so.0.1.0
7f1f0854d000-7f1f085a2000 r-xp 00000000 08:06 522616                     /usr/lib/x86_64-linux-gnu/libmtp.so.9.1.0
7f1f085a2000-7f1f087a2000 ---p 00055000 08:06 522616                     /usr/lib/x86_64-linux-gnu/libmtp.so.9.1.0
7f1f087a2000-7f1f087aa000 r--p 00055000 08:06 522616                     /usr/lib/x86_64-linux-gnu/libmtp.so.9.1.0
7f1f087aa000-7f1f087b4000 rw-p 0005d000 08:06 522616                     /usr/lib/x86_64-linux-gnu/libmtp.so.9.1.0
7f1f087b4000-7f1f0889a000 r-xp 00000000 08:06 524368                     /usr/lib/x86_64-linux-gnu/libstdc++.so.6.0.19
7f1f0889a000-7f1f08a99000 ---p 000e6000 08:06 524368                     /usr/lib/x86_64-linux-gnu/libstdc++.so.6.0.19
7f1f08a99000-7f1f08aa1000 r--p 000e5000 08:06 524368                     /usr/lib/x86_64-linux-gnu/libstdc++.so.6.0.19
7f1f08aa1000-7f1f08aa3000 rw-p 000ed000 08:06 524368                     /usr/lib/x86_64-linux-gnu/libstdc++.so.6.0.19
7f1f08aa3000-7f1f08ab8000 rw-p 00000000 00:00 0 
7f1f08acd000-7f1f08acf000 r-xp 00000000 08:06 412929                     /usr/lib/vlc/plugins/services_discovery/libmtp_plugin.so
7f1f08acf000-7f1f08cce000 ---p 00002000 08:06 412929                     /usr/lib/vlc/plugins/services_discovery/libmtp_plugin.so
7f1f08cce000-7f1f08ccf000 r--p 00001000 08:06 412929                     /usr/lib/vlc/plugins/services_discovery/libmtp_plugin.so
7f1f08ccf000-7f1f08cd0000 rw-p 00002000 08:06 412929                     /usr/lib/vlc/plugins/services_discovery/libmtp_plugin.so
7f1f08cd0000-7f1f08db9000 r-xp 00000000 08:06 530146                     /usr/lib/x86_64-linux-gnu/libasound.so.2.0.0
7f1f08db9000-7f1f08fb8000 ---p 000e9000 08:06 530146                     /usr/lib/x86_64-linux-gnu/libasound.so.2.0.0
7f1f08fb8000-7f1f08fbf000 r--p 000e8000 08:06 530146                     /usr/lib/x86_64-linux-gnu/libasound.so.2.0.0
7f1f08fbf000-7f1f08fc0000 rw-p 000ef000 08:06 530146                     /usr/lib/x86_64-linux-gnu/libasound.so.2.0.0
7f1f08fc0000-7f1f08fd7000 r-xp 00000000 08:06 261127                     /lib/x86_64-linux-gnu/libresolv-2.19.so
7f1f08fd7000-7f1f091d7000 ---p 00017000 08:06 261127                     /lib/x86_64-linux-gnu/libresolv-2.19.so
7f1f091d7000-7f1f091d8000 r--p 00017000 08:06 261127                     /lib/x86_64-linux-gnu/libresolv-2.19.so
7f1f091d8000-7f1f091d9000 rw-p 00018000 08:06 261127                     /lib/x86_64-linux-gnu/libresolv-2.19.so
7f1f091d9000-7f1f091db000 rw-p 00000000 00:00 0 
7f1f091db000-7f1f091e2000 r-xp 00000000 08:06 530783                     /usr/lib/x86_64-linux-gnu/libogg.so.0.8.1
7f1f091e2000-7f1f093e2000 ---p 00007000 08:06 530783                     /usr/lib/x86_64-linux-gnu/libogg.so.0.8.1
7f1f093e2000-7f1f093e3000 r--p 00007000 08:06 530783                     /usr/lib/x86_64-linux-gnu/libogg.so.0.8.1
7f1f093e3000-7f1f093e4000 rw-p 00008000 08:06 530783                     /usr/lib/x86_64-linux-gnu/libogg.so.0.8.1
7f1f093e4000-7f1f09410000 r-xp 00000000 08:06 531059                     /usr/lib/x86_64-linux-gnu/libvorbis.so.0.4.5
7f1f09410000-7f1f0960f000 ---p 0002c000 08:06 531059                     /usr/lib/x86_64-linux-gnu/libvorbis.so.0.4.5
7f1f0960f000-7f1f09610000 r--p 0002b000 08:06 531059                     /usr/lib/x86_64-linux-gnu/libvorbis.so.0.4.5
7f1f09610000-7f1f09611000 rw-p 0002c000 08:06 531059                     /usr/lib/x86_64-linux-gnu/libvorbis.so.0.4.5
7f1f09611000-7f1f098c4000 r-xp 00000000 08:06 531061                     /usr/lib/x86_64-linux-gnu/libvorbisenc.so.2.0.8
7f1f098c4000-7f1f09ac3000 ---p 002b3000 08:06 531061                     /usr/lib/x86_64-linux-gnu/libvorbisenc.so.2.0.8
7f1f09ac3000-7f1f09adf000 r--p 002b2000 08:06 531061                     /usr/lib/x86_64-linux-gnu/libvorbisenc.so.2.0.8
7f1f09adf000-7f1f09ae0000 rw-p 002ce000 08:06 531061                     /usr/lib/x86_64-linux-gnu/libvorbisenc.so.2.0.8
7f1f09ae0000-7f1f09b10000 r-xp 00000000 08:06 529922                     /usr/lib/x86_64-linux-gnu/libFLAC.so.8.3.0
7f1f09b10000-7f1f09d0f000 ---p 00030000 08:06 529922                     /usr/lib/x86_64-linux-gnu/libFLAC.so.8.3.0
7f1f09d0f000-7f1f09d10000 r--p 0002f000 08:06 529922                     /usr/lib/x86_64-linux-gnu/libFLAC.so.8.3.0
7f1f09d10000-7f1f09d11000 rw-p 00030000 08:06 529922                     /usr/lib/x86_64-linux-gnu/libFLAC.so.8.3.0
7f1f09d11000-7f1f09d16000 r-xp 00000000 08:06 530154                     /usr/lib/x86_64-linux-gnu/libasyncns.so.0.3.1
7f1f09d16000-7f1f09f15000 ---p 00005000 08:06 530154                     /usr/lib/x86_64-linux-gnu/libasyncns.so.0.3.1
7f1f09f15000-7f1f09f16000 r--p 00004000 08:06 530154                     /usr/lib/x86_64-linux-gnu/libasyncns.so.0.3.1
7f1f09f16000-7f1f09f17000 rw-p 00005000 08:06 530154                     /usr/lib/x86_64-linux-gnu/libasyncns.so.0.3.1
7f1f09f17000-7f1f09f78000 r-xp 00000000 08:06 530940                     /usr/lib/x86_64-linux-gnu/libsndfile.so.1.0.25
7f1f09f78000-7f1f0a178000 ---p 00061000 08:06 530940                     /usr/lib/x86_64-linux-gnu/libsndfile.so.1.0.25
7f1f0a178000-7f1f0a17a000 r--p 00061000 08:06 530940                     /usr/lib/x86_64-linux-gnu/libsndfile.so.1.0.25
7f1f0a17a000-7f1f0a17b000 rw-p 00063000 08:06 530940                     /usr/lib/x86_64-linux-gnu/libsndfile.so.1.0.25
7f1f0a17b000-7f1f0a17f000 rw-p 00000000 00:00 0 
7f1f0a17f000-7f1f0a187000 r-xp 00000000 08:06 265700                     /lib/x86_64-linux-gnu/libwrap.so.0.7.6
7f1f0a187000-7f1f0a386000 ---p 00008000 08:06 265700                     /lib/x86_64-linux-gnu/libwrap.so.0.7.6
7f1f0a386000-7f1f0a387000 r--p 00007000 08:06 265700                     /lib/x86_64-linux-gnu/libwrap.so.0.7.6
7f1f0a387000-7f1f0a388000 rw-p 00008000 08:06 265700                     /lib/x86_64-linux-gnu/libwrap.so.0.7.6
7f1f0a388000-7f1f0a389000 rw-p 00000000 00:00 0 
7f1f0a389000-7f1f0a3ef000 r-xp 00000000 08:06 783969                     /usr/lib/x86_64-linux-gnu/pulseaudio/libpulsecommon-4.0.so
7f1f0a3ef000-7f1f0a5ee000 ---p 00066000 08:06 783969                     /usr/lib/x86_64-linux-gnu/pulseaudio/libpulsecommon-4.0.so
7f1f0a5ee000-7f1f0a5ef000 r--p 00065000 08:06 783969                     /usr/lib/x86_64-linux-gnu/pulseaudio/libpulsecommon-4.0.so
7f1f0a5ef000-7f1f0a5f0000 rw-p 00066000 08:06 783969                     /usr/lib/x86_64-linux-gnu/pulseaudio/libpulsecommon-4.0.so
7f1f0a5f0000-7f1f0a5fa000 r-xp 00000000 08:06 265580                     /lib/x86_64-linux-gnu/libjson-c.so.2.0.0
7f1f0a5fa000-7f1f0a7f9000 ---p 0000a000 08:06 265580                     /lib/x86_64-linux-gnu/libjson-c.so.2.0.0
7f1f0a7f9000-7f1f0a7fa000 r--p 00009000 08:06 265580                     /lib/x86_64-linux-gnu/libjson-c.so.2.0.0
7f1f0a7fa000-7f1f0a7fb000 rw-p 0000a000 08:06 265580                     /lib/x86_64-linux-gnu/libjson-c.so.2.0.0
7f1f0a7fb000-7f1f0a842000 r-xp 00000000 08:06 530852                     /usr/lib/x86_64-linux-gnu/libpulse.so.0.16.2
7f1f0a842000-7f1f0aa42000 ---p 00047000 08:06 530852                     /usr/lib/x86_64-linux-gnu/libpulse.so.0.16.2
7f1f0aa42000-7f1f0aa43000 r--p 00047000 08:06 530852                     /usr/lib/x86_64-linux-gnu/libpulse.so.0.16.2
7f1f0aa43000-7f1f0aa44000 rw-p 00048000 08:06 530852                     /usr/lib/x86_64-linux-gnu/libpulse.so.0.16.2
7f1f0aa45000-7f1f0aa4a000 r-xp 00000000 08:06 412892                     /usr/lib/vlc/plugins/audio_output/libalsa_plugin.so
7f1f0aa4a000-7f1f0ac49000 ---p 00005000 08:06 412892                     /usr/lib/vlc/plugins/audio_output/libalsa_plugin.so
7f1f0ac49000-7f1f0ac4a000 r--p 00004000 08:06 412892                     /usr/lib/vlc/plugins/audio_output/libalsa_plugin.so
7f1f0ac4a000-7f1f0ac4b000 rw-p 00005000 08:06 412892                     /usr/lib/vlc/plugins/audio_output/libalsa_plugin.so
7f1f0ac4b000-7f1f0ac8f000 r-xp 00000000 08:06 265554                     /lib/x86_64-linux-gnu/libdbus-1.so.3.7.6
7f1f0ac8f000-7f1f0ae8e000 ---p 00044000 08:06 265554                     /lib/x86_64-linux-gnu/libdbus-1.so.3.7.6
7f1f0ae8e000-7f1f0ae8f000 r--p 00043000 08:06 265554                     /lib/x86_64-linux-gnu/libdbus-1.so.3.7.6
7f1f0ae8f000-7f1f0ae90000 rw-p 00044000 08:06 265554                     /lib/x86_64-linux-gnu/libdbus-1.so.3.7.6
7f1f0ae90000-7f1f0aec1000 r-xp 00000000 08:06 530638                     /usr/lib/x86_64-linux-gnu/libidn.so.11.6.11
7f1f0aec1000-7f1f0b0c1000 ---p 00031000 08:06 530638                     /usr/lib/x86_64-linux-gnu/libidn.so.11.6.11
7f1f0b0c1000-7f1f0b0c2000 r--p 00031000 08:06 530638                     /usr/lib/x86_64-linux-gnu/libidn.so.11.6.11
7f1f0b0c2000-7f1f0b0c3000 rw-p 00032000 08:06 530638                     /usr/lib/x86_64-linux-gnu/libidn.so.11.6.11
7f1f0b0c3000-7f1f0b1a1000 r-xp 00000000 08:06 412641                     /usr/lib/libvlccore.so.7.0.0
7f1f0b1a1000-7f1f0b3a1000 ---p 000de000 08:06 412641                     /usr/lib/libvlccore.so.7.0.0
7f1f0b3a1000-7f1f0b3a4000 r--p 000de000 08:06 412641                     /usr/lib/libvlccore.so.7.0.0
7f1f0b3a4000-7f1f0b3a5000 rw-p 000e1000 08:06 412641                     /usr/lib/libvlccore.so.7.0.0
7f1f0b3a5000-7f1f0b3bf000 r-xp 00000000 08:06 412644                     /usr/lib/libvlc.so.5.4.0
7f1f0b3bf000-7f1f0b5be000 ---p 0001a000 08:06 412644                     /usr/lib/libvlc.so.5.4.0
7f1f0b5be000-7f1f0b5bf000 r--p 00019000 08:06 412644                     /usr/lib/libvlc.so.5.4.0
7f1f0b5bf000-7f1f0b5c0000 rw-p 0001a000 08:06 412644                     /usr/lib/libvlc.so.5.4.0
7f1f0b5c0000-7f1f0b5d7000 r-xp 00000000 08:06 530346                     /tmp/jna-3268048/jna8293333299054515979.tmp (deleted)
7f1f0b5d7000-7f1f0b6d6000 ---p 00017000 08:06 530346                     /tmp/jna-3268048/jna8293333299054515979.tmp (deleted)
7f1f0b6d6000-7f1f0b6d8000 rw-p 00016000 08:06 530346                     /tmp/jna-3268048/jna8293333299054515979.tmp (deleted)
7f1f0b6d8000-7f1f0b6d9000 r-xp 00000000 08:06 414495                     /usr/lib/jvm/java-8-oracle/jre/lib/amd64/libjawt.so
7f1f0b6d9000-7f1f0b8d8000 ---p 00001000 08:06 414495                     /usr/lib/jvm/java-8-oracle/jre/lib/amd64/libjawt.so
7f1f0b8d8000-7f1f0b8d9000 rw-p 00000000 08:06 414495                     /usr/lib/jvm/java-8-oracle/jre/lib/amd64/libjawt.so
7f1f0b8d9000-7f1f0b8dc000 ---p 00000000 00:00 0 
7f1f0b8dc000-7f1f0b9da000 rw-p 00000000 00:00 0                          [stack:11195]
7f1f0b9da000-7f1f0b9df000 r-xp 00000000 08:06 522501                     /usr/lib/x86_64-linux-gnu/libXfixes.so.3.1.0
7f1f0b9df000-7f1f0bbde000 ---p 00005000 08:06 522501                     /usr/lib/x86_64-linux-gnu/libXfixes.so.3.1.0
7f1f0bbde000-7f1f0bbdf000 r--p 00004000 08:06 522501                     /usr/lib/x86_64-linux-gnu/libXfixes.so.3.1.0
7f1f0bbdf000-7f1f0bbe0000 rw-p 00005000 08:06 522501                     /usr/lib/x86_64-linux-gnu/libXfixes.so.3.1.0
7f1f0bbe0000-7f1f0bbe9000 r-xp 00000000 08:06 530071                     /usr/lib/x86_64-linux-gnu/libXcursor.so.1.0.2
7f1f0bbe9000-7f1f0bde8000 ---p 00009000 08:06 530071                     /usr/lib/x86_64-linux-gnu/libXcursor.so.1.0.2
7f1f0bde8000-7f1f0bde9000 r--p 00008000 08:06 530071                     /usr/lib/x86_64-linux-gnu/libXcursor.so.1.0.2
7f1f0bde9000-7f1f0bdea000 rw-p 00009000 08:06 530071                     /usr/lib/x86_64-linux-gnu/libXcursor.so.1.0.2
7f1f0bdea000-7f1f0be00000 r-xp 00000000 08:06 265567                     /lib/x86_64-linux-gnu/libgcc_s.so.1
7f1f0be00000-7f1f0bfff000 ---p 00016000 08:06 265567                     /lib/x86_64-linux-gnu/libgcc_s.so.1
7f1f0bfff000-7f1f0c000000 rw-p 00015000 08:06 265567                     /lib/x86_64-linux-gnu/libgcc_s.so.1
7f1f0c000000-7f1f0c021000 rw-p 00000000 00:00 0 
7f1f0c021000-7f1f10000000 ---p 00000000 00:00 0 
7f1f10000000-7f1f103c5000 rw-p 00000000 00:00 0 
7f1f103c5000-7f1f14000000 ---p 00000000 00:00 0 
7f1f14000000-7f1f143ef000 rw-p 00000000 00:00 0 
7f1f143ef000-7f1f18000000 ---p 00000000 00:00 0 
7f1f18000000-7f1f18021000 rw-p 00000000 00:00 0 
7f1f18021000-7f1f1c000000 ---p 00000000 00:00 0 
7f1f1c000000-7f1f1c93e000 rw-p 00000000 00:00 0 
7f1f1c93e000-7f1f20000000 ---p 00000000 00:00 0 
7f1f20000000-7f1f213a5000 rw-p 00000000 00:00 0 
7f1f213a5000-7f1f24000000 ---p 00000000 00:00 0 
7f1f24000000-7f1f24021000 rw-p 00000000 00:00 0 
7f1f24021000-7f1f28000000 ---p 00000000 00:00 0 
7f1f28000000-7f1f28021000 rw-p 00000000 00:00 0 
7f1f28021000-7f1f2c000000 ---p 00000000 00:00 0 
7f1f2c000000-7f1f2c029000 rw-p 00000000 00:00 0 
7f1f2c029000-7f1f30000000 ---p 00000000 00:00 0 
7f1f30000000-7f1f30021000 rw-p 00000000 00:00 0 
7f1f30021000-7f1f34000000 ---p 00000000 00:00 0 
7f1f34000000-7f1f34021000 rw-p 00000000 00:00 0 
7f1f34021000-7f1f38000000 ---p 00000000 00:00 0 
7f1f38000000-7f1f38021000 rw-p 00000000 00:00 0 
7f1f38021000-7f1f3c000000 ---p 00000000 00:00 0 
7f1f3c000000-7f1f3c021000 rw-p 00000000 00:00 0 
7f1f3c021000-7f1f40000000 ---p 00000000 00:00 0 
7f1f4007e000-7f1f40081000 ---p 00000000 00:00 0 
7f1f40081000-7f1f4017f000 rw-p 00000000 00:00 0                          [stack:11194]
7f1f4017f000-7f1f401e4000 r-xp 00000000 08:06 414526                     /usr/lib/jvm/java-8-oracle/jre/lib/amd64/libfontmanager.so
7f1f401e4000-7f1f403e4000 ---p 00065000 08:06 414526                     /usr/lib/jvm/java-8-oracle/jre/lib/amd64/libfontmanager.so
7f1f403e4000-7f1f403e8000 rw-p 00065000 08:06 414526                     /usr/lib/jvm/java-8-oracle/jre/lib/amd64/libfontmanager.so
7f1f403e8000-7f1f403f9000 rw-p 00000000 00:00 0 
7f1f403f9000-7f1f403fe000 r-xp 00000000 08:06 530075                     /usr/lib/x86_64-linux-gnu/libXdmcp.so.6.0.0
7f1f403fe000-7f1f405fd000 ---p 00005000 08:06 530075                     /usr/lib/x86_64-linux-gnu/libXdmcp.so.6.0.0
7f1f405fd000-7f1f405fe000 r--p 00004000 08:06 530075                     /usr/lib/x86_64-linux-gnu/libXdmcp.so.6.0.0
7f1f405fe000-7f1f405ff000 rw-p 00005000 08:06 530075                     /usr/lib/x86_64-linux-gnu/libXdmcp.so.6.0.0
7f1f405ff000-7f1f40601000 r-xp 00000000 08:06 530064                     /usr/lib/x86_64-linux-gnu/libXau.so.6.0.0
7f1f40601000-7f1f40801000 ---p 00002000 08:06 530064                     /usr/lib/x86_64-linux-gnu/libXau.so.6.0.0
7f1f40801000-7f1f40802000 r--p 00002000 08:06 530064                     /usr/lib/x86_64-linux-gnu/libXau.so.6.0.0
7f1f40802000-7f1f40803000 rw-p 00003000 08:06 530064                     /usr/lib/x86_64-linux-gnu/libXau.so.6.0.0
7f1f40803000-7f1f40820000 r-xp 00000000 08:06 531132                     /usr/lib/x86_64-linux-gnu/libxcb.so.1.1.0
7f1f40820000-7f1f40a20000 ---p 0001d000 08:06 531132                     /usr/lib/x86_64-linux-gnu/libxcb.so.1.1.0
7f1f40a20000-7f1f40a21000 r--p 0001d000 08:06 531132                     /usr/lib/x86_64-linux-gnu/libxcb.so.1.1.0
7f1f40a21000-7f1f40a22000 rw-p 0001e000 08:06 531132                     /usr/lib/x86_64-linux-gnu/libxcb.so.1.1.0
7f1f40a22000-7f1f40a31000 r-xp 00000000 08:06 522608                     /usr/lib/x86_64-linux-gnu/libXi.so.6.1.0
7f1f40a31000-7f1f40c30000 ---p 0000f000 08:06 522608                     /usr/lib/x86_64-linux-gnu/libXi.so.6.1.0
7f1f40c30000-7f1f40c31000 r--p 0000e000 08:06 522608                     /usr/lib/x86_64-linux-gnu/libXi.so.6.1.0
7f1f40c31000-7f1f40c32000 rw-p 0000f000 08:06 522608                     /usr/lib/x86_64-linux-gnu/libXi.so.6.1.0
7f1f40c32000-7f1f40c37000 r-xp 00000000 08:06 530105                     /usr/lib/x86_64-linux-gnu/libXtst.so.6.1.0
7f1f40c37000-7f1f40e36000 ---p 00005000 08:06 530105                     /usr/lib/x86_64-linux-gnu/libXtst.so.6.1.0
7f1f40e36000-7f1f40e37000 r--p 00004000 08:06 530105                     /usr/lib/x86_64-linux-gnu/libXtst.so.6.1.0
7f1f40e37000-7f1f40e38000 rw-p 00005000 08:06 530105                     /usr/lib/x86_64-linux-gnu/libXtst.so.6.1.0
7f1f40e38000-7f1f40e41000 r-xp 00000000 08:06 522612                     /usr/lib/x86_64-linux-gnu/libXrender.so.1.3.0
7f1f40e41000-7f1f41040000 ---p 00009000 08:06 522612                     /usr/lib/x86_64-linux-gnu/libXrender.so.1.3.0
7f1f41040000-7f1f41041000 r--p 00008000 08:06 522612                     /usr/lib/x86_64-linux-gnu/libXrender.so.1.3.0
7f1f41041000-7f1f41042000 rw-p 00009000 08:06 522612                     /usr/lib/x86_64-linux-gnu/libXrender.so.1.3.0
7f1f41042000-7f1f41172000 r-xp 00000000 08:06 530060                     /usr/lib/x86_64-linux-gnu/libX11.so.6.3.0
7f1f41172000-7f1f41372000 ---p 00130000 08:06 530060                     /usr/lib/x86_64-linux-gnu/libX11.so.6.3.0
7f1f41372000-7f1f41373000 r--p 00130000 08:06 530060                     /usr/lib/x86_64-linux-gnu/libX11.so.6.3.0
7f1f41373000-7f1f41377000 rw-p 00131000 08:06 530060                     /usr/lib/x86_64-linux-gnu/libX11.so.6.3.0
7f1f41377000-7f1f41388000 r-xp 00000000 08:06 522564                     /usr/lib/x86_64-linux-gnu/libXext.so.6.4.0
7f1f41388000-7f1f41587000 ---p 00011000 08:06 522564                     /usr/lib/x86_64-linux-gnu/libXext.so.6.4.0
7f1f41587000-7f1f41588000 r--p 00010000 08:06 522564                     /usr/lib/x86_64-linux-gnu/libXext.so.6.4.0
7f1f41588000-7f1f41589000 rw-p 00011000 08:06 522564                     /usr/lib/x86_64-linux-gnu/libXext.so.6.4.0
7f1f41589000-7f1f415dd000 r-xp 00000000 08:06 414472                     /usr/lib/jvm/java-8-oracle/jre/lib/amd64/libawt_xawt.so
7f1f415dd000-7f1f417dd000 ---p 00054000 08:06 414472                     /usr/lib/jvm/java-8-oracle/jre/lib/amd64/libawt_xawt.so
7f1f417dd000-7f1f417e1000 rw-p 00054000 08:06 414472                     /usr/lib/jvm/java-8-oracle/jre/lib/amd64/libawt_xawt.so
7f1f417e1000-7f1f417e2000 rw-p 00000000 00:00 0 
7f1f417e2000-7f1f41884000 r-xp 00000000 08:06 414471                     /usr/lib/jvm/java-8-oracle/jre/lib/amd64/libawt.so
7f1f41884000-7f1f41a84000 ---p 000a2000 08:06 414471                     /usr/lib/jvm/java-8-oracle/jre/lib/amd64/libawt.so
7f1f41a84000-7f1f41a90000 rw-p 000a2000 08:06 414471                     /usr/lib/jvm/java-8-oracle/jre/lib/amd64/libawt.so
7f1f41a90000-7f1f41ab4000 rw-p 00000000 00:00 0 
7f1f41ab4000-7f1f41ab7000 ---p 00000000 00:00 0 
7f1f41ab7000-7f1f41bb5000 rw-p 00000000 00:00 0                          [stack:11193]
7f1f41bb5000-7f1f41bcb000 r-xp 00000000 08:06 414527                     /usr/lib/jvm/java-8-oracle/jre/lib/amd64/libnet.so
7f1f41bcb000-7f1f41dcb000 ---p 00016000 08:06 414527                     /usr/lib/jvm/java-8-oracle/jre/lib/amd64/libnet.so
7f1f41dcb000-7f1f41dcc000 rw-p 00016000 08:06 414527                     /usr/lib/jvm/java-8-oracle/jre/lib/amd64/libnet.so
7f1f41dcc000-7f1f41dcd000 ---p 00000000 00:00 0 
7f1f41dcd000-7f1f41ecd000 rw-p 00000000 00:00 0                          [stack:11167]
7f1f41ecd000-7f1f41ed0000 ---p 00000000 00:00 0 
7f1f41ed0000-7f1f41fce000 rw-p 00000000 00:00 0                          [stack:11166]
7f1f41fce000-7f1f41fd1000 ---p 00000000 00:00 0 
7f1f41fd1000-7f1f420cf000 rw-p 00000000 00:00 0                          [stack:11165]
7f1f420cf000-7f1f420d2000 ---p 00000000 00:00 0 
7f1f420d2000-7f1f44000000 rw-p 00000000 00:00 0                          [stack:11164]
7f1f44000000-7f1f44021000 rw-p 00000000 00:00 0 
7f1f44021000-7f1f48000000 ---p 00000000 00:00 0 
7f1f48095000-7f1f4809c000 r--s 00000000 08:06 671514                     /usr/lib/x86_64-linux-gnu/gconv/gconv-modules.cache
7f1f4809c000-7f1f4809f000 ---p 00000000 00:00 0 
7f1f4809f000-7f1f480d5000 rw-p 00000000 00:00 0 
7f1f480d5000-7f1f480d8000 ---p 00000000 00:00 0 
7f1f480d8000-7f1f481d6000 rw-p 00000000 00:00 0                          [stack:11163]
7f1f481d6000-7f1f481d9000 ---p 00000000 00:00 0 
7f1f481d9000-7f1f482d7000 rw-p 00000000 00:00 0                          [stack:11162]
7f1f482d7000-7f1f489fa000 r--p 00000000 08:06 397847                     /usr/lib/locale/locale-archive
7f1f489fa000-7f1f489fd000 ---p 00000000 00:00 0 
7f1f489fd000-7f1f48afb000 rw-p 00000000 00:00 0                          [stack:11161]
7f1f48afb000-7f1f48afe000 ---p 00000000 00:00 0 
7f1f48afe000-7f1f48bfc000 rw-p 00000000 00:00 0                          [stack:11160]
7f1f48bfc000-7f1f48bfd000 ---p 00000000 00:00 0 
7f1f48bfd000-7f1f49000000 rw-p 00000000 00:00 0                          [stack:11159]
7f1f49000000-7f1f493b0000 rwxp 00000000 00:00 0 
7f1f493b0000-7f1f58000000 ---p 00000000 00:00 0 
7f1f58000000-7f1f580e8000 rw-p 00000000 00:00 0 
7f1f580e8000-7f1f5c000000 ---p 00000000 00:00 0 
7f1f5c002000-7f1f5c007000 r--s 00096000 08:06 414462                     /usr/lib/jvm/java-8-oracle/jre/lib/jsse.jar
7f1f5c007000-7f1f5c016000 r--s 00115000 08:07 2097400                    /home/jony/.m2/repository/net/java/dev/jna/platform/3.5.2/platform-3.5.2.jar
7f1f5c016000-7f1f5c022000 r--s 00057000 08:07 2097396                    /home/jony/.m2/repository/uk/co/caprica/vlcj/3.9.0/vlcj-3.9.0.jar
7f1f5c022000-7f1f5cd04000 rw-p 00000000 00:00 0 
7f1f5cd04000-7f1f5cedd000 r--s 03d20000 08:06 414457                     /usr/lib/jvm/java-8-oracle/jre/lib/rt.jar
7f1f5cedd000-7f1f5d713000 rw-p 00000000 00:00 0 
7f1f5d713000-7f1f5d753000 ---p 00000000 00:00 0 
7f1f5d753000-7f1f5d936000 rw-p 00000000 00:00 0 
7f1f5d936000-7f1f5d937000 ---p 00000000 00:00 0 
7f1f5d937000-7f1f5da37000 rw-p 00000000 00:00 0                          [stack:11158]
7f1f5da37000-7f1f5da38000 ---p 00000000 00:00 0 
7f1f5da38000-7f1f5db38000 rw-p 00000000 00:00 0                          [stack:11157]
7f1f5db38000-7f1f5db39000 ---p 00000000 00:00 0 
7f1f5db39000-7f1f5dc39000 rw-p 00000000 00:00 0                          [stack:11156]
7f1f5dc39000-7f1f5dc3a000 ---p 00000000 00:00 0 
7f1f5dc3a000-7f1f5dd4f000 rw-p 00000000 00:00 0                          [stack:11155]
7f1f5dd4f000-7f1f5de7c000 ---p 00000000 00:00 0 
7f1f5de7c000-7f1f5de91000 rw-p 00000000 00:00 0 
7f1f5de91000-7f1f5dfbe000 ---p 00000000 00:00 0 
7f1f5dfbe000-7f1f5dfc9000 rw-p 00000000 00:00 0 
7f1f5dfc9000-7f1f5e05f000 ---p 00000000 00:00 0 
7f1f5e05f000-7f1f5e06f000 rw-p 00000000 00:00 0 
7f1f5e06f000-7f1f5e420000 ---p 00000000 00:00 0 
7f1f5e420000-7f1f5e43a000 r-xp 00000000 08:06 414518                     /usr/lib/jvm/java-8-oracle/jre/lib/amd64/libzip.so
7f1f5e43a000-7f1f5e63a000 ---p 0001a000 08:06 414518                     /usr/lib/jvm/java-8-oracle/jre/lib/amd64/libzip.so
7f1f5e63a000-7f1f5e63b000 rw-p 0001a000 08:06 414518                     /usr/lib/jvm/java-8-oracle/jre/lib/amd64/libzip.so
7f1f5e63b000-7f1f5e646000 r-xp 00000000 08:06 261141                     /lib/x86_64-linux-gnu/libnss_files-2.19.so
7f1f5e646000-7f1f5e845000 ---p 0000b000 08:06 261141                     /lib/x86_64-linux-gnu/libnss_files-2.19.so
7f1f5e845000-7f1f5e846000 r--p 0000a000 08:06 261141                     /lib/x86_64-linux-gnu/libnss_files-2.19.so
7f1f5e846000-7f1f5e847000 rw-p 0000b000 08:06 261141                     /lib/x86_64-linux-gnu/libnss_files-2.19.so
7f1f5e847000-7f1f5e852000 r-xp 00000000 08:06 265432                     /lib/x86_64-linux-gnu/libnss_nis-2.19.so
7f1f5e852000-7f1f5ea51000 ---p 0000b000 08:06 265432                     /lib/x86_64-linux-gnu/libnss_nis-2.19.so
7f1f5ea51000-7f1f5ea52000 r--p 0000a000 08:06 265432                     /lib/x86_64-linux-gnu/libnss_nis-2.19.so
7f1f5ea52000-7f1f5ea53000 rw-p 0000b000 08:06 265432                     /lib/x86_64-linux-gnu/libnss_nis-2.19.so
7f1f5ea53000-7f1f5ea6a000 r-xp 00000000 08:06 261216                     /lib/x86_64-linux-gnu/libnsl-2.19.so
7f1f5ea6a000-7f1f5ec69000 ---p 00017000 08:06 261216                     /lib/x86_64-linux-gnu/libnsl-2.19.so
7f1f5ec69000-7f1f5ec6a000 r--p 00016000 08:06 261216                     /lib/x86_64-linux-gnu/libnsl-2.19.so
7f1f5ec6a000-7f1f5ec6b000 rw-p 00017000 08:06 261216                     /lib/x86_64-linux-gnu/libnsl-2.19.so
7f1f5ec6b000-7f1f5ec6d000 rw-p 00000000 00:00 0 
7f1f5ec6d000-7f1f5ec76000 r-xp 00000000 08:06 261215                     /lib/x86_64-linux-gnu/libnss_compat-2.19.so
7f1f5ec76000-7f1f5ee75000 ---p 00009000 08:06 261215                     /lib/x86_64-linux-gnu/libnss_compat-2.19.so
7f1f5ee75000-7f1f5ee76000 r--p 00008000 08:06 261215                     /lib/x86_64-linux-gnu/libnss_compat-2.19.so
7f1f5ee76000-7f1f5ee77000 rw-p 00009000 08:06 261215                     /lib/x86_64-linux-gnu/libnss_compat-2.19.so
7f1f5ee77000-7f1f5eea1000 r-xp 00000000 08:06 414479                     /usr/lib/jvm/java-8-oracle/jre/lib/amd64/libjava.so
7f1f5eea1000-7f1f5f0a1000 ---p 0002a000 08:06 414479                     /usr/lib/jvm/java-8-oracle/jre/lib/amd64/libjava.so
7f1f5f0a1000-7f1f5f0a3000 rw-p 0002a000 08:06 414479                     /usr/lib/jvm/java-8-oracle/jre/lib/amd64/libjava.so
7f1f5f0a3000-7f1f5f0b0000 r-xp 00000000 08:06 414470                     /usr/lib/jvm/java-8-oracle/jre/lib/amd64/libverify.so
7f1f5f0b0000-7f1f5f2b0000 ---p 0000d000 08:06 414470                     /usr/lib/jvm/java-8-oracle/jre/lib/amd64/libverify.so
7f1f5f2b0000-7f1f5f2b2000 rw-p 0000d000 08:06 414470                     /usr/lib/jvm/java-8-oracle/jre/lib/amd64/libverify.so
7f1f5f2b2000-7f1f5f2b9000 r-xp 00000000 08:06 261224                     /lib/x86_64-linux-gnu/librt-2.19.so
7f1f5f2b9000-7f1f5f4b8000 ---p 00007000 08:06 261224                     /lib/x86_64-linux-gnu/librt-2.19.so
7f1f5f4b8000-7f1f5f4b9000 r--p 00006000 08:06 261224                     /lib/x86_64-linux-gnu/librt-2.19.so
7f1f5f4b9000-7f1f5f4ba000 rw-p 00007000 08:06 261224                     /lib/x86_64-linux-gnu/librt-2.19.so
7f1f5f4ba000-7f1f5f5bf000 r-xp 00000000 08:06 261137                     /lib/x86_64-linux-gnu/libm-2.19.so
7f1f5f5bf000-7f1f5f7be000 ---p 00105000 08:06 261137                     /lib/x86_64-linux-gnu/libm-2.19.so
7f1f5f7be000-7f1f5f7bf000 r--p 00104000 08:06 261137                     /lib/x86_64-linux-gnu/libm-2.19.so
7f1f5f7bf000-7f1f5f7c0000 rw-p 00105000 08:06 261137                     /lib/x86_64-linux-gnu/libm-2.19.so
7f1f5f7c0000-7f1f6047e000 r-xp 00000000 08:06 414502                     /usr/lib/jvm/java-8-oracle/jre/lib/amd64/server/libjvm.so
7f1f6047e000-7f1f6067d000 ---p 00cbe000 08:06 414502                     /usr/lib/jvm/java-8-oracle/jre/lib/amd64/server/libjvm.so
7f1f6067d000-7f1f60756000 rw-p 00cbd000 08:06 414502                     /usr/lib/jvm/java-8-oracle/jre/lib/amd64/server/libjvm.so
7f1f60756000-7f1f6079a000 rw-p 00000000 00:00 0 
7f1f6079a000-7f1f60955000 r-xp 00000000 08:06 261221                     /lib/x86_64-linux-gnu/libc-2.19.so
7f1f60955000-7f1f60b54000 ---p 001bb000 08:06 261221                     /lib/x86_64-linux-gnu/libc-2.19.so
7f1f60b54000-7f1f60b58000 r--p 001ba000 08:06 261221                     /lib/x86_64-linux-gnu/libc-2.19.so
7f1f60b58000-7f1f60b5a000 rw-p 001be000 08:06 261221                     /lib/x86_64-linux-gnu/libc-2.19.so
7f1f60b5a000-7f1f60b5f000 rw-p 00000000 00:00 0 
7f1f60b5f000-7f1f60b62000 r-xp 00000000 08:06 261152                     /lib/x86_64-linux-gnu/libdl-2.19.so
7f1f60b62000-7f1f60d61000 ---p 00003000 08:06 261152                     /lib/x86_64-linux-gnu/libdl-2.19.so
7f1f60d61000-7f1f60d62000 r--p 00002000 08:06 261152                     /lib/x86_64-linux-gnu/libdl-2.19.so
7f1f60d62000-7f1f60d63000 rw-p 00003000 08:06 261152                     /lib/x86_64-linux-gnu/libdl-2.19.so
7f1f60d63000-7f1f60d78000 r-xp 00000000 08:06 413769                     /usr/lib/jvm/java-8-oracle/lib/amd64/jli/libjli.so
7f1f60d78000-7f1f60f78000 ---p 00015000 08:06 413769                     /usr/lib/jvm/java-8-oracle/lib/amd64/jli/libjli.so
7f1f60f78000-7f1f60f79000 rw-p 00015000 08:06 413769                     /usr/lib/jvm/java-8-oracle/lib/amd64/jli/libjli.so
7f1f60f79000-7f1f60f92000 r-xp 00000000 08:06 261222                     /lib/x86_64-linux-gnu/libpthread-2.19.so
7f1f60f92000-7f1f61191000 ---p 00019000 08:06 261222                     /lib/x86_64-linux-gnu/libpthread-2.19.so
7f1f61191000-7f1f61192000 r--p 00018000 08:06 261222                     /lib/x86_64-linux-gnu/libpthread-2.19.so
7f1f61192000-7f1f61193000 rw-p 00019000 08:06 261222                     /lib/x86_64-linux-gnu/libpthread-2.19.so
7f1f61193000-7f1f61197000 rw-p 00000000 00:00 0 
7f1f61197000-7f1f611ba000 r-xp 00000000 08:06 261218                     /lib/x86_64-linux-gnu/ld-2.19.so
7f1f611bb000-7f1f611bf000 r--s 00112000 08:07 2359896                    /home/jony/.m2/repository/net/java/dev/jna/jna/4.2.1/jna-4.2.1.jar
7f1f611bf000-7f1f61291000 rw-p 00000000 00:00 0 
7f1f61291000-7f1f61294000 ---p 00000000 00:00 0 
7f1f61294000-7f1f61397000 rw-p 00000000 00:00 0                          [stack:11150]
7f1f61397000-7f1f61398000 rwxp 00000000 00:00 0 
7f1f61398000-7f1f61399000 r--s 00002000 08:07 1322282                    /home/jony/.m2/repository/org/slf4j/slf4j-simple/1.7.12/slf4j-simple-1.7.12.jar
7f1f61399000-7f1f6139a000 r--s 00007000 08:07 8522705                    /home/jony/.m2/repository/org/slf4j/slf4j-api/1.7.10/slf4j-api-1.7.10.jar
7f1f6139a000-7f1f613ad000 rw-p 00000000 00:00 0 
7f1f613ad000-7f1f613b5000 rw-s 00000000 08:06 522647                     /tmp/hsperfdata_jony/11148
7f1f613b5000-7f1f613b6000 rw-p 00000000 00:00 0 
7f1f613b6000-7f1f613b7000 r--p 00000000 00:00 0 
7f1f613b7000-7f1f613b9000 rw-p 00000000 00:00 0 
7f1f613b9000-7f1f613ba000 r--p 00022000 08:06 261218                     /lib/x86_64-linux-gnu/ld-2.19.so
7f1f613ba000-7f1f613bb000 rw-p 00023000 08:06 261218                     /lib/x86_64-linux-gnu/ld-2.19.so
7f1f613bb000-7f1f613bc000 rw-p 00000000 00:00 0 
7ffd0ce13000-7ffd0ce34000 rw-p 00000000 00:00 0                          [stack]
7ffd0ce54000-7ffd0ce56000 r-xp 00000000 00:00 0                          [vdso]
7ffd0ce56000-7ffd0ce58000 r--p 00000000 00:00 0                          [vvar]
ffffffffff600000-ffffffffff601000 r-xp 00000000 00:00 0                  [vsyscall]

VM Arguments:
jvm_args: -Dfile.encoding=UTF-8 
java_command: com.movieCart.server.ServerManager
java_class_path (initial): /home/jony/MovieCart/movieCart/target/classes:/home/jony/.m2/repository/uk/co/caprica/vlcj/3.9.0/vlcj-3.9.0.jar:/home/jony/.m2/repository/org/slf4j/slf4j-api/1.7.10/slf4j-api-1.7.10.jar:/home/jony/.m2/repository/net/java/dev/jna/platform/3.5.2/platform-3.5.2.jar:/home/jony/.m2/repository/net/java/dev/jna/jna/4.2.1/jna-4.2.1.jar:/home/jony/.m2/repository/org/slf4j/slf4j-simple/1.7.12/slf4j-simple-1.7.12.jar
Launcher Type: SUN_STANDARD

Environment Variables:
JAVA_HOME=/usr/lib/jvm/java-8-oracle
PATH=/home/jony/sys161/bin:/home/jony/sys161/tools/bin:/home/jony/bin:/usr/local/sbin:/usr/local/bin:/usr/sbin:/usr/bin:/sbin:/bin:/usr/games:/usr/local/games:/usr/lib/jvm/java-8-oracle/bin:/usr/lib/jvm/java-8-oracle/db/bin:/usr/lib/jvm/java-8-oracle/jre/bin
SHELL=/bin/bash
DISPLAY=:0

Signal Handlers:
SIGSEGV: [libjvm.so+0xaba2a0], sa_mask[0]=11111111011111111101111111111110, sa_flags=SA_RESTART|SA_SIGINFO
SIGBUS: [libjvm.so+0xaba2a0], sa_mask[0]=11111111011111111101111111111110, sa_flags=SA_RESTART|SA_SIGINFO
SIGFPE: [libjvm.so+0x917710], sa_mask[0]=11111111011111111101111111111110, sa_flags=SA_RESTART|SA_SIGINFO
SIGPIPE: [libjvm.so+0x917710], sa_mask[0]=11111111011111111101111111111110, sa_flags=SA_RESTART|SA_SIGINFO
SIGXFSZ: [libjvm.so+0x917710], sa_mask[0]=11111111011111111101111111111110, sa_flags=SA_RESTART|SA_SIGINFO
SIGILL: [libjvm.so+0x917710], sa_mask[0]=11111111011111111101111111111110, sa_flags=SA_RESTART|SA_SIGINFO
SIGUSR1: SIG_DFL, sa_mask[0]=00000000000000000000000000000000, sa_flags=none
SIGUSR2: [libjvm.so+0x918d40], sa_mask[0]=00100000000000000000000000000000, sa_flags=SA_RESTART|SA_SIGINFO
SIGHUP: [libjvm.so+0x91a140], sa_mask[0]=11111111011111111101111111111110, sa_flags=SA_RESTART|SA_SIGINFO
SIGINT: [libjvm.so+0x91a140], sa_mask[0]=11111111011111111101111111111110, sa_flags=SA_RESTART|SA_SIGINFO
SIGTERM: [libjvm.so+0x91a140], sa_mask[0]=11111111011111111101111111111110, sa_flags=SA_RESTART|SA_SIGINFO
SIGQUIT: [libjvm.so+0x91a140], sa_mask[0]=11111111011111111101111111111110, sa_flags=SA_RESTART|SA_SIGINFO


---------------  S Y S T E M  ---------------

OS:DISTRIB_ID=Ubuntu
DISTRIB_RELEASE=14.04
DISTRIB_CODENAME=trusty
DISTRIB_DESCRIPTION="Ubuntu 14.04.3 LTS"

uname:Linux 3.16.0-53-generic #72~14.04.1-Ubuntu SMP Fri Nov 6 18:17:23 UTC 2015 x86_64
libc:glibc 2.19 NPTL 2.19 
rlimit: STACK 8192k, CORE 0k, NPROC 15360, NOFILE 4096, AS infinity
load average:0.37 0.65 0.67

/proc/meminfo:
MemTotal:        3953704 kB
MemFree:         1059812 kB
MemAvailable:    1523468 kB
Buffers:          110268 kB
Cached:           685360 kB
SwapCached:        17180 kB
Active:          2285140 kB
Inactive:         395428 kB
Active(anon):    1898908 kB
Inactive(anon):   182996 kB
Active(file):     386232 kB
Inactive(file):   212432 kB
Unevictable:         104 kB
Mlocked:             104 kB
SwapTotal:       9764860 kB
SwapFree:        9572240 kB
Dirty:               632 kB
Writeback:             0 kB
AnonPages:       1879068 kB
Mapped:           228844 kB
Shmem:            196964 kB
Slab:              98228 kB
SReclaimable:      67852 kB
SUnreclaim:        30376 kB
KernelStack:        9552 kB
PageTables:        35628 kB
NFS_Unstable:          0 kB
Bounce:                0 kB
WritebackTmp:          0 kB
CommitLimit:    11741712 kB
Committed_AS:    5986388 kB
VmallocTotal:   34359738367 kB
VmallocUsed:      362076 kB
VmallocChunk:   34359365628 kB
HardwareCorrupted:     0 kB
AnonHugePages:    954368 kB
HugePages_Total:       0
HugePages_Free:        0
HugePages_Rsvd:        0
HugePages_Surp:        0
Hugepagesize:       2048 kB
DirectMap4k:       70304 kB
DirectMap2M:     4030464 kB


CPU:total 4 (2 cores per cpu, 2 threads per core) family 6 model 42 stepping 7, cmov, cx8, fxsr, mmx, sse, sse2, sse3, ssse3, sse4.1, sse4.2, popcnt, avx, aes, clmul, ht, tsc, tscinvbit

/proc/cpuinfo:
processor	: 0
vendor_id	: GenuineIntel
cpu family	: 6
model		: 42
model name	: Intel(R) Core(TM) i5-2430M CPU @ 2.40GHz
stepping	: 7
microcode	: 0x1a
cpu MHz		: 884.812
cache size	: 3072 KB
physical id	: 0
siblings	: 4
core id		: 0
cpu cores	: 2
apicid		: 0
initial apicid	: 0
fpu		: yes
fpu_exception	: yes
cpuid level	: 13
wp		: yes
flags		: fpu vme de pse tsc msr pae mce cx8 apic sep mtrr pge mca cmov pat pse36 clflush dts acpi mmx fxsr sse sse2 ss ht tm pbe syscall nx rdtscp lm constant_tsc arch_perfmon pebs bts rep_good nopl xtopology nonstop_tsc aperfmperf eagerfpu pni pclmulqdq dtes64 monitor ds_cpl vmx est tm2 ssse3 cx16 xtpr pdcm pcid sse4_1 sse4_2 x2apic popcnt tsc_deadline_timer aes xsave avx lahf_lm ida arat epb xsaveopt pln pts dtherm tpr_shadow vnmi flexpriority ept vpid
bogomips	: 4789.38
clflush size	: 64
cache_alignment	: 64
address sizes	: 36 bits physical, 48 bits virtual
power management:

processor	: 1
vendor_id	: GenuineIntel
cpu family	: 6
model		: 42
model name	: Intel(R) Core(TM) i5-2430M CPU @ 2.40GHz
stepping	: 7
microcode	: 0x1a
cpu MHz		: 809.062
cache size	: 3072 KB
physical id	: 0
siblings	: 4
core id		: 1
cpu cores	: 2
apicid		: 2
initial apicid	: 2
fpu		: yes
fpu_exception	: yes
cpuid level	: 13
wp		: yes
flags		: fpu vme de pse tsc msr pae mce cx8 apic sep mtrr pge mca cmov pat pse36 clflush dts acpi mmx fxsr sse sse2 ss ht tm pbe syscall nx rdtscp lm constant_tsc arch_perfmon pebs bts rep_good nopl xtopology nonstop_tsc aperfmperf eagerfpu pni pclmulqdq dtes64 monitor ds_cpl vmx est tm2 ssse3 cx16 xtpr pdcm pcid sse4_1 sse4_2 x2apic popcnt tsc_deadline_timer aes xsave avx lahf_lm ida arat epb xsaveopt pln pts dtherm tpr_shadow vnmi flexpriority ept vpid
bogomips	: 4789.38
clflush size	: 64
cache_alignment	: 64
address sizes	: 36 bits physical, 48 bits virtual
power management:

processor	: 2
vendor_id	: GenuineIntel
cpu family	: 6
model		: 42
model name	: Intel(R) Core(TM) i5-2430M CPU @ 2.40GHz
stepping	: 7
microcode	: 0x1a
cpu MHz		: 809.531
cache size	: 3072 KB
physical id	: 0
siblings	: 4
core id		: 0
cpu cores	: 2
apicid		: 1
initial apicid	: 1
fpu		: yes
fpu_exception	: yes
cpuid level	: 13
wp		: yes
flags		: fpu vme de pse tsc msr pae mce cx8 apic sep mtrr pge mca cmov pat pse36 clflush dts acpi mmx fxsr sse sse2 ss ht tm pbe syscall nx rdtscp lm constant_tsc arch_perfmon pebs bts rep_good nopl xtopology nonstop_tsc aperfmperf eagerfpu pni pclmulqdq dtes64 monitor ds_cpl vmx est tm2 ssse3 cx16 xtpr pdcm pcid sse4_1 sse4_2 x2apic popcnt tsc_deadline_timer aes xsave avx lahf_lm ida arat epb xsaveopt pln pts dtherm tpr_shadow vnmi flexpriority ept vpid
bogomips	: 4789.38
clflush size	: 64
cache_alignment	: 64
address sizes	: 36 bits physical, 48 bits virtual
power management:

processor	: 3
vendor_id	: GenuineIntel
cpu family	: 6
model		: 42
model name	: Intel(R) Core(TM) i5-2430M CPU @ 2.40GHz
stepping	: 7
microcode	: 0x1a
cpu MHz		: 799.968
cache size	: 3072 KB
physical id	: 0
siblings	: 4
core id		: 1
cpu cores	: 2
apicid		: 3
initial apicid	: 3
fpu		: yes
fpu_exception	: yes
cpuid level	: 13
wp		: yes
flags		: fpu vme de pse tsc msr pae mce cx8 apic sep mtrr pge mca cmov pat pse36 clflush dts acpi mmx fxsr sse sse2 ss ht tm pbe syscall nx rdtscp lm constant_tsc arch_perfmon pebs bts rep_good nopl xtopology nonstop_tsc aperfmperf eagerfpu pni pclmulqdq dtes64 monitor ds_cpl vmx est tm2 ssse3 cx16 xtpr pdcm pcid sse4_1 sse4_2 x2apic popcnt tsc_deadline_timer aes xsave avx lahf_lm ida arat epb xsaveopt pln pts dtherm tpr_shadow vnmi flexpriority ept vpid
bogomips	: 4789.38
clflush size	: 64
cache_alignment	: 64
address sizes	: 36 bits physical, 48 bits virtual
power management:



Memory: 4k page, physical 3953704k(1059812k free), swap 9764860k(9572240k free)

vm_info: Java HotSpot(TM) 64-Bit Server VM (25.66-b17) for linux-amd64 JRE (1.8.0_66-b17), built on Oct  6 2015 17:28:34 by "java_re" with gcc 4.3.0 20080428 (Red Hat 4.3.0-8)

time: Fri Nov 27 20:41:10 2015
elapsed time: 276 seconds (0d 0h 4m 36s)

