#
# A fatal error has been detected by the Java Runtime Environment:
#
#  SIGSEGV (0xb) at pc=0x00007fed818df414, pid=13602, tid=140658061793024
#
# JRE version: Java(TM) SE Runtime Environment (8.0_66-b17) (build 1.8.0_66-b17)
# Java VM: Java HotSpot(TM) 64-Bit Server VM (25.66-b17 mixed mode linux-amd64 compressed oops)
# Problematic frame:
# C  [libpthread.so.0+0xa414]  pthread_mutex_lock+0x4
#
# Failed to write core dump. Core dumps have been disabled. To enable core dumping, try "ulimit -c unlimited" before starting Java again
#
# If you would like to submit a bug report, please visit:
#   http://bugreport.java.com/bugreport/crash.jsp
# The crash happened outside the Java Virtual Machine in native code.
# See problematic frame for where to report the bug.
#

---------------  T H R E A D  ---------------

Current thread (0x00007fed7800a000):  JavaThread "main" [_thread_in_native, id=13608, stack(0x00007fed81bed000,0x00007fed81cee000)]

siginfo: si_signo: 11 (SIGSEGV), si_code: 128 (SI_KERNEL), si_addr: 0x0000000000000000

Registers:
RAX=0x00007fed61d84950, RBX=0x00007fed81cebcb0, RCX=0x000000000000015d, RDX=0x00007fed81cebca0
RSP=0x00007fed81cebc30, RBP=0x00007fed78297580, RSI=0x00007fed81cebc90, RDI=0x0000ffe900000000
R8 =0x00007fed81cebcb0, R9 =0x00000000000001fd, R10=0x00007fed78281530, R11=0x00007fed61e05d07
R12=0x00007fed81cebc8c, R13=0x00007fed81cebdc0, R14=0x00007fed81cebdb8, R15=0x00007fed7800a1f8
RIP=0x00007fed818df414, EFLAGS=0x0000000000010206, CSGSFS=0x0000000000000033, ERR=0x0000000000000000
  TRAPNO=0x000000000000000d

Top of Stack: (sp=0x00007fed81cebc30)
0x00007fed81cebc30:   00007fed81cebdb8 00007fed61d9e0da
0x00007fed81cebc40:   00007fed81cebc90 00007fed81cebca0
0x00007fed81cebc50:   00007fed784b87c0 00007fed784bed00
0x00007fed81cebc60:   00007fed782470d0 00007fed784b87c0
0x00007fed81cebc70:   00007fed784bed00 00007fed61d7ba42
0x00007fed81cebc80:   00007fed784b87c0 00007fed81b09515
0x00007fed81cebc90:   0000015e0000015d 696c436900000000
0x00007fed81cebca0:   0000015700000156 00007fed00000000
0x00007fed81cebcb0:   00007fed782470d0 00007fed784bed00
0x00007fed81cebcc0:   00007fed784bed00 00007fed81cebd20
0x00007fed81cebcd0:   00007fed784b87c0 00007fed622d0991
0x00007fed81cebce0:   00007fed7800a000 00007fed782470d0
0x00007fed81cebcf0:   00007fed7800a000 00007fed68d7f690
0x00007fed81cebd00:   0000000000000000 00007fed68d7f690
0x00007fed81cebd10:   00007fed81cebdd0 00007fed7800a000
0x00007fed81cebd20:   00007fed81cebd98 00007fed69015994
0x00007fed81cebd30:   00007fed68d7f690 0000000000000000
0x00007fed81cebd40:   00007fed81cebd98 00007fed69015727
0x00007fed81cebd50:   00007fed690156e2 00007fed81cebd58
0x00007fed81cebd60:   00007fed68d7f690 00007fed81cebdd0
0x00007fed81cebd70:   00007fed68d82c58 0000000000000000
0x00007fed81cebd80:   00007fed68d7f690 0000000000000000
0x00007fed81cebd90:   00007fed81cebdb8 00007fed81cebe18
0x00007fed81cebda0:   00007fed690079d0 00000000ece4ba28
0x00007fed81cebdb0:   00007fed6900f57b 00000000ebf7ea10
0x00007fed81cebdc0:   00000000ece7a7d8 00007fed782470d0
0x00007fed81cebdd0:   00007fed69007760 00007fed81cebdd8
0x00007fed81cebde0:   00007fed68d613c4 00007fed81cebe30
0x00007fed81cebdf0:   00007fed68d673b0 0000000000000000
0x00007fed81cebe00:   00007fed68d61468 00007fed81cebdb8
0x00007fed81cebe10:   00007fed81cebe38 00007fed81cebe78
0x00007fed81cebe20:   00007fed69007c4d 0000000000000000 

Instructions: (pc=0x00007fed818df414)
0x00007fed818df3f4:   0f 1f 40 00 c7 47 10 ff ff ff ff 31 c0 c3 66 2e
0x00007fed818df404:   0f 1f 84 00 00 00 00 00 0f 1f 40 00 48 83 ec 08
0x00007fed818df414:   8b 77 10 49 89 f8 89 f0 89 f2 25 7f 01 00 00 83
0x00007fed818df424:   e2 7c 0f 85 bf 00 00 00 85 c0 75 70 8b 15 ee 30 

Register to memory mapping:

RAX=0x00007fed61d84950: <offset 0x2a950> in /usr/lib/x86_64-linux-gnu/libX11.so.6 at 0x00007fed61d5a000
RBX=0x00007fed81cebcb0 is pointing into the stack for thread: 0x00007fed7800a000
RCX=0x000000000000015d is an unknown value
RDX=0x00007fed81cebca0 is pointing into the stack for thread: 0x00007fed7800a000
RSP=0x00007fed81cebc30 is pointing into the stack for thread: 0x00007fed7800a000
RBP=0x00007fed78297580 is an unknown value
RSI=0x00007fed81cebc90 is pointing into the stack for thread: 0x00007fed7800a000
RDI=0x0000ffe900000000 is an unknown value
R8 =0x00007fed81cebcb0 is pointing into the stack for thread: 0x00007fed7800a000
R9 =0x00000000000001fd is an unknown value
R10=0x00007fed78281530 is an unknown value
R11=0x00007fed61e05d07: <offset 0xabd07> in /usr/lib/x86_64-linux-gnu/libX11.so.6 at 0x00007fed61d5a000
R12=0x00007fed81cebc8c is pointing into the stack for thread: 0x00007fed7800a000
R13=0x00007fed81cebdc0 is pointing into the stack for thread: 0x00007fed7800a000
R14=0x00007fed81cebdb8 is pointing into the stack for thread: 0x00007fed7800a000
R15=0x00007fed7800a1f8 is an unknown value


Stack: [0x00007fed81bed000,0x00007fed81cee000],  sp=0x00007fed81cebc30,  free space=1019k
Native frames: (J=compiled Java code, j=interpreted, Vv=VM code, C=native code)
C  [libpthread.so.0+0xa414]  pthread_mutex_lock+0x4

Java frames: (J=compiled Java code, j=interpreted, Vv=VM code)
j  sun.awt.X11.XlibWrapper.XGetDefault(JLjava/lang/String;Ljava/lang/String;)Ljava/lang/String;+0
j  sun.awt.X11.XToolkit.initializeMultiClickTime()V+12
j  sun.awt.X11.XToolkit.getMultiClickTime()I+6
j  sun.awt.X11.XToolkit.initializeDesktopProperties()V+82
j  java.awt.Toolkit.getDesktopProperty(Ljava/lang/String;)Ljava/lang/Object;+32
j  sun.swing.SwingUtilities2$AATextInfo.getAATextInfo(Z)Lsun/swing/SwingUtilities2$AATextInfo;+11
j  javax.swing.plaf.metal.MetalLookAndFeel.initComponentDefaults(Ljavax/swing/UIDefaults;)V+12062
j  javax.swing.plaf.basic.BasicLookAndFeel.getDefaults()Ljavax/swing/UIDefaults;+25
j  javax.swing.plaf.metal.MetalLookAndFeel.getDefaults()Ljavax/swing/UIDefaults;+9
j  javax.swing.UIManager.setLookAndFeel(Ljavax/swing/LookAndFeel;)V+79
j  javax.swing.UIManager.setLookAndFeel(Ljava/lang/String;)V+16
j  javax.swing.UIManager.initializeDefaultLAF(Ljava/util/Properties;)V+55
j  javax.swing.UIManager.initialize()V+9
j  javax.swing.UIManager.maybeInitialize()V+22
j  javax.swing.UIManager.getUI(Ljavax/swing/JComponent;)Ljavax/swing/plaf/ComponentUI;+0
j  javax.swing.JPanel.updateUI()V+2
j  javax.swing.JPanel.<init>(Ljava/awt/LayoutManager;Z)V+24
j  javax.swing.JPanel.<init>(Z)V+9
j  javax.swing.JPanel.<init>()V+2
j  javax.swing.JRootPane.createGlassPane()Ljava/awt/Component;+4
j  javax.swing.JRootPane.<init>()V+11
j  javax.swing.JFrame.createRootPane()Ljavax/swing/JRootPane;+4
j  javax.swing.JFrame.frameInit()V+16
j  javax.swing.JFrame.<init>()V+20
j  com.movieCart.MainFrame.<init>()V+1
j  com.movieCart.MainFrame.main([Ljava/lang/String;)V+25
v  ~StubRoutines::call_stub

---------------  P R O C E S S  ---------------

Java Threads: ( => current thread )
  0x00007fed782a3000 JavaThread "AWT-XAWT" daemon [_thread_in_native, id=13625, stack(0x00007fed60557000,0x00007fed60658000)]
  0x00007fed7827e800 JavaThread "Java2D Disposer" daemon [_thread_blocked, id=13624, stack(0x00007fed60a68000,0x00007fed60b69000)]
  0x00007fed7822e000 JavaThread "process reaper" daemon [_thread_blocked, id=13623, stack(0x00007fed68028000,0x00007fed68061000)]
  0x00007fed780bf800 JavaThread "Service Thread" daemon [_thread_blocked, id=13620, stack(0x00007fed628cd000,0x00007fed629ce000)]
  0x00007fed780ba800 JavaThread "C1 CompilerThread2" daemon [_thread_blocked, id=13619, stack(0x00007fed629ce000,0x00007fed62acf000)]
  0x00007fed780b9000 JavaThread "C2 CompilerThread1" daemon [_thread_blocked, id=13618, stack(0x00007fed62acf000,0x00007fed62bd0000)]
  0x00007fed780b6000 JavaThread "C2 CompilerThread0" daemon [_thread_blocked, id=13617, stack(0x00007fed62bd0000,0x00007fed62cd1000)]
  0x00007fed780b4800 JavaThread "Signal Dispatcher" daemon [_thread_blocked, id=13616, stack(0x00007fed62cd1000,0x00007fed62dd2000)]
  0x00007fed7807f000 JavaThread "Finalizer" daemon [_thread_blocked, id=13615, stack(0x00007fed634f5000,0x00007fed635f6000)]
  0x00007fed7807c800 JavaThread "Reference Handler" daemon [_thread_blocked, id=13614, stack(0x00007fed635f6000,0x00007fed636f7000)]
=>0x00007fed7800a000 JavaThread "main" [_thread_in_native, id=13608, stack(0x00007fed81bed000,0x00007fed81cee000)]

Other Threads:
  0x00007fed78077800 VMThread [stack: 0x00007fed636f7000,0x00007fed637f8000] [id=13613]
  0x00007fed780c2800 WatcherThread [stack: 0x00007fed627cc000,0x00007fed628cd000] [id=13621]

VM state:not at safepoint (normal execution)

VM Mutex/Monitor currently owned by a thread: None

Heap:
 PSYoungGen      total 18432K, used 3765K [0x00000000ebe00000, 0x00000000ed280000, 0x0000000100000000)
  eden space 15872K, 10% used [0x00000000ebe00000,0x00000000ebfa7998,0x00000000ecd80000)
  from space 2560K, 80% used [0x00000000ecd80000,0x00000000ecf85d80,0x00000000ed000000)
  to   space 2560K, 0% used [0x00000000ed000000,0x00000000ed000000,0x00000000ed280000)
 ParOldGen       total 42496K, used 8K [0x00000000c3a00000, 0x00000000c6380000, 0x00000000ebe00000)
  object space 42496K, 0% used [0x00000000c3a00000,0x00000000c3a02000,0x00000000c6380000)
 Metaspace       used 9227K, capacity 9414K, committed 9600K, reserved 1058816K
  class space    used 1068K, capacity 1128K, committed 1152K, reserved 1048576K

Card table byte_map: [0x00007fed7e7d8000,0x00007fed7e9bc000] byte_map_base: 0x00007fed7e1bb000

Marking Bits: (ParMarkBitMap*) 0x00007fed810cb020
 Begin Bits: [0x00007fed7c462000, 0x00007fed7d37a000)
 End Bits:   [0x00007fed7d37a000, 0x00007fed7e292000)

Polling page: 0x00007fed81d12000

CodeCache: size=245760Kb used=2658Kb max_used=2658Kb free=243101Kb
 bounds [0x00007fed69000000, 0x00007fed692a0000, 0x00007fed78000000]
 total_blobs=1081 nmethods=639 adapters=356
 compilation: enabled

Compilation events (10 events):
Event: 15.137 Thread 0x00007fed780ba800  635       3       java.lang.invoke.MethodType$ConcurrentWeakInternSet$WeakEntry::equals (49 bytes)
Event: 15.138 Thread 0x00007fed780ba800 nmethod 635 0x00007fed69297b90 code [0x00007fed69297d20, 0x00007fed69298368]
Event: 15.138 Thread 0x00007fed780ba800  636       1       java.lang.reflect.Constructor::getDeclaringClass (5 bytes)
Event: 15.138 Thread 0x00007fed780ba800 nmethod 636 0x00007fed69298490 code [0x00007fed692985e0, 0x00007fed692986f0]
Event: 15.138 Thread 0x00007fed780ba800  637       3       jdk.internal.org.objectweb.asm.Label::<init> (5 bytes)
Event: 15.139 Thread 0x00007fed780ba800 nmethod 637 0x00007fed69298750 code [0x00007fed692988c0, 0x00007fed69298a70]
Event: 15.139 Thread 0x00007fed780ba800  638       3       jdk.internal.org.objectweb.asm.Label::resolve (214 bytes)
Event: 15.139 Thread 0x00007fed780ba800 nmethod 638 0x00007fed69298b10 code [0x00007fed69298ca0, 0x00007fed69299170]
Event: 15.139 Thread 0x00007fed780ba800  639       3       jdk.internal.org.objectweb.asm.Item::<init> (5 bytes)
Event: 15.139 Thread 0x00007fed780ba800 nmethod 639 0x00007fed692995d0 code [0x00007fed69299740, 0x00007fed692998f0]

GC Heap History (2 events):
Event: 14.896 GC heap before
{Heap before GC invocations=1 (full 0):
 PSYoungGen      total 18432K, used 15872K [0x00000000ebe00000, 0x00000000ed280000, 0x0000000100000000)
  eden space 15872K, 100% used [0x00000000ebe00000,0x00000000ecd80000,0x00000000ecd80000)
  from space 2560K, 0% used [0x00000000ed000000,0x00000000ed000000,0x00000000ed280000)
  to   space 2560K, 0% used [0x00000000ecd80000,0x00000000ecd80000,0x00000000ed000000)
 ParOldGen       total 42496K, used 0K [0x00000000c3a00000, 0x00000000c6380000, 0x00000000ebe00000)
  object space 42496K, 0% used [0x00000000c3a00000,0x00000000c3a00000,0x00000000c6380000)
 Metaspace       used 8369K, capacity 8562K, committed 8832K, reserved 1056768K
  class space    used 967K, capacity 1056K, committed 1152K, reserved 1048576K
Event: 14.923 GC heap after
Heap after GC invocations=1 (full 0):
 PSYoungGen      total 18432K, used 2071K [0x00000000ebe00000, 0x00000000ed280000, 0x0000000100000000)
  eden space 15872K, 0% used [0x00000000ebe00000,0x00000000ebe00000,0x00000000ecd80000)
  from space 2560K, 80% used [0x00000000ecd80000,0x00000000ecf85d80,0x00000000ed000000)
  to   space 2560K, 0% used [0x00000000ed000000,0x00000000ed000000,0x00000000ed280000)
 ParOldGen       total 42496K, used 8K [0x00000000c3a00000, 0x00000000c6380000, 0x00000000ebe00000)
  object space 42496K, 0% used [0x00000000c3a00000,0x00000000c3a02000,0x00000000c6380000)
 Metaspace       used 8369K, capacity 8562K, committed 8832K, reserved 1056768K
  class space    used 967K, capacity 1056K, committed 1152K, reserved 1048576K
}

Deoptimization events (9 events):
Event: 1.104 Thread 0x00007fed7800a000 Uncommon trap: reason=predicate action=maybe_recompile pc=0x00007fed69197e90 method=java.util.regex.Pattern$Slice.match(Ljava/util/regex/Matcher;ILjava/lang/CharSequence;)Z @ 21
Event: 1.143 Thread 0x00007fed7800a000 Uncommon trap: reason=unstable_if action=reinterpret pc=0x00007fed691a1c78 method=java.io.File.getName()Ljava/lang/String; @ 16
Event: 1.143 Thread 0x00007fed7800a000 Uncommon trap: reason=unstable_if action=reinterpret pc=0x00007fed691a4b30 method=java.lang.String.substring(I)Ljava/lang/String; @ 35
Event: 1.223 Thread 0x00007fed7800a000 Uncommon trap: reason=unstable_if action=reinterpret pc=0x00007fed691b4594 method=java.lang.String.replace(CC)Ljava/lang/String; @ 26
Event: 3.386 Thread 0x00007fed7800a000 Uncommon trap: reason=class_check action=maybe_recompile pc=0x00007fed69239568 method=java.io.DataOutputStream.writeByte(I)V @ 5
Event: 3.386 Thread 0x00007fed7800a000 Uncommon trap: reason=class_check action=maybe_recompile pc=0x00007fed69239568 method=java.io.DataOutputStream.writeByte(I)V @ 5
Event: 3.386 Thread 0x00007fed7800a000 Uncommon trap: reason=class_check action=maybe_recompile pc=0x00007fed69239568 method=java.io.DataOutputStream.writeByte(I)V @ 5
Event: 3.386 Thread 0x00007fed7800a000 Uncommon trap: reason=class_check action=maybe_recompile pc=0x00007fed69239568 method=java.io.DataOutputStream.writeByte(I)V @ 5
Event: 14.930 Thread 0x00007fed7800a000 Uncommon trap: reason=unstable_if action=reinterpret pc=0x00007fed6920b51c method=java.lang.ref.SoftReference.get()Ljava/lang/Object; @ 17

Internal exceptions (10 events):
Event: 0.698 Thread 0x00007fed7800a000 Exception <a 'java/io/FileNotFoundException'> (0x00000000ec098a28) thrown at [/HUDSON/workspace/8-2-build-linux-amd64/jdk8u66/4988/hotspot/src/share/vm/prims/jni.cpp, line 709]
Event: 0.766 Thread 0x00007fed7800a000 Exception <a 'java/security/PrivilegedActionException'> (0x00000000ec0aa028) thrown at [/HUDSON/workspace/8-2-build-linux-amd64/jdk8u66/4988/hotspot/src/share/vm/prims/jvm.cpp, line 1386]
Event: 0.766 Thread 0x00007fed7800a000 Exception <a 'java/security/PrivilegedActionException'> (0x00000000ec0aa238) thrown at [/HUDSON/workspace/8-2-build-linux-amd64/jdk8u66/4988/hotspot/src/share/vm/prims/jvm.cpp, line 1386]
Event: 0.766 Thread 0x00007fed7800a000 Exception <a 'java/security/PrivilegedActionException'> (0x00000000ec0aaf00) thrown at [/HUDSON/workspace/8-2-build-linux-amd64/jdk8u66/4988/hotspot/src/share/vm/prims/jvm.cpp, line 1386]
Event: 0.767 Thread 0x00007fed7800a000 Exception <a 'java/security/PrivilegedActionException'> (0x00000000ec0ab110) thrown at [/HUDSON/workspace/8-2-build-linux-amd64/jdk8u66/4988/hotspot/src/share/vm/prims/jvm.cpp, line 1386]
Event: 0.767 Thread 0x00007fed7800a000 Exception <a 'java/security/PrivilegedActionException'> (0x00000000ec0abe00) thrown at [/HUDSON/workspace/8-2-build-linux-amd64/jdk8u66/4988/hotspot/src/share/vm/prims/jvm.cpp, line 1386]
Event: 0.767 Thread 0x00007fed7800a000 Exception <a 'java/security/PrivilegedActionException'> (0x00000000ec0ac010) thrown at [/HUDSON/workspace/8-2-build-linux-amd64/jdk8u66/4988/hotspot/src/share/vm/prims/jvm.cpp, line 1386]
Event: 0.777 Thread 0x00007fed7800a000 Exception <a 'java/lang/NoClassDefFoundError': org/slf4j/impl/StaticLoggerBinder> (0x00000000ec0d1888) thrown at [/HUDSON/workspace/8-2-build-linux-amd64/jdk8u66/4988/hotspot/src/share/vm/classfile/systemDictionary.cpp, line 199]
Event: 2.677 Thread 0x00007fed7800a000 Exception <a 'java/lang/UnsatisfiedLinkError': libvlc.so: cannot open shared object file: No such file or directory> (0x00000000ec7d85b8) thrown at [/HUDSON/workspace/8-2-build-linux-amd64/jdk8u66/4988/hotspot/src/share/vm/prims/jni.cpp, line 735]
Event: 2.677 Thread 0x00007fed7800a000 Exception <a 'java/lang/UnsatisfiedLinkError': libvlc.so: cannot open shared object file: No such file or directory> (0x00000000ec7dab18) thrown at [/HUDSON/workspace/8-2-build-linux-amd64/jdk8u66/4988/hotspot/src/share/vm/prims/jni.cpp, line 735]

Events (10 events):
Event: 15.132 loading class javax/swing/plaf/DimensionUIResource
Event: 15.132 loading class javax/swing/plaf/DimensionUIResource done
Event: 15.132 loading class javax/swing/UIDefaults$LazyInputMap
Event: 15.132 loading class javax/swing/UIDefaults$LazyInputMap done
Event: 15.135 loading class javax/swing/plaf/metal/MetalLookAndFeel$FontActiveValue
Event: 15.135 loading class javax/swing/plaf/metal/MetalLookAndFeel$FontActiveValue done
Event: 15.139 loading class sun/swing/SwingUtilities2$AATextInfo
Event: 15.139 loading class sun/swing/SwingUtilities2$AATextInfo done
Event: 15.139 loading class sun/awt/HeadlessToolkit
Event: 15.139 loading class sun/awt/HeadlessToolkit done


Dynamic libraries:
00400000-00401000 r-xp 00000000 08:06 411928                             /usr/lib/jvm/java-8-oracle/bin/java
00600000-00601000 rw-p 00000000 08:06 411928                             /usr/lib/jvm/java-8-oracle/bin/java
00807000-00828000 rw-p 00000000 00:00 0                                  [heap]
c3a00000-c6380000 rw-p 00000000 00:00 0 
c6380000-ebe00000 ---p 00000000 00:00 0 
ebe00000-ed280000 rw-p 00000000 00:00 0 
ed280000-100000000 ---p 00000000 00:00 0 
100000000-100120000 rw-p 00000000 00:00 0 
100120000-140000000 ---p 00000000 00:00 0 
7fed1be00000-7fed1be40000 rw-p 00000000 00:00 0 
7fed1be40000-7fed1c000000 ---p 00000000 00:00 0 
7fed1c000000-7fed1c021000 rw-p 00000000 00:00 0 
7fed1c021000-7fed20000000 ---p 00000000 00:00 0 
7fed2013b000-7fed2013f000 r-xp 00000000 08:06 265517                     /lib/x86_64-linux-gnu/libuuid.so.1.3.0
7fed2013f000-7fed2033e000 ---p 00004000 08:06 265517                     /lib/x86_64-linux-gnu/libuuid.so.1.3.0
7fed2033e000-7fed2033f000 r--p 00003000 08:06 265517                     /lib/x86_64-linux-gnu/libuuid.so.1.3.0
7fed2033f000-7fed20340000 rw-p 00004000 08:06 265517                     /lib/x86_64-linux-gnu/libuuid.so.1.3.0
7fed20340000-7fed20347000 r-xp 00000000 08:06 530346                     /usr/lib/x86_64-linux-gnu/libffi.so.6.0.1
7fed20347000-7fed20546000 ---p 00007000 08:06 530346                     /usr/lib/x86_64-linux-gnu/libffi.so.6.0.1
7fed20546000-7fed20547000 r--p 00006000 08:06 530346                     /usr/lib/x86_64-linux-gnu/libffi.so.6.0.1
7fed20547000-7fed20548000 rw-p 00007000 08:06 530346                     /usr/lib/x86_64-linux-gnu/libffi.so.6.0.1
7fed20548000-7fed20585000 r-xp 00000000 08:06 265436                     /lib/x86_64-linux-gnu/libpcre.so.3.13.1
7fed20585000-7fed20784000 ---p 0003d000 08:06 265436                     /lib/x86_64-linux-gnu/libpcre.so.3.13.1
7fed20784000-7fed20785000 r--p 0003c000 08:06 265436                     /lib/x86_64-linux-gnu/libpcre.so.3.13.1
7fed20785000-7fed20786000 rw-p 0003d000 08:06 265436                     /lib/x86_64-linux-gnu/libpcre.so.3.13.1
7fed20786000-7fed207e5000 r-xp 00000000 08:06 530103                     /usr/lib/x86_64-linux-gnu/libXt.so.6.0.0
7fed207e5000-7fed209e5000 ---p 0005f000 08:06 530103                     /usr/lib/x86_64-linux-gnu/libXt.so.6.0.0
7fed209e5000-7fed209e6000 r--p 0005f000 08:06 530103                     /usr/lib/x86_64-linux-gnu/libXt.so.6.0.0
7fed209e6000-7fed209eb000 rw-p 00060000 08:06 530103                     /usr/lib/x86_64-linux-gnu/libXt.so.6.0.0
7fed209eb000-7fed209ec000 rw-p 00000000 00:00 0 
7fed209ec000-7fed20a13000 r-xp 00000000 08:06 265110                     /lib/x86_64-linux-gnu/libexpat.so.1.6.0
7fed20a13000-7fed20c13000 ---p 00027000 08:06 265110                     /lib/x86_64-linux-gnu/libexpat.so.1.6.0
7fed20c13000-7fed20c15000 r--p 00027000 08:06 265110                     /lib/x86_64-linux-gnu/libexpat.so.1.6.0
7fed20c15000-7fed20c16000 rw-p 00029000 08:06 265110                     /lib/x86_64-linux-gnu/libexpat.so.1.6.0
7fed20c16000-7fed20c2d000 r-xp 00000000 08:06 529934                     /usr/lib/x86_64-linux-gnu/libICE.so.6.3.0
7fed20c2d000-7fed20e2c000 ---p 00017000 08:06 529934                     /usr/lib/x86_64-linux-gnu/libICE.so.6.3.0
7fed20e2c000-7fed20e2d000 r--p 00016000 08:06 529934                     /usr/lib/x86_64-linux-gnu/libICE.so.6.3.0
7fed20e2d000-7fed20e2e000 rw-p 00017000 08:06 529934                     /usr/lib/x86_64-linux-gnu/libICE.so.6.3.0
7fed20e2e000-7fed20e32000 rw-p 00000000 00:00 0 
7fed20e32000-7fed20e39000 r-xp 00000000 08:06 530056                     /usr/lib/x86_64-linux-gnu/libSM.so.6.0.1
7fed20e39000-7fed21038000 ---p 00007000 08:06 530056                     /usr/lib/x86_64-linux-gnu/libSM.so.6.0.1
7fed21038000-7fed21039000 r--p 00006000 08:06 530056                     /usr/lib/x86_64-linux-gnu/libSM.so.6.0.1
7fed21039000-7fed2103a000 rw-p 00007000 08:06 530056                     /usr/lib/x86_64-linux-gnu/libSM.so.6.0.1
7fed2103a000-7fed21089000 r-xp 00000000 08:06 530475                     /usr/lib/x86_64-linux-gnu/libgobject-2.0.so.0.4002.0
7fed21089000-7fed21289000 ---p 0004f000 08:06 530475                     /usr/lib/x86_64-linux-gnu/libgobject-2.0.so.0.4002.0
7fed21289000-7fed2128a000 r--p 0004f000 08:06 530475                     /usr/lib/x86_64-linux-gnu/libgobject-2.0.so.0.4002.0
7fed2128a000-7fed2128b000 rw-p 00050000 08:06 530475                     /usr/lib/x86_64-linux-gnu/libgobject-2.0.so.0.4002.0
7fed2128b000-7fed21328000 r-xp 00000000 08:06 539648                     /usr/lib/x86_64-linux-gnu/libfreetype.so.6.11.1
7fed21328000-7fed21527000 ---p 0009d000 08:06 539648                     /usr/lib/x86_64-linux-gnu/libfreetype.so.6.11.1
7fed21527000-7fed2152d000 r--p 0009c000 08:06 539648                     /usr/lib/x86_64-linux-gnu/libfreetype.so.6.11.1
7fed2152d000-7fed2152e000 rw-p 000a2000 08:06 539648                     /usr/lib/x86_64-linux-gnu/libfreetype.so.6.11.1
7fed2152e000-7fed21546000 r-xp 00000000 08:06 265703                     /lib/x86_64-linux-gnu/libz.so.1.2.8
7fed21546000-7fed21745000 ---p 00018000 08:06 265703                     /lib/x86_64-linux-gnu/libz.so.1.2.8
7fed21745000-7fed21746000 r--p 00017000 08:06 265703                     /lib/x86_64-linux-gnu/libz.so.1.2.8
7fed21746000-7fed21747000 rw-p 00018000 08:06 265703                     /lib/x86_64-linux-gnu/libz.so.1.2.8
7fed21747000-7fed2176c000 r-xp 00000000 08:06 265655                     /lib/x86_64-linux-gnu/libpng12.so.0.50.0
7fed2176c000-7fed2196b000 ---p 00025000 08:06 265655                     /lib/x86_64-linux-gnu/libpng12.so.0.50.0
7fed2196b000-7fed2196c000 r--p 00024000 08:06 265655                     /lib/x86_64-linux-gnu/libpng12.so.0.50.0
7fed2196c000-7fed2196d000 rw-p 00025000 08:06 265655                     /lib/x86_64-linux-gnu/libpng12.so.0.50.0
7fed2196d000-7fed21a73000 r-xp 00000000 08:06 265571                     /lib/x86_64-linux-gnu/libglib-2.0.so.0.4002.0
7fed21a73000-7fed21c72000 ---p 00106000 08:06 265571                     /lib/x86_64-linux-gnu/libglib-2.0.so.0.4002.0
7fed21c72000-7fed21c73000 r--p 00105000 08:06 265571                     /lib/x86_64-linux-gnu/libglib-2.0.so.0.4002.0
7fed21c73000-7fed21c74000 rw-p 00106000 08:06 265571                     /lib/x86_64-linux-gnu/libglib-2.0.so.0.4002.0
7fed21c74000-7fed21c75000 rw-p 00000000 00:00 0 
7fed21c75000-7fed21c8c000 r-xp 00000000 08:06 530166                     /usr/lib/x86_64-linux-gnu/libaudio.so.2.4
7fed21c8c000-7fed21e8b000 ---p 00017000 08:06 530166                     /usr/lib/x86_64-linux-gnu/libaudio.so.2.4
7fed21e8b000-7fed21e8c000 r--p 00016000 08:06 530166                     /usr/lib/x86_64-linux-gnu/libaudio.so.2.4
7fed21e8c000-7fed21e8d000 rw-p 00017000 08:06 530166                     /usr/lib/x86_64-linux-gnu/libaudio.so.2.4
7fed21e8d000-7fed21ec7000 r-xp 00000000 08:06 530360                     /usr/lib/x86_64-linux-gnu/libfontconfig.so.1.8.0
7fed21ec7000-7fed220c6000 ---p 0003a000 08:06 530360                     /usr/lib/x86_64-linux-gnu/libfontconfig.so.1.8.0
7fed220c6000-7fed220c8000 r--p 00039000 08:06 530360                     /usr/lib/x86_64-linux-gnu/libfontconfig.so.1.8.0
7fed220c8000-7fed220c9000 rw-p 0003b000 08:06 530360                     /usr/lib/x86_64-linux-gnu/libfontconfig.so.1.8.0
7fed220c9000-7fed22b2f000 r-xp 00000000 08:06 522879                     /usr/lib/x86_64-linux-gnu/libQtGui.so.4.8.6
7fed22b2f000-7fed22d2f000 ---p 00a66000 08:06 522879                     /usr/lib/x86_64-linux-gnu/libQtGui.so.4.8.6
7fed22d2f000-7fed22d71000 r--p 00a66000 08:06 522879                     /usr/lib/x86_64-linux-gnu/libQtGui.so.4.8.6
7fed22d71000-7fed22d78000 rw-p 00aa8000 08:06 522879                     /usr/lib/x86_64-linux-gnu/libQtGui.so.4.8.6
7fed22d78000-7fed22d7c000 rw-p 00000000 00:00 0 
7fed22d7c000-7fed22d7f000 r-xp 00000000 08:06 530850                     /usr/lib/x86_64-linux-gnu/libpulse-simple.so.0.0.4
7fed22d7f000-7fed22f7e000 ---p 00003000 08:06 530850                     /usr/lib/x86_64-linux-gnu/libpulse-simple.so.0.0.4
7fed22f7e000-7fed22f7f000 r--p 00002000 08:06 530850                     /usr/lib/x86_64-linux-gnu/libpulse-simple.so.0.0.4
7fed22f7f000-7fed22f80000 rw-p 00003000 08:06 530850                     /usr/lib/x86_64-linux-gnu/libpulse-simple.so.0.0.4
7fed2300c000-7fed232e4000 r-xp 00000000 08:06 530043                     /usr/lib/x86_64-linux-gnu/libQtCore.so.4.8.6
7fed232e4000-7fed234e4000 ---p 002d8000 08:06 530043                     /usr/lib/x86_64-linux-gnu/libQtCore.so.4.8.6
7fed234e4000-7fed234ef000 r--p 002d8000 08:06 530043                     /usr/lib/x86_64-linux-gnu/libQtCore.so.4.8.6
7fed234ef000-7fed234f0000 rw-p 002e3000 08:06 530043                     /usr/lib/x86_64-linux-gnu/libQtCore.so.4.8.6
7fed234f0000-7fed234f1000 rw-p 00000000 00:00 0 
7fed234f1000-7fed23753000 r-xp 00000000 08:06 413116                     /usr/lib/vlc/plugins/gui/libqt4_plugin.so
7fed23753000-7fed23952000 ---p 00262000 08:06 413116                     /usr/lib/vlc/plugins/gui/libqt4_plugin.so
7fed23952000-7fed2396b000 r--p 00261000 08:06 413116                     /usr/lib/vlc/plugins/gui/libqt4_plugin.so
7fed2396b000-7fed2396f000 rw-p 0027a000 08:06 413116                     /usr/lib/vlc/plugins/gui/libqt4_plugin.so
7fed2396f000-7fed23971000 r-xp 00000000 08:06 531122                     /usr/lib/x86_64-linux-gnu/libxcb-shm.so.0.0.0
7fed23971000-7fed23b70000 ---p 00002000 08:06 531122                     /usr/lib/x86_64-linux-gnu/libxcb-shm.so.0.0.0
7fed23b70000-7fed23b71000 r--p 00001000 08:06 531122                     /usr/lib/x86_64-linux-gnu/libxcb-shm.so.0.0.0
7fed23b71000-7fed23b72000 rw-p 00002000 08:06 531122                     /usr/lib/x86_64-linux-gnu/libxcb-shm.so.0.0.0
7fed23b72000-7fed23b78000 r-xp 00000000 08:06 546092                     /usr/lib/x86_64-linux-gnu/libxcb-xv.so.0.0.0
7fed23b78000-7fed23d77000 ---p 00006000 08:06 546092                     /usr/lib/x86_64-linux-gnu/libxcb-xv.so.0.0.0
7fed23d77000-7fed23d78000 r--p 00005000 08:06 546092                     /usr/lib/x86_64-linux-gnu/libxcb-xv.so.0.0.0
7fed23d78000-7fed23d79000 rw-p 00006000 08:06 546092                     /usr/lib/x86_64-linux-gnu/libxcb-xv.so.0.0.0
7fed23d79000-7fed23dfc000 r-xp 00000000 08:06 526635                     /usr/lib/x86_64-linux-gnu/libdirac_encoder.so.0.1.0
7fed23dfc000-7fed23ffb000 ---p 00083000 08:06 526635                     /usr/lib/x86_64-linux-gnu/libdirac_encoder.so.0.1.0
7fed23ffb000-7fed23ffe000 r--p 00082000 08:06 526635                     /usr/lib/x86_64-linux-gnu/libdirac_encoder.so.0.1.0
7fed23ffe000-7fed23fff000 rw-p 00085000 08:06 526635                     /usr/lib/x86_64-linux-gnu/libdirac_encoder.so.0.1.0
7fed23fff000-7fed24000000 rw-p 00000000 00:00 0 
7fed24000000-7fed24021000 rw-p 00000000 00:00 0 
7fed24021000-7fed28000000 ---p 00000000 00:00 0 
7fed28000000-7fed28021000 rw-p 00000000 00:00 0 
7fed28021000-7fed2c000000 ---p 00000000 00:00 0 
7fed2c000000-7fed2c021000 rw-p 00000000 00:00 0 
7fed2c021000-7fed30000000 ---p 00000000 00:00 0 
7fed30000000-7fed30021000 rw-p 00000000 00:00 0 
7fed30021000-7fed34000000 ---p 00000000 00:00 0 
7fed34000000-7fed341a7000 rw-p 00000000 00:00 0 
7fed341a7000-7fed38000000 ---p 00000000 00:00 0 
7fed38000000-7fed38227000 rw-p 00000000 00:00 0 
7fed38227000-7fed3c000000 ---p 00000000 00:00 0 
7fed3c000000-7fed3c021000 rw-p 00000000 00:00 0 
7fed3c021000-7fed40000000 ---p 00000000 00:00 0 
7fed40000000-7fed40263000 rw-p 00000000 00:00 0 
7fed40263000-7fed44000000 ---p 00000000 00:00 0 
7fed44000000-7fed44021000 rw-p 00000000 00:00 0 
7fed44021000-7fed48000000 ---p 00000000 00:00 0 
7fed48000000-7fed48021000 rw-p 00000000 00:00 0 
7fed48021000-7fed4c000000 ---p 00000000 00:00 0 
7fed4c000000-7fed4c021000 rw-p 00000000 00:00 0 
7fed4c021000-7fed50000000 ---p 00000000 00:00 0 
7fed50000000-7fed50021000 rw-p 00000000 00:00 0 
7fed50021000-7fed54000000 ---p 00000000 00:00 0 
7fed54000000-7fed54021000 rw-p 00000000 00:00 0 
7fed54021000-7fed58000000 ---p 00000000 00:00 0 
7fed580be000-7fed580c5000 r-xp 00000000 08:06 413105                     /usr/lib/vlc/plugins/video_output/libxcb_xv_plugin.so
7fed580c5000-7fed582c4000 ---p 00007000 08:06 413105                     /usr/lib/vlc/plugins/video_output/libxcb_xv_plugin.so
7fed582c4000-7fed582c5000 r--p 00006000 08:06 413105                     /usr/lib/vlc/plugins/video_output/libxcb_xv_plugin.so
7fed582c5000-7fed582c6000 rw-p 00007000 08:06 413105                     /usr/lib/vlc/plugins/video_output/libxcb_xv_plugin.so
7fed582c6000-7fed582ce000 r-xp 00000000 08:06 265602                     /lib/x86_64-linux-gnu/libnih-dbus.so.1.0.0
7fed582ce000-7fed584ce000 ---p 00008000 08:06 265602                     /lib/x86_64-linux-gnu/libnih-dbus.so.1.0.0
7fed584ce000-7fed584cf000 r--p 00008000 08:06 265602                     /lib/x86_64-linux-gnu/libnih-dbus.so.1.0.0
7fed584cf000-7fed584d0000 rw-p 00009000 08:06 265602                     /lib/x86_64-linux-gnu/libnih-dbus.so.1.0.0
7fed584d0000-7fed584e7000 r-xp 00000000 08:06 265604                     /lib/x86_64-linux-gnu/libnih.so.1.0.0
7fed584e7000-7fed586e6000 ---p 00017000 08:06 265604                     /lib/x86_64-linux-gnu/libnih.so.1.0.0
7fed586e6000-7fed586e7000 r--p 00016000 08:06 265604                     /lib/x86_64-linux-gnu/libnih.so.1.0.0
7fed586e7000-7fed586e8000 rw-p 00017000 08:06 265604                     /lib/x86_64-linux-gnu/libnih.so.1.0.0
7fed586e8000-7fed58701000 r-xp 00000000 08:06 265465                     /lib/x86_64-linux-gnu/libcgmanager.so.0.0.0
7fed58701000-7fed58900000 ---p 00019000 08:06 265465                     /lib/x86_64-linux-gnu/libcgmanager.so.0.0.0
7fed58900000-7fed58902000 r--p 00018000 08:06 265465                     /lib/x86_64-linux-gnu/libcgmanager.so.0.0.0
7fed58902000-7fed58903000 rw-p 0001a000 08:06 265465                     /lib/x86_64-linux-gnu/libcgmanager.so.0.0.0
7fed58903000-7fed58907000 r-xp 00000000 08:06 265573                     /lib/x86_64-linux-gnu/libgpg-error.so.0.10.0
7fed58907000-7fed58b06000 ---p 00004000 08:06 265573                     /lib/x86_64-linux-gnu/libgpg-error.so.0.10.0
7fed58b06000-7fed58b07000 r--p 00003000 08:06 265573                     /lib/x86_64-linux-gnu/libgpg-error.so.0.10.0
7fed58b07000-7fed58b08000 rw-p 00004000 08:06 265573                     /lib/x86_64-linux-gnu/libgpg-error.so.0.10.0
7fed58b08000-7fed58b18000 r-xp 00000000 08:06 298110                     /lib/x86_64-linux-gnu/libudev.so.1.3.5
7fed58b18000-7fed58d17000 ---p 00010000 08:06 298110                     /lib/x86_64-linux-gnu/libudev.so.1.3.5
7fed58d17000-7fed58d18000 r--p 0000f000 08:06 298110                     /lib/x86_64-linux-gnu/libudev.so.1.3.5
7fed58d18000-7fed58d19000 rw-p 00010000 08:06 298110                     /lib/x86_64-linux-gnu/libudev.so.1.3.5
7fed58d19000-7fed58d95000 r-xp 00000000 08:06 265547                     /lib/x86_64-linux-gnu/libgcrypt.so.11.8.2
7fed58d95000-7fed58f95000 ---p 0007c000 08:06 265547                     /lib/x86_64-linux-gnu/libgcrypt.so.11.8.2
7fed58f95000-7fed58f96000 r--p 0007c000 08:06 265547                     /lib/x86_64-linux-gnu/libgcrypt.so.11.8.2
7fed58f96000-7fed58f99000 rw-p 0007d000 08:06 265547                     /lib/x86_64-linux-gnu/libgcrypt.so.11.8.2
7fed58f99000-7fed58fae000 r-xp 00000000 08:06 265694                     /lib/x86_64-linux-gnu/libusb-1.0.so.0.1.0
7fed58fae000-7fed591ae000 ---p 00015000 08:06 265694                     /lib/x86_64-linux-gnu/libusb-1.0.so.0.1.0
7fed591ae000-7fed591af000 r--p 00015000 08:06 265694                     /lib/x86_64-linux-gnu/libusb-1.0.so.0.1.0
7fed591af000-7fed591b0000 rw-p 00016000 08:06 265694                     /lib/x86_64-linux-gnu/libusb-1.0.so.0.1.0
7fed591b0000-7fed59200000 r-xp 00000000 08:06 530720                     /usr/lib/x86_64-linux-gnu/libmtp.so.9.1.0
7fed59200000-7fed593ff000 ---p 00050000 08:06 530720                     /usr/lib/x86_64-linux-gnu/libmtp.so.9.1.0
7fed593ff000-7fed59405000 r--p 0004f000 08:06 530720                     /usr/lib/x86_64-linux-gnu/libmtp.so.9.1.0
7fed59405000-7fed5940f000 rw-p 00055000 08:06 530720                     /usr/lib/x86_64-linux-gnu/libmtp.so.9.1.0
7fed5940f000-7fed594f5000 r-xp 00000000 08:06 524368                     /usr/lib/x86_64-linux-gnu/libstdc++.so.6.0.19
7fed594f5000-7fed596f4000 ---p 000e6000 08:06 524368                     /usr/lib/x86_64-linux-gnu/libstdc++.so.6.0.19
7fed596f4000-7fed596fc000 r--p 000e5000 08:06 524368                     /usr/lib/x86_64-linux-gnu/libstdc++.so.6.0.19
7fed596fc000-7fed596fe000 rw-p 000ed000 08:06 524368                     /usr/lib/x86_64-linux-gnu/libstdc++.so.6.0.19
7fed596fe000-7fed59713000 rw-p 00000000 00:00 0 
7fed59728000-7fed5972a000 r-xp 00000000 08:06 412929                     /usr/lib/vlc/plugins/services_discovery/libmtp_plugin.so
7fed5972a000-7fed59929000 ---p 00002000 08:06 412929                     /usr/lib/vlc/plugins/services_discovery/libmtp_plugin.so
7fed59929000-7fed5992a000 r--p 00001000 08:06 412929                     /usr/lib/vlc/plugins/services_discovery/libmtp_plugin.so
7fed5992a000-7fed5992b000 rw-p 00002000 08:06 412929                     /usr/lib/vlc/plugins/services_discovery/libmtp_plugin.so
7fed5992b000-7fed59a14000 r-xp 00000000 08:06 530146                     /usr/lib/x86_64-linux-gnu/libasound.so.2.0.0
7fed59a14000-7fed59c13000 ---p 000e9000 08:06 530146                     /usr/lib/x86_64-linux-gnu/libasound.so.2.0.0
7fed59c13000-7fed59c1a000 r--p 000e8000 08:06 530146                     /usr/lib/x86_64-linux-gnu/libasound.so.2.0.0
7fed59c1a000-7fed59c1b000 rw-p 000ef000 08:06 530146                     /usr/lib/x86_64-linux-gnu/libasound.so.2.0.0
7fed59c1b000-7fed59c32000 r-xp 00000000 08:06 261127                     /lib/x86_64-linux-gnu/libresolv-2.19.so
7fed59c32000-7fed59e32000 ---p 00017000 08:06 261127                     /lib/x86_64-linux-gnu/libresolv-2.19.so
7fed59e32000-7fed59e33000 r--p 00017000 08:06 261127                     /lib/x86_64-linux-gnu/libresolv-2.19.so
7fed59e33000-7fed59e34000 rw-p 00018000 08:06 261127                     /lib/x86_64-linux-gnu/libresolv-2.19.so
7fed59e34000-7fed59e36000 rw-p 00000000 00:00 0 
7fed59e36000-7fed59e3d000 r-xp 00000000 08:06 530783                     /usr/lib/x86_64-linux-gnu/libogg.so.0.8.1
7fed59e3d000-7fed5a03d000 ---p 00007000 08:06 530783                     /usr/lib/x86_64-linux-gnu/libogg.so.0.8.1
7fed5a03d000-7fed5a03e000 r--p 00007000 08:06 530783                     /usr/lib/x86_64-linux-gnu/libogg.so.0.8.1
7fed5a03e000-7fed5a03f000 rw-p 00008000 08:06 530783                     /usr/lib/x86_64-linux-gnu/libogg.so.0.8.1
7fed5a03f000-7fed5a06b000 r-xp 00000000 08:06 531059                     /usr/lib/x86_64-linux-gnu/libvorbis.so.0.4.5
7fed5a06b000-7fed5a26a000 ---p 0002c000 08:06 531059                     /usr/lib/x86_64-linux-gnu/libvorbis.so.0.4.5
7fed5a26a000-7fed5a26b000 r--p 0002b000 08:06 531059                     /usr/lib/x86_64-linux-gnu/libvorbis.so.0.4.5
7fed5a26b000-7fed5a26c000 rw-p 0002c000 08:06 531059                     /usr/lib/x86_64-linux-gnu/libvorbis.so.0.4.5
7fed5a26c000-7fed5a51f000 r-xp 00000000 08:06 531061                     /usr/lib/x86_64-linux-gnu/libvorbisenc.so.2.0.8
7fed5a51f000-7fed5a71e000 ---p 002b3000 08:06 531061                     /usr/lib/x86_64-linux-gnu/libvorbisenc.so.2.0.8
7fed5a71e000-7fed5a73a000 r--p 002b2000 08:06 531061                     /usr/lib/x86_64-linux-gnu/libvorbisenc.so.2.0.8
7fed5a73a000-7fed5a73b000 rw-p 002ce000 08:06 531061                     /usr/lib/x86_64-linux-gnu/libvorbisenc.so.2.0.8
7fed5a73b000-7fed5a76b000 r-xp 00000000 08:06 529922                     /usr/lib/x86_64-linux-gnu/libFLAC.so.8.3.0
7fed5a76b000-7fed5a96a000 ---p 00030000 08:06 529922                     /usr/lib/x86_64-linux-gnu/libFLAC.so.8.3.0
7fed5a96a000-7fed5a96b000 r--p 0002f000 08:06 529922                     /usr/lib/x86_64-linux-gnu/libFLAC.so.8.3.0
7fed5a96b000-7fed5a96c000 rw-p 00030000 08:06 529922                     /usr/lib/x86_64-linux-gnu/libFLAC.so.8.3.0
7fed5a96c000-7fed5a971000 r-xp 00000000 08:06 530154                     /usr/lib/x86_64-linux-gnu/libasyncns.so.0.3.1
7fed5a971000-7fed5ab70000 ---p 00005000 08:06 530154                     /usr/lib/x86_64-linux-gnu/libasyncns.so.0.3.1
7fed5ab70000-7fed5ab71000 r--p 00004000 08:06 530154                     /usr/lib/x86_64-linux-gnu/libasyncns.so.0.3.1
7fed5ab71000-7fed5ab72000 rw-p 00005000 08:06 530154                     /usr/lib/x86_64-linux-gnu/libasyncns.so.0.3.1
7fed5ab72000-7fed5abd3000 r-xp 00000000 08:06 530940                     /usr/lib/x86_64-linux-gnu/libsndfile.so.1.0.25
7fed5abd3000-7fed5add3000 ---p 00061000 08:06 530940                     /usr/lib/x86_64-linux-gnu/libsndfile.so.1.0.25
7fed5add3000-7fed5add5000 r--p 00061000 08:06 530940                     /usr/lib/x86_64-linux-gnu/libsndfile.so.1.0.25
7fed5add5000-7fed5add6000 rw-p 00063000 08:06 530940                     /usr/lib/x86_64-linux-gnu/libsndfile.so.1.0.25
7fed5add6000-7fed5adda000 rw-p 00000000 00:00 0 
7fed5adda000-7fed5ade2000 r-xp 00000000 08:06 265700                     /lib/x86_64-linux-gnu/libwrap.so.0.7.6
7fed5ade2000-7fed5afe1000 ---p 00008000 08:06 265700                     /lib/x86_64-linux-gnu/libwrap.so.0.7.6
7fed5afe1000-7fed5afe2000 r--p 00007000 08:06 265700                     /lib/x86_64-linux-gnu/libwrap.so.0.7.6
7fed5afe2000-7fed5afe3000 rw-p 00008000 08:06 265700                     /lib/x86_64-linux-gnu/libwrap.so.0.7.6
7fed5afe3000-7fed5afe4000 rw-p 00000000 00:00 0 
7fed5afe4000-7fed5b04a000 r-xp 00000000 08:06 783969                     /usr/lib/x86_64-linux-gnu/pulseaudio/libpulsecommon-4.0.so
7fed5b04a000-7fed5b249000 ---p 00066000 08:06 783969                     /usr/lib/x86_64-linux-gnu/pulseaudio/libpulsecommon-4.0.so
7fed5b249000-7fed5b24a000 r--p 00065000 08:06 783969                     /usr/lib/x86_64-linux-gnu/pulseaudio/libpulsecommon-4.0.so
7fed5b24a000-7fed5b24b000 rw-p 00066000 08:06 783969                     /usr/lib/x86_64-linux-gnu/pulseaudio/libpulsecommon-4.0.so
7fed5b24b000-7fed5b255000 r-xp 00000000 08:06 265580                     /lib/x86_64-linux-gnu/libjson-c.so.2.0.0
7fed5b255000-7fed5b454000 ---p 0000a000 08:06 265580                     /lib/x86_64-linux-gnu/libjson-c.so.2.0.0
7fed5b454000-7fed5b455000 r--p 00009000 08:06 265580                     /lib/x86_64-linux-gnu/libjson-c.so.2.0.0
7fed5b455000-7fed5b456000 rw-p 0000a000 08:06 265580                     /lib/x86_64-linux-gnu/libjson-c.so.2.0.0
7fed5b456000-7fed5b49d000 r-xp 00000000 08:06 530852                     /usr/lib/x86_64-linux-gnu/libpulse.so.0.16.2
7fed5b49d000-7fed5b69d000 ---p 00047000 08:06 530852                     /usr/lib/x86_64-linux-gnu/libpulse.so.0.16.2
7fed5b69d000-7fed5b69e000 r--p 00047000 08:06 530852                     /usr/lib/x86_64-linux-gnu/libpulse.so.0.16.2
7fed5b69e000-7fed5b69f000 rw-p 00048000 08:06 530852                     /usr/lib/x86_64-linux-gnu/libpulse.so.0.16.2
7fed5b6a0000-7fed5b6a5000 r-xp 00000000 08:06 412892                     /usr/lib/vlc/plugins/audio_output/libalsa_plugin.so
7fed5b6a5000-7fed5b8a4000 ---p 00005000 08:06 412892                     /usr/lib/vlc/plugins/audio_output/libalsa_plugin.so
7fed5b8a4000-7fed5b8a5000 r--p 00004000 08:06 412892                     /usr/lib/vlc/plugins/audio_output/libalsa_plugin.so
7fed5b8a5000-7fed5b8a6000 rw-p 00005000 08:06 412892                     /usr/lib/vlc/plugins/audio_output/libalsa_plugin.so
7fed5b8a6000-7fed5b8ea000 r-xp 00000000 08:06 265554                     /lib/x86_64-linux-gnu/libdbus-1.so.3.7.6
7fed5b8ea000-7fed5bae9000 ---p 00044000 08:06 265554                     /lib/x86_64-linux-gnu/libdbus-1.so.3.7.6
7fed5bae9000-7fed5baea000 r--p 00043000 08:06 265554                     /lib/x86_64-linux-gnu/libdbus-1.so.3.7.6
7fed5baea000-7fed5baeb000 rw-p 00044000 08:06 265554                     /lib/x86_64-linux-gnu/libdbus-1.so.3.7.6
7fed5baeb000-7fed5bb1c000 r-xp 00000000 08:06 530638                     /usr/lib/x86_64-linux-gnu/libidn.so.11.6.11
7fed5bb1c000-7fed5bd1c000 ---p 00031000 08:06 530638                     /usr/lib/x86_64-linux-gnu/libidn.so.11.6.11
7fed5bd1c000-7fed5bd1d000 r--p 00031000 08:06 530638                     /usr/lib/x86_64-linux-gnu/libidn.so.11.6.11
7fed5bd1d000-7fed5bd1e000 rw-p 00032000 08:06 530638                     /usr/lib/x86_64-linux-gnu/libidn.so.11.6.11
7fed5bd1e000-7fed5bdfc000 r-xp 00000000 08:06 412641                     /usr/lib/libvlccore.so.7.0.0
7fed5bdfc000-7fed5bffc000 ---p 000de000 08:06 412641                     /usr/lib/libvlccore.so.7.0.0
7fed5bffc000-7fed5bfff000 r--p 000de000 08:06 412641                     /usr/lib/libvlccore.so.7.0.0
7fed5bfff000-7fed5c000000 rw-p 000e1000 08:06 412641                     /usr/lib/libvlccore.so.7.0.0
7fed5c000000-7fed5c021000 rw-p 00000000 00:00 0 
7fed5c021000-7fed60000000 ---p 00000000 00:00 0 
7fed6013b000-7fed60155000 r-xp 00000000 08:06 412644                     /usr/lib/libvlc.so.5.4.0
7fed60155000-7fed60354000 ---p 0001a000 08:06 412644                     /usr/lib/libvlc.so.5.4.0
7fed60354000-7fed60355000 r--p 00019000 08:06 412644                     /usr/lib/libvlc.so.5.4.0
7fed60355000-7fed60356000 rw-p 0001a000 08:06 412644                     /usr/lib/libvlc.so.5.4.0
7fed60356000-7fed60357000 r-xp 00000000 08:06 414495                     /usr/lib/jvm/java-8-oracle/jre/lib/amd64/libjawt.so
7fed60357000-7fed60556000 ---p 00001000 08:06 414495                     /usr/lib/jvm/java-8-oracle/jre/lib/amd64/libjawt.so
7fed60556000-7fed60557000 rw-p 00000000 08:06 414495                     /usr/lib/jvm/java-8-oracle/jre/lib/amd64/libjawt.so
7fed60557000-7fed6055a000 ---p 00000000 00:00 0 
7fed6055a000-7fed60658000 rw-p 00000000 00:00 0                          [stack:13625]
7fed60658000-7fed6065d000 r-xp 00000000 08:06 522501                     /usr/lib/x86_64-linux-gnu/libXfixes.so.3.1.0
7fed6065d000-7fed6085c000 ---p 00005000 08:06 522501                     /usr/lib/x86_64-linux-gnu/libXfixes.so.3.1.0
7fed6085c000-7fed6085d000 r--p 00004000 08:06 522501                     /usr/lib/x86_64-linux-gnu/libXfixes.so.3.1.0
7fed6085d000-7fed6085e000 rw-p 00005000 08:06 522501                     /usr/lib/x86_64-linux-gnu/libXfixes.so.3.1.0
7fed6085e000-7fed60867000 r-xp 00000000 08:06 530071                     /usr/lib/x86_64-linux-gnu/libXcursor.so.1.0.2
7fed60867000-7fed60a66000 ---p 00009000 08:06 530071                     /usr/lib/x86_64-linux-gnu/libXcursor.so.1.0.2
7fed60a66000-7fed60a67000 r--p 00008000 08:06 530071                     /usr/lib/x86_64-linux-gnu/libXcursor.so.1.0.2
7fed60a67000-7fed60a68000 rw-p 00009000 08:06 530071                     /usr/lib/x86_64-linux-gnu/libXcursor.so.1.0.2
7fed60a68000-7fed60a6b000 ---p 00000000 00:00 0 
7fed60a6b000-7fed60b69000 rw-p 00000000 00:00 0                          [stack:13624]
7fed60b69000-7fed60b7f000 r-xp 00000000 08:06 265567                     /lib/x86_64-linux-gnu/libgcc_s.so.1
7fed60b7f000-7fed60d7e000 ---p 00016000 08:06 265567                     /lib/x86_64-linux-gnu/libgcc_s.so.1
7fed60d7e000-7fed60d7f000 rw-p 00015000 08:06 265567                     /lib/x86_64-linux-gnu/libgcc_s.so.1
7fed60d7f000-7fed60de4000 r-xp 00000000 08:06 414526                     /usr/lib/jvm/java-8-oracle/jre/lib/amd64/libfontmanager.so
7fed60de4000-7fed60fe4000 ---p 00065000 08:06 414526                     /usr/lib/jvm/java-8-oracle/jre/lib/amd64/libfontmanager.so
7fed60fe4000-7fed60fe8000 rw-p 00065000 08:06 414526                     /usr/lib/jvm/java-8-oracle/jre/lib/amd64/libfontmanager.so
7fed60fe8000-7fed60ff9000 rw-p 00000000 00:00 0 
7fed60ff9000-7fed61010000 r-xp 00000000 08:06 13625                      /tmp/jna-3268048/jna5896005712719971707.tmp (deleted)
7fed61010000-7fed6110f000 ---p 00017000 08:06 13625                      /tmp/jna-3268048/jna5896005712719971707.tmp (deleted)
7fed6110f000-7fed61111000 rw-p 00016000 08:06 13625                      /tmp/jna-3268048/jna5896005712719971707.tmp (deleted)
7fed61111000-7fed61116000 r-xp 00000000 08:06 530075                     /usr/lib/x86_64-linux-gnu/libXdmcp.so.6.0.0
7fed61116000-7fed61315000 ---p 00005000 08:06 530075                     /usr/lib/x86_64-linux-gnu/libXdmcp.so.6.0.0
7fed61315000-7fed61316000 r--p 00004000 08:06 530075                     /usr/lib/x86_64-linux-gnu/libXdmcp.so.6.0.0
7fed61316000-7fed61317000 rw-p 00005000 08:06 530075                     /usr/lib/x86_64-linux-gnu/libXdmcp.so.6.0.0
7fed61317000-7fed61319000 r-xp 00000000 08:06 530064                     /usr/lib/x86_64-linux-gnu/libXau.so.6.0.0
7fed61319000-7fed61519000 ---p 00002000 08:06 530064                     /usr/lib/x86_64-linux-gnu/libXau.so.6.0.0
7fed61519000-7fed6151a000 r--p 00002000 08:06 530064                     /usr/lib/x86_64-linux-gnu/libXau.so.6.0.0
7fed6151a000-7fed6151b000 rw-p 00003000 08:06 530064                     /usr/lib/x86_64-linux-gnu/libXau.so.6.0.0
7fed6151b000-7fed61538000 r-xp 00000000 08:06 531132                     /usr/lib/x86_64-linux-gnu/libxcb.so.1.1.0
7fed61538000-7fed61738000 ---p 0001d000 08:06 531132                     /usr/lib/x86_64-linux-gnu/libxcb.so.1.1.0
7fed61738000-7fed61739000 r--p 0001d000 08:06 531132                     /usr/lib/x86_64-linux-gnu/libxcb.so.1.1.0
7fed61739000-7fed6173a000 rw-p 0001e000 08:06 531132                     /usr/lib/x86_64-linux-gnu/libxcb.so.1.1.0
7fed6173a000-7fed61749000 r-xp 00000000 08:06 522608                     /usr/lib/x86_64-linux-gnu/libXi.so.6.1.0
7fed61749000-7fed61948000 ---p 0000f000 08:06 522608                     /usr/lib/x86_64-linux-gnu/libXi.so.6.1.0
7fed61948000-7fed61949000 r--p 0000e000 08:06 522608                     /usr/lib/x86_64-linux-gnu/libXi.so.6.1.0
7fed61949000-7fed6194a000 rw-p 0000f000 08:06 522608                     /usr/lib/x86_64-linux-gnu/libXi.so.6.1.0
7fed6194a000-7fed6194f000 r-xp 00000000 08:06 530105                     /usr/lib/x86_64-linux-gnu/libXtst.so.6.1.0
7fed6194f000-7fed61b4e000 ---p 00005000 08:06 530105                     /usr/lib/x86_64-linux-gnu/libXtst.so.6.1.0
7fed61b4e000-7fed61b4f000 r--p 00004000 08:06 530105                     /usr/lib/x86_64-linux-gnu/libXtst.so.6.1.0
7fed61b4f000-7fed61b50000 rw-p 00005000 08:06 530105                     /usr/lib/x86_64-linux-gnu/libXtst.so.6.1.0
7fed61b50000-7fed61b59000 r-xp 00000000 08:06 522612                     /usr/lib/x86_64-linux-gnu/libXrender.so.1.3.0
7fed61b59000-7fed61d58000 ---p 00009000 08:06 522612                     /usr/lib/x86_64-linux-gnu/libXrender.so.1.3.0
7fed61d58000-7fed61d59000 r--p 00008000 08:06 522612                     /usr/lib/x86_64-linux-gnu/libXrender.so.1.3.0
7fed61d59000-7fed61d5a000 rw-p 00009000 08:06 522612                     /usr/lib/x86_64-linux-gnu/libXrender.so.1.3.0
7fed61d5a000-7fed61e8a000 r-xp 00000000 08:06 530060                     /usr/lib/x86_64-linux-gnu/libX11.so.6.3.0
7fed61e8a000-7fed6208a000 ---p 00130000 08:06 530060                     /usr/lib/x86_64-linux-gnu/libX11.so.6.3.0
7fed6208a000-7fed6208b000 r--p 00130000 08:06 530060                     /usr/lib/x86_64-linux-gnu/libX11.so.6.3.0
7fed6208b000-7fed6208f000 rw-p 00131000 08:06 530060                     /usr/lib/x86_64-linux-gnu/libX11.so.6.3.0
7fed6208f000-7fed620a0000 r-xp 00000000 08:06 522564                     /usr/lib/x86_64-linux-gnu/libXext.so.6.4.0
7fed620a0000-7fed6229f000 ---p 00011000 08:06 522564                     /usr/lib/x86_64-linux-gnu/libXext.so.6.4.0
7fed6229f000-7fed622a0000 r--p 00010000 08:06 522564                     /usr/lib/x86_64-linux-gnu/libXext.so.6.4.0
7fed622a0000-7fed622a1000 rw-p 00011000 08:06 522564                     /usr/lib/x86_64-linux-gnu/libXext.so.6.4.0
7fed622a1000-7fed622f5000 r-xp 00000000 08:06 414472                     /usr/lib/jvm/java-8-oracle/jre/lib/amd64/libawt_xawt.so
7fed622f5000-7fed624f5000 ---p 00054000 08:06 414472                     /usr/lib/jvm/java-8-oracle/jre/lib/amd64/libawt_xawt.so
7fed624f5000-7fed624f9000 rw-p 00054000 08:06 414472                     /usr/lib/jvm/java-8-oracle/jre/lib/amd64/libawt_xawt.so
7fed624f9000-7fed624fa000 rw-p 00000000 00:00 0 
7fed624fa000-7fed6259c000 r-xp 00000000 08:06 414471                     /usr/lib/jvm/java-8-oracle/jre/lib/amd64/libawt.so
7fed6259c000-7fed6279c000 ---p 000a2000 08:06 414471                     /usr/lib/jvm/java-8-oracle/jre/lib/amd64/libawt.so
7fed6279c000-7fed627a8000 rw-p 000a2000 08:06 414471                     /usr/lib/jvm/java-8-oracle/jre/lib/amd64/libawt.so
7fed627a8000-7fed627cc000 rw-p 00000000 00:00 0 
7fed627cc000-7fed627cd000 ---p 00000000 00:00 0 
7fed627cd000-7fed628cd000 rw-p 00000000 00:00 0                          [stack:13621]
7fed628cd000-7fed628d0000 ---p 00000000 00:00 0 
7fed628d0000-7fed629ce000 rw-p 00000000 00:00 0                          [stack:13620]
7fed629ce000-7fed629d1000 ---p 00000000 00:00 0 
7fed629d1000-7fed62acf000 rw-p 00000000 00:00 0                          [stack:13619]
7fed62acf000-7fed62ad2000 ---p 00000000 00:00 0 
7fed62ad2000-7fed62bd0000 rw-p 00000000 00:00 0                          [stack:13618]
7fed62bd0000-7fed62bd3000 ---p 00000000 00:00 0 
7fed62bd3000-7fed62cd1000 rw-p 00000000 00:00 0                          [stack:13617]
7fed62cd1000-7fed62cd4000 ---p 00000000 00:00 0 
7fed62cd4000-7fed62dd2000 rw-p 00000000 00:00 0                          [stack:13616]
7fed62dd2000-7fed634f5000 r--p 00000000 08:06 397847                     /usr/lib/locale/locale-archive
7fed634f5000-7fed634f8000 ---p 00000000 00:00 0 
7fed634f8000-7fed635f6000 rw-p 00000000 00:00 0                          [stack:13615]
7fed635f6000-7fed635f9000 ---p 00000000 00:00 0 
7fed635f9000-7fed636f7000 rw-p 00000000 00:00 0                          [stack:13614]
7fed636f7000-7fed636f8000 ---p 00000000 00:00 0 
7fed636f8000-7fed64000000 rw-p 00000000 00:00 0                          [stack:13613]
7fed64000000-7fed64021000 rw-p 00000000 00:00 0 
7fed64021000-7fed68000000 ---p 00000000 00:00 0 
7fed68028000-7fed6802b000 ---p 00000000 00:00 0 
7fed6802b000-7fed68061000 rw-p 00000000 00:00 0                          [stack:13623]
7fed68061000-7fed68066000 r--s 00096000 08:06 414462                     /usr/lib/jvm/java-8-oracle/jre/lib/jsse.jar
7fed68066000-7fed68075000 r--s 00115000 08:07 2097400                    /home/jony/.m2/repository/net/java/dev/jna/platform/3.5.2/platform-3.5.2.jar
7fed68075000-7fed69000000 rw-p 00000000 00:00 0 
7fed69000000-7fed692a0000 rwxp 00000000 00:00 0 
7fed692a0000-7fed78000000 ---p 00000000 00:00 0 
7fed78000000-7fed784db000 rw-p 00000000 00:00 0 
7fed784db000-7fed7c000000 ---p 00000000 00:00 0 
7fed7c003000-7fed7c00f000 r--s 00057000 08:07 2097396                    /home/jony/.m2/repository/uk/co/caprica/vlcj/3.9.0/vlcj-3.9.0.jar
7fed7c00f000-7fed7c030000 rw-p 00000000 00:00 0 
7fed7c030000-7fed7c209000 r--s 03d20000 08:06 414457                     /usr/lib/jvm/java-8-oracle/jre/lib/rt.jar
7fed7c209000-7fed7e292000 rw-p 00000000 00:00 0 
7fed7e292000-7fed7e293000 ---p 00000000 00:00 0 
7fed7e293000-7fed7e393000 rw-p 00000000 00:00 0                          [stack:13612]
7fed7e393000-7fed7e394000 ---p 00000000 00:00 0 
7fed7e394000-7fed7e494000 rw-p 00000000 00:00 0                          [stack:13611]
7fed7e494000-7fed7e495000 ---p 00000000 00:00 0 
7fed7e495000-7fed7e595000 rw-p 00000000 00:00 0                          [stack:13610]
7fed7e595000-7fed7e596000 ---p 00000000 00:00 0 
7fed7e596000-7fed7e6ab000 rw-p 00000000 00:00 0                          [stack:13609]
7fed7e6ab000-7fed7e7d8000 ---p 00000000 00:00 0 
7fed7e7d8000-7fed7e7ed000 rw-p 00000000 00:00 0 
7fed7e7ed000-7fed7e91a000 ---p 00000000 00:00 0 
7fed7e91a000-7fed7e925000 rw-p 00000000 00:00 0 
7fed7e925000-7fed7e9bb000 ---p 00000000 00:00 0 
7fed7e9bb000-7fed7e9c7000 rw-p 00000000 00:00 0 
7fed7e9c7000-7fed7ed7c000 ---p 00000000 00:00 0 
7fed7ed7c000-7fed7ed96000 r-xp 00000000 08:06 414518                     /usr/lib/jvm/java-8-oracle/jre/lib/amd64/libzip.so
7fed7ed96000-7fed7ef96000 ---p 0001a000 08:06 414518                     /usr/lib/jvm/java-8-oracle/jre/lib/amd64/libzip.so
7fed7ef96000-7fed7ef97000 rw-p 0001a000 08:06 414518                     /usr/lib/jvm/java-8-oracle/jre/lib/amd64/libzip.so
7fed7ef97000-7fed7efa2000 r-xp 00000000 08:06 261141                     /lib/x86_64-linux-gnu/libnss_files-2.19.so
7fed7efa2000-7fed7f1a1000 ---p 0000b000 08:06 261141                     /lib/x86_64-linux-gnu/libnss_files-2.19.so
7fed7f1a1000-7fed7f1a2000 r--p 0000a000 08:06 261141                     /lib/x86_64-linux-gnu/libnss_files-2.19.so
7fed7f1a2000-7fed7f1a3000 rw-p 0000b000 08:06 261141                     /lib/x86_64-linux-gnu/libnss_files-2.19.so
7fed7f1a3000-7fed7f1ae000 r-xp 00000000 08:06 265432                     /lib/x86_64-linux-gnu/libnss_nis-2.19.so
7fed7f1ae000-7fed7f3ad000 ---p 0000b000 08:06 265432                     /lib/x86_64-linux-gnu/libnss_nis-2.19.so
7fed7f3ad000-7fed7f3ae000 r--p 0000a000 08:06 265432                     /lib/x86_64-linux-gnu/libnss_nis-2.19.so
7fed7f3ae000-7fed7f3af000 rw-p 0000b000 08:06 265432                     /lib/x86_64-linux-gnu/libnss_nis-2.19.so
7fed7f3af000-7fed7f3c6000 r-xp 00000000 08:06 261216                     /lib/x86_64-linux-gnu/libnsl-2.19.so
7fed7f3c6000-7fed7f5c5000 ---p 00017000 08:06 261216                     /lib/x86_64-linux-gnu/libnsl-2.19.so
7fed7f5c5000-7fed7f5c6000 r--p 00016000 08:06 261216                     /lib/x86_64-linux-gnu/libnsl-2.19.so
7fed7f5c6000-7fed7f5c7000 rw-p 00017000 08:06 261216                     /lib/x86_64-linux-gnu/libnsl-2.19.so
7fed7f5c7000-7fed7f5c9000 rw-p 00000000 00:00 0 
7fed7f5c9000-7fed7f5d2000 r-xp 00000000 08:06 261215                     /lib/x86_64-linux-gnu/libnss_compat-2.19.so
7fed7f5d2000-7fed7f7d1000 ---p 00009000 08:06 261215                     /lib/x86_64-linux-gnu/libnss_compat-2.19.so
7fed7f7d1000-7fed7f7d2000 r--p 00008000 08:06 261215                     /lib/x86_64-linux-gnu/libnss_compat-2.19.so
7fed7f7d2000-7fed7f7d3000 rw-p 00009000 08:06 261215                     /lib/x86_64-linux-gnu/libnss_compat-2.19.so
7fed7f7d3000-7fed7f7fd000 r-xp 00000000 08:06 414479                     /usr/lib/jvm/java-8-oracle/jre/lib/amd64/libjava.so
7fed7f7fd000-7fed7f9fd000 ---p 0002a000 08:06 414479                     /usr/lib/jvm/java-8-oracle/jre/lib/amd64/libjava.so
7fed7f9fd000-7fed7f9ff000 rw-p 0002a000 08:06 414479                     /usr/lib/jvm/java-8-oracle/jre/lib/amd64/libjava.so
7fed7f9ff000-7fed7fa0c000 r-xp 00000000 08:06 414470                     /usr/lib/jvm/java-8-oracle/jre/lib/amd64/libverify.so
7fed7fa0c000-7fed7fc0c000 ---p 0000d000 08:06 414470                     /usr/lib/jvm/java-8-oracle/jre/lib/amd64/libverify.so
7fed7fc0c000-7fed7fc0e000 rw-p 0000d000 08:06 414470                     /usr/lib/jvm/java-8-oracle/jre/lib/amd64/libverify.so
7fed7fc0e000-7fed7fc15000 r-xp 00000000 08:06 261224                     /lib/x86_64-linux-gnu/librt-2.19.so
7fed7fc15000-7fed7fe14000 ---p 00007000 08:06 261224                     /lib/x86_64-linux-gnu/librt-2.19.so
7fed7fe14000-7fed7fe15000 r--p 00006000 08:06 261224                     /lib/x86_64-linux-gnu/librt-2.19.so
7fed7fe15000-7fed7fe16000 rw-p 00007000 08:06 261224                     /lib/x86_64-linux-gnu/librt-2.19.so
7fed7fe16000-7fed7ff1b000 r-xp 00000000 08:06 261137                     /lib/x86_64-linux-gnu/libm-2.19.so
7fed7ff1b000-7fed8011a000 ---p 00105000 08:06 261137                     /lib/x86_64-linux-gnu/libm-2.19.so
7fed8011a000-7fed8011b000 r--p 00104000 08:06 261137                     /lib/x86_64-linux-gnu/libm-2.19.so
7fed8011b000-7fed8011c000 rw-p 00105000 08:06 261137                     /lib/x86_64-linux-gnu/libm-2.19.so
7fed8011c000-7fed80dda000 r-xp 00000000 08:06 414502                     /usr/lib/jvm/java-8-oracle/jre/lib/amd64/server/libjvm.so
7fed80dda000-7fed80fd9000 ---p 00cbe000 08:06 414502                     /usr/lib/jvm/java-8-oracle/jre/lib/amd64/server/libjvm.so
7fed80fd9000-7fed810b2000 rw-p 00cbd000 08:06 414502                     /usr/lib/jvm/java-8-oracle/jre/lib/amd64/server/libjvm.so
7fed810b2000-7fed810f6000 rw-p 00000000 00:00 0 
7fed810f6000-7fed812b1000 r-xp 00000000 08:06 261221                     /lib/x86_64-linux-gnu/libc-2.19.so
7fed812b1000-7fed814b0000 ---p 001bb000 08:06 261221                     /lib/x86_64-linux-gnu/libc-2.19.so
7fed814b0000-7fed814b4000 r--p 001ba000 08:06 261221                     /lib/x86_64-linux-gnu/libc-2.19.so
7fed814b4000-7fed814b6000 rw-p 001be000 08:06 261221                     /lib/x86_64-linux-gnu/libc-2.19.so
7fed814b6000-7fed814bb000 rw-p 00000000 00:00 0 
7fed814bb000-7fed814be000 r-xp 00000000 08:06 261152                     /lib/x86_64-linux-gnu/libdl-2.19.so
7fed814be000-7fed816bd000 ---p 00003000 08:06 261152                     /lib/x86_64-linux-gnu/libdl-2.19.so
7fed816bd000-7fed816be000 r--p 00002000 08:06 261152                     /lib/x86_64-linux-gnu/libdl-2.19.so
7fed816be000-7fed816bf000 rw-p 00003000 08:06 261152                     /lib/x86_64-linux-gnu/libdl-2.19.so
7fed816bf000-7fed816d4000 r-xp 00000000 08:06 413769                     /usr/lib/jvm/java-8-oracle/lib/amd64/jli/libjli.so
7fed816d4000-7fed818d4000 ---p 00015000 08:06 413769                     /usr/lib/jvm/java-8-oracle/lib/amd64/jli/libjli.so
7fed818d4000-7fed818d5000 rw-p 00015000 08:06 413769                     /usr/lib/jvm/java-8-oracle/lib/amd64/jli/libjli.so
7fed818d5000-7fed818ee000 r-xp 00000000 08:06 261222                     /lib/x86_64-linux-gnu/libpthread-2.19.so
7fed818ee000-7fed81aed000 ---p 00019000 08:06 261222                     /lib/x86_64-linux-gnu/libpthread-2.19.so
7fed81aed000-7fed81aee000 r--p 00018000 08:06 261222                     /lib/x86_64-linux-gnu/libpthread-2.19.so
7fed81aee000-7fed81aef000 rw-p 00019000 08:06 261222                     /lib/x86_64-linux-gnu/libpthread-2.19.so
7fed81aef000-7fed81af3000 rw-p 00000000 00:00 0 
7fed81af3000-7fed81b16000 r-xp 00000000 08:06 261218                     /lib/x86_64-linux-gnu/ld-2.19.so
7fed81b17000-7fed81b1b000 r--s 00112000 08:07 2359896                    /home/jony/.m2/repository/net/java/dev/jna/jna/4.2.1/jna-4.2.1.jar
7fed81b1b000-7fed81bed000 rw-p 00000000 00:00 0 
7fed81bed000-7fed81bf0000 ---p 00000000 00:00 0 
7fed81bf0000-7fed81cf2000 rw-p 00000000 00:00 0                          [stack:13608]
7fed81cf4000-7fed81cf5000 rwxp 00000000 00:00 0 
7fed81cf5000-7fed81cf6000 r--s 00007000 08:07 8522705                    /home/jony/.m2/repository/org/slf4j/slf4j-api/1.7.10/slf4j-api-1.7.10.jar
7fed81cf6000-7fed81d09000 rw-p 00000000 00:00 0 
7fed81d09000-7fed81d11000 rw-s 00000000 08:06 522641                     /tmp/hsperfdata_jony/13602
7fed81d11000-7fed81d12000 rw-p 00000000 00:00 0 
7fed81d12000-7fed81d13000 r--p 00000000 00:00 0 
7fed81d13000-7fed81d15000 rw-p 00000000 00:00 0 
7fed81d15000-7fed81d16000 r--p 00022000 08:06 261218                     /lib/x86_64-linux-gnu/ld-2.19.so
7fed81d16000-7fed81d17000 rw-p 00023000 08:06 261218                     /lib/x86_64-linux-gnu/ld-2.19.so
7fed81d17000-7fed81d18000 rw-p 00000000 00:00 0 
7ffeebb1f000-7ffeebb40000 rw-p 00000000 00:00 0                          [stack]
7ffeebb6a000-7ffeebb6c000 r-xp 00000000 00:00 0                          [vdso]
7ffeebb6c000-7ffeebb6e000 r--p 00000000 00:00 0                          [vvar]
ffffffffff600000-ffffffffff601000 r-xp 00000000 00:00 0                  [vsyscall]

VM Arguments:
jvm_args: -Dfile.encoding=UTF-8 
java_command: com.movieCart.MainFrame
java_class_path (initial): /home/jony/Dropbox/Eclipse Workspace/movieCart/target/classes:/home/jony/.m2/repository/uk/co/caprica/vlcj/3.9.0/vlcj-3.9.0.jar:/home/jony/.m2/repository/org/slf4j/slf4j-api/1.7.10/slf4j-api-1.7.10.jar:/home/jony/.m2/repository/net/java/dev/jna/platform/3.5.2/platform-3.5.2.jar:/home/jony/.m2/repository/net/java/dev/jna/jna/4.2.1/jna-4.2.1.jar
Launcher Type: SUN_STANDARD

Environment Variables:
JAVA_HOME=/usr/lib/jvm/java-8-oracle
PATH=/home/jony/sys161/bin:/home/jony/sys161/tools/bin:/home/jony/bin:/usr/local/sbin:/usr/local/bin:/usr/sbin:/usr/bin:/sbin:/bin:/usr/games:/usr/local/games:/usr/lib/jvm/java-8-oracle/bin:/usr/lib/jvm/java-8-oracle/db/bin:/usr/lib/jvm/java-8-oracle/jre/bin
SHELL=/bin/bash
DISPLAY=:0.0

Signal Handlers:
SIGSEGV: [libjvm.so+0xaba2a0], sa_mask[0]=11111111011111111101111111111110, sa_flags=SA_RESTART|SA_SIGINFO
SIGBUS: [libjvm.so+0xaba2a0], sa_mask[0]=11111111011111111101111111111110, sa_flags=SA_RESTART|SA_SIGINFO
SIGFPE: [libjvm.so+0x917710], sa_mask[0]=11111111011111111101111111111110, sa_flags=SA_RESTART|SA_SIGINFO
SIGPIPE: [libjvm.so+0x917710], sa_mask[0]=11111111011111111101111111111110, sa_flags=SA_RESTART|SA_SIGINFO
SIGXFSZ: [libjvm.so+0x917710], sa_mask[0]=11111111011111111101111111111110, sa_flags=SA_RESTART|SA_SIGINFO
SIGILL: [libjvm.so+0x917710], sa_mask[0]=11111111011111111101111111111110, sa_flags=SA_RESTART|SA_SIGINFO
SIGUSR1: SIG_DFL, sa_mask[0]=00000000000000000000000000000000, sa_flags=none
SIGUSR2: [libjvm.so+0x918d40], sa_mask[0]=00100000000000000000000000000000, sa_flags=SA_RESTART|SA_SIGINFO
SIGHUP: [libjvm.so+0x91a140], sa_mask[0]=11111111011111111101111111111110, sa_flags=SA_RESTART|SA_SIGINFO
SIGINT: [libjvm.so+0x91a140], sa_mask[0]=11111111011111111101111111111110, sa_flags=SA_RESTART|SA_SIGINFO
SIGTERM: [libjvm.so+0x91a140], sa_mask[0]=11111111011111111101111111111110, sa_flags=SA_RESTART|SA_SIGINFO
SIGQUIT: [libjvm.so+0x91a140], sa_mask[0]=11111111011111111101111111111110, sa_flags=SA_RESTART|SA_SIGINFO


---------------  S Y S T E M  ---------------

OS:DISTRIB_ID=Ubuntu
DISTRIB_RELEASE=14.04
DISTRIB_CODENAME=trusty
DISTRIB_DESCRIPTION="Ubuntu 14.04.3 LTS"

uname:Linux 3.16.0-51-generic #69~14.04.1-Ubuntu SMP Wed Oct 7 15:32:41 UTC 2015 x86_64
libc:glibc 2.19 NPTL 2.19 
rlimit: STACK 8192k, CORE 0k, NPROC 15360, NOFILE 4096, AS infinity
load average:3.07 3.59 2.58

/proc/meminfo:
MemTotal:        3953704 kB
MemFree:          146552 kB
MemAvailable:    1619356 kB
Buffers:           31820 kB
Cached:          1813396 kB
SwapCached:        11188 kB
Active:          2179168 kB
Inactive:        1419652 kB
Active(anon):    1372872 kB
Inactive(anon):   615368 kB
Active(file):     806296 kB
Inactive(file):   804284 kB
Unevictable:         104 kB
Mlocked:             104 kB
SwapTotal:       9764860 kB
SwapFree:        9569824 kB
Dirty:               296 kB
Writeback:             0 kB
AnonPages:       1747944 kB
Mapped:           219504 kB
Shmem:            234428 kB
Slab:              94420 kB
SReclaimable:      62316 kB
SUnreclaim:        32104 kB
KernelStack:       10848 kB
PageTables:        38036 kB
NFS_Unstable:          0 kB
Bounce:                0 kB
WritebackTmp:          0 kB
CommitLimit:    11741712 kB
Committed_AS:    6633660 kB
VmallocTotal:   34359738367 kB
VmallocUsed:      361940 kB
VmallocChunk:   34359360012 kB
HardwareCorrupted:     0 kB
AnonHugePages:    524288 kB
HugePages_Total:       0
HugePages_Free:        0
HugePages_Rsvd:        0
HugePages_Surp:        0
Hugepagesize:       2048 kB
DirectMap4k:       72352 kB
DirectMap2M:     4028416 kB


CPU:total 4 (2 cores per cpu, 2 threads per core) family 6 model 42 stepping 7, cmov, cx8, fxsr, mmx, sse, sse2, sse3, ssse3, sse4.1, sse4.2, popcnt, avx, aes, clmul, ht, tsc, tscinvbit

/proc/cpuinfo:
processor	: 0
vendor_id	: GenuineIntel
cpu family	: 6
model		: 42
model name	: Intel(R) Core(TM) i5-2430M CPU @ 2.40GHz
stepping	: 7
microcode	: 0x1a
cpu MHz		: 1540.968
cache size	: 3072 KB
physical id	: 0
siblings	: 4
core id		: 0
cpu cores	: 2
apicid		: 0
initial apicid	: 0
fpu		: yes
fpu_exception	: yes
cpuid level	: 13
wp		: yes
flags		: fpu vme de pse tsc msr pae mce cx8 apic sep mtrr pge mca cmov pat pse36 clflush dts acpi mmx fxsr sse sse2 ss ht tm pbe syscall nx rdtscp lm constant_tsc arch_perfmon pebs bts rep_good nopl xtopology nonstop_tsc aperfmperf eagerfpu pni pclmulqdq dtes64 monitor ds_cpl vmx est tm2 ssse3 cx16 xtpr pdcm pcid sse4_1 sse4_2 x2apic popcnt tsc_deadline_timer aes xsave avx lahf_lm ida arat epb xsaveopt pln pts dtherm tpr_shadow vnmi flexpriority ept vpid
bogomips	: 4789.33
clflush size	: 64
cache_alignment	: 64
address sizes	: 36 bits physical, 48 bits virtual
power management:

processor	: 1
vendor_id	: GenuineIntel
cpu family	: 6
model		: 42
model name	: Intel(R) Core(TM) i5-2430M CPU @ 2.40GHz
stepping	: 7
microcode	: 0x1a
cpu MHz		: 2800.031
cache size	: 3072 KB
physical id	: 0
siblings	: 4
core id		: 1
cpu cores	: 2
apicid		: 2
initial apicid	: 2
fpu		: yes
fpu_exception	: yes
cpuid level	: 13
wp		: yes
flags		: fpu vme de pse tsc msr pae mce cx8 apic sep mtrr pge mca cmov pat pse36 clflush dts acpi mmx fxsr sse sse2 ss ht tm pbe syscall nx rdtscp lm constant_tsc arch_perfmon pebs bts rep_good nopl xtopology nonstop_tsc aperfmperf eagerfpu pni pclmulqdq dtes64 monitor ds_cpl vmx est tm2 ssse3 cx16 xtpr pdcm pcid sse4_1 sse4_2 x2apic popcnt tsc_deadline_timer aes xsave avx lahf_lm ida arat epb xsaveopt pln pts dtherm tpr_shadow vnmi flexpriority ept vpid
bogomips	: 4789.33
clflush size	: 64
cache_alignment	: 64
address sizes	: 36 bits physical, 48 bits virtual
power management:

processor	: 2
vendor_id	: GenuineIntel
cpu family	: 6
model		: 42
model name	: Intel(R) Core(TM) i5-2430M CPU @ 2.40GHz
stepping	: 7
microcode	: 0x1a
cpu MHz		: 2771.718
cache size	: 3072 KB
physical id	: 0
siblings	: 4
core id		: 0
cpu cores	: 2
apicid		: 1
initial apicid	: 1
fpu		: yes
fpu_exception	: yes
cpuid level	: 13
wp		: yes
flags		: fpu vme de pse tsc msr pae mce cx8 apic sep mtrr pge mca cmov pat pse36 clflush dts acpi mmx fxsr sse sse2 ss ht tm pbe syscall nx rdtscp lm constant_tsc arch_perfmon pebs bts rep_good nopl xtopology nonstop_tsc aperfmperf eagerfpu pni pclmulqdq dtes64 monitor ds_cpl vmx est tm2 ssse3 cx16 xtpr pdcm pcid sse4_1 sse4_2 x2apic popcnt tsc_deadline_timer aes xsave avx lahf_lm ida arat epb xsaveopt pln pts dtherm tpr_shadow vnmi flexpriority ept vpid
bogomips	: 4789.33
clflush size	: 64
cache_alignment	: 64
address sizes	: 36 bits physical, 48 bits virtual
power management:

processor	: 3
vendor_id	: GenuineIntel
cpu family	: 6
model		: 42
model name	: Intel(R) Core(TM) i5-2430M CPU @ 2.40GHz
stepping	: 7
microcode	: 0x1a
cpu MHz		: 2719.968
cache size	: 3072 KB
physical id	: 0
siblings	: 4
core id		: 1
cpu cores	: 2
apicid		: 3
initial apicid	: 3
fpu		: yes
fpu_exception	: yes
cpuid level	: 13
wp		: yes
flags		: fpu vme de pse tsc msr pae mce cx8 apic sep mtrr pge mca cmov pat pse36 clflush dts acpi mmx fxsr sse sse2 ss ht tm pbe syscall nx rdtscp lm constant_tsc arch_perfmon pebs bts rep_good nopl xtopology nonstop_tsc aperfmperf eagerfpu pni pclmulqdq dtes64 monitor ds_cpl vmx est tm2 ssse3 cx16 xtpr pdcm pcid sse4_1 sse4_2 x2apic popcnt tsc_deadline_timer aes xsave avx lahf_lm ida arat epb xsaveopt pln pts dtherm tpr_shadow vnmi flexpriority ept vpid
bogomips	: 4789.33
clflush size	: 64
cache_alignment	: 64
address sizes	: 36 bits physical, 48 bits virtual
power management:



Memory: 4k page, physical 3953704k(146428k free), swap 9764860k(9569824k free)

vm_info: Java HotSpot(TM) 64-Bit Server VM (25.66-b17) for linux-amd64 JRE (1.8.0_66-b17), built on Oct  6 2015 17:28:34 by "java_re" with gcc 4.3.0 20080428 (Red Hat 4.3.0-8)

time: Mon Oct 26 21:35:45 2015
elapsed time: 15 seconds (0d 0h 0m 15s)

