#
# A fatal error has been detected by the Java Runtime Environment:
#
#  SIGSEGV (0xb) at pc=0x00007fa23f86d902, pid=5635, tid=140335743964928
#
# JRE version: Java(TM) SE Runtime Environment (8.0_66-b17) (build 1.8.0_66-b17)
# Java VM: Java HotSpot(TM) 64-Bit Server VM (25.66-b17 mixed mode linux-amd64 compressed oops)
# Problematic frame:
# C  [libvlccore.so.7+0x83902]
#
# Failed to write core dump. Core dumps have been disabled. To enable core dumping, try "ulimit -c unlimited" before starting Java again
#
# If you would like to submit a bug report, please visit:
#   http://bugreport.java.com/bugreport/crash.jsp
# The crash happened outside the Java Virtual Machine in native code.
# See problematic frame for where to report the bug.
#

---------------  T H R E A D  ---------------

Current thread (0x00007fa2940f8800):  JavaThread "Thread-0" [_thread_in_native, id=5677, stack(0x00007fa2761b1000,0x00007fa2762b2000)]

siginfo: si_signo: 11 (SIGSEGV), si_code: 1 (SEGV_MAPERR), si_addr: 0x0000000000000000

Registers:
RAX=0x00007fa24c191068, RBX=0x00007fa24c1a0df0, RCX=0x0000000000000001, RDX=0x0000000000000001
RSP=0x00007fa2762aec10, RBP=0x0000000000000002, RSI=0x00007fa24c191060, RDI=0x0000000000000002
R8 =0x0000000000000001, R9 =0x0000000000000000, R10=0x0000000000000000, R11=0x00000000ffffff01
R12=0x00007fa2762aed00, R13=0x00007fa2762aed10, R14=0xffffffff00000000, R15=0x0000000000000001
RIP=0x00007fa23f86d902, EFLAGS=0x0000000000010246, CSGSFS=0x0000000000000033, ERR=0x0000000000000004
  TRAPNO=0x000000000000000e

Top of Stack: (sp=0x00007fa2762aec10)
0x00007fa2762aec10:   00007fa200000005 00007fa24c191060
0x00007fa2762aec20:   00007fa24c190b40 00007fa200000002
0x00007fa2762aec30:   00007fa2762aed00 00007fa24c1a0ba0
0x00007fa2762aec40:   0000000000000014 00007fa24c1a0b40
0x00007fa2762aec50:   0000000000000000 00007fa29ce717b0
0x00007fa2762aec60:   00007fa23f8afa58 00007fa24c1a0df0
0x00007fa2762aec70:   00007fa24c190b40 00007fa2762aed00
0x00007fa2762aec80:   0000000000000014 ffffffff00000000
0x00007fa2762aec90:   00007fa24c1a5f50 00007fa23f86cf4c
0x00007fa2762aeca0:   00007fa24c1778c8 00007fa2762aed10
0x00007fa2762aecb0:   00007fa24c191060 00000002118bf88d
0x00007fa2762aecc0:   00007fa2762aed04 00007fa200000000
0x00007fa2762aecd0:   00007fa24c190b40 00007fa29c886a64
0x00007fa2762aece0:   0000000000000000 00007fa29c372e54
0x00007fa2762aecf0:   00000000561f72d0 00007fa24c191060
0x00007fa2762aed00:   00007fa20000028b 0000000000000001
0x00007fa2762aed10:   0000000000000000 00007fa200000001
0x00007fa2762aed20:   0000000000000000 0000000100000001
0x00007fa2762aed30:   0000000000000000 0000000000000000
0x00007fa2762aed40:   0000000000000000 0000000000000000
0x00007fa2762aed50:   0000000000000000 0000000000000000
0x00007fa2762aed60:   0000000000000000 0000000000000000
0x00007fa2762aed70:   0000000000000000 0000000000000000
0x00007fa2762aed80:   0000000000000000 0000000000000000
0x00007fa2762aed90:   0000000000000000 0000000000000000
0x00007fa2762aeda0:   0000000000000000 0000000000000000
0x00007fa2762aedb0:   0000000000000000 0000000000000000
0x00007fa2762aedc0:   0000000000000000 0000000000000000
0x00007fa2762aedd0:   0000000000000000 0000000000000000
0x00007fa2762aede0:   0000000000000000 0000000000000000
0x00007fa2762aedf0:   0000000000000000 0000000000000000
0x00007fa2762aee00:   0000000000000000 0000000000000000 

Instructions: (pc=0x00007fa23f86d902)
0x00007fa23f86d8e2:   0a 02 00 00 48 8b 74 24 08 4d 63 c7 45 89 f9 41
0x00007fa23f86d8f2:   f7 d1 41 01 e9 4a 8d 04 c6 41 83 e1 07 4c 8b 10
0x00007fa23f86d902:   41 80 3a 2d 0f 84 b4 04 00 00 41 83 c7 01 48 83
0x00007fa23f86d912:   c0 08 44 3b 7c 24 18 45 89 7d 08 0f 84 0d 03 00 

Register to memory mapping:

RAX=0x00007fa24c191068 is an unknown value
RBX=0x00007fa24c1a0df0 is an unknown value
RCX=0x0000000000000001 is an unknown value
RDX=0x0000000000000001 is an unknown value
RSP=0x00007fa2762aec10 is pointing into the stack for thread: 0x00007fa2940f8800
RBP=0x0000000000000002 is an unknown value
RSI=0x00007fa24c191060 is an unknown value
RDI=0x0000000000000002 is an unknown value
R8 =0x0000000000000001 is an unknown value
R9 =0x0000000000000000 is an unknown value
R10=0x0000000000000000 is an unknown value
R11=0x00000000ffffff01 is an unallocated location in the heap
R12=0x00007fa2762aed00 is pointing into the stack for thread: 0x00007fa2940f8800
R13=0x00007fa2762aed10 is pointing into the stack for thread: 0x00007fa2940f8800
R14=0xffffffff00000000 is an unknown value
R15=0x0000000000000001 is an unknown value


Stack: [0x00007fa2761b1000,0x00007fa2762b2000],  sp=0x00007fa2762aec10,  free space=1015k
Native frames: (J=compiled Java code, j=interpreted, Vv=VM code, C=native code)
C  [libvlccore.so.7+0x83902]

Java frames: (J=compiled Java code, j=interpreted, Vv=VM code)
j  com.sun.jna.Native.invokePointer(JI[Ljava/lang/Object;)J+0
j  com.sun.jna.Function.invokePointer(I[Ljava/lang/Object;)Lcom/sun/jna/Pointer;+6
j  com.sun.jna.Function.invoke([Ljava/lang/Object;Ljava/lang/Class;Z)Ljava/lang/Object;+414
j  com.sun.jna.Function.invoke(Ljava/lang/reflect/Method;[Ljava/lang/Class;Ljava/lang/Class;[Ljava/lang/Object;Ljava/util/Map;)Ljava/lang/Object;+249
j  com.sun.jna.Library$Handler.invoke(Ljava/lang/Object;Ljava/lang/reflect/Method;[Ljava/lang/Object;)Ljava/lang/Object;+348
j  com.sun.proxy.$Proxy1.libvlc_new(I[Ljava/lang/String;)Luk/co/caprica/vlcj/binding/internal/libvlc_instance_t;+23
j  uk.co.caprica.vlcj.player.MediaPlayerFactory.<init>(Luk/co/caprica/vlcj/binding/LibVlc;[Ljava/lang/String;)V+70
j  uk.co.caprica.vlcj.player.MediaPlayerFactory.<init>([Ljava/lang/String;)V+13
j  com.movieCart.server.Streaming.start(Ljava/lang/String;)V+18
j  com.movieCart.server.Streaming.<init>(Ljava/net/Socket;Ljava/lang/String;)V+11
j  com.movieCart.server.Reader.run()V+39
v  ~StubRoutines::call_stub

---------------  P R O C E S S  ---------------

Java Threads: ( => current thread )
  0x00007fa24c141800 JavaThread "process reaper" daemon [_thread_blocked, id=5690, stack(0x00007fa27401b000,0x00007fa274054000)]
  0x00007fa24c10e000 JavaThread "AWT-XAWT" daemon [_thread_in_native, id=5688, stack(0x00007fa274054000,0x00007fa274155000)]
  0x00007fa24c0ee800 JavaThread "Java2D Disposer" daemon [_thread_blocked, id=5687, stack(0x00007fa274565000,0x00007fa274666000)]
=>0x00007fa2940f8800 JavaThread "Thread-0" [_thread_in_native, id=5677, stack(0x00007fa2761b1000,0x00007fa2762b2000)]
  0x00007fa2940e0000 JavaThread "Service Thread" daemon [_thread_blocked, id=5653, stack(0x00007fa2765ca000,0x00007fa2766cb000)]
  0x00007fa2940bb000 JavaThread "C1 CompilerThread2" daemon [_thread_blocked, id=5652, stack(0x00007fa2766cb000,0x00007fa2767cc000)]
  0x00007fa2940b9000 JavaThread "C2 CompilerThread1" daemon [_thread_blocked, id=5651, stack(0x00007fa2767cc000,0x00007fa2768cd000)]
  0x00007fa2940b6000 JavaThread "C2 CompilerThread0" daemon [_thread_blocked, id=5650, stack(0x00007fa2768cd000,0x00007fa2769ce000)]
  0x00007fa2940b4800 JavaThread "Signal Dispatcher" daemon [_thread_blocked, id=5649, stack(0x00007fa2769ce000,0x00007fa276acf000)]
  0x00007fa29407f000 JavaThread "Finalizer" daemon [_thread_blocked, id=5648, stack(0x00007fa2771f2000,0x00007fa2772f3000)]
  0x00007fa29407d000 JavaThread "Reference Handler" daemon [_thread_blocked, id=5647, stack(0x00007fa2772f3000,0x00007fa2773f4000)]
  0x00007fa29400a000 JavaThread "main" [_thread_in_native, id=5637, stack(0x00007fa29d8e6000,0x00007fa29d9e7000)]

Other Threads:
  0x00007fa294077800 VMThread [stack: 0x00007fa2773f4000,0x00007fa2774f5000] [id=5646]
  0x00007fa294103000 WatcherThread [stack: 0x00007fa2764c9000,0x00007fa2765ca000] [id=5654]

VM state:not at safepoint (normal execution)

VM Mutex/Monitor currently owned by a thread: None

Heap:
 PSYoungGen      total 18432K, used 11107K [0x00000000ebe00000, 0x00000000ed280000, 0x0000000100000000)
  eden space 15872K, 69% used [0x00000000ebe00000,0x00000000ec8d8cc0,0x00000000ecd80000)
  from space 2560K, 0% used [0x00000000ed000000,0x00000000ed000000,0x00000000ed280000)
  to   space 2560K, 0% used [0x00000000ecd80000,0x00000000ecd80000,0x00000000ed000000)
 ParOldGen       total 42496K, used 0K [0x00000000c3a00000, 0x00000000c6380000, 0x00000000ebe00000)
  object space 42496K, 0% used [0x00000000c3a00000,0x00000000c3a00000,0x00000000c6380000)
 Metaspace       used 7576K, capacity 7816K, committed 8192K, reserved 1056768K
  class space    used 834K, capacity 902K, committed 1024K, reserved 1048576K

Card table byte_map: [0x00007fa29a4d1000,0x00007fa29a6b5000] byte_map_base: 0x00007fa299eb4000

Marking Bits: (ParMarkBitMap*) 0x00007fa29cdc4020
 Begin Bits: [0x00007fa29815b000, 0x00007fa299073000)
 End Bits:   [0x00007fa299073000, 0x00007fa299f8b000)

Polling page: 0x00007fa29da0b000

CodeCache: size=245760Kb used=2390Kb max_used=2405Kb free=243369Kb
 bounds [0x00007fa285000000, 0x00007fa285270000, 0x00007fa294000000]
 total_blobs=965 nmethods=538 adapters=341
 compilation: enabled

Compilation events (10 events):
Event: 9.273 Thread 0x00007fa2940bb000  532       1       java.util.HashMap$Node::getKey (5 bytes)
Event: 9.273 Thread 0x00007fa2940bb000 nmethod 532 0x00007fa285246e50 code [0x00007fa285246fa0, 0x00007fa2852470b0]
Event: 9.273 Thread 0x00007fa2940bb000  534       1       java.util.jar.Manifest::getEntries (5 bytes)
Event: 9.273 Thread 0x00007fa2940bb000 nmethod 534 0x00007fa285246ad0 code [0x00007fa285246c20, 0x00007fa285246d30]
Event: 9.273 Thread 0x00007fa2940bb000  535       1       java.util.jar.JarFile::access$300 (5 bytes)
Event: 9.273 Thread 0x00007fa2940bb000 nmethod 535 0x00007fa28524db50 code [0x00007fa28524dca0, 0x00007fa28524dd90]
Event: 9.274 Thread 0x00007fa2940bb000  536       3       java.util.jar.Attributes::getValue (9 bytes)
Event: 9.274 Thread 0x00007fa2940bb000 nmethod 536 0x00007fa28524de10 code [0x00007fa28524dfa0, 0x00007fa28524e308]
Event: 9.274 Thread 0x00007fa2940bb000  537       3       java.util.jar.Attributes::get (11 bytes)
Event: 9.274 Thread 0x00007fa2940bb000 nmethod 537 0x00007fa28524e7d0 code [0x00007fa28524e940, 0x00007fa28524eb68]

GC Heap History (0 events):
No events

Deoptimization events (6 events):
Event: 9.143 Thread 0x00007fa2940f8800 Uncommon trap: reason=unstable_if action=reinterpret pc=0x00007fa2851a8f14 method=java.lang.String.replace(CC)Ljava/lang/String; @ 26
Event: 9.230 Thread 0x00007fa2940f8800 Uncommon trap: reason=unstable_if action=reinterpret pc=0x00007fa28521ed94 method=java.util.HashMap.getNode(ILjava/lang/Object;)Ljava/util/HashMap$Node; @ 129
Event: 9.244 Thread 0x00007fa2940f8800 Uncommon trap: reason=class_check action=maybe_recompile pc=0x00007fa285237a64 method=java.io.DataOutputStream.writeByte(I)V @ 5
Event: 9.244 Thread 0x00007fa2940f8800 Uncommon trap: reason=class_check action=maybe_recompile pc=0x00007fa285237a64 method=java.io.DataOutputStream.writeByte(I)V @ 5
Event: 9.244 Thread 0x00007fa2940f8800 Uncommon trap: reason=class_check action=maybe_recompile pc=0x00007fa285237a64 method=java.io.DataOutputStream.writeByte(I)V @ 5
Event: 9.244 Thread 0x00007fa2940f8800 Uncommon trap: reason=class_check action=maybe_recompile pc=0x00007fa285237a64 method=java.io.DataOutputStream.writeByte(I)V @ 5

Internal exceptions (10 events):
Event: 8.822 Thread 0x00007fa2940f8800 Exception <a 'java/security/PrivilegedActionException'> (0x00000000ec001838) thrown at [/HUDSON/workspace/8-2-build-linux-amd64/jdk8u66/4988/hotspot/src/share/vm/prims/jvm.cpp, line 1386]
Event: 8.822 Thread 0x00007fa2940f8800 Exception <a 'java/security/PrivilegedActionException'> (0x00000000ec001a48) thrown at [/HUDSON/workspace/8-2-build-linux-amd64/jdk8u66/4988/hotspot/src/share/vm/prims/jvm.cpp, line 1386]
Event: 8.823 Thread 0x00007fa2940f8800 Exception <a 'java/security/PrivilegedActionException'> (0x00000000ec003e88) thrown at [/HUDSON/workspace/8-2-build-linux-amd64/jdk8u66/4988/hotspot/src/share/vm/prims/jvm.cpp, line 1386]
Event: 8.823 Thread 0x00007fa2940f8800 Exception <a 'java/security/PrivilegedActionException'> (0x00000000ec004098) thrown at [/HUDSON/workspace/8-2-build-linux-amd64/jdk8u66/4988/hotspot/src/share/vm/prims/jvm.cpp, line 1386]
Event: 8.928 Thread 0x00007fa2940f8800 Exception <a 'java/lang/NoSuchFieldError': method resolution failed> (0x00000000ec100670) thrown at [/HUDSON/workspace/8-2-build-linux-amd64/jdk8u66/4988/hotspot/src/share/vm/prims/methodHandles.cpp, line 1146]
Event: 8.942 Thread 0x00007fa2940f8800 Exception <a 'java/lang/NoSuchFieldError': method resolution failed> (0x00000000ec10da70) thrown at [/HUDSON/workspace/8-2-build-linux-amd64/jdk8u66/4988/hotspot/src/share/vm/prims/methodHandles.cpp, line 1146]
Event: 8.988 Thread 0x00007fa2940f8800 Exception <a 'java/io/FileNotFoundException'> (0x00000000ec197fe0) thrown at [/HUDSON/workspace/8-2-build-linux-amd64/jdk8u66/4988/hotspot/src/share/vm/prims/jni.cpp, line 709]
Event: 8.988 Thread 0x00007fa2940f8800 Exception <a 'java/io/FileNotFoundException'> (0x00000000ec198980) thrown at [/HUDSON/workspace/8-2-build-linux-amd64/jdk8u66/4988/hotspot/src/share/vm/prims/jni.cpp, line 709]
Event: 9.182 Thread 0x00007fa2940f8800 Exception <a 'java/lang/UnsatisfiedLinkError': libvlc.so: cannot open shared object file: No such file or directory> (0x00000000ec4c8f98) thrown at [/HUDSON/workspace/8-2-build-linux-amd64/jdk8u66/4988/hotspot/src/share/vm/prims/jni.cpp, line 735]
Event: 9.183 Thread 0x00007fa2940f8800 Exception <a 'java/lang/UnsatisfiedLinkError': libvlc.so: cannot open shared object file: No such file or directory> (0x00000000ec4cb338) thrown at [/HUDSON/workspace/8-2-build-linux-amd64/jdk8u66/4988/hotspot/src/share/vm/prims/jni.cpp, line 735]

Events (10 events):
Event: 9.272 loading class com/sun/jna/Function$PostCallRead
Event: 9.272 loading class com/sun/jna/Function$PostCallRead done
Event: 9.273 loading class com/sun/jna/Memory$SharedMemory
Event: 9.273 loading class com/sun/jna/Memory$SharedMemory done
Event: 9.274 loading class com/sun/jna/WeakIdentityHashMap
Event: 9.274 loading class com/sun/jna/WeakIdentityHashMap done
Event: 9.275 loading class com/sun/jna/NativeMappedConverter
Event: 9.275 loading class com/sun/jna/NativeMappedConverter done
Event: 9.275 loading class com/sun/jna/TypeConverter
Event: 9.275 loading class com/sun/jna/TypeConverter done


Dynamic libraries:
00400000-00401000 r-xp 00000000 08:06 411928                             /usr/lib/jvm/java-8-oracle/bin/java
00600000-00601000 rw-p 00000000 08:06 411928                             /usr/lib/jvm/java-8-oracle/bin/java
022ab000-022cc000 rw-p 00000000 00:00 0                                  [heap]
c3a00000-c6380000 rw-p 00000000 00:00 0 
c6380000-ebe00000 ---p 00000000 00:00 0 
ebe00000-ed280000 rw-p 00000000 00:00 0 
ed280000-100000000 ---p 00000000 00:00 0 
100000000-100100000 rw-p 00000000 00:00 0 
100100000-140000000 ---p 00000000 00:00 0 
7fa238000000-7fa238023000 rw-p 00000000 00:00 0 
7fa238023000-7fa23c000000 ---p 00000000 00:00 0 
7fa23f372000-7fa23f3b6000 r-xp 00000000 08:06 265554                     /lib/x86_64-linux-gnu/libdbus-1.so.3.7.6
7fa23f3b6000-7fa23f5b5000 ---p 00044000 08:06 265554                     /lib/x86_64-linux-gnu/libdbus-1.so.3.7.6
7fa23f5b5000-7fa23f5b6000 r--p 00043000 08:06 265554                     /lib/x86_64-linux-gnu/libdbus-1.so.3.7.6
7fa23f5b6000-7fa23f5b7000 rw-p 00044000 08:06 265554                     /lib/x86_64-linux-gnu/libdbus-1.so.3.7.6
7fa23f5b7000-7fa23f5e8000 r-xp 00000000 08:06 530638                     /usr/lib/x86_64-linux-gnu/libidn.so.11.6.11
7fa23f5e8000-7fa23f7e8000 ---p 00031000 08:06 530638                     /usr/lib/x86_64-linux-gnu/libidn.so.11.6.11
7fa23f7e8000-7fa23f7e9000 r--p 00031000 08:06 530638                     /usr/lib/x86_64-linux-gnu/libidn.so.11.6.11
7fa23f7e9000-7fa23f7ea000 rw-p 00032000 08:06 530638                     /usr/lib/x86_64-linux-gnu/libidn.so.11.6.11
7fa23f7ea000-7fa23f8c8000 r-xp 00000000 08:06 412641                     /usr/lib/libvlccore.so.7.0.0
7fa23f8c8000-7fa23fac8000 ---p 000de000 08:06 412641                     /usr/lib/libvlccore.so.7.0.0
7fa23fac8000-7fa23facb000 r--p 000de000 08:06 412641                     /usr/lib/libvlccore.so.7.0.0
7fa23facb000-7fa23facc000 rw-p 000e1000 08:06 412641                     /usr/lib/libvlccore.so.7.0.0
7fa23facc000-7fa23fae6000 r-xp 00000000 08:06 412644                     /usr/lib/libvlc.so.5.4.0
7fa23fae6000-7fa23fce5000 ---p 0001a000 08:06 412644                     /usr/lib/libvlc.so.5.4.0
7fa23fce5000-7fa23fce6000 r--p 00019000 08:06 412644                     /usr/lib/libvlc.so.5.4.0
7fa23fce6000-7fa23fce7000 rw-p 0001a000 08:06 412644                     /usr/lib/libvlc.so.5.4.0
7fa23fce7000-7fa23fcfe000 r-xp 00000000 08:06 530697                     /tmp/jna-3268048/jna1666593610853234972.tmp (deleted)
7fa23fcfe000-7fa23fdfd000 ---p 00017000 08:06 530697                     /tmp/jna-3268048/jna1666593610853234972.tmp (deleted)
7fa23fdfd000-7fa23fdff000 rw-p 00016000 08:06 530697                     /tmp/jna-3268048/jna1666593610853234972.tmp (deleted)
7fa23fdff000-7fa23fe00000 r-xp 00000000 08:06 414495                     /usr/lib/jvm/java-8-oracle/jre/lib/amd64/libjawt.so
7fa23fe00000-7fa23ffff000 ---p 00001000 08:06 414495                     /usr/lib/jvm/java-8-oracle/jre/lib/amd64/libjawt.so
7fa23ffff000-7fa240000000 rw-p 00000000 08:06 414495                     /usr/lib/jvm/java-8-oracle/jre/lib/amd64/libjawt.so
7fa240000000-7fa240021000 rw-p 00000000 00:00 0 
7fa240021000-7fa244000000 ---p 00000000 00:00 0 
7fa244000000-7fa244021000 rw-p 00000000 00:00 0 
7fa244021000-7fa248000000 ---p 00000000 00:00 0 
7fa248000000-7fa248021000 rw-p 00000000 00:00 0 
7fa248021000-7fa24c000000 ---p 00000000 00:00 0 
7fa24c000000-7fa24c2eb000 rw-p 00000000 00:00 0 
7fa24c2eb000-7fa250000000 ---p 00000000 00:00 0 
7fa250000000-7fa2502c8000 rw-p 00000000 00:00 0 
7fa2502c8000-7fa254000000 ---p 00000000 00:00 0 
7fa254000000-7fa254021000 rw-p 00000000 00:00 0 
7fa254021000-7fa258000000 ---p 00000000 00:00 0 
7fa258000000-7fa2581a5000 rw-p 00000000 00:00 0 
7fa2581a5000-7fa25c000000 ---p 00000000 00:00 0 
7fa25c000000-7fa25c155000 rw-p 00000000 00:00 0 
7fa25c155000-7fa260000000 ---p 00000000 00:00 0 
7fa260000000-7fa260021000 rw-p 00000000 00:00 0 
7fa260021000-7fa264000000 ---p 00000000 00:00 0 
7fa264000000-7fa264021000 rw-p 00000000 00:00 0 
7fa264021000-7fa268000000 ---p 00000000 00:00 0 
7fa268000000-7fa268021000 rw-p 00000000 00:00 0 
7fa268021000-7fa26c000000 ---p 00000000 00:00 0 
7fa26c000000-7fa26c021000 rw-p 00000000 00:00 0 
7fa26c021000-7fa270000000 ---p 00000000 00:00 0 
7fa270000000-7fa270021000 rw-p 00000000 00:00 0 
7fa270021000-7fa274000000 ---p 00000000 00:00 0 
7fa27401b000-7fa27401e000 ---p 00000000 00:00 0 
7fa27401e000-7fa274054000 rw-p 00000000 00:00 0                          [stack:5690]
7fa274054000-7fa274057000 ---p 00000000 00:00 0 
7fa274057000-7fa274155000 rw-p 00000000 00:00 0                          [stack:5688]
7fa274155000-7fa27415a000 r-xp 00000000 08:06 522501                     /usr/lib/x86_64-linux-gnu/libXfixes.so.3.1.0
7fa27415a000-7fa274359000 ---p 00005000 08:06 522501                     /usr/lib/x86_64-linux-gnu/libXfixes.so.3.1.0
7fa274359000-7fa27435a000 r--p 00004000 08:06 522501                     /usr/lib/x86_64-linux-gnu/libXfixes.so.3.1.0
7fa27435a000-7fa27435b000 rw-p 00005000 08:06 522501                     /usr/lib/x86_64-linux-gnu/libXfixes.so.3.1.0
7fa27435b000-7fa274364000 r-xp 00000000 08:06 530071                     /usr/lib/x86_64-linux-gnu/libXcursor.so.1.0.2
7fa274364000-7fa274563000 ---p 00009000 08:06 530071                     /usr/lib/x86_64-linux-gnu/libXcursor.so.1.0.2
7fa274563000-7fa274564000 r--p 00008000 08:06 530071                     /usr/lib/x86_64-linux-gnu/libXcursor.so.1.0.2
7fa274564000-7fa274565000 rw-p 00009000 08:06 530071                     /usr/lib/x86_64-linux-gnu/libXcursor.so.1.0.2
7fa274565000-7fa274568000 ---p 00000000 00:00 0 
7fa274568000-7fa274666000 rw-p 00000000 00:00 0                          [stack:5687]
7fa274666000-7fa27467c000 r-xp 00000000 08:06 265567                     /lib/x86_64-linux-gnu/libgcc_s.so.1
7fa27467c000-7fa27487b000 ---p 00016000 08:06 265567                     /lib/x86_64-linux-gnu/libgcc_s.so.1
7fa27487b000-7fa27487c000 rw-p 00015000 08:06 265567                     /lib/x86_64-linux-gnu/libgcc_s.so.1
7fa27487c000-7fa2748e1000 r-xp 00000000 08:06 414526                     /usr/lib/jvm/java-8-oracle/jre/lib/amd64/libfontmanager.so
7fa2748e1000-7fa274ae1000 ---p 00065000 08:06 414526                     /usr/lib/jvm/java-8-oracle/jre/lib/amd64/libfontmanager.so
7fa274ae1000-7fa274ae5000 rw-p 00065000 08:06 414526                     /usr/lib/jvm/java-8-oracle/jre/lib/amd64/libfontmanager.so
7fa274ae5000-7fa274af6000 rw-p 00000000 00:00 0 
7fa274af6000-7fa274afb000 r-xp 00000000 08:06 530075                     /usr/lib/x86_64-linux-gnu/libXdmcp.so.6.0.0
7fa274afb000-7fa274cfa000 ---p 00005000 08:06 530075                     /usr/lib/x86_64-linux-gnu/libXdmcp.so.6.0.0
7fa274cfa000-7fa274cfb000 r--p 00004000 08:06 530075                     /usr/lib/x86_64-linux-gnu/libXdmcp.so.6.0.0
7fa274cfb000-7fa274cfc000 rw-p 00005000 08:06 530075                     /usr/lib/x86_64-linux-gnu/libXdmcp.so.6.0.0
7fa274cfc000-7fa274cfe000 r-xp 00000000 08:06 530064                     /usr/lib/x86_64-linux-gnu/libXau.so.6.0.0
7fa274cfe000-7fa274efe000 ---p 00002000 08:06 530064                     /usr/lib/x86_64-linux-gnu/libXau.so.6.0.0
7fa274efe000-7fa274eff000 r--p 00002000 08:06 530064                     /usr/lib/x86_64-linux-gnu/libXau.so.6.0.0
7fa274eff000-7fa274f00000 rw-p 00003000 08:06 530064                     /usr/lib/x86_64-linux-gnu/libXau.so.6.0.0
7fa274f00000-7fa274f1d000 r-xp 00000000 08:06 531132                     /usr/lib/x86_64-linux-gnu/libxcb.so.1.1.0
7fa274f1d000-7fa27511d000 ---p 0001d000 08:06 531132                     /usr/lib/x86_64-linux-gnu/libxcb.so.1.1.0
7fa27511d000-7fa27511e000 r--p 0001d000 08:06 531132                     /usr/lib/x86_64-linux-gnu/libxcb.so.1.1.0
7fa27511e000-7fa27511f000 rw-p 0001e000 08:06 531132                     /usr/lib/x86_64-linux-gnu/libxcb.so.1.1.0
7fa27511f000-7fa27512e000 r-xp 00000000 08:06 522608                     /usr/lib/x86_64-linux-gnu/libXi.so.6.1.0
7fa27512e000-7fa27532d000 ---p 0000f000 08:06 522608                     /usr/lib/x86_64-linux-gnu/libXi.so.6.1.0
7fa27532d000-7fa27532e000 r--p 0000e000 08:06 522608                     /usr/lib/x86_64-linux-gnu/libXi.so.6.1.0
7fa27532e000-7fa27532f000 rw-p 0000f000 08:06 522608                     /usr/lib/x86_64-linux-gnu/libXi.so.6.1.0
7fa27532f000-7fa275334000 r-xp 00000000 08:06 530105                     /usr/lib/x86_64-linux-gnu/libXtst.so.6.1.0
7fa275334000-7fa275533000 ---p 00005000 08:06 530105                     /usr/lib/x86_64-linux-gnu/libXtst.so.6.1.0
7fa275533000-7fa275534000 r--p 00004000 08:06 530105                     /usr/lib/x86_64-linux-gnu/libXtst.so.6.1.0
7fa275534000-7fa275535000 rw-p 00005000 08:06 530105                     /usr/lib/x86_64-linux-gnu/libXtst.so.6.1.0
7fa275535000-7fa27553e000 r-xp 00000000 08:06 522612                     /usr/lib/x86_64-linux-gnu/libXrender.so.1.3.0
7fa27553e000-7fa27573d000 ---p 00009000 08:06 522612                     /usr/lib/x86_64-linux-gnu/libXrender.so.1.3.0
7fa27573d000-7fa27573e000 r--p 00008000 08:06 522612                     /usr/lib/x86_64-linux-gnu/libXrender.so.1.3.0
7fa27573e000-7fa27573f000 rw-p 00009000 08:06 522612                     /usr/lib/x86_64-linux-gnu/libXrender.so.1.3.0
7fa27573f000-7fa27586f000 r-xp 00000000 08:06 530060                     /usr/lib/x86_64-linux-gnu/libX11.so.6.3.0
7fa27586f000-7fa275a6f000 ---p 00130000 08:06 530060                     /usr/lib/x86_64-linux-gnu/libX11.so.6.3.0
7fa275a6f000-7fa275a70000 r--p 00130000 08:06 530060                     /usr/lib/x86_64-linux-gnu/libX11.so.6.3.0
7fa275a70000-7fa275a74000 rw-p 00131000 08:06 530060                     /usr/lib/x86_64-linux-gnu/libX11.so.6.3.0
7fa275a74000-7fa275a85000 r-xp 00000000 08:06 522564                     /usr/lib/x86_64-linux-gnu/libXext.so.6.4.0
7fa275a85000-7fa275c84000 ---p 00011000 08:06 522564                     /usr/lib/x86_64-linux-gnu/libXext.so.6.4.0
7fa275c84000-7fa275c85000 r--p 00010000 08:06 522564                     /usr/lib/x86_64-linux-gnu/libXext.so.6.4.0
7fa275c85000-7fa275c86000 rw-p 00011000 08:06 522564                     /usr/lib/x86_64-linux-gnu/libXext.so.6.4.0
7fa275c86000-7fa275cda000 r-xp 00000000 08:06 414472                     /usr/lib/jvm/java-8-oracle/jre/lib/amd64/libawt_xawt.so
7fa275cda000-7fa275eda000 ---p 00054000 08:06 414472                     /usr/lib/jvm/java-8-oracle/jre/lib/amd64/libawt_xawt.so
7fa275eda000-7fa275ede000 rw-p 00054000 08:06 414472                     /usr/lib/jvm/java-8-oracle/jre/lib/amd64/libawt_xawt.so
7fa275ede000-7fa275edf000 rw-p 00000000 00:00 0 
7fa275edf000-7fa275f81000 r-xp 00000000 08:06 414471                     /usr/lib/jvm/java-8-oracle/jre/lib/amd64/libawt.so
7fa275f81000-7fa276181000 ---p 000a2000 08:06 414471                     /usr/lib/jvm/java-8-oracle/jre/lib/amd64/libawt.so
7fa276181000-7fa27618d000 rw-p 000a2000 08:06 414471                     /usr/lib/jvm/java-8-oracle/jre/lib/amd64/libawt.so
7fa27618d000-7fa2761b1000 rw-p 00000000 00:00 0 
7fa2761b1000-7fa2761b4000 ---p 00000000 00:00 0 
7fa2761b4000-7fa2762b2000 rw-p 00000000 00:00 0                          [stack:5677]
7fa2762b2000-7fa2762c8000 r-xp 00000000 08:06 414527                     /usr/lib/jvm/java-8-oracle/jre/lib/amd64/libnet.so
7fa2762c8000-7fa2764c8000 ---p 00016000 08:06 414527                     /usr/lib/jvm/java-8-oracle/jre/lib/amd64/libnet.so
7fa2764c8000-7fa2764c9000 rw-p 00016000 08:06 414527                     /usr/lib/jvm/java-8-oracle/jre/lib/amd64/libnet.so
7fa2764c9000-7fa2764ca000 ---p 00000000 00:00 0 
7fa2764ca000-7fa2765ca000 rw-p 00000000 00:00 0                          [stack:5654]
7fa2765ca000-7fa2765cd000 ---p 00000000 00:00 0 
7fa2765cd000-7fa2766cb000 rw-p 00000000 00:00 0                          [stack:5653]
7fa2766cb000-7fa2766ce000 ---p 00000000 00:00 0 
7fa2766ce000-7fa2767cc000 rw-p 00000000 00:00 0                          [stack:5652]
7fa2767cc000-7fa2767cf000 ---p 00000000 00:00 0 
7fa2767cf000-7fa2768cd000 rw-p 00000000 00:00 0                          [stack:5651]
7fa2768cd000-7fa2768d0000 ---p 00000000 00:00 0 
7fa2768d0000-7fa2769ce000 rw-p 00000000 00:00 0                          [stack:5650]
7fa2769ce000-7fa2769d1000 ---p 00000000 00:00 0 
7fa2769d1000-7fa276acf000 rw-p 00000000 00:00 0                          [stack:5649]
7fa276acf000-7fa2771f2000 r--p 00000000 08:06 397847                     /usr/lib/locale/locale-archive
7fa2771f2000-7fa2771f5000 ---p 00000000 00:00 0 
7fa2771f5000-7fa2772f3000 rw-p 00000000 00:00 0                          [stack:5648]
7fa2772f3000-7fa2772f6000 ---p 00000000 00:00 0 
7fa2772f6000-7fa2773f4000 rw-p 00000000 00:00 0                          [stack:5647]
7fa2773f4000-7fa2773f5000 ---p 00000000 00:00 0 
7fa2773f5000-7fa278000000 rw-p 00000000 00:00 0                          [stack:5646]
7fa278000000-7fa278021000 rw-p 00000000 00:00 0 
7fa278021000-7fa27c000000 ---p 00000000 00:00 0 
7fa27c000000-7fa27c021000 rw-p 00000000 00:00 0 
7fa27c021000-7fa280000000 ---p 00000000 00:00 0 
7fa280000000-7fa280021000 rw-p 00000000 00:00 0 
7fa280021000-7fa284000000 ---p 00000000 00:00 0 
7fa28402c000-7fa284031000 r--s 00096000 08:06 414462                     /usr/lib/jvm/java-8-oracle/jre/lib/jsse.jar
7fa284031000-7fa284040000 r--s 00115000 08:07 2097400                    /home/jony/.m2/repository/net/java/dev/jna/platform/3.5.2/platform-3.5.2.jar
7fa284040000-7fa284444000 rw-p 00000000 00:00 0 
7fa284444000-7fa28461d000 r--s 03d20000 08:06 414457                     /usr/lib/jvm/java-8-oracle/jre/lib/rt.jar
7fa28461d000-7fa284d1d000 rw-p 00000000 00:00 0 
7fa284d1d000-7fa284e1d000 ---p 00000000 00:00 0 
7fa284e1d000-7fa285000000 rw-p 00000000 00:00 0 
7fa285000000-7fa285270000 rwxp 00000000 00:00 0 
7fa285270000-7fa294000000 ---p 00000000 00:00 0 
7fa294000000-7fa29411f000 rw-p 00000000 00:00 0 
7fa29411f000-7fa298000000 ---p 00000000 00:00 0 
7fa298003000-7fa29800f000 r--s 00057000 08:07 2097396                    /home/jony/.m2/repository/uk/co/caprica/vlcj/3.9.0/vlcj-3.9.0.jar
7fa29800f000-7fa299f8b000 rw-p 00000000 00:00 0 
7fa299f8b000-7fa299f8c000 ---p 00000000 00:00 0 
7fa299f8c000-7fa29a08c000 rw-p 00000000 00:00 0                          [stack:5645]
7fa29a08c000-7fa29a08d000 ---p 00000000 00:00 0 
7fa29a08d000-7fa29a18d000 rw-p 00000000 00:00 0                          [stack:5644]
7fa29a18d000-7fa29a18e000 ---p 00000000 00:00 0 
7fa29a18e000-7fa29a28e000 rw-p 00000000 00:00 0                          [stack:5643]
7fa29a28e000-7fa29a28f000 ---p 00000000 00:00 0 
7fa29a28f000-7fa29a3a4000 rw-p 00000000 00:00 0                          [stack:5640]
7fa29a3a4000-7fa29a4d1000 ---p 00000000 00:00 0 
7fa29a4d1000-7fa29a4e6000 rw-p 00000000 00:00 0 
7fa29a4e6000-7fa29a613000 ---p 00000000 00:00 0 
7fa29a613000-7fa29a61e000 rw-p 00000000 00:00 0 
7fa29a61e000-7fa29a6b4000 ---p 00000000 00:00 0 
7fa29a6b4000-7fa29a6bf000 rw-p 00000000 00:00 0 
7fa29a6bf000-7fa29aa75000 ---p 00000000 00:00 0 
7fa29aa75000-7fa29aa8f000 r-xp 00000000 08:06 414518                     /usr/lib/jvm/java-8-oracle/jre/lib/amd64/libzip.so
7fa29aa8f000-7fa29ac8f000 ---p 0001a000 08:06 414518                     /usr/lib/jvm/java-8-oracle/jre/lib/amd64/libzip.so
7fa29ac8f000-7fa29ac90000 rw-p 0001a000 08:06 414518                     /usr/lib/jvm/java-8-oracle/jre/lib/amd64/libzip.so
7fa29ac90000-7fa29ac9b000 r-xp 00000000 08:06 261141                     /lib/x86_64-linux-gnu/libnss_files-2.19.so
7fa29ac9b000-7fa29ae9a000 ---p 0000b000 08:06 261141                     /lib/x86_64-linux-gnu/libnss_files-2.19.so
7fa29ae9a000-7fa29ae9b000 r--p 0000a000 08:06 261141                     /lib/x86_64-linux-gnu/libnss_files-2.19.so
7fa29ae9b000-7fa29ae9c000 rw-p 0000b000 08:06 261141                     /lib/x86_64-linux-gnu/libnss_files-2.19.so
7fa29ae9c000-7fa29aea7000 r-xp 00000000 08:06 265432                     /lib/x86_64-linux-gnu/libnss_nis-2.19.so
7fa29aea7000-7fa29b0a6000 ---p 0000b000 08:06 265432                     /lib/x86_64-linux-gnu/libnss_nis-2.19.so
7fa29b0a6000-7fa29b0a7000 r--p 0000a000 08:06 265432                     /lib/x86_64-linux-gnu/libnss_nis-2.19.so
7fa29b0a7000-7fa29b0a8000 rw-p 0000b000 08:06 265432                     /lib/x86_64-linux-gnu/libnss_nis-2.19.so
7fa29b0a8000-7fa29b0bf000 r-xp 00000000 08:06 261216                     /lib/x86_64-linux-gnu/libnsl-2.19.so
7fa29b0bf000-7fa29b2be000 ---p 00017000 08:06 261216                     /lib/x86_64-linux-gnu/libnsl-2.19.so
7fa29b2be000-7fa29b2bf000 r--p 00016000 08:06 261216                     /lib/x86_64-linux-gnu/libnsl-2.19.so
7fa29b2bf000-7fa29b2c0000 rw-p 00017000 08:06 261216                     /lib/x86_64-linux-gnu/libnsl-2.19.so
7fa29b2c0000-7fa29b2c2000 rw-p 00000000 00:00 0 
7fa29b2c2000-7fa29b2cb000 r-xp 00000000 08:06 261215                     /lib/x86_64-linux-gnu/libnss_compat-2.19.so
7fa29b2cb000-7fa29b4ca000 ---p 00009000 08:06 261215                     /lib/x86_64-linux-gnu/libnss_compat-2.19.so
7fa29b4ca000-7fa29b4cb000 r--p 00008000 08:06 261215                     /lib/x86_64-linux-gnu/libnss_compat-2.19.so
7fa29b4cb000-7fa29b4cc000 rw-p 00009000 08:06 261215                     /lib/x86_64-linux-gnu/libnss_compat-2.19.so
7fa29b4cc000-7fa29b4f6000 r-xp 00000000 08:06 414479                     /usr/lib/jvm/java-8-oracle/jre/lib/amd64/libjava.so
7fa29b4f6000-7fa29b6f6000 ---p 0002a000 08:06 414479                     /usr/lib/jvm/java-8-oracle/jre/lib/amd64/libjava.so
7fa29b6f6000-7fa29b6f8000 rw-p 0002a000 08:06 414479                     /usr/lib/jvm/java-8-oracle/jre/lib/amd64/libjava.so
7fa29b6f8000-7fa29b705000 r-xp 00000000 08:06 414470                     /usr/lib/jvm/java-8-oracle/jre/lib/amd64/libverify.so
7fa29b705000-7fa29b905000 ---p 0000d000 08:06 414470                     /usr/lib/jvm/java-8-oracle/jre/lib/amd64/libverify.so
7fa29b905000-7fa29b907000 rw-p 0000d000 08:06 414470                     /usr/lib/jvm/java-8-oracle/jre/lib/amd64/libverify.so
7fa29b907000-7fa29b90e000 r-xp 00000000 08:06 261224                     /lib/x86_64-linux-gnu/librt-2.19.so
7fa29b90e000-7fa29bb0d000 ---p 00007000 08:06 261224                     /lib/x86_64-linux-gnu/librt-2.19.so
7fa29bb0d000-7fa29bb0e000 r--p 00006000 08:06 261224                     /lib/x86_64-linux-gnu/librt-2.19.so
7fa29bb0e000-7fa29bb0f000 rw-p 00007000 08:06 261224                     /lib/x86_64-linux-gnu/librt-2.19.so
7fa29bb0f000-7fa29bc14000 r-xp 00000000 08:06 261137                     /lib/x86_64-linux-gnu/libm-2.19.so
7fa29bc14000-7fa29be13000 ---p 00105000 08:06 261137                     /lib/x86_64-linux-gnu/libm-2.19.so
7fa29be13000-7fa29be14000 r--p 00104000 08:06 261137                     /lib/x86_64-linux-gnu/libm-2.19.so
7fa29be14000-7fa29be15000 rw-p 00105000 08:06 261137                     /lib/x86_64-linux-gnu/libm-2.19.so
7fa29be15000-7fa29cad3000 r-xp 00000000 08:06 414502                     /usr/lib/jvm/java-8-oracle/jre/lib/amd64/server/libjvm.so
7fa29cad3000-7fa29ccd2000 ---p 00cbe000 08:06 414502                     /usr/lib/jvm/java-8-oracle/jre/lib/amd64/server/libjvm.so
7fa29ccd2000-7fa29cdab000 rw-p 00cbd000 08:06 414502                     /usr/lib/jvm/java-8-oracle/jre/lib/amd64/server/libjvm.so
7fa29cdab000-7fa29cdef000 rw-p 00000000 00:00 0 
7fa29cdef000-7fa29cfaa000 r-xp 00000000 08:06 261221                     /lib/x86_64-linux-gnu/libc-2.19.so
7fa29cfaa000-7fa29d1a9000 ---p 001bb000 08:06 261221                     /lib/x86_64-linux-gnu/libc-2.19.so
7fa29d1a9000-7fa29d1ad000 r--p 001ba000 08:06 261221                     /lib/x86_64-linux-gnu/libc-2.19.so
7fa29d1ad000-7fa29d1af000 rw-p 001be000 08:06 261221                     /lib/x86_64-linux-gnu/libc-2.19.so
7fa29d1af000-7fa29d1b4000 rw-p 00000000 00:00 0 
7fa29d1b4000-7fa29d1b7000 r-xp 00000000 08:06 261152                     /lib/x86_64-linux-gnu/libdl-2.19.so
7fa29d1b7000-7fa29d3b6000 ---p 00003000 08:06 261152                     /lib/x86_64-linux-gnu/libdl-2.19.so
7fa29d3b6000-7fa29d3b7000 r--p 00002000 08:06 261152                     /lib/x86_64-linux-gnu/libdl-2.19.so
7fa29d3b7000-7fa29d3b8000 rw-p 00003000 08:06 261152                     /lib/x86_64-linux-gnu/libdl-2.19.so
7fa29d3b8000-7fa29d3cd000 r-xp 00000000 08:06 413769                     /usr/lib/jvm/java-8-oracle/lib/amd64/jli/libjli.so
7fa29d3cd000-7fa29d5cd000 ---p 00015000 08:06 413769                     /usr/lib/jvm/java-8-oracle/lib/amd64/jli/libjli.so
7fa29d5cd000-7fa29d5ce000 rw-p 00015000 08:06 413769                     /usr/lib/jvm/java-8-oracle/lib/amd64/jli/libjli.so
7fa29d5ce000-7fa29d5e7000 r-xp 00000000 08:06 261222                     /lib/x86_64-linux-gnu/libpthread-2.19.so
7fa29d5e7000-7fa29d7e6000 ---p 00019000 08:06 261222                     /lib/x86_64-linux-gnu/libpthread-2.19.so
7fa29d7e6000-7fa29d7e7000 r--p 00018000 08:06 261222                     /lib/x86_64-linux-gnu/libpthread-2.19.so
7fa29d7e7000-7fa29d7e8000 rw-p 00019000 08:06 261222                     /lib/x86_64-linux-gnu/libpthread-2.19.so
7fa29d7e8000-7fa29d7ec000 rw-p 00000000 00:00 0 
7fa29d7ec000-7fa29d80f000 r-xp 00000000 08:06 261218                     /lib/x86_64-linux-gnu/ld-2.19.so
7fa29d810000-7fa29d814000 r--s 00112000 08:07 2359896                    /home/jony/.m2/repository/net/java/dev/jna/jna/4.2.1/jna-4.2.1.jar
7fa29d814000-7fa29d8e6000 rw-p 00000000 00:00 0 
7fa29d8e6000-7fa29d8e9000 ---p 00000000 00:00 0 
7fa29d8e9000-7fa29d9eb000 rw-p 00000000 00:00 0                          [stack:5637]
7fa29d9ec000-7fa29d9ed000 rw-p 00000000 00:00 0 
7fa29d9ed000-7fa29d9ee000 r--s 00002000 08:07 1322282                    /home/jony/.m2/repository/org/slf4j/slf4j-simple/1.7.12/slf4j-simple-1.7.12.jar
7fa29d9ee000-7fa29d9ef000 r--s 00007000 08:07 8522705                    /home/jony/.m2/repository/org/slf4j/slf4j-api/1.7.10/slf4j-api-1.7.10.jar
7fa29d9ef000-7fa29da02000 rw-p 00000000 00:00 0 
7fa29da02000-7fa29da0a000 rw-s 00000000 08:06 522647                     /tmp/hsperfdata_jony/5635
7fa29da0a000-7fa29da0b000 rw-p 00000000 00:00 0 
7fa29da0b000-7fa29da0c000 r--p 00000000 00:00 0 
7fa29da0c000-7fa29da0e000 rw-p 00000000 00:00 0 
7fa29da0e000-7fa29da0f000 r--p 00022000 08:06 261218                     /lib/x86_64-linux-gnu/ld-2.19.so
7fa29da0f000-7fa29da10000 rw-p 00023000 08:06 261218                     /lib/x86_64-linux-gnu/ld-2.19.so
7fa29da10000-7fa29da11000 rw-p 00000000 00:00 0 
7ffcbba0f000-7ffcbba30000 rw-p 00000000 00:00 0                          [stack]
7ffcbbb31000-7ffcbbb33000 r-xp 00000000 00:00 0                          [vdso]
7ffcbbb33000-7ffcbbb35000 r--p 00000000 00:00 0                          [vvar]
ffffffffff600000-ffffffffff601000 r-xp 00000000 00:00 0                  [vsyscall]

VM Arguments:
jvm_args: -Dfile.encoding=UTF-8 
java_command: com.movieCart.server.ServerManager
java_class_path (initial): /home/jony/MovieCart/movieCart/target/classes:/home/jony/.m2/repository/uk/co/caprica/vlcj/3.9.0/vlcj-3.9.0.jar:/home/jony/.m2/repository/org/slf4j/slf4j-api/1.7.10/slf4j-api-1.7.10.jar:/home/jony/.m2/repository/net/java/dev/jna/platform/3.5.2/platform-3.5.2.jar:/home/jony/.m2/repository/net/java/dev/jna/jna/4.2.1/jna-4.2.1.jar:/home/jony/.m2/repository/org/slf4j/slf4j-simple/1.7.12/slf4j-simple-1.7.12.jar
Launcher Type: SUN_STANDARD

Environment Variables:
JAVA_HOME=/usr/lib/jvm/java-8-oracle
PATH=/home/jony/sys161/bin:/home/jony/sys161/tools/bin:/home/jony/bin:/usr/local/sbin:/usr/local/bin:/usr/sbin:/usr/bin:/sbin:/bin:/usr/games:/usr/local/games:/usr/lib/jvm/java-8-oracle/bin:/usr/lib/jvm/java-8-oracle/db/bin:/usr/lib/jvm/java-8-oracle/jre/bin
SHELL=/bin/bash
DISPLAY=:0

Signal Handlers:
SIGSEGV: [libjvm.so+0xaba2a0], sa_mask[0]=11111111011111111101111111111110, sa_flags=SA_RESTART|SA_SIGINFO
SIGBUS: [libjvm.so+0xaba2a0], sa_mask[0]=11111111011111111101111111111110, sa_flags=SA_RESTART|SA_SIGINFO
SIGFPE: [libjvm.so+0x917710], sa_mask[0]=11111111011111111101111111111110, sa_flags=SA_RESTART|SA_SIGINFO
SIGPIPE: [libjvm.so+0x917710], sa_mask[0]=11111111011111111101111111111110, sa_flags=SA_RESTART|SA_SIGINFO
SIGXFSZ: [libjvm.so+0x917710], sa_mask[0]=11111111011111111101111111111110, sa_flags=SA_RESTART|SA_SIGINFO
SIGILL: [libjvm.so+0x917710], sa_mask[0]=11111111011111111101111111111110, sa_flags=SA_RESTART|SA_SIGINFO
SIGUSR1: SIG_DFL, sa_mask[0]=00000000000000000000000000000000, sa_flags=none
SIGUSR2: [libjvm.so+0x918d40], sa_mask[0]=00100000000000000000000000000000, sa_flags=SA_RESTART|SA_SIGINFO
SIGHUP: [libjvm.so+0x91a140], sa_mask[0]=11111111011111111101111111111110, sa_flags=SA_RESTART|SA_SIGINFO
SIGINT: [libjvm.so+0x91a140], sa_mask[0]=11111111011111111101111111111110, sa_flags=SA_RESTART|SA_SIGINFO
SIGTERM: [libjvm.so+0x91a140], sa_mask[0]=11111111011111111101111111111110, sa_flags=SA_RESTART|SA_SIGINFO
SIGQUIT: [libjvm.so+0x91a140], sa_mask[0]=11111111011111111101111111111110, sa_flags=SA_RESTART|SA_SIGINFO


---------------  S Y S T E M  ---------------

OS:DISTRIB_ID=Ubuntu
DISTRIB_RELEASE=14.04
DISTRIB_CODENAME=trusty
DISTRIB_DESCRIPTION="Ubuntu 14.04.3 LTS"

uname:Linux 3.16.0-53-generic #72~14.04.1-Ubuntu SMP Fri Nov 6 18:17:23 UTC 2015 x86_64
libc:glibc 2.19 NPTL 2.19 
rlimit: STACK 8192k, CORE 0k, NPROC 15360, NOFILE 4096, AS infinity
load average:0.85 0.60 0.48

/proc/meminfo:
MemTotal:        3953704 kB
MemFree:          859000 kB
MemAvailable:    1584432 kB
Buffers:          109740 kB
Cached:           965900 kB
SwapCached:        71160 kB
Active:          2171012 kB
Inactive:         692204 kB
Active(anon):    1708032 kB
Inactive(anon):   301468 kB
Active(file):     462980 kB
Inactive(file):   390736 kB
Unevictable:         104 kB
Mlocked:             104 kB
SwapTotal:       9764860 kB
SwapFree:        9564360 kB
Dirty:               356 kB
Writeback:             0 kB
AnonPages:       1721308 kB
Mapped:           288164 kB
Shmem:            221840 kB
Slab:             112216 kB
SReclaimable:      81304 kB
SUnreclaim:        30912 kB
KernelStack:        9904 kB
PageTables:        38788 kB
NFS_Unstable:          0 kB
Bounce:                0 kB
WritebackTmp:          0 kB
CommitLimit:    11741712 kB
Committed_AS:    6033084 kB
VmallocTotal:   34359738367 kB
VmallocUsed:      362036 kB
VmallocChunk:   34359365628 kB
HardwareCorrupted:     0 kB
AnonHugePages:    921600 kB
HugePages_Total:       0
HugePages_Free:        0
HugePages_Rsvd:        0
HugePages_Surp:        0
Hugepagesize:       2048 kB
DirectMap4k:       70304 kB
DirectMap2M:     4030464 kB


CPU:total 4 (2 cores per cpu, 2 threads per core) family 6 model 42 stepping 7, cmov, cx8, fxsr, mmx, sse, sse2, sse3, ssse3, sse4.1, sse4.2, popcnt, avx, aes, clmul, ht, tsc, tscinvbit

/proc/cpuinfo:
processor	: 0
vendor_id	: GenuineIntel
cpu family	: 6
model		: 42
model name	: Intel(R) Core(TM) i5-2430M CPU @ 2.40GHz
stepping	: 7
microcode	: 0x1a
cpu MHz		: 1643.625
cache size	: 3072 KB
physical id	: 0
siblings	: 4
core id		: 0
cpu cores	: 2
apicid		: 0
initial apicid	: 0
fpu		: yes
fpu_exception	: yes
cpuid level	: 13
wp		: yes
flags		: fpu vme de pse tsc msr pae mce cx8 apic sep mtrr pge mca cmov pat pse36 clflush dts acpi mmx fxsr sse sse2 ss ht tm pbe syscall nx rdtscp lm constant_tsc arch_perfmon pebs bts rep_good nopl xtopology nonstop_tsc aperfmperf eagerfpu pni pclmulqdq dtes64 monitor ds_cpl vmx est tm2 ssse3 cx16 xtpr pdcm pcid sse4_1 sse4_2 x2apic popcnt tsc_deadline_timer aes xsave avx lahf_lm ida arat epb xsaveopt pln pts dtherm tpr_shadow vnmi flexpriority ept vpid
bogomips	: 4789.38
clflush size	: 64
cache_alignment	: 64
address sizes	: 36 bits physical, 48 bits virtual
power management:

processor	: 1
vendor_id	: GenuineIntel
cpu family	: 6
model		: 42
model name	: Intel(R) Core(TM) i5-2430M CPU @ 2.40GHz
stepping	: 7
microcode	: 0x1a
cpu MHz		: 2821.593
cache size	: 3072 KB
physical id	: 0
siblings	: 4
core id		: 1
cpu cores	: 2
apicid		: 2
initial apicid	: 2
fpu		: yes
fpu_exception	: yes
cpuid level	: 13
wp		: yes
flags		: fpu vme de pse tsc msr pae mce cx8 apic sep mtrr pge mca cmov pat pse36 clflush dts acpi mmx fxsr sse sse2 ss ht tm pbe syscall nx rdtscp lm constant_tsc arch_perfmon pebs bts rep_good nopl xtopology nonstop_tsc aperfmperf eagerfpu pni pclmulqdq dtes64 monitor ds_cpl vmx est tm2 ssse3 cx16 xtpr pdcm pcid sse4_1 sse4_2 x2apic popcnt tsc_deadline_timer aes xsave avx lahf_lm ida arat epb xsaveopt pln pts dtherm tpr_shadow vnmi flexpriority ept vpid
bogomips	: 4789.38
clflush size	: 64
cache_alignment	: 64
address sizes	: 36 bits physical, 48 bits virtual
power management:

processor	: 2
vendor_id	: GenuineIntel
cpu family	: 6
model		: 42
model name	: Intel(R) Core(TM) i5-2430M CPU @ 2.40GHz
stepping	: 7
microcode	: 0x1a
cpu MHz		: 2800.031
cache size	: 3072 KB
physical id	: 0
siblings	: 4
core id		: 0
cpu cores	: 2
apicid		: 1
initial apicid	: 1
fpu		: yes
fpu_exception	: yes
cpuid level	: 13
wp		: yes
flags		: fpu vme de pse tsc msr pae mce cx8 apic sep mtrr pge mca cmov pat pse36 clflush dts acpi mmx fxsr sse sse2 ss ht tm pbe syscall nx rdtscp lm constant_tsc arch_perfmon pebs bts rep_good nopl xtopology nonstop_tsc aperfmperf eagerfpu pni pclmulqdq dtes64 monitor ds_cpl vmx est tm2 ssse3 cx16 xtpr pdcm pcid sse4_1 sse4_2 x2apic popcnt tsc_deadline_timer aes xsave avx lahf_lm ida arat epb xsaveopt pln pts dtherm tpr_shadow vnmi flexpriority ept vpid
bogomips	: 4789.38
clflush size	: 64
cache_alignment	: 64
address sizes	: 36 bits physical, 48 bits virtual
power management:

processor	: 3
vendor_id	: GenuineIntel
cpu family	: 6
model		: 42
model name	: Intel(R) Core(TM) i5-2430M CPU @ 2.40GHz
stepping	: 7
microcode	: 0x1a
cpu MHz		: 2800.031
cache size	: 3072 KB
physical id	: 0
siblings	: 4
core id		: 1
cpu cores	: 2
apicid		: 3
initial apicid	: 3
fpu		: yes
fpu_exception	: yes
cpuid level	: 13
wp		: yes
flags		: fpu vme de pse tsc msr pae mce cx8 apic sep mtrr pge mca cmov pat pse36 clflush dts acpi mmx fxsr sse sse2 ss ht tm pbe syscall nx rdtscp lm constant_tsc arch_perfmon pebs bts rep_good nopl xtopology nonstop_tsc aperfmperf eagerfpu pni pclmulqdq dtes64 monitor ds_cpl vmx est tm2 ssse3 cx16 xtpr pdcm pcid sse4_1 sse4_2 x2apic popcnt tsc_deadline_timer aes xsave avx lahf_lm ida arat epb xsaveopt pln pts dtherm tpr_shadow vnmi flexpriority ept vpid
bogomips	: 4789.38
clflush size	: 64
cache_alignment	: 64
address sizes	: 36 bits physical, 48 bits virtual
power management:



Memory: 4k page, physical 3953704k(859000k free), swap 9764860k(9564360k free)

vm_info: Java HotSpot(TM) 64-Bit Server VM (25.66-b17) for linux-amd64 JRE (1.8.0_66-b17), built on Oct  6 2015 17:28:34 by "java_re" with gcc 4.3.0 20080428 (Red Hat 4.3.0-8)

time: Fri Nov 27 17:33:18 2015
elapsed time: 9 seconds (0d 0h 0m 9s)

