#
# A fatal error has been detected by the Java Runtime Environment:
#
#  SIGSEGV (0xb) at pc=0x00007fb8352c6414, pid=14004, tid=140429147064064
#
# JRE version: Java(TM) SE Runtime Environment (8.0_66-b17) (build 1.8.0_66-b17)
# Java VM: Java HotSpot(TM) 64-Bit Server VM (25.66-b17 mixed mode linux-amd64 compressed oops)
# Problematic frame:
# C  [libpthread.so.0+0xa414]  pthread_mutex_lock+0x4
#
# Failed to write core dump. Core dumps have been disabled. To enable core dumping, try "ulimit -c unlimited" before starting Java again
#
# If you would like to submit a bug report, please visit:
#   http://bugreport.java.com/bugreport/crash.jsp
# The crash happened outside the Java Virtual Machine in native code.
# See problematic frame for where to report the bug.
#

---------------  T H R E A D  ---------------

Current thread (0x00007fb82c00c000):  JavaThread "main" [_thread_in_native, id=14010, stack(0x00007fb8355d4000,0x00007fb8356d5000)]

siginfo: si_signo: 11 (SIGSEGV), si_code: 1 (SEGV_MAPERR), si_addr: 0x0000000000000010

Registers:
RAX=0x00007fb80cd7c950, RBX=0x00007fb8356d2cb0, RCX=0x000000000000015d, RDX=0x00007fb8356d2ca0
RSP=0x00007fb8356d2c30, RBP=0x00007fb82c2850f0, RSI=0x00007fb8356d2c90, RDI=0x0000000000000000
R8 =0x00007fb8356d2cb0, R9 =0x00000000000001fd, R10=0x00007fb82c26c790, R11=0x00007fb80cdfdd07
R12=0x00007fb8356d2c8c, R13=0x00007fb8356d2dc0, R14=0x00007fb8356d2db8, R15=0x00007fb82c00c1f8
RIP=0x00007fb8352c6414, EFLAGS=0x0000000000010206, CSGSFS=0x0000000000000033, ERR=0x0000000000000004
  TRAPNO=0x000000000000000e

Top of Stack: (sp=0x00007fb8356d2c30)
0x00007fb8356d2c30:   00007fb8356d2db8 00007fb80cd960da
0x00007fb8356d2c40:   00007fb8356d2c90 00007fb8356d2ca0
0x00007fb8356d2c50:   00007fb82c2e7ba0 00007fb82c2e8c00
0x00007fb8356d2c60:   00007fb82c22ee10 00007fb82c2e7ba0
0x00007fb8356d2c70:   00007fb82c2e8c00 00007fb80cd73a42
0x00007fb8356d2c80:   00007fb82c2e7ba0 00007fb8354f0515
0x00007fb8356d2c90:   0000015e0000015d 696c436900000000
0x00007fb8356d2ca0:   0000015700000156 00007fb800000000
0x00007fb8356d2cb0:   00007fb82c22ee10 00007fb82c2e8c00
0x00007fb8356d2cc0:   00007fb82c2e8c00 00007fb8356d2d20
0x00007fb8356d2cd0:   00007fb82c2e7ba0 00007fb80d2c8991
0x00007fb8356d2ce0:   00007fb82c00c000 00007fb82c22ee10
0x00007fb8356d2cf0:   00007fb82c00c000 00007fb830ce1450
0x00007fb8356d2d00:   0000000000000000 00007fb830ce1450
0x00007fb8356d2d10:   00007fb8356d2dd0 00007fb82c00c000
0x00007fb8356d2d20:   00007fb8356d2d98 00007fb81d01ce84
0x00007fb8356d2d30:   00007fb830ce1450 0000000000000000
0x00007fb8356d2d40:   00007fb8356d2d98 00007fb81d01c947
0x00007fb8356d2d50:   00007fb81d01c902 00007fb8356d2d58
0x00007fb8356d2d60:   00007fb830ce1450 00007fb8356d2dd0
0x00007fb8356d2d70:   00007fb830ce4c60 0000000000000000
0x00007fb8356d2d80:   00007fb830ce1450 0000000000000000
0x00007fb8356d2d90:   00007fb8356d2db8 00007fb8356d2e18
0x00007fb8356d2da0:   00007fb81d007a50 00000000ece555f0
0x00007fb8356d2db0:   00007fb81d0137db 00000000ebf86720
0x00007fb8356d2dc0:   00000000ece3e3d8 00007fb82c22ee10
0x00007fb8356d2dd0:   00007fb81d0077e0 00007fb8356d2dd8
0x00007fb8356d2de0:   00007fb830cc271c 00007fb8356d2e30
0x00007fb8356d2df0:   00007fb830cc90f0 0000000000000000
0x00007fb8356d2e00:   00007fb830cc27c0 00007fb8356d2db8
0x00007fb8356d2e10:   00007fb8356d2e38 00007fb8356d2e78
0x00007fb8356d2e20:   00007fb81d007ccd 0000000000000000 

Instructions: (pc=0x00007fb8352c6414)
0x00007fb8352c63f4:   0f 1f 40 00 c7 47 10 ff ff ff ff 31 c0 c3 66 2e
0x00007fb8352c6404:   0f 1f 84 00 00 00 00 00 0f 1f 40 00 48 83 ec 08
0x00007fb8352c6414:   8b 77 10 49 89 f8 89 f0 89 f2 25 7f 01 00 00 83
0x00007fb8352c6424:   e2 7c 0f 85 bf 00 00 00 85 c0 75 70 8b 15 ee 30 

Register to memory mapping:

RAX=0x00007fb80cd7c950: <offset 0x2a950> in /usr/lib/x86_64-linux-gnu/libX11.so.6 at 0x00007fb80cd52000
RBX=0x00007fb8356d2cb0 is pointing into the stack for thread: 0x00007fb82c00c000
RCX=0x000000000000015d is an unknown value
RDX=0x00007fb8356d2ca0 is pointing into the stack for thread: 0x00007fb82c00c000
RSP=0x00007fb8356d2c30 is pointing into the stack for thread: 0x00007fb82c00c000
RBP=0x00007fb82c2850f0 is an unknown value
RSI=0x00007fb8356d2c90 is pointing into the stack for thread: 0x00007fb82c00c000
RDI=0x0000000000000000 is an unknown value
R8 =0x00007fb8356d2cb0 is pointing into the stack for thread: 0x00007fb82c00c000
R9 =0x00000000000001fd is an unknown value
R10=0x00007fb82c26c790 is an unknown value
R11=0x00007fb80cdfdd07: <offset 0xabd07> in /usr/lib/x86_64-linux-gnu/libX11.so.6 at 0x00007fb80cd52000
R12=0x00007fb8356d2c8c is pointing into the stack for thread: 0x00007fb82c00c000
R13=0x00007fb8356d2dc0 is pointing into the stack for thread: 0x00007fb82c00c000
R14=0x00007fb8356d2db8 is pointing into the stack for thread: 0x00007fb82c00c000
R15=0x00007fb82c00c1f8 is an unknown value


Stack: [0x00007fb8355d4000,0x00007fb8356d5000],  sp=0x00007fb8356d2c30,  free space=1019k
Native frames: (J=compiled Java code, j=interpreted, Vv=VM code, C=native code)
C  [libpthread.so.0+0xa414]  pthread_mutex_lock+0x4

Java frames: (J=compiled Java code, j=interpreted, Vv=VM code)
j  sun.awt.X11.XlibWrapper.XGetDefault(JLjava/lang/String;Ljava/lang/String;)Ljava/lang/String;+0
j  sun.awt.X11.XToolkit.initializeMultiClickTime()V+12
j  sun.awt.X11.XToolkit.getMultiClickTime()I+6
j  sun.awt.X11.XToolkit.initializeDesktopProperties()V+82
j  java.awt.Toolkit.getDesktopProperty(Ljava/lang/String;)Ljava/lang/Object;+32
j  sun.swing.SwingUtilities2$AATextInfo.getAATextInfo(Z)Lsun/swing/SwingUtilities2$AATextInfo;+11
j  javax.swing.plaf.metal.MetalLookAndFeel.initComponentDefaults(Ljavax/swing/UIDefaults;)V+12062
j  javax.swing.plaf.basic.BasicLookAndFeel.getDefaults()Ljavax/swing/UIDefaults;+25
j  javax.swing.plaf.metal.MetalLookAndFeel.getDefaults()Ljavax/swing/UIDefaults;+9
j  javax.swing.UIManager.setLookAndFeel(Ljavax/swing/LookAndFeel;)V+79
j  javax.swing.UIManager.setLookAndFeel(Ljava/lang/String;)V+16
j  javax.swing.UIManager.initializeDefaultLAF(Ljava/util/Properties;)V+55
j  javax.swing.UIManager.initialize()V+9
j  javax.swing.UIManager.maybeInitialize()V+22
j  javax.swing.UIManager.getUI(Ljavax/swing/JComponent;)Ljavax/swing/plaf/ComponentUI;+0
j  javax.swing.JPanel.updateUI()V+2
j  javax.swing.JPanel.<init>(Ljava/awt/LayoutManager;Z)V+24
j  javax.swing.JPanel.<init>(Z)V+9
j  javax.swing.JPanel.<init>()V+2
j  javax.swing.JRootPane.createGlassPane()Ljava/awt/Component;+4
j  javax.swing.JRootPane.<init>()V+11
j  javax.swing.JFrame.createRootPane()Ljavax/swing/JRootPane;+4
j  javax.swing.JFrame.frameInit()V+16
j  javax.swing.JFrame.<init>()V+20
j  com.movieCart.MainFrame.<init>()V+1
j  com.movieCart.MainFrame.main([Ljava/lang/String;)V+41
v  ~StubRoutines::call_stub

---------------  P R O C E S S  ---------------

Java Threads: ( => current thread )
  0x00007fb82c28f000 JavaThread "AWT-XAWT" daemon [_thread_in_native, id=14034, stack(0x00007fb7db547000,0x00007fb7db648000)]
  0x00007fb82c26a000 JavaThread "Java2D Disposer" daemon [_thread_blocked, id=14033, stack(0x00007fb80c008000,0x00007fb80c109000)]
  0x00007fb82c20b000 JavaThread "process reaper" daemon [_thread_blocked, id=14032, stack(0x00007fb81c0b8000,0x00007fb81c0f1000)]
  0x00007fb82c0d2000 JavaThread "Service Thread" daemon [_thread_blocked, id=14029, stack(0x00007fb80d8c5000,0x00007fb80d9c6000)]
  0x00007fb82c0cc800 JavaThread "C1 CompilerThread2" daemon [_thread_blocked, id=14028, stack(0x00007fb80d9c6000,0x00007fb80dac7000)]
  0x00007fb82c0cb000 JavaThread "C2 CompilerThread1" daemon [_thread_blocked, id=14027, stack(0x00007fb80dac7000,0x00007fb80dbc8000)]
  0x00007fb82c0c8000 JavaThread "C2 CompilerThread0" daemon [_thread_blocked, id=14026, stack(0x00007fb80dbc8000,0x00007fb80dcc9000)]
  0x00007fb7f8001000 JavaThread "JDWP Command Reader" daemon [_thread_in_native, id=14022, stack(0x00007fb80dcc9000,0x00007fb80ddca000)]
  0x00007fb82c0c5800 JavaThread "JDWP Event Helper Thread" daemon [_thread_blocked, id=14021, stack(0x00007fb80ddca000,0x00007fb80decb000)]
  0x00007fb82c0c2000 JavaThread "JDWP Transport Listener: dt_socket" daemon [_thread_blocked, id=14020, stack(0x00007fb80decb000,0x00007fb80dfcc000)]
  0x00007fb82c0b6000 JavaThread "Signal Dispatcher" daemon [_thread_blocked, id=14018, stack(0x00007fb81c0f1000,0x00007fb81c1f2000)]
  0x00007fb82c081000 JavaThread "Finalizer" daemon [_thread_blocked, id=14017, stack(0x00007fb81c1f2000,0x00007fb81c2f3000)]
  0x00007fb82c07f000 JavaThread "Reference Handler" daemon [_thread_blocked, id=14016, stack(0x00007fb81c2f3000,0x00007fb81c3f4000)]
=>0x00007fb82c00c000 JavaThread "main" [_thread_in_native, id=14010, stack(0x00007fb8355d4000,0x00007fb8356d5000)]

Other Threads:
  0x00007fb82c07a000 VMThread [stack: 0x00007fb81c3f4000,0x00007fb81c4f5000] [id=14015]
  0x00007fb82c0d5000 WatcherThread [stack: 0x00007fb80d7c4000,0x00007fb80d8c5000] [id=14030]

VM state:not at safepoint (normal execution)

VM Mutex/Monitor currently owned by a thread: None

Heap:
 PSYoungGen      total 18432K, used 3693K [0x00000000ebe00000, 0x00000000ed280000, 0x0000000100000000)
  eden space 15872K, 10% used [0x00000000ebe00000,0x00000000ebfa4150,0x00000000ecd80000)
  from space 2560K, 78% used [0x00000000ecd80000,0x00000000ecf77438,0x00000000ed000000)
  to   space 2560K, 0% used [0x00000000ed000000,0x00000000ed000000,0x00000000ed280000)
 ParOldGen       total 42496K, used 8K [0x00000000c3a00000, 0x00000000c6380000, 0x00000000ebe00000)
  object space 42496K, 0% used [0x00000000c3a00000,0x00000000c3a02000,0x00000000c6380000)
 Metaspace       used 9281K, capacity 9514K, committed 9728K, reserved 1058816K
  class space    used 1065K, capacity 1160K, committed 1280K, reserved 1048576K

Card table byte_map: [0x00007fb83165f000,0x00007fb831843000] byte_map_base: 0x00007fb831042000

Marking Bits: (ParMarkBitMap*) 0x00007fb834ab2020
 Begin Bits: [0x00007fb80e1d0000, 0x00007fb80f0e8000)
 End Bits:   [0x00007fb80f0e8000, 0x00007fb810000000)

Polling page: 0x00007fb8356f9000

CodeCache: size=245760Kb used=2703Kb max_used=2703Kb free=243056Kb
 bounds [0x00007fb81d000000, 0x00007fb81d2b0000, 0x00007fb82c000000]
 total_blobs=1059 nmethods=625 adapters=356
 compilation: enabled

Compilation events (10 events):
Event: 2.436 Thread 0x00007fb82c0cc800  621       3       java.lang.invoke.MethodType::toMethodDescriptorString (21 bytes)
Event: 2.437 Thread 0x00007fb82c0cc800 nmethod 621 0x00007fb81d2a2610 code [0x00007fb81d2a2820, 0x00007fb81d2a3338]
Event: 2.438 Thread 0x00007fb82c0cc800  622       3       java.lang.invoke.MethodType$ConcurrentWeakInternSet$WeakEntry::equals (49 bytes)
Event: 2.438 Thread 0x00007fb82c0cc800 nmethod 622 0x00007fb81d2a3b50 code [0x00007fb81d2a3ce0, 0x00007fb81d2a4348]
Event: 2.438 Thread 0x00007fb82c0cc800  623       3       jdk.internal.org.objectweb.asm.Label::resolve (214 bytes)
Event: 2.438 Thread 0x00007fb82c0cc800 nmethod 623 0x00007fb81d2a4810 code [0x00007fb81d2a49a0, 0x00007fb81d2a4eb0]
Event: 2.439 Thread 0x00007fb82c0cc800  624       3       jdk.internal.org.objectweb.asm.Item::<init> (5 bytes)
Event: 2.439 Thread 0x00007fb82c0cc800 nmethod 624 0x00007fb81d2a5390 code [0x00007fb81d2a5500, 0x00007fb81d2a56b0]
Event: 2.439 Thread 0x00007fb82c0cc800  626       1       java.lang.reflect.Constructor::getDeclaringClass (5 bytes)
Event: 2.439 Thread 0x00007fb82c0cc800 nmethod 626 0x00007fb81d2a5750 code [0x00007fb81d2a58a0, 0x00007fb81d2a59b0]

GC Heap History (2 events):
Event: 2.383 GC heap before
{Heap before GC invocations=1 (full 0):
 PSYoungGen      total 18432K, used 15872K [0x00000000ebe00000, 0x00000000ed280000, 0x0000000100000000)
  eden space 15872K, 100% used [0x00000000ebe00000,0x00000000ecd80000,0x00000000ecd80000)
  from space 2560K, 0% used [0x00000000ed000000,0x00000000ed000000,0x00000000ed280000)
  to   space 2560K, 0% used [0x00000000ecd80000,0x00000000ecd80000,0x00000000ed000000)
 ParOldGen       total 42496K, used 0K [0x00000000c3a00000, 0x00000000c6380000, 0x00000000ebe00000)
  object space 42496K, 0% used [0x00000000c3a00000,0x00000000c3a00000,0x00000000c6380000)
 Metaspace       used 8422K, capacity 8598K, committed 8704K, reserved 1056768K
  class space    used 960K, capacity 1024K, committed 1024K, reserved 1048576K
Event: 2.390 GC heap after
Heap after GC invocations=1 (full 0):
 PSYoungGen      total 18432K, used 2013K [0x00000000ebe00000, 0x00000000ed280000, 0x0000000100000000)
  eden space 15872K, 0% used [0x00000000ebe00000,0x00000000ebe00000,0x00000000ecd80000)
  from space 2560K, 78% used [0x00000000ecd80000,0x00000000ecf77438,0x00000000ed000000)
  to   space 2560K, 0% used [0x00000000ed000000,0x00000000ed000000,0x00000000ed280000)
 ParOldGen       total 42496K, used 8K [0x00000000c3a00000, 0x00000000c6380000, 0x00000000ebe00000)
  object space 42496K, 0% used [0x00000000c3a00000,0x00000000c3a02000,0x00000000c6380000)
 Metaspace       used 8422K, capacity 8598K, committed 8704K, reserved 1056768K
  class space    used 960K, capacity 1024K, committed 1024K, reserved 1048576K
}

Deoptimization events (10 events):
Event: 1.150 Thread 0x00007fb82c00c000 Uncommon trap: reason=class_check action=maybe_recompile pc=0x00007fb81d1ae120 method=java.util.regex.Matcher.match(II)Z @ 86
Event: 1.150 Thread 0x00007fb82c00c000 Uncommon trap: reason=class_check action=maybe_recompile pc=0x00007fb81d1ae120 method=java.util.regex.Matcher.match(II)Z @ 86
Event: 1.253 Thread 0x00007fb82c00c000 Uncommon trap: reason=class_check action=maybe_recompile pc=0x00007fb81d1ae120 method=java.util.regex.Matcher.match(II)Z @ 86
Event: 1.487 Thread 0x00007fb82c00c000 Uncommon trap: reason=class_check action=maybe_recompile pc=0x00007fb81d24d4a8 method=java.io.DataOutputStream.writeByte(I)V @ 5
Event: 1.487 Thread 0x00007fb82c00c000 Uncommon trap: reason=class_check action=maybe_recompile pc=0x00007fb81d24d4a8 method=java.io.DataOutputStream.writeByte(I)V @ 5
Event: 1.487 Thread 0x00007fb82c00c000 Uncommon trap: reason=class_check action=maybe_recompile pc=0x00007fb81d24d4a8 method=java.io.DataOutputStream.writeByte(I)V @ 5
Event: 1.487 Thread 0x00007fb82c00c000 Uncommon trap: reason=class_check action=maybe_recompile pc=0x00007fb81d24d4a8 method=java.io.DataOutputStream.writeByte(I)V @ 5
Event: 1.515 Thread 0x00007fb82c00c000 Uncommon trap: reason=class_check action=maybe_recompile pc=0x00007fb81d1ae120 method=java.util.regex.Matcher.match(II)Z @ 86
Event: 2.390 Thread 0x00007fb82c00c000 Uncommon trap: reason=unstable_if action=reinterpret pc=0x00007fb81d26d6fc method=java.lang.ref.SoftReference.get()Ljava/lang/Object; @ 17
Event: 2.415 Thread 0x00007fb82c00c000 Uncommon trap: reason=unstable_if action=reinterpret pc=0x00007fb81d21dabc method=java.lang.ref.SoftReference.get()Ljava/lang/Object; @ 17

Internal exceptions (10 events):
Event: 0.893 Thread 0x00007fb82c00c000 Exception <a 'java/io/FileNotFoundException'> (0x00000000ec0e00b8) thrown at [/HUDSON/workspace/8-2-build-linux-amd64/jdk8u66/4988/hotspot/src/share/vm/prims/jni.cpp, line 709]
Event: 0.893 Thread 0x00007fb82c00c000 Exception <a 'java/io/FileNotFoundException'> (0x00000000ec0e0a58) thrown at [/HUDSON/workspace/8-2-build-linux-amd64/jdk8u66/4988/hotspot/src/share/vm/prims/jni.cpp, line 709]
Event: 0.900 Thread 0x00007fb82c00c000 Exception <a 'java/security/PrivilegedActionException'> (0x00000000ec0f2058) thrown at [/HUDSON/workspace/8-2-build-linux-amd64/jdk8u66/4988/hotspot/src/share/vm/prims/jvm.cpp, line 1386]
Event: 0.900 Thread 0x00007fb82c00c000 Exception <a 'java/security/PrivilegedActionException'> (0x00000000ec0f2268) thrown at [/HUDSON/workspace/8-2-build-linux-amd64/jdk8u66/4988/hotspot/src/share/vm/prims/jvm.cpp, line 1386]
Event: 0.901 Thread 0x00007fb82c00c000 Exception <a 'java/security/PrivilegedActionException'> (0x00000000ec0f2f30) thrown at [/HUDSON/workspace/8-2-build-linux-amd64/jdk8u66/4988/hotspot/src/share/vm/prims/jvm.cpp, line 1386]
Event: 0.901 Thread 0x00007fb82c00c000 Exception <a 'java/security/PrivilegedActionException'> (0x00000000ec0f3140) thrown at [/HUDSON/workspace/8-2-build-linux-amd64/jdk8u66/4988/hotspot/src/share/vm/prims/jvm.cpp, line 1386]
Event: 0.901 Thread 0x00007fb82c00c000 Exception <a 'java/security/PrivilegedActionException'> (0x00000000ec0f3e30) thrown at [/HUDSON/workspace/8-2-build-linux-amd64/jdk8u66/4988/hotspot/src/share/vm/prims/jvm.cpp, line 1386]
Event: 0.901 Thread 0x00007fb82c00c000 Exception <a 'java/security/PrivilegedActionException'> (0x00000000ec0f4040) thrown at [/HUDSON/workspace/8-2-build-linux-amd64/jdk8u66/4988/hotspot/src/share/vm/prims/jvm.cpp, line 1386]
Event: 1.254 Thread 0x00007fb82c00c000 Exception <a 'java/lang/UnsatisfiedLinkError': libvlc.so: cannot open shared object file: No such file or directory> (0x00000000ec845088) thrown at [/HUDSON/workspace/8-2-build-linux-amd64/jdk8u66/4988/hotspot/src/share/vm/prims/jni.cpp, line 735]
Event: 1.255 Thread 0x00007fb82c00c000 Exception <a 'java/lang/UnsatisfiedLinkError': libvlc.so: cannot open shared object file: No such file or directory> (0x00000000ec8475e8) thrown at [/HUDSON/workspace/8-2-build-linux-amd64/jdk8u66/4988/hotspot/src/share/vm/prims/jni.cpp, line 735]

Events (10 events):
Event: 2.435 loading class javax/swing/plaf/DimensionUIResource
Event: 2.435 loading class javax/swing/plaf/DimensionUIResource done
Event: 2.435 loading class javax/swing/UIDefaults$LazyInputMap
Event: 2.435 loading class javax/swing/UIDefaults$LazyInputMap done
Event: 2.437 loading class javax/swing/plaf/metal/MetalLookAndFeel$FontActiveValue
Event: 2.437 loading class javax/swing/plaf/metal/MetalLookAndFeel$FontActiveValue done
Event: 2.439 loading class sun/swing/SwingUtilities2$AATextInfo
Event: 2.439 loading class sun/swing/SwingUtilities2$AATextInfo done
Event: 2.439 loading class sun/awt/HeadlessToolkit
Event: 2.439 loading class sun/awt/HeadlessToolkit done


Dynamic libraries:
00400000-00401000 r-xp 00000000 08:06 411928                             /usr/lib/jvm/java-8-oracle/bin/java
00600000-00601000 rw-p 00000000 08:06 411928                             /usr/lib/jvm/java-8-oracle/bin/java
019d5000-019f6000 rw-p 00000000 00:00 0                                  [heap]
c3a00000-c6380000 rw-p 00000000 00:00 0 
c6380000-ebe00000 ---p 00000000 00:00 0 
ebe00000-ed280000 rw-p 00000000 00:00 0 
ed280000-100000000 ---p 00000000 00:00 0 
100000000-100140000 rw-p 00000000 00:00 0 
100140000-140000000 ---p 00000000 00:00 0 
7fb7c3062000-7fb7c30a2000 rw-p 00000000 00:00 0 
7fb7c30a2000-7fb7c3262000 ---p 00000000 00:00 0 
7fb7c3262000-7fb7c3266000 r-xp 00000000 08:06 265517                     /lib/x86_64-linux-gnu/libuuid.so.1.3.0
7fb7c3266000-7fb7c3465000 ---p 00004000 08:06 265517                     /lib/x86_64-linux-gnu/libuuid.so.1.3.0
7fb7c3465000-7fb7c3466000 r--p 00003000 08:06 265517                     /lib/x86_64-linux-gnu/libuuid.so.1.3.0
7fb7c3466000-7fb7c3467000 rw-p 00004000 08:06 265517                     /lib/x86_64-linux-gnu/libuuid.so.1.3.0
7fb7c3467000-7fb7c346e000 r-xp 00000000 08:06 530346                     /usr/lib/x86_64-linux-gnu/libffi.so.6.0.1
7fb7c346e000-7fb7c366d000 ---p 00007000 08:06 530346                     /usr/lib/x86_64-linux-gnu/libffi.so.6.0.1
7fb7c366d000-7fb7c366e000 r--p 00006000 08:06 530346                     /usr/lib/x86_64-linux-gnu/libffi.so.6.0.1
7fb7c366e000-7fb7c366f000 rw-p 00007000 08:06 530346                     /usr/lib/x86_64-linux-gnu/libffi.so.6.0.1
7fb7c366f000-7fb7c36ac000 r-xp 00000000 08:06 265436                     /lib/x86_64-linux-gnu/libpcre.so.3.13.1
7fb7c36ac000-7fb7c38ab000 ---p 0003d000 08:06 265436                     /lib/x86_64-linux-gnu/libpcre.so.3.13.1
7fb7c38ab000-7fb7c38ac000 r--p 0003c000 08:06 265436                     /lib/x86_64-linux-gnu/libpcre.so.3.13.1
7fb7c38ac000-7fb7c38ad000 rw-p 0003d000 08:06 265436                     /lib/x86_64-linux-gnu/libpcre.so.3.13.1
7fb7c38ad000-7fb7c390c000 r-xp 00000000 08:06 530103                     /usr/lib/x86_64-linux-gnu/libXt.so.6.0.0
7fb7c390c000-7fb7c3b0c000 ---p 0005f000 08:06 530103                     /usr/lib/x86_64-linux-gnu/libXt.so.6.0.0
7fb7c3b0c000-7fb7c3b0d000 r--p 0005f000 08:06 530103                     /usr/lib/x86_64-linux-gnu/libXt.so.6.0.0
7fb7c3b0d000-7fb7c3b12000 rw-p 00060000 08:06 530103                     /usr/lib/x86_64-linux-gnu/libXt.so.6.0.0
7fb7c3b12000-7fb7c3b13000 rw-p 00000000 00:00 0 
7fb7c3b13000-7fb7c3b3a000 r-xp 00000000 08:06 265110                     /lib/x86_64-linux-gnu/libexpat.so.1.6.0
7fb7c3b3a000-7fb7c3d3a000 ---p 00027000 08:06 265110                     /lib/x86_64-linux-gnu/libexpat.so.1.6.0
7fb7c3d3a000-7fb7c3d3c000 r--p 00027000 08:06 265110                     /lib/x86_64-linux-gnu/libexpat.so.1.6.0
7fb7c3d3c000-7fb7c3d3d000 rw-p 00029000 08:06 265110                     /lib/x86_64-linux-gnu/libexpat.so.1.6.0
7fb7c3d3d000-7fb7c3d54000 r-xp 00000000 08:06 529934                     /usr/lib/x86_64-linux-gnu/libICE.so.6.3.0
7fb7c3d54000-7fb7c3f53000 ---p 00017000 08:06 529934                     /usr/lib/x86_64-linux-gnu/libICE.so.6.3.0
7fb7c3f53000-7fb7c3f54000 r--p 00016000 08:06 529934                     /usr/lib/x86_64-linux-gnu/libICE.so.6.3.0
7fb7c3f54000-7fb7c3f55000 rw-p 00017000 08:06 529934                     /usr/lib/x86_64-linux-gnu/libICE.so.6.3.0
7fb7c3f55000-7fb7c3f59000 rw-p 00000000 00:00 0 
7fb7c3f59000-7fb7c3f60000 r-xp 00000000 08:06 530056                     /usr/lib/x86_64-linux-gnu/libSM.so.6.0.1
7fb7c3f60000-7fb7c415f000 ---p 00007000 08:06 530056                     /usr/lib/x86_64-linux-gnu/libSM.so.6.0.1
7fb7c415f000-7fb7c4160000 r--p 00006000 08:06 530056                     /usr/lib/x86_64-linux-gnu/libSM.so.6.0.1
7fb7c4160000-7fb7c4161000 rw-p 00007000 08:06 530056                     /usr/lib/x86_64-linux-gnu/libSM.so.6.0.1
7fb7c4161000-7fb7c41b0000 r-xp 00000000 08:06 530475                     /usr/lib/x86_64-linux-gnu/libgobject-2.0.so.0.4002.0
7fb7c41b0000-7fb7c43b0000 ---p 0004f000 08:06 530475                     /usr/lib/x86_64-linux-gnu/libgobject-2.0.so.0.4002.0
7fb7c43b0000-7fb7c43b1000 r--p 0004f000 08:06 530475                     /usr/lib/x86_64-linux-gnu/libgobject-2.0.so.0.4002.0
7fb7c43b1000-7fb7c43b2000 rw-p 00050000 08:06 530475                     /usr/lib/x86_64-linux-gnu/libgobject-2.0.so.0.4002.0
7fb7c43b2000-7fb7c444f000 r-xp 00000000 08:06 539648                     /usr/lib/x86_64-linux-gnu/libfreetype.so.6.11.1
7fb7c444f000-7fb7c464e000 ---p 0009d000 08:06 539648                     /usr/lib/x86_64-linux-gnu/libfreetype.so.6.11.1
7fb7c464e000-7fb7c4654000 r--p 0009c000 08:06 539648                     /usr/lib/x86_64-linux-gnu/libfreetype.so.6.11.1
7fb7c4654000-7fb7c4655000 rw-p 000a2000 08:06 539648                     /usr/lib/x86_64-linux-gnu/libfreetype.so.6.11.1
7fb7c4655000-7fb7c466d000 r-xp 00000000 08:06 265703                     /lib/x86_64-linux-gnu/libz.so.1.2.8
7fb7c466d000-7fb7c486c000 ---p 00018000 08:06 265703                     /lib/x86_64-linux-gnu/libz.so.1.2.8
7fb7c486c000-7fb7c486d000 r--p 00017000 08:06 265703                     /lib/x86_64-linux-gnu/libz.so.1.2.8
7fb7c486d000-7fb7c486e000 rw-p 00018000 08:06 265703                     /lib/x86_64-linux-gnu/libz.so.1.2.8
7fb7c486e000-7fb7c4893000 r-xp 00000000 08:06 265655                     /lib/x86_64-linux-gnu/libpng12.so.0.50.0
7fb7c4893000-7fb7c4a92000 ---p 00025000 08:06 265655                     /lib/x86_64-linux-gnu/libpng12.so.0.50.0
7fb7c4a92000-7fb7c4a93000 r--p 00024000 08:06 265655                     /lib/x86_64-linux-gnu/libpng12.so.0.50.0
7fb7c4a93000-7fb7c4a94000 rw-p 00025000 08:06 265655                     /lib/x86_64-linux-gnu/libpng12.so.0.50.0
7fb7c4a94000-7fb7c4b9a000 r-xp 00000000 08:06 265571                     /lib/x86_64-linux-gnu/libglib-2.0.so.0.4002.0
7fb7c4b9a000-7fb7c4d99000 ---p 00106000 08:06 265571                     /lib/x86_64-linux-gnu/libglib-2.0.so.0.4002.0
7fb7c4d99000-7fb7c4d9a000 r--p 00105000 08:06 265571                     /lib/x86_64-linux-gnu/libglib-2.0.so.0.4002.0
7fb7c4d9a000-7fb7c4d9b000 rw-p 00106000 08:06 265571                     /lib/x86_64-linux-gnu/libglib-2.0.so.0.4002.0
7fb7c4d9b000-7fb7c4d9c000 rw-p 00000000 00:00 0 
7fb7c4d9c000-7fb7c4db3000 r-xp 00000000 08:06 530166                     /usr/lib/x86_64-linux-gnu/libaudio.so.2.4
7fb7c4db3000-7fb7c4fb2000 ---p 00017000 08:06 530166                     /usr/lib/x86_64-linux-gnu/libaudio.so.2.4
7fb7c4fb2000-7fb7c4fb3000 r--p 00016000 08:06 530166                     /usr/lib/x86_64-linux-gnu/libaudio.so.2.4
7fb7c4fb3000-7fb7c4fb4000 rw-p 00017000 08:06 530166                     /usr/lib/x86_64-linux-gnu/libaudio.so.2.4
7fb7c4fb4000-7fb7c4fee000 r-xp 00000000 08:06 530360                     /usr/lib/x86_64-linux-gnu/libfontconfig.so.1.8.0
7fb7c4fee000-7fb7c51ed000 ---p 0003a000 08:06 530360                     /usr/lib/x86_64-linux-gnu/libfontconfig.so.1.8.0
7fb7c51ed000-7fb7c51ef000 r--p 00039000 08:06 530360                     /usr/lib/x86_64-linux-gnu/libfontconfig.so.1.8.0
7fb7c51ef000-7fb7c51f0000 rw-p 0003b000 08:06 530360                     /usr/lib/x86_64-linux-gnu/libfontconfig.so.1.8.0
7fb7c51f0000-7fb7c5c56000 r-xp 00000000 08:06 522879                     /usr/lib/x86_64-linux-gnu/libQtGui.so.4.8.6
7fb7c5c56000-7fb7c5e56000 ---p 00a66000 08:06 522879                     /usr/lib/x86_64-linux-gnu/libQtGui.so.4.8.6
7fb7c5e56000-7fb7c5e98000 r--p 00a66000 08:06 522879                     /usr/lib/x86_64-linux-gnu/libQtGui.so.4.8.6
7fb7c5e98000-7fb7c5e9f000 rw-p 00aa8000 08:06 522879                     /usr/lib/x86_64-linux-gnu/libQtGui.so.4.8.6
7fb7c5e9f000-7fb7c5ea3000 rw-p 00000000 00:00 0 
7fb7c5ea3000-7fb7c5ea6000 r-xp 00000000 08:06 530850                     /usr/lib/x86_64-linux-gnu/libpulse-simple.so.0.0.4
7fb7c5ea6000-7fb7c60a5000 ---p 00003000 08:06 530850                     /usr/lib/x86_64-linux-gnu/libpulse-simple.so.0.0.4
7fb7c60a5000-7fb7c60a6000 r--p 00002000 08:06 530850                     /usr/lib/x86_64-linux-gnu/libpulse-simple.so.0.0.4
7fb7c60a6000-7fb7c60a7000 rw-p 00003000 08:06 530850                     /usr/lib/x86_64-linux-gnu/libpulse-simple.so.0.0.4
7fb7c612e000-7fb7c6406000 r-xp 00000000 08:06 530043                     /usr/lib/x86_64-linux-gnu/libQtCore.so.4.8.6
7fb7c6406000-7fb7c6606000 ---p 002d8000 08:06 530043                     /usr/lib/x86_64-linux-gnu/libQtCore.so.4.8.6
7fb7c6606000-7fb7c6611000 r--p 002d8000 08:06 530043                     /usr/lib/x86_64-linux-gnu/libQtCore.so.4.8.6
7fb7c6611000-7fb7c6612000 rw-p 002e3000 08:06 530043                     /usr/lib/x86_64-linux-gnu/libQtCore.so.4.8.6
7fb7c6612000-7fb7c6613000 rw-p 00000000 00:00 0 
7fb7c6613000-7fb7c6875000 r-xp 00000000 08:06 413116                     /usr/lib/vlc/plugins/gui/libqt4_plugin.so
7fb7c6875000-7fb7c6a74000 ---p 00262000 08:06 413116                     /usr/lib/vlc/plugins/gui/libqt4_plugin.so
7fb7c6a74000-7fb7c6a8d000 r--p 00261000 08:06 413116                     /usr/lib/vlc/plugins/gui/libqt4_plugin.so
7fb7c6a8d000-7fb7c6a91000 rw-p 0027a000 08:06 413116                     /usr/lib/vlc/plugins/gui/libqt4_plugin.so
7fb7c6a91000-7fb7c6a97000 r-xp 00000000 08:06 546092                     /usr/lib/x86_64-linux-gnu/libxcb-xv.so.0.0.0
7fb7c6a97000-7fb7c6c96000 ---p 00006000 08:06 546092                     /usr/lib/x86_64-linux-gnu/libxcb-xv.so.0.0.0
7fb7c6c96000-7fb7c6c97000 r--p 00005000 08:06 546092                     /usr/lib/x86_64-linux-gnu/libxcb-xv.so.0.0.0
7fb7c6c97000-7fb7c6c98000 rw-p 00006000 08:06 546092                     /usr/lib/x86_64-linux-gnu/libxcb-xv.so.0.0.0
7fb7c6c98000-7fb7c6c9f000 r-xp 00000000 08:06 413105                     /usr/lib/vlc/plugins/video_output/libxcb_xv_plugin.so
7fb7c6c9f000-7fb7c6e9e000 ---p 00007000 08:06 413105                     /usr/lib/vlc/plugins/video_output/libxcb_xv_plugin.so
7fb7c6e9e000-7fb7c6e9f000 r--p 00006000 08:06 413105                     /usr/lib/vlc/plugins/video_output/libxcb_xv_plugin.so
7fb7c6e9f000-7fb7c6ea0000 rw-p 00007000 08:06 413105                     /usr/lib/vlc/plugins/video_output/libxcb_xv_plugin.so
7fb7c6ea0000-7fb7c6f23000 r-xp 00000000 08:06 526635                     /usr/lib/x86_64-linux-gnu/libdirac_encoder.so.0.1.0
7fb7c6f23000-7fb7c7122000 ---p 00083000 08:06 526635                     /usr/lib/x86_64-linux-gnu/libdirac_encoder.so.0.1.0
7fb7c7122000-7fb7c7125000 r--p 00082000 08:06 526635                     /usr/lib/x86_64-linux-gnu/libdirac_encoder.so.0.1.0
7fb7c7125000-7fb7c7126000 rw-p 00085000 08:06 526635                     /usr/lib/x86_64-linux-gnu/libdirac_encoder.so.0.1.0
7fb7c7126000-7fb7c7127000 rw-p 00000000 00:00 0 
7fb7c712a000-7fb7c712c000 r-xp 00000000 08:06 531122                     /usr/lib/x86_64-linux-gnu/libxcb-shm.so.0.0.0
7fb7c712c000-7fb7c732b000 ---p 00002000 08:06 531122                     /usr/lib/x86_64-linux-gnu/libxcb-shm.so.0.0.0
7fb7c732b000-7fb7c732c000 r--p 00001000 08:06 531122                     /usr/lib/x86_64-linux-gnu/libxcb-shm.so.0.0.0
7fb7c732c000-7fb7c732d000 rw-p 00002000 08:06 531122                     /usr/lib/x86_64-linux-gnu/libxcb-shm.so.0.0.0
7fb7c732d000-7fb7c7335000 r-xp 00000000 08:06 265602                     /lib/x86_64-linux-gnu/libnih-dbus.so.1.0.0
7fb7c7335000-7fb7c7535000 ---p 00008000 08:06 265602                     /lib/x86_64-linux-gnu/libnih-dbus.so.1.0.0
7fb7c7535000-7fb7c7536000 r--p 00008000 08:06 265602                     /lib/x86_64-linux-gnu/libnih-dbus.so.1.0.0
7fb7c7536000-7fb7c7537000 rw-p 00009000 08:06 265602                     /lib/x86_64-linux-gnu/libnih-dbus.so.1.0.0
7fb7c7537000-7fb7c754e000 r-xp 00000000 08:06 265604                     /lib/x86_64-linux-gnu/libnih.so.1.0.0
7fb7c754e000-7fb7c774d000 ---p 00017000 08:06 265604                     /lib/x86_64-linux-gnu/libnih.so.1.0.0
7fb7c774d000-7fb7c774e000 r--p 00016000 08:06 265604                     /lib/x86_64-linux-gnu/libnih.so.1.0.0
7fb7c774e000-7fb7c774f000 rw-p 00017000 08:06 265604                     /lib/x86_64-linux-gnu/libnih.so.1.0.0
7fb7c774f000-7fb7c7768000 r-xp 00000000 08:06 265465                     /lib/x86_64-linux-gnu/libcgmanager.so.0.0.0
7fb7c7768000-7fb7c7967000 ---p 00019000 08:06 265465                     /lib/x86_64-linux-gnu/libcgmanager.so.0.0.0
7fb7c7967000-7fb7c7969000 r--p 00018000 08:06 265465                     /lib/x86_64-linux-gnu/libcgmanager.so.0.0.0
7fb7c7969000-7fb7c796a000 rw-p 0001a000 08:06 265465                     /lib/x86_64-linux-gnu/libcgmanager.so.0.0.0
7fb7c796a000-7fb7c796e000 r-xp 00000000 08:06 265573                     /lib/x86_64-linux-gnu/libgpg-error.so.0.10.0
7fb7c796e000-7fb7c7b6d000 ---p 00004000 08:06 265573                     /lib/x86_64-linux-gnu/libgpg-error.so.0.10.0
7fb7c7b6d000-7fb7c7b6e000 r--p 00003000 08:06 265573                     /lib/x86_64-linux-gnu/libgpg-error.so.0.10.0
7fb7c7b6e000-7fb7c7b6f000 rw-p 00004000 08:06 265573                     /lib/x86_64-linux-gnu/libgpg-error.so.0.10.0
7fb7c7b6f000-7fb7c7b7f000 r-xp 00000000 08:06 298110                     /lib/x86_64-linux-gnu/libudev.so.1.3.5
7fb7c7b7f000-7fb7c7d7e000 ---p 00010000 08:06 298110                     /lib/x86_64-linux-gnu/libudev.so.1.3.5
7fb7c7d7e000-7fb7c7d7f000 r--p 0000f000 08:06 298110                     /lib/x86_64-linux-gnu/libudev.so.1.3.5
7fb7c7d7f000-7fb7c7d80000 rw-p 00010000 08:06 298110                     /lib/x86_64-linux-gnu/libudev.so.1.3.5
7fb7c7d80000-7fb7c7dfc000 r-xp 00000000 08:06 265547                     /lib/x86_64-linux-gnu/libgcrypt.so.11.8.2
7fb7c7dfc000-7fb7c7ffc000 ---p 0007c000 08:06 265547                     /lib/x86_64-linux-gnu/libgcrypt.so.11.8.2
7fb7c7ffc000-7fb7c7ffd000 r--p 0007c000 08:06 265547                     /lib/x86_64-linux-gnu/libgcrypt.so.11.8.2
7fb7c7ffd000-7fb7c8000000 rw-p 0007d000 08:06 265547                     /lib/x86_64-linux-gnu/libgcrypt.so.11.8.2
7fb7c8000000-7fb7c8021000 rw-p 00000000 00:00 0 
7fb7c8021000-7fb7cc000000 ---p 00000000 00:00 0 
7fb7cc000000-7fb7cc021000 rw-p 00000000 00:00 0 
7fb7cc021000-7fb7d0000000 ---p 00000000 00:00 0 
7fb7d0000000-7fb7d0021000 rw-p 00000000 00:00 0 
7fb7d0021000-7fb7d4000000 ---p 00000000 00:00 0 
7fb7d4000000-7fb7d4021000 rw-p 00000000 00:00 0 
7fb7d4021000-7fb7d8000000 ---p 00000000 00:00 0 
7fb7d80c4000-7fb7d80d9000 r-xp 00000000 08:06 265694                     /lib/x86_64-linux-gnu/libusb-1.0.so.0.1.0
7fb7d80d9000-7fb7d82d9000 ---p 00015000 08:06 265694                     /lib/x86_64-linux-gnu/libusb-1.0.so.0.1.0
7fb7d82d9000-7fb7d82da000 r--p 00015000 08:06 265694                     /lib/x86_64-linux-gnu/libusb-1.0.so.0.1.0
7fb7d82da000-7fb7d82db000 rw-p 00016000 08:06 265694                     /lib/x86_64-linux-gnu/libusb-1.0.so.0.1.0
7fb7d82db000-7fb7d832b000 r-xp 00000000 08:06 530720                     /usr/lib/x86_64-linux-gnu/libmtp.so.9.1.0
7fb7d832b000-7fb7d852a000 ---p 00050000 08:06 530720                     /usr/lib/x86_64-linux-gnu/libmtp.so.9.1.0
7fb7d852a000-7fb7d8530000 r--p 0004f000 08:06 530720                     /usr/lib/x86_64-linux-gnu/libmtp.so.9.1.0
7fb7d8530000-7fb7d853a000 rw-p 00055000 08:06 530720                     /usr/lib/x86_64-linux-gnu/libmtp.so.9.1.0
7fb7d853a000-7fb7d8620000 r-xp 00000000 08:06 524368                     /usr/lib/x86_64-linux-gnu/libstdc++.so.6.0.19
7fb7d8620000-7fb7d881f000 ---p 000e6000 08:06 524368                     /usr/lib/x86_64-linux-gnu/libstdc++.so.6.0.19
7fb7d881f000-7fb7d8827000 r--p 000e5000 08:06 524368                     /usr/lib/x86_64-linux-gnu/libstdc++.so.6.0.19
7fb7d8827000-7fb7d8829000 rw-p 000ed000 08:06 524368                     /usr/lib/x86_64-linux-gnu/libstdc++.so.6.0.19
7fb7d8829000-7fb7d883e000 rw-p 00000000 00:00 0 
7fb7d8853000-7fb7d8855000 r-xp 00000000 08:06 412929                     /usr/lib/vlc/plugins/services_discovery/libmtp_plugin.so
7fb7d8855000-7fb7d8a54000 ---p 00002000 08:06 412929                     /usr/lib/vlc/plugins/services_discovery/libmtp_plugin.so
7fb7d8a54000-7fb7d8a55000 r--p 00001000 08:06 412929                     /usr/lib/vlc/plugins/services_discovery/libmtp_plugin.so
7fb7d8a55000-7fb7d8a56000 rw-p 00002000 08:06 412929                     /usr/lib/vlc/plugins/services_discovery/libmtp_plugin.so
7fb7d8a56000-7fb7d8b3f000 r-xp 00000000 08:06 530146                     /usr/lib/x86_64-linux-gnu/libasound.so.2.0.0
7fb7d8b3f000-7fb7d8d3e000 ---p 000e9000 08:06 530146                     /usr/lib/x86_64-linux-gnu/libasound.so.2.0.0
7fb7d8d3e000-7fb7d8d45000 r--p 000e8000 08:06 530146                     /usr/lib/x86_64-linux-gnu/libasound.so.2.0.0
7fb7d8d45000-7fb7d8d46000 rw-p 000ef000 08:06 530146                     /usr/lib/x86_64-linux-gnu/libasound.so.2.0.0
7fb7d8d46000-7fb7d8d5d000 r-xp 00000000 08:06 261127                     /lib/x86_64-linux-gnu/libresolv-2.19.so
7fb7d8d5d000-7fb7d8f5d000 ---p 00017000 08:06 261127                     /lib/x86_64-linux-gnu/libresolv-2.19.so
7fb7d8f5d000-7fb7d8f5e000 r--p 00017000 08:06 261127                     /lib/x86_64-linux-gnu/libresolv-2.19.so
7fb7d8f5e000-7fb7d8f5f000 rw-p 00018000 08:06 261127                     /lib/x86_64-linux-gnu/libresolv-2.19.so
7fb7d8f5f000-7fb7d8f61000 rw-p 00000000 00:00 0 
7fb7d8f61000-7fb7d8f68000 r-xp 00000000 08:06 530783                     /usr/lib/x86_64-linux-gnu/libogg.so.0.8.1
7fb7d8f68000-7fb7d9168000 ---p 00007000 08:06 530783                     /usr/lib/x86_64-linux-gnu/libogg.so.0.8.1
7fb7d9168000-7fb7d9169000 r--p 00007000 08:06 530783                     /usr/lib/x86_64-linux-gnu/libogg.so.0.8.1
7fb7d9169000-7fb7d916a000 rw-p 00008000 08:06 530783                     /usr/lib/x86_64-linux-gnu/libogg.so.0.8.1
7fb7d916a000-7fb7d9196000 r-xp 00000000 08:06 531059                     /usr/lib/x86_64-linux-gnu/libvorbis.so.0.4.5
7fb7d9196000-7fb7d9395000 ---p 0002c000 08:06 531059                     /usr/lib/x86_64-linux-gnu/libvorbis.so.0.4.5
7fb7d9395000-7fb7d9396000 r--p 0002b000 08:06 531059                     /usr/lib/x86_64-linux-gnu/libvorbis.so.0.4.5
7fb7d9396000-7fb7d9397000 rw-p 0002c000 08:06 531059                     /usr/lib/x86_64-linux-gnu/libvorbis.so.0.4.5
7fb7d9397000-7fb7d964a000 r-xp 00000000 08:06 531061                     /usr/lib/x86_64-linux-gnu/libvorbisenc.so.2.0.8
7fb7d964a000-7fb7d9849000 ---p 002b3000 08:06 531061                     /usr/lib/x86_64-linux-gnu/libvorbisenc.so.2.0.8
7fb7d9849000-7fb7d9865000 r--p 002b2000 08:06 531061                     /usr/lib/x86_64-linux-gnu/libvorbisenc.so.2.0.8
7fb7d9865000-7fb7d9866000 rw-p 002ce000 08:06 531061                     /usr/lib/x86_64-linux-gnu/libvorbisenc.so.2.0.8
7fb7d9866000-7fb7d9896000 r-xp 00000000 08:06 529922                     /usr/lib/x86_64-linux-gnu/libFLAC.so.8.3.0
7fb7d9896000-7fb7d9a95000 ---p 00030000 08:06 529922                     /usr/lib/x86_64-linux-gnu/libFLAC.so.8.3.0
7fb7d9a95000-7fb7d9a96000 r--p 0002f000 08:06 529922                     /usr/lib/x86_64-linux-gnu/libFLAC.so.8.3.0
7fb7d9a96000-7fb7d9a97000 rw-p 00030000 08:06 529922                     /usr/lib/x86_64-linux-gnu/libFLAC.so.8.3.0
7fb7d9a97000-7fb7d9a9c000 r-xp 00000000 08:06 530154                     /usr/lib/x86_64-linux-gnu/libasyncns.so.0.3.1
7fb7d9a9c000-7fb7d9c9b000 ---p 00005000 08:06 530154                     /usr/lib/x86_64-linux-gnu/libasyncns.so.0.3.1
7fb7d9c9b000-7fb7d9c9c000 r--p 00004000 08:06 530154                     /usr/lib/x86_64-linux-gnu/libasyncns.so.0.3.1
7fb7d9c9c000-7fb7d9c9d000 rw-p 00005000 08:06 530154                     /usr/lib/x86_64-linux-gnu/libasyncns.so.0.3.1
7fb7d9c9d000-7fb7d9cfe000 r-xp 00000000 08:06 530940                     /usr/lib/x86_64-linux-gnu/libsndfile.so.1.0.25
7fb7d9cfe000-7fb7d9efe000 ---p 00061000 08:06 530940                     /usr/lib/x86_64-linux-gnu/libsndfile.so.1.0.25
7fb7d9efe000-7fb7d9f00000 r--p 00061000 08:06 530940                     /usr/lib/x86_64-linux-gnu/libsndfile.so.1.0.25
7fb7d9f00000-7fb7d9f01000 rw-p 00063000 08:06 530940                     /usr/lib/x86_64-linux-gnu/libsndfile.so.1.0.25
7fb7d9f01000-7fb7d9f05000 rw-p 00000000 00:00 0 
7fb7d9f05000-7fb7d9f0d000 r-xp 00000000 08:06 265700                     /lib/x86_64-linux-gnu/libwrap.so.0.7.6
7fb7d9f0d000-7fb7da10c000 ---p 00008000 08:06 265700                     /lib/x86_64-linux-gnu/libwrap.so.0.7.6
7fb7da10c000-7fb7da10d000 r--p 00007000 08:06 265700                     /lib/x86_64-linux-gnu/libwrap.so.0.7.6
7fb7da10d000-7fb7da10e000 rw-p 00008000 08:06 265700                     /lib/x86_64-linux-gnu/libwrap.so.0.7.6
7fb7da10e000-7fb7da10f000 rw-p 00000000 00:00 0 
7fb7da10f000-7fb7da175000 r-xp 00000000 08:06 783969                     /usr/lib/x86_64-linux-gnu/pulseaudio/libpulsecommon-4.0.so
7fb7da175000-7fb7da374000 ---p 00066000 08:06 783969                     /usr/lib/x86_64-linux-gnu/pulseaudio/libpulsecommon-4.0.so
7fb7da374000-7fb7da375000 r--p 00065000 08:06 783969                     /usr/lib/x86_64-linux-gnu/pulseaudio/libpulsecommon-4.0.so
7fb7da375000-7fb7da376000 rw-p 00066000 08:06 783969                     /usr/lib/x86_64-linux-gnu/pulseaudio/libpulsecommon-4.0.so
7fb7da376000-7fb7da380000 r-xp 00000000 08:06 265580                     /lib/x86_64-linux-gnu/libjson-c.so.2.0.0
7fb7da380000-7fb7da57f000 ---p 0000a000 08:06 265580                     /lib/x86_64-linux-gnu/libjson-c.so.2.0.0
7fb7da57f000-7fb7da580000 r--p 00009000 08:06 265580                     /lib/x86_64-linux-gnu/libjson-c.so.2.0.0
7fb7da580000-7fb7da581000 rw-p 0000a000 08:06 265580                     /lib/x86_64-linux-gnu/libjson-c.so.2.0.0
7fb7da581000-7fb7da5c8000 r-xp 00000000 08:06 530852                     /usr/lib/x86_64-linux-gnu/libpulse.so.0.16.2
7fb7da5c8000-7fb7da7c8000 ---p 00047000 08:06 530852                     /usr/lib/x86_64-linux-gnu/libpulse.so.0.16.2
7fb7da7c8000-7fb7da7c9000 r--p 00047000 08:06 530852                     /usr/lib/x86_64-linux-gnu/libpulse.so.0.16.2
7fb7da7c9000-7fb7da7ca000 rw-p 00048000 08:06 530852                     /usr/lib/x86_64-linux-gnu/libpulse.so.0.16.2
7fb7da7cb000-7fb7da7d0000 r-xp 00000000 08:06 412892                     /usr/lib/vlc/plugins/audio_output/libalsa_plugin.so
7fb7da7d0000-7fb7da9cf000 ---p 00005000 08:06 412892                     /usr/lib/vlc/plugins/audio_output/libalsa_plugin.so
7fb7da9cf000-7fb7da9d0000 r--p 00004000 08:06 412892                     /usr/lib/vlc/plugins/audio_output/libalsa_plugin.so
7fb7da9d0000-7fb7da9d1000 rw-p 00005000 08:06 412892                     /usr/lib/vlc/plugins/audio_output/libalsa_plugin.so
7fb7da9d1000-7fb7daa15000 r-xp 00000000 08:06 265554                     /lib/x86_64-linux-gnu/libdbus-1.so.3.7.6
7fb7daa15000-7fb7dac14000 ---p 00044000 08:06 265554                     /lib/x86_64-linux-gnu/libdbus-1.so.3.7.6
7fb7dac14000-7fb7dac15000 r--p 00043000 08:06 265554                     /lib/x86_64-linux-gnu/libdbus-1.so.3.7.6
7fb7dac15000-7fb7dac16000 rw-p 00044000 08:06 265554                     /lib/x86_64-linux-gnu/libdbus-1.so.3.7.6
7fb7dac16000-7fb7dac47000 r-xp 00000000 08:06 530638                     /usr/lib/x86_64-linux-gnu/libidn.so.11.6.11
7fb7dac47000-7fb7dae47000 ---p 00031000 08:06 530638                     /usr/lib/x86_64-linux-gnu/libidn.so.11.6.11
7fb7dae47000-7fb7dae48000 r--p 00031000 08:06 530638                     /usr/lib/x86_64-linux-gnu/libidn.so.11.6.11
7fb7dae48000-7fb7dae49000 rw-p 00032000 08:06 530638                     /usr/lib/x86_64-linux-gnu/libidn.so.11.6.11
7fb7dae49000-7fb7daf27000 r-xp 00000000 08:06 412641                     /usr/lib/libvlccore.so.7.0.0
7fb7daf27000-7fb7db127000 ---p 000de000 08:06 412641                     /usr/lib/libvlccore.so.7.0.0
7fb7db127000-7fb7db12a000 r--p 000de000 08:06 412641                     /usr/lib/libvlccore.so.7.0.0
7fb7db12a000-7fb7db12b000 rw-p 000e1000 08:06 412641                     /usr/lib/libvlccore.so.7.0.0
7fb7db12b000-7fb7db145000 r-xp 00000000 08:06 412644                     /usr/lib/libvlc.so.5.4.0
7fb7db145000-7fb7db344000 ---p 0001a000 08:06 412644                     /usr/lib/libvlc.so.5.4.0
7fb7db344000-7fb7db345000 r--p 00019000 08:06 412644                     /usr/lib/libvlc.so.5.4.0
7fb7db345000-7fb7db346000 rw-p 0001a000 08:06 412644                     /usr/lib/libvlc.so.5.4.0
7fb7db346000-7fb7db347000 r-xp 00000000 08:06 414495                     /usr/lib/jvm/java-8-oracle/jre/lib/amd64/libjawt.so
7fb7db347000-7fb7db546000 ---p 00001000 08:06 414495                     /usr/lib/jvm/java-8-oracle/jre/lib/amd64/libjawt.so
7fb7db546000-7fb7db547000 rw-p 00000000 08:06 414495                     /usr/lib/jvm/java-8-oracle/jre/lib/amd64/libjawt.so
7fb7db547000-7fb7db54a000 ---p 00000000 00:00 0 
7fb7db54a000-7fb7db648000 rw-p 00000000 00:00 0                          [stack:14034]
7fb7db648000-7fb7db64d000 r-xp 00000000 08:06 522501                     /usr/lib/x86_64-linux-gnu/libXfixes.so.3.1.0
7fb7db64d000-7fb7db84c000 ---p 00005000 08:06 522501                     /usr/lib/x86_64-linux-gnu/libXfixes.so.3.1.0
7fb7db84c000-7fb7db84d000 r--p 00004000 08:06 522501                     /usr/lib/x86_64-linux-gnu/libXfixes.so.3.1.0
7fb7db84d000-7fb7db84e000 rw-p 00005000 08:06 522501                     /usr/lib/x86_64-linux-gnu/libXfixes.so.3.1.0
7fb7db84e000-7fb7db857000 r-xp 00000000 08:06 530071                     /usr/lib/x86_64-linux-gnu/libXcursor.so.1.0.2
7fb7db857000-7fb7dba56000 ---p 00009000 08:06 530071                     /usr/lib/x86_64-linux-gnu/libXcursor.so.1.0.2
7fb7dba56000-7fb7dba57000 r--p 00008000 08:06 530071                     /usr/lib/x86_64-linux-gnu/libXcursor.so.1.0.2
7fb7dba57000-7fb7dba58000 rw-p 00009000 08:06 530071                     /usr/lib/x86_64-linux-gnu/libXcursor.so.1.0.2
7fb7dba58000-7fb7dba6e000 r-xp 00000000 08:06 265567                     /lib/x86_64-linux-gnu/libgcc_s.so.1
7fb7dba6e000-7fb7dbc6d000 ---p 00016000 08:06 265567                     /lib/x86_64-linux-gnu/libgcc_s.so.1
7fb7dbc6d000-7fb7dbc6e000 rw-p 00015000 08:06 265567                     /lib/x86_64-linux-gnu/libgcc_s.so.1
7fb7dbc6e000-7fb7dbcd3000 r-xp 00000000 08:06 414526                     /usr/lib/jvm/java-8-oracle/jre/lib/amd64/libfontmanager.so
7fb7dbcd3000-7fb7dbed3000 ---p 00065000 08:06 414526                     /usr/lib/jvm/java-8-oracle/jre/lib/amd64/libfontmanager.so
7fb7dbed3000-7fb7dbed7000 rw-p 00065000 08:06 414526                     /usr/lib/jvm/java-8-oracle/jre/lib/amd64/libfontmanager.so
7fb7dbed7000-7fb7dbee8000 rw-p 00000000 00:00 0 
7fb7dbee8000-7fb7dbeff000 r-xp 00000000 08:06 13625                      /tmp/jna-3268048/jna2510941400770487006.tmp (deleted)
7fb7dbeff000-7fb7dbffe000 ---p 00017000 08:06 13625                      /tmp/jna-3268048/jna2510941400770487006.tmp (deleted)
7fb7dbffe000-7fb7dc000000 rw-p 00016000 08:06 13625                      /tmp/jna-3268048/jna2510941400770487006.tmp (deleted)
7fb7dc000000-7fb7dc2df000 rw-p 00000000 00:00 0 
7fb7dc2df000-7fb7e0000000 ---p 00000000 00:00 0 
7fb7e0000000-7fb7e0021000 rw-p 00000000 00:00 0 
7fb7e0021000-7fb7e4000000 ---p 00000000 00:00 0 
7fb7e4000000-7fb7e4223000 rw-p 00000000 00:00 0 
7fb7e4223000-7fb7e8000000 ---p 00000000 00:00 0 
7fb7e8000000-7fb7e8230000 rw-p 00000000 00:00 0 
7fb7e8230000-7fb7ec000000 ---p 00000000 00:00 0 
7fb7ec000000-7fb7ec021000 rw-p 00000000 00:00 0 
7fb7ec021000-7fb7f0000000 ---p 00000000 00:00 0 
7fb7f0000000-7fb7f0021000 rw-p 00000000 00:00 0 
7fb7f0021000-7fb7f4000000 ---p 00000000 00:00 0 
7fb7f4000000-7fb7f4021000 rw-p 00000000 00:00 0 
7fb7f4021000-7fb7f8000000 ---p 00000000 00:00 0 
7fb7f8000000-7fb7f8021000 rw-p 00000000 00:00 0 
7fb7f8021000-7fb7fc000000 ---p 00000000 00:00 0 
7fb7fc000000-7fb7fc021000 rw-p 00000000 00:00 0 
7fb7fc021000-7fb800000000 ---p 00000000 00:00 0 
7fb800000000-7fb800021000 rw-p 00000000 00:00 0 
7fb800021000-7fb804000000 ---p 00000000 00:00 0 
7fb804000000-7fb804021000 rw-p 00000000 00:00 0 
7fb804021000-7fb808000000 ---p 00000000 00:00 0 
7fb808000000-7fb808021000 rw-p 00000000 00:00 0 
7fb808021000-7fb80c000000 ---p 00000000 00:00 0 
7fb80c008000-7fb80c00b000 ---p 00000000 00:00 0 
7fb80c00b000-7fb80c109000 rw-p 00000000 00:00 0                          [stack:14033]
7fb80c109000-7fb80c10e000 r-xp 00000000 08:06 530075                     /usr/lib/x86_64-linux-gnu/libXdmcp.so.6.0.0
7fb80c10e000-7fb80c30d000 ---p 00005000 08:06 530075                     /usr/lib/x86_64-linux-gnu/libXdmcp.so.6.0.0
7fb80c30d000-7fb80c30e000 r--p 00004000 08:06 530075                     /usr/lib/x86_64-linux-gnu/libXdmcp.so.6.0.0
7fb80c30e000-7fb80c30f000 rw-p 00005000 08:06 530075                     /usr/lib/x86_64-linux-gnu/libXdmcp.so.6.0.0
7fb80c30f000-7fb80c311000 r-xp 00000000 08:06 530064                     /usr/lib/x86_64-linux-gnu/libXau.so.6.0.0
7fb80c311000-7fb80c511000 ---p 00002000 08:06 530064                     /usr/lib/x86_64-linux-gnu/libXau.so.6.0.0
7fb80c511000-7fb80c512000 r--p 00002000 08:06 530064                     /usr/lib/x86_64-linux-gnu/libXau.so.6.0.0
7fb80c512000-7fb80c513000 rw-p 00003000 08:06 530064                     /usr/lib/x86_64-linux-gnu/libXau.so.6.0.0
7fb80c513000-7fb80c530000 r-xp 00000000 08:06 531132                     /usr/lib/x86_64-linux-gnu/libxcb.so.1.1.0
7fb80c530000-7fb80c730000 ---p 0001d000 08:06 531132                     /usr/lib/x86_64-linux-gnu/libxcb.so.1.1.0
7fb80c730000-7fb80c731000 r--p 0001d000 08:06 531132                     /usr/lib/x86_64-linux-gnu/libxcb.so.1.1.0
7fb80c731000-7fb80c732000 rw-p 0001e000 08:06 531132                     /usr/lib/x86_64-linux-gnu/libxcb.so.1.1.0
7fb80c732000-7fb80c741000 r-xp 00000000 08:06 522608                     /usr/lib/x86_64-linux-gnu/libXi.so.6.1.0
7fb80c741000-7fb80c940000 ---p 0000f000 08:06 522608                     /usr/lib/x86_64-linux-gnu/libXi.so.6.1.0
7fb80c940000-7fb80c941000 r--p 0000e000 08:06 522608                     /usr/lib/x86_64-linux-gnu/libXi.so.6.1.0
7fb80c941000-7fb80c942000 rw-p 0000f000 08:06 522608                     /usr/lib/x86_64-linux-gnu/libXi.so.6.1.0
7fb80c942000-7fb80c947000 r-xp 00000000 08:06 530105                     /usr/lib/x86_64-linux-gnu/libXtst.so.6.1.0
7fb80c947000-7fb80cb46000 ---p 00005000 08:06 530105                     /usr/lib/x86_64-linux-gnu/libXtst.so.6.1.0
7fb80cb46000-7fb80cb47000 r--p 00004000 08:06 530105                     /usr/lib/x86_64-linux-gnu/libXtst.so.6.1.0
7fb80cb47000-7fb80cb48000 rw-p 00005000 08:06 530105                     /usr/lib/x86_64-linux-gnu/libXtst.so.6.1.0
7fb80cb48000-7fb80cb51000 r-xp 00000000 08:06 522612                     /usr/lib/x86_64-linux-gnu/libXrender.so.1.3.0
7fb80cb51000-7fb80cd50000 ---p 00009000 08:06 522612                     /usr/lib/x86_64-linux-gnu/libXrender.so.1.3.0
7fb80cd50000-7fb80cd51000 r--p 00008000 08:06 522612                     /usr/lib/x86_64-linux-gnu/libXrender.so.1.3.0
7fb80cd51000-7fb80cd52000 rw-p 00009000 08:06 522612                     /usr/lib/x86_64-linux-gnu/libXrender.so.1.3.0
7fb80cd52000-7fb80ce82000 r-xp 00000000 08:06 530060                     /usr/lib/x86_64-linux-gnu/libX11.so.6.3.0
7fb80ce82000-7fb80d082000 ---p 00130000 08:06 530060                     /usr/lib/x86_64-linux-gnu/libX11.so.6.3.0
7fb80d082000-7fb80d083000 r--p 00130000 08:06 530060                     /usr/lib/x86_64-linux-gnu/libX11.so.6.3.0
7fb80d083000-7fb80d087000 rw-p 00131000 08:06 530060                     /usr/lib/x86_64-linux-gnu/libX11.so.6.3.0
7fb80d087000-7fb80d098000 r-xp 00000000 08:06 522564                     /usr/lib/x86_64-linux-gnu/libXext.so.6.4.0
7fb80d098000-7fb80d297000 ---p 00011000 08:06 522564                     /usr/lib/x86_64-linux-gnu/libXext.so.6.4.0
7fb80d297000-7fb80d298000 r--p 00010000 08:06 522564                     /usr/lib/x86_64-linux-gnu/libXext.so.6.4.0
7fb80d298000-7fb80d299000 rw-p 00011000 08:06 522564                     /usr/lib/x86_64-linux-gnu/libXext.so.6.4.0
7fb80d299000-7fb80d2ed000 r-xp 00000000 08:06 414472                     /usr/lib/jvm/java-8-oracle/jre/lib/amd64/libawt_xawt.so
7fb80d2ed000-7fb80d4ed000 ---p 00054000 08:06 414472                     /usr/lib/jvm/java-8-oracle/jre/lib/amd64/libawt_xawt.so
7fb80d4ed000-7fb80d4f1000 rw-p 00054000 08:06 414472                     /usr/lib/jvm/java-8-oracle/jre/lib/amd64/libawt_xawt.so
7fb80d4f1000-7fb80d4f2000 rw-p 00000000 00:00 0 
7fb80d4f2000-7fb80d594000 r-xp 00000000 08:06 414471                     /usr/lib/jvm/java-8-oracle/jre/lib/amd64/libawt.so
7fb80d594000-7fb80d794000 ---p 000a2000 08:06 414471                     /usr/lib/jvm/java-8-oracle/jre/lib/amd64/libawt.so
7fb80d794000-7fb80d7a0000 rw-p 000a2000 08:06 414471                     /usr/lib/jvm/java-8-oracle/jre/lib/amd64/libawt.so
7fb80d7a0000-7fb80d7c4000 rw-p 00000000 00:00 0 
7fb80d7c4000-7fb80d7c5000 ---p 00000000 00:00 0 
7fb80d7c5000-7fb80d8c5000 rw-p 00000000 00:00 0                          [stack:14030]
7fb80d8c5000-7fb80d8c8000 ---p 00000000 00:00 0 
7fb80d8c8000-7fb80d9c6000 rw-p 00000000 00:00 0                          [stack:14029]
7fb80d9c6000-7fb80d9c9000 ---p 00000000 00:00 0 
7fb80d9c9000-7fb80dac7000 rw-p 00000000 00:00 0                          [stack:14028]
7fb80dac7000-7fb80daca000 ---p 00000000 00:00 0 
7fb80daca000-7fb80dbc8000 rw-p 00000000 00:00 0                          [stack:14027]
7fb80dbc8000-7fb80dbcb000 ---p 00000000 00:00 0 
7fb80dbcb000-7fb80dcc9000 rw-p 00000000 00:00 0                          [stack:14026]
7fb80dcc9000-7fb80dccc000 ---p 00000000 00:00 0 
7fb80dccc000-7fb80ddca000 rw-p 00000000 00:00 0                          [stack:14022]
7fb80ddca000-7fb80ddcd000 ---p 00000000 00:00 0 
7fb80ddcd000-7fb80decb000 rw-p 00000000 00:00 0                          [stack:14021]
7fb80decb000-7fb80dece000 ---p 00000000 00:00 0 
7fb80dece000-7fb80dfcc000 rw-p 00000000 00:00 0                          [stack:14020]
7fb80dfcc000-7fb80dfd0000 r-xp 00000000 08:06 414524                     /usr/lib/jvm/java-8-oracle/jre/lib/amd64/libdt_socket.so
7fb80dfd0000-7fb80e1cf000 ---p 00004000 08:06 414524                     /usr/lib/jvm/java-8-oracle/jre/lib/amd64/libdt_socket.so
7fb80e1cf000-7fb80e1d0000 rw-p 00003000 08:06 414524                     /usr/lib/jvm/java-8-oracle/jre/lib/amd64/libdt_socket.so
7fb80e1d0000-7fb810000000 rw-p 00000000 00:00 0 
7fb810000000-7fb810021000 rw-p 00000000 00:00 0 
7fb810021000-7fb814000000 ---p 00000000 00:00 0 
7fb814000000-7fb814021000 rw-p 00000000 00:00 0 
7fb814021000-7fb818000000 ---p 00000000 00:00 0 
7fb818000000-7fb818021000 rw-p 00000000 00:00 0 
7fb818021000-7fb81c000000 ---p 00000000 00:00 0 
7fb81c0b8000-7fb81c0bb000 ---p 00000000 00:00 0 
7fb81c0bb000-7fb81c0f1000 rw-p 00000000 00:00 0                          [stack:14032]
7fb81c0f1000-7fb81c0f4000 ---p 00000000 00:00 0 
7fb81c0f4000-7fb81c1f2000 rw-p 00000000 00:00 0                          [stack:14018]
7fb81c1f2000-7fb81c1f5000 ---p 00000000 00:00 0 
7fb81c1f5000-7fb81c2f3000 rw-p 00000000 00:00 0                          [stack:14017]
7fb81c2f3000-7fb81c2f6000 ---p 00000000 00:00 0 
7fb81c2f6000-7fb81c3f4000 rw-p 00000000 00:00 0                          [stack:14016]
7fb81c3f4000-7fb81c3f5000 ---p 00000000 00:00 0 
7fb81c3f5000-7fb81d000000 rw-p 00000000 00:00 0                          [stack:14015]
7fb81d000000-7fb81d2b0000 rwxp 00000000 00:00 0 
7fb81d2b0000-7fb82c000000 ---p 00000000 00:00 0 
7fb82c000000-7fb82c4d0000 rw-p 00000000 00:00 0 
7fb82c4d0000-7fb830000000 ---p 00000000 00:00 0 
7fb83001e000-7fb830023000 r--s 00096000 08:06 414462                     /usr/lib/jvm/java-8-oracle/jre/lib/jsse.jar
7fb830023000-7fb830032000 r--s 00115000 08:07 2097400                    /home/jony/.m2/repository/net/java/dev/jna/platform/3.5.2/platform-3.5.2.jar
7fb830032000-7fb83003e000 r--s 00057000 08:07 2097396                    /home/jony/.m2/repository/uk/co/caprica/vlcj/3.9.0/vlcj-3.9.0.jar
7fb83003e000-7fb8304e7000 rw-p 00000000 00:00 0 
7fb8304e7000-7fb8306c0000 r--s 03d20000 08:06 414457                     /usr/lib/jvm/java-8-oracle/jre/lib/rt.jar
7fb8306c0000-7fb831119000 rw-p 00000000 00:00 0 
7fb831119000-7fb83111a000 ---p 00000000 00:00 0 
7fb83111a000-7fb83121a000 rw-p 00000000 00:00 0                          [stack:14014]
7fb83121a000-7fb83121b000 ---p 00000000 00:00 0 
7fb83121b000-7fb83131b000 rw-p 00000000 00:00 0                          [stack:14013]
7fb83131b000-7fb83131c000 ---p 00000000 00:00 0 
7fb83131c000-7fb83141c000 rw-p 00000000 00:00 0                          [stack:14012]
7fb83141c000-7fb83141d000 ---p 00000000 00:00 0 
7fb83141d000-7fb831532000 rw-p 00000000 00:00 0                          [stack:14011]
7fb831532000-7fb83165f000 ---p 00000000 00:00 0 
7fb83165f000-7fb831674000 rw-p 00000000 00:00 0 
7fb831674000-7fb8317a1000 ---p 00000000 00:00 0 
7fb8317a1000-7fb8317ac000 rw-p 00000000 00:00 0 
7fb8317ac000-7fb831842000 ---p 00000000 00:00 0 
7fb831842000-7fb83184e000 rw-p 00000000 00:00 0 
7fb83184e000-7fb831c03000 ---p 00000000 00:00 0 
7fb831c03000-7fb831c1d000 r-xp 00000000 08:06 414518                     /usr/lib/jvm/java-8-oracle/jre/lib/amd64/libzip.so
7fb831c1d000-7fb831e1d000 ---p 0001a000 08:06 414518                     /usr/lib/jvm/java-8-oracle/jre/lib/amd64/libzip.so
7fb831e1d000-7fb831e1e000 rw-p 0001a000 08:06 414518                     /usr/lib/jvm/java-8-oracle/jre/lib/amd64/libzip.so
7fb831e1e000-7fb831e29000 r-xp 00000000 08:06 261141                     /lib/x86_64-linux-gnu/libnss_files-2.19.so
7fb831e29000-7fb832028000 ---p 0000b000 08:06 261141                     /lib/x86_64-linux-gnu/libnss_files-2.19.so
7fb832028000-7fb832029000 r--p 0000a000 08:06 261141                     /lib/x86_64-linux-gnu/libnss_files-2.19.so
7fb832029000-7fb83202a000 rw-p 0000b000 08:06 261141                     /lib/x86_64-linux-gnu/libnss_files-2.19.so
7fb83202a000-7fb832035000 r-xp 00000000 08:06 265432                     /lib/x86_64-linux-gnu/libnss_nis-2.19.so
7fb832035000-7fb832234000 ---p 0000b000 08:06 265432                     /lib/x86_64-linux-gnu/libnss_nis-2.19.so
7fb832234000-7fb832235000 r--p 0000a000 08:06 265432                     /lib/x86_64-linux-gnu/libnss_nis-2.19.so
7fb832235000-7fb832236000 rw-p 0000b000 08:06 265432                     /lib/x86_64-linux-gnu/libnss_nis-2.19.so
7fb832236000-7fb83224d000 r-xp 00000000 08:06 261216                     /lib/x86_64-linux-gnu/libnsl-2.19.so
7fb83224d000-7fb83244c000 ---p 00017000 08:06 261216                     /lib/x86_64-linux-gnu/libnsl-2.19.so
7fb83244c000-7fb83244d000 r--p 00016000 08:06 261216                     /lib/x86_64-linux-gnu/libnsl-2.19.so
7fb83244d000-7fb83244e000 rw-p 00017000 08:06 261216                     /lib/x86_64-linux-gnu/libnsl-2.19.so
7fb83244e000-7fb832450000 rw-p 00000000 00:00 0 
7fb832450000-7fb832459000 r-xp 00000000 08:06 261215                     /lib/x86_64-linux-gnu/libnss_compat-2.19.so
7fb832459000-7fb832658000 ---p 00009000 08:06 261215                     /lib/x86_64-linux-gnu/libnss_compat-2.19.so
7fb832658000-7fb832659000 r--p 00008000 08:06 261215                     /lib/x86_64-linux-gnu/libnss_compat-2.19.so
7fb832659000-7fb83265a000 rw-p 00009000 08:06 261215                     /lib/x86_64-linux-gnu/libnss_compat-2.19.so
7fb83265a000-7fb832d7d000 r--p 00000000 08:06 397847                     /usr/lib/locale/locale-archive
7fb832d7d000-7fb832d7f000 r-xp 00000000 08:06 414489                     /usr/lib/jvm/java-8-oracle/jre/lib/amd64/libnpt.so
7fb832d7f000-7fb832f7f000 ---p 00002000 08:06 414489                     /usr/lib/jvm/java-8-oracle/jre/lib/amd64/libnpt.so
7fb832f7f000-7fb832f80000 rw-p 00002000 08:06 414489                     /usr/lib/jvm/java-8-oracle/jre/lib/amd64/libnpt.so
7fb832f80000-7fb832fb9000 r-xp 00000000 08:06 414473                     /usr/lib/jvm/java-8-oracle/jre/lib/amd64/libjdwp.so
7fb832fb9000-7fb8331b8000 ---p 00039000 08:06 414473                     /usr/lib/jvm/java-8-oracle/jre/lib/amd64/libjdwp.so
7fb8331b8000-7fb8331ba000 rw-p 00038000 08:06 414473                     /usr/lib/jvm/java-8-oracle/jre/lib/amd64/libjdwp.so
7fb8331ba000-7fb8331e4000 r-xp 00000000 08:06 414479                     /usr/lib/jvm/java-8-oracle/jre/lib/amd64/libjava.so
7fb8331e4000-7fb8333e4000 ---p 0002a000 08:06 414479                     /usr/lib/jvm/java-8-oracle/jre/lib/amd64/libjava.so
7fb8333e4000-7fb8333e6000 rw-p 0002a000 08:06 414479                     /usr/lib/jvm/java-8-oracle/jre/lib/amd64/libjava.so
7fb8333e6000-7fb8333f3000 r-xp 00000000 08:06 414470                     /usr/lib/jvm/java-8-oracle/jre/lib/amd64/libverify.so
7fb8333f3000-7fb8335f3000 ---p 0000d000 08:06 414470                     /usr/lib/jvm/java-8-oracle/jre/lib/amd64/libverify.so
7fb8335f3000-7fb8335f5000 rw-p 0000d000 08:06 414470                     /usr/lib/jvm/java-8-oracle/jre/lib/amd64/libverify.so
7fb8335f5000-7fb8335fc000 r-xp 00000000 08:06 261224                     /lib/x86_64-linux-gnu/librt-2.19.so
7fb8335fc000-7fb8337fb000 ---p 00007000 08:06 261224                     /lib/x86_64-linux-gnu/librt-2.19.so
7fb8337fb000-7fb8337fc000 r--p 00006000 08:06 261224                     /lib/x86_64-linux-gnu/librt-2.19.so
7fb8337fc000-7fb8337fd000 rw-p 00007000 08:06 261224                     /lib/x86_64-linux-gnu/librt-2.19.so
7fb8337fd000-7fb833902000 r-xp 00000000 08:06 261137                     /lib/x86_64-linux-gnu/libm-2.19.so
7fb833902000-7fb833b01000 ---p 00105000 08:06 261137                     /lib/x86_64-linux-gnu/libm-2.19.so
7fb833b01000-7fb833b02000 r--p 00104000 08:06 261137                     /lib/x86_64-linux-gnu/libm-2.19.so
7fb833b02000-7fb833b03000 rw-p 00105000 08:06 261137                     /lib/x86_64-linux-gnu/libm-2.19.so
7fb833b03000-7fb8347c1000 r-xp 00000000 08:06 414502                     /usr/lib/jvm/java-8-oracle/jre/lib/amd64/server/libjvm.so
7fb8347c1000-7fb8349c0000 ---p 00cbe000 08:06 414502                     /usr/lib/jvm/java-8-oracle/jre/lib/amd64/server/libjvm.so
7fb8349c0000-7fb834a99000 rw-p 00cbd000 08:06 414502                     /usr/lib/jvm/java-8-oracle/jre/lib/amd64/server/libjvm.so
7fb834a99000-7fb834add000 rw-p 00000000 00:00 0 
7fb834add000-7fb834c98000 r-xp 00000000 08:06 261221                     /lib/x86_64-linux-gnu/libc-2.19.so
7fb834c98000-7fb834e97000 ---p 001bb000 08:06 261221                     /lib/x86_64-linux-gnu/libc-2.19.so
7fb834e97000-7fb834e9b000 r--p 001ba000 08:06 261221                     /lib/x86_64-linux-gnu/libc-2.19.so
7fb834e9b000-7fb834e9d000 rw-p 001be000 08:06 261221                     /lib/x86_64-linux-gnu/libc-2.19.so
7fb834e9d000-7fb834ea2000 rw-p 00000000 00:00 0 
7fb834ea2000-7fb834ea5000 r-xp 00000000 08:06 261152                     /lib/x86_64-linux-gnu/libdl-2.19.so
7fb834ea5000-7fb8350a4000 ---p 00003000 08:06 261152                     /lib/x86_64-linux-gnu/libdl-2.19.so
7fb8350a4000-7fb8350a5000 r--p 00002000 08:06 261152                     /lib/x86_64-linux-gnu/libdl-2.19.so
7fb8350a5000-7fb8350a6000 rw-p 00003000 08:06 261152                     /lib/x86_64-linux-gnu/libdl-2.19.so
7fb8350a6000-7fb8350bb000 r-xp 00000000 08:06 413769                     /usr/lib/jvm/java-8-oracle/lib/amd64/jli/libjli.so
7fb8350bb000-7fb8352bb000 ---p 00015000 08:06 413769                     /usr/lib/jvm/java-8-oracle/lib/amd64/jli/libjli.so
7fb8352bb000-7fb8352bc000 rw-p 00015000 08:06 413769                     /usr/lib/jvm/java-8-oracle/lib/amd64/jli/libjli.so
7fb8352bc000-7fb8352d5000 r-xp 00000000 08:06 261222                     /lib/x86_64-linux-gnu/libpthread-2.19.so
7fb8352d5000-7fb8354d4000 ---p 00019000 08:06 261222                     /lib/x86_64-linux-gnu/libpthread-2.19.so
7fb8354d4000-7fb8354d5000 r--p 00018000 08:06 261222                     /lib/x86_64-linux-gnu/libpthread-2.19.so
7fb8354d5000-7fb8354d6000 rw-p 00019000 08:06 261222                     /lib/x86_64-linux-gnu/libpthread-2.19.so
7fb8354d6000-7fb8354da000 rw-p 00000000 00:00 0 
7fb8354da000-7fb8354fd000 r-xp 00000000 08:06 261218                     /lib/x86_64-linux-gnu/ld-2.19.so
7fb8354fe000-7fb835502000 r--s 00112000 08:07 2359896                    /home/jony/.m2/repository/net/java/dev/jna/jna/4.2.1/jna-4.2.1.jar
7fb835502000-7fb8355d4000 rw-p 00000000 00:00 0 
7fb8355d4000-7fb8355d7000 ---p 00000000 00:00 0 
7fb8355d7000-7fb8356d9000 rw-p 00000000 00:00 0                          [stack:14010]
7fb8356da000-7fb8356db000 rwxp 00000000 00:00 0 
7fb8356db000-7fb8356dc000 r--s 00002000 08:07 1322282                    /home/jony/.m2/repository/org/slf4j/slf4j-simple/1.7.12/slf4j-simple-1.7.12.jar
7fb8356dc000-7fb8356dd000 r--s 00007000 08:07 8522705                    /home/jony/.m2/repository/org/slf4j/slf4j-api/1.7.10/slf4j-api-1.7.10.jar
7fb8356dd000-7fb8356f0000 rw-p 00000000 00:00 0 
7fb8356f0000-7fb8356f8000 rw-s 00000000 08:06 522641                     /tmp/hsperfdata_jony/14004
7fb8356f8000-7fb8356f9000 rw-p 00000000 00:00 0 
7fb8356f9000-7fb8356fa000 r--p 00000000 00:00 0 
7fb8356fa000-7fb8356fc000 rw-p 00000000 00:00 0 
7fb8356fc000-7fb8356fd000 r--p 00022000 08:06 261218                     /lib/x86_64-linux-gnu/ld-2.19.so
7fb8356fd000-7fb8356fe000 rw-p 00023000 08:06 261218                     /lib/x86_64-linux-gnu/ld-2.19.so
7fb8356fe000-7fb8356ff000 rw-p 00000000 00:00 0 
7ffdeee44000-7ffdeee65000 rw-p 00000000 00:00 0                          [stack]
7ffdeefaf000-7ffdeefb1000 r-xp 00000000 00:00 0                          [vdso]
7ffdeefb1000-7ffdeefb3000 r--p 00000000 00:00 0                          [vvar]
ffffffffff600000-ffffffffff601000 r-xp 00000000 00:00 0                  [vsyscall]

VM Arguments:
jvm_args: -agentlib:jdwp=transport=dt_socket,suspend=y,address=localhost:42861 -Dfile.encoding=UTF-8 
java_command: com.movieCart.MainFrame
java_class_path (initial): /home/jony/Dropbox/Eclipse Workspace/movieCart/target/classes:/home/jony/.m2/repository/uk/co/caprica/vlcj/3.9.0/vlcj-3.9.0.jar:/home/jony/.m2/repository/org/slf4j/slf4j-api/1.7.10/slf4j-api-1.7.10.jar:/home/jony/.m2/repository/net/java/dev/jna/platform/3.5.2/platform-3.5.2.jar:/home/jony/.m2/repository/net/java/dev/jna/jna/4.2.1/jna-4.2.1.jar:/home/jony/.m2/repository/org/slf4j/slf4j-simple/1.7.12/slf4j-simple-1.7.12.jar
Launcher Type: SUN_STANDARD

Environment Variables:
JAVA_HOME=/usr/lib/jvm/java-8-oracle
PATH=/home/jony/sys161/bin:/home/jony/sys161/tools/bin:/home/jony/bin:/usr/local/sbin:/usr/local/bin:/usr/sbin:/usr/bin:/sbin:/bin:/usr/games:/usr/local/games:/usr/lib/jvm/java-8-oracle/bin:/usr/lib/jvm/java-8-oracle/db/bin:/usr/lib/jvm/java-8-oracle/jre/bin
SHELL=/bin/bash
DISPLAY=:0.0

Signal Handlers:
SIGSEGV: [libjvm.so+0xaba2a0], sa_mask[0]=11111111011111111101111111111110, sa_flags=SA_RESTART|SA_SIGINFO
SIGBUS: [libjvm.so+0xaba2a0], sa_mask[0]=11111111011111111101111111111110, sa_flags=SA_RESTART|SA_SIGINFO
SIGFPE: [libjvm.so+0x917710], sa_mask[0]=11111111011111111101111111111110, sa_flags=SA_RESTART|SA_SIGINFO
SIGPIPE: [libjvm.so+0x917710], sa_mask[0]=11111111011111111101111111111110, sa_flags=SA_RESTART|SA_SIGINFO
SIGXFSZ: [libjvm.so+0x917710], sa_mask[0]=11111111011111111101111111111110, sa_flags=SA_RESTART|SA_SIGINFO
SIGILL: [libjvm.so+0x917710], sa_mask[0]=11111111011111111101111111111110, sa_flags=SA_RESTART|SA_SIGINFO
SIGUSR1: SIG_DFL, sa_mask[0]=00000000000000000000000000000000, sa_flags=none
SIGUSR2: [libjvm.so+0x918d40], sa_mask[0]=00100000000000000000000000000000, sa_flags=SA_RESTART|SA_SIGINFO
SIGHUP: [libjvm.so+0x91a140], sa_mask[0]=11111111011111111101111111111110, sa_flags=SA_RESTART|SA_SIGINFO
SIGINT: [libjvm.so+0x91a140], sa_mask[0]=11111111011111111101111111111110, sa_flags=SA_RESTART|SA_SIGINFO
SIGTERM: [libjvm.so+0x91a140], sa_mask[0]=11111111011111111101111111111110, sa_flags=SA_RESTART|SA_SIGINFO
SIGQUIT: [libjvm.so+0x91a140], sa_mask[0]=11111111011111111101111111111110, sa_flags=SA_RESTART|SA_SIGINFO


---------------  S Y S T E M  ---------------

OS:DISTRIB_ID=Ubuntu
DISTRIB_RELEASE=14.04
DISTRIB_CODENAME=trusty
DISTRIB_DESCRIPTION="Ubuntu 14.04.3 LTS"

uname:Linux 3.16.0-51-generic #69~14.04.1-Ubuntu SMP Wed Oct 7 15:32:41 UTC 2015 x86_64
libc:glibc 2.19 NPTL 2.19 
rlimit: STACK 8192k, CORE 0k, NPROC 15360, NOFILE 4096, AS infinity
load average:1.41 2.04 2.27

/proc/meminfo:
MemTotal:        3953704 kB
MemFree:          165300 kB
MemAvailable:    1514580 kB
Buffers:           36760 kB
Cached:          1686932 kB
SwapCached:        11536 kB
Active:          2215044 kB
Inactive:        1366952 kB
Active(anon):    1468532 kB
Inactive(anon):   624988 kB
Active(file):     746512 kB
Inactive(file):   741964 kB
Unevictable:         104 kB
Mlocked:             104 kB
SwapTotal:       9764860 kB
SwapFree:        9546040 kB
Dirty:               356 kB
Writeback:           220 kB
AnonPages:       1852792 kB
Mapped:           251204 kB
Shmem:            235248 kB
Slab:              91880 kB
SReclaimable:      59476 kB
SUnreclaim:        32404 kB
KernelStack:       11360 kB
PageTables:        38940 kB
NFS_Unstable:          0 kB
Bounce:                0 kB
WritebackTmp:          0 kB
CommitLimit:    11741712 kB
Committed_AS:    6773568 kB
VmallocTotal:   34359738367 kB
VmallocUsed:      361940 kB
VmallocChunk:   34359360012 kB
HardwareCorrupted:     0 kB
AnonHugePages:    526336 kB
HugePages_Total:       0
HugePages_Free:        0
HugePages_Rsvd:        0
HugePages_Surp:        0
Hugepagesize:       2048 kB
DirectMap4k:       72352 kB
DirectMap2M:     4028416 kB


CPU:total 4 (2 cores per cpu, 2 threads per core) family 6 model 42 stepping 7, cmov, cx8, fxsr, mmx, sse, sse2, sse3, ssse3, sse4.1, sse4.2, popcnt, avx, aes, clmul, ht, tsc, tscinvbit

/proc/cpuinfo:
processor	: 0
vendor_id	: GenuineIntel
cpu family	: 6
model		: 42
model name	: Intel(R) Core(TM) i5-2430M CPU @ 2.40GHz
stepping	: 7
microcode	: 0x1a
cpu MHz		: 2832.375
cache size	: 3072 KB
physical id	: 0
siblings	: 4
core id		: 0
cpu cores	: 2
apicid		: 0
initial apicid	: 0
fpu		: yes
fpu_exception	: yes
cpuid level	: 13
wp		: yes
flags		: fpu vme de pse tsc msr pae mce cx8 apic sep mtrr pge mca cmov pat pse36 clflush dts acpi mmx fxsr sse sse2 ss ht tm pbe syscall nx rdtscp lm constant_tsc arch_perfmon pebs bts rep_good nopl xtopology nonstop_tsc aperfmperf eagerfpu pni pclmulqdq dtes64 monitor ds_cpl vmx est tm2 ssse3 cx16 xtpr pdcm pcid sse4_1 sse4_2 x2apic popcnt tsc_deadline_timer aes xsave avx lahf_lm ida arat epb xsaveopt pln pts dtherm tpr_shadow vnmi flexpriority ept vpid
bogomips	: 4789.33
clflush size	: 64
cache_alignment	: 64
address sizes	: 36 bits physical, 48 bits virtual
power management:

processor	: 1
vendor_id	: GenuineIntel
cpu family	: 6
model		: 42
model name	: Intel(R) Core(TM) i5-2430M CPU @ 2.40GHz
stepping	: 7
microcode	: 0x1a
cpu MHz		: 2771.906
cache size	: 3072 KB
physical id	: 0
siblings	: 4
core id		: 1
cpu cores	: 2
apicid		: 2
initial apicid	: 2
fpu		: yes
fpu_exception	: yes
cpuid level	: 13
wp		: yes
flags		: fpu vme de pse tsc msr pae mce cx8 apic sep mtrr pge mca cmov pat pse36 clflush dts acpi mmx fxsr sse sse2 ss ht tm pbe syscall nx rdtscp lm constant_tsc arch_perfmon pebs bts rep_good nopl xtopology nonstop_tsc aperfmperf eagerfpu pni pclmulqdq dtes64 monitor ds_cpl vmx est tm2 ssse3 cx16 xtpr pdcm pcid sse4_1 sse4_2 x2apic popcnt tsc_deadline_timer aes xsave avx lahf_lm ida arat epb xsaveopt pln pts dtherm tpr_shadow vnmi flexpriority ept vpid
bogomips	: 4789.33
clflush size	: 64
cache_alignment	: 64
address sizes	: 36 bits physical, 48 bits virtual
power management:

processor	: 2
vendor_id	: GenuineIntel
cpu family	: 6
model		: 42
model name	: Intel(R) Core(TM) i5-2430M CPU @ 2.40GHz
stepping	: 7
microcode	: 0x1a
cpu MHz		: 2548.312
cache size	: 3072 KB
physical id	: 0
siblings	: 4
core id		: 0
cpu cores	: 2
apicid		: 1
initial apicid	: 1
fpu		: yes
fpu_exception	: yes
cpuid level	: 13
wp		: yes
flags		: fpu vme de pse tsc msr pae mce cx8 apic sep mtrr pge mca cmov pat pse36 clflush dts acpi mmx fxsr sse sse2 ss ht tm pbe syscall nx rdtscp lm constant_tsc arch_perfmon pebs bts rep_good nopl xtopology nonstop_tsc aperfmperf eagerfpu pni pclmulqdq dtes64 monitor ds_cpl vmx est tm2 ssse3 cx16 xtpr pdcm pcid sse4_1 sse4_2 x2apic popcnt tsc_deadline_timer aes xsave avx lahf_lm ida arat epb xsaveopt pln pts dtherm tpr_shadow vnmi flexpriority ept vpid
bogomips	: 4789.33
clflush size	: 64
cache_alignment	: 64
address sizes	: 36 bits physical, 48 bits virtual
power management:

processor	: 3
vendor_id	: GenuineIntel
cpu family	: 6
model		: 42
model name	: Intel(R) Core(TM) i5-2430M CPU @ 2.40GHz
stepping	: 7
microcode	: 0x1a
cpu MHz		: 2765.062
cache size	: 3072 KB
physical id	: 0
siblings	: 4
core id		: 1
cpu cores	: 2
apicid		: 3
initial apicid	: 3
fpu		: yes
fpu_exception	: yes
cpuid level	: 13
wp		: yes
flags		: fpu vme de pse tsc msr pae mce cx8 apic sep mtrr pge mca cmov pat pse36 clflush dts acpi mmx fxsr sse sse2 ss ht tm pbe syscall nx rdtscp lm constant_tsc arch_perfmon pebs bts rep_good nopl xtopology nonstop_tsc aperfmperf eagerfpu pni pclmulqdq dtes64 monitor ds_cpl vmx est tm2 ssse3 cx16 xtpr pdcm pcid sse4_1 sse4_2 x2apic popcnt tsc_deadline_timer aes xsave avx lahf_lm ida arat epb xsaveopt pln pts dtherm tpr_shadow vnmi flexpriority ept vpid
bogomips	: 4789.33
clflush size	: 64
cache_alignment	: 64
address sizes	: 36 bits physical, 48 bits virtual
power management:



Memory: 4k page, physical 3953704k(165300k free), swap 9764860k(9546040k free)

vm_info: Java HotSpot(TM) 64-Bit Server VM (25.66-b17) for linux-amd64 JRE (1.8.0_66-b17), built on Oct  6 2015 17:28:34 by "java_re" with gcc 4.3.0 20080428 (Red Hat 4.3.0-8)

time: Mon Oct 26 21:44:14 2015
elapsed time: 2 seconds (0d 0h 0m 2s)

