#
# A fatal error has been detected by the Java Runtime Environment:
#
#  SIGSEGV (0xb) at pc=0x00007f2fea916414, pid=13968, tid=139843779839744
#
# JRE version: Java(TM) SE Runtime Environment (8.0_66-b17) (build 1.8.0_66-b17)
# Java VM: Java HotSpot(TM) 64-Bit Server VM (25.66-b17 mixed mode linux-amd64 compressed oops)
# Problematic frame:
# C  [libpthread.so.0+0xa414]  pthread_mutex_lock+0x4
#
# Failed to write core dump. Core dumps have been disabled. To enable core dumping, try "ulimit -c unlimited" before starting Java again
#
# If you would like to submit a bug report, please visit:
#   http://bugreport.java.com/bugreport/crash.jsp
# The crash happened outside the Java Virtual Machine in native code.
# See problematic frame for where to report the bug.
#

---------------  T H R E A D  ---------------

Current thread (0x00007f2fe400a000):  JavaThread "main" [_thread_in_native, id=13973, stack(0x00007f2feac24000,0x00007f2fead25000)]

siginfo: si_signo: 11 (SIGSEGV), si_code: 128 (SI_KERNEL), si_addr: 0x0000000000000000

Registers:
RAX=0x00007f2fb2d94950, RBX=0x00007f2fead22cb0, RCX=0x000000000000015d, RDX=0x00007f2fead22ca0
RSP=0x00007f2fead22c30, RBP=0x00007f2fe42cd380, RSI=0x00007f2fead22c90, RDI=0x0000ffe900000000
R8 =0x00007f2fead22cb0, R9 =0x00000000000001fd, R10=0x00007f2fe42b4810, R11=0x00007f2fb2e15d07
R12=0x00007f2fead22c8c, R13=0x00007f2fead22dc0, R14=0x00007f2fead22db8, R15=0x00007f2fe400a1f8
RIP=0x00007f2fea916414, EFLAGS=0x0000000000010206, CSGSFS=0x0000000000000033, ERR=0x0000000000000000
  TRAPNO=0x000000000000000d

Top of Stack: (sp=0x00007f2fead22c30)
0x00007f2fead22c30:   00007f2fead22db8 00007f2fb2dae0da
0x00007f2fead22c40:   00007f2fead22c90 00007f2fead22ca0
0x00007f2fead22c50:   00007f2fe4338d50 00007f2fe4339450
0x00007f2fead22c60:   00007f2fe427ae60 00007f2fe4338d50
0x00007f2fead22c70:   00007f2fe4339450 00007f2fb2d8ba42
0x00007f2fead22c80:   00007f2fe4338d50 00007f2feab40515
0x00007f2fead22c90:   0000015e0000015d 696c436900000000
0x00007f2fead22ca0:   0000015700000156 00007f2f00000000
0x00007f2fead22cb0:   00007f2fe427ae60 00007f2fe4339450
0x00007f2fead22cc0:   00007f2fe4339450 00007f2fead22d20
0x00007f2fead22cd0:   00007f2fe4338d50 00007f2fb32e0991
0x00007f2fead22ce0:   00007f2fe400a000 00007f2fe427ae60
0x00007f2fead22cf0:   00007f2fe400a000 00007f2fc5f6a200
0x00007f2fead22d00:   0000000000000000 00007f2fc5f6a200
0x00007f2fead22d10:   00007f2fead22dd0 00007f2fe400a000
0x00007f2fead22d20:   00007f2fead22d98 00007f2fd4bee994
0x00007f2fead22d30:   00007f2fc5f6a200 0000000000000000
0x00007f2fead22d40:   00007f2fead22d98 00007f2fd4bee727
0x00007f2fead22d50:   00007f2fd4bee6e2 00007f2fead22d58
0x00007f2fead22d60:   00007f2fc5f6a200 00007f2fead22dd0
0x00007f2fead22d70:   00007f2fc5f6d798 0000000000000000
0x00007f2fead22d80:   00007f2fc5f6a200 0000000000000000
0x00007f2fead22d90:   00007f2fead22db8 00007f2fead22e18
0x00007f2fead22da0:   00007f2fd4be09d0 00000000ecdfd010
0x00007f2fead22db0:   00007f2fd4be857b 00000000ebf35c88
0x00007f2fead22dc0:   00000000ece56b50 00007f2fe427ae60
0x00007f2fead22dd0:   00007f2fd4be0760 00007f2fead22dd8
0x00007f2fead22de0:   00007f2fc5f4b71c 00007f2fead22e30
0x00007f2fead22df0:   00007f2fc5f51c28 0000000000000000
0x00007f2fead22e00:   00007f2fc5f4b7c0 00007f2fead22db8
0x00007f2fead22e10:   00007f2fead22e38 00007f2fead22e78
0x00007f2fead22e20:   00007f2fd4be0c4d 0000000000000000 

Instructions: (pc=0x00007f2fea916414)
0x00007f2fea9163f4:   0f 1f 40 00 c7 47 10 ff ff ff ff 31 c0 c3 66 2e
0x00007f2fea916404:   0f 1f 84 00 00 00 00 00 0f 1f 40 00 48 83 ec 08
0x00007f2fea916414:   8b 77 10 49 89 f8 89 f0 89 f2 25 7f 01 00 00 83
0x00007f2fea916424:   e2 7c 0f 85 bf 00 00 00 85 c0 75 70 8b 15 ee 30 

Register to memory mapping:

RAX=0x00007f2fb2d94950: <offset 0x2a950> in /usr/lib/x86_64-linux-gnu/libX11.so.6 at 0x00007f2fb2d6a000
RBX=0x00007f2fead22cb0 is pointing into the stack for thread: 0x00007f2fe400a000
RCX=0x000000000000015d is an unknown value
RDX=0x00007f2fead22ca0 is pointing into the stack for thread: 0x00007f2fe400a000
RSP=0x00007f2fead22c30 is pointing into the stack for thread: 0x00007f2fe400a000
RBP=0x00007f2fe42cd380 is an unknown value
RSI=0x00007f2fead22c90 is pointing into the stack for thread: 0x00007f2fe400a000
RDI=0x0000ffe900000000 is an unknown value
R8 =0x00007f2fead22cb0 is pointing into the stack for thread: 0x00007f2fe400a000
R9 =0x00000000000001fd is an unknown value
R10=0x00007f2fe42b4810 is an unknown value
R11=0x00007f2fb2e15d07: <offset 0xabd07> in /usr/lib/x86_64-linux-gnu/libX11.so.6 at 0x00007f2fb2d6a000
R12=0x00007f2fead22c8c is pointing into the stack for thread: 0x00007f2fe400a000
R13=0x00007f2fead22dc0 is pointing into the stack for thread: 0x00007f2fe400a000
R14=0x00007f2fead22db8 is pointing into the stack for thread: 0x00007f2fe400a000
R15=0x00007f2fe400a1f8 is an unknown value


Stack: [0x00007f2feac24000,0x00007f2fead25000],  sp=0x00007f2fead22c30,  free space=1019k
Native frames: (J=compiled Java code, j=interpreted, Vv=VM code, C=native code)
C  [libpthread.so.0+0xa414]  pthread_mutex_lock+0x4

Java frames: (J=compiled Java code, j=interpreted, Vv=VM code)
j  sun.awt.X11.XlibWrapper.XGetDefault(JLjava/lang/String;Ljava/lang/String;)Ljava/lang/String;+0
j  sun.awt.X11.XToolkit.initializeMultiClickTime()V+12
j  sun.awt.X11.XToolkit.getMultiClickTime()I+6
j  sun.awt.X11.XToolkit.initializeDesktopProperties()V+82
j  java.awt.Toolkit.getDesktopProperty(Ljava/lang/String;)Ljava/lang/Object;+32
j  sun.swing.SwingUtilities2$AATextInfo.getAATextInfo(Z)Lsun/swing/SwingUtilities2$AATextInfo;+11
j  javax.swing.plaf.metal.MetalLookAndFeel.initComponentDefaults(Ljavax/swing/UIDefaults;)V+12062
j  javax.swing.plaf.basic.BasicLookAndFeel.getDefaults()Ljavax/swing/UIDefaults;+25
j  javax.swing.plaf.metal.MetalLookAndFeel.getDefaults()Ljavax/swing/UIDefaults;+9
j  javax.swing.UIManager.setLookAndFeel(Ljavax/swing/LookAndFeel;)V+79
j  javax.swing.UIManager.setLookAndFeel(Ljava/lang/String;)V+16
j  javax.swing.UIManager.initializeDefaultLAF(Ljava/util/Properties;)V+55
j  javax.swing.UIManager.initialize()V+9
j  javax.swing.UIManager.maybeInitialize()V+22
j  javax.swing.UIManager.getUI(Ljavax/swing/JComponent;)Ljavax/swing/plaf/ComponentUI;+0
j  javax.swing.JPanel.updateUI()V+2
j  javax.swing.JPanel.<init>(Ljava/awt/LayoutManager;Z)V+24
j  javax.swing.JPanel.<init>(Z)V+9
j  javax.swing.JPanel.<init>()V+2
j  javax.swing.JRootPane.createGlassPane()Ljava/awt/Component;+4
j  javax.swing.JRootPane.<init>()V+11
j  javax.swing.JFrame.createRootPane()Ljavax/swing/JRootPane;+4
j  javax.swing.JFrame.frameInit()V+16
j  javax.swing.JFrame.<init>()V+20
j  com.movieCart.MainFrame.<init>()V+1
j  com.movieCart.MainFrame.main([Ljava/lang/String;)V+41
v  ~StubRoutines::call_stub

---------------  P R O C E S S  ---------------

Java Threads: ( => current thread )
  0x00007f2fe42d7000 JavaThread "AWT-XAWT" daemon [_thread_in_native, id=13990, stack(0x00007f2fb1567000,0x00007f2fb1668000)]
  0x00007f2fe42b2800 JavaThread "Java2D Disposer" daemon [_thread_blocked, id=13989, stack(0x00007f2fb1a78000,0x00007f2fb1b79000)]
  0x00007f2fe4236000 JavaThread "process reaper" daemon [_thread_blocked, id=13988, stack(0x00007f2fc4051000,0x00007f2fc408a000)]
  0x00007f2fe40d2000 JavaThread "Service Thread" daemon [_thread_blocked, id=13985, stack(0x00007f2fc409e000,0x00007f2fc419f000)]
  0x00007f2fe40bd000 JavaThread "C1 CompilerThread2" daemon [_thread_blocked, id=13984, stack(0x00007f2fc419f000,0x00007f2fc42a0000)]
  0x00007f2fe40bb000 JavaThread "C2 CompilerThread1" daemon [_thread_blocked, id=13983, stack(0x00007f2fc42a0000,0x00007f2fc43a1000)]
  0x00007f2fe40b8000 JavaThread "C2 CompilerThread0" daemon [_thread_blocked, id=13982, stack(0x00007f2fc43a1000,0x00007f2fc44a2000)]
  0x00007f2fe40b6800 JavaThread "Signal Dispatcher" daemon [_thread_blocked, id=13981, stack(0x00007f2fc44a2000,0x00007f2fc45a3000)]
  0x00007f2fe407f000 JavaThread "Finalizer" daemon [_thread_blocked, id=13980, stack(0x00007f2fc45a3000,0x00007f2fc46a4000)]
  0x00007f2fe407d000 JavaThread "Reference Handler" daemon [_thread_blocked, id=13979, stack(0x00007f2fc46a4000,0x00007f2fc47a5000)]
=>0x00007f2fe400a000 JavaThread "main" [_thread_in_native, id=13973, stack(0x00007f2feac24000,0x00007f2fead25000)]

Other Threads:
  0x00007f2fe4077800 VMThread [stack: 0x00007f2fc47a5000,0x00007f2fc48a6000] [id=13978]
  0x00007f2fe40d5000 WatcherThread [stack: 0x00007f2fb37dc000,0x00007f2fb38dd000] [id=13986]

VM state:not at safepoint (normal execution)

VM Mutex/Monitor currently owned by a thread: None

Heap:
 PSYoungGen      total 18432K, used 3425K [0x00000000ebe00000, 0x00000000ed280000, 0x0000000100000000)
  eden space 15872K, 8% used [0x00000000ebe00000,0x00000000ebf5c590,0x00000000ecd80000)
  from space 2560K, 79% used [0x00000000ecd80000,0x00000000ecf7c148,0x00000000ed000000)
  to   space 2560K, 0% used [0x00000000ed000000,0x00000000ed000000,0x00000000ed280000)
 ParOldGen       total 42496K, used 8K [0x00000000c3a00000, 0x00000000c6380000, 0x00000000ebe00000)
  object space 42496K, 0% used [0x00000000c3a00000,0x00000000c3a02000,0x00000000c6380000)
 Metaspace       used 9186K, capacity 9382K, committed 9728K, reserved 1058816K
  class space    used 1065K, capacity 1160K, committed 1280K, reserved 1048576K

Card table byte_map: [0x00007f2fd4635000,0x00007f2fd4819000] byte_map_base: 0x00007f2fd4018000

Marking Bits: (ParMarkBitMap*) 0x00007f2fea102020
 Begin Bits: [0x00007f2fc61d0000, 0x00007f2fc70e8000)
 End Bits:   [0x00007f2fc70e8000, 0x00007f2fc8000000)

Polling page: 0x00007f2fead49000

CodeCache: size=245760Kb used=2517Kb max_used=2517Kb free=243242Kb
 bounds [0x00007f2fd4bd9000, 0x00007f2fd4e59000, 0x00007f2fe3bd9000]
 total_blobs=1028 nmethods=586 adapters=356
 compilation: enabled

Compilation events (10 events):
Event: 0.928 Thread 0x00007f2fe40bd000 nmethod 585 0x00007f2fd4e4cd10 code [0x00007f2fd4e4cea0, 0x00007f2fd4e4d4e8]
Event: 0.928 Thread 0x00007f2fe40bd000  586       3       jdk.internal.org.objectweb.asm.Label::<init> (5 bytes)
Event: 0.928 Thread 0x00007f2fe40bd000 nmethod 586 0x00007f2fd4e4d610 code [0x00007f2fd4e4d780, 0x00007f2fd4e4d930]
Event: 0.928 Thread 0x00007f2fe40bd000  587       3       jdk.internal.org.objectweb.asm.Label::resolve (214 bytes)
Event: 0.929 Thread 0x00007f2fe40bd000 nmethod 587 0x00007f2fd4e4dd50 code [0x00007f2fd4e4dee0, 0x00007f2fd4e4e3b0]
Event: 0.929 Thread 0x00007f2fe40bd000  588       3       jdk.internal.org.objectweb.asm.Item::<init> (5 bytes)
Event: 0.929 Thread 0x00007f2fe40bd000 nmethod 588 0x00007f2fd4e4e810 code [0x00007f2fd4e4e980, 0x00007f2fd4e4eb30]
Event: 0.929 Thread 0x00007f2fe40bd000  590       1       java.lang.reflect.Constructor::getDeclaringClass (5 bytes)
Event: 0.929 Thread 0x00007f2fe40bd000 nmethod 590 0x00007f2fd4e4ebd0 code [0x00007f2fd4e4ed20, 0x00007f2fd4e4ee30]
Event: 0.929 Thread 0x00007f2fe40bd000  591       3       java.lang.Integer::valueOf (32 bytes)

GC Heap History (2 events):
Event: 0.879 GC heap before
{Heap before GC invocations=1 (full 0):
 PSYoungGen      total 18432K, used 15872K [0x00000000ebe00000, 0x00000000ed280000, 0x0000000100000000)
  eden space 15872K, 100% used [0x00000000ebe00000,0x00000000ecd80000,0x00000000ecd80000)
  from space 2560K, 0% used [0x00000000ed000000,0x00000000ed000000,0x00000000ed280000)
  to   space 2560K, 0% used [0x00000000ecd80000,0x00000000ecd80000,0x00000000ed000000)
 ParOldGen       total 42496K, used 0K [0x00000000c3a00000, 0x00000000c6380000, 0x00000000ebe00000)
  object space 42496K, 0% used [0x00000000c3a00000,0x00000000c3a00000,0x00000000c6380000)
 Metaspace       used 8394K, capacity 8530K, committed 8704K, reserved 1056768K
  class space    used 967K, capacity 1024K, committed 1024K, reserved 1048576K
Event: 0.888 GC heap after
Heap after GC invocations=1 (full 0):
 PSYoungGen      total 18432K, used 2032K [0x00000000ebe00000, 0x00000000ed280000, 0x0000000100000000)
  eden space 15872K, 0% used [0x00000000ebe00000,0x00000000ebe00000,0x00000000ecd80000)
  from space 2560K, 79% used [0x00000000ecd80000,0x00000000ecf7c148,0x00000000ed000000)
  to   space 2560K, 0% used [0x00000000ed000000,0x00000000ed000000,0x00000000ed280000)
 ParOldGen       total 42496K, used 8K [0x00000000c3a00000, 0x00000000c6380000, 0x00000000ebe00000)
  object space 42496K, 0% used [0x00000000c3a00000,0x00000000c3a02000,0x00000000c6380000)
 Metaspace       used 8394K, capacity 8530K, committed 8704K, reserved 1056768K
  class space    used 967K, capacity 1024K, committed 1024K, reserved 1048576K
}

Deoptimization events (8 events):
Event: 0.254 Thread 0x00007f2fe400a000 Uncommon trap: reason=unstable_if action=reinterpret pc=0x00007f2fd4d7d608 method=java.io.File.getName()Ljava/lang/String; @ 16
Event: 0.254 Thread 0x00007f2fe400a000 Uncommon trap: reason=unstable_if action=reinterpret pc=0x00007f2fd4d765b0 method=java.lang.String.substring(I)Ljava/lang/String; @ 35
Event: 0.293 Thread 0x00007f2fe400a000 Uncommon trap: reason=unstable_if action=reinterpret pc=0x00007f2fd4d90114 method=java.lang.String.replace(CC)Ljava/lang/String; @ 26
Event: 0.342 Thread 0x00007f2fe400a000 Uncommon trap: reason=class_check action=maybe_recompile pc=0x00007f2fd4d784f4 method=java.util.regex.Matcher.match(II)Z @ 86
Event: 0.342 Thread 0x00007f2fe400a000 Uncommon trap: reason=class_check action=maybe_recompile pc=0x00007f2fd4d784f4 method=java.util.regex.Matcher.match(II)Z @ 86
Event: 0.486 Thread 0x00007f2fe400a000 Uncommon trap: reason=class_check action=maybe_recompile pc=0x00007f2fd4d784f4 method=java.util.regex.Matcher.match(II)Z @ 86
Event: 0.629 Thread 0x00007f2fe400a000 Uncommon trap: reason=class_check action=maybe_recompile pc=0x00007f2fd4d784f4 method=java.util.regex.Matcher.match(II)Z @ 86
Event: 0.898 Thread 0x00007f2fe400a000 Uncommon trap: reason=unstable_if action=reinterpret pc=0x00007f2fd4debd9c method=java.lang.ref.SoftReference.get()Ljava/lang/Object; @ 17

Internal exceptions (10 events):
Event: 0.175 Thread 0x00007f2fe400a000 Exception <a 'java/io/FileNotFoundException'> (0x00000000ec08f910) thrown at [/HUDSON/workspace/8-2-build-linux-amd64/jdk8u66/4988/hotspot/src/share/vm/prims/jni.cpp, line 709]
Event: 0.175 Thread 0x00007f2fe400a000 Exception <a 'java/io/FileNotFoundException'> (0x00000000ec0902b0) thrown at [/HUDSON/workspace/8-2-build-linux-amd64/jdk8u66/4988/hotspot/src/share/vm/prims/jni.cpp, line 709]
Event: 0.179 Thread 0x00007f2fe400a000 Exception <a 'java/security/PrivilegedActionException'> (0x00000000ec0a1b90) thrown at [/HUDSON/workspace/8-2-build-linux-amd64/jdk8u66/4988/hotspot/src/share/vm/prims/jvm.cpp, line 1386]
Event: 0.179 Thread 0x00007f2fe400a000 Exception <a 'java/security/PrivilegedActionException'> (0x00000000ec0a1da0) thrown at [/HUDSON/workspace/8-2-build-linux-amd64/jdk8u66/4988/hotspot/src/share/vm/prims/jvm.cpp, line 1386]
Event: 0.179 Thread 0x00007f2fe400a000 Exception <a 'java/security/PrivilegedActionException'> (0x00000000ec0a2a68) thrown at [/HUDSON/workspace/8-2-build-linux-amd64/jdk8u66/4988/hotspot/src/share/vm/prims/jvm.cpp, line 1386]
Event: 0.179 Thread 0x00007f2fe400a000 Exception <a 'java/security/PrivilegedActionException'> (0x00000000ec0a2c78) thrown at [/HUDSON/workspace/8-2-build-linux-amd64/jdk8u66/4988/hotspot/src/share/vm/prims/jvm.cpp, line 1386]
Event: 0.179 Thread 0x00007f2fe400a000 Exception <a 'java/security/PrivilegedActionException'> (0x00000000ec0a3968) thrown at [/HUDSON/workspace/8-2-build-linux-amd64/jdk8u66/4988/hotspot/src/share/vm/prims/jvm.cpp, line 1386]
Event: 0.179 Thread 0x00007f2fe400a000 Exception <a 'java/security/PrivilegedActionException'> (0x00000000ec0a3b78) thrown at [/HUDSON/workspace/8-2-build-linux-amd64/jdk8u66/4988/hotspot/src/share/vm/prims/jvm.cpp, line 1386]
Event: 0.488 Thread 0x00007f2fe400a000 Exception <a 'java/lang/UnsatisfiedLinkError': libvlc.so: cannot open shared object file: No such file or directory> (0x00000000ec7f5050) thrown at [/HUDSON/workspace/8-2-build-linux-amd64/jdk8u66/4988/hotspot/src/share/vm/prims/jni.cpp, line 735]
Event: 0.488 Thread 0x00007f2fe400a000 Exception <a 'java/lang/UnsatisfiedLinkError': libvlc.so: cannot open shared object file: No such file or directory> (0x00000000ec7f75b0) thrown at [/HUDSON/workspace/8-2-build-linux-amd64/jdk8u66/4988/hotspot/src/share/vm/prims/jni.cpp, line 735]

Events (10 events):
Event: 0.923 loading class javax/swing/plaf/DimensionUIResource
Event: 0.923 loading class javax/swing/plaf/DimensionUIResource done
Event: 0.923 loading class javax/swing/UIDefaults$LazyInputMap
Event: 0.923 loading class javax/swing/UIDefaults$LazyInputMap done
Event: 0.926 loading class javax/swing/plaf/metal/MetalLookAndFeel$FontActiveValue
Event: 0.926 loading class javax/swing/plaf/metal/MetalLookAndFeel$FontActiveValue done
Event: 0.929 loading class sun/swing/SwingUtilities2$AATextInfo
Event: 0.929 loading class sun/swing/SwingUtilities2$AATextInfo done
Event: 0.929 loading class sun/awt/HeadlessToolkit
Event: 0.929 loading class sun/awt/HeadlessToolkit done


Dynamic libraries:
00400000-00401000 r-xp 00000000 08:06 411928                             /usr/lib/jvm/java-8-oracle/bin/java
00600000-00601000 rw-p 00000000 08:06 411928                             /usr/lib/jvm/java-8-oracle/bin/java
02316000-02337000 rw-p 00000000 00:00 0                                  [heap]
c3a00000-c6380000 rw-p 00000000 00:00 0 
c6380000-ebe00000 ---p 00000000 00:00 0 
ebe00000-ed280000 rw-p 00000000 00:00 0 
ed280000-100000000 ---p 00000000 00:00 0 
100000000-100140000 rw-p 00000000 00:00 0 
100140000-140000000 ---p 00000000 00:00 0 
7f2f85017000-7f2f85057000 rw-p 00000000 00:00 0 
7f2f85057000-7f2f85217000 ---p 00000000 00:00 0 
7f2f85217000-7f2f8521b000 r-xp 00000000 08:06 265517                     /lib/x86_64-linux-gnu/libuuid.so.1.3.0
7f2f8521b000-7f2f8541a000 ---p 00004000 08:06 265517                     /lib/x86_64-linux-gnu/libuuid.so.1.3.0
7f2f8541a000-7f2f8541b000 r--p 00003000 08:06 265517                     /lib/x86_64-linux-gnu/libuuid.so.1.3.0
7f2f8541b000-7f2f8541c000 rw-p 00004000 08:06 265517                     /lib/x86_64-linux-gnu/libuuid.so.1.3.0
7f2f8541c000-7f2f85423000 r-xp 00000000 08:06 530346                     /usr/lib/x86_64-linux-gnu/libffi.so.6.0.1
7f2f85423000-7f2f85622000 ---p 00007000 08:06 530346                     /usr/lib/x86_64-linux-gnu/libffi.so.6.0.1
7f2f85622000-7f2f85623000 r--p 00006000 08:06 530346                     /usr/lib/x86_64-linux-gnu/libffi.so.6.0.1
7f2f85623000-7f2f85624000 rw-p 00007000 08:06 530346                     /usr/lib/x86_64-linux-gnu/libffi.so.6.0.1
7f2f85624000-7f2f85661000 r-xp 00000000 08:06 265436                     /lib/x86_64-linux-gnu/libpcre.so.3.13.1
7f2f85661000-7f2f85860000 ---p 0003d000 08:06 265436                     /lib/x86_64-linux-gnu/libpcre.so.3.13.1
7f2f85860000-7f2f85861000 r--p 0003c000 08:06 265436                     /lib/x86_64-linux-gnu/libpcre.so.3.13.1
7f2f85861000-7f2f85862000 rw-p 0003d000 08:06 265436                     /lib/x86_64-linux-gnu/libpcre.so.3.13.1
7f2f85862000-7f2f858c1000 r-xp 00000000 08:06 530103                     /usr/lib/x86_64-linux-gnu/libXt.so.6.0.0
7f2f858c1000-7f2f85ac1000 ---p 0005f000 08:06 530103                     /usr/lib/x86_64-linux-gnu/libXt.so.6.0.0
7f2f85ac1000-7f2f85ac2000 r--p 0005f000 08:06 530103                     /usr/lib/x86_64-linux-gnu/libXt.so.6.0.0
7f2f85ac2000-7f2f85ac7000 rw-p 00060000 08:06 530103                     /usr/lib/x86_64-linux-gnu/libXt.so.6.0.0
7f2f85ac7000-7f2f85ac8000 rw-p 00000000 00:00 0 
7f2f85ac8000-7f2f85aef000 r-xp 00000000 08:06 265110                     /lib/x86_64-linux-gnu/libexpat.so.1.6.0
7f2f85aef000-7f2f85cef000 ---p 00027000 08:06 265110                     /lib/x86_64-linux-gnu/libexpat.so.1.6.0
7f2f85cef000-7f2f85cf1000 r--p 00027000 08:06 265110                     /lib/x86_64-linux-gnu/libexpat.so.1.6.0
7f2f85cf1000-7f2f85cf2000 rw-p 00029000 08:06 265110                     /lib/x86_64-linux-gnu/libexpat.so.1.6.0
7f2f85cf2000-7f2f85d09000 r-xp 00000000 08:06 529934                     /usr/lib/x86_64-linux-gnu/libICE.so.6.3.0
7f2f85d09000-7f2f85f08000 ---p 00017000 08:06 529934                     /usr/lib/x86_64-linux-gnu/libICE.so.6.3.0
7f2f85f08000-7f2f85f09000 r--p 00016000 08:06 529934                     /usr/lib/x86_64-linux-gnu/libICE.so.6.3.0
7f2f85f09000-7f2f85f0a000 rw-p 00017000 08:06 529934                     /usr/lib/x86_64-linux-gnu/libICE.so.6.3.0
7f2f85f0a000-7f2f85f0e000 rw-p 00000000 00:00 0 
7f2f85f0e000-7f2f85f15000 r-xp 00000000 08:06 530056                     /usr/lib/x86_64-linux-gnu/libSM.so.6.0.1
7f2f85f15000-7f2f86114000 ---p 00007000 08:06 530056                     /usr/lib/x86_64-linux-gnu/libSM.so.6.0.1
7f2f86114000-7f2f86115000 r--p 00006000 08:06 530056                     /usr/lib/x86_64-linux-gnu/libSM.so.6.0.1
7f2f86115000-7f2f86116000 rw-p 00007000 08:06 530056                     /usr/lib/x86_64-linux-gnu/libSM.so.6.0.1
7f2f86116000-7f2f86165000 r-xp 00000000 08:06 530475                     /usr/lib/x86_64-linux-gnu/libgobject-2.0.so.0.4002.0
7f2f86165000-7f2f86365000 ---p 0004f000 08:06 530475                     /usr/lib/x86_64-linux-gnu/libgobject-2.0.so.0.4002.0
7f2f86365000-7f2f86366000 r--p 0004f000 08:06 530475                     /usr/lib/x86_64-linux-gnu/libgobject-2.0.so.0.4002.0
7f2f86366000-7f2f86367000 rw-p 00050000 08:06 530475                     /usr/lib/x86_64-linux-gnu/libgobject-2.0.so.0.4002.0
7f2f86367000-7f2f86404000 r-xp 00000000 08:06 539648                     /usr/lib/x86_64-linux-gnu/libfreetype.so.6.11.1
7f2f86404000-7f2f86603000 ---p 0009d000 08:06 539648                     /usr/lib/x86_64-linux-gnu/libfreetype.so.6.11.1
7f2f86603000-7f2f86609000 r--p 0009c000 08:06 539648                     /usr/lib/x86_64-linux-gnu/libfreetype.so.6.11.1
7f2f86609000-7f2f8660a000 rw-p 000a2000 08:06 539648                     /usr/lib/x86_64-linux-gnu/libfreetype.so.6.11.1
7f2f8660a000-7f2f86622000 r-xp 00000000 08:06 265703                     /lib/x86_64-linux-gnu/libz.so.1.2.8
7f2f86622000-7f2f86821000 ---p 00018000 08:06 265703                     /lib/x86_64-linux-gnu/libz.so.1.2.8
7f2f86821000-7f2f86822000 r--p 00017000 08:06 265703                     /lib/x86_64-linux-gnu/libz.so.1.2.8
7f2f86822000-7f2f86823000 rw-p 00018000 08:06 265703                     /lib/x86_64-linux-gnu/libz.so.1.2.8
7f2f86823000-7f2f86848000 r-xp 00000000 08:06 265655                     /lib/x86_64-linux-gnu/libpng12.so.0.50.0
7f2f86848000-7f2f86a47000 ---p 00025000 08:06 265655                     /lib/x86_64-linux-gnu/libpng12.so.0.50.0
7f2f86a47000-7f2f86a48000 r--p 00024000 08:06 265655                     /lib/x86_64-linux-gnu/libpng12.so.0.50.0
7f2f86a48000-7f2f86a49000 rw-p 00025000 08:06 265655                     /lib/x86_64-linux-gnu/libpng12.so.0.50.0
7f2f86a49000-7f2f86b4f000 r-xp 00000000 08:06 265571                     /lib/x86_64-linux-gnu/libglib-2.0.so.0.4002.0
7f2f86b4f000-7f2f86d4e000 ---p 00106000 08:06 265571                     /lib/x86_64-linux-gnu/libglib-2.0.so.0.4002.0
7f2f86d4e000-7f2f86d4f000 r--p 00105000 08:06 265571                     /lib/x86_64-linux-gnu/libglib-2.0.so.0.4002.0
7f2f86d4f000-7f2f86d50000 rw-p 00106000 08:06 265571                     /lib/x86_64-linux-gnu/libglib-2.0.so.0.4002.0
7f2f86d50000-7f2f86d51000 rw-p 00000000 00:00 0 
7f2f86d51000-7f2f86d68000 r-xp 00000000 08:06 530166                     /usr/lib/x86_64-linux-gnu/libaudio.so.2.4
7f2f86d68000-7f2f86f67000 ---p 00017000 08:06 530166                     /usr/lib/x86_64-linux-gnu/libaudio.so.2.4
7f2f86f67000-7f2f86f68000 r--p 00016000 08:06 530166                     /usr/lib/x86_64-linux-gnu/libaudio.so.2.4
7f2f86f68000-7f2f86f69000 rw-p 00017000 08:06 530166                     /usr/lib/x86_64-linux-gnu/libaudio.so.2.4
7f2f86f69000-7f2f86fa3000 r-xp 00000000 08:06 530360                     /usr/lib/x86_64-linux-gnu/libfontconfig.so.1.8.0
7f2f86fa3000-7f2f871a2000 ---p 0003a000 08:06 530360                     /usr/lib/x86_64-linux-gnu/libfontconfig.so.1.8.0
7f2f871a2000-7f2f871a4000 r--p 00039000 08:06 530360                     /usr/lib/x86_64-linux-gnu/libfontconfig.so.1.8.0
7f2f871a4000-7f2f871a5000 rw-p 0003b000 08:06 530360                     /usr/lib/x86_64-linux-gnu/libfontconfig.so.1.8.0
7f2f871a5000-7f2f87c0b000 r-xp 00000000 08:06 522879                     /usr/lib/x86_64-linux-gnu/libQtGui.so.4.8.6
7f2f87c0b000-7f2f87e0b000 ---p 00a66000 08:06 522879                     /usr/lib/x86_64-linux-gnu/libQtGui.so.4.8.6
7f2f87e0b000-7f2f87e4d000 r--p 00a66000 08:06 522879                     /usr/lib/x86_64-linux-gnu/libQtGui.so.4.8.6
7f2f87e4d000-7f2f87e54000 rw-p 00aa8000 08:06 522879                     /usr/lib/x86_64-linux-gnu/libQtGui.so.4.8.6
7f2f87e54000-7f2f87e58000 rw-p 00000000 00:00 0 
7f2f87e58000-7f2f87e5b000 r-xp 00000000 08:06 530850                     /usr/lib/x86_64-linux-gnu/libpulse-simple.so.0.0.4
7f2f87e5b000-7f2f8805a000 ---p 00003000 08:06 530850                     /usr/lib/x86_64-linux-gnu/libpulse-simple.so.0.0.4
7f2f8805a000-7f2f8805b000 r--p 00002000 08:06 530850                     /usr/lib/x86_64-linux-gnu/libpulse-simple.so.0.0.4
7f2f8805b000-7f2f8805c000 rw-p 00003000 08:06 530850                     /usr/lib/x86_64-linux-gnu/libpulse-simple.so.0.0.4
7f2f880e3000-7f2f883bb000 r-xp 00000000 08:06 530043                     /usr/lib/x86_64-linux-gnu/libQtCore.so.4.8.6
7f2f883bb000-7f2f885bb000 ---p 002d8000 08:06 530043                     /usr/lib/x86_64-linux-gnu/libQtCore.so.4.8.6
7f2f885bb000-7f2f885c6000 r--p 002d8000 08:06 530043                     /usr/lib/x86_64-linux-gnu/libQtCore.so.4.8.6
7f2f885c6000-7f2f885c7000 rw-p 002e3000 08:06 530043                     /usr/lib/x86_64-linux-gnu/libQtCore.so.4.8.6
7f2f885c7000-7f2f885c8000 rw-p 00000000 00:00 0 
7f2f885c8000-7f2f8882a000 r-xp 00000000 08:06 413116                     /usr/lib/vlc/plugins/gui/libqt4_plugin.so
7f2f8882a000-7f2f88a29000 ---p 00262000 08:06 413116                     /usr/lib/vlc/plugins/gui/libqt4_plugin.so
7f2f88a29000-7f2f88a42000 r--p 00261000 08:06 413116                     /usr/lib/vlc/plugins/gui/libqt4_plugin.so
7f2f88a42000-7f2f88a46000 rw-p 0027a000 08:06 413116                     /usr/lib/vlc/plugins/gui/libqt4_plugin.so
7f2f88a46000-7f2f88a4c000 r-xp 00000000 08:06 546092                     /usr/lib/x86_64-linux-gnu/libxcb-xv.so.0.0.0
7f2f88a4c000-7f2f88c4b000 ---p 00006000 08:06 546092                     /usr/lib/x86_64-linux-gnu/libxcb-xv.so.0.0.0
7f2f88c4b000-7f2f88c4c000 r--p 00005000 08:06 546092                     /usr/lib/x86_64-linux-gnu/libxcb-xv.so.0.0.0
7f2f88c4c000-7f2f88c4d000 rw-p 00006000 08:06 546092                     /usr/lib/x86_64-linux-gnu/libxcb-xv.so.0.0.0
7f2f88c4d000-7f2f88c54000 r-xp 00000000 08:06 413105                     /usr/lib/vlc/plugins/video_output/libxcb_xv_plugin.so
7f2f88c54000-7f2f88e53000 ---p 00007000 08:06 413105                     /usr/lib/vlc/plugins/video_output/libxcb_xv_plugin.so
7f2f88e53000-7f2f88e54000 r--p 00006000 08:06 413105                     /usr/lib/vlc/plugins/video_output/libxcb_xv_plugin.so
7f2f88e54000-7f2f88e55000 rw-p 00007000 08:06 413105                     /usr/lib/vlc/plugins/video_output/libxcb_xv_plugin.so
7f2f88e55000-7f2f88ed8000 r-xp 00000000 08:06 526635                     /usr/lib/x86_64-linux-gnu/libdirac_encoder.so.0.1.0
7f2f88ed8000-7f2f890d7000 ---p 00083000 08:06 526635                     /usr/lib/x86_64-linux-gnu/libdirac_encoder.so.0.1.0
7f2f890d7000-7f2f890da000 r--p 00082000 08:06 526635                     /usr/lib/x86_64-linux-gnu/libdirac_encoder.so.0.1.0
7f2f890da000-7f2f890db000 rw-p 00085000 08:06 526635                     /usr/lib/x86_64-linux-gnu/libdirac_encoder.so.0.1.0
7f2f890db000-7f2f890dc000 rw-p 00000000 00:00 0 
7f2f890df000-7f2f890e1000 r-xp 00000000 08:06 531122                     /usr/lib/x86_64-linux-gnu/libxcb-shm.so.0.0.0
7f2f890e1000-7f2f892e0000 ---p 00002000 08:06 531122                     /usr/lib/x86_64-linux-gnu/libxcb-shm.so.0.0.0
7f2f892e0000-7f2f892e1000 r--p 00001000 08:06 531122                     /usr/lib/x86_64-linux-gnu/libxcb-shm.so.0.0.0
7f2f892e1000-7f2f892e2000 rw-p 00002000 08:06 531122                     /usr/lib/x86_64-linux-gnu/libxcb-shm.so.0.0.0
7f2f892e2000-7f2f892ea000 r-xp 00000000 08:06 265602                     /lib/x86_64-linux-gnu/libnih-dbus.so.1.0.0
7f2f892ea000-7f2f894ea000 ---p 00008000 08:06 265602                     /lib/x86_64-linux-gnu/libnih-dbus.so.1.0.0
7f2f894ea000-7f2f894eb000 r--p 00008000 08:06 265602                     /lib/x86_64-linux-gnu/libnih-dbus.so.1.0.0
7f2f894eb000-7f2f894ec000 rw-p 00009000 08:06 265602                     /lib/x86_64-linux-gnu/libnih-dbus.so.1.0.0
7f2f894ec000-7f2f89503000 r-xp 00000000 08:06 265604                     /lib/x86_64-linux-gnu/libnih.so.1.0.0
7f2f89503000-7f2f89702000 ---p 00017000 08:06 265604                     /lib/x86_64-linux-gnu/libnih.so.1.0.0
7f2f89702000-7f2f89703000 r--p 00016000 08:06 265604                     /lib/x86_64-linux-gnu/libnih.so.1.0.0
7f2f89703000-7f2f89704000 rw-p 00017000 08:06 265604                     /lib/x86_64-linux-gnu/libnih.so.1.0.0
7f2f89704000-7f2f8971d000 r-xp 00000000 08:06 265465                     /lib/x86_64-linux-gnu/libcgmanager.so.0.0.0
7f2f8971d000-7f2f8991c000 ---p 00019000 08:06 265465                     /lib/x86_64-linux-gnu/libcgmanager.so.0.0.0
7f2f8991c000-7f2f8991e000 r--p 00018000 08:06 265465                     /lib/x86_64-linux-gnu/libcgmanager.so.0.0.0
7f2f8991e000-7f2f8991f000 rw-p 0001a000 08:06 265465                     /lib/x86_64-linux-gnu/libcgmanager.so.0.0.0
7f2f8991f000-7f2f89923000 r-xp 00000000 08:06 265573                     /lib/x86_64-linux-gnu/libgpg-error.so.0.10.0
7f2f89923000-7f2f89b22000 ---p 00004000 08:06 265573                     /lib/x86_64-linux-gnu/libgpg-error.so.0.10.0
7f2f89b22000-7f2f89b23000 r--p 00003000 08:06 265573                     /lib/x86_64-linux-gnu/libgpg-error.so.0.10.0
7f2f89b23000-7f2f89b24000 rw-p 00004000 08:06 265573                     /lib/x86_64-linux-gnu/libgpg-error.so.0.10.0
7f2f89b24000-7f2f89b34000 r-xp 00000000 08:06 298110                     /lib/x86_64-linux-gnu/libudev.so.1.3.5
7f2f89b34000-7f2f89d33000 ---p 00010000 08:06 298110                     /lib/x86_64-linux-gnu/libudev.so.1.3.5
7f2f89d33000-7f2f89d34000 r--p 0000f000 08:06 298110                     /lib/x86_64-linux-gnu/libudev.so.1.3.5
7f2f89d34000-7f2f89d35000 rw-p 00010000 08:06 298110                     /lib/x86_64-linux-gnu/libudev.so.1.3.5
7f2f89d35000-7f2f89db1000 r-xp 00000000 08:06 265547                     /lib/x86_64-linux-gnu/libgcrypt.so.11.8.2
7f2f89db1000-7f2f89fb1000 ---p 0007c000 08:06 265547                     /lib/x86_64-linux-gnu/libgcrypt.so.11.8.2
7f2f89fb1000-7f2f89fb2000 r--p 0007c000 08:06 265547                     /lib/x86_64-linux-gnu/libgcrypt.so.11.8.2
7f2f89fb2000-7f2f89fb5000 rw-p 0007d000 08:06 265547                     /lib/x86_64-linux-gnu/libgcrypt.so.11.8.2
7f2f89fb5000-7f2f89fca000 r-xp 00000000 08:06 265694                     /lib/x86_64-linux-gnu/libusb-1.0.so.0.1.0
7f2f89fca000-7f2f8a1ca000 ---p 00015000 08:06 265694                     /lib/x86_64-linux-gnu/libusb-1.0.so.0.1.0
7f2f8a1ca000-7f2f8a1cb000 r--p 00015000 08:06 265694                     /lib/x86_64-linux-gnu/libusb-1.0.so.0.1.0
7f2f8a1cb000-7f2f8a1cc000 rw-p 00016000 08:06 265694                     /lib/x86_64-linux-gnu/libusb-1.0.so.0.1.0
7f2f8a1cc000-7f2f8a21c000 r-xp 00000000 08:06 530720                     /usr/lib/x86_64-linux-gnu/libmtp.so.9.1.0
7f2f8a21c000-7f2f8a41b000 ---p 00050000 08:06 530720                     /usr/lib/x86_64-linux-gnu/libmtp.so.9.1.0
7f2f8a41b000-7f2f8a421000 r--p 0004f000 08:06 530720                     /usr/lib/x86_64-linux-gnu/libmtp.so.9.1.0
7f2f8a421000-7f2f8a42b000 rw-p 00055000 08:06 530720                     /usr/lib/x86_64-linux-gnu/libmtp.so.9.1.0
7f2f8a42b000-7f2f8a511000 r-xp 00000000 08:06 524368                     /usr/lib/x86_64-linux-gnu/libstdc++.so.6.0.19
7f2f8a511000-7f2f8a710000 ---p 000e6000 08:06 524368                     /usr/lib/x86_64-linux-gnu/libstdc++.so.6.0.19
7f2f8a710000-7f2f8a718000 r--p 000e5000 08:06 524368                     /usr/lib/x86_64-linux-gnu/libstdc++.so.6.0.19
7f2f8a718000-7f2f8a71a000 rw-p 000ed000 08:06 524368                     /usr/lib/x86_64-linux-gnu/libstdc++.so.6.0.19
7f2f8a71a000-7f2f8a72f000 rw-p 00000000 00:00 0 
7f2f8a744000-7f2f8a746000 r-xp 00000000 08:06 412929                     /usr/lib/vlc/plugins/services_discovery/libmtp_plugin.so
7f2f8a746000-7f2f8a945000 ---p 00002000 08:06 412929                     /usr/lib/vlc/plugins/services_discovery/libmtp_plugin.so
7f2f8a945000-7f2f8a946000 r--p 00001000 08:06 412929                     /usr/lib/vlc/plugins/services_discovery/libmtp_plugin.so
7f2f8a946000-7f2f8a947000 rw-p 00002000 08:06 412929                     /usr/lib/vlc/plugins/services_discovery/libmtp_plugin.so
7f2f8a947000-7f2f8aa30000 r-xp 00000000 08:06 530146                     /usr/lib/x86_64-linux-gnu/libasound.so.2.0.0
7f2f8aa30000-7f2f8ac2f000 ---p 000e9000 08:06 530146                     /usr/lib/x86_64-linux-gnu/libasound.so.2.0.0
7f2f8ac2f000-7f2f8ac36000 r--p 000e8000 08:06 530146                     /usr/lib/x86_64-linux-gnu/libasound.so.2.0.0
7f2f8ac36000-7f2f8ac37000 rw-p 000ef000 08:06 530146                     /usr/lib/x86_64-linux-gnu/libasound.so.2.0.0
7f2f8ac37000-7f2f8ac4e000 r-xp 00000000 08:06 261127                     /lib/x86_64-linux-gnu/libresolv-2.19.so
7f2f8ac4e000-7f2f8ae4e000 ---p 00017000 08:06 261127                     /lib/x86_64-linux-gnu/libresolv-2.19.so
7f2f8ae4e000-7f2f8ae4f000 r--p 00017000 08:06 261127                     /lib/x86_64-linux-gnu/libresolv-2.19.so
7f2f8ae4f000-7f2f8ae50000 rw-p 00018000 08:06 261127                     /lib/x86_64-linux-gnu/libresolv-2.19.so
7f2f8ae50000-7f2f8ae52000 rw-p 00000000 00:00 0 
7f2f8ae52000-7f2f8ae59000 r-xp 00000000 08:06 530783                     /usr/lib/x86_64-linux-gnu/libogg.so.0.8.1
7f2f8ae59000-7f2f8b059000 ---p 00007000 08:06 530783                     /usr/lib/x86_64-linux-gnu/libogg.so.0.8.1
7f2f8b059000-7f2f8b05a000 r--p 00007000 08:06 530783                     /usr/lib/x86_64-linux-gnu/libogg.so.0.8.1
7f2f8b05a000-7f2f8b05b000 rw-p 00008000 08:06 530783                     /usr/lib/x86_64-linux-gnu/libogg.so.0.8.1
7f2f8b05b000-7f2f8b087000 r-xp 00000000 08:06 531059                     /usr/lib/x86_64-linux-gnu/libvorbis.so.0.4.5
7f2f8b087000-7f2f8b286000 ---p 0002c000 08:06 531059                     /usr/lib/x86_64-linux-gnu/libvorbis.so.0.4.5
7f2f8b286000-7f2f8b287000 r--p 0002b000 08:06 531059                     /usr/lib/x86_64-linux-gnu/libvorbis.so.0.4.5
7f2f8b287000-7f2f8b288000 rw-p 0002c000 08:06 531059                     /usr/lib/x86_64-linux-gnu/libvorbis.so.0.4.5
7f2f8b288000-7f2f8b53b000 r-xp 00000000 08:06 531061                     /usr/lib/x86_64-linux-gnu/libvorbisenc.so.2.0.8
7f2f8b53b000-7f2f8b73a000 ---p 002b3000 08:06 531061                     /usr/lib/x86_64-linux-gnu/libvorbisenc.so.2.0.8
7f2f8b73a000-7f2f8b756000 r--p 002b2000 08:06 531061                     /usr/lib/x86_64-linux-gnu/libvorbisenc.so.2.0.8
7f2f8b756000-7f2f8b757000 rw-p 002ce000 08:06 531061                     /usr/lib/x86_64-linux-gnu/libvorbisenc.so.2.0.8
7f2f8b757000-7f2f8b787000 r-xp 00000000 08:06 529922                     /usr/lib/x86_64-linux-gnu/libFLAC.so.8.3.0
7f2f8b787000-7f2f8b986000 ---p 00030000 08:06 529922                     /usr/lib/x86_64-linux-gnu/libFLAC.so.8.3.0
7f2f8b986000-7f2f8b987000 r--p 0002f000 08:06 529922                     /usr/lib/x86_64-linux-gnu/libFLAC.so.8.3.0
7f2f8b987000-7f2f8b988000 rw-p 00030000 08:06 529922                     /usr/lib/x86_64-linux-gnu/libFLAC.so.8.3.0
7f2f8b988000-7f2f8b98d000 r-xp 00000000 08:06 530154                     /usr/lib/x86_64-linux-gnu/libasyncns.so.0.3.1
7f2f8b98d000-7f2f8bb8c000 ---p 00005000 08:06 530154                     /usr/lib/x86_64-linux-gnu/libasyncns.so.0.3.1
7f2f8bb8c000-7f2f8bb8d000 r--p 00004000 08:06 530154                     /usr/lib/x86_64-linux-gnu/libasyncns.so.0.3.1
7f2f8bb8d000-7f2f8bb8e000 rw-p 00005000 08:06 530154                     /usr/lib/x86_64-linux-gnu/libasyncns.so.0.3.1
7f2f8bb8e000-7f2f8bbef000 r-xp 00000000 08:06 530940                     /usr/lib/x86_64-linux-gnu/libsndfile.so.1.0.25
7f2f8bbef000-7f2f8bdef000 ---p 00061000 08:06 530940                     /usr/lib/x86_64-linux-gnu/libsndfile.so.1.0.25
7f2f8bdef000-7f2f8bdf1000 r--p 00061000 08:06 530940                     /usr/lib/x86_64-linux-gnu/libsndfile.so.1.0.25
7f2f8bdf1000-7f2f8bdf2000 rw-p 00063000 08:06 530940                     /usr/lib/x86_64-linux-gnu/libsndfile.so.1.0.25
7f2f8bdf2000-7f2f8bdf6000 rw-p 00000000 00:00 0 
7f2f8bdf6000-7f2f8bdfe000 r-xp 00000000 08:06 265700                     /lib/x86_64-linux-gnu/libwrap.so.0.7.6
7f2f8bdfe000-7f2f8bffd000 ---p 00008000 08:06 265700                     /lib/x86_64-linux-gnu/libwrap.so.0.7.6
7f2f8bffd000-7f2f8bffe000 r--p 00007000 08:06 265700                     /lib/x86_64-linux-gnu/libwrap.so.0.7.6
7f2f8bffe000-7f2f8bfff000 rw-p 00008000 08:06 265700                     /lib/x86_64-linux-gnu/libwrap.so.0.7.6
7f2f8bfff000-7f2f8c000000 rw-p 00000000 00:00 0 
7f2f8c000000-7f2f8c021000 rw-p 00000000 00:00 0 
7f2f8c021000-7f2f90000000 ---p 00000000 00:00 0 
7f2f90000000-7f2f90021000 rw-p 00000000 00:00 0 
7f2f90021000-7f2f94000000 ---p 00000000 00:00 0 
7f2f94000000-7f2f94021000 rw-p 00000000 00:00 0 
7f2f94021000-7f2f98000000 ---p 00000000 00:00 0 
7f2f98000000-7f2f98021000 rw-p 00000000 00:00 0 
7f2f98021000-7f2f9c000000 ---p 00000000 00:00 0 
7f2f9c000000-7f2f9c235000 rw-p 00000000 00:00 0 
7f2f9c235000-7f2fa0000000 ---p 00000000 00:00 0 
7f2fa0000000-7f2fa0021000 rw-p 00000000 00:00 0 
7f2fa0021000-7f2fa4000000 ---p 00000000 00:00 0 
7f2fa4000000-7f2fa4239000 rw-p 00000000 00:00 0 
7f2fa4239000-7f2fa8000000 ---p 00000000 00:00 0 
7f2fa8000000-7f2fa817d000 rw-p 00000000 00:00 0 
7f2fa817d000-7f2fac000000 ---p 00000000 00:00 0 
7f2fac000000-7f2fac021000 rw-p 00000000 00:00 0 
7f2fac021000-7f2fb0000000 ---p 00000000 00:00 0 
7f2fb012f000-7f2fb0195000 r-xp 00000000 08:06 783969                     /usr/lib/x86_64-linux-gnu/pulseaudio/libpulsecommon-4.0.so
7f2fb0195000-7f2fb0394000 ---p 00066000 08:06 783969                     /usr/lib/x86_64-linux-gnu/pulseaudio/libpulsecommon-4.0.so
7f2fb0394000-7f2fb0395000 r--p 00065000 08:06 783969                     /usr/lib/x86_64-linux-gnu/pulseaudio/libpulsecommon-4.0.so
7f2fb0395000-7f2fb0396000 rw-p 00066000 08:06 783969                     /usr/lib/x86_64-linux-gnu/pulseaudio/libpulsecommon-4.0.so
7f2fb0396000-7f2fb03a0000 r-xp 00000000 08:06 265580                     /lib/x86_64-linux-gnu/libjson-c.so.2.0.0
7f2fb03a0000-7f2fb059f000 ---p 0000a000 08:06 265580                     /lib/x86_64-linux-gnu/libjson-c.so.2.0.0
7f2fb059f000-7f2fb05a0000 r--p 00009000 08:06 265580                     /lib/x86_64-linux-gnu/libjson-c.so.2.0.0
7f2fb05a0000-7f2fb05a1000 rw-p 0000a000 08:06 265580                     /lib/x86_64-linux-gnu/libjson-c.so.2.0.0
7f2fb05a1000-7f2fb05e8000 r-xp 00000000 08:06 530852                     /usr/lib/x86_64-linux-gnu/libpulse.so.0.16.2
7f2fb05e8000-7f2fb07e8000 ---p 00047000 08:06 530852                     /usr/lib/x86_64-linux-gnu/libpulse.so.0.16.2
7f2fb07e8000-7f2fb07e9000 r--p 00047000 08:06 530852                     /usr/lib/x86_64-linux-gnu/libpulse.so.0.16.2
7f2fb07e9000-7f2fb07ea000 rw-p 00048000 08:06 530852                     /usr/lib/x86_64-linux-gnu/libpulse.so.0.16.2
7f2fb07eb000-7f2fb07f0000 r-xp 00000000 08:06 412892                     /usr/lib/vlc/plugins/audio_output/libalsa_plugin.so
7f2fb07f0000-7f2fb09ef000 ---p 00005000 08:06 412892                     /usr/lib/vlc/plugins/audio_output/libalsa_plugin.so
7f2fb09ef000-7f2fb09f0000 r--p 00004000 08:06 412892                     /usr/lib/vlc/plugins/audio_output/libalsa_plugin.so
7f2fb09f0000-7f2fb09f1000 rw-p 00005000 08:06 412892                     /usr/lib/vlc/plugins/audio_output/libalsa_plugin.so
7f2fb09f1000-7f2fb0a35000 r-xp 00000000 08:06 265554                     /lib/x86_64-linux-gnu/libdbus-1.so.3.7.6
7f2fb0a35000-7f2fb0c34000 ---p 00044000 08:06 265554                     /lib/x86_64-linux-gnu/libdbus-1.so.3.7.6
7f2fb0c34000-7f2fb0c35000 r--p 00043000 08:06 265554                     /lib/x86_64-linux-gnu/libdbus-1.so.3.7.6
7f2fb0c35000-7f2fb0c36000 rw-p 00044000 08:06 265554                     /lib/x86_64-linux-gnu/libdbus-1.so.3.7.6
7f2fb0c36000-7f2fb0c67000 r-xp 00000000 08:06 530638                     /usr/lib/x86_64-linux-gnu/libidn.so.11.6.11
7f2fb0c67000-7f2fb0e67000 ---p 00031000 08:06 530638                     /usr/lib/x86_64-linux-gnu/libidn.so.11.6.11
7f2fb0e67000-7f2fb0e68000 r--p 00031000 08:06 530638                     /usr/lib/x86_64-linux-gnu/libidn.so.11.6.11
7f2fb0e68000-7f2fb0e69000 rw-p 00032000 08:06 530638                     /usr/lib/x86_64-linux-gnu/libidn.so.11.6.11
7f2fb0e69000-7f2fb0f47000 r-xp 00000000 08:06 412641                     /usr/lib/libvlccore.so.7.0.0
7f2fb0f47000-7f2fb1147000 ---p 000de000 08:06 412641                     /usr/lib/libvlccore.so.7.0.0
7f2fb1147000-7f2fb114a000 r--p 000de000 08:06 412641                     /usr/lib/libvlccore.so.7.0.0
7f2fb114a000-7f2fb114b000 rw-p 000e1000 08:06 412641                     /usr/lib/libvlccore.so.7.0.0
7f2fb114b000-7f2fb1165000 r-xp 00000000 08:06 412644                     /usr/lib/libvlc.so.5.4.0
7f2fb1165000-7f2fb1364000 ---p 0001a000 08:06 412644                     /usr/lib/libvlc.so.5.4.0
7f2fb1364000-7f2fb1365000 r--p 00019000 08:06 412644                     /usr/lib/libvlc.so.5.4.0
7f2fb1365000-7f2fb1366000 rw-p 0001a000 08:06 412644                     /usr/lib/libvlc.so.5.4.0
7f2fb1366000-7f2fb1367000 r-xp 00000000 08:06 414495                     /usr/lib/jvm/java-8-oracle/jre/lib/amd64/libjawt.so
7f2fb1367000-7f2fb1566000 ---p 00001000 08:06 414495                     /usr/lib/jvm/java-8-oracle/jre/lib/amd64/libjawt.so
7f2fb1566000-7f2fb1567000 rw-p 00000000 08:06 414495                     /usr/lib/jvm/java-8-oracle/jre/lib/amd64/libjawt.so
7f2fb1567000-7f2fb156a000 ---p 00000000 00:00 0 
7f2fb156a000-7f2fb1668000 rw-p 00000000 00:00 0                          [stack:13990]
7f2fb1668000-7f2fb166d000 r-xp 00000000 08:06 522501                     /usr/lib/x86_64-linux-gnu/libXfixes.so.3.1.0
7f2fb166d000-7f2fb186c000 ---p 00005000 08:06 522501                     /usr/lib/x86_64-linux-gnu/libXfixes.so.3.1.0
7f2fb186c000-7f2fb186d000 r--p 00004000 08:06 522501                     /usr/lib/x86_64-linux-gnu/libXfixes.so.3.1.0
7f2fb186d000-7f2fb186e000 rw-p 00005000 08:06 522501                     /usr/lib/x86_64-linux-gnu/libXfixes.so.3.1.0
7f2fb186e000-7f2fb1877000 r-xp 00000000 08:06 530071                     /usr/lib/x86_64-linux-gnu/libXcursor.so.1.0.2
7f2fb1877000-7f2fb1a76000 ---p 00009000 08:06 530071                     /usr/lib/x86_64-linux-gnu/libXcursor.so.1.0.2
7f2fb1a76000-7f2fb1a77000 r--p 00008000 08:06 530071                     /usr/lib/x86_64-linux-gnu/libXcursor.so.1.0.2
7f2fb1a77000-7f2fb1a78000 rw-p 00009000 08:06 530071                     /usr/lib/x86_64-linux-gnu/libXcursor.so.1.0.2
7f2fb1a78000-7f2fb1a7b000 ---p 00000000 00:00 0 
7f2fb1a7b000-7f2fb1b79000 rw-p 00000000 00:00 0                          [stack:13989]
7f2fb1b79000-7f2fb1b8f000 r-xp 00000000 08:06 265567                     /lib/x86_64-linux-gnu/libgcc_s.so.1
7f2fb1b8f000-7f2fb1d8e000 ---p 00016000 08:06 265567                     /lib/x86_64-linux-gnu/libgcc_s.so.1
7f2fb1d8e000-7f2fb1d8f000 rw-p 00015000 08:06 265567                     /lib/x86_64-linux-gnu/libgcc_s.so.1
7f2fb1d8f000-7f2fb1df4000 r-xp 00000000 08:06 414526                     /usr/lib/jvm/java-8-oracle/jre/lib/amd64/libfontmanager.so
7f2fb1df4000-7f2fb1ff4000 ---p 00065000 08:06 414526                     /usr/lib/jvm/java-8-oracle/jre/lib/amd64/libfontmanager.so
7f2fb1ff4000-7f2fb1ff8000 rw-p 00065000 08:06 414526                     /usr/lib/jvm/java-8-oracle/jre/lib/amd64/libfontmanager.so
7f2fb1ff8000-7f2fb2009000 rw-p 00000000 00:00 0 
7f2fb2009000-7f2fb2020000 r-xp 00000000 08:06 13625                      /tmp/jna-3268048/jna7712506886200152396.tmp (deleted)
7f2fb2020000-7f2fb211f000 ---p 00017000 08:06 13625                      /tmp/jna-3268048/jna7712506886200152396.tmp (deleted)
7f2fb211f000-7f2fb2121000 rw-p 00016000 08:06 13625                      /tmp/jna-3268048/jna7712506886200152396.tmp (deleted)
7f2fb2121000-7f2fb2126000 r-xp 00000000 08:06 530075                     /usr/lib/x86_64-linux-gnu/libXdmcp.so.6.0.0
7f2fb2126000-7f2fb2325000 ---p 00005000 08:06 530075                     /usr/lib/x86_64-linux-gnu/libXdmcp.so.6.0.0
7f2fb2325000-7f2fb2326000 r--p 00004000 08:06 530075                     /usr/lib/x86_64-linux-gnu/libXdmcp.so.6.0.0
7f2fb2326000-7f2fb2327000 rw-p 00005000 08:06 530075                     /usr/lib/x86_64-linux-gnu/libXdmcp.so.6.0.0
7f2fb2327000-7f2fb2329000 r-xp 00000000 08:06 530064                     /usr/lib/x86_64-linux-gnu/libXau.so.6.0.0
7f2fb2329000-7f2fb2529000 ---p 00002000 08:06 530064                     /usr/lib/x86_64-linux-gnu/libXau.so.6.0.0
7f2fb2529000-7f2fb252a000 r--p 00002000 08:06 530064                     /usr/lib/x86_64-linux-gnu/libXau.so.6.0.0
7f2fb252a000-7f2fb252b000 rw-p 00003000 08:06 530064                     /usr/lib/x86_64-linux-gnu/libXau.so.6.0.0
7f2fb252b000-7f2fb2548000 r-xp 00000000 08:06 531132                     /usr/lib/x86_64-linux-gnu/libxcb.so.1.1.0
7f2fb2548000-7f2fb2748000 ---p 0001d000 08:06 531132                     /usr/lib/x86_64-linux-gnu/libxcb.so.1.1.0
7f2fb2748000-7f2fb2749000 r--p 0001d000 08:06 531132                     /usr/lib/x86_64-linux-gnu/libxcb.so.1.1.0
7f2fb2749000-7f2fb274a000 rw-p 0001e000 08:06 531132                     /usr/lib/x86_64-linux-gnu/libxcb.so.1.1.0
7f2fb274a000-7f2fb2759000 r-xp 00000000 08:06 522608                     /usr/lib/x86_64-linux-gnu/libXi.so.6.1.0
7f2fb2759000-7f2fb2958000 ---p 0000f000 08:06 522608                     /usr/lib/x86_64-linux-gnu/libXi.so.6.1.0
7f2fb2958000-7f2fb2959000 r--p 0000e000 08:06 522608                     /usr/lib/x86_64-linux-gnu/libXi.so.6.1.0
7f2fb2959000-7f2fb295a000 rw-p 0000f000 08:06 522608                     /usr/lib/x86_64-linux-gnu/libXi.so.6.1.0
7f2fb295a000-7f2fb295f000 r-xp 00000000 08:06 530105                     /usr/lib/x86_64-linux-gnu/libXtst.so.6.1.0
7f2fb295f000-7f2fb2b5e000 ---p 00005000 08:06 530105                     /usr/lib/x86_64-linux-gnu/libXtst.so.6.1.0
7f2fb2b5e000-7f2fb2b5f000 r--p 00004000 08:06 530105                     /usr/lib/x86_64-linux-gnu/libXtst.so.6.1.0
7f2fb2b5f000-7f2fb2b60000 rw-p 00005000 08:06 530105                     /usr/lib/x86_64-linux-gnu/libXtst.so.6.1.0
7f2fb2b60000-7f2fb2b69000 r-xp 00000000 08:06 522612                     /usr/lib/x86_64-linux-gnu/libXrender.so.1.3.0
7f2fb2b69000-7f2fb2d68000 ---p 00009000 08:06 522612                     /usr/lib/x86_64-linux-gnu/libXrender.so.1.3.0
7f2fb2d68000-7f2fb2d69000 r--p 00008000 08:06 522612                     /usr/lib/x86_64-linux-gnu/libXrender.so.1.3.0
7f2fb2d69000-7f2fb2d6a000 rw-p 00009000 08:06 522612                     /usr/lib/x86_64-linux-gnu/libXrender.so.1.3.0
7f2fb2d6a000-7f2fb2e9a000 r-xp 00000000 08:06 530060                     /usr/lib/x86_64-linux-gnu/libX11.so.6.3.0
7f2fb2e9a000-7f2fb309a000 ---p 00130000 08:06 530060                     /usr/lib/x86_64-linux-gnu/libX11.so.6.3.0
7f2fb309a000-7f2fb309b000 r--p 00130000 08:06 530060                     /usr/lib/x86_64-linux-gnu/libX11.so.6.3.0
7f2fb309b000-7f2fb309f000 rw-p 00131000 08:06 530060                     /usr/lib/x86_64-linux-gnu/libX11.so.6.3.0
7f2fb309f000-7f2fb30b0000 r-xp 00000000 08:06 522564                     /usr/lib/x86_64-linux-gnu/libXext.so.6.4.0
7f2fb30b0000-7f2fb32af000 ---p 00011000 08:06 522564                     /usr/lib/x86_64-linux-gnu/libXext.so.6.4.0
7f2fb32af000-7f2fb32b0000 r--p 00010000 08:06 522564                     /usr/lib/x86_64-linux-gnu/libXext.so.6.4.0
7f2fb32b0000-7f2fb32b1000 rw-p 00011000 08:06 522564                     /usr/lib/x86_64-linux-gnu/libXext.so.6.4.0
7f2fb32b1000-7f2fb3305000 r-xp 00000000 08:06 414472                     /usr/lib/jvm/java-8-oracle/jre/lib/amd64/libawt_xawt.so
7f2fb3305000-7f2fb3505000 ---p 00054000 08:06 414472                     /usr/lib/jvm/java-8-oracle/jre/lib/amd64/libawt_xawt.so
7f2fb3505000-7f2fb3509000 rw-p 00054000 08:06 414472                     /usr/lib/jvm/java-8-oracle/jre/lib/amd64/libawt_xawt.so
7f2fb3509000-7f2fb350a000 rw-p 00000000 00:00 0 
7f2fb350a000-7f2fb35ac000 r-xp 00000000 08:06 414471                     /usr/lib/jvm/java-8-oracle/jre/lib/amd64/libawt.so
7f2fb35ac000-7f2fb37ac000 ---p 000a2000 08:06 414471                     /usr/lib/jvm/java-8-oracle/jre/lib/amd64/libawt.so
7f2fb37ac000-7f2fb37b8000 rw-p 000a2000 08:06 414471                     /usr/lib/jvm/java-8-oracle/jre/lib/amd64/libawt.so
7f2fb37b8000-7f2fb37dc000 rw-p 00000000 00:00 0 
7f2fb37dc000-7f2fb37dd000 ---p 00000000 00:00 0 
7f2fb37dd000-7f2fb38dd000 rw-p 00000000 00:00 0                          [stack:13986]
7f2fb38dd000-7f2fb4000000 r--p 00000000 08:06 397847                     /usr/lib/locale/locale-archive
7f2fb4000000-7f2fb4021000 rw-p 00000000 00:00 0 
7f2fb4021000-7f2fb8000000 ---p 00000000 00:00 0 
7f2fb8000000-7f2fb8021000 rw-p 00000000 00:00 0 
7f2fb8021000-7f2fbc000000 ---p 00000000 00:00 0 
7f2fbc000000-7f2fbc021000 rw-p 00000000 00:00 0 
7f2fbc021000-7f2fc0000000 ---p 00000000 00:00 0 
7f2fc0000000-7f2fc0021000 rw-p 00000000 00:00 0 
7f2fc0021000-7f2fc4000000 ---p 00000000 00:00 0 
7f2fc4051000-7f2fc4054000 ---p 00000000 00:00 0 
7f2fc4054000-7f2fc408a000 rw-p 00000000 00:00 0                          [stack:13988]
7f2fc408a000-7f2fc408f000 r--s 00096000 08:06 414462                     /usr/lib/jvm/java-8-oracle/jre/lib/jsse.jar
7f2fc408f000-7f2fc409e000 r--s 00115000 08:07 2097400                    /home/jony/.m2/repository/net/java/dev/jna/platform/3.5.2/platform-3.5.2.jar
7f2fc409e000-7f2fc40a1000 ---p 00000000 00:00 0 
7f2fc40a1000-7f2fc419f000 rw-p 00000000 00:00 0                          [stack:13985]
7f2fc419f000-7f2fc41a2000 ---p 00000000 00:00 0 
7f2fc41a2000-7f2fc42a0000 rw-p 00000000 00:00 0                          [stack:13984]
7f2fc42a0000-7f2fc42a3000 ---p 00000000 00:00 0 
7f2fc42a3000-7f2fc43a1000 rw-p 00000000 00:00 0                          [stack:13983]
7f2fc43a1000-7f2fc43a4000 ---p 00000000 00:00 0 
7f2fc43a4000-7f2fc44a2000 rw-p 00000000 00:00 0                          [stack:13982]
7f2fc44a2000-7f2fc44a5000 ---p 00000000 00:00 0 
7f2fc44a5000-7f2fc45a3000 rw-p 00000000 00:00 0                          [stack:13981]
7f2fc45a3000-7f2fc45a6000 ---p 00000000 00:00 0 
7f2fc45a6000-7f2fc46a4000 rw-p 00000000 00:00 0                          [stack:13980]
7f2fc46a4000-7f2fc46a7000 ---p 00000000 00:00 0 
7f2fc46a7000-7f2fc47a5000 rw-p 00000000 00:00 0                          [stack:13979]
7f2fc47a5000-7f2fc47a6000 ---p 00000000 00:00 0 
7f2fc47a6000-7f2fc57f7000 rw-p 00000000 00:00 0                          [stack:13978]
7f2fc57f7000-7f2fc59d0000 r--s 03d20000 08:06 414457                     /usr/lib/jvm/java-8-oracle/jre/lib/rt.jar
7f2fc59d0000-7f2fc8000000 rw-p 00000000 00:00 0 
7f2fc8000000-7f2fc8021000 rw-p 00000000 00:00 0 
7f2fc8021000-7f2fcc000000 ---p 00000000 00:00 0 
7f2fcc000000-7f2fcc021000 rw-p 00000000 00:00 0 
7f2fcc021000-7f2fd0000000 ---p 00000000 00:00 0 
7f2fd0000000-7f2fd0021000 rw-p 00000000 00:00 0 
7f2fd0021000-7f2fd4000000 ---p 00000000 00:00 0 
7f2fd4000000-7f2fd400c000 r--s 00057000 08:07 2097396                    /home/jony/.m2/repository/uk/co/caprica/vlcj/3.9.0/vlcj-3.9.0.jar
7f2fd400c000-7f2fd4231000 rw-p 00000000 00:00 0 
7f2fd4231000-7f2fd4232000 ---p 00000000 00:00 0 
7f2fd4232000-7f2fd4332000 rw-p 00000000 00:00 0                          [stack:13977]
7f2fd4332000-7f2fd4333000 ---p 00000000 00:00 0 
7f2fd4333000-7f2fd4433000 rw-p 00000000 00:00 0                          [stack:13976]
7f2fd4433000-7f2fd4434000 ---p 00000000 00:00 0 
7f2fd4434000-7f2fd4534000 rw-p 00000000 00:00 0                          [stack:13975]
7f2fd4534000-7f2fd4535000 ---p 00000000 00:00 0 
7f2fd4535000-7f2fd464a000 rw-p 00000000 00:00 0                          [stack:13974]
7f2fd464a000-7f2fd4777000 ---p 00000000 00:00 0 
7f2fd4777000-7f2fd4782000 rw-p 00000000 00:00 0 
7f2fd4782000-7f2fd4818000 ---p 00000000 00:00 0 
7f2fd4818000-7f2fd4823000 rw-p 00000000 00:00 0 
7f2fd4823000-7f2fd4bd9000 ---p 00000000 00:00 0 
7f2fd4bd9000-7f2fd4e59000 rwxp 00000000 00:00 0 
7f2fd4e59000-7f2fe3bd9000 ---p 00000000 00:00 0 
7f2fe3bd9000-7f2fe3bf3000 r-xp 00000000 08:06 414518                     /usr/lib/jvm/java-8-oracle/jre/lib/amd64/libzip.so
7f2fe3bf3000-7f2fe3df3000 ---p 0001a000 08:06 414518                     /usr/lib/jvm/java-8-oracle/jre/lib/amd64/libzip.so
7f2fe3df3000-7f2fe3df4000 rw-p 0001a000 08:06 414518                     /usr/lib/jvm/java-8-oracle/jre/lib/amd64/libzip.so
7f2fe3df4000-7f2fe3dff000 r-xp 00000000 08:06 261141                     /lib/x86_64-linux-gnu/libnss_files-2.19.so
7f2fe3dff000-7f2fe3ffe000 ---p 0000b000 08:06 261141                     /lib/x86_64-linux-gnu/libnss_files-2.19.so
7f2fe3ffe000-7f2fe3fff000 r--p 0000a000 08:06 261141                     /lib/x86_64-linux-gnu/libnss_files-2.19.so
7f2fe3fff000-7f2fe4000000 rw-p 0000b000 08:06 261141                     /lib/x86_64-linux-gnu/libnss_files-2.19.so
7f2fe4000000-7f2fe44fe000 rw-p 00000000 00:00 0 
7f2fe44fe000-7f2fe8000000 ---p 00000000 00:00 0 
7f2fe8001000-7f2fe80ad000 rw-p 00000000 00:00 0 
7f2fe80ad000-7f2fe81da000 ---p 00000000 00:00 0 
7f2fe81da000-7f2fe81e5000 r-xp 00000000 08:06 265432                     /lib/x86_64-linux-gnu/libnss_nis-2.19.so
7f2fe81e5000-7f2fe83e4000 ---p 0000b000 08:06 265432                     /lib/x86_64-linux-gnu/libnss_nis-2.19.so
7f2fe83e4000-7f2fe83e5000 r--p 0000a000 08:06 265432                     /lib/x86_64-linux-gnu/libnss_nis-2.19.so
7f2fe83e5000-7f2fe83e6000 rw-p 0000b000 08:06 265432                     /lib/x86_64-linux-gnu/libnss_nis-2.19.so
7f2fe83e6000-7f2fe83fd000 r-xp 00000000 08:06 261216                     /lib/x86_64-linux-gnu/libnsl-2.19.so
7f2fe83fd000-7f2fe85fc000 ---p 00017000 08:06 261216                     /lib/x86_64-linux-gnu/libnsl-2.19.so
7f2fe85fc000-7f2fe85fd000 r--p 00016000 08:06 261216                     /lib/x86_64-linux-gnu/libnsl-2.19.so
7f2fe85fd000-7f2fe85fe000 rw-p 00017000 08:06 261216                     /lib/x86_64-linux-gnu/libnsl-2.19.so
7f2fe85fe000-7f2fe8600000 rw-p 00000000 00:00 0 
7f2fe8600000-7f2fe8609000 r-xp 00000000 08:06 261215                     /lib/x86_64-linux-gnu/libnss_compat-2.19.so
7f2fe8609000-7f2fe8808000 ---p 00009000 08:06 261215                     /lib/x86_64-linux-gnu/libnss_compat-2.19.so
7f2fe8808000-7f2fe8809000 r--p 00008000 08:06 261215                     /lib/x86_64-linux-gnu/libnss_compat-2.19.so
7f2fe8809000-7f2fe880a000 rw-p 00009000 08:06 261215                     /lib/x86_64-linux-gnu/libnss_compat-2.19.so
7f2fe880a000-7f2fe8834000 r-xp 00000000 08:06 414479                     /usr/lib/jvm/java-8-oracle/jre/lib/amd64/libjava.so
7f2fe8834000-7f2fe8a34000 ---p 0002a000 08:06 414479                     /usr/lib/jvm/java-8-oracle/jre/lib/amd64/libjava.so
7f2fe8a34000-7f2fe8a36000 rw-p 0002a000 08:06 414479                     /usr/lib/jvm/java-8-oracle/jre/lib/amd64/libjava.so
7f2fe8a36000-7f2fe8a43000 r-xp 00000000 08:06 414470                     /usr/lib/jvm/java-8-oracle/jre/lib/amd64/libverify.so
7f2fe8a43000-7f2fe8c43000 ---p 0000d000 08:06 414470                     /usr/lib/jvm/java-8-oracle/jre/lib/amd64/libverify.so
7f2fe8c43000-7f2fe8c45000 rw-p 0000d000 08:06 414470                     /usr/lib/jvm/java-8-oracle/jre/lib/amd64/libverify.so
7f2fe8c45000-7f2fe8c4c000 r-xp 00000000 08:06 261224                     /lib/x86_64-linux-gnu/librt-2.19.so
7f2fe8c4c000-7f2fe8e4b000 ---p 00007000 08:06 261224                     /lib/x86_64-linux-gnu/librt-2.19.so
7f2fe8e4b000-7f2fe8e4c000 r--p 00006000 08:06 261224                     /lib/x86_64-linux-gnu/librt-2.19.so
7f2fe8e4c000-7f2fe8e4d000 rw-p 00007000 08:06 261224                     /lib/x86_64-linux-gnu/librt-2.19.so
7f2fe8e4d000-7f2fe8f52000 r-xp 00000000 08:06 261137                     /lib/x86_64-linux-gnu/libm-2.19.so
7f2fe8f52000-7f2fe9151000 ---p 00105000 08:06 261137                     /lib/x86_64-linux-gnu/libm-2.19.so
7f2fe9151000-7f2fe9152000 r--p 00104000 08:06 261137                     /lib/x86_64-linux-gnu/libm-2.19.so
7f2fe9152000-7f2fe9153000 rw-p 00105000 08:06 261137                     /lib/x86_64-linux-gnu/libm-2.19.so
7f2fe9153000-7f2fe9e11000 r-xp 00000000 08:06 414502                     /usr/lib/jvm/java-8-oracle/jre/lib/amd64/server/libjvm.so
7f2fe9e11000-7f2fea010000 ---p 00cbe000 08:06 414502                     /usr/lib/jvm/java-8-oracle/jre/lib/amd64/server/libjvm.so
7f2fea010000-7f2fea0e9000 rw-p 00cbd000 08:06 414502                     /usr/lib/jvm/java-8-oracle/jre/lib/amd64/server/libjvm.so
7f2fea0e9000-7f2fea12d000 rw-p 00000000 00:00 0 
7f2fea12d000-7f2fea2e8000 r-xp 00000000 08:06 261221                     /lib/x86_64-linux-gnu/libc-2.19.so
7f2fea2e8000-7f2fea4e7000 ---p 001bb000 08:06 261221                     /lib/x86_64-linux-gnu/libc-2.19.so
7f2fea4e7000-7f2fea4eb000 r--p 001ba000 08:06 261221                     /lib/x86_64-linux-gnu/libc-2.19.so
7f2fea4eb000-7f2fea4ed000 rw-p 001be000 08:06 261221                     /lib/x86_64-linux-gnu/libc-2.19.so
7f2fea4ed000-7f2fea4f2000 rw-p 00000000 00:00 0 
7f2fea4f2000-7f2fea4f5000 r-xp 00000000 08:06 261152                     /lib/x86_64-linux-gnu/libdl-2.19.so
7f2fea4f5000-7f2fea6f4000 ---p 00003000 08:06 261152                     /lib/x86_64-linux-gnu/libdl-2.19.so
7f2fea6f4000-7f2fea6f5000 r--p 00002000 08:06 261152                     /lib/x86_64-linux-gnu/libdl-2.19.so
7f2fea6f5000-7f2fea6f6000 rw-p 00003000 08:06 261152                     /lib/x86_64-linux-gnu/libdl-2.19.so
7f2fea6f6000-7f2fea70b000 r-xp 00000000 08:06 413769                     /usr/lib/jvm/java-8-oracle/lib/amd64/jli/libjli.so
7f2fea70b000-7f2fea90b000 ---p 00015000 08:06 413769                     /usr/lib/jvm/java-8-oracle/lib/amd64/jli/libjli.so
7f2fea90b000-7f2fea90c000 rw-p 00015000 08:06 413769                     /usr/lib/jvm/java-8-oracle/lib/amd64/jli/libjli.so
7f2fea90c000-7f2fea925000 r-xp 00000000 08:06 261222                     /lib/x86_64-linux-gnu/libpthread-2.19.so
7f2fea925000-7f2feab24000 ---p 00019000 08:06 261222                     /lib/x86_64-linux-gnu/libpthread-2.19.so
7f2feab24000-7f2feab25000 r--p 00018000 08:06 261222                     /lib/x86_64-linux-gnu/libpthread-2.19.so
7f2feab25000-7f2feab26000 rw-p 00019000 08:06 261222                     /lib/x86_64-linux-gnu/libpthread-2.19.so
7f2feab26000-7f2feab2a000 rw-p 00000000 00:00 0 
7f2feab2a000-7f2feab4d000 r-xp 00000000 08:06 261218                     /lib/x86_64-linux-gnu/ld-2.19.so
7f2feab4e000-7f2feab52000 r--s 00112000 08:07 2359896                    /home/jony/.m2/repository/net/java/dev/jna/jna/4.2.1/jna-4.2.1.jar
7f2feab52000-7f2feac24000 rw-p 00000000 00:00 0 
7f2feac24000-7f2feac27000 ---p 00000000 00:00 0 
7f2feac27000-7f2fead29000 rw-p 00000000 00:00 0                          [stack:13973]
7f2fead2a000-7f2fead2b000 rwxp 00000000 00:00 0 
7f2fead2b000-7f2fead2c000 r--s 00002000 08:07 1322282                    /home/jony/.m2/repository/org/slf4j/slf4j-simple/1.7.12/slf4j-simple-1.7.12.jar
7f2fead2c000-7f2fead2d000 r--s 00007000 08:07 8522705                    /home/jony/.m2/repository/org/slf4j/slf4j-api/1.7.10/slf4j-api-1.7.10.jar
7f2fead2d000-7f2fead40000 rw-p 00000000 00:00 0 
7f2fead40000-7f2fead48000 rw-s 00000000 08:06 522641                     /tmp/hsperfdata_jony/13968
7f2fead48000-7f2fead49000 rw-p 00000000 00:00 0 
7f2fead49000-7f2fead4a000 r--p 00000000 00:00 0 
7f2fead4a000-7f2fead4c000 rw-p 00000000 00:00 0 
7f2fead4c000-7f2fead4d000 r--p 00022000 08:06 261218                     /lib/x86_64-linux-gnu/ld-2.19.so
7f2fead4d000-7f2fead4e000 rw-p 00023000 08:06 261218                     /lib/x86_64-linux-gnu/ld-2.19.so
7f2fead4e000-7f2fead4f000 rw-p 00000000 00:00 0 
7ffffbcd0000-7ffffbcf1000 rw-p 00000000 00:00 0                          [stack]
7ffffbd5b000-7ffffbd5d000 r-xp 00000000 00:00 0                          [vdso]
7ffffbd5d000-7ffffbd5f000 r--p 00000000 00:00 0                          [vvar]
ffffffffff600000-ffffffffff601000 r-xp 00000000 00:00 0                  [vsyscall]

VM Arguments:
jvm_args: -Dfile.encoding=UTF-8 
java_command: com.movieCart.MainFrame
java_class_path (initial): /home/jony/Dropbox/Eclipse Workspace/movieCart/target/classes:/home/jony/.m2/repository/uk/co/caprica/vlcj/3.9.0/vlcj-3.9.0.jar:/home/jony/.m2/repository/org/slf4j/slf4j-api/1.7.10/slf4j-api-1.7.10.jar:/home/jony/.m2/repository/net/java/dev/jna/platform/3.5.2/platform-3.5.2.jar:/home/jony/.m2/repository/net/java/dev/jna/jna/4.2.1/jna-4.2.1.jar:/home/jony/.m2/repository/org/slf4j/slf4j-simple/1.7.12/slf4j-simple-1.7.12.jar
Launcher Type: SUN_STANDARD

Environment Variables:
JAVA_HOME=/usr/lib/jvm/java-8-oracle
PATH=/home/jony/sys161/bin:/home/jony/sys161/tools/bin:/home/jony/bin:/usr/local/sbin:/usr/local/bin:/usr/sbin:/usr/bin:/sbin:/bin:/usr/games:/usr/local/games:/usr/lib/jvm/java-8-oracle/bin:/usr/lib/jvm/java-8-oracle/db/bin:/usr/lib/jvm/java-8-oracle/jre/bin
SHELL=/bin/bash
DISPLAY=:0.0

Signal Handlers:
SIGSEGV: [libjvm.so+0xaba2a0], sa_mask[0]=11111111011111111101111111111110, sa_flags=SA_RESTART|SA_SIGINFO
SIGBUS: [libjvm.so+0xaba2a0], sa_mask[0]=11111111011111111101111111111110, sa_flags=SA_RESTART|SA_SIGINFO
SIGFPE: [libjvm.so+0x917710], sa_mask[0]=11111111011111111101111111111110, sa_flags=SA_RESTART|SA_SIGINFO
SIGPIPE: [libjvm.so+0x917710], sa_mask[0]=11111111011111111101111111111110, sa_flags=SA_RESTART|SA_SIGINFO
SIGXFSZ: [libjvm.so+0x917710], sa_mask[0]=11111111011111111101111111111110, sa_flags=SA_RESTART|SA_SIGINFO
SIGILL: [libjvm.so+0x917710], sa_mask[0]=11111111011111111101111111111110, sa_flags=SA_RESTART|SA_SIGINFO
SIGUSR1: SIG_DFL, sa_mask[0]=00000000000000000000000000000000, sa_flags=none
SIGUSR2: [libjvm.so+0x918d40], sa_mask[0]=00100000000000000000000000000000, sa_flags=SA_RESTART|SA_SIGINFO
SIGHUP: [libjvm.so+0x91a140], sa_mask[0]=11111111011111111101111111111110, sa_flags=SA_RESTART|SA_SIGINFO
SIGINT: [libjvm.so+0x91a140], sa_mask[0]=11111111011111111101111111111110, sa_flags=SA_RESTART|SA_SIGINFO
SIGTERM: [libjvm.so+0x91a140], sa_mask[0]=11111111011111111101111111111110, sa_flags=SA_RESTART|SA_SIGINFO
SIGQUIT: [libjvm.so+0x91a140], sa_mask[0]=11111111011111111101111111111110, sa_flags=SA_RESTART|SA_SIGINFO


---------------  S Y S T E M  ---------------

OS:DISTRIB_ID=Ubuntu
DISTRIB_RELEASE=14.04
DISTRIB_CODENAME=trusty
DISTRIB_DESCRIPTION="Ubuntu 14.04.3 LTS"

uname:Linux 3.16.0-51-generic #69~14.04.1-Ubuntu SMP Wed Oct 7 15:32:41 UTC 2015 x86_64
libc:glibc 2.19 NPTL 2.19 
rlimit: STACK 8192k, CORE 0k, NPROC 15360, NOFILE 4096, AS infinity
load average:2.17 2.24 2.34

/proc/meminfo:
MemTotal:        3953704 kB
MemFree:          166992 kB
MemAvailable:    1542236 kB
Buffers:           36388 kB
Cached:          1707304 kB
SwapCached:        11784 kB
Active:          2218156 kB
Inactive:        1362256 kB
Active(anon):    1453468 kB
Inactive(anon):   612516 kB
Active(file):     764688 kB
Inactive(file):   749740 kB
Unevictable:         104 kB
Mlocked:             104 kB
SwapTotal:       9764860 kB
SwapFree:        9546824 kB
Dirty:               512 kB
Writeback:             0 kB
AnonPages:       1831204 kB
Mapped:           245756 kB
Shmem:            229100 kB
Slab:              91780 kB
SReclaimable:      59504 kB
SUnreclaim:        32276 kB
KernelStack:       11072 kB
PageTables:        38832 kB
NFS_Unstable:          0 kB
Bounce:                0 kB
WritebackTmp:          0 kB
CommitLimit:    11741712 kB
Committed_AS:    6751400 kB
VmallocTotal:   34359738367 kB
VmallocUsed:      361940 kB
VmallocChunk:   34359360012 kB
HardwareCorrupted:     0 kB
AnonHugePages:    526336 kB
HugePages_Total:       0
HugePages_Free:        0
HugePages_Rsvd:        0
HugePages_Surp:        0
Hugepagesize:       2048 kB
DirectMap4k:       72352 kB
DirectMap2M:     4028416 kB


CPU:total 4 (2 cores per cpu, 2 threads per core) family 6 model 42 stepping 7, cmov, cx8, fxsr, mmx, sse, sse2, sse3, ssse3, sse4.1, sse4.2, popcnt, avx, aes, clmul, ht, tsc, tscinvbit

/proc/cpuinfo:
processor	: 0
vendor_id	: GenuineIntel
cpu family	: 6
model		: 42
model name	: Intel(R) Core(TM) i5-2430M CPU @ 2.40GHz
stepping	: 7
microcode	: 0x1a
cpu MHz		: 2800.031
cache size	: 3072 KB
physical id	: 0
siblings	: 4
core id		: 0
cpu cores	: 2
apicid		: 0
initial apicid	: 0
fpu		: yes
fpu_exception	: yes
cpuid level	: 13
wp		: yes
flags		: fpu vme de pse tsc msr pae mce cx8 apic sep mtrr pge mca cmov pat pse36 clflush dts acpi mmx fxsr sse sse2 ss ht tm pbe syscall nx rdtscp lm constant_tsc arch_perfmon pebs bts rep_good nopl xtopology nonstop_tsc aperfmperf eagerfpu pni pclmulqdq dtes64 monitor ds_cpl vmx est tm2 ssse3 cx16 xtpr pdcm pcid sse4_1 sse4_2 x2apic popcnt tsc_deadline_timer aes xsave avx lahf_lm ida arat epb xsaveopt pln pts dtherm tpr_shadow vnmi flexpriority ept vpid
bogomips	: 4789.33
clflush size	: 64
cache_alignment	: 64
address sizes	: 36 bits physical, 48 bits virtual
power management:

processor	: 1
vendor_id	: GenuineIntel
cpu family	: 6
model		: 42
model name	: Intel(R) Core(TM) i5-2430M CPU @ 2.40GHz
stepping	: 7
microcode	: 0x1a
cpu MHz		: 2800.031
cache size	: 3072 KB
physical id	: 0
siblings	: 4
core id		: 1
cpu cores	: 2
apicid		: 2
initial apicid	: 2
fpu		: yes
fpu_exception	: yes
cpuid level	: 13
wp		: yes
flags		: fpu vme de pse tsc msr pae mce cx8 apic sep mtrr pge mca cmov pat pse36 clflush dts acpi mmx fxsr sse sse2 ss ht tm pbe syscall nx rdtscp lm constant_tsc arch_perfmon pebs bts rep_good nopl xtopology nonstop_tsc aperfmperf eagerfpu pni pclmulqdq dtes64 monitor ds_cpl vmx est tm2 ssse3 cx16 xtpr pdcm pcid sse4_1 sse4_2 x2apic popcnt tsc_deadline_timer aes xsave avx lahf_lm ida arat epb xsaveopt pln pts dtherm tpr_shadow vnmi flexpriority ept vpid
bogomips	: 4789.33
clflush size	: 64
cache_alignment	: 64
address sizes	: 36 bits physical, 48 bits virtual
power management:

processor	: 2
vendor_id	: GenuineIntel
cpu family	: 6
model		: 42
model name	: Intel(R) Core(TM) i5-2430M CPU @ 2.40GHz
stepping	: 7
microcode	: 0x1a
cpu MHz		: 2800.031
cache size	: 3072 KB
physical id	: 0
siblings	: 4
core id		: 0
cpu cores	: 2
apicid		: 1
initial apicid	: 1
fpu		: yes
fpu_exception	: yes
cpuid level	: 13
wp		: yes
flags		: fpu vme de pse tsc msr pae mce cx8 apic sep mtrr pge mca cmov pat pse36 clflush dts acpi mmx fxsr sse sse2 ss ht tm pbe syscall nx rdtscp lm constant_tsc arch_perfmon pebs bts rep_good nopl xtopology nonstop_tsc aperfmperf eagerfpu pni pclmulqdq dtes64 monitor ds_cpl vmx est tm2 ssse3 cx16 xtpr pdcm pcid sse4_1 sse4_2 x2apic popcnt tsc_deadline_timer aes xsave avx lahf_lm ida arat epb xsaveopt pln pts dtherm tpr_shadow vnmi flexpriority ept vpid
bogomips	: 4789.33
clflush size	: 64
cache_alignment	: 64
address sizes	: 36 bits physical, 48 bits virtual
power management:

processor	: 3
vendor_id	: GenuineIntel
cpu family	: 6
model		: 42
model name	: Intel(R) Core(TM) i5-2430M CPU @ 2.40GHz
stepping	: 7
microcode	: 0x1a
cpu MHz		: 2800.031
cache size	: 3072 KB
physical id	: 0
siblings	: 4
core id		: 1
cpu cores	: 2
apicid		: 3
initial apicid	: 3
fpu		: yes
fpu_exception	: yes
cpuid level	: 13
wp		: yes
flags		: fpu vme de pse tsc msr pae mce cx8 apic sep mtrr pge mca cmov pat pse36 clflush dts acpi mmx fxsr sse sse2 ss ht tm pbe syscall nx rdtscp lm constant_tsc arch_perfmon pebs bts rep_good nopl xtopology nonstop_tsc aperfmperf eagerfpu pni pclmulqdq dtes64 monitor ds_cpl vmx est tm2 ssse3 cx16 xtpr pdcm pcid sse4_1 sse4_2 x2apic popcnt tsc_deadline_timer aes xsave avx lahf_lm ida arat epb xsaveopt pln pts dtherm tpr_shadow vnmi flexpriority ept vpid
bogomips	: 4789.33
clflush size	: 64
cache_alignment	: 64
address sizes	: 36 bits physical, 48 bits virtual
power management:



Memory: 4k page, physical 3953704k(166992k free), swap 9764860k(9546824k free)

vm_info: Java HotSpot(TM) 64-Bit Server VM (25.66-b17) for linux-amd64 JRE (1.8.0_66-b17), built on Oct  6 2015 17:28:34 by "java_re" with gcc 4.3.0 20080428 (Red Hat 4.3.0-8)

time: Mon Oct 26 21:43:36 2015
elapsed time: 0 seconds (0d 0h 0m 0s)

