#
# A fatal error has been detected by the Java Runtime Environment:
#
#  SIGSEGV (0xb) at pc=0x00007f260b1b3414, pid=13656, tid=139801376069376
#
# JRE version: Java(TM) SE Runtime Environment (8.0_66-b17) (build 1.8.0_66-b17)
# Java VM: Java HotSpot(TM) 64-Bit Server VM (25.66-b17 mixed mode linux-amd64 compressed oops)
# Problematic frame:
# C  [libpthread.so.0+0xa414]  pthread_mutex_lock+0x4
#
# Failed to write core dump. Core dumps have been disabled. To enable core dumping, try "ulimit -c unlimited" before starting Java again
#
# If you would like to submit a bug report, please visit:
#   http://bugreport.java.com/bugreport/crash.jsp
# The crash happened outside the Java Virtual Machine in native code.
# See problematic frame for where to report the bug.
#

---------------  T H R E A D  ---------------

Current thread (0x00007f260400a000):  JavaThread "main" [_thread_in_native, id=13662, stack(0x00007f260b4c1000,0x00007f260b5c2000)]

siginfo: si_signo: 11 (SIGSEGV), si_code: 128 (SI_KERNEL), si_addr: 0x0000000000000000

Registers:
RAX=0x00007f25bb5b8950, RBX=0x00007f260b5bfcb0, RCX=0x000000000000015d, RDX=0x00007f260b5bfca0
RSP=0x00007f260b5bfc30, RBP=0x00007f26042ab940, RSI=0x00007f260b5bfc90, RDI=0x0000ffe900000000
R8 =0x00007f260b5bfcb0, R9 =0x00000000000001fd, R10=0x00007f26042918f0, R11=0x00007f25bb639d07
R12=0x00007f260b5bfc8c, R13=0x00007f260b5bfdc0, R14=0x00007f260b5bfdb8, R15=0x00007f260400a1f8
RIP=0x00007f260b1b3414, EFLAGS=0x0000000000010206, CSGSFS=0x0000000000000033, ERR=0x0000000000000000
  TRAPNO=0x000000000000000d

Top of Stack: (sp=0x00007f260b5bfc30)
0x00007f260b5bfc30:   00007f260b5bfdb8 00007f25bb5d20da
0x00007f260b5bfc40:   00007f260b5bfc90 00007f260b5bfca0
0x00007f260b5bfc50:   00007f2604320970 00007f2604320f60
0x00007f260b5bfc60:   00007f2604259c20 00007f2604320970
0x00007f260b5bfc70:   00007f2604320f60 00007f25bb5afa42
0x00007f260b5bfc80:   00007f2604320970 00007f260b3dd515
0x00007f260b5bfc90:   0000015e0000015d 696c436900000000
0x00007f260b5bfca0:   0000015700000156 00007f2600000000
0x00007f260b5bfcb0:   00007f2604259c20 00007f2604320f60
0x00007f260b5bfcc0:   00007f2604320f60 00007f260b5bfd20
0x00007f260b5bfcd0:   00007f2604320970 00007f25bbb04991
0x00007f260b5bfce0:   00007f260400a000 00007f2604259c20
0x00007f260b5bfcf0:   00007f260400a000 00007f25f4671200
0x00007f260b5bfd00:   0000000000000000 00007f25f4671200
0x00007f260b5bfd10:   00007f260b5bfdd0 00007f260400a000
0x00007f260b5bfd20:   00007f260b5bfd98 00007f25f5015994
0x00007f260b5bfd30:   00007f25f4671200 0000000000000000
0x00007f260b5bfd40:   00007f260b5bfd98 00007f25f5015727
0x00007f260b5bfd50:   00007f25f50156e2 00007f260b5bfd58
0x00007f260b5bfd60:   00007f25f4671200 00007f260b5bfdd0
0x00007f260b5bfd70:   00007f25f4674798 0000000000000000
0x00007f260b5bfd80:   00007f25f4671200 0000000000000000
0x00007f260b5bfd90:   00007f260b5bfdb8 00007f260b5bfe18
0x00007f260b5bfda0:   00007f25f50079d0 00000000ece3ba20
0x00007f260b5bfdb0:   00007f25f500f57b 00000000ebfb8560
0x00007f260b5bfdc0:   00000000ece71a78 00007f2604259c20
0x00007f260b5bfdd0:   00007f25f5007760 00007f260b5bfdd8
0x00007f260b5bfde0:   00007f25f465271c 00007f260b5bfe30
0x00007f260b5bfdf0:   00007f25f4658c28 0000000000000000
0x00007f260b5bfe00:   00007f25f46527c0 00007f260b5bfdb8
0x00007f260b5bfe10:   00007f260b5bfe38 00007f260b5bfe78
0x00007f260b5bfe20:   00007f25f5007c4d 0000000000000000 

Instructions: (pc=0x00007f260b1b3414)
0x00007f260b1b33f4:   0f 1f 40 00 c7 47 10 ff ff ff ff 31 c0 c3 66 2e
0x00007f260b1b3404:   0f 1f 84 00 00 00 00 00 0f 1f 40 00 48 83 ec 08
0x00007f260b1b3414:   8b 77 10 49 89 f8 89 f0 89 f2 25 7f 01 00 00 83
0x00007f260b1b3424:   e2 7c 0f 85 bf 00 00 00 85 c0 75 70 8b 15 ee 30 

Register to memory mapping:

RAX=0x00007f25bb5b8950: <offset 0x2a950> in /usr/lib/x86_64-linux-gnu/libX11.so.6 at 0x00007f25bb58e000
RBX=0x00007f260b5bfcb0 is pointing into the stack for thread: 0x00007f260400a000
RCX=0x000000000000015d is an unknown value
RDX=0x00007f260b5bfca0 is pointing into the stack for thread: 0x00007f260400a000
RSP=0x00007f260b5bfc30 is pointing into the stack for thread: 0x00007f260400a000
RBP=0x00007f26042ab940 is an unknown value
RSI=0x00007f260b5bfc90 is pointing into the stack for thread: 0x00007f260400a000
RDI=0x0000ffe900000000 is an unknown value
R8 =0x00007f260b5bfcb0 is pointing into the stack for thread: 0x00007f260400a000
R9 =0x00000000000001fd is an unknown value
R10=0x00007f26042918f0 is an unknown value
R11=0x00007f25bb639d07: <offset 0xabd07> in /usr/lib/x86_64-linux-gnu/libX11.so.6 at 0x00007f25bb58e000
R12=0x00007f260b5bfc8c is pointing into the stack for thread: 0x00007f260400a000
R13=0x00007f260b5bfdc0 is pointing into the stack for thread: 0x00007f260400a000
R14=0x00007f260b5bfdb8 is pointing into the stack for thread: 0x00007f260400a000
R15=0x00007f260400a1f8 is an unknown value


Stack: [0x00007f260b4c1000,0x00007f260b5c2000],  sp=0x00007f260b5bfc30,  free space=1019k
Native frames: (J=compiled Java code, j=interpreted, Vv=VM code, C=native code)
C  [libpthread.so.0+0xa414]  pthread_mutex_lock+0x4

Java frames: (J=compiled Java code, j=interpreted, Vv=VM code)
j  sun.awt.X11.XlibWrapper.XGetDefault(JLjava/lang/String;Ljava/lang/String;)Ljava/lang/String;+0
j  sun.awt.X11.XToolkit.initializeMultiClickTime()V+12
j  sun.awt.X11.XToolkit.getMultiClickTime()I+6
j  sun.awt.X11.XToolkit.initializeDesktopProperties()V+82
j  java.awt.Toolkit.getDesktopProperty(Ljava/lang/String;)Ljava/lang/Object;+32
j  sun.swing.SwingUtilities2$AATextInfo.getAATextInfo(Z)Lsun/swing/SwingUtilities2$AATextInfo;+11
j  javax.swing.plaf.metal.MetalLookAndFeel.initComponentDefaults(Ljavax/swing/UIDefaults;)V+12062
j  javax.swing.plaf.basic.BasicLookAndFeel.getDefaults()Ljavax/swing/UIDefaults;+25
j  javax.swing.plaf.metal.MetalLookAndFeel.getDefaults()Ljavax/swing/UIDefaults;+9
j  javax.swing.UIManager.setLookAndFeel(Ljavax/swing/LookAndFeel;)V+79
j  javax.swing.UIManager.setLookAndFeel(Ljava/lang/String;)V+16
j  javax.swing.UIManager.initializeDefaultLAF(Ljava/util/Properties;)V+55
j  javax.swing.UIManager.initialize()V+9
j  javax.swing.UIManager.maybeInitialize()V+22
j  javax.swing.UIManager.getUI(Ljavax/swing/JComponent;)Ljavax/swing/plaf/ComponentUI;+0
j  javax.swing.JPanel.updateUI()V+2
j  javax.swing.JPanel.<init>(Ljava/awt/LayoutManager;Z)V+24
j  javax.swing.JPanel.<init>(Z)V+9
j  javax.swing.JPanel.<init>()V+2
j  javax.swing.JRootPane.createGlassPane()Ljava/awt/Component;+4
j  javax.swing.JRootPane.<init>()V+11
j  javax.swing.JFrame.createRootPane()Ljavax/swing/JRootPane;+4
j  javax.swing.JFrame.frameInit()V+16
j  javax.swing.JFrame.<init>()V+20
j  com.movieCart.MainFrame.<init>()V+1
j  com.movieCart.MainFrame.main([Ljava/lang/String;)V+25
v  ~StubRoutines::call_stub

---------------  P R O C E S S  ---------------

Java Threads: ( => current thread )
  0x00007f26042b3800 JavaThread "AWT-XAWT" daemon [_thread_in_native, id=13679, stack(0x00007f25b9d8b000,0x00007f25b9e8c000)]
  0x00007f260428e800 JavaThread "Java2D Disposer" daemon [_thread_blocked, id=13678, stack(0x00007f25ba29c000,0x00007f25ba39d000)]
  0x00007f2604228800 JavaThread "process reaper" daemon [_thread_blocked, id=13677, stack(0x00007f25f400b000,0x00007f25f4044000)]
  0x00007f26040c2000 JavaThread "Service Thread" daemon [_thread_blocked, id=13674, stack(0x00007f25e41bd000,0x00007f25e42be000)]
  0x00007f26040bd000 JavaThread "C1 CompilerThread2" daemon [_thread_blocked, id=13673, stack(0x00007f25e42be000,0x00007f25e43bf000)]
  0x00007f26040bb000 JavaThread "C2 CompilerThread1" daemon [_thread_blocked, id=13672, stack(0x00007f25e43bf000,0x00007f25e44c0000)]
  0x00007f26040b8000 JavaThread "C2 CompilerThread0" daemon [_thread_blocked, id=13671, stack(0x00007f25e44c0000,0x00007f25e45c1000)]
  0x00007f26040b6800 JavaThread "Signal Dispatcher" daemon [_thread_blocked, id=13670, stack(0x00007f25e45c1000,0x00007f25e46c2000)]
  0x00007f260407f000 JavaThread "Finalizer" daemon [_thread_blocked, id=13669, stack(0x00007f25e4de5000,0x00007f25e4ee6000)]
  0x00007f260407d000 JavaThread "Reference Handler" daemon [_thread_blocked, id=13668, stack(0x00007f25e4ee6000,0x00007f25e4fe7000)]
=>0x00007f260400a000 JavaThread "main" [_thread_in_native, id=13662, stack(0x00007f260b4c1000,0x00007f260b5c2000)]

Other Threads:
  0x00007f2604077800 VMThread [stack: 0x00007f25e4fe7000,0x00007f25e50e8000] [id=13667]
  0x00007f26040c5000 WatcherThread [stack: 0x00007f25e40bc000,0x00007f25e41bd000] [id=13675]

VM state:not at safepoint (normal execution)

VM Mutex/Monitor currently owned by a thread: None

Heap:
 PSYoungGen      total 18432K, used 4052K [0x00000000ebe00000, 0x00000000ed280000, 0x0000000100000000)
  eden space 15872K, 12% used [0x00000000ebe00000,0x00000000ebff3328,0x00000000ecd80000)
  from space 2560K, 80% used [0x00000000ecd80000,0x00000000ecf81d90,0x00000000ed000000)
  to   space 2560K, 0% used [0x00000000ed000000,0x00000000ed000000,0x00000000ed280000)
 ParOldGen       total 42496K, used 8K [0x00000000c3a00000, 0x00000000c6380000, 0x00000000ebe00000)
  object space 42496K, 0% used [0x00000000c3a00000,0x00000000c3a02000,0x00000000c6380000)
 Metaspace       used 9296K, capacity 9510K, committed 9728K, reserved 1058816K
  class space    used 1077K, capacity 1160K, committed 1280K, reserved 1048576K

Card table byte_map: [0x00007f26080ac000,0x00007f2608290000] byte_map_base: 0x00007f2607a8f000

Marking Bits: (ParMarkBitMap*) 0x00007f260a99f020
 Begin Bits: [0x00007f25e61d0000, 0x00007f25e70e8000)
 End Bits:   [0x00007f25e70e8000, 0x00007f25e8000000)

Polling page: 0x00007f260b5e6000

CodeCache: size=245760Kb used=2696Kb max_used=2696Kb free=243063Kb
 bounds [0x00007f25f5000000, 0x00007f25f52b0000, 0x00007f2604000000]
 total_blobs=1091 nmethods=649 adapters=356
 compilation: enabled

Compilation events (10 events):
Event: 3.332 Thread 0x00007f26040bd000 nmethod 641 0x00007f25f529c410 code [0x00007f25f529c5c0, 0x00007f25f529cc18]
Event: 3.332 Thread 0x00007f26040bd000  642       3       java.lang.ref.SoftReference::<init> (13 bytes)
Event: 3.332 Thread 0x00007f26040bb000  644       4       java.lang.Math::max (11 bytes)
Event: 3.333 Thread 0x00007f26040bd000 nmethod 642 0x00007f25f529cf50 code [0x00007f25f529d0c0, 0x00007f25f529d3b0]
Event: 3.333 Thread 0x00007f26040bd000  643       3       java.lang.invoke.MethodType::toMethodDescriptorString (21 bytes)
Event: 3.333 Thread 0x00007f26040bb000 nmethod 644 0x00007f25f5259590 code [0x00007f25f52596c0, 0x00007f25f52596f8]
Event: 3.333 Thread 0x00007f26040bd000 nmethod 643 0x00007f25f529ecd0 code [0x00007f25f529eee0, 0x00007f25f529f9d8]
Event: 3.334 Thread 0x00007f26040bd000  645       3       java.lang.invoke.MethodType$ConcurrentWeakInternSet$WeakEntry::equals (49 bytes)
Event: 3.334 Thread 0x00007f26040bd000 nmethod 645 0x00007f25f529e3d0 code [0x00007f25f529e560, 0x00007f25f529eba8]
Event: 3.334 Thread 0x00007f26040bd000  648       3       sun.invoke.util.VerifyAccess::isSamePackage (114 bytes)

GC Heap History (2 events):
Event: 3.216 GC heap before
{Heap before GC invocations=1 (full 0):
 PSYoungGen      total 18432K, used 15872K [0x00000000ebe00000, 0x00000000ed280000, 0x0000000100000000)
  eden space 15872K, 100% used [0x00000000ebe00000,0x00000000ecd80000,0x00000000ecd80000)
  from space 2560K, 0% used [0x00000000ed000000,0x00000000ed000000,0x00000000ed280000)
  to   space 2560K, 0% used [0x00000000ecd80000,0x00000000ecd80000,0x00000000ed000000)
 ParOldGen       total 42496K, used 0K [0x00000000c3a00000, 0x00000000c6380000, 0x00000000ebe00000)
  object space 42496K, 0% used [0x00000000c3a00000,0x00000000c3a00000,0x00000000c6380000)
 Metaspace       used 8416K, capacity 8562K, committed 8832K, reserved 1056768K
  class space    used 972K, capacity 1056K, committed 1152K, reserved 1048576K
Event: 3.223 GC heap after
Heap after GC invocations=1 (full 0):
 PSYoungGen      total 18432K, used 2055K [0x00000000ebe00000, 0x00000000ed280000, 0x0000000100000000)
  eden space 15872K, 0% used [0x00000000ebe00000,0x00000000ebe00000,0x00000000ecd80000)
  from space 2560K, 80% used [0x00000000ecd80000,0x00000000ecf81d90,0x00000000ed000000)
  to   space 2560K, 0% used [0x00000000ed000000,0x00000000ed000000,0x00000000ed280000)
 ParOldGen       total 42496K, used 8K [0x00000000c3a00000, 0x00000000c6380000, 0x00000000ebe00000)
  object space 42496K, 0% used [0x00000000c3a00000,0x00000000c3a02000,0x00000000c6380000)
 Metaspace       used 8416K, capacity 8562K, committed 8832K, reserved 1056768K
  class space    used 972K, capacity 1056K, committed 1152K, reserved 1048576K
}

Deoptimization events (10 events):
Event: 1.970 Thread 0x00007f260400a000 Uncommon trap: reason=unstable_if action=reinterpret pc=0x00007f25f51a8cac method=java.lang.String.substring(I)Ljava/lang/String; @ 35
Event: 2.074 Thread 0x00007f260400a000 Uncommon trap: reason=class_check action=maybe_recompile pc=0x00007f25f51a805c method=java.util.regex.Matcher.match(II)Z @ 86
Event: 2.074 Thread 0x00007f260400a000 Uncommon trap: reason=class_check action=maybe_recompile pc=0x00007f25f51a805c method=java.util.regex.Matcher.match(II)Z @ 86
Event: 2.187 Thread 0x00007f260400a000 Uncommon trap: reason=class_check action=maybe_recompile pc=0x00007f25f51a805c method=java.util.regex.Matcher.match(II)Z @ 86
Event: 2.264 Thread 0x00007f260400a000 Uncommon trap: reason=class_check action=maybe_recompile pc=0x00007f25f5238be8 method=java.io.DataOutputStream.writeByte(I)V @ 5
Event: 2.264 Thread 0x00007f260400a000 Uncommon trap: reason=class_check action=maybe_recompile pc=0x00007f25f5238be8 method=java.io.DataOutputStream.writeByte(I)V @ 5
Event: 2.264 Thread 0x00007f260400a000 Uncommon trap: reason=class_check action=maybe_recompile pc=0x00007f25f5238be8 method=java.io.DataOutputStream.writeByte(I)V @ 5
Event: 2.264 Thread 0x00007f260400a000 Uncommon trap: reason=class_check action=maybe_recompile pc=0x00007f25f5238be8 method=java.io.DataOutputStream.writeByte(I)V @ 5
Event: 2.296 Thread 0x00007f260400a000 Uncommon trap: reason=class_check action=maybe_recompile pc=0x00007f25f51a805c method=java.util.regex.Matcher.match(II)Z @ 86
Event: 3.271 Thread 0x00007f260400a000 Uncommon trap: reason=unstable_if action=reinterpret pc=0x00007f25f5213f1c method=java.lang.ref.SoftReference.get()Ljava/lang/Object; @ 17

Internal exceptions (10 events):
Event: 1.143 Thread 0x00007f260400a000 Exception <a 'java/io/FileNotFoundException'> (0x00000000ec098c90) thrown at [/HUDSON/workspace/8-2-build-linux-amd64/jdk8u66/4988/hotspot/src/share/vm/prims/jni.cpp, line 709]
Event: 1.143 Thread 0x00007f260400a000 Exception <a 'java/io/FileNotFoundException'> (0x00000000ec099630) thrown at [/HUDSON/workspace/8-2-build-linux-amd64/jdk8u66/4988/hotspot/src/share/vm/prims/jni.cpp, line 709]
Event: 1.153 Thread 0x00007f260400a000 Exception <a 'java/security/PrivilegedActionException'> (0x00000000ec0aac30) thrown at [/HUDSON/workspace/8-2-build-linux-amd64/jdk8u66/4988/hotspot/src/share/vm/prims/jvm.cpp, line 1386]
Event: 1.153 Thread 0x00007f260400a000 Exception <a 'java/security/PrivilegedActionException'> (0x00000000ec0aae40) thrown at [/HUDSON/workspace/8-2-build-linux-amd64/jdk8u66/4988/hotspot/src/share/vm/prims/jvm.cpp, line 1386]
Event: 1.154 Thread 0x00007f260400a000 Exception <a 'java/security/PrivilegedActionException'> (0x00000000ec0abb08) thrown at [/HUDSON/workspace/8-2-build-linux-amd64/jdk8u66/4988/hotspot/src/share/vm/prims/jvm.cpp, line 1386]
Event: 1.154 Thread 0x00007f260400a000 Exception <a 'java/security/PrivilegedActionException'> (0x00000000ec0abd18) thrown at [/HUDSON/workspace/8-2-build-linux-amd64/jdk8u66/4988/hotspot/src/share/vm/prims/jvm.cpp, line 1386]
Event: 1.154 Thread 0x00007f260400a000 Exception <a 'java/security/PrivilegedActionException'> (0x00000000ec0aca08) thrown at [/HUDSON/workspace/8-2-build-linux-amd64/jdk8u66/4988/hotspot/src/share/vm/prims/jvm.cpp, line 1386]
Event: 1.154 Thread 0x00007f260400a000 Exception <a 'java/security/PrivilegedActionException'> (0x00000000ec0acc18) thrown at [/HUDSON/workspace/8-2-build-linux-amd64/jdk8u66/4988/hotspot/src/share/vm/prims/jvm.cpp, line 1386]
Event: 2.193 Thread 0x00007f260400a000 Exception <a 'java/lang/UnsatisfiedLinkError': libvlc.so: cannot open shared object file: No such file or directory> (0x00000000ec80c058) thrown at [/HUDSON/workspace/8-2-build-linux-amd64/jdk8u66/4988/hotspot/src/share/vm/prims/jni.cpp, line 735]
Event: 2.193 Thread 0x00007f260400a000 Exception <a 'java/lang/UnsatisfiedLinkError': libvlc.so: cannot open shared object file: No such file or directory> (0x00000000ec80e5b8) thrown at [/HUDSON/workspace/8-2-build-linux-amd64/jdk8u66/4988/hotspot/src/share/vm/prims/jni.cpp, line 735]

Events (10 events):
Event: 3.330 loading class javax/swing/plaf/DimensionUIResource
Event: 3.330 loading class javax/swing/plaf/DimensionUIResource done
Event: 3.330 loading class javax/swing/UIDefaults$LazyInputMap
Event: 3.330 loading class javax/swing/UIDefaults$LazyInputMap done
Event: 3.333 loading class javax/swing/plaf/metal/MetalLookAndFeel$FontActiveValue
Event: 3.333 loading class javax/swing/plaf/metal/MetalLookAndFeel$FontActiveValue done
Event: 3.335 loading class sun/swing/SwingUtilities2$AATextInfo
Event: 3.335 loading class sun/swing/SwingUtilities2$AATextInfo done
Event: 3.335 loading class sun/awt/HeadlessToolkit
Event: 3.335 loading class sun/awt/HeadlessToolkit done


Dynamic libraries:
00400000-00401000 r-xp 00000000 08:06 411928                             /usr/lib/jvm/java-8-oracle/bin/java
00600000-00601000 rw-p 00000000 08:06 411928                             /usr/lib/jvm/java-8-oracle/bin/java
006c1000-006e2000 rw-p 00000000 00:00 0                                  [heap]
c3a00000-c6380000 rw-p 00000000 00:00 0 
c6380000-ebe00000 ---p 00000000 00:00 0 
ebe00000-ed280000 rw-p 00000000 00:00 0 
ed280000-100000000 ---p 00000000 00:00 0 
100000000-100140000 rw-p 00000000 00:00 0 
100140000-140000000 ---p 00000000 00:00 0 
7f25a58c0000-7f25a5900000 rw-p 00000000 00:00 0 
7f25a5900000-7f25a5ac0000 ---p 00000000 00:00 0 
7f25a5ac0000-7f25a5ac4000 r-xp 00000000 08:06 265517                     /lib/x86_64-linux-gnu/libuuid.so.1.3.0
7f25a5ac4000-7f25a5cc3000 ---p 00004000 08:06 265517                     /lib/x86_64-linux-gnu/libuuid.so.1.3.0
7f25a5cc3000-7f25a5cc4000 r--p 00003000 08:06 265517                     /lib/x86_64-linux-gnu/libuuid.so.1.3.0
7f25a5cc4000-7f25a5cc5000 rw-p 00004000 08:06 265517                     /lib/x86_64-linux-gnu/libuuid.so.1.3.0
7f25a5cc5000-7f25a5ccc000 r-xp 00000000 08:06 530346                     /usr/lib/x86_64-linux-gnu/libffi.so.6.0.1
7f25a5ccc000-7f25a5ecb000 ---p 00007000 08:06 530346                     /usr/lib/x86_64-linux-gnu/libffi.so.6.0.1
7f25a5ecb000-7f25a5ecc000 r--p 00006000 08:06 530346                     /usr/lib/x86_64-linux-gnu/libffi.so.6.0.1
7f25a5ecc000-7f25a5ecd000 rw-p 00007000 08:06 530346                     /usr/lib/x86_64-linux-gnu/libffi.so.6.0.1
7f25a5ecd000-7f25a5f0a000 r-xp 00000000 08:06 265436                     /lib/x86_64-linux-gnu/libpcre.so.3.13.1
7f25a5f0a000-7f25a6109000 ---p 0003d000 08:06 265436                     /lib/x86_64-linux-gnu/libpcre.so.3.13.1
7f25a6109000-7f25a610a000 r--p 0003c000 08:06 265436                     /lib/x86_64-linux-gnu/libpcre.so.3.13.1
7f25a610a000-7f25a610b000 rw-p 0003d000 08:06 265436                     /lib/x86_64-linux-gnu/libpcre.so.3.13.1
7f25a610b000-7f25a616a000 r-xp 00000000 08:06 530103                     /usr/lib/x86_64-linux-gnu/libXt.so.6.0.0
7f25a616a000-7f25a636a000 ---p 0005f000 08:06 530103                     /usr/lib/x86_64-linux-gnu/libXt.so.6.0.0
7f25a636a000-7f25a636b000 r--p 0005f000 08:06 530103                     /usr/lib/x86_64-linux-gnu/libXt.so.6.0.0
7f25a636b000-7f25a6370000 rw-p 00060000 08:06 530103                     /usr/lib/x86_64-linux-gnu/libXt.so.6.0.0
7f25a6370000-7f25a6371000 rw-p 00000000 00:00 0 
7f25a6371000-7f25a6398000 r-xp 00000000 08:06 265110                     /lib/x86_64-linux-gnu/libexpat.so.1.6.0
7f25a6398000-7f25a6598000 ---p 00027000 08:06 265110                     /lib/x86_64-linux-gnu/libexpat.so.1.6.0
7f25a6598000-7f25a659a000 r--p 00027000 08:06 265110                     /lib/x86_64-linux-gnu/libexpat.so.1.6.0
7f25a659a000-7f25a659b000 rw-p 00029000 08:06 265110                     /lib/x86_64-linux-gnu/libexpat.so.1.6.0
7f25a659b000-7f25a65b2000 r-xp 00000000 08:06 529934                     /usr/lib/x86_64-linux-gnu/libICE.so.6.3.0
7f25a65b2000-7f25a67b1000 ---p 00017000 08:06 529934                     /usr/lib/x86_64-linux-gnu/libICE.so.6.3.0
7f25a67b1000-7f25a67b2000 r--p 00016000 08:06 529934                     /usr/lib/x86_64-linux-gnu/libICE.so.6.3.0
7f25a67b2000-7f25a67b3000 rw-p 00017000 08:06 529934                     /usr/lib/x86_64-linux-gnu/libICE.so.6.3.0
7f25a67b3000-7f25a67b7000 rw-p 00000000 00:00 0 
7f25a67b7000-7f25a67be000 r-xp 00000000 08:06 530056                     /usr/lib/x86_64-linux-gnu/libSM.so.6.0.1
7f25a67be000-7f25a69bd000 ---p 00007000 08:06 530056                     /usr/lib/x86_64-linux-gnu/libSM.so.6.0.1
7f25a69bd000-7f25a69be000 r--p 00006000 08:06 530056                     /usr/lib/x86_64-linux-gnu/libSM.so.6.0.1
7f25a69be000-7f25a69bf000 rw-p 00007000 08:06 530056                     /usr/lib/x86_64-linux-gnu/libSM.so.6.0.1
7f25a69bf000-7f25a6a0e000 r-xp 00000000 08:06 530475                     /usr/lib/x86_64-linux-gnu/libgobject-2.0.so.0.4002.0
7f25a6a0e000-7f25a6c0e000 ---p 0004f000 08:06 530475                     /usr/lib/x86_64-linux-gnu/libgobject-2.0.so.0.4002.0
7f25a6c0e000-7f25a6c0f000 r--p 0004f000 08:06 530475                     /usr/lib/x86_64-linux-gnu/libgobject-2.0.so.0.4002.0
7f25a6c0f000-7f25a6c10000 rw-p 00050000 08:06 530475                     /usr/lib/x86_64-linux-gnu/libgobject-2.0.so.0.4002.0
7f25a6c10000-7f25a6cad000 r-xp 00000000 08:06 539648                     /usr/lib/x86_64-linux-gnu/libfreetype.so.6.11.1
7f25a6cad000-7f25a6eac000 ---p 0009d000 08:06 539648                     /usr/lib/x86_64-linux-gnu/libfreetype.so.6.11.1
7f25a6eac000-7f25a6eb2000 r--p 0009c000 08:06 539648                     /usr/lib/x86_64-linux-gnu/libfreetype.so.6.11.1
7f25a6eb2000-7f25a6eb3000 rw-p 000a2000 08:06 539648                     /usr/lib/x86_64-linux-gnu/libfreetype.so.6.11.1
7f25a6eb3000-7f25a6ecb000 r-xp 00000000 08:06 265703                     /lib/x86_64-linux-gnu/libz.so.1.2.8
7f25a6ecb000-7f25a70ca000 ---p 00018000 08:06 265703                     /lib/x86_64-linux-gnu/libz.so.1.2.8
7f25a70ca000-7f25a70cb000 r--p 00017000 08:06 265703                     /lib/x86_64-linux-gnu/libz.so.1.2.8
7f25a70cb000-7f25a70cc000 rw-p 00018000 08:06 265703                     /lib/x86_64-linux-gnu/libz.so.1.2.8
7f25a70cc000-7f25a70f1000 r-xp 00000000 08:06 265655                     /lib/x86_64-linux-gnu/libpng12.so.0.50.0
7f25a70f1000-7f25a72f0000 ---p 00025000 08:06 265655                     /lib/x86_64-linux-gnu/libpng12.so.0.50.0
7f25a72f0000-7f25a72f1000 r--p 00024000 08:06 265655                     /lib/x86_64-linux-gnu/libpng12.so.0.50.0
7f25a72f1000-7f25a72f2000 rw-p 00025000 08:06 265655                     /lib/x86_64-linux-gnu/libpng12.so.0.50.0
7f25a72f2000-7f25a73f8000 r-xp 00000000 08:06 265571                     /lib/x86_64-linux-gnu/libglib-2.0.so.0.4002.0
7f25a73f8000-7f25a75f7000 ---p 00106000 08:06 265571                     /lib/x86_64-linux-gnu/libglib-2.0.so.0.4002.0
7f25a75f7000-7f25a75f8000 r--p 00105000 08:06 265571                     /lib/x86_64-linux-gnu/libglib-2.0.so.0.4002.0
7f25a75f8000-7f25a75f9000 rw-p 00106000 08:06 265571                     /lib/x86_64-linux-gnu/libglib-2.0.so.0.4002.0
7f25a75f9000-7f25a75fa000 rw-p 00000000 00:00 0 
7f25a75fa000-7f25a7611000 r-xp 00000000 08:06 530166                     /usr/lib/x86_64-linux-gnu/libaudio.so.2.4
7f25a7611000-7f25a7810000 ---p 00017000 08:06 530166                     /usr/lib/x86_64-linux-gnu/libaudio.so.2.4
7f25a7810000-7f25a7811000 r--p 00016000 08:06 530166                     /usr/lib/x86_64-linux-gnu/libaudio.so.2.4
7f25a7811000-7f25a7812000 rw-p 00017000 08:06 530166                     /usr/lib/x86_64-linux-gnu/libaudio.so.2.4
7f25a7812000-7f25a784c000 r-xp 00000000 08:06 530360                     /usr/lib/x86_64-linux-gnu/libfontconfig.so.1.8.0
7f25a784c000-7f25a7a4b000 ---p 0003a000 08:06 530360                     /usr/lib/x86_64-linux-gnu/libfontconfig.so.1.8.0
7f25a7a4b000-7f25a7a4d000 r--p 00039000 08:06 530360                     /usr/lib/x86_64-linux-gnu/libfontconfig.so.1.8.0
7f25a7a4d000-7f25a7a4e000 rw-p 0003b000 08:06 530360                     /usr/lib/x86_64-linux-gnu/libfontconfig.so.1.8.0
7f25a7a4e000-7f25a84b4000 r-xp 00000000 08:06 522879                     /usr/lib/x86_64-linux-gnu/libQtGui.so.4.8.6
7f25a84b4000-7f25a86b4000 ---p 00a66000 08:06 522879                     /usr/lib/x86_64-linux-gnu/libQtGui.so.4.8.6
7f25a86b4000-7f25a86f6000 r--p 00a66000 08:06 522879                     /usr/lib/x86_64-linux-gnu/libQtGui.so.4.8.6
7f25a86f6000-7f25a86fd000 rw-p 00aa8000 08:06 522879                     /usr/lib/x86_64-linux-gnu/libQtGui.so.4.8.6
7f25a86fd000-7f25a8701000 rw-p 00000000 00:00 0 
7f25a8701000-7f25a8704000 r-xp 00000000 08:06 530850                     /usr/lib/x86_64-linux-gnu/libpulse-simple.so.0.0.4
7f25a8704000-7f25a8903000 ---p 00003000 08:06 530850                     /usr/lib/x86_64-linux-gnu/libpulse-simple.so.0.0.4
7f25a8903000-7f25a8904000 r--p 00002000 08:06 530850                     /usr/lib/x86_64-linux-gnu/libpulse-simple.so.0.0.4
7f25a8904000-7f25a8905000 rw-p 00003000 08:06 530850                     /usr/lib/x86_64-linux-gnu/libpulse-simple.so.0.0.4
7f25a898c000-7f25a8c64000 r-xp 00000000 08:06 530043                     /usr/lib/x86_64-linux-gnu/libQtCore.so.4.8.6
7f25a8c64000-7f25a8e64000 ---p 002d8000 08:06 530043                     /usr/lib/x86_64-linux-gnu/libQtCore.so.4.8.6
7f25a8e64000-7f25a8e6f000 r--p 002d8000 08:06 530043                     /usr/lib/x86_64-linux-gnu/libQtCore.so.4.8.6
7f25a8e6f000-7f25a8e70000 rw-p 002e3000 08:06 530043                     /usr/lib/x86_64-linux-gnu/libQtCore.so.4.8.6
7f25a8e70000-7f25a8e71000 rw-p 00000000 00:00 0 
7f25a8e71000-7f25a90d3000 r-xp 00000000 08:06 413116                     /usr/lib/vlc/plugins/gui/libqt4_plugin.so
7f25a90d3000-7f25a92d2000 ---p 00262000 08:06 413116                     /usr/lib/vlc/plugins/gui/libqt4_plugin.so
7f25a92d2000-7f25a92eb000 r--p 00261000 08:06 413116                     /usr/lib/vlc/plugins/gui/libqt4_plugin.so
7f25a92eb000-7f25a92ef000 rw-p 0027a000 08:06 413116                     /usr/lib/vlc/plugins/gui/libqt4_plugin.so
7f25a92ef000-7f25a92f5000 r-xp 00000000 08:06 546092                     /usr/lib/x86_64-linux-gnu/libxcb-xv.so.0.0.0
7f25a92f5000-7f25a94f4000 ---p 00006000 08:06 546092                     /usr/lib/x86_64-linux-gnu/libxcb-xv.so.0.0.0
7f25a94f4000-7f25a94f5000 r--p 00005000 08:06 546092                     /usr/lib/x86_64-linux-gnu/libxcb-xv.so.0.0.0
7f25a94f5000-7f25a94f6000 rw-p 00006000 08:06 546092                     /usr/lib/x86_64-linux-gnu/libxcb-xv.so.0.0.0
7f25a94f6000-7f25a94fd000 r-xp 00000000 08:06 413105                     /usr/lib/vlc/plugins/video_output/libxcb_xv_plugin.so
7f25a94fd000-7f25a96fc000 ---p 00007000 08:06 413105                     /usr/lib/vlc/plugins/video_output/libxcb_xv_plugin.so
7f25a96fc000-7f25a96fd000 r--p 00006000 08:06 413105                     /usr/lib/vlc/plugins/video_output/libxcb_xv_plugin.so
7f25a96fd000-7f25a96fe000 rw-p 00007000 08:06 413105                     /usr/lib/vlc/plugins/video_output/libxcb_xv_plugin.so
7f25a96fe000-7f25a9781000 r-xp 00000000 08:06 526635                     /usr/lib/x86_64-linux-gnu/libdirac_encoder.so.0.1.0
7f25a9781000-7f25a9980000 ---p 00083000 08:06 526635                     /usr/lib/x86_64-linux-gnu/libdirac_encoder.so.0.1.0
7f25a9980000-7f25a9983000 r--p 00082000 08:06 526635                     /usr/lib/x86_64-linux-gnu/libdirac_encoder.so.0.1.0
7f25a9983000-7f25a9984000 rw-p 00085000 08:06 526635                     /usr/lib/x86_64-linux-gnu/libdirac_encoder.so.0.1.0
7f25a9984000-7f25a9985000 rw-p 00000000 00:00 0 
7f25a9988000-7f25a998a000 r-xp 00000000 08:06 531122                     /usr/lib/x86_64-linux-gnu/libxcb-shm.so.0.0.0
7f25a998a000-7f25a9b89000 ---p 00002000 08:06 531122                     /usr/lib/x86_64-linux-gnu/libxcb-shm.so.0.0.0
7f25a9b89000-7f25a9b8a000 r--p 00001000 08:06 531122                     /usr/lib/x86_64-linux-gnu/libxcb-shm.so.0.0.0
7f25a9b8a000-7f25a9b8b000 rw-p 00002000 08:06 531122                     /usr/lib/x86_64-linux-gnu/libxcb-shm.so.0.0.0
7f25a9b8b000-7f25a9b93000 r-xp 00000000 08:06 265602                     /lib/x86_64-linux-gnu/libnih-dbus.so.1.0.0
7f25a9b93000-7f25a9d93000 ---p 00008000 08:06 265602                     /lib/x86_64-linux-gnu/libnih-dbus.so.1.0.0
7f25a9d93000-7f25a9d94000 r--p 00008000 08:06 265602                     /lib/x86_64-linux-gnu/libnih-dbus.so.1.0.0
7f25a9d94000-7f25a9d95000 rw-p 00009000 08:06 265602                     /lib/x86_64-linux-gnu/libnih-dbus.so.1.0.0
7f25a9d95000-7f25a9dac000 r-xp 00000000 08:06 265604                     /lib/x86_64-linux-gnu/libnih.so.1.0.0
7f25a9dac000-7f25a9fab000 ---p 00017000 08:06 265604                     /lib/x86_64-linux-gnu/libnih.so.1.0.0
7f25a9fab000-7f25a9fac000 r--p 00016000 08:06 265604                     /lib/x86_64-linux-gnu/libnih.so.1.0.0
7f25a9fac000-7f25a9fad000 rw-p 00017000 08:06 265604                     /lib/x86_64-linux-gnu/libnih.so.1.0.0
7f25a9fad000-7f25a9fc6000 r-xp 00000000 08:06 265465                     /lib/x86_64-linux-gnu/libcgmanager.so.0.0.0
7f25a9fc6000-7f25aa1c5000 ---p 00019000 08:06 265465                     /lib/x86_64-linux-gnu/libcgmanager.so.0.0.0
7f25aa1c5000-7f25aa1c7000 r--p 00018000 08:06 265465                     /lib/x86_64-linux-gnu/libcgmanager.so.0.0.0
7f25aa1c7000-7f25aa1c8000 rw-p 0001a000 08:06 265465                     /lib/x86_64-linux-gnu/libcgmanager.so.0.0.0
7f25aa1c8000-7f25aa1cc000 r-xp 00000000 08:06 265573                     /lib/x86_64-linux-gnu/libgpg-error.so.0.10.0
7f25aa1cc000-7f25aa3cb000 ---p 00004000 08:06 265573                     /lib/x86_64-linux-gnu/libgpg-error.so.0.10.0
7f25aa3cb000-7f25aa3cc000 r--p 00003000 08:06 265573                     /lib/x86_64-linux-gnu/libgpg-error.so.0.10.0
7f25aa3cc000-7f25aa3cd000 rw-p 00004000 08:06 265573                     /lib/x86_64-linux-gnu/libgpg-error.so.0.10.0
7f25aa3cd000-7f25aa3dd000 r-xp 00000000 08:06 298110                     /lib/x86_64-linux-gnu/libudev.so.1.3.5
7f25aa3dd000-7f25aa5dc000 ---p 00010000 08:06 298110                     /lib/x86_64-linux-gnu/libudev.so.1.3.5
7f25aa5dc000-7f25aa5dd000 r--p 0000f000 08:06 298110                     /lib/x86_64-linux-gnu/libudev.so.1.3.5
7f25aa5dd000-7f25aa5de000 rw-p 00010000 08:06 298110                     /lib/x86_64-linux-gnu/libudev.so.1.3.5
7f25aa5de000-7f25aa65a000 r-xp 00000000 08:06 265547                     /lib/x86_64-linux-gnu/libgcrypt.so.11.8.2
7f25aa65a000-7f25aa85a000 ---p 0007c000 08:06 265547                     /lib/x86_64-linux-gnu/libgcrypt.so.11.8.2
7f25aa85a000-7f25aa85b000 r--p 0007c000 08:06 265547                     /lib/x86_64-linux-gnu/libgcrypt.so.11.8.2
7f25aa85b000-7f25aa85e000 rw-p 0007d000 08:06 265547                     /lib/x86_64-linux-gnu/libgcrypt.so.11.8.2
7f25aa85e000-7f25aa873000 r-xp 00000000 08:06 265694                     /lib/x86_64-linux-gnu/libusb-1.0.so.0.1.0
7f25aa873000-7f25aaa73000 ---p 00015000 08:06 265694                     /lib/x86_64-linux-gnu/libusb-1.0.so.0.1.0
7f25aaa73000-7f25aaa74000 r--p 00015000 08:06 265694                     /lib/x86_64-linux-gnu/libusb-1.0.so.0.1.0
7f25aaa74000-7f25aaa75000 rw-p 00016000 08:06 265694                     /lib/x86_64-linux-gnu/libusb-1.0.so.0.1.0
7f25aaa75000-7f25aaac5000 r-xp 00000000 08:06 530720                     /usr/lib/x86_64-linux-gnu/libmtp.so.9.1.0
7f25aaac5000-7f25aacc4000 ---p 00050000 08:06 530720                     /usr/lib/x86_64-linux-gnu/libmtp.so.9.1.0
7f25aacc4000-7f25aacca000 r--p 0004f000 08:06 530720                     /usr/lib/x86_64-linux-gnu/libmtp.so.9.1.0
7f25aacca000-7f25aacd4000 rw-p 00055000 08:06 530720                     /usr/lib/x86_64-linux-gnu/libmtp.so.9.1.0
7f25aacd4000-7f25aadba000 r-xp 00000000 08:06 524368                     /usr/lib/x86_64-linux-gnu/libstdc++.so.6.0.19
7f25aadba000-7f25aafb9000 ---p 000e6000 08:06 524368                     /usr/lib/x86_64-linux-gnu/libstdc++.so.6.0.19
7f25aafb9000-7f25aafc1000 r--p 000e5000 08:06 524368                     /usr/lib/x86_64-linux-gnu/libstdc++.so.6.0.19
7f25aafc1000-7f25aafc3000 rw-p 000ed000 08:06 524368                     /usr/lib/x86_64-linux-gnu/libstdc++.so.6.0.19
7f25aafc3000-7f25aafd8000 rw-p 00000000 00:00 0 
7f25aafed000-7f25aafef000 r-xp 00000000 08:06 412929                     /usr/lib/vlc/plugins/services_discovery/libmtp_plugin.so
7f25aafef000-7f25ab1ee000 ---p 00002000 08:06 412929                     /usr/lib/vlc/plugins/services_discovery/libmtp_plugin.so
7f25ab1ee000-7f25ab1ef000 r--p 00001000 08:06 412929                     /usr/lib/vlc/plugins/services_discovery/libmtp_plugin.so
7f25ab1ef000-7f25ab1f0000 rw-p 00002000 08:06 412929                     /usr/lib/vlc/plugins/services_discovery/libmtp_plugin.so
7f25ab1f0000-7f25ab2d9000 r-xp 00000000 08:06 530146                     /usr/lib/x86_64-linux-gnu/libasound.so.2.0.0
7f25ab2d9000-7f25ab4d8000 ---p 000e9000 08:06 530146                     /usr/lib/x86_64-linux-gnu/libasound.so.2.0.0
7f25ab4d8000-7f25ab4df000 r--p 000e8000 08:06 530146                     /usr/lib/x86_64-linux-gnu/libasound.so.2.0.0
7f25ab4df000-7f25ab4e0000 rw-p 000ef000 08:06 530146                     /usr/lib/x86_64-linux-gnu/libasound.so.2.0.0
7f25ab4e0000-7f25ab4f7000 r-xp 00000000 08:06 261127                     /lib/x86_64-linux-gnu/libresolv-2.19.so
7f25ab4f7000-7f25ab6f7000 ---p 00017000 08:06 261127                     /lib/x86_64-linux-gnu/libresolv-2.19.so
7f25ab6f7000-7f25ab6f8000 r--p 00017000 08:06 261127                     /lib/x86_64-linux-gnu/libresolv-2.19.so
7f25ab6f8000-7f25ab6f9000 rw-p 00018000 08:06 261127                     /lib/x86_64-linux-gnu/libresolv-2.19.so
7f25ab6f9000-7f25ab6fb000 rw-p 00000000 00:00 0 
7f25ab6fb000-7f25ab702000 r-xp 00000000 08:06 530783                     /usr/lib/x86_64-linux-gnu/libogg.so.0.8.1
7f25ab702000-7f25ab902000 ---p 00007000 08:06 530783                     /usr/lib/x86_64-linux-gnu/libogg.so.0.8.1
7f25ab902000-7f25ab903000 r--p 00007000 08:06 530783                     /usr/lib/x86_64-linux-gnu/libogg.so.0.8.1
7f25ab903000-7f25ab904000 rw-p 00008000 08:06 530783                     /usr/lib/x86_64-linux-gnu/libogg.so.0.8.1
7f25ab904000-7f25ab930000 r-xp 00000000 08:06 531059                     /usr/lib/x86_64-linux-gnu/libvorbis.so.0.4.5
7f25ab930000-7f25abb2f000 ---p 0002c000 08:06 531059                     /usr/lib/x86_64-linux-gnu/libvorbis.so.0.4.5
7f25abb2f000-7f25abb30000 r--p 0002b000 08:06 531059                     /usr/lib/x86_64-linux-gnu/libvorbis.so.0.4.5
7f25abb30000-7f25abb31000 rw-p 0002c000 08:06 531059                     /usr/lib/x86_64-linux-gnu/libvorbis.so.0.4.5
7f25abb31000-7f25abde4000 r-xp 00000000 08:06 531061                     /usr/lib/x86_64-linux-gnu/libvorbisenc.so.2.0.8
7f25abde4000-7f25abfe3000 ---p 002b3000 08:06 531061                     /usr/lib/x86_64-linux-gnu/libvorbisenc.so.2.0.8
7f25abfe3000-7f25abfff000 r--p 002b2000 08:06 531061                     /usr/lib/x86_64-linux-gnu/libvorbisenc.so.2.0.8
7f25abfff000-7f25ac000000 rw-p 002ce000 08:06 531061                     /usr/lib/x86_64-linux-gnu/libvorbisenc.so.2.0.8
7f25ac000000-7f25ac021000 rw-p 00000000 00:00 0 
7f25ac021000-7f25b0000000 ---p 00000000 00:00 0 
7f25b0000000-7f25b0021000 rw-p 00000000 00:00 0 
7f25b0021000-7f25b4000000 ---p 00000000 00:00 0 
7f25b4000000-7f25b4021000 rw-p 00000000 00:00 0 
7f25b4021000-7f25b8000000 ---p 00000000 00:00 0 
7f25b80aa000-7f25b80da000 r-xp 00000000 08:06 529922                     /usr/lib/x86_64-linux-gnu/libFLAC.so.8.3.0
7f25b80da000-7f25b82d9000 ---p 00030000 08:06 529922                     /usr/lib/x86_64-linux-gnu/libFLAC.so.8.3.0
7f25b82d9000-7f25b82da000 r--p 0002f000 08:06 529922                     /usr/lib/x86_64-linux-gnu/libFLAC.so.8.3.0
7f25b82da000-7f25b82db000 rw-p 00030000 08:06 529922                     /usr/lib/x86_64-linux-gnu/libFLAC.so.8.3.0
7f25b82db000-7f25b82e0000 r-xp 00000000 08:06 530154                     /usr/lib/x86_64-linux-gnu/libasyncns.so.0.3.1
7f25b82e0000-7f25b84df000 ---p 00005000 08:06 530154                     /usr/lib/x86_64-linux-gnu/libasyncns.so.0.3.1
7f25b84df000-7f25b84e0000 r--p 00004000 08:06 530154                     /usr/lib/x86_64-linux-gnu/libasyncns.so.0.3.1
7f25b84e0000-7f25b84e1000 rw-p 00005000 08:06 530154                     /usr/lib/x86_64-linux-gnu/libasyncns.so.0.3.1
7f25b84e1000-7f25b8542000 r-xp 00000000 08:06 530940                     /usr/lib/x86_64-linux-gnu/libsndfile.so.1.0.25
7f25b8542000-7f25b8742000 ---p 00061000 08:06 530940                     /usr/lib/x86_64-linux-gnu/libsndfile.so.1.0.25
7f25b8742000-7f25b8744000 r--p 00061000 08:06 530940                     /usr/lib/x86_64-linux-gnu/libsndfile.so.1.0.25
7f25b8744000-7f25b8745000 rw-p 00063000 08:06 530940                     /usr/lib/x86_64-linux-gnu/libsndfile.so.1.0.25
7f25b8745000-7f25b8749000 rw-p 00000000 00:00 0 
7f25b8749000-7f25b8751000 r-xp 00000000 08:06 265700                     /lib/x86_64-linux-gnu/libwrap.so.0.7.6
7f25b8751000-7f25b8950000 ---p 00008000 08:06 265700                     /lib/x86_64-linux-gnu/libwrap.so.0.7.6
7f25b8950000-7f25b8951000 r--p 00007000 08:06 265700                     /lib/x86_64-linux-gnu/libwrap.so.0.7.6
7f25b8951000-7f25b8952000 rw-p 00008000 08:06 265700                     /lib/x86_64-linux-gnu/libwrap.so.0.7.6
7f25b8952000-7f25b8953000 rw-p 00000000 00:00 0 
7f25b8953000-7f25b89b9000 r-xp 00000000 08:06 783969                     /usr/lib/x86_64-linux-gnu/pulseaudio/libpulsecommon-4.0.so
7f25b89b9000-7f25b8bb8000 ---p 00066000 08:06 783969                     /usr/lib/x86_64-linux-gnu/pulseaudio/libpulsecommon-4.0.so
7f25b8bb8000-7f25b8bb9000 r--p 00065000 08:06 783969                     /usr/lib/x86_64-linux-gnu/pulseaudio/libpulsecommon-4.0.so
7f25b8bb9000-7f25b8bba000 rw-p 00066000 08:06 783969                     /usr/lib/x86_64-linux-gnu/pulseaudio/libpulsecommon-4.0.so
7f25b8bba000-7f25b8bc4000 r-xp 00000000 08:06 265580                     /lib/x86_64-linux-gnu/libjson-c.so.2.0.0
7f25b8bc4000-7f25b8dc3000 ---p 0000a000 08:06 265580                     /lib/x86_64-linux-gnu/libjson-c.so.2.0.0
7f25b8dc3000-7f25b8dc4000 r--p 00009000 08:06 265580                     /lib/x86_64-linux-gnu/libjson-c.so.2.0.0
7f25b8dc4000-7f25b8dc5000 rw-p 0000a000 08:06 265580                     /lib/x86_64-linux-gnu/libjson-c.so.2.0.0
7f25b8dc5000-7f25b8e0c000 r-xp 00000000 08:06 530852                     /usr/lib/x86_64-linux-gnu/libpulse.so.0.16.2
7f25b8e0c000-7f25b900c000 ---p 00047000 08:06 530852                     /usr/lib/x86_64-linux-gnu/libpulse.so.0.16.2
7f25b900c000-7f25b900d000 r--p 00047000 08:06 530852                     /usr/lib/x86_64-linux-gnu/libpulse.so.0.16.2
7f25b900d000-7f25b900e000 rw-p 00048000 08:06 530852                     /usr/lib/x86_64-linux-gnu/libpulse.so.0.16.2
7f25b900f000-7f25b9014000 r-xp 00000000 08:06 412892                     /usr/lib/vlc/plugins/audio_output/libalsa_plugin.so
7f25b9014000-7f25b9213000 ---p 00005000 08:06 412892                     /usr/lib/vlc/plugins/audio_output/libalsa_plugin.so
7f25b9213000-7f25b9214000 r--p 00004000 08:06 412892                     /usr/lib/vlc/plugins/audio_output/libalsa_plugin.so
7f25b9214000-7f25b9215000 rw-p 00005000 08:06 412892                     /usr/lib/vlc/plugins/audio_output/libalsa_plugin.so
7f25b9215000-7f25b9259000 r-xp 00000000 08:06 265554                     /lib/x86_64-linux-gnu/libdbus-1.so.3.7.6
7f25b9259000-7f25b9458000 ---p 00044000 08:06 265554                     /lib/x86_64-linux-gnu/libdbus-1.so.3.7.6
7f25b9458000-7f25b9459000 r--p 00043000 08:06 265554                     /lib/x86_64-linux-gnu/libdbus-1.so.3.7.6
7f25b9459000-7f25b945a000 rw-p 00044000 08:06 265554                     /lib/x86_64-linux-gnu/libdbus-1.so.3.7.6
7f25b945a000-7f25b948b000 r-xp 00000000 08:06 530638                     /usr/lib/x86_64-linux-gnu/libidn.so.11.6.11
7f25b948b000-7f25b968b000 ---p 00031000 08:06 530638                     /usr/lib/x86_64-linux-gnu/libidn.so.11.6.11
7f25b968b000-7f25b968c000 r--p 00031000 08:06 530638                     /usr/lib/x86_64-linux-gnu/libidn.so.11.6.11
7f25b968c000-7f25b968d000 rw-p 00032000 08:06 530638                     /usr/lib/x86_64-linux-gnu/libidn.so.11.6.11
7f25b968d000-7f25b976b000 r-xp 00000000 08:06 412641                     /usr/lib/libvlccore.so.7.0.0
7f25b976b000-7f25b996b000 ---p 000de000 08:06 412641                     /usr/lib/libvlccore.so.7.0.0
7f25b996b000-7f25b996e000 r--p 000de000 08:06 412641                     /usr/lib/libvlccore.so.7.0.0
7f25b996e000-7f25b996f000 rw-p 000e1000 08:06 412641                     /usr/lib/libvlccore.so.7.0.0
7f25b996f000-7f25b9989000 r-xp 00000000 08:06 412644                     /usr/lib/libvlc.so.5.4.0
7f25b9989000-7f25b9b88000 ---p 0001a000 08:06 412644                     /usr/lib/libvlc.so.5.4.0
7f25b9b88000-7f25b9b89000 r--p 00019000 08:06 412644                     /usr/lib/libvlc.so.5.4.0
7f25b9b89000-7f25b9b8a000 rw-p 0001a000 08:06 412644                     /usr/lib/libvlc.so.5.4.0
7f25b9b8a000-7f25b9b8b000 r-xp 00000000 08:06 414495                     /usr/lib/jvm/java-8-oracle/jre/lib/amd64/libjawt.so
7f25b9b8b000-7f25b9d8a000 ---p 00001000 08:06 414495                     /usr/lib/jvm/java-8-oracle/jre/lib/amd64/libjawt.so
7f25b9d8a000-7f25b9d8b000 rw-p 00000000 08:06 414495                     /usr/lib/jvm/java-8-oracle/jre/lib/amd64/libjawt.so
7f25b9d8b000-7f25b9d8e000 ---p 00000000 00:00 0 
7f25b9d8e000-7f25b9e8c000 rw-p 00000000 00:00 0                          [stack:13679]
7f25b9e8c000-7f25b9e91000 r-xp 00000000 08:06 522501                     /usr/lib/x86_64-linux-gnu/libXfixes.so.3.1.0
7f25b9e91000-7f25ba090000 ---p 00005000 08:06 522501                     /usr/lib/x86_64-linux-gnu/libXfixes.so.3.1.0
7f25ba090000-7f25ba091000 r--p 00004000 08:06 522501                     /usr/lib/x86_64-linux-gnu/libXfixes.so.3.1.0
7f25ba091000-7f25ba092000 rw-p 00005000 08:06 522501                     /usr/lib/x86_64-linux-gnu/libXfixes.so.3.1.0
7f25ba092000-7f25ba09b000 r-xp 00000000 08:06 530071                     /usr/lib/x86_64-linux-gnu/libXcursor.so.1.0.2
7f25ba09b000-7f25ba29a000 ---p 00009000 08:06 530071                     /usr/lib/x86_64-linux-gnu/libXcursor.so.1.0.2
7f25ba29a000-7f25ba29b000 r--p 00008000 08:06 530071                     /usr/lib/x86_64-linux-gnu/libXcursor.so.1.0.2
7f25ba29b000-7f25ba29c000 rw-p 00009000 08:06 530071                     /usr/lib/x86_64-linux-gnu/libXcursor.so.1.0.2
7f25ba29c000-7f25ba29f000 ---p 00000000 00:00 0 
7f25ba29f000-7f25ba39d000 rw-p 00000000 00:00 0                          [stack:13678]
7f25ba39d000-7f25ba3b3000 r-xp 00000000 08:06 265567                     /lib/x86_64-linux-gnu/libgcc_s.so.1
7f25ba3b3000-7f25ba5b2000 ---p 00016000 08:06 265567                     /lib/x86_64-linux-gnu/libgcc_s.so.1
7f25ba5b2000-7f25ba5b3000 rw-p 00015000 08:06 265567                     /lib/x86_64-linux-gnu/libgcc_s.so.1
7f25ba5b3000-7f25ba618000 r-xp 00000000 08:06 414526                     /usr/lib/jvm/java-8-oracle/jre/lib/amd64/libfontmanager.so
7f25ba618000-7f25ba818000 ---p 00065000 08:06 414526                     /usr/lib/jvm/java-8-oracle/jre/lib/amd64/libfontmanager.so
7f25ba818000-7f25ba81c000 rw-p 00065000 08:06 414526                     /usr/lib/jvm/java-8-oracle/jre/lib/amd64/libfontmanager.so
7f25ba81c000-7f25ba82d000 rw-p 00000000 00:00 0 
7f25ba82d000-7f25ba844000 r-xp 00000000 08:06 13625                      /tmp/jna-3268048/jna1674126967548610451.tmp (deleted)
7f25ba844000-7f25ba943000 ---p 00017000 08:06 13625                      /tmp/jna-3268048/jna1674126967548610451.tmp (deleted)
7f25ba943000-7f25ba945000 rw-p 00016000 08:06 13625                      /tmp/jna-3268048/jna1674126967548610451.tmp (deleted)
7f25ba945000-7f25ba94a000 r-xp 00000000 08:06 530075                     /usr/lib/x86_64-linux-gnu/libXdmcp.so.6.0.0
7f25ba94a000-7f25bab49000 ---p 00005000 08:06 530075                     /usr/lib/x86_64-linux-gnu/libXdmcp.so.6.0.0
7f25bab49000-7f25bab4a000 r--p 00004000 08:06 530075                     /usr/lib/x86_64-linux-gnu/libXdmcp.so.6.0.0
7f25bab4a000-7f25bab4b000 rw-p 00005000 08:06 530075                     /usr/lib/x86_64-linux-gnu/libXdmcp.so.6.0.0
7f25bab4b000-7f25bab4d000 r-xp 00000000 08:06 530064                     /usr/lib/x86_64-linux-gnu/libXau.so.6.0.0
7f25bab4d000-7f25bad4d000 ---p 00002000 08:06 530064                     /usr/lib/x86_64-linux-gnu/libXau.so.6.0.0
7f25bad4d000-7f25bad4e000 r--p 00002000 08:06 530064                     /usr/lib/x86_64-linux-gnu/libXau.so.6.0.0
7f25bad4e000-7f25bad4f000 rw-p 00003000 08:06 530064                     /usr/lib/x86_64-linux-gnu/libXau.so.6.0.0
7f25bad4f000-7f25bad6c000 r-xp 00000000 08:06 531132                     /usr/lib/x86_64-linux-gnu/libxcb.so.1.1.0
7f25bad6c000-7f25baf6c000 ---p 0001d000 08:06 531132                     /usr/lib/x86_64-linux-gnu/libxcb.so.1.1.0
7f25baf6c000-7f25baf6d000 r--p 0001d000 08:06 531132                     /usr/lib/x86_64-linux-gnu/libxcb.so.1.1.0
7f25baf6d000-7f25baf6e000 rw-p 0001e000 08:06 531132                     /usr/lib/x86_64-linux-gnu/libxcb.so.1.1.0
7f25baf6e000-7f25baf7d000 r-xp 00000000 08:06 522608                     /usr/lib/x86_64-linux-gnu/libXi.so.6.1.0
7f25baf7d000-7f25bb17c000 ---p 0000f000 08:06 522608                     /usr/lib/x86_64-linux-gnu/libXi.so.6.1.0
7f25bb17c000-7f25bb17d000 r--p 0000e000 08:06 522608                     /usr/lib/x86_64-linux-gnu/libXi.so.6.1.0
7f25bb17d000-7f25bb17e000 rw-p 0000f000 08:06 522608                     /usr/lib/x86_64-linux-gnu/libXi.so.6.1.0
7f25bb17e000-7f25bb183000 r-xp 00000000 08:06 530105                     /usr/lib/x86_64-linux-gnu/libXtst.so.6.1.0
7f25bb183000-7f25bb382000 ---p 00005000 08:06 530105                     /usr/lib/x86_64-linux-gnu/libXtst.so.6.1.0
7f25bb382000-7f25bb383000 r--p 00004000 08:06 530105                     /usr/lib/x86_64-linux-gnu/libXtst.so.6.1.0
7f25bb383000-7f25bb384000 rw-p 00005000 08:06 530105                     /usr/lib/x86_64-linux-gnu/libXtst.so.6.1.0
7f25bb384000-7f25bb38d000 r-xp 00000000 08:06 522612                     /usr/lib/x86_64-linux-gnu/libXrender.so.1.3.0
7f25bb38d000-7f25bb58c000 ---p 00009000 08:06 522612                     /usr/lib/x86_64-linux-gnu/libXrender.so.1.3.0
7f25bb58c000-7f25bb58d000 r--p 00008000 08:06 522612                     /usr/lib/x86_64-linux-gnu/libXrender.so.1.3.0
7f25bb58d000-7f25bb58e000 rw-p 00009000 08:06 522612                     /usr/lib/x86_64-linux-gnu/libXrender.so.1.3.0
7f25bb58e000-7f25bb6be000 r-xp 00000000 08:06 530060                     /usr/lib/x86_64-linux-gnu/libX11.so.6.3.0
7f25bb6be000-7f25bb8be000 ---p 00130000 08:06 530060                     /usr/lib/x86_64-linux-gnu/libX11.so.6.3.0
7f25bb8be000-7f25bb8bf000 r--p 00130000 08:06 530060                     /usr/lib/x86_64-linux-gnu/libX11.so.6.3.0
7f25bb8bf000-7f25bb8c3000 rw-p 00131000 08:06 530060                     /usr/lib/x86_64-linux-gnu/libX11.so.6.3.0
7f25bb8c3000-7f25bb8d4000 r-xp 00000000 08:06 522564                     /usr/lib/x86_64-linux-gnu/libXext.so.6.4.0
7f25bb8d4000-7f25bbad3000 ---p 00011000 08:06 522564                     /usr/lib/x86_64-linux-gnu/libXext.so.6.4.0
7f25bbad3000-7f25bbad4000 r--p 00010000 08:06 522564                     /usr/lib/x86_64-linux-gnu/libXext.so.6.4.0
7f25bbad4000-7f25bbad5000 rw-p 00011000 08:06 522564                     /usr/lib/x86_64-linux-gnu/libXext.so.6.4.0
7f25bbad5000-7f25bbb29000 r-xp 00000000 08:06 414472                     /usr/lib/jvm/java-8-oracle/jre/lib/amd64/libawt_xawt.so
7f25bbb29000-7f25bbd29000 ---p 00054000 08:06 414472                     /usr/lib/jvm/java-8-oracle/jre/lib/amd64/libawt_xawt.so
7f25bbd29000-7f25bbd2d000 rw-p 00054000 08:06 414472                     /usr/lib/jvm/java-8-oracle/jre/lib/amd64/libawt_xawt.so
7f25bbd2d000-7f25bbd2e000 rw-p 00000000 00:00 0 
7f25bbd2e000-7f25bbdd0000 r-xp 00000000 08:06 414471                     /usr/lib/jvm/java-8-oracle/jre/lib/amd64/libawt.so
7f25bbdd0000-7f25bbfd0000 ---p 000a2000 08:06 414471                     /usr/lib/jvm/java-8-oracle/jre/lib/amd64/libawt.so
7f25bbfd0000-7f25bbfdc000 rw-p 000a2000 08:06 414471                     /usr/lib/jvm/java-8-oracle/jre/lib/amd64/libawt.so
7f25bbfdc000-7f25bc000000 rw-p 00000000 00:00 0 
7f25bc000000-7f25bc021000 rw-p 00000000 00:00 0 
7f25bc021000-7f25c0000000 ---p 00000000 00:00 0 
7f25c0000000-7f25c0021000 rw-p 00000000 00:00 0 
7f25c0021000-7f25c4000000 ---p 00000000 00:00 0 
7f25c4000000-7f25c41b7000 rw-p 00000000 00:00 0 
7f25c41b7000-7f25c8000000 ---p 00000000 00:00 0 
7f25c8000000-7f25c82b0000 rw-p 00000000 00:00 0 
7f25c82b0000-7f25cc000000 ---p 00000000 00:00 0 
7f25cc000000-7f25cc021000 rw-p 00000000 00:00 0 
7f25cc021000-7f25d0000000 ---p 00000000 00:00 0 
7f25d0000000-7f25d01f0000 rw-p 00000000 00:00 0 
7f25d01f0000-7f25d4000000 ---p 00000000 00:00 0 
7f25d4000000-7f25d4021000 rw-p 00000000 00:00 0 
7f25d4021000-7f25d8000000 ---p 00000000 00:00 0 
7f25d8000000-7f25d8021000 rw-p 00000000 00:00 0 
7f25d8021000-7f25dc000000 ---p 00000000 00:00 0 
7f25dc000000-7f25dc021000 rw-p 00000000 00:00 0 
7f25dc021000-7f25e0000000 ---p 00000000 00:00 0 
7f25e0000000-7f25e0021000 rw-p 00000000 00:00 0 
7f25e0021000-7f25e4000000 ---p 00000000 00:00 0 
7f25e40bc000-7f25e40bd000 ---p 00000000 00:00 0 
7f25e40bd000-7f25e41bd000 rw-p 00000000 00:00 0                          [stack:13675]
7f25e41bd000-7f25e41c0000 ---p 00000000 00:00 0 
7f25e41c0000-7f25e42be000 rw-p 00000000 00:00 0                          [stack:13674]
7f25e42be000-7f25e42c1000 ---p 00000000 00:00 0 
7f25e42c1000-7f25e43bf000 rw-p 00000000 00:00 0                          [stack:13673]
7f25e43bf000-7f25e43c2000 ---p 00000000 00:00 0 
7f25e43c2000-7f25e44c0000 rw-p 00000000 00:00 0                          [stack:13672]
7f25e44c0000-7f25e44c3000 ---p 00000000 00:00 0 
7f25e44c3000-7f25e45c1000 rw-p 00000000 00:00 0                          [stack:13671]
7f25e45c1000-7f25e45c4000 ---p 00000000 00:00 0 
7f25e45c4000-7f25e46c2000 rw-p 00000000 00:00 0                          [stack:13670]
7f25e46c2000-7f25e4de5000 r--p 00000000 08:06 397847                     /usr/lib/locale/locale-archive
7f25e4de5000-7f25e4de8000 ---p 00000000 00:00 0 
7f25e4de8000-7f25e4ee6000 rw-p 00000000 00:00 0                          [stack:13669]
7f25e4ee6000-7f25e4ee9000 ---p 00000000 00:00 0 
7f25e4ee9000-7f25e4fe7000 rw-p 00000000 00:00 0                          [stack:13668]
7f25e4fe7000-7f25e4fe8000 ---p 00000000 00:00 0 
7f25e4fe8000-7f25e5ff7000 rw-p 00000000 00:00 0                          [stack:13667]
7f25e5ff7000-7f25e61d0000 r--s 03d20000 08:06 414457                     /usr/lib/jvm/java-8-oracle/jre/lib/rt.jar
7f25e61d0000-7f25e8000000 rw-p 00000000 00:00 0 
7f25e8000000-7f25e8021000 rw-p 00000000 00:00 0 
7f25e8021000-7f25ec000000 ---p 00000000 00:00 0 
7f25ec000000-7f25ec021000 rw-p 00000000 00:00 0 
7f25ec021000-7f25f0000000 ---p 00000000 00:00 0 
7f25f0000000-7f25f0021000 rw-p 00000000 00:00 0 
7f25f0021000-7f25f4000000 ---p 00000000 00:00 0 
7f25f400b000-7f25f400e000 ---p 00000000 00:00 0 
7f25f400e000-7f25f4044000 rw-p 00000000 00:00 0                          [stack:13677]
7f25f4044000-7f25f4053000 r--s 00115000 08:07 2097400                    /home/jony/.m2/repository/net/java/dev/jna/platform/3.5.2/platform-3.5.2.jar
7f25f4053000-7f25f4aba000 rw-p 00000000 00:00 0 
7f25f4aba000-7f25f4abb000 ---p 00000000 00:00 0 
7f25f4abb000-7f25f4bbb000 rw-p 00000000 00:00 0                          [stack:13666]
7f25f4bbb000-7f25f4bbc000 ---p 00000000 00:00 0 
7f25f4bbc000-7f25f4cbc000 rw-p 00000000 00:00 0                          [stack:13665]
7f25f4cbc000-7f25f4cbd000 ---p 00000000 00:00 0 
7f25f4cbd000-7f25f4dbd000 rw-p 00000000 00:00 0                          [stack:13664]
7f25f4dbd000-7f25f4dbe000 ---p 00000000 00:00 0 
7f25f4dbe000-7f25f4ed3000 rw-p 00000000 00:00 0                          [stack:13663]
7f25f4ed3000-7f25f5000000 ---p 00000000 00:00 0 
7f25f5000000-7f25f52b0000 rwxp 00000000 00:00 0 
7f25f52b0000-7f2604000000 ---p 00000000 00:00 0 
7f2604000000-7f26044e1000 rw-p 00000000 00:00 0 
7f26044e1000-7f2608000000 ---p 00000000 00:00 0 
7f2608004000-7f2608009000 r--s 00096000 08:06 414462                     /usr/lib/jvm/java-8-oracle/jre/lib/jsse.jar
7f2608009000-7f2608015000 r--s 00057000 08:07 2097396                    /home/jony/.m2/repository/uk/co/caprica/vlcj/3.9.0/vlcj-3.9.0.jar
7f2608015000-7f26080c1000 rw-p 00000000 00:00 0 
7f26080c1000-7f26081ee000 ---p 00000000 00:00 0 
7f26081ee000-7f26081f9000 rw-p 00000000 00:00 0 
7f26081f9000-7f260828f000 ---p 00000000 00:00 0 
7f260828f000-7f260829b000 rw-p 00000000 00:00 0 
7f260829b000-7f2608650000 ---p 00000000 00:00 0 
7f2608650000-7f260866a000 r-xp 00000000 08:06 414518                     /usr/lib/jvm/java-8-oracle/jre/lib/amd64/libzip.so
7f260866a000-7f260886a000 ---p 0001a000 08:06 414518                     /usr/lib/jvm/java-8-oracle/jre/lib/amd64/libzip.so
7f260886a000-7f260886b000 rw-p 0001a000 08:06 414518                     /usr/lib/jvm/java-8-oracle/jre/lib/amd64/libzip.so
7f260886b000-7f2608876000 r-xp 00000000 08:06 261141                     /lib/x86_64-linux-gnu/libnss_files-2.19.so
7f2608876000-7f2608a75000 ---p 0000b000 08:06 261141                     /lib/x86_64-linux-gnu/libnss_files-2.19.so
7f2608a75000-7f2608a76000 r--p 0000a000 08:06 261141                     /lib/x86_64-linux-gnu/libnss_files-2.19.so
7f2608a76000-7f2608a77000 rw-p 0000b000 08:06 261141                     /lib/x86_64-linux-gnu/libnss_files-2.19.so
7f2608a77000-7f2608a82000 r-xp 00000000 08:06 265432                     /lib/x86_64-linux-gnu/libnss_nis-2.19.so
7f2608a82000-7f2608c81000 ---p 0000b000 08:06 265432                     /lib/x86_64-linux-gnu/libnss_nis-2.19.so
7f2608c81000-7f2608c82000 r--p 0000a000 08:06 265432                     /lib/x86_64-linux-gnu/libnss_nis-2.19.so
7f2608c82000-7f2608c83000 rw-p 0000b000 08:06 265432                     /lib/x86_64-linux-gnu/libnss_nis-2.19.so
7f2608c83000-7f2608c9a000 r-xp 00000000 08:06 261216                     /lib/x86_64-linux-gnu/libnsl-2.19.so
7f2608c9a000-7f2608e99000 ---p 00017000 08:06 261216                     /lib/x86_64-linux-gnu/libnsl-2.19.so
7f2608e99000-7f2608e9a000 r--p 00016000 08:06 261216                     /lib/x86_64-linux-gnu/libnsl-2.19.so
7f2608e9a000-7f2608e9b000 rw-p 00017000 08:06 261216                     /lib/x86_64-linux-gnu/libnsl-2.19.so
7f2608e9b000-7f2608e9d000 rw-p 00000000 00:00 0 
7f2608e9d000-7f2608ea6000 r-xp 00000000 08:06 261215                     /lib/x86_64-linux-gnu/libnss_compat-2.19.so
7f2608ea6000-7f26090a5000 ---p 00009000 08:06 261215                     /lib/x86_64-linux-gnu/libnss_compat-2.19.so
7f26090a5000-7f26090a6000 r--p 00008000 08:06 261215                     /lib/x86_64-linux-gnu/libnss_compat-2.19.so
7f26090a6000-7f26090a7000 rw-p 00009000 08:06 261215                     /lib/x86_64-linux-gnu/libnss_compat-2.19.so
7f26090a7000-7f26090d1000 r-xp 00000000 08:06 414479                     /usr/lib/jvm/java-8-oracle/jre/lib/amd64/libjava.so
7f26090d1000-7f26092d1000 ---p 0002a000 08:06 414479                     /usr/lib/jvm/java-8-oracle/jre/lib/amd64/libjava.so
7f26092d1000-7f26092d3000 rw-p 0002a000 08:06 414479                     /usr/lib/jvm/java-8-oracle/jre/lib/amd64/libjava.so
7f26092d3000-7f26092e0000 r-xp 00000000 08:06 414470                     /usr/lib/jvm/java-8-oracle/jre/lib/amd64/libverify.so
7f26092e0000-7f26094e0000 ---p 0000d000 08:06 414470                     /usr/lib/jvm/java-8-oracle/jre/lib/amd64/libverify.so
7f26094e0000-7f26094e2000 rw-p 0000d000 08:06 414470                     /usr/lib/jvm/java-8-oracle/jre/lib/amd64/libverify.so
7f26094e2000-7f26094e9000 r-xp 00000000 08:06 261224                     /lib/x86_64-linux-gnu/librt-2.19.so
7f26094e9000-7f26096e8000 ---p 00007000 08:06 261224                     /lib/x86_64-linux-gnu/librt-2.19.so
7f26096e8000-7f26096e9000 r--p 00006000 08:06 261224                     /lib/x86_64-linux-gnu/librt-2.19.so
7f26096e9000-7f26096ea000 rw-p 00007000 08:06 261224                     /lib/x86_64-linux-gnu/librt-2.19.so
7f26096ea000-7f26097ef000 r-xp 00000000 08:06 261137                     /lib/x86_64-linux-gnu/libm-2.19.so
7f26097ef000-7f26099ee000 ---p 00105000 08:06 261137                     /lib/x86_64-linux-gnu/libm-2.19.so
7f26099ee000-7f26099ef000 r--p 00104000 08:06 261137                     /lib/x86_64-linux-gnu/libm-2.19.so
7f26099ef000-7f26099f0000 rw-p 00105000 08:06 261137                     /lib/x86_64-linux-gnu/libm-2.19.so
7f26099f0000-7f260a6ae000 r-xp 00000000 08:06 414502                     /usr/lib/jvm/java-8-oracle/jre/lib/amd64/server/libjvm.so
7f260a6ae000-7f260a8ad000 ---p 00cbe000 08:06 414502                     /usr/lib/jvm/java-8-oracle/jre/lib/amd64/server/libjvm.so
7f260a8ad000-7f260a986000 rw-p 00cbd000 08:06 414502                     /usr/lib/jvm/java-8-oracle/jre/lib/amd64/server/libjvm.so
7f260a986000-7f260a9ca000 rw-p 00000000 00:00 0 
7f260a9ca000-7f260ab85000 r-xp 00000000 08:06 261221                     /lib/x86_64-linux-gnu/libc-2.19.so
7f260ab85000-7f260ad84000 ---p 001bb000 08:06 261221                     /lib/x86_64-linux-gnu/libc-2.19.so
7f260ad84000-7f260ad88000 r--p 001ba000 08:06 261221                     /lib/x86_64-linux-gnu/libc-2.19.so
7f260ad88000-7f260ad8a000 rw-p 001be000 08:06 261221                     /lib/x86_64-linux-gnu/libc-2.19.so
7f260ad8a000-7f260ad8f000 rw-p 00000000 00:00 0 
7f260ad8f000-7f260ad92000 r-xp 00000000 08:06 261152                     /lib/x86_64-linux-gnu/libdl-2.19.so
7f260ad92000-7f260af91000 ---p 00003000 08:06 261152                     /lib/x86_64-linux-gnu/libdl-2.19.so
7f260af91000-7f260af92000 r--p 00002000 08:06 261152                     /lib/x86_64-linux-gnu/libdl-2.19.so
7f260af92000-7f260af93000 rw-p 00003000 08:06 261152                     /lib/x86_64-linux-gnu/libdl-2.19.so
7f260af93000-7f260afa8000 r-xp 00000000 08:06 413769                     /usr/lib/jvm/java-8-oracle/lib/amd64/jli/libjli.so
7f260afa8000-7f260b1a8000 ---p 00015000 08:06 413769                     /usr/lib/jvm/java-8-oracle/lib/amd64/jli/libjli.so
7f260b1a8000-7f260b1a9000 rw-p 00015000 08:06 413769                     /usr/lib/jvm/java-8-oracle/lib/amd64/jli/libjli.so
7f260b1a9000-7f260b1c2000 r-xp 00000000 08:06 261222                     /lib/x86_64-linux-gnu/libpthread-2.19.so
7f260b1c2000-7f260b3c1000 ---p 00019000 08:06 261222                     /lib/x86_64-linux-gnu/libpthread-2.19.so
7f260b3c1000-7f260b3c2000 r--p 00018000 08:06 261222                     /lib/x86_64-linux-gnu/libpthread-2.19.so
7f260b3c2000-7f260b3c3000 rw-p 00019000 08:06 261222                     /lib/x86_64-linux-gnu/libpthread-2.19.so
7f260b3c3000-7f260b3c7000 rw-p 00000000 00:00 0 
7f260b3c7000-7f260b3ea000 r-xp 00000000 08:06 261218                     /lib/x86_64-linux-gnu/ld-2.19.so
7f260b3eb000-7f260b3ef000 r--s 00112000 08:07 2359896                    /home/jony/.m2/repository/net/java/dev/jna/jna/4.2.1/jna-4.2.1.jar
7f260b3ef000-7f260b4c1000 rw-p 00000000 00:00 0 
7f260b4c1000-7f260b4c4000 ---p 00000000 00:00 0 
7f260b4c4000-7f260b5c6000 rw-p 00000000 00:00 0                          [stack:13662]
7f260b5c7000-7f260b5c8000 rwxp 00000000 00:00 0 
7f260b5c8000-7f260b5c9000 r--s 00002000 08:07 1322282                    /home/jony/.m2/repository/org/slf4j/slf4j-simple/1.7.12/slf4j-simple-1.7.12.jar
7f260b5c9000-7f260b5ca000 r--s 00007000 08:07 8522705                    /home/jony/.m2/repository/org/slf4j/slf4j-api/1.7.10/slf4j-api-1.7.10.jar
7f260b5ca000-7f260b5dd000 rw-p 00000000 00:00 0 
7f260b5dd000-7f260b5e5000 rw-s 00000000 08:06 522641                     /tmp/hsperfdata_jony/13656
7f260b5e5000-7f260b5e6000 rw-p 00000000 00:00 0 
7f260b5e6000-7f260b5e7000 r--p 00000000 00:00 0 
7f260b5e7000-7f260b5e9000 rw-p 00000000 00:00 0 
7f260b5e9000-7f260b5ea000 r--p 00022000 08:06 261218                     /lib/x86_64-linux-gnu/ld-2.19.so
7f260b5ea000-7f260b5eb000 rw-p 00023000 08:06 261218                     /lib/x86_64-linux-gnu/ld-2.19.so
7f260b5eb000-7f260b5ec000 rw-p 00000000 00:00 0 
7fff51a36000-7fff51a57000 rw-p 00000000 00:00 0                          [stack]
7fff51bef000-7fff51bf1000 r-xp 00000000 00:00 0                          [vdso]
7fff51bf1000-7fff51bf3000 r--p 00000000 00:00 0                          [vvar]
ffffffffff600000-ffffffffff601000 r-xp 00000000 00:00 0                  [vsyscall]

VM Arguments:
jvm_args: -Dfile.encoding=UTF-8 
java_command: com.movieCart.MainFrame
java_class_path (initial): /home/jony/Dropbox/Eclipse Workspace/movieCart/target/classes:/home/jony/.m2/repository/uk/co/caprica/vlcj/3.9.0/vlcj-3.9.0.jar:/home/jony/.m2/repository/org/slf4j/slf4j-api/1.7.10/slf4j-api-1.7.10.jar:/home/jony/.m2/repository/net/java/dev/jna/platform/3.5.2/platform-3.5.2.jar:/home/jony/.m2/repository/net/java/dev/jna/jna/4.2.1/jna-4.2.1.jar:/home/jony/.m2/repository/org/slf4j/slf4j-simple/1.7.12/slf4j-simple-1.7.12.jar
Launcher Type: SUN_STANDARD

Environment Variables:
JAVA_HOME=/usr/lib/jvm/java-8-oracle
PATH=/home/jony/sys161/bin:/home/jony/sys161/tools/bin:/home/jony/bin:/usr/local/sbin:/usr/local/bin:/usr/sbin:/usr/bin:/sbin:/bin:/usr/games:/usr/local/games:/usr/lib/jvm/java-8-oracle/bin:/usr/lib/jvm/java-8-oracle/db/bin:/usr/lib/jvm/java-8-oracle/jre/bin
SHELL=/bin/bash
DISPLAY=:0.0

Signal Handlers:
SIGSEGV: [libjvm.so+0xaba2a0], sa_mask[0]=11111111011111111101111111111110, sa_flags=SA_RESTART|SA_SIGINFO
SIGBUS: [libjvm.so+0xaba2a0], sa_mask[0]=11111111011111111101111111111110, sa_flags=SA_RESTART|SA_SIGINFO
SIGFPE: [libjvm.so+0x917710], sa_mask[0]=11111111011111111101111111111110, sa_flags=SA_RESTART|SA_SIGINFO
SIGPIPE: [libjvm.so+0x917710], sa_mask[0]=11111111011111111101111111111110, sa_flags=SA_RESTART|SA_SIGINFO
SIGXFSZ: [libjvm.so+0x917710], sa_mask[0]=11111111011111111101111111111110, sa_flags=SA_RESTART|SA_SIGINFO
SIGILL: [libjvm.so+0x917710], sa_mask[0]=11111111011111111101111111111110, sa_flags=SA_RESTART|SA_SIGINFO
SIGUSR1: SIG_DFL, sa_mask[0]=00000000000000000000000000000000, sa_flags=none
SIGUSR2: [libjvm.so+0x918d40], sa_mask[0]=00100000000000000000000000000000, sa_flags=SA_RESTART|SA_SIGINFO
SIGHUP: [libjvm.so+0x91a140], sa_mask[0]=11111111011111111101111111111110, sa_flags=SA_RESTART|SA_SIGINFO
SIGINT: [libjvm.so+0x91a140], sa_mask[0]=11111111011111111101111111111110, sa_flags=SA_RESTART|SA_SIGINFO
SIGTERM: [libjvm.so+0x91a140], sa_mask[0]=11111111011111111101111111111110, sa_flags=SA_RESTART|SA_SIGINFO
SIGQUIT: [libjvm.so+0x91a140], sa_mask[0]=11111111011111111101111111111110, sa_flags=SA_RESTART|SA_SIGINFO


---------------  S Y S T E M  ---------------

OS:DISTRIB_ID=Ubuntu
DISTRIB_RELEASE=14.04
DISTRIB_CODENAME=trusty
DISTRIB_DESCRIPTION="Ubuntu 14.04.3 LTS"

uname:Linux 3.16.0-51-generic #69~14.04.1-Ubuntu SMP Wed Oct 7 15:32:41 UTC 2015 x86_64
libc:glibc 2.19 NPTL 2.19 
rlimit: STACK 8192k, CORE 0k, NPROC 15360, NOFILE 4096, AS infinity
load average:3.24 3.49 2.68

/proc/meminfo:
MemTotal:        3953704 kB
MemFree:          146044 kB
MemAvailable:    1613064 kB
Buffers:           18068 kB
Cached:          1815684 kB
SwapCached:        11196 kB
Active:          2225708 kB
Inactive:        1377824 kB
Active(anon):    1407188 kB
Inactive(anon):   589272 kB
Active(file):     818520 kB
Inactive(file):   788552 kB
Unevictable:         104 kB
Mlocked:             104 kB
SwapTotal:       9764860 kB
SwapFree:        9555880 kB
Dirty:               416 kB
Writeback:             0 kB
AnonPages:       1763848 kB
Mapped:           205232 kB
Shmem:            226788 kB
Slab:              90436 kB
SReclaimable:      57768 kB
SUnreclaim:        32668 kB
KernelStack:       10912 kB
PageTables:        38076 kB
NFS_Unstable:          0 kB
Bounce:                0 kB
WritebackTmp:          0 kB
CommitLimit:    11741712 kB
Committed_AS:    6676560 kB
VmallocTotal:   34359738367 kB
VmallocUsed:      361940 kB
VmallocChunk:   34359360012 kB
HardwareCorrupted:     0 kB
AnonHugePages:    530432 kB
HugePages_Total:       0
HugePages_Free:        0
HugePages_Rsvd:        0
HugePages_Surp:        0
Hugepagesize:       2048 kB
DirectMap4k:       72352 kB
DirectMap2M:     4028416 kB


CPU:total 4 (2 cores per cpu, 2 threads per core) family 6 model 42 stepping 7, cmov, cx8, fxsr, mmx, sse, sse2, sse3, ssse3, sse4.1, sse4.2, popcnt, avx, aes, clmul, ht, tsc, tscinvbit

/proc/cpuinfo:
processor	: 0
vendor_id	: GenuineIntel
cpu family	: 6
model		: 42
model name	: Intel(R) Core(TM) i5-2430M CPU @ 2.40GHz
stepping	: 7
microcode	: 0x1a
cpu MHz		: 2469.843
cache size	: 3072 KB
physical id	: 0
siblings	: 4
core id		: 0
cpu cores	: 2
apicid		: 0
initial apicid	: 0
fpu		: yes
fpu_exception	: yes
cpuid level	: 13
wp		: yes
flags		: fpu vme de pse tsc msr pae mce cx8 apic sep mtrr pge mca cmov pat pse36 clflush dts acpi mmx fxsr sse sse2 ss ht tm pbe syscall nx rdtscp lm constant_tsc arch_perfmon pebs bts rep_good nopl xtopology nonstop_tsc aperfmperf eagerfpu pni pclmulqdq dtes64 monitor ds_cpl vmx est tm2 ssse3 cx16 xtpr pdcm pcid sse4_1 sse4_2 x2apic popcnt tsc_deadline_timer aes xsave avx lahf_lm ida arat epb xsaveopt pln pts dtherm tpr_shadow vnmi flexpriority ept vpid
bogomips	: 4789.33
clflush size	: 64
cache_alignment	: 64
address sizes	: 36 bits physical, 48 bits virtual
power management:

processor	: 1
vendor_id	: GenuineIntel
cpu family	: 6
model		: 42
model name	: Intel(R) Core(TM) i5-2430M CPU @ 2.40GHz
stepping	: 7
microcode	: 0x1a
cpu MHz		: 2452.875
cache size	: 3072 KB
physical id	: 0
siblings	: 4
core id		: 1
cpu cores	: 2
apicid		: 2
initial apicid	: 2
fpu		: yes
fpu_exception	: yes
cpuid level	: 13
wp		: yes
flags		: fpu vme de pse tsc msr pae mce cx8 apic sep mtrr pge mca cmov pat pse36 clflush dts acpi mmx fxsr sse sse2 ss ht tm pbe syscall nx rdtscp lm constant_tsc arch_perfmon pebs bts rep_good nopl xtopology nonstop_tsc aperfmperf eagerfpu pni pclmulqdq dtes64 monitor ds_cpl vmx est tm2 ssse3 cx16 xtpr pdcm pcid sse4_1 sse4_2 x2apic popcnt tsc_deadline_timer aes xsave avx lahf_lm ida arat epb xsaveopt pln pts dtherm tpr_shadow vnmi flexpriority ept vpid
bogomips	: 4789.33
clflush size	: 64
cache_alignment	: 64
address sizes	: 36 bits physical, 48 bits virtual
power management:

processor	: 2
vendor_id	: GenuineIntel
cpu family	: 6
model		: 42
model name	: Intel(R) Core(TM) i5-2430M CPU @ 2.40GHz
stepping	: 7
microcode	: 0x1a
cpu MHz		: 2581.593
cache size	: 3072 KB
physical id	: 0
siblings	: 4
core id		: 0
cpu cores	: 2
apicid		: 1
initial apicid	: 1
fpu		: yes
fpu_exception	: yes
cpuid level	: 13
wp		: yes
flags		: fpu vme de pse tsc msr pae mce cx8 apic sep mtrr pge mca cmov pat pse36 clflush dts acpi mmx fxsr sse sse2 ss ht tm pbe syscall nx rdtscp lm constant_tsc arch_perfmon pebs bts rep_good nopl xtopology nonstop_tsc aperfmperf eagerfpu pni pclmulqdq dtes64 monitor ds_cpl vmx est tm2 ssse3 cx16 xtpr pdcm pcid sse4_1 sse4_2 x2apic popcnt tsc_deadline_timer aes xsave avx lahf_lm ida arat epb xsaveopt pln pts dtherm tpr_shadow vnmi flexpriority ept vpid
bogomips	: 4789.33
clflush size	: 64
cache_alignment	: 64
address sizes	: 36 bits physical, 48 bits virtual
power management:

processor	: 3
vendor_id	: GenuineIntel
cpu family	: 6
model		: 42
model name	: Intel(R) Core(TM) i5-2430M CPU @ 2.40GHz
stepping	: 7
microcode	: 0x1a
cpu MHz		: 1890.468
cache size	: 3072 KB
physical id	: 0
siblings	: 4
core id		: 1
cpu cores	: 2
apicid		: 3
initial apicid	: 3
fpu		: yes
fpu_exception	: yes
cpuid level	: 13
wp		: yes
flags		: fpu vme de pse tsc msr pae mce cx8 apic sep mtrr pge mca cmov pat pse36 clflush dts acpi mmx fxsr sse sse2 ss ht tm pbe syscall nx rdtscp lm constant_tsc arch_perfmon pebs bts rep_good nopl xtopology nonstop_tsc aperfmperf eagerfpu pni pclmulqdq dtes64 monitor ds_cpl vmx est tm2 ssse3 cx16 xtpr pdcm pcid sse4_1 sse4_2 x2apic popcnt tsc_deadline_timer aes xsave avx lahf_lm ida arat epb xsaveopt pln pts dtherm tpr_shadow vnmi flexpriority ept vpid
bogomips	: 4789.33
clflush size	: 64
cache_alignment	: 64
address sizes	: 36 bits physical, 48 bits virtual
power management:



Memory: 4k page, physical 3953704k(146044k free), swap 9764860k(9555880k free)

vm_info: Java HotSpot(TM) 64-Bit Server VM (25.66-b17) for linux-amd64 JRE (1.8.0_66-b17), built on Oct  6 2015 17:28:34 by "java_re" with gcc 4.3.0 20080428 (Red Hat 4.3.0-8)

time: Mon Oct 26 21:37:48 2015
elapsed time: 3 seconds (0d 0h 0m 3s)

