#
# A fatal error has been detected by the Java Runtime Environment:
#
#  SIGSEGV (0xb) at pc=0x00007f053c704414, pid=12601, tid=139660469806848
#
# JRE version: Java(TM) SE Runtime Environment (8.0_66-b17) (build 1.8.0_66-b17)
# Java VM: Java HotSpot(TM) 64-Bit Server VM (25.66-b17 mixed mode linux-amd64 compressed oops)
# Problematic frame:
# C  [libpthread.so.0+0xa414]  pthread_mutex_lock+0x4
#
# Failed to write core dump. Core dumps have been disabled. To enable core dumping, try "ulimit -c unlimited" before starting Java again
#
# If you would like to submit a bug report, please visit:
#   http://bugreport.java.com/bugreport/crash.jsp
# The crash happened outside the Java Virtual Machine in native code.
# See problematic frame for where to report the bug.
#

---------------  T H R E A D  ---------------

Current thread (0x00007f053400a000):  JavaThread "main" [_thread_in_native, id=12606, stack(0x00007f053ca12000,0x00007f053cb13000)]

siginfo: si_signo: 11 (SIGSEGV), si_code: 128 (SI_KERNEL), si_addr: 0x0000000000000000

Registers:
RAX=0x00007f0520bee950, RBX=0x00007f053cb10cb0, RCX=0x000000000000015d, RDX=0x00007f053cb10ca0
RSP=0x00007f053cb10c30, RBP=0x00007f0534243c00, RSI=0x00007f053cb10c90, RDI=0x696c2f00006f732e
R8 =0x00007f053cb10cb0, R9 =0x00000000000001fd, R10=0x00007f0534238450, R11=0x00007f0520c6fd07
R12=0x00007f053cb10c8c, R13=0x00007f053cb10dc0, R14=0x00007f053cb10db8, R15=0x00007f053400a1f8
RIP=0x00007f053c704414, EFLAGS=0x0000000000010206, CSGSFS=0x0000000000000033, ERR=0x0000000000000000
  TRAPNO=0x000000000000000d

Top of Stack: (sp=0x00007f053cb10c30)
0x00007f053cb10c30:   00007f053cb10db8 00007f0520c080da
0x00007f053cb10c40:   00007f053cb10c90 00007f053cb10ca0
0x00007f053cb10c50:   00007f053432dd20 00007f0534329060
0x00007f053cb10c60:   00007f0534207e20 00007f053432dd20
0x00007f053cb10c70:   00007f0534329060 00007f0520be5a42
0x00007f053cb10c80:   00007f053432dd20 00007f053c92e515
0x00007f053cb10c90:   0000015e0000015d 696c436900000000
0x00007f053cb10ca0:   0000015700000156 00007f0500000000
0x00007f053cb10cb0:   00007f0534207e20 00007f0534329060
0x00007f053cb10cc0:   00007f0534329060 00007f053cb10d20
0x00007f053cb10cd0:   00007f053432dd20 00007f052115b991
0x00007f053cb10ce0:   00007f053400a000 00007f0534207e20
0x00007f053cb10cf0:   00007f053400a000 00007f0538c1e630
0x00007f053cb10d00:   0000000000000000 00007f0538c1e630
0x00007f053cb10d10:   00007f053cb10dd0 00007f053400a000
0x00007f053cb10d20:   00007f053cb10d98 00007f0525015994
0x00007f053cb10d30:   00007f0538c1e630 0000000000000000
0x00007f053cb10d40:   00007f053cb10d98 00007f0525015727
0x00007f053cb10d50:   00007f05250156e2 00007f053cb10d58
0x00007f053cb10d60:   00007f0538c1e630 00007f053cb10dd0
0x00007f053cb10d70:   00007f0538c21bc8 0000000000000000
0x00007f053cb10d80:   00007f0538c1e630 0000000000000000
0x00007f053cb10d90:   00007f053cb10db8 00007f053cb10e18
0x00007f053cb10da0:   00007f05250079d0 00000000ec5c85d8
0x00007f053cb10db0:   00007f052500f57b 00000000ecd2f720
0x00007f053cb10dc0:   00000000ebeadce0 00007f0534207e20
0x00007f053cb10dd0:   00007f0525007760 00007f053cb10dd8
0x00007f053cb10de0:   00007f0538bff874 00007f053cb10e30
0x00007f053cb10df0:   00007f0538c05dc0 0000000000000000
0x00007f053cb10e00:   00007f0538bff918 00007f053cb10db8
0x00007f053cb10e10:   00007f053cb10e38 00007f053cb10e78
0x00007f053cb10e20:   00007f0525007c4d 0000000000000000 

Instructions: (pc=0x00007f053c704414)
0x00007f053c7043f4:   0f 1f 40 00 c7 47 10 ff ff ff ff 31 c0 c3 66 2e
0x00007f053c704404:   0f 1f 84 00 00 00 00 00 0f 1f 40 00 48 83 ec 08
0x00007f053c704414:   8b 77 10 49 89 f8 89 f0 89 f2 25 7f 01 00 00 83
0x00007f053c704424:   e2 7c 0f 85 bf 00 00 00 85 c0 75 70 8b 15 ee 30 

Register to memory mapping:

RAX=0x00007f0520bee950: <offset 0x2a950> in /usr/lib/x86_64-linux-gnu/libX11.so.6 at 0x00007f0520bc4000
RBX=0x00007f053cb10cb0 is pointing into the stack for thread: 0x00007f053400a000
RCX=0x000000000000015d is an unknown value
RDX=0x00007f053cb10ca0 is pointing into the stack for thread: 0x00007f053400a000
RSP=0x00007f053cb10c30 is pointing into the stack for thread: 0x00007f053400a000
RBP=0x00007f0534243c00 is an unknown value
RSI=0x00007f053cb10c90 is pointing into the stack for thread: 0x00007f053400a000
RDI=0x696c2f00006f732e is an unknown value
R8 =0x00007f053cb10cb0 is pointing into the stack for thread: 0x00007f053400a000
R9 =0x00000000000001fd is an unknown value
R10=0x00007f0534238450 is an unknown value
R11=0x00007f0520c6fd07: <offset 0xabd07> in /usr/lib/x86_64-linux-gnu/libX11.so.6 at 0x00007f0520bc4000
R12=0x00007f053cb10c8c is pointing into the stack for thread: 0x00007f053400a000
R13=0x00007f053cb10dc0 is pointing into the stack for thread: 0x00007f053400a000
R14=0x00007f053cb10db8 is pointing into the stack for thread: 0x00007f053400a000
R15=0x00007f053400a1f8 is an unknown value


Stack: [0x00007f053ca12000,0x00007f053cb13000],  sp=0x00007f053cb10c30,  free space=1019k
Native frames: (J=compiled Java code, j=interpreted, Vv=VM code, C=native code)
C  [libpthread.so.0+0xa414]  pthread_mutex_lock+0x4

Java frames: (J=compiled Java code, j=interpreted, Vv=VM code)
j  sun.awt.X11.XlibWrapper.XGetDefault(JLjava/lang/String;Ljava/lang/String;)Ljava/lang/String;+0
j  sun.awt.X11.XToolkit.initializeMultiClickTime()V+12
j  sun.awt.X11.XToolkit.getMultiClickTime()I+6
j  sun.awt.X11.XToolkit.initializeDesktopProperties()V+82
j  java.awt.Toolkit.getDesktopProperty(Ljava/lang/String;)Ljava/lang/Object;+32
j  sun.swing.SwingUtilities2$AATextInfo.getAATextInfo(Z)Lsun/swing/SwingUtilities2$AATextInfo;+11
j  javax.swing.plaf.metal.MetalLookAndFeel.initComponentDefaults(Ljavax/swing/UIDefaults;)V+12062
j  javax.swing.plaf.basic.BasicLookAndFeel.getDefaults()Ljavax/swing/UIDefaults;+25
j  javax.swing.plaf.metal.MetalLookAndFeel.getDefaults()Ljavax/swing/UIDefaults;+9
j  javax.swing.UIManager.setLookAndFeel(Ljavax/swing/LookAndFeel;)V+79
j  javax.swing.UIManager.setLookAndFeel(Ljava/lang/String;)V+16
j  javax.swing.UIManager.initializeDefaultLAF(Ljava/util/Properties;)V+55
j  javax.swing.UIManager.initialize()V+9
j  javax.swing.UIManager.maybeInitialize()V+22
j  javax.swing.UIManager.getUI(Ljavax/swing/JComponent;)Ljavax/swing/plaf/ComponentUI;+0
j  javax.swing.JPanel.updateUI()V+2
j  javax.swing.JPanel.<init>(Ljava/awt/LayoutManager;Z)V+24
j  javax.swing.JPanel.<init>(Z)V+9
j  javax.swing.JPanel.<init>()V+2
j  javax.swing.JRootPane.createGlassPane()Ljava/awt/Component;+4
j  javax.swing.JRootPane.<init>()V+11
j  javax.swing.JFrame.createRootPane()Ljavax/swing/JRootPane;+4
j  javax.swing.JFrame.frameInit()V+16
j  javax.swing.JFrame.<init>()V+20
j  com.movieCart.MainFrame.<init>()V+1
j  com.movieCart.MainFrame.main([Ljava/lang/String;)V+25
v  ~StubRoutines::call_stub

---------------  P R O C E S S  ---------------

Java Threads: ( => current thread )
  0x00007f0534255000 JavaThread "AWT-XAWT" daemon [_thread_in_native, id=12621, stack(0x00007f04eb358000,0x00007f04eb459000)]
  0x00007f0534236000 JavaThread "Java2D Disposer" daemon [_thread_blocked, id=12620, stack(0x00007f04eb869000,0x00007f04eb96a000)]
  0x00007f05340c2000 JavaThread "Service Thread" daemon [_thread_blocked, id=12618, stack(0x00007f0521758000,0x00007f0521859000)]
  0x00007f05340bd000 JavaThread "C1 CompilerThread2" daemon [_thread_blocked, id=12617, stack(0x00007f0521859000,0x00007f052195a000)]
  0x00007f05340bb000 JavaThread "C2 CompilerThread1" daemon [_thread_blocked, id=12616, stack(0x00007f052195a000,0x00007f0521a5b000)]
  0x00007f05340b8000 JavaThread "C2 CompilerThread0" daemon [_thread_blocked, id=12615, stack(0x00007f0521a5b000,0x00007f0521b5c000)]
  0x00007f05340b6800 JavaThread "Signal Dispatcher" daemon [_thread_blocked, id=12614, stack(0x00007f0521b5c000,0x00007f0521c5d000)]
  0x00007f053407f000 JavaThread "Finalizer" daemon [_thread_blocked, id=12613, stack(0x00007f0522380000,0x00007f0522481000)]
  0x00007f053407c800 JavaThread "Reference Handler" daemon [_thread_blocked, id=12612, stack(0x00007f0522481000,0x00007f0522582000)]
=>0x00007f053400a000 JavaThread "main" [_thread_in_native, id=12606, stack(0x00007f053ca12000,0x00007f053cb13000)]

Other Threads:
  0x00007f0534077800 VMThread [stack: 0x00007f0522582000,0x00007f0522683000] [id=12611]
  0x00007f05340c5000 WatcherThread [stack: 0x00007f0521657000,0x00007f0521758000] [id=12619]

VM state:not at safepoint (normal execution)

VM Mutex/Monitor currently owned by a thread: None

Heap:
 PSYoungGen      total 18432K, used 15727K [0x00000000ebe00000, 0x00000000ed280000, 0x0000000100000000)
  eden space 15872K, 99% used [0x00000000ebe00000,0x00000000ecd5bfe0,0x00000000ecd80000)
  from space 2560K, 0% used [0x00000000ed000000,0x00000000ed000000,0x00000000ed280000)
  to   space 2560K, 0% used [0x00000000ecd80000,0x00000000ecd80000,0x00000000ed000000)
 ParOldGen       total 42496K, used 0K [0x00000000c3a00000, 0x00000000c6380000, 0x00000000ebe00000)
  object space 42496K, 0% used [0x00000000c3a00000,0x00000000c3a00000,0x00000000c6380000)
 Metaspace       used 9033K, capacity 9182K, committed 9344K, reserved 1056768K
  class space    used 1044K, capacity 1118K, committed 1152K, reserved 1048576K

Card table byte_map: [0x00007f05395fd000,0x00007f05397e1000] byte_map_base: 0x00007f0538fe0000

Marking Bits: (ParMarkBitMap*) 0x00007f053bef0020
 Begin Bits: [0x00007f05231d0000, 0x00007f05240e8000)
 End Bits:   [0x00007f05240e8000, 0x00007f0525000000)

Polling page: 0x00007f053cb37000

CodeCache: size=245760Kb used=2599Kb max_used=2599Kb free=243160Kb
 bounds [0x00007f0525000000, 0x00007f0525290000, 0x00007f0534000000]
 total_blobs=1033 nmethods=595 adapters=352
 compilation: enabled

Compilation events (10 events):
Event: 2.557 Thread 0x00007f05340bd000  591       3       java.util.Hashtable::addEntry (87 bytes)
Event: 2.558 Thread 0x00007f05340bd000 nmethod 591 0x00007f0525289090 code [0x00007f0525289240, 0x00007f0525289898]
Event: 2.558 Thread 0x00007f05340bd000  592       3       jdk.internal.org.objectweb.asm.ClassWriter::put122 (15 bytes)
Event: 2.558 Thread 0x00007f05340bd000 nmethod 592 0x00007f0525289bd0 code [0x00007f0525289d60, 0x00007f0525289f58]
Event: 2.559 Thread 0x00007f05340bd000  593       3       jdk.internal.org.objectweb.asm.ClassWriter::newClass (9 bytes)
Event: 2.559 Thread 0x00007f05340bd000 nmethod 593 0x00007f052528a090 code [0x00007f052528a200, 0x00007f052528a3a8]
Event: 2.559 Thread 0x00007f05340bd000  594       3       java.lang.invoke.MethodType::parameterCount (6 bytes)
Event: 2.559 Thread 0x00007f05340bd000 nmethod 594 0x00007f052528a490 code [0x00007f052528a600, 0x00007f052528a750]
Event: 2.560 Thread 0x00007f05340bd000  595       1       java.lang.reflect.Constructor::getDeclaringClass (5 bytes)
Event: 2.560 Thread 0x00007f05340bd000 nmethod 595 0x00007f052528a810 code [0x00007f052528a960, 0x00007f052528aa70]

GC Heap History (0 events):
No events

Deoptimization events (8 events):
Event: 0.737 Thread 0x00007f053400a000 Uncommon trap: reason=predicate action=maybe_recompile pc=0x00007f05251a9550 method=java.util.regex.Pattern$Slice.match(Ljava/util/regex/Matcher;ILjava/lang/CharSequence;)Z @ 21
Event: 0.823 Thread 0x00007f053400a000 Uncommon trap: reason=unstable_if action=reinterpret pc=0x00007f05251a6a4c method=java.util.regex.Pattern$Slice.match(Ljava/util/regex/Matcher;ILjava/lang/CharSequence;)Z @ 18
Event: 0.857 Thread 0x00007f053400a000 Uncommon trap: reason=unstable_if action=reinterpret pc=0x00007f05251abd78 method=java.io.File.getName()Ljava/lang/String; @ 16
Event: 0.857 Thread 0x00007f053400a000 Uncommon trap: reason=unstable_if action=reinterpret pc=0x00007f05251a5df0 method=java.lang.String.substring(I)Ljava/lang/String; @ 35
Event: 0.923 Thread 0x00007f053400a000 Uncommon trap: reason=class_check action=maybe_recompile pc=0x00007f05251b07f4 method=java.util.regex.Matcher.match(II)Z @ 86
Event: 0.923 Thread 0x00007f053400a000 Uncommon trap: reason=class_check action=maybe_recompile pc=0x00007f05251b07f4 method=java.util.regex.Matcher.match(II)Z @ 86
Event: 1.266 Thread 0x00007f053400a000 Uncommon trap: reason=class_check action=maybe_recompile pc=0x00007f05251b07f4 method=java.util.regex.Matcher.match(II)Z @ 86
Event: 1.379 Thread 0x00007f053400a000 Uncommon trap: reason=class_check action=maybe_recompile pc=0x00007f05251b07f4 method=java.util.regex.Matcher.match(II)Z @ 86

Internal exceptions (10 events):
Event: 0.406 Thread 0x00007f053400a000 Exception <a 'java/security/PrivilegedActionException'> (0x00000000ec0aa0f8) thrown at [/HUDSON/workspace/8-2-build-linux-amd64/jdk8u66/4988/hotspot/src/share/vm/prims/jvm.cpp, line 1386]
Event: 0.406 Thread 0x00007f053400a000 Exception <a 'java/security/PrivilegedActionException'> (0x00000000ec0aa308) thrown at [/HUDSON/workspace/8-2-build-linux-amd64/jdk8u66/4988/hotspot/src/share/vm/prims/jvm.cpp, line 1386]
Event: 0.406 Thread 0x00007f053400a000 Exception <a 'java/security/PrivilegedActionException'> (0x00000000ec0aafd0) thrown at [/HUDSON/workspace/8-2-build-linux-amd64/jdk8u66/4988/hotspot/src/share/vm/prims/jvm.cpp, line 1386]
Event: 0.407 Thread 0x00007f053400a000 Exception <a 'java/security/PrivilegedActionException'> (0x00000000ec0ab1e0) thrown at [/HUDSON/workspace/8-2-build-linux-amd64/jdk8u66/4988/hotspot/src/share/vm/prims/jvm.cpp, line 1386]
Event: 0.407 Thread 0x00007f053400a000 Exception <a 'java/security/PrivilegedActionException'> (0x00000000ec0abed0) thrown at [/HUDSON/workspace/8-2-build-linux-amd64/jdk8u66/4988/hotspot/src/share/vm/prims/jvm.cpp, line 1386]
Event: 0.407 Thread 0x00007f053400a000 Exception <a 'java/security/PrivilegedActionException'> (0x00000000ec0ac0e0) thrown at [/HUDSON/workspace/8-2-build-linux-amd64/jdk8u66/4988/hotspot/src/share/vm/prims/jvm.cpp, line 1386]
Event: 0.419 Thread 0x00007f053400a000 Exception <a 'java/lang/NoClassDefFoundError': org/slf4j/impl/StaticLoggerBinder> (0x00000000ec0d1e20) thrown at [/HUDSON/workspace/8-2-build-linux-amd64/jdk8u66/4988/hotspot/src/share/vm/classfile/systemDictionary.cpp, line 199]
Event: 1.243 Thread 0x00007f053400a000 Exception <a 'java/lang/NullPointerException'> (0x00000000ec68c910) thrown at [/HUDSON/workspace/8-2-build-linux-amd64/jdk8u66/4988/hotspot/src/share/vm/interpreter/linkResolver.cpp, line 1178]
Event: 1.269 Thread 0x00007f053400a000 Exception <a 'java/lang/UnsatisfiedLinkError': libvlc.so: cannot open shared object file: No such file or directory> (0x00000000ec6e6758) thrown at [/HUDSON/workspace/8-2-build-linux-amd64/jdk8u66/4988/hotspot/src/share/vm/prims/jni.cpp, line 735]
Event: 1.270 Thread 0x00007f053400a000 Exception <a 'java/lang/UnsatisfiedLinkError': libvlc.so: cannot open shared object file: No such file or directory> (0x00000000ec6e7670) thrown at [/HUDSON/workspace/8-2-build-linux-amd64/jdk8u66/4988/hotspot/src/share/vm/prims/jni.cpp, line 735]

Events (10 events):
Event: 2.556 loading class javax/swing/plaf/DimensionUIResource
Event: 2.556 loading class javax/swing/plaf/DimensionUIResource done
Event: 2.556 loading class javax/swing/UIDefaults$LazyInputMap
Event: 2.556 loading class javax/swing/UIDefaults$LazyInputMap done
Event: 2.558 loading class javax/swing/plaf/metal/MetalLookAndFeel$FontActiveValue
Event: 2.558 loading class javax/swing/plaf/metal/MetalLookAndFeel$FontActiveValue done
Event: 2.560 loading class sun/swing/SwingUtilities2$AATextInfo
Event: 2.560 loading class sun/swing/SwingUtilities2$AATextInfo done
Event: 2.560 loading class sun/awt/HeadlessToolkit
Event: 2.560 loading class sun/awt/HeadlessToolkit done


Dynamic libraries:
00400000-00401000 r-xp 00000000 08:06 411928                             /usr/lib/jvm/java-8-oracle/bin/java
00600000-00601000 rw-p 00000000 08:06 411928                             /usr/lib/jvm/java-8-oracle/bin/java
00e4e000-00e6f000 rw-p 00000000 00:00 0                                  [heap]
c3a00000-c6380000 rw-p 00000000 00:00 0 
c6380000-ebe00000 ---p 00000000 00:00 0 
ebe00000-ed280000 rw-p 00000000 00:00 0 
ed280000-100000000 ---p 00000000 00:00 0 
100000000-100120000 rw-p 00000000 00:00 0 
100120000-140000000 ---p 00000000 00:00 0 
7f04daeb0000-7f04daeb4000 r-xp 00000000 08:06 265517                     /lib/x86_64-linux-gnu/libuuid.so.1.3.0
7f04daeb4000-7f04db0b3000 ---p 00004000 08:06 265517                     /lib/x86_64-linux-gnu/libuuid.so.1.3.0
7f04db0b3000-7f04db0b4000 r--p 00003000 08:06 265517                     /lib/x86_64-linux-gnu/libuuid.so.1.3.0
7f04db0b4000-7f04db0b5000 rw-p 00004000 08:06 265517                     /lib/x86_64-linux-gnu/libuuid.so.1.3.0
7f04db0b5000-7f04db0bc000 r-xp 00000000 08:06 530346                     /usr/lib/x86_64-linux-gnu/libffi.so.6.0.1
7f04db0bc000-7f04db2bb000 ---p 00007000 08:06 530346                     /usr/lib/x86_64-linux-gnu/libffi.so.6.0.1
7f04db2bb000-7f04db2bc000 r--p 00006000 08:06 530346                     /usr/lib/x86_64-linux-gnu/libffi.so.6.0.1
7f04db2bc000-7f04db2bd000 rw-p 00007000 08:06 530346                     /usr/lib/x86_64-linux-gnu/libffi.so.6.0.1
7f04db2bd000-7f04db2fa000 r-xp 00000000 08:06 265436                     /lib/x86_64-linux-gnu/libpcre.so.3.13.1
7f04db2fa000-7f04db4f9000 ---p 0003d000 08:06 265436                     /lib/x86_64-linux-gnu/libpcre.so.3.13.1
7f04db4f9000-7f04db4fa000 r--p 0003c000 08:06 265436                     /lib/x86_64-linux-gnu/libpcre.so.3.13.1
7f04db4fa000-7f04db4fb000 rw-p 0003d000 08:06 265436                     /lib/x86_64-linux-gnu/libpcre.so.3.13.1
7f04db4fb000-7f04db55a000 r-xp 00000000 08:06 530103                     /usr/lib/x86_64-linux-gnu/libXt.so.6.0.0
7f04db55a000-7f04db75a000 ---p 0005f000 08:06 530103                     /usr/lib/x86_64-linux-gnu/libXt.so.6.0.0
7f04db75a000-7f04db75b000 r--p 0005f000 08:06 530103                     /usr/lib/x86_64-linux-gnu/libXt.so.6.0.0
7f04db75b000-7f04db760000 rw-p 00060000 08:06 530103                     /usr/lib/x86_64-linux-gnu/libXt.so.6.0.0
7f04db760000-7f04db761000 rw-p 00000000 00:00 0 
7f04db761000-7f04db788000 r-xp 00000000 08:06 265110                     /lib/x86_64-linux-gnu/libexpat.so.1.6.0
7f04db788000-7f04db988000 ---p 00027000 08:06 265110                     /lib/x86_64-linux-gnu/libexpat.so.1.6.0
7f04db988000-7f04db98a000 r--p 00027000 08:06 265110                     /lib/x86_64-linux-gnu/libexpat.so.1.6.0
7f04db98a000-7f04db98b000 rw-p 00029000 08:06 265110                     /lib/x86_64-linux-gnu/libexpat.so.1.6.0
7f04db98b000-7f04db9a2000 r-xp 00000000 08:06 529934                     /usr/lib/x86_64-linux-gnu/libICE.so.6.3.0
7f04db9a2000-7f04dbba1000 ---p 00017000 08:06 529934                     /usr/lib/x86_64-linux-gnu/libICE.so.6.3.0
7f04dbba1000-7f04dbba2000 r--p 00016000 08:06 529934                     /usr/lib/x86_64-linux-gnu/libICE.so.6.3.0
7f04dbba2000-7f04dbba3000 rw-p 00017000 08:06 529934                     /usr/lib/x86_64-linux-gnu/libICE.so.6.3.0
7f04dbba3000-7f04dbba7000 rw-p 00000000 00:00 0 
7f04dbba7000-7f04dbbae000 r-xp 00000000 08:06 530056                     /usr/lib/x86_64-linux-gnu/libSM.so.6.0.1
7f04dbbae000-7f04dbdad000 ---p 00007000 08:06 530056                     /usr/lib/x86_64-linux-gnu/libSM.so.6.0.1
7f04dbdad000-7f04dbdae000 r--p 00006000 08:06 530056                     /usr/lib/x86_64-linux-gnu/libSM.so.6.0.1
7f04dbdae000-7f04dbdaf000 rw-p 00007000 08:06 530056                     /usr/lib/x86_64-linux-gnu/libSM.so.6.0.1
7f04dbdaf000-7f04dbdfe000 r-xp 00000000 08:06 530475                     /usr/lib/x86_64-linux-gnu/libgobject-2.0.so.0.4002.0
7f04dbdfe000-7f04dbffe000 ---p 0004f000 08:06 530475                     /usr/lib/x86_64-linux-gnu/libgobject-2.0.so.0.4002.0
7f04dbffe000-7f04dbfff000 r--p 0004f000 08:06 530475                     /usr/lib/x86_64-linux-gnu/libgobject-2.0.so.0.4002.0
7f04dbfff000-7f04dc000000 rw-p 00050000 08:06 530475                     /usr/lib/x86_64-linux-gnu/libgobject-2.0.so.0.4002.0
7f04dc000000-7f04dc021000 rw-p 00000000 00:00 0 
7f04dc021000-7f04e0000000 ---p 00000000 00:00 0 
7f04e019b000-7f04e0238000 r-xp 00000000 08:06 539648                     /usr/lib/x86_64-linux-gnu/libfreetype.so.6.11.1
7f04e0238000-7f04e0437000 ---p 0009d000 08:06 539648                     /usr/lib/x86_64-linux-gnu/libfreetype.so.6.11.1
7f04e0437000-7f04e043d000 r--p 0009c000 08:06 539648                     /usr/lib/x86_64-linux-gnu/libfreetype.so.6.11.1
7f04e043d000-7f04e043e000 rw-p 000a2000 08:06 539648                     /usr/lib/x86_64-linux-gnu/libfreetype.so.6.11.1
7f04e043e000-7f04e0456000 r-xp 00000000 08:06 265703                     /lib/x86_64-linux-gnu/libz.so.1.2.8
7f04e0456000-7f04e0655000 ---p 00018000 08:06 265703                     /lib/x86_64-linux-gnu/libz.so.1.2.8
7f04e0655000-7f04e0656000 r--p 00017000 08:06 265703                     /lib/x86_64-linux-gnu/libz.so.1.2.8
7f04e0656000-7f04e0657000 rw-p 00018000 08:06 265703                     /lib/x86_64-linux-gnu/libz.so.1.2.8
7f04e0657000-7f04e067c000 r-xp 00000000 08:06 265655                     /lib/x86_64-linux-gnu/libpng12.so.0.50.0
7f04e067c000-7f04e087b000 ---p 00025000 08:06 265655                     /lib/x86_64-linux-gnu/libpng12.so.0.50.0
7f04e087b000-7f04e087c000 r--p 00024000 08:06 265655                     /lib/x86_64-linux-gnu/libpng12.so.0.50.0
7f04e087c000-7f04e087d000 rw-p 00025000 08:06 265655                     /lib/x86_64-linux-gnu/libpng12.so.0.50.0
7f04e087d000-7f04e0983000 r-xp 00000000 08:06 265571                     /lib/x86_64-linux-gnu/libglib-2.0.so.0.4002.0
7f04e0983000-7f04e0b82000 ---p 00106000 08:06 265571                     /lib/x86_64-linux-gnu/libglib-2.0.so.0.4002.0
7f04e0b82000-7f04e0b83000 r--p 00105000 08:06 265571                     /lib/x86_64-linux-gnu/libglib-2.0.so.0.4002.0
7f04e0b83000-7f04e0b84000 rw-p 00106000 08:06 265571                     /lib/x86_64-linux-gnu/libglib-2.0.so.0.4002.0
7f04e0b84000-7f04e0b85000 rw-p 00000000 00:00 0 
7f04e0b85000-7f04e0b9c000 r-xp 00000000 08:06 530166                     /usr/lib/x86_64-linux-gnu/libaudio.so.2.4
7f04e0b9c000-7f04e0d9b000 ---p 00017000 08:06 530166                     /usr/lib/x86_64-linux-gnu/libaudio.so.2.4
7f04e0d9b000-7f04e0d9c000 r--p 00016000 08:06 530166                     /usr/lib/x86_64-linux-gnu/libaudio.so.2.4
7f04e0d9c000-7f04e0d9d000 rw-p 00017000 08:06 530166                     /usr/lib/x86_64-linux-gnu/libaudio.so.2.4
7f04e0d9d000-7f04e0dd7000 r-xp 00000000 08:06 530360                     /usr/lib/x86_64-linux-gnu/libfontconfig.so.1.8.0
7f04e0dd7000-7f04e0fd6000 ---p 0003a000 08:06 530360                     /usr/lib/x86_64-linux-gnu/libfontconfig.so.1.8.0
7f04e0fd6000-7f04e0fd8000 r--p 00039000 08:06 530360                     /usr/lib/x86_64-linux-gnu/libfontconfig.so.1.8.0
7f04e0fd8000-7f04e0fd9000 rw-p 0003b000 08:06 530360                     /usr/lib/x86_64-linux-gnu/libfontconfig.so.1.8.0
7f04e0fd9000-7f04e1a3f000 r-xp 00000000 08:06 522879                     /usr/lib/x86_64-linux-gnu/libQtGui.so.4.8.6
7f04e1a3f000-7f04e1c3f000 ---p 00a66000 08:06 522879                     /usr/lib/x86_64-linux-gnu/libQtGui.so.4.8.6
7f04e1c3f000-7f04e1c81000 r--p 00a66000 08:06 522879                     /usr/lib/x86_64-linux-gnu/libQtGui.so.4.8.6
7f04e1c81000-7f04e1c88000 rw-p 00aa8000 08:06 522879                     /usr/lib/x86_64-linux-gnu/libQtGui.so.4.8.6
7f04e1c88000-7f04e1c8c000 rw-p 00000000 00:00 0 
7f04e1c8c000-7f04e1c8f000 r-xp 00000000 08:06 530850                     /usr/lib/x86_64-linux-gnu/libpulse-simple.so.0.0.4
7f04e1c8f000-7f04e1e8e000 ---p 00003000 08:06 530850                     /usr/lib/x86_64-linux-gnu/libpulse-simple.so.0.0.4
7f04e1e8e000-7f04e1e8f000 r--p 00002000 08:06 530850                     /usr/lib/x86_64-linux-gnu/libpulse-simple.so.0.0.4
7f04e1e8f000-7f04e1e90000 rw-p 00003000 08:06 530850                     /usr/lib/x86_64-linux-gnu/libpulse-simple.so.0.0.4
7f04e1f17000-7f04e21ef000 r-xp 00000000 08:06 530043                     /usr/lib/x86_64-linux-gnu/libQtCore.so.4.8.6
7f04e21ef000-7f04e23ef000 ---p 002d8000 08:06 530043                     /usr/lib/x86_64-linux-gnu/libQtCore.so.4.8.6
7f04e23ef000-7f04e23fa000 r--p 002d8000 08:06 530043                     /usr/lib/x86_64-linux-gnu/libQtCore.so.4.8.6
7f04e23fa000-7f04e23fb000 rw-p 002e3000 08:06 530043                     /usr/lib/x86_64-linux-gnu/libQtCore.so.4.8.6
7f04e23fb000-7f04e23fc000 rw-p 00000000 00:00 0 
7f04e23fc000-7f04e265e000 r-xp 00000000 08:06 413116                     /usr/lib/vlc/plugins/gui/libqt4_plugin.so
7f04e265e000-7f04e285d000 ---p 00262000 08:06 413116                     /usr/lib/vlc/plugins/gui/libqt4_plugin.so
7f04e285d000-7f04e2876000 r--p 00261000 08:06 413116                     /usr/lib/vlc/plugins/gui/libqt4_plugin.so
7f04e2876000-7f04e287a000 rw-p 0027a000 08:06 413116                     /usr/lib/vlc/plugins/gui/libqt4_plugin.so
7f04e287a000-7f04e2880000 r-xp 00000000 08:06 546092                     /usr/lib/x86_64-linux-gnu/libxcb-xv.so.0.0.0
7f04e2880000-7f04e2a7f000 ---p 00006000 08:06 546092                     /usr/lib/x86_64-linux-gnu/libxcb-xv.so.0.0.0
7f04e2a7f000-7f04e2a80000 r--p 00005000 08:06 546092                     /usr/lib/x86_64-linux-gnu/libxcb-xv.so.0.0.0
7f04e2a80000-7f04e2a81000 rw-p 00006000 08:06 546092                     /usr/lib/x86_64-linux-gnu/libxcb-xv.so.0.0.0
7f04e2a81000-7f04e2a88000 r-xp 00000000 08:06 413105                     /usr/lib/vlc/plugins/video_output/libxcb_xv_plugin.so
7f04e2a88000-7f04e2c87000 ---p 00007000 08:06 413105                     /usr/lib/vlc/plugins/video_output/libxcb_xv_plugin.so
7f04e2c87000-7f04e2c88000 r--p 00006000 08:06 413105                     /usr/lib/vlc/plugins/video_output/libxcb_xv_plugin.so
7f04e2c88000-7f04e2c89000 rw-p 00007000 08:06 413105                     /usr/lib/vlc/plugins/video_output/libxcb_xv_plugin.so
7f04e2c89000-7f04e2d0c000 r-xp 00000000 08:06 526635                     /usr/lib/x86_64-linux-gnu/libdirac_encoder.so.0.1.0
7f04e2d0c000-7f04e2f0b000 ---p 00083000 08:06 526635                     /usr/lib/x86_64-linux-gnu/libdirac_encoder.so.0.1.0
7f04e2f0b000-7f04e2f0e000 r--p 00082000 08:06 526635                     /usr/lib/x86_64-linux-gnu/libdirac_encoder.so.0.1.0
7f04e2f0e000-7f04e2f0f000 rw-p 00085000 08:06 526635                     /usr/lib/x86_64-linux-gnu/libdirac_encoder.so.0.1.0
7f04e2f0f000-7f04e2f10000 rw-p 00000000 00:00 0 
7f04e2f13000-7f04e2f15000 r-xp 00000000 08:06 531122                     /usr/lib/x86_64-linux-gnu/libxcb-shm.so.0.0.0
7f04e2f15000-7f04e3114000 ---p 00002000 08:06 531122                     /usr/lib/x86_64-linux-gnu/libxcb-shm.so.0.0.0
7f04e3114000-7f04e3115000 r--p 00001000 08:06 531122                     /usr/lib/x86_64-linux-gnu/libxcb-shm.so.0.0.0
7f04e3115000-7f04e3116000 rw-p 00002000 08:06 531122                     /usr/lib/x86_64-linux-gnu/libxcb-shm.so.0.0.0
7f04e3116000-7f04e311e000 r-xp 00000000 08:06 265602                     /lib/x86_64-linux-gnu/libnih-dbus.so.1.0.0
7f04e311e000-7f04e331e000 ---p 00008000 08:06 265602                     /lib/x86_64-linux-gnu/libnih-dbus.so.1.0.0
7f04e331e000-7f04e331f000 r--p 00008000 08:06 265602                     /lib/x86_64-linux-gnu/libnih-dbus.so.1.0.0
7f04e331f000-7f04e3320000 rw-p 00009000 08:06 265602                     /lib/x86_64-linux-gnu/libnih-dbus.so.1.0.0
7f04e3320000-7f04e3337000 r-xp 00000000 08:06 265604                     /lib/x86_64-linux-gnu/libnih.so.1.0.0
7f04e3337000-7f04e3536000 ---p 00017000 08:06 265604                     /lib/x86_64-linux-gnu/libnih.so.1.0.0
7f04e3536000-7f04e3537000 r--p 00016000 08:06 265604                     /lib/x86_64-linux-gnu/libnih.so.1.0.0
7f04e3537000-7f04e3538000 rw-p 00017000 08:06 265604                     /lib/x86_64-linux-gnu/libnih.so.1.0.0
7f04e3538000-7f04e3551000 r-xp 00000000 08:06 265465                     /lib/x86_64-linux-gnu/libcgmanager.so.0.0.0
7f04e3551000-7f04e3750000 ---p 00019000 08:06 265465                     /lib/x86_64-linux-gnu/libcgmanager.so.0.0.0
7f04e3750000-7f04e3752000 r--p 00018000 08:06 265465                     /lib/x86_64-linux-gnu/libcgmanager.so.0.0.0
7f04e3752000-7f04e3753000 rw-p 0001a000 08:06 265465                     /lib/x86_64-linux-gnu/libcgmanager.so.0.0.0
7f04e3753000-7f04e3757000 r-xp 00000000 08:06 265573                     /lib/x86_64-linux-gnu/libgpg-error.so.0.10.0
7f04e3757000-7f04e3956000 ---p 00004000 08:06 265573                     /lib/x86_64-linux-gnu/libgpg-error.so.0.10.0
7f04e3956000-7f04e3957000 r--p 00003000 08:06 265573                     /lib/x86_64-linux-gnu/libgpg-error.so.0.10.0
7f04e3957000-7f04e3958000 rw-p 00004000 08:06 265573                     /lib/x86_64-linux-gnu/libgpg-error.so.0.10.0
7f04e3958000-7f04e3968000 r-xp 00000000 08:06 298110                     /lib/x86_64-linux-gnu/libudev.so.1.3.5
7f04e3968000-7f04e3b67000 ---p 00010000 08:06 298110                     /lib/x86_64-linux-gnu/libudev.so.1.3.5
7f04e3b67000-7f04e3b68000 r--p 0000f000 08:06 298110                     /lib/x86_64-linux-gnu/libudev.so.1.3.5
7f04e3b68000-7f04e3b69000 rw-p 00010000 08:06 298110                     /lib/x86_64-linux-gnu/libudev.so.1.3.5
7f04e3b69000-7f04e3be5000 r-xp 00000000 08:06 265547                     /lib/x86_64-linux-gnu/libgcrypt.so.11.8.2
7f04e3be5000-7f04e3de5000 ---p 0007c000 08:06 265547                     /lib/x86_64-linux-gnu/libgcrypt.so.11.8.2
7f04e3de5000-7f04e3de6000 r--p 0007c000 08:06 265547                     /lib/x86_64-linux-gnu/libgcrypt.so.11.8.2
7f04e3de6000-7f04e3de9000 rw-p 0007d000 08:06 265547                     /lib/x86_64-linux-gnu/libgcrypt.so.11.8.2
7f04e3de9000-7f04e3dfe000 r-xp 00000000 08:06 265694                     /lib/x86_64-linux-gnu/libusb-1.0.so.0.1.0
7f04e3dfe000-7f04e3ffe000 ---p 00015000 08:06 265694                     /lib/x86_64-linux-gnu/libusb-1.0.so.0.1.0
7f04e3ffe000-7f04e3fff000 r--p 00015000 08:06 265694                     /lib/x86_64-linux-gnu/libusb-1.0.so.0.1.0
7f04e3fff000-7f04e4000000 rw-p 00016000 08:06 265694                     /lib/x86_64-linux-gnu/libusb-1.0.so.0.1.0
7f04e4000000-7f04e4021000 rw-p 00000000 00:00 0 
7f04e4021000-7f04e8000000 ---p 00000000 00:00 0 
7f04e80ec000-7f04e813c000 r-xp 00000000 08:06 530720                     /usr/lib/x86_64-linux-gnu/libmtp.so.9.1.0
7f04e813c000-7f04e833b000 ---p 00050000 08:06 530720                     /usr/lib/x86_64-linux-gnu/libmtp.so.9.1.0
7f04e833b000-7f04e8341000 r--p 0004f000 08:06 530720                     /usr/lib/x86_64-linux-gnu/libmtp.so.9.1.0
7f04e8341000-7f04e834b000 rw-p 00055000 08:06 530720                     /usr/lib/x86_64-linux-gnu/libmtp.so.9.1.0
7f04e834b000-7f04e8431000 r-xp 00000000 08:06 524368                     /usr/lib/x86_64-linux-gnu/libstdc++.so.6.0.19
7f04e8431000-7f04e8630000 ---p 000e6000 08:06 524368                     /usr/lib/x86_64-linux-gnu/libstdc++.so.6.0.19
7f04e8630000-7f04e8638000 r--p 000e5000 08:06 524368                     /usr/lib/x86_64-linux-gnu/libstdc++.so.6.0.19
7f04e8638000-7f04e863a000 rw-p 000ed000 08:06 524368                     /usr/lib/x86_64-linux-gnu/libstdc++.so.6.0.19
7f04e863a000-7f04e864f000 rw-p 00000000 00:00 0 
7f04e8664000-7f04e8666000 r-xp 00000000 08:06 412929                     /usr/lib/vlc/plugins/services_discovery/libmtp_plugin.so
7f04e8666000-7f04e8865000 ---p 00002000 08:06 412929                     /usr/lib/vlc/plugins/services_discovery/libmtp_plugin.so
7f04e8865000-7f04e8866000 r--p 00001000 08:06 412929                     /usr/lib/vlc/plugins/services_discovery/libmtp_plugin.so
7f04e8866000-7f04e8867000 rw-p 00002000 08:06 412929                     /usr/lib/vlc/plugins/services_discovery/libmtp_plugin.so
7f04e8867000-7f04e8950000 r-xp 00000000 08:06 530146                     /usr/lib/x86_64-linux-gnu/libasound.so.2.0.0
7f04e8950000-7f04e8b4f000 ---p 000e9000 08:06 530146                     /usr/lib/x86_64-linux-gnu/libasound.so.2.0.0
7f04e8b4f000-7f04e8b56000 r--p 000e8000 08:06 530146                     /usr/lib/x86_64-linux-gnu/libasound.so.2.0.0
7f04e8b56000-7f04e8b57000 rw-p 000ef000 08:06 530146                     /usr/lib/x86_64-linux-gnu/libasound.so.2.0.0
7f04e8b57000-7f04e8b6e000 r-xp 00000000 08:06 261127                     /lib/x86_64-linux-gnu/libresolv-2.19.so
7f04e8b6e000-7f04e8d6e000 ---p 00017000 08:06 261127                     /lib/x86_64-linux-gnu/libresolv-2.19.so
7f04e8d6e000-7f04e8d6f000 r--p 00017000 08:06 261127                     /lib/x86_64-linux-gnu/libresolv-2.19.so
7f04e8d6f000-7f04e8d70000 rw-p 00018000 08:06 261127                     /lib/x86_64-linux-gnu/libresolv-2.19.so
7f04e8d70000-7f04e8d72000 rw-p 00000000 00:00 0 
7f04e8d72000-7f04e8d79000 r-xp 00000000 08:06 530783                     /usr/lib/x86_64-linux-gnu/libogg.so.0.8.1
7f04e8d79000-7f04e8f79000 ---p 00007000 08:06 530783                     /usr/lib/x86_64-linux-gnu/libogg.so.0.8.1
7f04e8f79000-7f04e8f7a000 r--p 00007000 08:06 530783                     /usr/lib/x86_64-linux-gnu/libogg.so.0.8.1
7f04e8f7a000-7f04e8f7b000 rw-p 00008000 08:06 530783                     /usr/lib/x86_64-linux-gnu/libogg.so.0.8.1
7f04e8f7b000-7f04e8fa7000 r-xp 00000000 08:06 531059                     /usr/lib/x86_64-linux-gnu/libvorbis.so.0.4.5
7f04e8fa7000-7f04e91a6000 ---p 0002c000 08:06 531059                     /usr/lib/x86_64-linux-gnu/libvorbis.so.0.4.5
7f04e91a6000-7f04e91a7000 r--p 0002b000 08:06 531059                     /usr/lib/x86_64-linux-gnu/libvorbis.so.0.4.5
7f04e91a7000-7f04e91a8000 rw-p 0002c000 08:06 531059                     /usr/lib/x86_64-linux-gnu/libvorbis.so.0.4.5
7f04e91a8000-7f04e945b000 r-xp 00000000 08:06 531061                     /usr/lib/x86_64-linux-gnu/libvorbisenc.so.2.0.8
7f04e945b000-7f04e965a000 ---p 002b3000 08:06 531061                     /usr/lib/x86_64-linux-gnu/libvorbisenc.so.2.0.8
7f04e965a000-7f04e9676000 r--p 002b2000 08:06 531061                     /usr/lib/x86_64-linux-gnu/libvorbisenc.so.2.0.8
7f04e9676000-7f04e9677000 rw-p 002ce000 08:06 531061                     /usr/lib/x86_64-linux-gnu/libvorbisenc.so.2.0.8
7f04e9677000-7f04e96a7000 r-xp 00000000 08:06 529922                     /usr/lib/x86_64-linux-gnu/libFLAC.so.8.3.0
7f04e96a7000-7f04e98a6000 ---p 00030000 08:06 529922                     /usr/lib/x86_64-linux-gnu/libFLAC.so.8.3.0
7f04e98a6000-7f04e98a7000 r--p 0002f000 08:06 529922                     /usr/lib/x86_64-linux-gnu/libFLAC.so.8.3.0
7f04e98a7000-7f04e98a8000 rw-p 00030000 08:06 529922                     /usr/lib/x86_64-linux-gnu/libFLAC.so.8.3.0
7f04e98a8000-7f04e98ad000 r-xp 00000000 08:06 530154                     /usr/lib/x86_64-linux-gnu/libasyncns.so.0.3.1
7f04e98ad000-7f04e9aac000 ---p 00005000 08:06 530154                     /usr/lib/x86_64-linux-gnu/libasyncns.so.0.3.1
7f04e9aac000-7f04e9aad000 r--p 00004000 08:06 530154                     /usr/lib/x86_64-linux-gnu/libasyncns.so.0.3.1
7f04e9aad000-7f04e9aae000 rw-p 00005000 08:06 530154                     /usr/lib/x86_64-linux-gnu/libasyncns.so.0.3.1
7f04e9aae000-7f04e9b0f000 r-xp 00000000 08:06 530940                     /usr/lib/x86_64-linux-gnu/libsndfile.so.1.0.25
7f04e9b0f000-7f04e9d0f000 ---p 00061000 08:06 530940                     /usr/lib/x86_64-linux-gnu/libsndfile.so.1.0.25
7f04e9d0f000-7f04e9d11000 r--p 00061000 08:06 530940                     /usr/lib/x86_64-linux-gnu/libsndfile.so.1.0.25
7f04e9d11000-7f04e9d12000 rw-p 00063000 08:06 530940                     /usr/lib/x86_64-linux-gnu/libsndfile.so.1.0.25
7f04e9d12000-7f04e9d16000 rw-p 00000000 00:00 0 
7f04e9d16000-7f04e9d1e000 r-xp 00000000 08:06 265700                     /lib/x86_64-linux-gnu/libwrap.so.0.7.6
7f04e9d1e000-7f04e9f1d000 ---p 00008000 08:06 265700                     /lib/x86_64-linux-gnu/libwrap.so.0.7.6
7f04e9f1d000-7f04e9f1e000 r--p 00007000 08:06 265700                     /lib/x86_64-linux-gnu/libwrap.so.0.7.6
7f04e9f1e000-7f04e9f1f000 rw-p 00008000 08:06 265700                     /lib/x86_64-linux-gnu/libwrap.so.0.7.6
7f04e9f1f000-7f04e9f20000 rw-p 00000000 00:00 0 
7f04e9f20000-7f04e9f86000 r-xp 00000000 08:06 783969                     /usr/lib/x86_64-linux-gnu/pulseaudio/libpulsecommon-4.0.so
7f04e9f86000-7f04ea185000 ---p 00066000 08:06 783969                     /usr/lib/x86_64-linux-gnu/pulseaudio/libpulsecommon-4.0.so
7f04ea185000-7f04ea186000 r--p 00065000 08:06 783969                     /usr/lib/x86_64-linux-gnu/pulseaudio/libpulsecommon-4.0.so
7f04ea186000-7f04ea187000 rw-p 00066000 08:06 783969                     /usr/lib/x86_64-linux-gnu/pulseaudio/libpulsecommon-4.0.so
7f04ea187000-7f04ea191000 r-xp 00000000 08:06 265580                     /lib/x86_64-linux-gnu/libjson-c.so.2.0.0
7f04ea191000-7f04ea390000 ---p 0000a000 08:06 265580                     /lib/x86_64-linux-gnu/libjson-c.so.2.0.0
7f04ea390000-7f04ea391000 r--p 00009000 08:06 265580                     /lib/x86_64-linux-gnu/libjson-c.so.2.0.0
7f04ea391000-7f04ea392000 rw-p 0000a000 08:06 265580                     /lib/x86_64-linux-gnu/libjson-c.so.2.0.0
7f04ea392000-7f04ea3d9000 r-xp 00000000 08:06 530852                     /usr/lib/x86_64-linux-gnu/libpulse.so.0.16.2
7f04ea3d9000-7f04ea5d9000 ---p 00047000 08:06 530852                     /usr/lib/x86_64-linux-gnu/libpulse.so.0.16.2
7f04ea5d9000-7f04ea5da000 r--p 00047000 08:06 530852                     /usr/lib/x86_64-linux-gnu/libpulse.so.0.16.2
7f04ea5da000-7f04ea5db000 rw-p 00048000 08:06 530852                     /usr/lib/x86_64-linux-gnu/libpulse.so.0.16.2
7f04ea5dc000-7f04ea5e1000 r-xp 00000000 08:06 412892                     /usr/lib/vlc/plugins/audio_output/libalsa_plugin.so
7f04ea5e1000-7f04ea7e0000 ---p 00005000 08:06 412892                     /usr/lib/vlc/plugins/audio_output/libalsa_plugin.so
7f04ea7e0000-7f04ea7e1000 r--p 00004000 08:06 412892                     /usr/lib/vlc/plugins/audio_output/libalsa_plugin.so
7f04ea7e1000-7f04ea7e2000 rw-p 00005000 08:06 412892                     /usr/lib/vlc/plugins/audio_output/libalsa_plugin.so
7f04ea7e2000-7f04ea826000 r-xp 00000000 08:06 265554                     /lib/x86_64-linux-gnu/libdbus-1.so.3.7.6
7f04ea826000-7f04eaa25000 ---p 00044000 08:06 265554                     /lib/x86_64-linux-gnu/libdbus-1.so.3.7.6
7f04eaa25000-7f04eaa26000 r--p 00043000 08:06 265554                     /lib/x86_64-linux-gnu/libdbus-1.so.3.7.6
7f04eaa26000-7f04eaa27000 rw-p 00044000 08:06 265554                     /lib/x86_64-linux-gnu/libdbus-1.so.3.7.6
7f04eaa27000-7f04eaa58000 r-xp 00000000 08:06 530638                     /usr/lib/x86_64-linux-gnu/libidn.so.11.6.11
7f04eaa58000-7f04eac58000 ---p 00031000 08:06 530638                     /usr/lib/x86_64-linux-gnu/libidn.so.11.6.11
7f04eac58000-7f04eac59000 r--p 00031000 08:06 530638                     /usr/lib/x86_64-linux-gnu/libidn.so.11.6.11
7f04eac59000-7f04eac5a000 rw-p 00032000 08:06 530638                     /usr/lib/x86_64-linux-gnu/libidn.so.11.6.11
7f04eac5a000-7f04ead38000 r-xp 00000000 08:06 412641                     /usr/lib/libvlccore.so.7.0.0
7f04ead38000-7f04eaf38000 ---p 000de000 08:06 412641                     /usr/lib/libvlccore.so.7.0.0
7f04eaf38000-7f04eaf3b000 r--p 000de000 08:06 412641                     /usr/lib/libvlccore.so.7.0.0
7f04eaf3b000-7f04eaf3c000 rw-p 000e1000 08:06 412641                     /usr/lib/libvlccore.so.7.0.0
7f04eaf3c000-7f04eaf56000 r-xp 00000000 08:06 412644                     /usr/lib/libvlc.so.5.4.0
7f04eaf56000-7f04eb155000 ---p 0001a000 08:06 412644                     /usr/lib/libvlc.so.5.4.0
7f04eb155000-7f04eb156000 r--p 00019000 08:06 412644                     /usr/lib/libvlc.so.5.4.0
7f04eb156000-7f04eb157000 rw-p 0001a000 08:06 412644                     /usr/lib/libvlc.so.5.4.0
7f04eb157000-7f04eb158000 r-xp 00000000 08:06 414495                     /usr/lib/jvm/java-8-oracle/jre/lib/amd64/libjawt.so
7f04eb158000-7f04eb357000 ---p 00001000 08:06 414495                     /usr/lib/jvm/java-8-oracle/jre/lib/amd64/libjawt.so
7f04eb357000-7f04eb358000 rw-p 00000000 08:06 414495                     /usr/lib/jvm/java-8-oracle/jre/lib/amd64/libjawt.so
7f04eb358000-7f04eb35b000 ---p 00000000 00:00 0 
7f04eb35b000-7f04eb459000 rw-p 00000000 00:00 0                          [stack:12621]
7f04eb459000-7f04eb45e000 r-xp 00000000 08:06 522501                     /usr/lib/x86_64-linux-gnu/libXfixes.so.3.1.0
7f04eb45e000-7f04eb65d000 ---p 00005000 08:06 522501                     /usr/lib/x86_64-linux-gnu/libXfixes.so.3.1.0
7f04eb65d000-7f04eb65e000 r--p 00004000 08:06 522501                     /usr/lib/x86_64-linux-gnu/libXfixes.so.3.1.0
7f04eb65e000-7f04eb65f000 rw-p 00005000 08:06 522501                     /usr/lib/x86_64-linux-gnu/libXfixes.so.3.1.0
7f04eb65f000-7f04eb668000 r-xp 00000000 08:06 530071                     /usr/lib/x86_64-linux-gnu/libXcursor.so.1.0.2
7f04eb668000-7f04eb867000 ---p 00009000 08:06 530071                     /usr/lib/x86_64-linux-gnu/libXcursor.so.1.0.2
7f04eb867000-7f04eb868000 r--p 00008000 08:06 530071                     /usr/lib/x86_64-linux-gnu/libXcursor.so.1.0.2
7f04eb868000-7f04eb869000 rw-p 00009000 08:06 530071                     /usr/lib/x86_64-linux-gnu/libXcursor.so.1.0.2
7f04eb869000-7f04eb86c000 ---p 00000000 00:00 0 
7f04eb86c000-7f04eb96a000 rw-p 00000000 00:00 0                          [stack:12620]
7f04eb96a000-7f04eb980000 r-xp 00000000 08:06 265567                     /lib/x86_64-linux-gnu/libgcc_s.so.1
7f04eb980000-7f04ebb7f000 ---p 00016000 08:06 265567                     /lib/x86_64-linux-gnu/libgcc_s.so.1
7f04ebb7f000-7f04ebb80000 rw-p 00015000 08:06 265567                     /lib/x86_64-linux-gnu/libgcc_s.so.1
7f04ebb80000-7f04ebbe5000 r-xp 00000000 08:06 414526                     /usr/lib/jvm/java-8-oracle/jre/lib/amd64/libfontmanager.so
7f04ebbe5000-7f04ebde5000 ---p 00065000 08:06 414526                     /usr/lib/jvm/java-8-oracle/jre/lib/amd64/libfontmanager.so
7f04ebde5000-7f04ebde9000 rw-p 00065000 08:06 414526                     /usr/lib/jvm/java-8-oracle/jre/lib/amd64/libfontmanager.so
7f04ebde9000-7f04ebdfa000 rw-p 00000000 00:00 0 
7f04ebdfa000-7f04ebdff000 r-xp 00000000 08:06 530075                     /usr/lib/x86_64-linux-gnu/libXdmcp.so.6.0.0
7f04ebdff000-7f04ebffe000 ---p 00005000 08:06 530075                     /usr/lib/x86_64-linux-gnu/libXdmcp.so.6.0.0
7f04ebffe000-7f04ebfff000 r--p 00004000 08:06 530075                     /usr/lib/x86_64-linux-gnu/libXdmcp.so.6.0.0
7f04ebfff000-7f04ec000000 rw-p 00005000 08:06 530075                     /usr/lib/x86_64-linux-gnu/libXdmcp.so.6.0.0
7f04ec000000-7f04ec021000 rw-p 00000000 00:00 0 
7f04ec021000-7f04f0000000 ---p 00000000 00:00 0 
7f04f0000000-7f04f0021000 rw-p 00000000 00:00 0 
7f04f0021000-7f04f4000000 ---p 00000000 00:00 0 
7f04f4000000-7f04f41db000 rw-p 00000000 00:00 0 
7f04f41db000-7f04f8000000 ---p 00000000 00:00 0 
7f04f8000000-7f04f8254000 rw-p 00000000 00:00 0 
7f04f8254000-7f04fc000000 ---p 00000000 00:00 0 
7f04fc000000-7f04fc021000 rw-p 00000000 00:00 0 
7f04fc021000-7f0500000000 ---p 00000000 00:00 0 
7f0500000000-7f0500238000 rw-p 00000000 00:00 0 
7f0500238000-7f0504000000 ---p 00000000 00:00 0 
7f0504000000-7f0504021000 rw-p 00000000 00:00 0 
7f0504021000-7f0508000000 ---p 00000000 00:00 0 
7f0508000000-7f0508021000 rw-p 00000000 00:00 0 
7f0508021000-7f050c000000 ---p 00000000 00:00 0 
7f050c000000-7f050c021000 rw-p 00000000 00:00 0 
7f050c021000-7f0510000000 ---p 00000000 00:00 0 
7f0510000000-7f0510021000 rw-p 00000000 00:00 0 
7f0510021000-7f0514000000 ---p 00000000 00:00 0 
7f0514000000-7f0514021000 rw-p 00000000 00:00 0 
7f0514021000-7f0518000000 ---p 00000000 00:00 0 
7f0518000000-7f0518021000 rw-p 00000000 00:00 0 
7f0518021000-7f051c000000 ---p 00000000 00:00 0 
7f051c000000-7f051c021000 rw-p 00000000 00:00 0 
7f051c021000-7f0520000000 ---p 00000000 00:00 0 
7f0520069000-7f0520080000 r-xp 00000000 08:06 13624                      /tmp/jna-jony/jna4686313879005795056.tmp (deleted)
7f0520080000-7f052017f000 ---p 00017000 08:06 13624                      /tmp/jna-jony/jna4686313879005795056.tmp (deleted)
7f052017f000-7f0520180000 rw-p 00016000 08:06 13624                      /tmp/jna-jony/jna4686313879005795056.tmp (deleted)
7f0520180000-7f0520181000 rw-p 00000000 00:00 0 
7f0520181000-7f0520183000 r-xp 00000000 08:06 530064                     /usr/lib/x86_64-linux-gnu/libXau.so.6.0.0
7f0520183000-7f0520383000 ---p 00002000 08:06 530064                     /usr/lib/x86_64-linux-gnu/libXau.so.6.0.0
7f0520383000-7f0520384000 r--p 00002000 08:06 530064                     /usr/lib/x86_64-linux-gnu/libXau.so.6.0.0
7f0520384000-7f0520385000 rw-p 00003000 08:06 530064                     /usr/lib/x86_64-linux-gnu/libXau.so.6.0.0
7f0520385000-7f05203a2000 r-xp 00000000 08:06 531132                     /usr/lib/x86_64-linux-gnu/libxcb.so.1.1.0
7f05203a2000-7f05205a2000 ---p 0001d000 08:06 531132                     /usr/lib/x86_64-linux-gnu/libxcb.so.1.1.0
7f05205a2000-7f05205a3000 r--p 0001d000 08:06 531132                     /usr/lib/x86_64-linux-gnu/libxcb.so.1.1.0
7f05205a3000-7f05205a4000 rw-p 0001e000 08:06 531132                     /usr/lib/x86_64-linux-gnu/libxcb.so.1.1.0
7f05205a4000-7f05205b3000 r-xp 00000000 08:06 522608                     /usr/lib/x86_64-linux-gnu/libXi.so.6.1.0
7f05205b3000-7f05207b2000 ---p 0000f000 08:06 522608                     /usr/lib/x86_64-linux-gnu/libXi.so.6.1.0
7f05207b2000-7f05207b3000 r--p 0000e000 08:06 522608                     /usr/lib/x86_64-linux-gnu/libXi.so.6.1.0
7f05207b3000-7f05207b4000 rw-p 0000f000 08:06 522608                     /usr/lib/x86_64-linux-gnu/libXi.so.6.1.0
7f05207b4000-7f05207b9000 r-xp 00000000 08:06 530105                     /usr/lib/x86_64-linux-gnu/libXtst.so.6.1.0
7f05207b9000-7f05209b8000 ---p 00005000 08:06 530105                     /usr/lib/x86_64-linux-gnu/libXtst.so.6.1.0
7f05209b8000-7f05209b9000 r--p 00004000 08:06 530105                     /usr/lib/x86_64-linux-gnu/libXtst.so.6.1.0
7f05209b9000-7f05209ba000 rw-p 00005000 08:06 530105                     /usr/lib/x86_64-linux-gnu/libXtst.so.6.1.0
7f05209ba000-7f05209c3000 r-xp 00000000 08:06 522612                     /usr/lib/x86_64-linux-gnu/libXrender.so.1.3.0
7f05209c3000-7f0520bc2000 ---p 00009000 08:06 522612                     /usr/lib/x86_64-linux-gnu/libXrender.so.1.3.0
7f0520bc2000-7f0520bc3000 r--p 00008000 08:06 522612                     /usr/lib/x86_64-linux-gnu/libXrender.so.1.3.0
7f0520bc3000-7f0520bc4000 rw-p 00009000 08:06 522612                     /usr/lib/x86_64-linux-gnu/libXrender.so.1.3.0
7f0520bc4000-7f0520cf4000 r-xp 00000000 08:06 530060                     /usr/lib/x86_64-linux-gnu/libX11.so.6.3.0
7f0520cf4000-7f0520ef4000 ---p 00130000 08:06 530060                     /usr/lib/x86_64-linux-gnu/libX11.so.6.3.0
7f0520ef4000-7f0520ef5000 r--p 00130000 08:06 530060                     /usr/lib/x86_64-linux-gnu/libX11.so.6.3.0
7f0520ef5000-7f0520ef9000 rw-p 00131000 08:06 530060                     /usr/lib/x86_64-linux-gnu/libX11.so.6.3.0
7f0520ef9000-7f0520f0a000 r-xp 00000000 08:06 522564                     /usr/lib/x86_64-linux-gnu/libXext.so.6.4.0
7f0520f0a000-7f0521109000 ---p 00011000 08:06 522564                     /usr/lib/x86_64-linux-gnu/libXext.so.6.4.0
7f0521109000-7f052110a000 r--p 00010000 08:06 522564                     /usr/lib/x86_64-linux-gnu/libXext.so.6.4.0
7f052110a000-7f052110b000 rw-p 00011000 08:06 522564                     /usr/lib/x86_64-linux-gnu/libXext.so.6.4.0
7f052112c000-7f0521180000 r-xp 00000000 08:06 414472                     /usr/lib/jvm/java-8-oracle/jre/lib/amd64/libawt_xawt.so
7f0521180000-7f0521380000 ---p 00054000 08:06 414472                     /usr/lib/jvm/java-8-oracle/jre/lib/amd64/libawt_xawt.so
7f0521380000-7f0521384000 rw-p 00054000 08:06 414472                     /usr/lib/jvm/java-8-oracle/jre/lib/amd64/libawt_xawt.so
7f0521384000-7f0521385000 rw-p 00000000 00:00 0 
7f0521385000-7f0521427000 r-xp 00000000 08:06 414471                     /usr/lib/jvm/java-8-oracle/jre/lib/amd64/libawt.so
7f0521427000-7f0521627000 ---p 000a2000 08:06 414471                     /usr/lib/jvm/java-8-oracle/jre/lib/amd64/libawt.so
7f0521627000-7f0521633000 rw-p 000a2000 08:06 414471                     /usr/lib/jvm/java-8-oracle/jre/lib/amd64/libawt.so
7f0521633000-7f0521657000 rw-p 00000000 00:00 0 
7f0521657000-7f0521658000 ---p 00000000 00:00 0 
7f0521658000-7f0521758000 rw-p 00000000 00:00 0                          [stack:12619]
7f0521758000-7f052175b000 ---p 00000000 00:00 0 
7f052175b000-7f0521859000 rw-p 00000000 00:00 0                          [stack:12618]
7f0521859000-7f052185c000 ---p 00000000 00:00 0 
7f052185c000-7f052195a000 rw-p 00000000 00:00 0                          [stack:12617]
7f052195a000-7f052195d000 ---p 00000000 00:00 0 
7f052195d000-7f0521a5b000 rw-p 00000000 00:00 0                          [stack:12616]
7f0521a5b000-7f0521a5e000 ---p 00000000 00:00 0 
7f0521a5e000-7f0521b5c000 rw-p 00000000 00:00 0                          [stack:12615]
7f0521b5c000-7f0521b5f000 ---p 00000000 00:00 0 
7f0521b5f000-7f0521c5d000 rw-p 00000000 00:00 0                          [stack:12614]
7f0521c5d000-7f0522380000 r--p 00000000 08:06 397847                     /usr/lib/locale/locale-archive
7f0522380000-7f0522383000 ---p 00000000 00:00 0 
7f0522383000-7f0522481000 rw-p 00000000 00:00 0                          [stack:12613]
7f0522481000-7f0522484000 ---p 00000000 00:00 0 
7f0522484000-7f0522582000 rw-p 00000000 00:00 0                          [stack:12612]
7f0522582000-7f0522583000 ---p 00000000 00:00 0 
7f0522583000-7f0525000000 rw-p 00000000 00:00 0                          [stack:12611]
7f0525000000-7f0525290000 rwxp 00000000 00:00 0 
7f0525290000-7f0534000000 ---p 00000000 00:00 0 
7f0534000000-7f05344a5000 rw-p 00000000 00:00 0 
7f05344a5000-7f0538000000 ---p 00000000 00:00 0 
7f0538002000-7f0538003000 rwxp 00000000 00:00 0 
7f0538003000-7f0538012000 r--s 00115000 08:07 2097400                    /home/jony/.m2/repository/net/java/dev/jna/platform/3.5.2/platform-3.5.2.jar
7f0538012000-7f053801e000 r--s 00057000 08:07 2097396                    /home/jony/.m2/repository/uk/co/caprica/vlcj/3.9.0/vlcj-3.9.0.jar
7f053801e000-7f0538485000 rw-p 00000000 00:00 0 
7f0538485000-7f053865e000 r--s 03d20000 08:06 414457                     /usr/lib/jvm/java-8-oracle/jre/lib/rt.jar
7f053865e000-7f05390b7000 rw-p 00000000 00:00 0 
7f05390b7000-7f05390b8000 ---p 00000000 00:00 0 
7f05390b8000-7f05391b8000 rw-p 00000000 00:00 0                          [stack:12610]
7f05391b8000-7f05391b9000 ---p 00000000 00:00 0 
7f05391b9000-7f05392b9000 rw-p 00000000 00:00 0                          [stack:12609]
7f05392b9000-7f05392ba000 ---p 00000000 00:00 0 
7f05392ba000-7f05393ba000 rw-p 00000000 00:00 0                          [stack:12608]
7f05393ba000-7f05393bb000 ---p 00000000 00:00 0 
7f05393bb000-7f05394d0000 rw-p 00000000 00:00 0                          [stack:12607]
7f05394d0000-7f05395fd000 ---p 00000000 00:00 0 
7f05395fd000-7f0539612000 rw-p 00000000 00:00 0 
7f0539612000-7f053973f000 ---p 00000000 00:00 0 
7f053973f000-7f053974a000 rw-p 00000000 00:00 0 
7f053974a000-7f05397e0000 ---p 00000000 00:00 0 
7f05397e0000-7f05397ec000 rw-p 00000000 00:00 0 
7f05397ec000-7f0539ba1000 ---p 00000000 00:00 0 
7f0539ba1000-7f0539bbb000 r-xp 00000000 08:06 414518                     /usr/lib/jvm/java-8-oracle/jre/lib/amd64/libzip.so
7f0539bbb000-7f0539dbb000 ---p 0001a000 08:06 414518                     /usr/lib/jvm/java-8-oracle/jre/lib/amd64/libzip.so
7f0539dbb000-7f0539dbc000 rw-p 0001a000 08:06 414518                     /usr/lib/jvm/java-8-oracle/jre/lib/amd64/libzip.so
7f0539dbc000-7f0539dc7000 r-xp 00000000 08:06 261141                     /lib/x86_64-linux-gnu/libnss_files-2.19.so
7f0539dc7000-7f0539fc6000 ---p 0000b000 08:06 261141                     /lib/x86_64-linux-gnu/libnss_files-2.19.so
7f0539fc6000-7f0539fc7000 r--p 0000a000 08:06 261141                     /lib/x86_64-linux-gnu/libnss_files-2.19.so
7f0539fc7000-7f0539fc8000 rw-p 0000b000 08:06 261141                     /lib/x86_64-linux-gnu/libnss_files-2.19.so
7f0539fc8000-7f0539fd3000 r-xp 00000000 08:06 265432                     /lib/x86_64-linux-gnu/libnss_nis-2.19.so
7f0539fd3000-7f053a1d2000 ---p 0000b000 08:06 265432                     /lib/x86_64-linux-gnu/libnss_nis-2.19.so
7f053a1d2000-7f053a1d3000 r--p 0000a000 08:06 265432                     /lib/x86_64-linux-gnu/libnss_nis-2.19.so
7f053a1d3000-7f053a1d4000 rw-p 0000b000 08:06 265432                     /lib/x86_64-linux-gnu/libnss_nis-2.19.so
7f053a1d4000-7f053a1eb000 r-xp 00000000 08:06 261216                     /lib/x86_64-linux-gnu/libnsl-2.19.so
7f053a1eb000-7f053a3ea000 ---p 00017000 08:06 261216                     /lib/x86_64-linux-gnu/libnsl-2.19.so
7f053a3ea000-7f053a3eb000 r--p 00016000 08:06 261216                     /lib/x86_64-linux-gnu/libnsl-2.19.so
7f053a3eb000-7f053a3ec000 rw-p 00017000 08:06 261216                     /lib/x86_64-linux-gnu/libnsl-2.19.so
7f053a3ec000-7f053a3ee000 rw-p 00000000 00:00 0 
7f053a3ee000-7f053a3f7000 r-xp 00000000 08:06 261215                     /lib/x86_64-linux-gnu/libnss_compat-2.19.so
7f053a3f7000-7f053a5f6000 ---p 00009000 08:06 261215                     /lib/x86_64-linux-gnu/libnss_compat-2.19.so
7f053a5f6000-7f053a5f7000 r--p 00008000 08:06 261215                     /lib/x86_64-linux-gnu/libnss_compat-2.19.so
7f053a5f7000-7f053a5f8000 rw-p 00009000 08:06 261215                     /lib/x86_64-linux-gnu/libnss_compat-2.19.so
7f053a5f8000-7f053a622000 r-xp 00000000 08:06 414479                     /usr/lib/jvm/java-8-oracle/jre/lib/amd64/libjava.so
7f053a622000-7f053a822000 ---p 0002a000 08:06 414479                     /usr/lib/jvm/java-8-oracle/jre/lib/amd64/libjava.so
7f053a822000-7f053a824000 rw-p 0002a000 08:06 414479                     /usr/lib/jvm/java-8-oracle/jre/lib/amd64/libjava.so
7f053a824000-7f053a831000 r-xp 00000000 08:06 414470                     /usr/lib/jvm/java-8-oracle/jre/lib/amd64/libverify.so
7f053a831000-7f053aa31000 ---p 0000d000 08:06 414470                     /usr/lib/jvm/java-8-oracle/jre/lib/amd64/libverify.so
7f053aa31000-7f053aa33000 rw-p 0000d000 08:06 414470                     /usr/lib/jvm/java-8-oracle/jre/lib/amd64/libverify.so
7f053aa33000-7f053aa3a000 r-xp 00000000 08:06 261224                     /lib/x86_64-linux-gnu/librt-2.19.so
7f053aa3a000-7f053ac39000 ---p 00007000 08:06 261224                     /lib/x86_64-linux-gnu/librt-2.19.so
7f053ac39000-7f053ac3a000 r--p 00006000 08:06 261224                     /lib/x86_64-linux-gnu/librt-2.19.so
7f053ac3a000-7f053ac3b000 rw-p 00007000 08:06 261224                     /lib/x86_64-linux-gnu/librt-2.19.so
7f053ac3b000-7f053ad40000 r-xp 00000000 08:06 261137                     /lib/x86_64-linux-gnu/libm-2.19.so
7f053ad40000-7f053af3f000 ---p 00105000 08:06 261137                     /lib/x86_64-linux-gnu/libm-2.19.so
7f053af3f000-7f053af40000 r--p 00104000 08:06 261137                     /lib/x86_64-linux-gnu/libm-2.19.so
7f053af40000-7f053af41000 rw-p 00105000 08:06 261137                     /lib/x86_64-linux-gnu/libm-2.19.so
7f053af41000-7f053bbff000 r-xp 00000000 08:06 414502                     /usr/lib/jvm/java-8-oracle/jre/lib/amd64/server/libjvm.so
7f053bbff000-7f053bdfe000 ---p 00cbe000 08:06 414502                     /usr/lib/jvm/java-8-oracle/jre/lib/amd64/server/libjvm.so
7f053bdfe000-7f053bed7000 rw-p 00cbd000 08:06 414502                     /usr/lib/jvm/java-8-oracle/jre/lib/amd64/server/libjvm.so
7f053bed7000-7f053bf1b000 rw-p 00000000 00:00 0 
7f053bf1b000-7f053c0d6000 r-xp 00000000 08:06 261221                     /lib/x86_64-linux-gnu/libc-2.19.so
7f053c0d6000-7f053c2d5000 ---p 001bb000 08:06 261221                     /lib/x86_64-linux-gnu/libc-2.19.so
7f053c2d5000-7f053c2d9000 r--p 001ba000 08:06 261221                     /lib/x86_64-linux-gnu/libc-2.19.so
7f053c2d9000-7f053c2db000 rw-p 001be000 08:06 261221                     /lib/x86_64-linux-gnu/libc-2.19.so
7f053c2db000-7f053c2e0000 rw-p 00000000 00:00 0 
7f053c2e0000-7f053c2e3000 r-xp 00000000 08:06 261152                     /lib/x86_64-linux-gnu/libdl-2.19.so
7f053c2e3000-7f053c4e2000 ---p 00003000 08:06 261152                     /lib/x86_64-linux-gnu/libdl-2.19.so
7f053c4e2000-7f053c4e3000 r--p 00002000 08:06 261152                     /lib/x86_64-linux-gnu/libdl-2.19.so
7f053c4e3000-7f053c4e4000 rw-p 00003000 08:06 261152                     /lib/x86_64-linux-gnu/libdl-2.19.so
7f053c4e4000-7f053c4f9000 r-xp 00000000 08:06 413769                     /usr/lib/jvm/java-8-oracle/lib/amd64/jli/libjli.so
7f053c4f9000-7f053c6f9000 ---p 00015000 08:06 413769                     /usr/lib/jvm/java-8-oracle/lib/amd64/jli/libjli.so
7f053c6f9000-7f053c6fa000 rw-p 00015000 08:06 413769                     /usr/lib/jvm/java-8-oracle/lib/amd64/jli/libjli.so
7f053c6fa000-7f053c713000 r-xp 00000000 08:06 261222                     /lib/x86_64-linux-gnu/libpthread-2.19.so
7f053c713000-7f053c912000 ---p 00019000 08:06 261222                     /lib/x86_64-linux-gnu/libpthread-2.19.so
7f053c912000-7f053c913000 r--p 00018000 08:06 261222                     /lib/x86_64-linux-gnu/libpthread-2.19.so
7f053c913000-7f053c914000 rw-p 00019000 08:06 261222                     /lib/x86_64-linux-gnu/libpthread-2.19.so
7f053c914000-7f053c918000 rw-p 00000000 00:00 0 
7f053c918000-7f053c93b000 r-xp 00000000 08:06 261218                     /lib/x86_64-linux-gnu/ld-2.19.so
7f053c93b000-7f053c940000 r--s 00096000 08:06 414462                     /usr/lib/jvm/java-8-oracle/jre/lib/jsse.jar
7f053c940000-7f053ca12000 rw-p 00000000 00:00 0 
7f053ca12000-7f053ca15000 ---p 00000000 00:00 0 
7f053ca15000-7f053cb17000 rw-p 00000000 00:00 0                          [stack:12606]
7f053cb17000-7f053cb18000 r--s 00007000 08:07 8522705                    /home/jony/.m2/repository/org/slf4j/slf4j-api/1.7.10/slf4j-api-1.7.10.jar
7f053cb18000-7f053cb1b000 r--s 000a6000 08:07 2097398                    /home/jony/.m2/repository/net/java/dev/jna/jna/3.5.2/jna-3.5.2.jar
7f053cb1b000-7f053cb2e000 rw-p 00000000 00:00 0 
7f053cb2e000-7f053cb36000 rw-s 00000000 08:06 523051                     /tmp/hsperfdata_jony/12601
7f053cb36000-7f053cb37000 rw-p 00000000 00:00 0 
7f053cb37000-7f053cb38000 r--p 00000000 00:00 0 
7f053cb38000-7f053cb3a000 rw-p 00000000 00:00 0 
7f053cb3a000-7f053cb3b000 r--p 00022000 08:06 261218                     /lib/x86_64-linux-gnu/ld-2.19.so
7f053cb3b000-7f053cb3c000 rw-p 00023000 08:06 261218                     /lib/x86_64-linux-gnu/ld-2.19.so
7f053cb3c000-7f053cb3d000 rw-p 00000000 00:00 0 
7fff52b22000-7fff52b43000 rw-p 00000000 00:00 0                          [stack]
7fff52b8f000-7fff52b91000 r-xp 00000000 00:00 0                          [vdso]
7fff52b91000-7fff52b93000 r--p 00000000 00:00 0                          [vvar]
ffffffffff600000-ffffffffff601000 r-xp 00000000 00:00 0                  [vsyscall]

VM Arguments:
jvm_args: -Dfile.encoding=UTF-8 
java_command: com.movieCart.MainFrame
java_class_path (initial): /home/jony/Dropbox/Eclipse Workspace/movieCart/target/classes:/home/jony/.m2/repository/uk/co/caprica/vlcj/3.9.0/vlcj-3.9.0.jar:/home/jony/.m2/repository/net/java/dev/jna/jna/3.5.2/jna-3.5.2.jar:/home/jony/.m2/repository/net/java/dev/jna/platform/3.5.2/platform-3.5.2.jar:/home/jony/.m2/repository/org/slf4j/slf4j-api/1.7.10/slf4j-api-1.7.10.jar
Launcher Type: SUN_STANDARD

Environment Variables:
JAVA_HOME=/usr/lib/jvm/java-8-oracle
PATH=/home/jony/sys161/bin:/home/jony/sys161/tools/bin:/home/jony/bin:/usr/local/sbin:/usr/local/bin:/usr/sbin:/usr/bin:/sbin:/bin:/usr/games:/usr/local/games:/usr/lib/jvm/java-8-oracle/bin:/usr/lib/jvm/java-8-oracle/db/bin:/usr/lib/jvm/java-8-oracle/jre/bin
SHELL=/bin/bash
DISPLAY=:0.0

Signal Handlers:
SIGSEGV: [libjvm.so+0xaba2a0], sa_mask[0]=11111111011111111101111111111110, sa_flags=SA_RESTART|SA_SIGINFO
SIGBUS: [libjvm.so+0xaba2a0], sa_mask[0]=11111111011111111101111111111110, sa_flags=SA_RESTART|SA_SIGINFO
SIGFPE: [libjvm.so+0x917710], sa_mask[0]=11111111011111111101111111111110, sa_flags=SA_RESTART|SA_SIGINFO
SIGPIPE: [libjvm.so+0x917710], sa_mask[0]=11111111011111111101111111111110, sa_flags=SA_RESTART|SA_SIGINFO
SIGXFSZ: [libjvm.so+0x917710], sa_mask[0]=11111111011111111101111111111110, sa_flags=SA_RESTART|SA_SIGINFO
SIGILL: [libjvm.so+0x917710], sa_mask[0]=11111111011111111101111111111110, sa_flags=SA_RESTART|SA_SIGINFO
SIGUSR1: SIG_DFL, sa_mask[0]=00000000000000000000000000000000, sa_flags=none
SIGUSR2: [libjvm.so+0x918d40], sa_mask[0]=00100000000000000000000000000000, sa_flags=SA_RESTART|SA_SIGINFO
SIGHUP: [libjvm.so+0x91a140], sa_mask[0]=11111111011111111101111111111110, sa_flags=SA_RESTART|SA_SIGINFO
SIGINT: [libjvm.so+0x91a140], sa_mask[0]=11111111011111111101111111111110, sa_flags=SA_RESTART|SA_SIGINFO
SIGTERM: [libjvm.so+0x91a140], sa_mask[0]=11111111011111111101111111111110, sa_flags=SA_RESTART|SA_SIGINFO
SIGQUIT: [libjvm.so+0x91a140], sa_mask[0]=11111111011111111101111111111110, sa_flags=SA_RESTART|SA_SIGINFO


---------------  S Y S T E M  ---------------

OS:DISTRIB_ID=Ubuntu
DISTRIB_RELEASE=14.04
DISTRIB_CODENAME=trusty
DISTRIB_DESCRIPTION="Ubuntu 14.04.3 LTS"

uname:Linux 3.16.0-51-generic #69~14.04.1-Ubuntu SMP Wed Oct 7 15:32:41 UTC 2015 x86_64
libc:glibc 2.19 NPTL 2.19 
rlimit: STACK 8192k, CORE 0k, NPROC 15360, NOFILE 4096, AS infinity
load average:0.64 0.68 0.68

/proc/meminfo:
MemTotal:        3953704 kB
MemFree:          193388 kB
MemAvailable:    1245708 kB
Buffers:          130220 kB
Cached:          1246072 kB
SwapCached:        13120 kB
Active:          2177312 kB
Inactive:        1247488 kB
Active(anon):    1607512 kB
Inactive(anon):   699076 kB
Active(file):     569800 kB
Inactive(file):   548412 kB
Unevictable:         104 kB
Mlocked:             104 kB
SwapTotal:       9764860 kB
SwapFree:        9624960 kB
Dirty:               272 kB
Writeback:             0 kB
AnonPages:       2038924 kB
Mapped:           323276 kB
Shmem:            258176 kB
Slab:             219976 kB
SReclaimable:     187512 kB
SUnreclaim:        32464 kB
KernelStack:       11008 kB
PageTables:        39080 kB
NFS_Unstable:          0 kB
Bounce:                0 kB
WritebackTmp:          0 kB
CommitLimit:    11741712 kB
Committed_AS:    6810024 kB
VmallocTotal:   34359738367 kB
VmallocUsed:      361940 kB
VmallocChunk:   34359360012 kB
HardwareCorrupted:     0 kB
AnonHugePages:    440320 kB
HugePages_Total:       0
HugePages_Free:        0
HugePages_Rsvd:        0
HugePages_Surp:        0
Hugepagesize:       2048 kB
DirectMap4k:       72352 kB
DirectMap2M:     4028416 kB


CPU:total 4 (2 cores per cpu, 2 threads per core) family 6 model 42 stepping 7, cmov, cx8, fxsr, mmx, sse, sse2, sse3, ssse3, sse4.1, sse4.2, popcnt, avx, aes, clmul, ht, tsc, tscinvbit

/proc/cpuinfo:
processor	: 0
vendor_id	: GenuineIntel
cpu family	: 6
model		: 42
model name	: Intel(R) Core(TM) i5-2430M CPU @ 2.40GHz
stepping	: 7
microcode	: 0x1a
cpu MHz		: 2802.375
cache size	: 3072 KB
physical id	: 0
siblings	: 4
core id		: 0
cpu cores	: 2
apicid		: 0
initial apicid	: 0
fpu		: yes
fpu_exception	: yes
cpuid level	: 13
wp		: yes
flags		: fpu vme de pse tsc msr pae mce cx8 apic sep mtrr pge mca cmov pat pse36 clflush dts acpi mmx fxsr sse sse2 ss ht tm pbe syscall nx rdtscp lm constant_tsc arch_perfmon pebs bts rep_good nopl xtopology nonstop_tsc aperfmperf eagerfpu pni pclmulqdq dtes64 monitor ds_cpl vmx est tm2 ssse3 cx16 xtpr pdcm pcid sse4_1 sse4_2 x2apic popcnt tsc_deadline_timer aes xsave avx lahf_lm ida arat epb xsaveopt pln pts dtherm tpr_shadow vnmi flexpriority ept vpid
bogomips	: 4789.33
clflush size	: 64
cache_alignment	: 64
address sizes	: 36 bits physical, 48 bits virtual
power management:

processor	: 1
vendor_id	: GenuineIntel
cpu family	: 6
model		: 42
model name	: Intel(R) Core(TM) i5-2430M CPU @ 2.40GHz
stepping	: 7
microcode	: 0x1a
cpu MHz		: 2799.937
cache size	: 3072 KB
physical id	: 0
siblings	: 4
core id		: 1
cpu cores	: 2
apicid		: 2
initial apicid	: 2
fpu		: yes
fpu_exception	: yes
cpuid level	: 13
wp		: yes
flags		: fpu vme de pse tsc msr pae mce cx8 apic sep mtrr pge mca cmov pat pse36 clflush dts acpi mmx fxsr sse sse2 ss ht tm pbe syscall nx rdtscp lm constant_tsc arch_perfmon pebs bts rep_good nopl xtopology nonstop_tsc aperfmperf eagerfpu pni pclmulqdq dtes64 monitor ds_cpl vmx est tm2 ssse3 cx16 xtpr pdcm pcid sse4_1 sse4_2 x2apic popcnt tsc_deadline_timer aes xsave avx lahf_lm ida arat epb xsaveopt pln pts dtherm tpr_shadow vnmi flexpriority ept vpid
bogomips	: 4789.33
clflush size	: 64
cache_alignment	: 64
address sizes	: 36 bits physical, 48 bits virtual
power management:

processor	: 2
vendor_id	: GenuineIntel
cpu family	: 6
model		: 42
model name	: Intel(R) Core(TM) i5-2430M CPU @ 2.40GHz
stepping	: 7
microcode	: 0x1a
cpu MHz		: 2205.843
cache size	: 3072 KB
physical id	: 0
siblings	: 4
core id		: 0
cpu cores	: 2
apicid		: 1
initial apicid	: 1
fpu		: yes
fpu_exception	: yes
cpuid level	: 13
wp		: yes
flags		: fpu vme de pse tsc msr pae mce cx8 apic sep mtrr pge mca cmov pat pse36 clflush dts acpi mmx fxsr sse sse2 ss ht tm pbe syscall nx rdtscp lm constant_tsc arch_perfmon pebs bts rep_good nopl xtopology nonstop_tsc aperfmperf eagerfpu pni pclmulqdq dtes64 monitor ds_cpl vmx est tm2 ssse3 cx16 xtpr pdcm pcid sse4_1 sse4_2 x2apic popcnt tsc_deadline_timer aes xsave avx lahf_lm ida arat epb xsaveopt pln pts dtherm tpr_shadow vnmi flexpriority ept vpid
bogomips	: 4789.33
clflush size	: 64
cache_alignment	: 64
address sizes	: 36 bits physical, 48 bits virtual
power management:

processor	: 3
vendor_id	: GenuineIntel
cpu family	: 6
model		: 42
model name	: Intel(R) Core(TM) i5-2430M CPU @ 2.40GHz
stepping	: 7
microcode	: 0x1a
cpu MHz		: 2802.562
cache size	: 3072 KB
physical id	: 0
siblings	: 4
core id		: 1
cpu cores	: 2
apicid		: 3
initial apicid	: 3
fpu		: yes
fpu_exception	: yes
cpuid level	: 13
wp		: yes
flags		: fpu vme de pse tsc msr pae mce cx8 apic sep mtrr pge mca cmov pat pse36 clflush dts acpi mmx fxsr sse sse2 ss ht tm pbe syscall nx rdtscp lm constant_tsc arch_perfmon pebs bts rep_good nopl xtopology nonstop_tsc aperfmperf eagerfpu pni pclmulqdq dtes64 monitor ds_cpl vmx est tm2 ssse3 cx16 xtpr pdcm pcid sse4_1 sse4_2 x2apic popcnt tsc_deadline_timer aes xsave avx lahf_lm ida arat epb xsaveopt pln pts dtherm tpr_shadow vnmi flexpriority ept vpid
bogomips	: 4789.33
clflush size	: 64
cache_alignment	: 64
address sizes	: 36 bits physical, 48 bits virtual
power management:



Memory: 4k page, physical 3953704k(193388k free), swap 9764860k(9624960k free)

vm_info: Java HotSpot(TM) 64-Bit Server VM (25.66-b17) for linux-amd64 JRE (1.8.0_66-b17), built on Oct  6 2015 17:28:34 by "java_re" with gcc 4.3.0 20080428 (Red Hat 4.3.0-8)

time: Mon Oct 26 20:55:58 2015
elapsed time: 2 seconds (0d 0h 0m 2s)

