#
# A fatal error has been detected by the Java Runtime Environment:
#
#  SIGSEGV (0xb) at pc=0x00007f792260d414, pid=13287, tid=140158248793856
#
# JRE version: Java(TM) SE Runtime Environment (8.0_66-b17) (build 1.8.0_66-b17)
# Java VM: Java HotSpot(TM) 64-Bit Server VM (25.66-b17 mixed mode linux-amd64 compressed oops)
# Problematic frame:
# C  [libpthread.so.0+0xa414]  pthread_mutex_lock+0x4
#
# Failed to write core dump. Core dumps have been disabled. To enable core dumping, try "ulimit -c unlimited" before starting Java again
#
# If you would like to submit a bug report, please visit:
#   http://bugreport.java.com/bugreport/crash.jsp
# The crash happened outside the Java Virtual Machine in native code.
# See problematic frame for where to report the bug.
#

---------------  T H R E A D  ---------------

Current thread (0x00007f791c00a000):  JavaThread "main" [_thread_in_native, id=13293, stack(0x00007f792291b000,0x00007f7922a1c000)]

siginfo: si_signo: 11 (SIGSEGV), si_code: 128 (SI_KERNEL), si_addr: 0x0000000000000000

Registers:
RAX=0x00007f7902a91950, RBX=0x00007f7922a19cb0, RCX=0x000000000000015d, RDX=0x00007f7922a19ca0
RSP=0x00007f7922a19c30, RBP=0x00007f791c274c80, RSI=0x00007f7922a19c90, RDI=0x0000ffe900000000
R8 =0x00007f7922a19cb0, R9 =0x00000000000001fd, R10=0x00007f791c260120, R11=0x00007f7902b12d07
R12=0x00007f7922a19c8c, R13=0x00007f7922a19dc0, R14=0x00007f7922a19db8, R15=0x00007f791c00a1f8
RIP=0x00007f792260d414, EFLAGS=0x0000000000010206, CSGSFS=0x0000000000000033, ERR=0x0000000000000000
  TRAPNO=0x000000000000000d

Top of Stack: (sp=0x00007f7922a19c30)
0x00007f7922a19c30:   00007f7922a19db8 00007f7902aab0da
0x00007f7922a19c40:   00007f7922a19c90 00007f7922a19ca0
0x00007f7922a19c50:   00007f791c354190 00007f791c35a780
0x00007f7922a19c60:   00007f791c227940 00007f791c354190
0x00007f7922a19c70:   00007f791c35a780 00007f7902a88a42
0x00007f7922a19c80:   00007f791c354190 00007f7922837515
0x00007f7922a19c90:   0000015e0000015d 696c436900000000
0x00007f7922a19ca0:   0000015700000156 00007f7900000000
0x00007f7922a19cb0:   00007f791c227940 00007f791c35a780
0x00007f7922a19cc0:   00007f791c35a780 00007f7922a19d20
0x00007f7922a19cd0:   00007f791c354190 00007f7902fdd991
0x00007f7922a19ce0:   00007f791c00a000 00007f791c227940
0x00007f7922a19cf0:   00007f791c00a000 00007f7909c16480
0x00007f7922a19d00:   0000000000000000 00007f7909c16480
0x00007f7922a19d10:   00007f7922a19dd0 00007f791c00a000
0x00007f7922a19d20:   00007f7922a19d98 00007f790c9e2994
0x00007f7922a19d30:   00007f7909c16480 0000000000000000
0x00007f7922a19d40:   00007f7922a19d98 00007f790c9e2727
0x00007f7922a19d50:   00007f790c9e26e2 00007f7922a19d58
0x00007f7922a19d60:   00007f7909c16480 00007f7922a19dd0
0x00007f7922a19d70:   00007f7909c19c28 0000000000000000
0x00007f7922a19d80:   00007f7909c16480 0000000000000000
0x00007f7922a19d90:   00007f7922a19db8 00007f7922a19e18
0x00007f7922a19da0:   00007f790c9d49d0 00000000ec5c8e60
0x00007f7922a19db0:   00007f790c9dc57b 00000000ecd2fd40
0x00007f7922a19dc0:   00000000ebeadb10 00007f791c227940
0x00007f7922a19dd0:   00007f790c9d4760 00007f7922a19dd8
0x00007f7922a19de0:   00007f7909bf83f4 00007f7922a19e30
0x00007f7922a19df0:   00007f7909bfe418 0000000000000000
0x00007f7922a19e00:   00007f7909bf8498 00007f7922a19db8
0x00007f7922a19e10:   00007f7922a19e38 00007f7922a19e78
0x00007f7922a19e20:   00007f790c9d4c4d 0000000000000000 

Instructions: (pc=0x00007f792260d414)
0x00007f792260d3f4:   0f 1f 40 00 c7 47 10 ff ff ff ff 31 c0 c3 66 2e
0x00007f792260d404:   0f 1f 84 00 00 00 00 00 0f 1f 40 00 48 83 ec 08
0x00007f792260d414:   8b 77 10 49 89 f8 89 f0 89 f2 25 7f 01 00 00 83
0x00007f792260d424:   e2 7c 0f 85 bf 00 00 00 85 c0 75 70 8b 15 ee 30 

Register to memory mapping:

RAX=0x00007f7902a91950: <offset 0x2a950> in /usr/lib/x86_64-linux-gnu/libX11.so.6 at 0x00007f7902a67000
RBX=0x00007f7922a19cb0 is pointing into the stack for thread: 0x00007f791c00a000
RCX=0x000000000000015d is an unknown value
RDX=0x00007f7922a19ca0 is pointing into the stack for thread: 0x00007f791c00a000
RSP=0x00007f7922a19c30 is pointing into the stack for thread: 0x00007f791c00a000
RBP=0x00007f791c274c80 is an unknown value
RSI=0x00007f7922a19c90 is pointing into the stack for thread: 0x00007f791c00a000
RDI=0x0000ffe900000000 is an unknown value
R8 =0x00007f7922a19cb0 is pointing into the stack for thread: 0x00007f791c00a000
R9 =0x00000000000001fd is an unknown value
R10=0x00007f791c260120 is an unknown value
R11=0x00007f7902b12d07: <offset 0xabd07> in /usr/lib/x86_64-linux-gnu/libX11.so.6 at 0x00007f7902a67000
R12=0x00007f7922a19c8c is pointing into the stack for thread: 0x00007f791c00a000
R13=0x00007f7922a19dc0 is pointing into the stack for thread: 0x00007f791c00a000
R14=0x00007f7922a19db8 is pointing into the stack for thread: 0x00007f791c00a000
R15=0x00007f791c00a1f8 is an unknown value


Stack: [0x00007f792291b000,0x00007f7922a1c000],  sp=0x00007f7922a19c30,  free space=1019k
Native frames: (J=compiled Java code, j=interpreted, Vv=VM code, C=native code)
C  [libpthread.so.0+0xa414]  pthread_mutex_lock+0x4

Java frames: (J=compiled Java code, j=interpreted, Vv=VM code)
j  sun.awt.X11.XlibWrapper.XGetDefault(JLjava/lang/String;Ljava/lang/String;)Ljava/lang/String;+0
j  sun.awt.X11.XToolkit.initializeMultiClickTime()V+12
j  sun.awt.X11.XToolkit.getMultiClickTime()I+6
j  sun.awt.X11.XToolkit.initializeDesktopProperties()V+82
j  java.awt.Toolkit.getDesktopProperty(Ljava/lang/String;)Ljava/lang/Object;+32
j  sun.swing.SwingUtilities2$AATextInfo.getAATextInfo(Z)Lsun/swing/SwingUtilities2$AATextInfo;+11
j  javax.swing.plaf.metal.MetalLookAndFeel.initComponentDefaults(Ljavax/swing/UIDefaults;)V+12062
j  javax.swing.plaf.basic.BasicLookAndFeel.getDefaults()Ljavax/swing/UIDefaults;+25
j  javax.swing.plaf.metal.MetalLookAndFeel.getDefaults()Ljavax/swing/UIDefaults;+9
j  javax.swing.UIManager.setLookAndFeel(Ljavax/swing/LookAndFeel;)V+79
j  javax.swing.UIManager.setLookAndFeel(Ljava/lang/String;)V+16
j  javax.swing.UIManager.initializeDefaultLAF(Ljava/util/Properties;)V+55
j  javax.swing.UIManager.initialize()V+9
j  javax.swing.UIManager.maybeInitialize()V+22
j  javax.swing.UIManager.getUI(Ljavax/swing/JComponent;)Ljavax/swing/plaf/ComponentUI;+0
j  javax.swing.JPanel.updateUI()V+2
j  javax.swing.JPanel.<init>(Ljava/awt/LayoutManager;Z)V+24
j  javax.swing.JPanel.<init>(Z)V+9
j  javax.swing.JPanel.<init>()V+2
j  javax.swing.JRootPane.createGlassPane()Ljava/awt/Component;+4
j  javax.swing.JRootPane.<init>()V+11
j  javax.swing.JFrame.createRootPane()Ljavax/swing/JRootPane;+4
j  javax.swing.JFrame.frameInit()V+16
j  javax.swing.JFrame.<init>()V+20
j  com.movieCart.MainFrame.<init>()V+1
j  com.movieCart.MainFrame.main([Ljava/lang/String;)V+25
v  ~StubRoutines::call_stub

---------------  P R O C E S S  ---------------

Java Threads: ( => current thread )
  0x00007f791c27d000 JavaThread "AWT-XAWT" daemon [_thread_in_native, id=13308, stack(0x00007f7901264000,0x00007f7901365000)]
  0x00007f791c25e000 JavaThread "Java2D Disposer" daemon [_thread_blocked, id=13307, stack(0x00007f7901775000,0x00007f7901876000)]
  0x00007f791c0ca000 JavaThread "Service Thread" daemon [_thread_blocked, id=13305, stack(0x00007f79035da000,0x00007f79036db000)]
  0x00007f791c0bc800 JavaThread "C1 CompilerThread2" daemon [_thread_blocked, id=13304, stack(0x00007f79036db000,0x00007f79037dc000)]
  0x00007f791c0bb000 JavaThread "C2 CompilerThread1" daemon [_thread_blocked, id=13303, stack(0x00007f79037dc000,0x00007f79038dd000)]
  0x00007f791c0b8000 JavaThread "C2 CompilerThread0" daemon [_thread_blocked, id=13302, stack(0x00007f79080a1000,0x00007f79081a2000)]
  0x00007f791c0b6800 JavaThread "Signal Dispatcher" daemon [_thread_blocked, id=13301, stack(0x00007f79081a2000,0x00007f79082a3000)]
  0x00007f791c07f000 JavaThread "Finalizer" daemon [_thread_blocked, id=13300, stack(0x00007f79082a3000,0x00007f79083a4000)]
  0x00007f791c07c800 JavaThread "Reference Handler" daemon [_thread_blocked, id=13299, stack(0x00007f79083a4000,0x00007f79084a5000)]
=>0x00007f791c00a000 JavaThread "main" [_thread_in_native, id=13293, stack(0x00007f792291b000,0x00007f7922a1c000)]

Other Threads:
  0x00007f791c077800 VMThread [stack: 0x00007f79084a5000,0x00007f79085a6000] [id=13298]
  0x00007f791c0cc800 WatcherThread [stack: 0x00007f79034d9000,0x00007f79035da000] [id=13306]

VM state:not at safepoint (normal execution)

VM Mutex/Monitor currently owned by a thread: None

Heap:
 PSYoungGen      total 18432K, used 15730K [0x00000000ebe00000, 0x00000000ed280000, 0x0000000100000000)
  eden space 15872K, 99% used [0x00000000ebe00000,0x00000000ecd5cb60,0x00000000ecd80000)
  from space 2560K, 0% used [0x00000000ed000000,0x00000000ed000000,0x00000000ed280000)
  to   space 2560K, 0% used [0x00000000ecd80000,0x00000000ecd80000,0x00000000ed000000)
 ParOldGen       total 42496K, used 0K [0x00000000c3a00000, 0x00000000c6380000, 0x00000000ebe00000)
  object space 42496K, 0% used [0x00000000c3a00000,0x00000000c3a00000,0x00000000c6380000)
 Metaspace       used 9045K, capacity 9182K, committed 9344K, reserved 1056768K
  class space    used 1045K, capacity 1118K, committed 1152K, reserved 1048576K

Card table byte_map: [0x00007f790c429000,0x00007f790c60d000] byte_map_base: 0x00007f790be0c000

Marking Bits: (ParMarkBitMap*) 0x00007f7921df9020
 Begin Bits: [0x00007f790a0b3000, 0x00007f790afcb000)
 End Bits:   [0x00007f790afcb000, 0x00007f790bee3000)

Polling page: 0x00007f7922a40000

CodeCache: size=245760Kb used=2523Kb max_used=2529Kb free=243236Kb
 bounds [0x00007f790c9cd000, 0x00007f790cc4d000, 0x00007f791b9cd000]
 total_blobs=1025 nmethods=587 adapters=352
 compilation: enabled

Compilation events (10 events):
Event: 0.747 Thread 0x00007f791c0bc800 nmethod 583 0x00007f790cc41d90 code [0x00007f790cc41f40, 0x00007f790cc42558]
Event: 0.747 Thread 0x00007f791c0b8000 nmethod 582 0x00007f790cc45650 code [0x00007f790cc457a0, 0x00007f790cc45a18]
Event: 0.751 Thread 0x00007f791c0bc800  584       3       java.util.Hashtable::addEntry (87 bytes)
Event: 0.752 Thread 0x00007f791c0bc800 nmethod 584 0x00007f790cc44b10 code [0x00007f790cc44cc0, 0x00007f790cc45318]
Event: 0.752 Thread 0x00007f791c0bc800  585       3       jdk.internal.org.objectweb.asm.ClassWriter::put122 (15 bytes)
Event: 0.752 Thread 0x00007f791c0bc800 nmethod 585 0x00007f790cc44650 code [0x00007f790cc447e0, 0x00007f790cc449d8]
Event: 0.753 Thread 0x00007f791c0bc800  586       3       jdk.internal.org.objectweb.asm.ClassWriter::newClass (9 bytes)
Event: 0.753 Thread 0x00007f791c0bc800 nmethod 586 0x00007f790cc44250 code [0x00007f790cc443c0, 0x00007f790cc44568]
Event: 0.754 Thread 0x00007f791c0bc800  587       1       java.lang.reflect.Constructor::getDeclaringClass (5 bytes)
Event: 0.754 Thread 0x00007f791c0bc800 nmethod 587 0x00007f790cc43f90 code [0x00007f790cc440e0, 0x00007f790cc441f0]

GC Heap History (0 events):
No events

Deoptimization events (9 events):
Event: 0.270 Thread 0x00007f791c00a000 Uncommon trap: reason=unstable_if action=reinterpret pc=0x00007f790cb7b8f0 method=java.lang.String.substring(I)Ljava/lang/String; @ 35
Event: 0.317 Thread 0x00007f791c00a000 Uncommon trap: reason=class_check action=maybe_recompile pc=0x00007f790cb71538 method=java.util.regex.Matcher.match(II)Z @ 86
Event: 0.317 Thread 0x00007f791c00a000 Uncommon trap: reason=class_check action=maybe_recompile pc=0x00007f790cb71538 method=java.util.regex.Matcher.match(II)Z @ 86
Event: 0.412 Thread 0x00007f791c00a000 Uncommon trap: reason=class_check action=maybe_recompile pc=0x00007f790cb71538 method=java.util.regex.Matcher.match(II)Z @ 86
Event: 0.487 Thread 0x00007f791c00a000 Uncommon trap: reason=class_check action=maybe_recompile pc=0x00007f790cbd2a68 method=java.io.DataOutputStream.writeByte(I)V @ 5
Event: 0.487 Thread 0x00007f791c00a000 Uncommon trap: reason=class_check action=maybe_recompile pc=0x00007f790cbd2a68 method=java.io.DataOutputStream.writeByte(I)V @ 5
Event: 0.487 Thread 0x00007f791c00a000 Uncommon trap: reason=class_check action=maybe_recompile pc=0x00007f790cbd2a68 method=java.io.DataOutputStream.writeByte(I)V @ 5
Event: 0.487 Thread 0x00007f791c00a000 Uncommon trap: reason=class_check action=maybe_recompile pc=0x00007f790cbd2a68 method=java.io.DataOutputStream.writeByte(I)V @ 5
Event: 0.533 Thread 0x00007f791c00a000 Uncommon trap: reason=class_check action=maybe_recompile pc=0x00007f790cb71538 method=java.util.regex.Matcher.match(II)Z @ 86

Internal exceptions (10 events):
Event: 0.197 Thread 0x00007f791c00a000 Exception <a 'java/security/PrivilegedActionException'> (0x00000000ec0a9ee0) thrown at [/HUDSON/workspace/8-2-build-linux-amd64/jdk8u66/4988/hotspot/src/share/vm/prims/jvm.cpp, line 1386]
Event: 0.197 Thread 0x00007f791c00a000 Exception <a 'java/security/PrivilegedActionException'> (0x00000000ec0aa0f0) thrown at [/HUDSON/workspace/8-2-build-linux-amd64/jdk8u66/4988/hotspot/src/share/vm/prims/jvm.cpp, line 1386]
Event: 0.197 Thread 0x00007f791c00a000 Exception <a 'java/security/PrivilegedActionException'> (0x00000000ec0aadb8) thrown at [/HUDSON/workspace/8-2-build-linux-amd64/jdk8u66/4988/hotspot/src/share/vm/prims/jvm.cpp, line 1386]
Event: 0.197 Thread 0x00007f791c00a000 Exception <a 'java/security/PrivilegedActionException'> (0x00000000ec0aafc8) thrown at [/HUDSON/workspace/8-2-build-linux-amd64/jdk8u66/4988/hotspot/src/share/vm/prims/jvm.cpp, line 1386]
Event: 0.197 Thread 0x00007f791c00a000 Exception <a 'java/security/PrivilegedActionException'> (0x00000000ec0abcb8) thrown at [/HUDSON/workspace/8-2-build-linux-amd64/jdk8u66/4988/hotspot/src/share/vm/prims/jvm.cpp, line 1386]
Event: 0.197 Thread 0x00007f791c00a000 Exception <a 'java/security/PrivilegedActionException'> (0x00000000ec0abec8) thrown at [/HUDSON/workspace/8-2-build-linux-amd64/jdk8u66/4988/hotspot/src/share/vm/prims/jvm.cpp, line 1386]
Event: 0.204 Thread 0x00007f791c00a000 Exception <a 'java/lang/NoClassDefFoundError': org/slf4j/impl/StaticLoggerBinder> (0x00000000ec0d1ee0) thrown at [/HUDSON/workspace/8-2-build-linux-amd64/jdk8u66/4988/hotspot/src/share/vm/classfile/systemDictionary.cpp, line 199]
Event: 0.395 Thread 0x00007f791c00a000 Exception <a 'java/lang/NullPointerException'> (0x00000000ec68d198) thrown at [/HUDSON/workspace/8-2-build-linux-amd64/jdk8u66/4988/hotspot/src/share/vm/interpreter/linkResolver.cpp, line 1178]
Event: 0.414 Thread 0x00007f791c00a000 Exception <a 'java/lang/UnsatisfiedLinkError': libvlc.so: cannot open shared object file: No such file or directory> (0x00000000ec6e6fe0) thrown at [/HUDSON/workspace/8-2-build-linux-amd64/jdk8u66/4988/hotspot/src/share/vm/prims/jni.cpp, line 735]
Event: 0.414 Thread 0x00007f791c00a000 Exception <a 'java/lang/UnsatisfiedLinkError': libvlc.so: cannot open shared object file: No such file or directory> (0x00000000ec6e7ef8) thrown at [/HUDSON/workspace/8-2-build-linux-amd64/jdk8u66/4988/hotspot/src/share/vm/prims/jni.cpp, line 735]

Events (10 events):
Event: 0.750 loading class javax/swing/plaf/DimensionUIResource
Event: 0.750 loading class javax/swing/plaf/DimensionUIResource done
Event: 0.750 loading class javax/swing/UIDefaults$LazyInputMap
Event: 0.750 loading class javax/swing/UIDefaults$LazyInputMap done
Event: 0.752 loading class javax/swing/plaf/metal/MetalLookAndFeel$FontActiveValue
Event: 0.752 loading class javax/swing/plaf/metal/MetalLookAndFeel$FontActiveValue done
Event: 0.754 loading class sun/swing/SwingUtilities2$AATextInfo
Event: 0.754 loading class sun/swing/SwingUtilities2$AATextInfo done
Event: 0.754 loading class sun/awt/HeadlessToolkit
Event: 0.755 loading class sun/awt/HeadlessToolkit done


Dynamic libraries:
00400000-00401000 r-xp 00000000 08:06 411928                             /usr/lib/jvm/java-8-oracle/bin/java
00600000-00601000 rw-p 00000000 08:06 411928                             /usr/lib/jvm/java-8-oracle/bin/java
0209d000-020be000 rw-p 00000000 00:00 0                                  [heap]
c3a00000-c6380000 rw-p 00000000 00:00 0 
c6380000-ebe00000 ---p 00000000 00:00 0 
ebe00000-ed280000 rw-p 00000000 00:00 0 
ed280000-100000000 ---p 00000000 00:00 0 
100000000-100120000 rw-p 00000000 00:00 0 
100120000-140000000 ---p 00000000 00:00 0 
7f78c0ed2000-7f78c0ed6000 r-xp 00000000 08:06 265517                     /lib/x86_64-linux-gnu/libuuid.so.1.3.0
7f78c0ed6000-7f78c10d5000 ---p 00004000 08:06 265517                     /lib/x86_64-linux-gnu/libuuid.so.1.3.0
7f78c10d5000-7f78c10d6000 r--p 00003000 08:06 265517                     /lib/x86_64-linux-gnu/libuuid.so.1.3.0
7f78c10d6000-7f78c10d7000 rw-p 00004000 08:06 265517                     /lib/x86_64-linux-gnu/libuuid.so.1.3.0
7f78c10d7000-7f78c10de000 r-xp 00000000 08:06 530346                     /usr/lib/x86_64-linux-gnu/libffi.so.6.0.1
7f78c10de000-7f78c12dd000 ---p 00007000 08:06 530346                     /usr/lib/x86_64-linux-gnu/libffi.so.6.0.1
7f78c12dd000-7f78c12de000 r--p 00006000 08:06 530346                     /usr/lib/x86_64-linux-gnu/libffi.so.6.0.1
7f78c12de000-7f78c12df000 rw-p 00007000 08:06 530346                     /usr/lib/x86_64-linux-gnu/libffi.so.6.0.1
7f78c12df000-7f78c131c000 r-xp 00000000 08:06 265436                     /lib/x86_64-linux-gnu/libpcre.so.3.13.1
7f78c131c000-7f78c151b000 ---p 0003d000 08:06 265436                     /lib/x86_64-linux-gnu/libpcre.so.3.13.1
7f78c151b000-7f78c151c000 r--p 0003c000 08:06 265436                     /lib/x86_64-linux-gnu/libpcre.so.3.13.1
7f78c151c000-7f78c151d000 rw-p 0003d000 08:06 265436                     /lib/x86_64-linux-gnu/libpcre.so.3.13.1
7f78c151d000-7f78c157c000 r-xp 00000000 08:06 530103                     /usr/lib/x86_64-linux-gnu/libXt.so.6.0.0
7f78c157c000-7f78c177c000 ---p 0005f000 08:06 530103                     /usr/lib/x86_64-linux-gnu/libXt.so.6.0.0
7f78c177c000-7f78c177d000 r--p 0005f000 08:06 530103                     /usr/lib/x86_64-linux-gnu/libXt.so.6.0.0
7f78c177d000-7f78c1782000 rw-p 00060000 08:06 530103                     /usr/lib/x86_64-linux-gnu/libXt.so.6.0.0
7f78c1782000-7f78c1783000 rw-p 00000000 00:00 0 
7f78c1783000-7f78c17aa000 r-xp 00000000 08:06 265110                     /lib/x86_64-linux-gnu/libexpat.so.1.6.0
7f78c17aa000-7f78c19aa000 ---p 00027000 08:06 265110                     /lib/x86_64-linux-gnu/libexpat.so.1.6.0
7f78c19aa000-7f78c19ac000 r--p 00027000 08:06 265110                     /lib/x86_64-linux-gnu/libexpat.so.1.6.0
7f78c19ac000-7f78c19ad000 rw-p 00029000 08:06 265110                     /lib/x86_64-linux-gnu/libexpat.so.1.6.0
7f78c19ad000-7f78c19c4000 r-xp 00000000 08:06 529934                     /usr/lib/x86_64-linux-gnu/libICE.so.6.3.0
7f78c19c4000-7f78c1bc3000 ---p 00017000 08:06 529934                     /usr/lib/x86_64-linux-gnu/libICE.so.6.3.0
7f78c1bc3000-7f78c1bc4000 r--p 00016000 08:06 529934                     /usr/lib/x86_64-linux-gnu/libICE.so.6.3.0
7f78c1bc4000-7f78c1bc5000 rw-p 00017000 08:06 529934                     /usr/lib/x86_64-linux-gnu/libICE.so.6.3.0
7f78c1bc5000-7f78c1bc9000 rw-p 00000000 00:00 0 
7f78c1bc9000-7f78c1bd0000 r-xp 00000000 08:06 530056                     /usr/lib/x86_64-linux-gnu/libSM.so.6.0.1
7f78c1bd0000-7f78c1dcf000 ---p 00007000 08:06 530056                     /usr/lib/x86_64-linux-gnu/libSM.so.6.0.1
7f78c1dcf000-7f78c1dd0000 r--p 00006000 08:06 530056                     /usr/lib/x86_64-linux-gnu/libSM.so.6.0.1
7f78c1dd0000-7f78c1dd1000 rw-p 00007000 08:06 530056                     /usr/lib/x86_64-linux-gnu/libSM.so.6.0.1
7f78c1dd1000-7f78c1e20000 r-xp 00000000 08:06 530475                     /usr/lib/x86_64-linux-gnu/libgobject-2.0.so.0.4002.0
7f78c1e20000-7f78c2020000 ---p 0004f000 08:06 530475                     /usr/lib/x86_64-linux-gnu/libgobject-2.0.so.0.4002.0
7f78c2020000-7f78c2021000 r--p 0004f000 08:06 530475                     /usr/lib/x86_64-linux-gnu/libgobject-2.0.so.0.4002.0
7f78c2021000-7f78c2022000 rw-p 00050000 08:06 530475                     /usr/lib/x86_64-linux-gnu/libgobject-2.0.so.0.4002.0
7f78c2022000-7f78c20bf000 r-xp 00000000 08:06 539648                     /usr/lib/x86_64-linux-gnu/libfreetype.so.6.11.1
7f78c20bf000-7f78c22be000 ---p 0009d000 08:06 539648                     /usr/lib/x86_64-linux-gnu/libfreetype.so.6.11.1
7f78c22be000-7f78c22c4000 r--p 0009c000 08:06 539648                     /usr/lib/x86_64-linux-gnu/libfreetype.so.6.11.1
7f78c22c4000-7f78c22c5000 rw-p 000a2000 08:06 539648                     /usr/lib/x86_64-linux-gnu/libfreetype.so.6.11.1
7f78c22c5000-7f78c22dd000 r-xp 00000000 08:06 265703                     /lib/x86_64-linux-gnu/libz.so.1.2.8
7f78c22dd000-7f78c24dc000 ---p 00018000 08:06 265703                     /lib/x86_64-linux-gnu/libz.so.1.2.8
7f78c24dc000-7f78c24dd000 r--p 00017000 08:06 265703                     /lib/x86_64-linux-gnu/libz.so.1.2.8
7f78c24dd000-7f78c24de000 rw-p 00018000 08:06 265703                     /lib/x86_64-linux-gnu/libz.so.1.2.8
7f78c24de000-7f78c2503000 r-xp 00000000 08:06 265655                     /lib/x86_64-linux-gnu/libpng12.so.0.50.0
7f78c2503000-7f78c2702000 ---p 00025000 08:06 265655                     /lib/x86_64-linux-gnu/libpng12.so.0.50.0
7f78c2702000-7f78c2703000 r--p 00024000 08:06 265655                     /lib/x86_64-linux-gnu/libpng12.so.0.50.0
7f78c2703000-7f78c2704000 rw-p 00025000 08:06 265655                     /lib/x86_64-linux-gnu/libpng12.so.0.50.0
7f78c2704000-7f78c280a000 r-xp 00000000 08:06 265571                     /lib/x86_64-linux-gnu/libglib-2.0.so.0.4002.0
7f78c280a000-7f78c2a09000 ---p 00106000 08:06 265571                     /lib/x86_64-linux-gnu/libglib-2.0.so.0.4002.0
7f78c2a09000-7f78c2a0a000 r--p 00105000 08:06 265571                     /lib/x86_64-linux-gnu/libglib-2.0.so.0.4002.0
7f78c2a0a000-7f78c2a0b000 rw-p 00106000 08:06 265571                     /lib/x86_64-linux-gnu/libglib-2.0.so.0.4002.0
7f78c2a0b000-7f78c2a0c000 rw-p 00000000 00:00 0 
7f78c2a0c000-7f78c2ce4000 r-xp 00000000 08:06 530043                     /usr/lib/x86_64-linux-gnu/libQtCore.so.4.8.6
7f78c2ce4000-7f78c2ee4000 ---p 002d8000 08:06 530043                     /usr/lib/x86_64-linux-gnu/libQtCore.so.4.8.6
7f78c2ee4000-7f78c2eef000 r--p 002d8000 08:06 530043                     /usr/lib/x86_64-linux-gnu/libQtCore.so.4.8.6
7f78c2eef000-7f78c2ef0000 rw-p 002e3000 08:06 530043                     /usr/lib/x86_64-linux-gnu/libQtCore.so.4.8.6
7f78c2ef0000-7f78c2ef1000 rw-p 00000000 00:00 0 
7f78c2ef1000-7f78c3957000 r-xp 00000000 08:06 522879                     /usr/lib/x86_64-linux-gnu/libQtGui.so.4.8.6
7f78c3957000-7f78c3b57000 ---p 00a66000 08:06 522879                     /usr/lib/x86_64-linux-gnu/libQtGui.so.4.8.6
7f78c3b57000-7f78c3b99000 r--p 00a66000 08:06 522879                     /usr/lib/x86_64-linux-gnu/libQtGui.so.4.8.6
7f78c3b99000-7f78c3ba0000 rw-p 00aa8000 08:06 522879                     /usr/lib/x86_64-linux-gnu/libQtGui.so.4.8.6
7f78c3ba0000-7f78c3ba4000 rw-p 00000000 00:00 0 
7f78c3ba4000-7f78c3ba7000 r-xp 00000000 08:06 530850                     /usr/lib/x86_64-linux-gnu/libpulse-simple.so.0.0.4
7f78c3ba7000-7f78c3da6000 ---p 00003000 08:06 530850                     /usr/lib/x86_64-linux-gnu/libpulse-simple.so.0.0.4
7f78c3da6000-7f78c3da7000 r--p 00002000 08:06 530850                     /usr/lib/x86_64-linux-gnu/libpulse-simple.so.0.0.4
7f78c3da7000-7f78c3da8000 rw-p 00003000 08:06 530850                     /usr/lib/x86_64-linux-gnu/libpulse-simple.so.0.0.4
7f78c3de8000-7f78c3dff000 r-xp 00000000 08:06 530166                     /usr/lib/x86_64-linux-gnu/libaudio.so.2.4
7f78c3dff000-7f78c3ffe000 ---p 00017000 08:06 530166                     /usr/lib/x86_64-linux-gnu/libaudio.so.2.4
7f78c3ffe000-7f78c3fff000 r--p 00016000 08:06 530166                     /usr/lib/x86_64-linux-gnu/libaudio.so.2.4
7f78c3fff000-7f78c4000000 rw-p 00017000 08:06 530166                     /usr/lib/x86_64-linux-gnu/libaudio.so.2.4
7f78c4000000-7f78c4021000 rw-p 00000000 00:00 0 
7f78c4021000-7f78c8000000 ---p 00000000 00:00 0 
7f78c8000000-7f78c8021000 rw-p 00000000 00:00 0 
7f78c8021000-7f78cc000000 ---p 00000000 00:00 0 
7f78cc000000-7f78cc021000 rw-p 00000000 00:00 0 
7f78cc021000-7f78d0000000 ---p 00000000 00:00 0 
7f78d0000000-7f78d0021000 rw-p 00000000 00:00 0 
7f78d0021000-7f78d4000000 ---p 00000000 00:00 0 
7f78d4000000-7f78d4243000 rw-p 00000000 00:00 0 
7f78d4243000-7f78d8000000 ---p 00000000 00:00 0 
7f78d8000000-7f78d81f2000 rw-p 00000000 00:00 0 
7f78d81f2000-7f78dc000000 ---p 00000000 00:00 0 
7f78dc000000-7f78dc021000 rw-p 00000000 00:00 0 
7f78dc021000-7f78e0000000 ---p 00000000 00:00 0 
7f78e0000000-7f78e0242000 rw-p 00000000 00:00 0 
7f78e0242000-7f78e4000000 ---p 00000000 00:00 0 
7f78e4000000-7f78e4021000 rw-p 00000000 00:00 0 
7f78e4021000-7f78e8000000 ---p 00000000 00:00 0 
7f78e8000000-7f78e8021000 rw-p 00000000 00:00 0 
7f78e8021000-7f78ec000000 ---p 00000000 00:00 0 
7f78ec000000-7f78ec021000 rw-p 00000000 00:00 0 
7f78ec021000-7f78f0000000 ---p 00000000 00:00 0 
7f78f0000000-7f78f0021000 rw-p 00000000 00:00 0 
7f78f0021000-7f78f4000000 ---p 00000000 00:00 0 
7f78f4000000-7f78f4021000 rw-p 00000000 00:00 0 
7f78f4021000-7f78f8000000 ---p 00000000 00:00 0 
7f78f8125000-7f78f815f000 r-xp 00000000 08:06 530360                     /usr/lib/x86_64-linux-gnu/libfontconfig.so.1.8.0
7f78f815f000-7f78f835e000 ---p 0003a000 08:06 530360                     /usr/lib/x86_64-linux-gnu/libfontconfig.so.1.8.0
7f78f835e000-7f78f8360000 r--p 00039000 08:06 530360                     /usr/lib/x86_64-linux-gnu/libfontconfig.so.1.8.0
7f78f8360000-7f78f8361000 rw-p 0003b000 08:06 530360                     /usr/lib/x86_64-linux-gnu/libfontconfig.so.1.8.0
7f78f8361000-7f78f85c3000 r-xp 00000000 08:06 413116                     /usr/lib/vlc/plugins/gui/libqt4_plugin.so
7f78f85c3000-7f78f87c2000 ---p 00262000 08:06 413116                     /usr/lib/vlc/plugins/gui/libqt4_plugin.so
7f78f87c2000-7f78f87db000 r--p 00261000 08:06 413116                     /usr/lib/vlc/plugins/gui/libqt4_plugin.so
7f78f87db000-7f78f87df000 rw-p 0027a000 08:06 413116                     /usr/lib/vlc/plugins/gui/libqt4_plugin.so
7f78f87df000-7f78f87e5000 r-xp 00000000 08:06 546092                     /usr/lib/x86_64-linux-gnu/libxcb-xv.so.0.0.0
7f78f87e5000-7f78f89e4000 ---p 00006000 08:06 546092                     /usr/lib/x86_64-linux-gnu/libxcb-xv.so.0.0.0
7f78f89e4000-7f78f89e5000 r--p 00005000 08:06 546092                     /usr/lib/x86_64-linux-gnu/libxcb-xv.so.0.0.0
7f78f89e5000-7f78f89e6000 rw-p 00006000 08:06 546092                     /usr/lib/x86_64-linux-gnu/libxcb-xv.so.0.0.0
7f78f89e6000-7f78f89ed000 r-xp 00000000 08:06 413105                     /usr/lib/vlc/plugins/video_output/libxcb_xv_plugin.so
7f78f89ed000-7f78f8bec000 ---p 00007000 08:06 413105                     /usr/lib/vlc/plugins/video_output/libxcb_xv_plugin.so
7f78f8bec000-7f78f8bed000 r--p 00006000 08:06 413105                     /usr/lib/vlc/plugins/video_output/libxcb_xv_plugin.so
7f78f8bed000-7f78f8bee000 rw-p 00007000 08:06 413105                     /usr/lib/vlc/plugins/video_output/libxcb_xv_plugin.so
7f78f8bee000-7f78f8c71000 r-xp 00000000 08:06 526635                     /usr/lib/x86_64-linux-gnu/libdirac_encoder.so.0.1.0
7f78f8c71000-7f78f8e70000 ---p 00083000 08:06 526635                     /usr/lib/x86_64-linux-gnu/libdirac_encoder.so.0.1.0
7f78f8e70000-7f78f8e73000 r--p 00082000 08:06 526635                     /usr/lib/x86_64-linux-gnu/libdirac_encoder.so.0.1.0
7f78f8e73000-7f78f8e74000 rw-p 00085000 08:06 526635                     /usr/lib/x86_64-linux-gnu/libdirac_encoder.so.0.1.0
7f78f8e74000-7f78f8e75000 rw-p 00000000 00:00 0 
7f78f8e78000-7f78f8e7a000 r-xp 00000000 08:06 531122                     /usr/lib/x86_64-linux-gnu/libxcb-shm.so.0.0.0
7f78f8e7a000-7f78f9079000 ---p 00002000 08:06 531122                     /usr/lib/x86_64-linux-gnu/libxcb-shm.so.0.0.0
7f78f9079000-7f78f907a000 r--p 00001000 08:06 531122                     /usr/lib/x86_64-linux-gnu/libxcb-shm.so.0.0.0
7f78f907a000-7f78f907b000 rw-p 00002000 08:06 531122                     /usr/lib/x86_64-linux-gnu/libxcb-shm.so.0.0.0
7f78f907b000-7f78f9083000 r-xp 00000000 08:06 265602                     /lib/x86_64-linux-gnu/libnih-dbus.so.1.0.0
7f78f9083000-7f78f9283000 ---p 00008000 08:06 265602                     /lib/x86_64-linux-gnu/libnih-dbus.so.1.0.0
7f78f9283000-7f78f9284000 r--p 00008000 08:06 265602                     /lib/x86_64-linux-gnu/libnih-dbus.so.1.0.0
7f78f9284000-7f78f9285000 rw-p 00009000 08:06 265602                     /lib/x86_64-linux-gnu/libnih-dbus.so.1.0.0
7f78f9285000-7f78f929c000 r-xp 00000000 08:06 265604                     /lib/x86_64-linux-gnu/libnih.so.1.0.0
7f78f929c000-7f78f949b000 ---p 00017000 08:06 265604                     /lib/x86_64-linux-gnu/libnih.so.1.0.0
7f78f949b000-7f78f949c000 r--p 00016000 08:06 265604                     /lib/x86_64-linux-gnu/libnih.so.1.0.0
7f78f949c000-7f78f949d000 rw-p 00017000 08:06 265604                     /lib/x86_64-linux-gnu/libnih.so.1.0.0
7f78f949d000-7f78f94b6000 r-xp 00000000 08:06 265465                     /lib/x86_64-linux-gnu/libcgmanager.so.0.0.0
7f78f94b6000-7f78f96b5000 ---p 00019000 08:06 265465                     /lib/x86_64-linux-gnu/libcgmanager.so.0.0.0
7f78f96b5000-7f78f96b7000 r--p 00018000 08:06 265465                     /lib/x86_64-linux-gnu/libcgmanager.so.0.0.0
7f78f96b7000-7f78f96b8000 rw-p 0001a000 08:06 265465                     /lib/x86_64-linux-gnu/libcgmanager.so.0.0.0
7f78f96b8000-7f78f96bc000 r-xp 00000000 08:06 265573                     /lib/x86_64-linux-gnu/libgpg-error.so.0.10.0
7f78f96bc000-7f78f98bb000 ---p 00004000 08:06 265573                     /lib/x86_64-linux-gnu/libgpg-error.so.0.10.0
7f78f98bb000-7f78f98bc000 r--p 00003000 08:06 265573                     /lib/x86_64-linux-gnu/libgpg-error.so.0.10.0
7f78f98bc000-7f78f98bd000 rw-p 00004000 08:06 265573                     /lib/x86_64-linux-gnu/libgpg-error.so.0.10.0
7f78f98bd000-7f78f98cd000 r-xp 00000000 08:06 298110                     /lib/x86_64-linux-gnu/libudev.so.1.3.5
7f78f98cd000-7f78f9acc000 ---p 00010000 08:06 298110                     /lib/x86_64-linux-gnu/libudev.so.1.3.5
7f78f9acc000-7f78f9acd000 r--p 0000f000 08:06 298110                     /lib/x86_64-linux-gnu/libudev.so.1.3.5
7f78f9acd000-7f78f9ace000 rw-p 00010000 08:06 298110                     /lib/x86_64-linux-gnu/libudev.so.1.3.5
7f78f9ace000-7f78f9b4a000 r-xp 00000000 08:06 265547                     /lib/x86_64-linux-gnu/libgcrypt.so.11.8.2
7f78f9b4a000-7f78f9d4a000 ---p 0007c000 08:06 265547                     /lib/x86_64-linux-gnu/libgcrypt.so.11.8.2
7f78f9d4a000-7f78f9d4b000 r--p 0007c000 08:06 265547                     /lib/x86_64-linux-gnu/libgcrypt.so.11.8.2
7f78f9d4b000-7f78f9d4e000 rw-p 0007d000 08:06 265547                     /lib/x86_64-linux-gnu/libgcrypt.so.11.8.2
7f78f9d4e000-7f78f9d63000 r-xp 00000000 08:06 265694                     /lib/x86_64-linux-gnu/libusb-1.0.so.0.1.0
7f78f9d63000-7f78f9f63000 ---p 00015000 08:06 265694                     /lib/x86_64-linux-gnu/libusb-1.0.so.0.1.0
7f78f9f63000-7f78f9f64000 r--p 00015000 08:06 265694                     /lib/x86_64-linux-gnu/libusb-1.0.so.0.1.0
7f78f9f64000-7f78f9f65000 rw-p 00016000 08:06 265694                     /lib/x86_64-linux-gnu/libusb-1.0.so.0.1.0
7f78f9f65000-7f78f9fb5000 r-xp 00000000 08:06 530720                     /usr/lib/x86_64-linux-gnu/libmtp.so.9.1.0
7f78f9fb5000-7f78fa1b4000 ---p 00050000 08:06 530720                     /usr/lib/x86_64-linux-gnu/libmtp.so.9.1.0
7f78fa1b4000-7f78fa1ba000 r--p 0004f000 08:06 530720                     /usr/lib/x86_64-linux-gnu/libmtp.so.9.1.0
7f78fa1ba000-7f78fa1c4000 rw-p 00055000 08:06 530720                     /usr/lib/x86_64-linux-gnu/libmtp.so.9.1.0
7f78fa1c4000-7f78fa2aa000 r-xp 00000000 08:06 524368                     /usr/lib/x86_64-linux-gnu/libstdc++.so.6.0.19
7f78fa2aa000-7f78fa4a9000 ---p 000e6000 08:06 524368                     /usr/lib/x86_64-linux-gnu/libstdc++.so.6.0.19
7f78fa4a9000-7f78fa4b1000 r--p 000e5000 08:06 524368                     /usr/lib/x86_64-linux-gnu/libstdc++.so.6.0.19
7f78fa4b1000-7f78fa4b3000 rw-p 000ed000 08:06 524368                     /usr/lib/x86_64-linux-gnu/libstdc++.so.6.0.19
7f78fa4b3000-7f78fa4c8000 rw-p 00000000 00:00 0 
7f78fa4dd000-7f78fa4df000 r-xp 00000000 08:06 412929                     /usr/lib/vlc/plugins/services_discovery/libmtp_plugin.so
7f78fa4df000-7f78fa6de000 ---p 00002000 08:06 412929                     /usr/lib/vlc/plugins/services_discovery/libmtp_plugin.so
7f78fa6de000-7f78fa6df000 r--p 00001000 08:06 412929                     /usr/lib/vlc/plugins/services_discovery/libmtp_plugin.so
7f78fa6df000-7f78fa6e0000 rw-p 00002000 08:06 412929                     /usr/lib/vlc/plugins/services_discovery/libmtp_plugin.so
7f78fa6e0000-7f78fa7c9000 r-xp 00000000 08:06 530146                     /usr/lib/x86_64-linux-gnu/libasound.so.2.0.0
7f78fa7c9000-7f78fa9c8000 ---p 000e9000 08:06 530146                     /usr/lib/x86_64-linux-gnu/libasound.so.2.0.0
7f78fa9c8000-7f78fa9cf000 r--p 000e8000 08:06 530146                     /usr/lib/x86_64-linux-gnu/libasound.so.2.0.0
7f78fa9cf000-7f78fa9d0000 rw-p 000ef000 08:06 530146                     /usr/lib/x86_64-linux-gnu/libasound.so.2.0.0
7f78fa9d0000-7f78fa9e7000 r-xp 00000000 08:06 261127                     /lib/x86_64-linux-gnu/libresolv-2.19.so
7f78fa9e7000-7f78fabe7000 ---p 00017000 08:06 261127                     /lib/x86_64-linux-gnu/libresolv-2.19.so
7f78fabe7000-7f78fabe8000 r--p 00017000 08:06 261127                     /lib/x86_64-linux-gnu/libresolv-2.19.so
7f78fabe8000-7f78fabe9000 rw-p 00018000 08:06 261127                     /lib/x86_64-linux-gnu/libresolv-2.19.so
7f78fabe9000-7f78fabeb000 rw-p 00000000 00:00 0 
7f78fabeb000-7f78fabf2000 r-xp 00000000 08:06 530783                     /usr/lib/x86_64-linux-gnu/libogg.so.0.8.1
7f78fabf2000-7f78fadf2000 ---p 00007000 08:06 530783                     /usr/lib/x86_64-linux-gnu/libogg.so.0.8.1
7f78fadf2000-7f78fadf3000 r--p 00007000 08:06 530783                     /usr/lib/x86_64-linux-gnu/libogg.so.0.8.1
7f78fadf3000-7f78fadf4000 rw-p 00008000 08:06 530783                     /usr/lib/x86_64-linux-gnu/libogg.so.0.8.1
7f78fadf4000-7f78fae20000 r-xp 00000000 08:06 531059                     /usr/lib/x86_64-linux-gnu/libvorbis.so.0.4.5
7f78fae20000-7f78fb01f000 ---p 0002c000 08:06 531059                     /usr/lib/x86_64-linux-gnu/libvorbis.so.0.4.5
7f78fb01f000-7f78fb020000 r--p 0002b000 08:06 531059                     /usr/lib/x86_64-linux-gnu/libvorbis.so.0.4.5
7f78fb020000-7f78fb021000 rw-p 0002c000 08:06 531059                     /usr/lib/x86_64-linux-gnu/libvorbis.so.0.4.5
7f78fb021000-7f78fb2d4000 r-xp 00000000 08:06 531061                     /usr/lib/x86_64-linux-gnu/libvorbisenc.so.2.0.8
7f78fb2d4000-7f78fb4d3000 ---p 002b3000 08:06 531061                     /usr/lib/x86_64-linux-gnu/libvorbisenc.so.2.0.8
7f78fb4d3000-7f78fb4ef000 r--p 002b2000 08:06 531061                     /usr/lib/x86_64-linux-gnu/libvorbisenc.so.2.0.8
7f78fb4ef000-7f78fb4f0000 rw-p 002ce000 08:06 531061                     /usr/lib/x86_64-linux-gnu/libvorbisenc.so.2.0.8
7f78fb4f0000-7f78fb520000 r-xp 00000000 08:06 529922                     /usr/lib/x86_64-linux-gnu/libFLAC.so.8.3.0
7f78fb520000-7f78fb71f000 ---p 00030000 08:06 529922                     /usr/lib/x86_64-linux-gnu/libFLAC.so.8.3.0
7f78fb71f000-7f78fb720000 r--p 0002f000 08:06 529922                     /usr/lib/x86_64-linux-gnu/libFLAC.so.8.3.0
7f78fb720000-7f78fb721000 rw-p 00030000 08:06 529922                     /usr/lib/x86_64-linux-gnu/libFLAC.so.8.3.0
7f78fb721000-7f78fb726000 r-xp 00000000 08:06 530154                     /usr/lib/x86_64-linux-gnu/libasyncns.so.0.3.1
7f78fb726000-7f78fb925000 ---p 00005000 08:06 530154                     /usr/lib/x86_64-linux-gnu/libasyncns.so.0.3.1
7f78fb925000-7f78fb926000 r--p 00004000 08:06 530154                     /usr/lib/x86_64-linux-gnu/libasyncns.so.0.3.1
7f78fb926000-7f78fb927000 rw-p 00005000 08:06 530154                     /usr/lib/x86_64-linux-gnu/libasyncns.so.0.3.1
7f78fb927000-7f78fb988000 r-xp 00000000 08:06 530940                     /usr/lib/x86_64-linux-gnu/libsndfile.so.1.0.25
7f78fb988000-7f78fbb88000 ---p 00061000 08:06 530940                     /usr/lib/x86_64-linux-gnu/libsndfile.so.1.0.25
7f78fbb88000-7f78fbb8a000 r--p 00061000 08:06 530940                     /usr/lib/x86_64-linux-gnu/libsndfile.so.1.0.25
7f78fbb8a000-7f78fbb8b000 rw-p 00063000 08:06 530940                     /usr/lib/x86_64-linux-gnu/libsndfile.so.1.0.25
7f78fbb8b000-7f78fbb8f000 rw-p 00000000 00:00 0 
7f78fbb8f000-7f78fbb97000 r-xp 00000000 08:06 265700                     /lib/x86_64-linux-gnu/libwrap.so.0.7.6
7f78fbb97000-7f78fbd96000 ---p 00008000 08:06 265700                     /lib/x86_64-linux-gnu/libwrap.so.0.7.6
7f78fbd96000-7f78fbd97000 r--p 00007000 08:06 265700                     /lib/x86_64-linux-gnu/libwrap.so.0.7.6
7f78fbd97000-7f78fbd98000 rw-p 00008000 08:06 265700                     /lib/x86_64-linux-gnu/libwrap.so.0.7.6
7f78fbd98000-7f78fbd99000 rw-p 00000000 00:00 0 
7f78fbd99000-7f78fbdff000 r-xp 00000000 08:06 783969                     /usr/lib/x86_64-linux-gnu/pulseaudio/libpulsecommon-4.0.so
7f78fbdff000-7f78fbffe000 ---p 00066000 08:06 783969                     /usr/lib/x86_64-linux-gnu/pulseaudio/libpulsecommon-4.0.so
7f78fbffe000-7f78fbfff000 r--p 00065000 08:06 783969                     /usr/lib/x86_64-linux-gnu/pulseaudio/libpulsecommon-4.0.so
7f78fbfff000-7f78fc000000 rw-p 00066000 08:06 783969                     /usr/lib/x86_64-linux-gnu/pulseaudio/libpulsecommon-4.0.so
7f78fc000000-7f78fc021000 rw-p 00000000 00:00 0 
7f78fc021000-7f7900000000 ---p 00000000 00:00 0 
7f7900093000-7f790009d000 r-xp 00000000 08:06 265580                     /lib/x86_64-linux-gnu/libjson-c.so.2.0.0
7f790009d000-7f790029c000 ---p 0000a000 08:06 265580                     /lib/x86_64-linux-gnu/libjson-c.so.2.0.0
7f790029c000-7f790029d000 r--p 00009000 08:06 265580                     /lib/x86_64-linux-gnu/libjson-c.so.2.0.0
7f790029d000-7f790029e000 rw-p 0000a000 08:06 265580                     /lib/x86_64-linux-gnu/libjson-c.so.2.0.0
7f790029e000-7f79002e5000 r-xp 00000000 08:06 530852                     /usr/lib/x86_64-linux-gnu/libpulse.so.0.16.2
7f79002e5000-7f79004e5000 ---p 00047000 08:06 530852                     /usr/lib/x86_64-linux-gnu/libpulse.so.0.16.2
7f79004e5000-7f79004e6000 r--p 00047000 08:06 530852                     /usr/lib/x86_64-linux-gnu/libpulse.so.0.16.2
7f79004e6000-7f79004e7000 rw-p 00048000 08:06 530852                     /usr/lib/x86_64-linux-gnu/libpulse.so.0.16.2
7f79004e8000-7f79004ed000 r-xp 00000000 08:06 412892                     /usr/lib/vlc/plugins/audio_output/libalsa_plugin.so
7f79004ed000-7f79006ec000 ---p 00005000 08:06 412892                     /usr/lib/vlc/plugins/audio_output/libalsa_plugin.so
7f79006ec000-7f79006ed000 r--p 00004000 08:06 412892                     /usr/lib/vlc/plugins/audio_output/libalsa_plugin.so
7f79006ed000-7f79006ee000 rw-p 00005000 08:06 412892                     /usr/lib/vlc/plugins/audio_output/libalsa_plugin.so
7f79006ee000-7f7900732000 r-xp 00000000 08:06 265554                     /lib/x86_64-linux-gnu/libdbus-1.so.3.7.6
7f7900732000-7f7900931000 ---p 00044000 08:06 265554                     /lib/x86_64-linux-gnu/libdbus-1.so.3.7.6
7f7900931000-7f7900932000 r--p 00043000 08:06 265554                     /lib/x86_64-linux-gnu/libdbus-1.so.3.7.6
7f7900932000-7f7900933000 rw-p 00044000 08:06 265554                     /lib/x86_64-linux-gnu/libdbus-1.so.3.7.6
7f7900933000-7f7900964000 r-xp 00000000 08:06 530638                     /usr/lib/x86_64-linux-gnu/libidn.so.11.6.11
7f7900964000-7f7900b64000 ---p 00031000 08:06 530638                     /usr/lib/x86_64-linux-gnu/libidn.so.11.6.11
7f7900b64000-7f7900b65000 r--p 00031000 08:06 530638                     /usr/lib/x86_64-linux-gnu/libidn.so.11.6.11
7f7900b65000-7f7900b66000 rw-p 00032000 08:06 530638                     /usr/lib/x86_64-linux-gnu/libidn.so.11.6.11
7f7900b66000-7f7900c44000 r-xp 00000000 08:06 412641                     /usr/lib/libvlccore.so.7.0.0
7f7900c44000-7f7900e44000 ---p 000de000 08:06 412641                     /usr/lib/libvlccore.so.7.0.0
7f7900e44000-7f7900e47000 r--p 000de000 08:06 412641                     /usr/lib/libvlccore.so.7.0.0
7f7900e47000-7f7900e48000 rw-p 000e1000 08:06 412641                     /usr/lib/libvlccore.so.7.0.0
7f7900e48000-7f7900e62000 r-xp 00000000 08:06 412644                     /usr/lib/libvlc.so.5.4.0
7f7900e62000-7f7901061000 ---p 0001a000 08:06 412644                     /usr/lib/libvlc.so.5.4.0
7f7901061000-7f7901062000 r--p 00019000 08:06 412644                     /usr/lib/libvlc.so.5.4.0
7f7901062000-7f7901063000 rw-p 0001a000 08:06 412644                     /usr/lib/libvlc.so.5.4.0
7f7901063000-7f7901064000 r-xp 00000000 08:06 414495                     /usr/lib/jvm/java-8-oracle/jre/lib/amd64/libjawt.so
7f7901064000-7f7901263000 ---p 00001000 08:06 414495                     /usr/lib/jvm/java-8-oracle/jre/lib/amd64/libjawt.so
7f7901263000-7f7901264000 rw-p 00000000 08:06 414495                     /usr/lib/jvm/java-8-oracle/jre/lib/amd64/libjawt.so
7f7901264000-7f7901267000 ---p 00000000 00:00 0 
7f7901267000-7f7901365000 rw-p 00000000 00:00 0                          [stack:13308]
7f7901365000-7f790136a000 r-xp 00000000 08:06 522501                     /usr/lib/x86_64-linux-gnu/libXfixes.so.3.1.0
7f790136a000-7f7901569000 ---p 00005000 08:06 522501                     /usr/lib/x86_64-linux-gnu/libXfixes.so.3.1.0
7f7901569000-7f790156a000 r--p 00004000 08:06 522501                     /usr/lib/x86_64-linux-gnu/libXfixes.so.3.1.0
7f790156a000-7f790156b000 rw-p 00005000 08:06 522501                     /usr/lib/x86_64-linux-gnu/libXfixes.so.3.1.0
7f790156b000-7f7901574000 r-xp 00000000 08:06 530071                     /usr/lib/x86_64-linux-gnu/libXcursor.so.1.0.2
7f7901574000-7f7901773000 ---p 00009000 08:06 530071                     /usr/lib/x86_64-linux-gnu/libXcursor.so.1.0.2
7f7901773000-7f7901774000 r--p 00008000 08:06 530071                     /usr/lib/x86_64-linux-gnu/libXcursor.so.1.0.2
7f7901774000-7f7901775000 rw-p 00009000 08:06 530071                     /usr/lib/x86_64-linux-gnu/libXcursor.so.1.0.2
7f7901775000-7f7901778000 ---p 00000000 00:00 0 
7f7901778000-7f7901876000 rw-p 00000000 00:00 0                          [stack:13307]
7f7901876000-7f790188c000 r-xp 00000000 08:06 265567                     /lib/x86_64-linux-gnu/libgcc_s.so.1
7f790188c000-7f7901a8b000 ---p 00016000 08:06 265567                     /lib/x86_64-linux-gnu/libgcc_s.so.1
7f7901a8b000-7f7901a8c000 rw-p 00015000 08:06 265567                     /lib/x86_64-linux-gnu/libgcc_s.so.1
7f7901a8c000-7f7901af1000 r-xp 00000000 08:06 414526                     /usr/lib/jvm/java-8-oracle/jre/lib/amd64/libfontmanager.so
7f7901af1000-7f7901cf1000 ---p 00065000 08:06 414526                     /usr/lib/jvm/java-8-oracle/jre/lib/amd64/libfontmanager.so
7f7901cf1000-7f7901cf5000 rw-p 00065000 08:06 414526                     /usr/lib/jvm/java-8-oracle/jre/lib/amd64/libfontmanager.so
7f7901cf5000-7f7901d06000 rw-p 00000000 00:00 0 
7f7901d06000-7f7901d1d000 r-xp 00000000 08:06 13624                      /tmp/jna-jony/jna1613706966963550457.tmp (deleted)
7f7901d1d000-7f7901e1c000 ---p 00017000 08:06 13624                      /tmp/jna-jony/jna1613706966963550457.tmp (deleted)
7f7901e1c000-7f7901e1d000 rw-p 00016000 08:06 13624                      /tmp/jna-jony/jna1613706966963550457.tmp (deleted)
7f7901e1d000-7f7901e1e000 rw-p 00000000 00:00 0 
7f7901e1e000-7f7901e23000 r-xp 00000000 08:06 530075                     /usr/lib/x86_64-linux-gnu/libXdmcp.so.6.0.0
7f7901e23000-7f7902022000 ---p 00005000 08:06 530075                     /usr/lib/x86_64-linux-gnu/libXdmcp.so.6.0.0
7f7902022000-7f7902023000 r--p 00004000 08:06 530075                     /usr/lib/x86_64-linux-gnu/libXdmcp.so.6.0.0
7f7902023000-7f7902024000 rw-p 00005000 08:06 530075                     /usr/lib/x86_64-linux-gnu/libXdmcp.so.6.0.0
7f7902024000-7f7902026000 r-xp 00000000 08:06 530064                     /usr/lib/x86_64-linux-gnu/libXau.so.6.0.0
7f7902026000-7f7902226000 ---p 00002000 08:06 530064                     /usr/lib/x86_64-linux-gnu/libXau.so.6.0.0
7f7902226000-7f7902227000 r--p 00002000 08:06 530064                     /usr/lib/x86_64-linux-gnu/libXau.so.6.0.0
7f7902227000-7f7902228000 rw-p 00003000 08:06 530064                     /usr/lib/x86_64-linux-gnu/libXau.so.6.0.0
7f7902228000-7f7902245000 r-xp 00000000 08:06 531132                     /usr/lib/x86_64-linux-gnu/libxcb.so.1.1.0
7f7902245000-7f7902445000 ---p 0001d000 08:06 531132                     /usr/lib/x86_64-linux-gnu/libxcb.so.1.1.0
7f7902445000-7f7902446000 r--p 0001d000 08:06 531132                     /usr/lib/x86_64-linux-gnu/libxcb.so.1.1.0
7f7902446000-7f7902447000 rw-p 0001e000 08:06 531132                     /usr/lib/x86_64-linux-gnu/libxcb.so.1.1.0
7f7902447000-7f7902456000 r-xp 00000000 08:06 522608                     /usr/lib/x86_64-linux-gnu/libXi.so.6.1.0
7f7902456000-7f7902655000 ---p 0000f000 08:06 522608                     /usr/lib/x86_64-linux-gnu/libXi.so.6.1.0
7f7902655000-7f7902656000 r--p 0000e000 08:06 522608                     /usr/lib/x86_64-linux-gnu/libXi.so.6.1.0
7f7902656000-7f7902657000 rw-p 0000f000 08:06 522608                     /usr/lib/x86_64-linux-gnu/libXi.so.6.1.0
7f7902657000-7f790265c000 r-xp 00000000 08:06 530105                     /usr/lib/x86_64-linux-gnu/libXtst.so.6.1.0
7f790265c000-7f790285b000 ---p 00005000 08:06 530105                     /usr/lib/x86_64-linux-gnu/libXtst.so.6.1.0
7f790285b000-7f790285c000 r--p 00004000 08:06 530105                     /usr/lib/x86_64-linux-gnu/libXtst.so.6.1.0
7f790285c000-7f790285d000 rw-p 00005000 08:06 530105                     /usr/lib/x86_64-linux-gnu/libXtst.so.6.1.0
7f790285d000-7f7902866000 r-xp 00000000 08:06 522612                     /usr/lib/x86_64-linux-gnu/libXrender.so.1.3.0
7f7902866000-7f7902a65000 ---p 00009000 08:06 522612                     /usr/lib/x86_64-linux-gnu/libXrender.so.1.3.0
7f7902a65000-7f7902a66000 r--p 00008000 08:06 522612                     /usr/lib/x86_64-linux-gnu/libXrender.so.1.3.0
7f7902a66000-7f7902a67000 rw-p 00009000 08:06 522612                     /usr/lib/x86_64-linux-gnu/libXrender.so.1.3.0
7f7902a67000-7f7902b97000 r-xp 00000000 08:06 530060                     /usr/lib/x86_64-linux-gnu/libX11.so.6.3.0
7f7902b97000-7f7902d97000 ---p 00130000 08:06 530060                     /usr/lib/x86_64-linux-gnu/libX11.so.6.3.0
7f7902d97000-7f7902d98000 r--p 00130000 08:06 530060                     /usr/lib/x86_64-linux-gnu/libX11.so.6.3.0
7f7902d98000-7f7902d9c000 rw-p 00131000 08:06 530060                     /usr/lib/x86_64-linux-gnu/libX11.so.6.3.0
7f7902d9c000-7f7902dad000 r-xp 00000000 08:06 522564                     /usr/lib/x86_64-linux-gnu/libXext.so.6.4.0
7f7902dad000-7f7902fac000 ---p 00011000 08:06 522564                     /usr/lib/x86_64-linux-gnu/libXext.so.6.4.0
7f7902fac000-7f7902fad000 r--p 00010000 08:06 522564                     /usr/lib/x86_64-linux-gnu/libXext.so.6.4.0
7f7902fad000-7f7902fae000 rw-p 00011000 08:06 522564                     /usr/lib/x86_64-linux-gnu/libXext.so.6.4.0
7f7902fae000-7f7903002000 r-xp 00000000 08:06 414472                     /usr/lib/jvm/java-8-oracle/jre/lib/amd64/libawt_xawt.so
7f7903002000-7f7903202000 ---p 00054000 08:06 414472                     /usr/lib/jvm/java-8-oracle/jre/lib/amd64/libawt_xawt.so
7f7903202000-7f7903206000 rw-p 00054000 08:06 414472                     /usr/lib/jvm/java-8-oracle/jre/lib/amd64/libawt_xawt.so
7f7903206000-7f7903207000 rw-p 00000000 00:00 0 
7f7903207000-7f79032a9000 r-xp 00000000 08:06 414471                     /usr/lib/jvm/java-8-oracle/jre/lib/amd64/libawt.so
7f79032a9000-7f79034a9000 ---p 000a2000 08:06 414471                     /usr/lib/jvm/java-8-oracle/jre/lib/amd64/libawt.so
7f79034a9000-7f79034b5000 rw-p 000a2000 08:06 414471                     /usr/lib/jvm/java-8-oracle/jre/lib/amd64/libawt.so
7f79034b5000-7f79034d9000 rw-p 00000000 00:00 0 
7f79034d9000-7f79034da000 ---p 00000000 00:00 0 
7f79034da000-7f79035da000 rw-p 00000000 00:00 0                          [stack:13306]
7f79035da000-7f79035dd000 ---p 00000000 00:00 0 
7f79035dd000-7f79036db000 rw-p 00000000 00:00 0                          [stack:13305]
7f79036db000-7f79036de000 ---p 00000000 00:00 0 
7f79036de000-7f79037dc000 rw-p 00000000 00:00 0                          [stack:13304]
7f79037dc000-7f79037df000 ---p 00000000 00:00 0 
7f79037df000-7f79038dd000 rw-p 00000000 00:00 0                          [stack:13303]
7f79038dd000-7f7904000000 r--p 00000000 08:06 397847                     /usr/lib/locale/locale-archive
7f7904000000-7f7904021000 rw-p 00000000 00:00 0 
7f7904021000-7f7908000000 ---p 00000000 00:00 0 
7f7908086000-7f7908095000 r--s 00115000 08:07 2097400                    /home/jony/.m2/repository/net/java/dev/jna/platform/3.5.2/platform-3.5.2.jar
7f7908095000-7f79080a1000 r--s 00057000 08:07 2097396                    /home/jony/.m2/repository/uk/co/caprica/vlcj/3.9.0/vlcj-3.9.0.jar
7f79080a1000-7f79080a4000 ---p 00000000 00:00 0 
7f79080a4000-7f79081a2000 rw-p 00000000 00:00 0                          [stack:13302]
7f79081a2000-7f79081a5000 ---p 00000000 00:00 0 
7f79081a5000-7f79082a3000 rw-p 00000000 00:00 0                          [stack:13301]
7f79082a3000-7f79082a6000 ---p 00000000 00:00 0 
7f79082a6000-7f79083a4000 rw-p 00000000 00:00 0                          [stack:13300]
7f79083a4000-7f79083a7000 ---p 00000000 00:00 0 
7f79083a7000-7f79084a5000 rw-p 00000000 00:00 0                          [stack:13299]
7f79084a5000-7f79084a6000 ---p 00000000 00:00 0 
7f79084a6000-7f79094f7000 rw-p 00000000 00:00 0                          [stack:13298]
7f79094f7000-7f79096d0000 r--s 03d20000 08:06 414457                     /usr/lib/jvm/java-8-oracle/jre/lib/rt.jar
7f79096d0000-7f790bee3000 rw-p 00000000 00:00 0 
7f790bee3000-7f790bee4000 ---p 00000000 00:00 0 
7f790bee4000-7f790bfe4000 rw-p 00000000 00:00 0                          [stack:13297]
7f790bfe4000-7f790bfe5000 ---p 00000000 00:00 0 
7f790bfe5000-7f790c0e5000 rw-p 00000000 00:00 0                          [stack:13296]
7f790c0e5000-7f790c0e6000 ---p 00000000 00:00 0 
7f790c0e6000-7f790c1e6000 rw-p 00000000 00:00 0                          [stack:13295]
7f790c1e6000-7f790c1e7000 ---p 00000000 00:00 0 
7f790c1e7000-7f790c2fc000 rw-p 00000000 00:00 0                          [stack:13294]
7f790c2fc000-7f790c429000 ---p 00000000 00:00 0 
7f790c429000-7f790c43e000 rw-p 00000000 00:00 0 
7f790c43e000-7f790c56b000 ---p 00000000 00:00 0 
7f790c56b000-7f790c576000 rw-p 00000000 00:00 0 
7f790c576000-7f790c60c000 ---p 00000000 00:00 0 
7f790c60c000-7f790c617000 rw-p 00000000 00:00 0 
7f790c617000-7f790c9cd000 ---p 00000000 00:00 0 
7f790c9cd000-7f790cc4d000 rwxp 00000000 00:00 0 
7f790cc4d000-7f791b9cd000 ---p 00000000 00:00 0 
7f791b9cd000-7f791b9e7000 r-xp 00000000 08:06 414518                     /usr/lib/jvm/java-8-oracle/jre/lib/amd64/libzip.so
7f791b9e7000-7f791bbe7000 ---p 0001a000 08:06 414518                     /usr/lib/jvm/java-8-oracle/jre/lib/amd64/libzip.so
7f791bbe7000-7f791bbe8000 rw-p 0001a000 08:06 414518                     /usr/lib/jvm/java-8-oracle/jre/lib/amd64/libzip.so
7f791bbe8000-7f791bbf3000 r-xp 00000000 08:06 261141                     /lib/x86_64-linux-gnu/libnss_files-2.19.so
7f791bbf3000-7f791bdf2000 ---p 0000b000 08:06 261141                     /lib/x86_64-linux-gnu/libnss_files-2.19.so
7f791bdf2000-7f791bdf3000 r--p 0000a000 08:06 261141                     /lib/x86_64-linux-gnu/libnss_files-2.19.so
7f791bdf3000-7f791bdf4000 rw-p 0000b000 08:06 261141                     /lib/x86_64-linux-gnu/libnss_files-2.19.so
7f791bdf4000-7f791bdff000 r-xp 00000000 08:06 265432                     /lib/x86_64-linux-gnu/libnss_nis-2.19.so
7f791bdff000-7f791bffe000 ---p 0000b000 08:06 265432                     /lib/x86_64-linux-gnu/libnss_nis-2.19.so
7f791bffe000-7f791bfff000 r--p 0000a000 08:06 265432                     /lib/x86_64-linux-gnu/libnss_nis-2.19.so
7f791bfff000-7f791c000000 rw-p 0000b000 08:06 265432                     /lib/x86_64-linux-gnu/libnss_nis-2.19.so
7f791c000000-7f791c4d6000 rw-p 00000000 00:00 0 
7f791c4d6000-7f7920000000 ---p 00000000 00:00 0 
7f7920003000-7f7920004000 rwxp 00000000 00:00 0 
7f7920004000-7f79200dd000 rw-p 00000000 00:00 0 
7f79200dd000-7f79200f4000 r-xp 00000000 08:06 261216                     /lib/x86_64-linux-gnu/libnsl-2.19.so
7f79200f4000-7f79202f3000 ---p 00017000 08:06 261216                     /lib/x86_64-linux-gnu/libnsl-2.19.so
7f79202f3000-7f79202f4000 r--p 00016000 08:06 261216                     /lib/x86_64-linux-gnu/libnsl-2.19.so
7f79202f4000-7f79202f5000 rw-p 00017000 08:06 261216                     /lib/x86_64-linux-gnu/libnsl-2.19.so
7f79202f5000-7f79202f7000 rw-p 00000000 00:00 0 
7f79202f7000-7f7920300000 r-xp 00000000 08:06 261215                     /lib/x86_64-linux-gnu/libnss_compat-2.19.so
7f7920300000-7f79204ff000 ---p 00009000 08:06 261215                     /lib/x86_64-linux-gnu/libnss_compat-2.19.so
7f79204ff000-7f7920500000 r--p 00008000 08:06 261215                     /lib/x86_64-linux-gnu/libnss_compat-2.19.so
7f7920500000-7f7920501000 rw-p 00009000 08:06 261215                     /lib/x86_64-linux-gnu/libnss_compat-2.19.so
7f7920501000-7f792052b000 r-xp 00000000 08:06 414479                     /usr/lib/jvm/java-8-oracle/jre/lib/amd64/libjava.so
7f792052b000-7f792072b000 ---p 0002a000 08:06 414479                     /usr/lib/jvm/java-8-oracle/jre/lib/amd64/libjava.so
7f792072b000-7f792072d000 rw-p 0002a000 08:06 414479                     /usr/lib/jvm/java-8-oracle/jre/lib/amd64/libjava.so
7f792072d000-7f792073a000 r-xp 00000000 08:06 414470                     /usr/lib/jvm/java-8-oracle/jre/lib/amd64/libverify.so
7f792073a000-7f792093a000 ---p 0000d000 08:06 414470                     /usr/lib/jvm/java-8-oracle/jre/lib/amd64/libverify.so
7f792093a000-7f792093c000 rw-p 0000d000 08:06 414470                     /usr/lib/jvm/java-8-oracle/jre/lib/amd64/libverify.so
7f792093c000-7f7920943000 r-xp 00000000 08:06 261224                     /lib/x86_64-linux-gnu/librt-2.19.so
7f7920943000-7f7920b42000 ---p 00007000 08:06 261224                     /lib/x86_64-linux-gnu/librt-2.19.so
7f7920b42000-7f7920b43000 r--p 00006000 08:06 261224                     /lib/x86_64-linux-gnu/librt-2.19.so
7f7920b43000-7f7920b44000 rw-p 00007000 08:06 261224                     /lib/x86_64-linux-gnu/librt-2.19.so
7f7920b44000-7f7920c49000 r-xp 00000000 08:06 261137                     /lib/x86_64-linux-gnu/libm-2.19.so
7f7920c49000-7f7920e48000 ---p 00105000 08:06 261137                     /lib/x86_64-linux-gnu/libm-2.19.so
7f7920e48000-7f7920e49000 r--p 00104000 08:06 261137                     /lib/x86_64-linux-gnu/libm-2.19.so
7f7920e49000-7f7920e4a000 rw-p 00105000 08:06 261137                     /lib/x86_64-linux-gnu/libm-2.19.so
7f7920e4a000-7f7921b08000 r-xp 00000000 08:06 414502                     /usr/lib/jvm/java-8-oracle/jre/lib/amd64/server/libjvm.so
7f7921b08000-7f7921d07000 ---p 00cbe000 08:06 414502                     /usr/lib/jvm/java-8-oracle/jre/lib/amd64/server/libjvm.so
7f7921d07000-7f7921de0000 rw-p 00cbd000 08:06 414502                     /usr/lib/jvm/java-8-oracle/jre/lib/amd64/server/libjvm.so
7f7921de0000-7f7921e24000 rw-p 00000000 00:00 0 
7f7921e24000-7f7921fdf000 r-xp 00000000 08:06 261221                     /lib/x86_64-linux-gnu/libc-2.19.so
7f7921fdf000-7f79221de000 ---p 001bb000 08:06 261221                     /lib/x86_64-linux-gnu/libc-2.19.so
7f79221de000-7f79221e2000 r--p 001ba000 08:06 261221                     /lib/x86_64-linux-gnu/libc-2.19.so
7f79221e2000-7f79221e4000 rw-p 001be000 08:06 261221                     /lib/x86_64-linux-gnu/libc-2.19.so
7f79221e4000-7f79221e9000 rw-p 00000000 00:00 0 
7f79221e9000-7f79221ec000 r-xp 00000000 08:06 261152                     /lib/x86_64-linux-gnu/libdl-2.19.so
7f79221ec000-7f79223eb000 ---p 00003000 08:06 261152                     /lib/x86_64-linux-gnu/libdl-2.19.so
7f79223eb000-7f79223ec000 r--p 00002000 08:06 261152                     /lib/x86_64-linux-gnu/libdl-2.19.so
7f79223ec000-7f79223ed000 rw-p 00003000 08:06 261152                     /lib/x86_64-linux-gnu/libdl-2.19.so
7f79223ed000-7f7922402000 r-xp 00000000 08:06 413769                     /usr/lib/jvm/java-8-oracle/lib/amd64/jli/libjli.so
7f7922402000-7f7922602000 ---p 00015000 08:06 413769                     /usr/lib/jvm/java-8-oracle/lib/amd64/jli/libjli.so
7f7922602000-7f7922603000 rw-p 00015000 08:06 413769                     /usr/lib/jvm/java-8-oracle/lib/amd64/jli/libjli.so
7f7922603000-7f792261c000 r-xp 00000000 08:06 261222                     /lib/x86_64-linux-gnu/libpthread-2.19.so
7f792261c000-7f792281b000 ---p 00019000 08:06 261222                     /lib/x86_64-linux-gnu/libpthread-2.19.so
7f792281b000-7f792281c000 r--p 00018000 08:06 261222                     /lib/x86_64-linux-gnu/libpthread-2.19.so
7f792281c000-7f792281d000 rw-p 00019000 08:06 261222                     /lib/x86_64-linux-gnu/libpthread-2.19.so
7f792281d000-7f7922821000 rw-p 00000000 00:00 0 
7f7922821000-7f7922844000 r-xp 00000000 08:06 261218                     /lib/x86_64-linux-gnu/ld-2.19.so
7f7922844000-7f7922849000 r--s 00096000 08:06 414462                     /usr/lib/jvm/java-8-oracle/jre/lib/jsse.jar
7f7922849000-7f792291b000 rw-p 00000000 00:00 0 
7f792291b000-7f792291e000 ---p 00000000 00:00 0 
7f792291e000-7f7922a20000 rw-p 00000000 00:00 0                          [stack:13293]
7f7922a20000-7f7922a21000 r--s 00007000 08:07 8522705                    /home/jony/.m2/repository/org/slf4j/slf4j-api/1.7.10/slf4j-api-1.7.10.jar
7f7922a21000-7f7922a24000 r--s 000a6000 08:07 2097398                    /home/jony/.m2/repository/net/java/dev/jna/jna/3.5.2/jna-3.5.2.jar
7f7922a24000-7f7922a37000 rw-p 00000000 00:00 0 
7f7922a37000-7f7922a3f000 rw-s 00000000 08:06 524314                     /tmp/hsperfdata_jony/13287
7f7922a3f000-7f7922a40000 rw-p 00000000 00:00 0 
7f7922a40000-7f7922a41000 r--p 00000000 00:00 0 
7f7922a41000-7f7922a43000 rw-p 00000000 00:00 0 
7f7922a43000-7f7922a44000 r--p 00022000 08:06 261218                     /lib/x86_64-linux-gnu/ld-2.19.so
7f7922a44000-7f7922a45000 rw-p 00023000 08:06 261218                     /lib/x86_64-linux-gnu/ld-2.19.so
7f7922a45000-7f7922a46000 rw-p 00000000 00:00 0 
7ffde6882000-7ffde68a3000 rw-p 00000000 00:00 0                          [stack]
7ffde6917000-7ffde6919000 r-xp 00000000 00:00 0                          [vdso]
7ffde6919000-7ffde691b000 r--p 00000000 00:00 0                          [vvar]
ffffffffff600000-ffffffffff601000 r-xp 00000000 00:00 0                  [vsyscall]

VM Arguments:
jvm_args: -Dfile.encoding=UTF-8 
java_command: com.movieCart.MainFrame
java_class_path (initial): /home/jony/Dropbox/Eclipse Workspace/movieCart/target/classes:/home/jony/.m2/repository/uk/co/caprica/vlcj/3.9.0/vlcj-3.9.0.jar:/home/jony/.m2/repository/net/java/dev/jna/jna/3.5.2/jna-3.5.2.jar:/home/jony/.m2/repository/net/java/dev/jna/platform/3.5.2/platform-3.5.2.jar:/home/jony/.m2/repository/org/slf4j/slf4j-api/1.7.10/slf4j-api-1.7.10.jar
Launcher Type: SUN_STANDARD

Environment Variables:
JAVA_HOME=/usr/lib/jvm/java-8-oracle
PATH=/home/jony/sys161/bin:/home/jony/sys161/tools/bin:/home/jony/bin:/usr/local/sbin:/usr/local/bin:/usr/sbin:/usr/bin:/sbin:/bin:/usr/games:/usr/local/games:/usr/lib/jvm/java-8-oracle/bin:/usr/lib/jvm/java-8-oracle/db/bin:/usr/lib/jvm/java-8-oracle/jre/bin
SHELL=/bin/bash
DISPLAY=:0.0

Signal Handlers:
SIGSEGV: [libjvm.so+0xaba2a0], sa_mask[0]=11111111011111111101111111111110, sa_flags=SA_RESTART|SA_SIGINFO
SIGBUS: [libjvm.so+0xaba2a0], sa_mask[0]=11111111011111111101111111111110, sa_flags=SA_RESTART|SA_SIGINFO
SIGFPE: [libjvm.so+0x917710], sa_mask[0]=11111111011111111101111111111110, sa_flags=SA_RESTART|SA_SIGINFO
SIGPIPE: [libjvm.so+0x917710], sa_mask[0]=11111111011111111101111111111110, sa_flags=SA_RESTART|SA_SIGINFO
SIGXFSZ: [libjvm.so+0x917710], sa_mask[0]=11111111011111111101111111111110, sa_flags=SA_RESTART|SA_SIGINFO
SIGILL: [libjvm.so+0x917710], sa_mask[0]=11111111011111111101111111111110, sa_flags=SA_RESTART|SA_SIGINFO
SIGUSR1: SIG_DFL, sa_mask[0]=00000000000000000000000000000000, sa_flags=none
SIGUSR2: [libjvm.so+0x918d40], sa_mask[0]=00100000000000000000000000000000, sa_flags=SA_RESTART|SA_SIGINFO
SIGHUP: [libjvm.so+0x91a140], sa_mask[0]=11111111011111111101111111111110, sa_flags=SA_RESTART|SA_SIGINFO
SIGINT: [libjvm.so+0x91a140], sa_mask[0]=11111111011111111101111111111110, sa_flags=SA_RESTART|SA_SIGINFO
SIGTERM: [libjvm.so+0x91a140], sa_mask[0]=11111111011111111101111111111110, sa_flags=SA_RESTART|SA_SIGINFO
SIGQUIT: [libjvm.so+0x91a140], sa_mask[0]=11111111011111111101111111111110, sa_flags=SA_RESTART|SA_SIGINFO


---------------  S Y S T E M  ---------------

OS:DISTRIB_ID=Ubuntu
DISTRIB_RELEASE=14.04
DISTRIB_CODENAME=trusty
DISTRIB_DESCRIPTION="Ubuntu 14.04.3 LTS"

uname:Linux 3.16.0-51-generic #69~14.04.1-Ubuntu SMP Wed Oct 7 15:32:41 UTC 2015 x86_64
libc:glibc 2.19 NPTL 2.19 
rlimit: STACK 8192k, CORE 0k, NPROC 15360, NOFILE 4096, AS infinity
load average:0.94 0.97 1.15

/proc/meminfo:
MemTotal:        3953704 kB
MemFree:          353812 kB
MemAvailable:    1483424 kB
Buffers:          122348 kB
Cached:          1338900 kB
SwapCached:         7000 kB
Active:          2238936 kB
Inactive:        1041840 kB
Active(anon):    1463192 kB
Inactive(anon):   603684 kB
Active(file):     775744 kB
Inactive(file):   438156 kB
Unevictable:         104 kB
Mlocked:             104 kB
SwapTotal:       9764860 kB
SwapFree:        9622572 kB
Dirty:             10004 kB
Writeback:             0 kB
AnonPages:       1816180 kB
Mapped:           309196 kB
Shmem:            247344 kB
Slab:             201768 kB
SReclaimable:     169116 kB
SUnreclaim:        32652 kB
KernelStack:       11104 kB
PageTables:        38604 kB
NFS_Unstable:          0 kB
Bounce:                0 kB
WritebackTmp:          0 kB
CommitLimit:    11741712 kB
Committed_AS:    6761732 kB
VmallocTotal:   34359738367 kB
VmallocUsed:      361940 kB
VmallocChunk:   34359360012 kB
HardwareCorrupted:     0 kB
AnonHugePages:    493568 kB
HugePages_Total:       0
HugePages_Free:        0
HugePages_Rsvd:        0
HugePages_Surp:        0
Hugepagesize:       2048 kB
DirectMap4k:       72352 kB
DirectMap2M:     4028416 kB


CPU:total 4 (2 cores per cpu, 2 threads per core) family 6 model 42 stepping 7, cmov, cx8, fxsr, mmx, sse, sse2, sse3, ssse3, sse4.1, sse4.2, popcnt, avx, aes, clmul, ht, tsc, tscinvbit

/proc/cpuinfo:
processor	: 0
vendor_id	: GenuineIntel
cpu family	: 6
model		: 42
model name	: Intel(R) Core(TM) i5-2430M CPU @ 2.40GHz
stepping	: 7
microcode	: 0x1a
cpu MHz		: 2722.218
cache size	: 3072 KB
physical id	: 0
siblings	: 4
core id		: 0
cpu cores	: 2
apicid		: 0
initial apicid	: 0
fpu		: yes
fpu_exception	: yes
cpuid level	: 13
wp		: yes
flags		: fpu vme de pse tsc msr pae mce cx8 apic sep mtrr pge mca cmov pat pse36 clflush dts acpi mmx fxsr sse sse2 ss ht tm pbe syscall nx rdtscp lm constant_tsc arch_perfmon pebs bts rep_good nopl xtopology nonstop_tsc aperfmperf eagerfpu pni pclmulqdq dtes64 monitor ds_cpl vmx est tm2 ssse3 cx16 xtpr pdcm pcid sse4_1 sse4_2 x2apic popcnt tsc_deadline_timer aes xsave avx lahf_lm ida arat epb xsaveopt pln pts dtherm tpr_shadow vnmi flexpriority ept vpid
bogomips	: 4789.33
clflush size	: 64
cache_alignment	: 64
address sizes	: 36 bits physical, 48 bits virtual
power management:

processor	: 1
vendor_id	: GenuineIntel
cpu family	: 6
model		: 42
model name	: Intel(R) Core(TM) i5-2430M CPU @ 2.40GHz
stepping	: 7
microcode	: 0x1a
cpu MHz		: 2170.968
cache size	: 3072 KB
physical id	: 0
siblings	: 4
core id		: 1
cpu cores	: 2
apicid		: 2
initial apicid	: 2
fpu		: yes
fpu_exception	: yes
cpuid level	: 13
wp		: yes
flags		: fpu vme de pse tsc msr pae mce cx8 apic sep mtrr pge mca cmov pat pse36 clflush dts acpi mmx fxsr sse sse2 ss ht tm pbe syscall nx rdtscp lm constant_tsc arch_perfmon pebs bts rep_good nopl xtopology nonstop_tsc aperfmperf eagerfpu pni pclmulqdq dtes64 monitor ds_cpl vmx est tm2 ssse3 cx16 xtpr pdcm pcid sse4_1 sse4_2 x2apic popcnt tsc_deadline_timer aes xsave avx lahf_lm ida arat epb xsaveopt pln pts dtherm tpr_shadow vnmi flexpriority ept vpid
bogomips	: 4789.33
clflush size	: 64
cache_alignment	: 64
address sizes	: 36 bits physical, 48 bits virtual
power management:

processor	: 2
vendor_id	: GenuineIntel
cpu family	: 6
model		: 42
model name	: Intel(R) Core(TM) i5-2430M CPU @ 2.40GHz
stepping	: 7
microcode	: 0x1a
cpu MHz		: 2791.406
cache size	: 3072 KB
physical id	: 0
siblings	: 4
core id		: 0
cpu cores	: 2
apicid		: 1
initial apicid	: 1
fpu		: yes
fpu_exception	: yes
cpuid level	: 13
wp		: yes
flags		: fpu vme de pse tsc msr pae mce cx8 apic sep mtrr pge mca cmov pat pse36 clflush dts acpi mmx fxsr sse sse2 ss ht tm pbe syscall nx rdtscp lm constant_tsc arch_perfmon pebs bts rep_good nopl xtopology nonstop_tsc aperfmperf eagerfpu pni pclmulqdq dtes64 monitor ds_cpl vmx est tm2 ssse3 cx16 xtpr pdcm pcid sse4_1 sse4_2 x2apic popcnt tsc_deadline_timer aes xsave avx lahf_lm ida arat epb xsaveopt pln pts dtherm tpr_shadow vnmi flexpriority ept vpid
bogomips	: 4789.33
clflush size	: 64
cache_alignment	: 64
address sizes	: 36 bits physical, 48 bits virtual
power management:

processor	: 3
vendor_id	: GenuineIntel
cpu family	: 6
model		: 42
model name	: Intel(R) Core(TM) i5-2430M CPU @ 2.40GHz
stepping	: 7
microcode	: 0x1a
cpu MHz		: 2797.875
cache size	: 3072 KB
physical id	: 0
siblings	: 4
core id		: 1
cpu cores	: 2
apicid		: 3
initial apicid	: 3
fpu		: yes
fpu_exception	: yes
cpuid level	: 13
wp		: yes
flags		: fpu vme de pse tsc msr pae mce cx8 apic sep mtrr pge mca cmov pat pse36 clflush dts acpi mmx fxsr sse sse2 ss ht tm pbe syscall nx rdtscp lm constant_tsc arch_perfmon pebs bts rep_good nopl xtopology nonstop_tsc aperfmperf eagerfpu pni pclmulqdq dtes64 monitor ds_cpl vmx est tm2 ssse3 cx16 xtpr pdcm pcid sse4_1 sse4_2 x2apic popcnt tsc_deadline_timer aes xsave avx lahf_lm ida arat epb xsaveopt pln pts dtherm tpr_shadow vnmi flexpriority ept vpid
bogomips	: 4789.33
clflush size	: 64
cache_alignment	: 64
address sizes	: 36 bits physical, 48 bits virtual
power management:



Memory: 4k page, physical 3953704k(353812k free), swap 9764860k(9622572k free)

vm_info: Java HotSpot(TM) 64-Bit Server VM (25.66-b17) for linux-amd64 JRE (1.8.0_66-b17), built on Oct  6 2015 17:28:34 by "java_re" with gcc 4.3.0 20080428 (Red Hat 4.3.0-8)

time: Mon Oct 26 21:21:22 2015
elapsed time: 0 seconds (0d 0h 0m 0s)

