#
# A fatal error has been detected by the Java Runtime Environment:
#
#  SIGSEGV (0xb) at pc=0x00007f9d727b3414, pid=12668, tid=140314211522304
#
# JRE version: Java(TM) SE Runtime Environment (8.0_66-b17) (build 1.8.0_66-b17)
# Java VM: Java HotSpot(TM) 64-Bit Server VM (25.66-b17 mixed mode linux-amd64 compressed oops)
# Problematic frame:
# C  [libpthread.so.0+0xa414]  pthread_mutex_lock+0x4
#
# Failed to write core dump. Core dumps have been disabled. To enable core dumping, try "ulimit -c unlimited" before starting Java again
#
# If you would like to submit a bug report, please visit:
#   http://bugreport.java.com/bugreport/crash.jsp
# The crash happened outside the Java Virtual Machine in native code.
# See problematic frame for where to report the bug.
#

---------------  T H R E A D  ---------------

Current thread (0x00007f9d6c00a000):  JavaThread "main" [_thread_in_native, id=12669, stack(0x00007f9d72ac1000,0x00007f9d72bc2000)]

siginfo: si_signo: 11 (SIGSEGV), si_code: 128 (SI_KERNEL), si_addr: 0x0000000000000000

Registers:
RAX=0x00007f9d4eb92950, RBX=0x00007f9d72bbfcb0, RCX=0x000000000000015d, RDX=0x00007f9d72bbfca0
RSP=0x00007f9d72bbfc30, RBP=0x00007f9d6c26b970, RSI=0x00007f9d72bbfc90, RDI=0x696c2f00006f732e
R8 =0x00007f9d72bbfcb0, R9 =0x00000000000001fd, R10=0x00007f9d6c2601d0, R11=0x00007f9d4ec13d07
R12=0x00007f9d72bbfc8c, R13=0x00007f9d72bbfdc0, R14=0x00007f9d72bbfdb8, R15=0x00007f9d6c00a1f8
RIP=0x00007f9d727b3414, EFLAGS=0x0000000000010206, CSGSFS=0x0000000000000033, ERR=0x0000000000000000
  TRAPNO=0x000000000000000d

Top of Stack: (sp=0x00007f9d72bbfc30)
0x00007f9d72bbfc30:   00007f9d72bbfdb8 00007f9d4ebac0da
0x00007f9d72bbfc40:   00007f9d72bbfc90 00007f9d72bbfca0
0x00007f9d72bbfc50:   00007f9d6c2d4c30 00007f9d6c2ddf70
0x00007f9d72bbfc60:   00007f9d6c22fd10 00007f9d6c2d4c30
0x00007f9d72bbfc70:   00007f9d6c2ddf70 00007f9d4eb89a42
0x00007f9d72bbfc80:   00007f9d6c2d4c30 00007f9d729dd515
0x00007f9d72bbfc90:   0000015e0000015d 696c436900000000
0x00007f9d72bbfca0:   0000015700000156 00007f9d00000000
0x00007f9d72bbfcb0:   00007f9d6c22fd10 00007f9d6c2ddf70
0x00007f9d72bbfcc0:   00007f9d6c2ddf70 00007f9d72bbfd20
0x00007f9d72bbfcd0:   00007f9d6c2d4c30 00007f9d4f0de991
0x00007f9d72bbfce0:   00007f9d6c00a000 00007f9d6c22fd10
0x00007f9d72bbfcf0:   00007f9d6c00a000 00007f9d55d32c98
0x00007f9d72bbfd00:   0000000000000000 00007f9d55d32c98
0x00007f9d72bbfd10:   00007f9d72bbfdd0 00007f9d6c00a000
0x00007f9d72bbfd20:   00007f9d72bbfd98 00007f9d5cbee994
0x00007f9d72bbfd30:   00007f9d55d32c98 0000000000000000
0x00007f9d72bbfd40:   00007f9d72bbfd98 00007f9d5cbee727
0x00007f9d72bbfd50:   00007f9d5cbee6e2 00007f9d72bbfd58
0x00007f9d72bbfd60:   00007f9d55d32c98 00007f9d72bbfdd0
0x00007f9d72bbfd70:   00007f9d55d36230 0000000000000000
0x00007f9d72bbfd80:   00007f9d55d32c98 0000000000000000
0x00007f9d72bbfd90:   00007f9d72bbfdb8 00007f9d72bbfe18
0x00007f9d72bbfda0:   00007f9d5cbe09d0 00000000ec5c8570
0x00007f9d72bbfdb0:   00007f9d5cbe857b 00000000ecd2f290
0x00007f9d72bbfdc0:   00000000ebeadce0 00007f9d6c22fd10
0x00007f9d72bbfdd0:   00007f9d5cbe0760 00007f9d72bbfdd8
0x00007f9d72bbfde0:   00007f9d55d12334 00007f9d72bbfe30
0x00007f9d72bbfdf0:   00007f9d55d19490 0000000000000000
0x00007f9d72bbfe00:   00007f9d55d123d8 00007f9d72bbfdb8
0x00007f9d72bbfe10:   00007f9d72bbfe38 00007f9d72bbfe78
0x00007f9d72bbfe20:   00007f9d5cbe0c4d 0000000000000000 

Instructions: (pc=0x00007f9d727b3414)
0x00007f9d727b33f4:   0f 1f 40 00 c7 47 10 ff ff ff ff 31 c0 c3 66 2e
0x00007f9d727b3404:   0f 1f 84 00 00 00 00 00 0f 1f 40 00 48 83 ec 08
0x00007f9d727b3414:   8b 77 10 49 89 f8 89 f0 89 f2 25 7f 01 00 00 83
0x00007f9d727b3424:   e2 7c 0f 85 bf 00 00 00 85 c0 75 70 8b 15 ee 30 

Register to memory mapping:

RAX=0x00007f9d4eb92950: <offset 0x2a950> in /usr/lib/x86_64-linux-gnu/libX11.so.6 at 0x00007f9d4eb68000
RBX=0x00007f9d72bbfcb0 is pointing into the stack for thread: 0x00007f9d6c00a000
RCX=0x000000000000015d is an unknown value
RDX=0x00007f9d72bbfca0 is pointing into the stack for thread: 0x00007f9d6c00a000
RSP=0x00007f9d72bbfc30 is pointing into the stack for thread: 0x00007f9d6c00a000
RBP=0x00007f9d6c26b970 is an unknown value
RSI=0x00007f9d72bbfc90 is pointing into the stack for thread: 0x00007f9d6c00a000
RDI=0x696c2f00006f732e is an unknown value
R8 =0x00007f9d72bbfcb0 is pointing into the stack for thread: 0x00007f9d6c00a000
R9 =0x00000000000001fd is an unknown value
R10=0x00007f9d6c2601d0 is an unknown value
R11=0x00007f9d4ec13d07: <offset 0xabd07> in /usr/lib/x86_64-linux-gnu/libX11.so.6 at 0x00007f9d4eb68000
R12=0x00007f9d72bbfc8c is pointing into the stack for thread: 0x00007f9d6c00a000
R13=0x00007f9d72bbfdc0 is pointing into the stack for thread: 0x00007f9d6c00a000
R14=0x00007f9d72bbfdb8 is pointing into the stack for thread: 0x00007f9d6c00a000
R15=0x00007f9d6c00a1f8 is an unknown value


Stack: [0x00007f9d72ac1000,0x00007f9d72bc2000],  sp=0x00007f9d72bbfc30,  free space=1019k
Native frames: (J=compiled Java code, j=interpreted, Vv=VM code, C=native code)
C  [libpthread.so.0+0xa414]  pthread_mutex_lock+0x4

Java frames: (J=compiled Java code, j=interpreted, Vv=VM code)
j  sun.awt.X11.XlibWrapper.XGetDefault(JLjava/lang/String;Ljava/lang/String;)Ljava/lang/String;+0
j  sun.awt.X11.XToolkit.initializeMultiClickTime()V+12
j  sun.awt.X11.XToolkit.getMultiClickTime()I+6
j  sun.awt.X11.XToolkit.initializeDesktopProperties()V+82
j  java.awt.Toolkit.getDesktopProperty(Ljava/lang/String;)Ljava/lang/Object;+32
j  sun.swing.SwingUtilities2$AATextInfo.getAATextInfo(Z)Lsun/swing/SwingUtilities2$AATextInfo;+11
j  javax.swing.plaf.metal.MetalLookAndFeel.initComponentDefaults(Ljavax/swing/UIDefaults;)V+12062
j  javax.swing.plaf.basic.BasicLookAndFeel.getDefaults()Ljavax/swing/UIDefaults;+25
j  javax.swing.plaf.metal.MetalLookAndFeel.getDefaults()Ljavax/swing/UIDefaults;+9
j  javax.swing.UIManager.setLookAndFeel(Ljavax/swing/LookAndFeel;)V+79
j  javax.swing.UIManager.setLookAndFeel(Ljava/lang/String;)V+16
j  javax.swing.UIManager.initializeDefaultLAF(Ljava/util/Properties;)V+55
j  javax.swing.UIManager.initialize()V+9
j  javax.swing.UIManager.maybeInitialize()V+22
j  javax.swing.UIManager.getUI(Ljavax/swing/JComponent;)Ljavax/swing/plaf/ComponentUI;+0
j  javax.swing.JPanel.updateUI()V+2
j  javax.swing.JPanel.<init>(Ljava/awt/LayoutManager;Z)V+24
j  javax.swing.JPanel.<init>(Z)V+9
j  javax.swing.JPanel.<init>()V+2
j  javax.swing.JRootPane.createGlassPane()Ljava/awt/Component;+4
j  javax.swing.JRootPane.<init>()V+11
j  javax.swing.JFrame.createRootPane()Ljavax/swing/JRootPane;+4
j  javax.swing.JFrame.frameInit()V+16
j  javax.swing.JFrame.<init>()V+20
j  com.movieCart.MainFrame.<init>()V+1
j  com.movieCart.MainFrame.main([Ljava/lang/String;)V+25
v  ~StubRoutines::call_stub

---------------  P R O C E S S  ---------------

Java Threads: ( => current thread )
  0x00007f9d6c27d000 JavaThread "AWT-XAWT" daemon [_thread_in_native, id=12688, stack(0x00007f9d4d365000,0x00007f9d4d466000)]
  0x00007f9d6c25e000 JavaThread "Java2D Disposer" daemon [_thread_blocked, id=12687, stack(0x00007f9d4d876000,0x00007f9d4d977000)]
  0x00007f9d6c0c1800 JavaThread "Service Thread" daemon [_thread_blocked, id=12685, stack(0x00007f9d4f6db000,0x00007f9d4f7dc000)]
  0x00007f9d6c0bd000 JavaThread "C1 CompilerThread2" daemon [_thread_blocked, id=12684, stack(0x00007f9d4f7dc000,0x00007f9d4f8dd000)]
  0x00007f9d6c0bb000 JavaThread "C2 CompilerThread1" daemon [_thread_blocked, id=12683, stack(0x00007f9d540ff000,0x00007f9d54200000)]
  0x00007f9d6c0b8000 JavaThread "C2 CompilerThread0" daemon [_thread_blocked, id=12682, stack(0x00007f9d54200000,0x00007f9d54301000)]
  0x00007f9d6c0b6800 JavaThread "Signal Dispatcher" daemon [_thread_blocked, id=12681, stack(0x00007f9d54301000,0x00007f9d54402000)]
  0x00007f9d6c07f000 JavaThread "Finalizer" daemon [_thread_blocked, id=12680, stack(0x00007f9d54402000,0x00007f9d54503000)]
  0x00007f9d6c07c800 JavaThread "Reference Handler" daemon [_thread_blocked, id=12679, stack(0x00007f9d54503000,0x00007f9d54604000)]
=>0x00007f9d6c00a000 JavaThread "main" [_thread_in_native, id=12669, stack(0x00007f9d72ac1000,0x00007f9d72bc2000)]

Other Threads:
  0x00007f9d6c077800 VMThread [stack: 0x00007f9d54604000,0x00007f9d54705000] [id=12678]
  0x00007f9d6c0c4800 WatcherThread [stack: 0x00007f9d4f5da000,0x00007f9d4f6db000] [id=12686]

VM state:not at safepoint (normal execution)

VM Mutex/Monitor currently owned by a thread: None

Heap:
 PSYoungGen      total 18432K, used 15728K [0x00000000ebe00000, 0x00000000ed280000, 0x0000000100000000)
  eden space 15872K, 99% used [0x00000000ebe00000,0x00000000ecd5c250,0x00000000ecd80000)
  from space 2560K, 0% used [0x00000000ed000000,0x00000000ed000000,0x00000000ed280000)
  to   space 2560K, 0% used [0x00000000ecd80000,0x00000000ecd80000,0x00000000ed000000)
 ParOldGen       total 42496K, used 0K [0x00000000c3a00000, 0x00000000c6380000, 0x00000000ebe00000)
  object space 42496K, 0% used [0x00000000c3a00000,0x00000000c3a00000,0x00000000c6380000)
 Metaspace       used 9035K, capacity 9182K, committed 9344K, reserved 1056768K
  class space    used 1045K, capacity 1118K, committed 1152K, reserved 1048576K

Card table byte_map: [0x00007f9d5c635000,0x00007f9d5c819000] byte_map_base: 0x00007f9d5c018000

Marking Bits: (ParMarkBitMap*) 0x00007f9d71f9f020
 Begin Bits: [0x00007f9d561d0000, 0x00007f9d570e8000)
 End Bits:   [0x00007f9d570e8000, 0x00007f9d58000000)

Polling page: 0x00007f9d72be6000

CodeCache: size=245760Kb used=2509Kb max_used=2509Kb free=243250Kb
 bounds [0x00007f9d5cbd9000, 0x00007f9d5ce59000, 0x00007f9d6bbd9000]
 total_blobs=1017 nmethods=579 adapters=352
 compilation: enabled

Compilation events (10 events):
Event: 0.809 Thread 0x00007f9d6c0bd000  575       3       java.lang.invoke.MethodType$ConcurrentWeakInternSet::get (54 bytes)
Event: 0.810 Thread 0x00007f9d6c0bd000 nmethod 575 0x00007f9d5ce4af50 code [0x00007f9d5ce4b180, 0x00007f9d5ce4be38]
Event: 0.810 Thread 0x00007f9d6c0bd000  576       3       java.lang.invoke.MethodType$ConcurrentWeakInternSet$WeakEntry::<init> (14 bytes)
Event: 0.810 Thread 0x00007f9d6c0bd000 nmethod 576 0x00007f9d5ce4c3d0 code [0x00007f9d5ce4c560, 0x00007f9d5ce4c968]
Event: 0.810 Thread 0x00007f9d6c0bd000  577       3       jdk.internal.org.objectweb.asm.ClassWriter::newClass (9 bytes)
Event: 0.811 Thread 0x00007f9d6c0bd000 nmethod 577 0x00007f9d5ce39fd0 code [0x00007f9d5ce3a140, 0x00007f9d5ce3a2e8]
Event: 0.811 Thread 0x00007f9d6c0bd000  578       3       java.lang.invoke.MethodType::parameterCount (6 bytes)
Event: 0.811 Thread 0x00007f9d6c0bd000 nmethod 578 0x00007f9d5ce4cb50 code [0x00007f9d5ce4ccc0, 0x00007f9d5ce4ce10]
Event: 0.811 Thread 0x00007f9d6c0bd000  579       1       java.lang.reflect.Constructor::getDeclaringClass (5 bytes)
Event: 0.811 Thread 0x00007f9d6c0bd000 nmethod 579 0x00007f9d5ce4ced0 code [0x00007f9d5ce4d020, 0x00007f9d5ce4d130]

GC Heap History (0 events):
No events

Deoptimization events (10 events):
Event: 0.338 Thread 0x00007f9d6c00a000 Uncommon trap: reason=class_check action=maybe_recompile pc=0x00007f9d5cd62674 method=java.util.regex.Matcher.match(II)Z @ 86
Event: 0.338 Thread 0x00007f9d6c00a000 Uncommon trap: reason=class_check action=maybe_recompile pc=0x00007f9d5cd62674 method=java.util.regex.Matcher.match(II)Z @ 86
Event: 0.438 Thread 0x00007f9d6c00a000 Uncommon trap: reason=class_check action=maybe_recompile pc=0x00007f9d5cd62674 method=java.util.regex.Matcher.match(II)Z @ 86
Event: 0.550 Thread 0x00007f9d6c00a000 Uncommon trap: reason=unstable_if action=reinterpret pc=0x00007f9d5cdd3fe4 method=java.util.HashMap.getNode(ILjava/lang/Object;)Ljava/util/HashMap$Node; @ 129
Event: 0.552 Thread 0x00007f9d6c00a000 Uncommon trap: reason=unstable_if action=reinterpret pc=0x00007f9d5cdd4718 method=java.util.HashMap.getNode(ILjava/lang/Object;)Ljava/util/HashMap$Node; @ 129
Event: 0.583 Thread 0x00007f9d6c00a000 Uncommon trap: reason=class_check action=maybe_recompile pc=0x00007f9d5cde2e24 method=java.io.DataOutputStream.writeByte(I)V @ 5
Event: 0.583 Thread 0x00007f9d6c00a000 Uncommon trap: reason=class_check action=maybe_recompile pc=0x00007f9d5cde2e24 method=java.io.DataOutputStream.writeByte(I)V @ 5
Event: 0.583 Thread 0x00007f9d6c00a000 Uncommon trap: reason=class_check action=maybe_recompile pc=0x00007f9d5cde2e24 method=java.io.DataOutputStream.writeByte(I)V @ 5
Event: 0.583 Thread 0x00007f9d6c00a000 Uncommon trap: reason=class_check action=maybe_recompile pc=0x00007f9d5cde2e24 method=java.io.DataOutputStream.writeByte(I)V @ 5
Event: 0.632 Thread 0x00007f9d6c00a000 Uncommon trap: reason=class_check action=maybe_recompile pc=0x00007f9d5cd62674 method=java.util.regex.Matcher.match(II)Z @ 86

Internal exceptions (10 events):
Event: 0.193 Thread 0x00007f9d6c00a000 Exception <a 'java/security/PrivilegedActionException'> (0x00000000ec0aa0f8) thrown at [/HUDSON/workspace/8-2-build-linux-amd64/jdk8u66/4988/hotspot/src/share/vm/prims/jvm.cpp, line 1386]
Event: 0.193 Thread 0x00007f9d6c00a000 Exception <a 'java/security/PrivilegedActionException'> (0x00000000ec0aa308) thrown at [/HUDSON/workspace/8-2-build-linux-amd64/jdk8u66/4988/hotspot/src/share/vm/prims/jvm.cpp, line 1386]
Event: 0.193 Thread 0x00007f9d6c00a000 Exception <a 'java/security/PrivilegedActionException'> (0x00000000ec0aafd0) thrown at [/HUDSON/workspace/8-2-build-linux-amd64/jdk8u66/4988/hotspot/src/share/vm/prims/jvm.cpp, line 1386]
Event: 0.193 Thread 0x00007f9d6c00a000 Exception <a 'java/security/PrivilegedActionException'> (0x00000000ec0ab1e0) thrown at [/HUDSON/workspace/8-2-build-linux-amd64/jdk8u66/4988/hotspot/src/share/vm/prims/jvm.cpp, line 1386]
Event: 0.193 Thread 0x00007f9d6c00a000 Exception <a 'java/security/PrivilegedActionException'> (0x00000000ec0abed0) thrown at [/HUDSON/workspace/8-2-build-linux-amd64/jdk8u66/4988/hotspot/src/share/vm/prims/jvm.cpp, line 1386]
Event: 0.193 Thread 0x00007f9d6c00a000 Exception <a 'java/security/PrivilegedActionException'> (0x00000000ec0ac0e0) thrown at [/HUDSON/workspace/8-2-build-linux-amd64/jdk8u66/4988/hotspot/src/share/vm/prims/jvm.cpp, line 1386]
Event: 0.199 Thread 0x00007f9d6c00a000 Exception <a 'java/lang/NoClassDefFoundError': org/slf4j/impl/StaticLoggerBinder> (0x00000000ec0d1e20) thrown at [/HUDSON/workspace/8-2-build-linux-amd64/jdk8u66/4988/hotspot/src/share/vm/classfile/systemDictionary.cpp, line 199]
Event: 0.412 Thread 0x00007f9d6c00a000 Exception <a 'java/lang/NullPointerException'> (0x00000000ec63d318) thrown at [/HUDSON/workspace/8-2-build-linux-amd64/jdk8u66/4988/hotspot/src/share/vm/interpreter/linkResolver.cpp, line 1178]
Event: 0.440 Thread 0x00007f9d6c00a000 Exception <a 'java/lang/UnsatisfiedLinkError': libvlc.so: cannot open shared object file: No such file or directory> (0x00000000ec6e6250) thrown at [/HUDSON/workspace/8-2-build-linux-amd64/jdk8u66/4988/hotspot/src/share/vm/prims/jni.cpp, line 735]
Event: 0.444 Thread 0x00007f9d6c00a000 Exception <a 'java/lang/UnsatisfiedLinkError': libvlc.so: cannot open shared object file: No such file or directory> (0x00000000ec6e7168) thrown at [/HUDSON/workspace/8-2-build-linux-amd64/jdk8u66/4988/hotspot/src/share/vm/prims/jni.cpp, line 735]

Events (10 events):
Event: 0.807 loading class javax/swing/plaf/DimensionUIResource
Event: 0.807 loading class javax/swing/plaf/DimensionUIResource done
Event: 0.807 loading class javax/swing/UIDefaults$LazyInputMap
Event: 0.807 loading class javax/swing/UIDefaults$LazyInputMap done
Event: 0.809 loading class javax/swing/plaf/metal/MetalLookAndFeel$FontActiveValue
Event: 0.809 loading class javax/swing/plaf/metal/MetalLookAndFeel$FontActiveValue done
Event: 0.811 loading class sun/swing/SwingUtilities2$AATextInfo
Event: 0.811 loading class sun/swing/SwingUtilities2$AATextInfo done
Event: 0.812 loading class sun/awt/HeadlessToolkit
Event: 0.812 loading class sun/awt/HeadlessToolkit done


Dynamic libraries:
00400000-00401000 r-xp 00000000 08:06 411928                             /usr/lib/jvm/java-8-oracle/bin/java
00600000-00601000 rw-p 00000000 08:06 411928                             /usr/lib/jvm/java-8-oracle/bin/java
009f3000-00a14000 rw-p 00000000 00:00 0                                  [heap]
c3a00000-c6380000 rw-p 00000000 00:00 0 
c6380000-ebe00000 ---p 00000000 00:00 0 
ebe00000-ed280000 rw-p 00000000 00:00 0 
ed280000-100000000 ---p 00000000 00:00 0 
100000000-100120000 rw-p 00000000 00:00 0 
100120000-140000000 ---p 00000000 00:00 0 
7f9d10fb0000-7f9d10fb4000 r-xp 00000000 08:06 265517                     /lib/x86_64-linux-gnu/libuuid.so.1.3.0
7f9d10fb4000-7f9d111b3000 ---p 00004000 08:06 265517                     /lib/x86_64-linux-gnu/libuuid.so.1.3.0
7f9d111b3000-7f9d111b4000 r--p 00003000 08:06 265517                     /lib/x86_64-linux-gnu/libuuid.so.1.3.0
7f9d111b4000-7f9d111b5000 rw-p 00004000 08:06 265517                     /lib/x86_64-linux-gnu/libuuid.so.1.3.0
7f9d111b5000-7f9d111bc000 r-xp 00000000 08:06 530346                     /usr/lib/x86_64-linux-gnu/libffi.so.6.0.1
7f9d111bc000-7f9d113bb000 ---p 00007000 08:06 530346                     /usr/lib/x86_64-linux-gnu/libffi.so.6.0.1
7f9d113bb000-7f9d113bc000 r--p 00006000 08:06 530346                     /usr/lib/x86_64-linux-gnu/libffi.so.6.0.1
7f9d113bc000-7f9d113bd000 rw-p 00007000 08:06 530346                     /usr/lib/x86_64-linux-gnu/libffi.so.6.0.1
7f9d113bd000-7f9d113fa000 r-xp 00000000 08:06 265436                     /lib/x86_64-linux-gnu/libpcre.so.3.13.1
7f9d113fa000-7f9d115f9000 ---p 0003d000 08:06 265436                     /lib/x86_64-linux-gnu/libpcre.so.3.13.1
7f9d115f9000-7f9d115fa000 r--p 0003c000 08:06 265436                     /lib/x86_64-linux-gnu/libpcre.so.3.13.1
7f9d115fa000-7f9d115fb000 rw-p 0003d000 08:06 265436                     /lib/x86_64-linux-gnu/libpcre.so.3.13.1
7f9d115fb000-7f9d1165a000 r-xp 00000000 08:06 530103                     /usr/lib/x86_64-linux-gnu/libXt.so.6.0.0
7f9d1165a000-7f9d1185a000 ---p 0005f000 08:06 530103                     /usr/lib/x86_64-linux-gnu/libXt.so.6.0.0
7f9d1185a000-7f9d1185b000 r--p 0005f000 08:06 530103                     /usr/lib/x86_64-linux-gnu/libXt.so.6.0.0
7f9d1185b000-7f9d11860000 rw-p 00060000 08:06 530103                     /usr/lib/x86_64-linux-gnu/libXt.so.6.0.0
7f9d11860000-7f9d11861000 rw-p 00000000 00:00 0 
7f9d11861000-7f9d11888000 r-xp 00000000 08:06 265110                     /lib/x86_64-linux-gnu/libexpat.so.1.6.0
7f9d11888000-7f9d11a88000 ---p 00027000 08:06 265110                     /lib/x86_64-linux-gnu/libexpat.so.1.6.0
7f9d11a88000-7f9d11a8a000 r--p 00027000 08:06 265110                     /lib/x86_64-linux-gnu/libexpat.so.1.6.0
7f9d11a8a000-7f9d11a8b000 rw-p 00029000 08:06 265110                     /lib/x86_64-linux-gnu/libexpat.so.1.6.0
7f9d11a8b000-7f9d11aa2000 r-xp 00000000 08:06 529934                     /usr/lib/x86_64-linux-gnu/libICE.so.6.3.0
7f9d11aa2000-7f9d11ca1000 ---p 00017000 08:06 529934                     /usr/lib/x86_64-linux-gnu/libICE.so.6.3.0
7f9d11ca1000-7f9d11ca2000 r--p 00016000 08:06 529934                     /usr/lib/x86_64-linux-gnu/libICE.so.6.3.0
7f9d11ca2000-7f9d11ca3000 rw-p 00017000 08:06 529934                     /usr/lib/x86_64-linux-gnu/libICE.so.6.3.0
7f9d11ca3000-7f9d11ca7000 rw-p 00000000 00:00 0 
7f9d11ca7000-7f9d11cae000 r-xp 00000000 08:06 530056                     /usr/lib/x86_64-linux-gnu/libSM.so.6.0.1
7f9d11cae000-7f9d11ead000 ---p 00007000 08:06 530056                     /usr/lib/x86_64-linux-gnu/libSM.so.6.0.1
7f9d11ead000-7f9d11eae000 r--p 00006000 08:06 530056                     /usr/lib/x86_64-linux-gnu/libSM.so.6.0.1
7f9d11eae000-7f9d11eaf000 rw-p 00007000 08:06 530056                     /usr/lib/x86_64-linux-gnu/libSM.so.6.0.1
7f9d11eaf000-7f9d11efe000 r-xp 00000000 08:06 530475                     /usr/lib/x86_64-linux-gnu/libgobject-2.0.so.0.4002.0
7f9d11efe000-7f9d120fe000 ---p 0004f000 08:06 530475                     /usr/lib/x86_64-linux-gnu/libgobject-2.0.so.0.4002.0
7f9d120fe000-7f9d120ff000 r--p 0004f000 08:06 530475                     /usr/lib/x86_64-linux-gnu/libgobject-2.0.so.0.4002.0
7f9d120ff000-7f9d12100000 rw-p 00050000 08:06 530475                     /usr/lib/x86_64-linux-gnu/libgobject-2.0.so.0.4002.0
7f9d12100000-7f9d1219d000 r-xp 00000000 08:06 539648                     /usr/lib/x86_64-linux-gnu/libfreetype.so.6.11.1
7f9d1219d000-7f9d1239c000 ---p 0009d000 08:06 539648                     /usr/lib/x86_64-linux-gnu/libfreetype.so.6.11.1
7f9d1239c000-7f9d123a2000 r--p 0009c000 08:06 539648                     /usr/lib/x86_64-linux-gnu/libfreetype.so.6.11.1
7f9d123a2000-7f9d123a3000 rw-p 000a2000 08:06 539648                     /usr/lib/x86_64-linux-gnu/libfreetype.so.6.11.1
7f9d123a3000-7f9d123bb000 r-xp 00000000 08:06 265703                     /lib/x86_64-linux-gnu/libz.so.1.2.8
7f9d123bb000-7f9d125ba000 ---p 00018000 08:06 265703                     /lib/x86_64-linux-gnu/libz.so.1.2.8
7f9d125ba000-7f9d125bb000 r--p 00017000 08:06 265703                     /lib/x86_64-linux-gnu/libz.so.1.2.8
7f9d125bb000-7f9d125bc000 rw-p 00018000 08:06 265703                     /lib/x86_64-linux-gnu/libz.so.1.2.8
7f9d125bc000-7f9d125e1000 r-xp 00000000 08:06 265655                     /lib/x86_64-linux-gnu/libpng12.so.0.50.0
7f9d125e1000-7f9d127e0000 ---p 00025000 08:06 265655                     /lib/x86_64-linux-gnu/libpng12.so.0.50.0
7f9d127e0000-7f9d127e1000 r--p 00024000 08:06 265655                     /lib/x86_64-linux-gnu/libpng12.so.0.50.0
7f9d127e1000-7f9d127e2000 rw-p 00025000 08:06 265655                     /lib/x86_64-linux-gnu/libpng12.so.0.50.0
7f9d127e2000-7f9d128e8000 r-xp 00000000 08:06 265571                     /lib/x86_64-linux-gnu/libglib-2.0.so.0.4002.0
7f9d128e8000-7f9d12ae7000 ---p 00106000 08:06 265571                     /lib/x86_64-linux-gnu/libglib-2.0.so.0.4002.0
7f9d12ae7000-7f9d12ae8000 r--p 00105000 08:06 265571                     /lib/x86_64-linux-gnu/libglib-2.0.so.0.4002.0
7f9d12ae8000-7f9d12ae9000 rw-p 00106000 08:06 265571                     /lib/x86_64-linux-gnu/libglib-2.0.so.0.4002.0
7f9d12ae9000-7f9d12aea000 rw-p 00000000 00:00 0 
7f9d12aea000-7f9d12b01000 r-xp 00000000 08:06 530166                     /usr/lib/x86_64-linux-gnu/libaudio.so.2.4
7f9d12b01000-7f9d12d00000 ---p 00017000 08:06 530166                     /usr/lib/x86_64-linux-gnu/libaudio.so.2.4
7f9d12d00000-7f9d12d01000 r--p 00016000 08:06 530166                     /usr/lib/x86_64-linux-gnu/libaudio.so.2.4
7f9d12d01000-7f9d12d02000 rw-p 00017000 08:06 530166                     /usr/lib/x86_64-linux-gnu/libaudio.so.2.4
7f9d12d02000-7f9d12d3c000 r-xp 00000000 08:06 530360                     /usr/lib/x86_64-linux-gnu/libfontconfig.so.1.8.0
7f9d12d3c000-7f9d12f3b000 ---p 0003a000 08:06 530360                     /usr/lib/x86_64-linux-gnu/libfontconfig.so.1.8.0
7f9d12f3b000-7f9d12f3d000 r--p 00039000 08:06 530360                     /usr/lib/x86_64-linux-gnu/libfontconfig.so.1.8.0
7f9d12f3d000-7f9d12f3e000 rw-p 0003b000 08:06 530360                     /usr/lib/x86_64-linux-gnu/libfontconfig.so.1.8.0
7f9d12f3e000-7f9d139a4000 r-xp 00000000 08:06 522879                     /usr/lib/x86_64-linux-gnu/libQtGui.so.4.8.6
7f9d139a4000-7f9d13ba4000 ---p 00a66000 08:06 522879                     /usr/lib/x86_64-linux-gnu/libQtGui.so.4.8.6
7f9d13ba4000-7f9d13be6000 r--p 00a66000 08:06 522879                     /usr/lib/x86_64-linux-gnu/libQtGui.so.4.8.6
7f9d13be6000-7f9d13bed000 rw-p 00aa8000 08:06 522879                     /usr/lib/x86_64-linux-gnu/libQtGui.so.4.8.6
7f9d13bed000-7f9d13bf1000 rw-p 00000000 00:00 0 
7f9d13bf1000-7f9d13bf4000 r-xp 00000000 08:06 530850                     /usr/lib/x86_64-linux-gnu/libpulse-simple.so.0.0.4
7f9d13bf4000-7f9d13df3000 ---p 00003000 08:06 530850                     /usr/lib/x86_64-linux-gnu/libpulse-simple.so.0.0.4
7f9d13df3000-7f9d13df4000 r--p 00002000 08:06 530850                     /usr/lib/x86_64-linux-gnu/libpulse-simple.so.0.0.4
7f9d13df4000-7f9d13df5000 rw-p 00003000 08:06 530850                     /usr/lib/x86_64-linux-gnu/libpulse-simple.so.0.0.4
7f9d13e7c000-7f9d14154000 r-xp 00000000 08:06 530043                     /usr/lib/x86_64-linux-gnu/libQtCore.so.4.8.6
7f9d14154000-7f9d14354000 ---p 002d8000 08:06 530043                     /usr/lib/x86_64-linux-gnu/libQtCore.so.4.8.6
7f9d14354000-7f9d1435f000 r--p 002d8000 08:06 530043                     /usr/lib/x86_64-linux-gnu/libQtCore.so.4.8.6
7f9d1435f000-7f9d14360000 rw-p 002e3000 08:06 530043                     /usr/lib/x86_64-linux-gnu/libQtCore.so.4.8.6
7f9d14360000-7f9d14361000 rw-p 00000000 00:00 0 
7f9d14361000-7f9d145c3000 r-xp 00000000 08:06 413116                     /usr/lib/vlc/plugins/gui/libqt4_plugin.so
7f9d145c3000-7f9d147c2000 ---p 00262000 08:06 413116                     /usr/lib/vlc/plugins/gui/libqt4_plugin.so
7f9d147c2000-7f9d147db000 r--p 00261000 08:06 413116                     /usr/lib/vlc/plugins/gui/libqt4_plugin.so
7f9d147db000-7f9d147df000 rw-p 0027a000 08:06 413116                     /usr/lib/vlc/plugins/gui/libqt4_plugin.so
7f9d147df000-7f9d147e5000 r-xp 00000000 08:06 546092                     /usr/lib/x86_64-linux-gnu/libxcb-xv.so.0.0.0
7f9d147e5000-7f9d149e4000 ---p 00006000 08:06 546092                     /usr/lib/x86_64-linux-gnu/libxcb-xv.so.0.0.0
7f9d149e4000-7f9d149e5000 r--p 00005000 08:06 546092                     /usr/lib/x86_64-linux-gnu/libxcb-xv.so.0.0.0
7f9d149e5000-7f9d149e6000 rw-p 00006000 08:06 546092                     /usr/lib/x86_64-linux-gnu/libxcb-xv.so.0.0.0
7f9d149e6000-7f9d149ed000 r-xp 00000000 08:06 413105                     /usr/lib/vlc/plugins/video_output/libxcb_xv_plugin.so
7f9d149ed000-7f9d14bec000 ---p 00007000 08:06 413105                     /usr/lib/vlc/plugins/video_output/libxcb_xv_plugin.so
7f9d14bec000-7f9d14bed000 r--p 00006000 08:06 413105                     /usr/lib/vlc/plugins/video_output/libxcb_xv_plugin.so
7f9d14bed000-7f9d14bee000 rw-p 00007000 08:06 413105                     /usr/lib/vlc/plugins/video_output/libxcb_xv_plugin.so
7f9d14bee000-7f9d14c71000 r-xp 00000000 08:06 526635                     /usr/lib/x86_64-linux-gnu/libdirac_encoder.so.0.1.0
7f9d14c71000-7f9d14e70000 ---p 00083000 08:06 526635                     /usr/lib/x86_64-linux-gnu/libdirac_encoder.so.0.1.0
7f9d14e70000-7f9d14e73000 r--p 00082000 08:06 526635                     /usr/lib/x86_64-linux-gnu/libdirac_encoder.so.0.1.0
7f9d14e73000-7f9d14e74000 rw-p 00085000 08:06 526635                     /usr/lib/x86_64-linux-gnu/libdirac_encoder.so.0.1.0
7f9d14e74000-7f9d14e75000 rw-p 00000000 00:00 0 
7f9d14e78000-7f9d14e7a000 r-xp 00000000 08:06 531122                     /usr/lib/x86_64-linux-gnu/libxcb-shm.so.0.0.0
7f9d14e7a000-7f9d15079000 ---p 00002000 08:06 531122                     /usr/lib/x86_64-linux-gnu/libxcb-shm.so.0.0.0
7f9d15079000-7f9d1507a000 r--p 00001000 08:06 531122                     /usr/lib/x86_64-linux-gnu/libxcb-shm.so.0.0.0
7f9d1507a000-7f9d1507b000 rw-p 00002000 08:06 531122                     /usr/lib/x86_64-linux-gnu/libxcb-shm.so.0.0.0
7f9d1507b000-7f9d15083000 r-xp 00000000 08:06 265602                     /lib/x86_64-linux-gnu/libnih-dbus.so.1.0.0
7f9d15083000-7f9d15283000 ---p 00008000 08:06 265602                     /lib/x86_64-linux-gnu/libnih-dbus.so.1.0.0
7f9d15283000-7f9d15284000 r--p 00008000 08:06 265602                     /lib/x86_64-linux-gnu/libnih-dbus.so.1.0.0
7f9d15284000-7f9d15285000 rw-p 00009000 08:06 265602                     /lib/x86_64-linux-gnu/libnih-dbus.so.1.0.0
7f9d15285000-7f9d1529c000 r-xp 00000000 08:06 265604                     /lib/x86_64-linux-gnu/libnih.so.1.0.0
7f9d1529c000-7f9d1549b000 ---p 00017000 08:06 265604                     /lib/x86_64-linux-gnu/libnih.so.1.0.0
7f9d1549b000-7f9d1549c000 r--p 00016000 08:06 265604                     /lib/x86_64-linux-gnu/libnih.so.1.0.0
7f9d1549c000-7f9d1549d000 rw-p 00017000 08:06 265604                     /lib/x86_64-linux-gnu/libnih.so.1.0.0
7f9d1549d000-7f9d154b6000 r-xp 00000000 08:06 265465                     /lib/x86_64-linux-gnu/libcgmanager.so.0.0.0
7f9d154b6000-7f9d156b5000 ---p 00019000 08:06 265465                     /lib/x86_64-linux-gnu/libcgmanager.so.0.0.0
7f9d156b5000-7f9d156b7000 r--p 00018000 08:06 265465                     /lib/x86_64-linux-gnu/libcgmanager.so.0.0.0
7f9d156b7000-7f9d156b8000 rw-p 0001a000 08:06 265465                     /lib/x86_64-linux-gnu/libcgmanager.so.0.0.0
7f9d156b8000-7f9d156bc000 r-xp 00000000 08:06 265573                     /lib/x86_64-linux-gnu/libgpg-error.so.0.10.0
7f9d156bc000-7f9d158bb000 ---p 00004000 08:06 265573                     /lib/x86_64-linux-gnu/libgpg-error.so.0.10.0
7f9d158bb000-7f9d158bc000 r--p 00003000 08:06 265573                     /lib/x86_64-linux-gnu/libgpg-error.so.0.10.0
7f9d158bc000-7f9d158bd000 rw-p 00004000 08:06 265573                     /lib/x86_64-linux-gnu/libgpg-error.so.0.10.0
7f9d158bd000-7f9d158cd000 r-xp 00000000 08:06 298110                     /lib/x86_64-linux-gnu/libudev.so.1.3.5
7f9d158cd000-7f9d15acc000 ---p 00010000 08:06 298110                     /lib/x86_64-linux-gnu/libudev.so.1.3.5
7f9d15acc000-7f9d15acd000 r--p 0000f000 08:06 298110                     /lib/x86_64-linux-gnu/libudev.so.1.3.5
7f9d15acd000-7f9d15ace000 rw-p 00010000 08:06 298110                     /lib/x86_64-linux-gnu/libudev.so.1.3.5
7f9d15ace000-7f9d15b4a000 r-xp 00000000 08:06 265547                     /lib/x86_64-linux-gnu/libgcrypt.so.11.8.2
7f9d15b4a000-7f9d15d4a000 ---p 0007c000 08:06 265547                     /lib/x86_64-linux-gnu/libgcrypt.so.11.8.2
7f9d15d4a000-7f9d15d4b000 r--p 0007c000 08:06 265547                     /lib/x86_64-linux-gnu/libgcrypt.so.11.8.2
7f9d15d4b000-7f9d15d4e000 rw-p 0007d000 08:06 265547                     /lib/x86_64-linux-gnu/libgcrypt.so.11.8.2
7f9d15d4e000-7f9d15d63000 r-xp 00000000 08:06 265694                     /lib/x86_64-linux-gnu/libusb-1.0.so.0.1.0
7f9d15d63000-7f9d15f63000 ---p 00015000 08:06 265694                     /lib/x86_64-linux-gnu/libusb-1.0.so.0.1.0
7f9d15f63000-7f9d15f64000 r--p 00015000 08:06 265694                     /lib/x86_64-linux-gnu/libusb-1.0.so.0.1.0
7f9d15f64000-7f9d15f65000 rw-p 00016000 08:06 265694                     /lib/x86_64-linux-gnu/libusb-1.0.so.0.1.0
7f9d15f65000-7f9d15fb5000 r-xp 00000000 08:06 530720                     /usr/lib/x86_64-linux-gnu/libmtp.so.9.1.0
7f9d15fb5000-7f9d161b4000 ---p 00050000 08:06 530720                     /usr/lib/x86_64-linux-gnu/libmtp.so.9.1.0
7f9d161b4000-7f9d161ba000 r--p 0004f000 08:06 530720                     /usr/lib/x86_64-linux-gnu/libmtp.so.9.1.0
7f9d161ba000-7f9d161c4000 rw-p 00055000 08:06 530720                     /usr/lib/x86_64-linux-gnu/libmtp.so.9.1.0
7f9d161c4000-7f9d162aa000 r-xp 00000000 08:06 524368                     /usr/lib/x86_64-linux-gnu/libstdc++.so.6.0.19
7f9d162aa000-7f9d164a9000 ---p 000e6000 08:06 524368                     /usr/lib/x86_64-linux-gnu/libstdc++.so.6.0.19
7f9d164a9000-7f9d164b1000 r--p 000e5000 08:06 524368                     /usr/lib/x86_64-linux-gnu/libstdc++.so.6.0.19
7f9d164b1000-7f9d164b3000 rw-p 000ed000 08:06 524368                     /usr/lib/x86_64-linux-gnu/libstdc++.so.6.0.19
7f9d164b3000-7f9d164c8000 rw-p 00000000 00:00 0 
7f9d164dd000-7f9d164df000 r-xp 00000000 08:06 412929                     /usr/lib/vlc/plugins/services_discovery/libmtp_plugin.so
7f9d164df000-7f9d166de000 ---p 00002000 08:06 412929                     /usr/lib/vlc/plugins/services_discovery/libmtp_plugin.so
7f9d166de000-7f9d166df000 r--p 00001000 08:06 412929                     /usr/lib/vlc/plugins/services_discovery/libmtp_plugin.so
7f9d166df000-7f9d166e0000 rw-p 00002000 08:06 412929                     /usr/lib/vlc/plugins/services_discovery/libmtp_plugin.so
7f9d166e0000-7f9d167c9000 r-xp 00000000 08:06 530146                     /usr/lib/x86_64-linux-gnu/libasound.so.2.0.0
7f9d167c9000-7f9d169c8000 ---p 000e9000 08:06 530146                     /usr/lib/x86_64-linux-gnu/libasound.so.2.0.0
7f9d169c8000-7f9d169cf000 r--p 000e8000 08:06 530146                     /usr/lib/x86_64-linux-gnu/libasound.so.2.0.0
7f9d169cf000-7f9d169d0000 rw-p 000ef000 08:06 530146                     /usr/lib/x86_64-linux-gnu/libasound.so.2.0.0
7f9d169d0000-7f9d169e7000 r-xp 00000000 08:06 261127                     /lib/x86_64-linux-gnu/libresolv-2.19.so
7f9d169e7000-7f9d16be7000 ---p 00017000 08:06 261127                     /lib/x86_64-linux-gnu/libresolv-2.19.so
7f9d16be7000-7f9d16be8000 r--p 00017000 08:06 261127                     /lib/x86_64-linux-gnu/libresolv-2.19.so
7f9d16be8000-7f9d16be9000 rw-p 00018000 08:06 261127                     /lib/x86_64-linux-gnu/libresolv-2.19.so
7f9d16be9000-7f9d16beb000 rw-p 00000000 00:00 0 
7f9d16beb000-7f9d16bf2000 r-xp 00000000 08:06 530783                     /usr/lib/x86_64-linux-gnu/libogg.so.0.8.1
7f9d16bf2000-7f9d16df2000 ---p 00007000 08:06 530783                     /usr/lib/x86_64-linux-gnu/libogg.so.0.8.1
7f9d16df2000-7f9d16df3000 r--p 00007000 08:06 530783                     /usr/lib/x86_64-linux-gnu/libogg.so.0.8.1
7f9d16df3000-7f9d16df4000 rw-p 00008000 08:06 530783                     /usr/lib/x86_64-linux-gnu/libogg.so.0.8.1
7f9d16df4000-7f9d16e20000 r-xp 00000000 08:06 531059                     /usr/lib/x86_64-linux-gnu/libvorbis.so.0.4.5
7f9d16e20000-7f9d1701f000 ---p 0002c000 08:06 531059                     /usr/lib/x86_64-linux-gnu/libvorbis.so.0.4.5
7f9d1701f000-7f9d17020000 r--p 0002b000 08:06 531059                     /usr/lib/x86_64-linux-gnu/libvorbis.so.0.4.5
7f9d17020000-7f9d17021000 rw-p 0002c000 08:06 531059                     /usr/lib/x86_64-linux-gnu/libvorbis.so.0.4.5
7f9d17021000-7f9d172d4000 r-xp 00000000 08:06 531061                     /usr/lib/x86_64-linux-gnu/libvorbisenc.so.2.0.8
7f9d172d4000-7f9d174d3000 ---p 002b3000 08:06 531061                     /usr/lib/x86_64-linux-gnu/libvorbisenc.so.2.0.8
7f9d174d3000-7f9d174ef000 r--p 002b2000 08:06 531061                     /usr/lib/x86_64-linux-gnu/libvorbisenc.so.2.0.8
7f9d174ef000-7f9d174f0000 rw-p 002ce000 08:06 531061                     /usr/lib/x86_64-linux-gnu/libvorbisenc.so.2.0.8
7f9d174f0000-7f9d17520000 r-xp 00000000 08:06 529922                     /usr/lib/x86_64-linux-gnu/libFLAC.so.8.3.0
7f9d17520000-7f9d1771f000 ---p 00030000 08:06 529922                     /usr/lib/x86_64-linux-gnu/libFLAC.so.8.3.0
7f9d1771f000-7f9d17720000 r--p 0002f000 08:06 529922                     /usr/lib/x86_64-linux-gnu/libFLAC.so.8.3.0
7f9d17720000-7f9d17721000 rw-p 00030000 08:06 529922                     /usr/lib/x86_64-linux-gnu/libFLAC.so.8.3.0
7f9d17721000-7f9d17726000 r-xp 00000000 08:06 530154                     /usr/lib/x86_64-linux-gnu/libasyncns.so.0.3.1
7f9d17726000-7f9d17925000 ---p 00005000 08:06 530154                     /usr/lib/x86_64-linux-gnu/libasyncns.so.0.3.1
7f9d17925000-7f9d17926000 r--p 00004000 08:06 530154                     /usr/lib/x86_64-linux-gnu/libasyncns.so.0.3.1
7f9d17926000-7f9d17927000 rw-p 00005000 08:06 530154                     /usr/lib/x86_64-linux-gnu/libasyncns.so.0.3.1
7f9d17927000-7f9d17988000 r-xp 00000000 08:06 530940                     /usr/lib/x86_64-linux-gnu/libsndfile.so.1.0.25
7f9d17988000-7f9d17b88000 ---p 00061000 08:06 530940                     /usr/lib/x86_64-linux-gnu/libsndfile.so.1.0.25
7f9d17b88000-7f9d17b8a000 r--p 00061000 08:06 530940                     /usr/lib/x86_64-linux-gnu/libsndfile.so.1.0.25
7f9d17b8a000-7f9d17b8b000 rw-p 00063000 08:06 530940                     /usr/lib/x86_64-linux-gnu/libsndfile.so.1.0.25
7f9d17b8b000-7f9d17b8f000 rw-p 00000000 00:00 0 
7f9d17b8f000-7f9d17b97000 r-xp 00000000 08:06 265700                     /lib/x86_64-linux-gnu/libwrap.so.0.7.6
7f9d17b97000-7f9d17d96000 ---p 00008000 08:06 265700                     /lib/x86_64-linux-gnu/libwrap.so.0.7.6
7f9d17d96000-7f9d17d97000 r--p 00007000 08:06 265700                     /lib/x86_64-linux-gnu/libwrap.so.0.7.6
7f9d17d97000-7f9d17d98000 rw-p 00008000 08:06 265700                     /lib/x86_64-linux-gnu/libwrap.so.0.7.6
7f9d17d98000-7f9d17d99000 rw-p 00000000 00:00 0 
7f9d17d99000-7f9d17dff000 r-xp 00000000 08:06 783969                     /usr/lib/x86_64-linux-gnu/pulseaudio/libpulsecommon-4.0.so
7f9d17dff000-7f9d17ffe000 ---p 00066000 08:06 783969                     /usr/lib/x86_64-linux-gnu/pulseaudio/libpulsecommon-4.0.so
7f9d17ffe000-7f9d17fff000 r--p 00065000 08:06 783969                     /usr/lib/x86_64-linux-gnu/pulseaudio/libpulsecommon-4.0.so
7f9d17fff000-7f9d18000000 rw-p 00066000 08:06 783969                     /usr/lib/x86_64-linux-gnu/pulseaudio/libpulsecommon-4.0.so
7f9d18000000-7f9d18021000 rw-p 00000000 00:00 0 
7f9d18021000-7f9d1c000000 ---p 00000000 00:00 0 
7f9d1c000000-7f9d1c021000 rw-p 00000000 00:00 0 
7f9d1c021000-7f9d20000000 ---p 00000000 00:00 0 
7f9d20000000-7f9d20021000 rw-p 00000000 00:00 0 
7f9d20021000-7f9d24000000 ---p 00000000 00:00 0 
7f9d24000000-7f9d24021000 rw-p 00000000 00:00 0 
7f9d24021000-7f9d28000000 ---p 00000000 00:00 0 
7f9d28000000-7f9d2817d000 rw-p 00000000 00:00 0 
7f9d2817d000-7f9d2c000000 ---p 00000000 00:00 0 
7f9d2c000000-7f9d2c1bf000 rw-p 00000000 00:00 0 
7f9d2c1bf000-7f9d30000000 ---p 00000000 00:00 0 
7f9d30000000-7f9d30021000 rw-p 00000000 00:00 0 
7f9d30021000-7f9d34000000 ---p 00000000 00:00 0 
7f9d34000000-7f9d34263000 rw-p 00000000 00:00 0 
7f9d34263000-7f9d38000000 ---p 00000000 00:00 0 
7f9d38000000-7f9d38021000 rw-p 00000000 00:00 0 
7f9d38021000-7f9d3c000000 ---p 00000000 00:00 0 
7f9d3c000000-7f9d3c021000 rw-p 00000000 00:00 0 
7f9d3c021000-7f9d40000000 ---p 00000000 00:00 0 
7f9d40000000-7f9d40021000 rw-p 00000000 00:00 0 
7f9d40021000-7f9d44000000 ---p 00000000 00:00 0 
7f9d44000000-7f9d44021000 rw-p 00000000 00:00 0 
7f9d44021000-7f9d48000000 ---p 00000000 00:00 0 
7f9d48000000-7f9d48021000 rw-p 00000000 00:00 0 
7f9d48021000-7f9d4c000000 ---p 00000000 00:00 0 
7f9d4c194000-7f9d4c19e000 r-xp 00000000 08:06 265580                     /lib/x86_64-linux-gnu/libjson-c.so.2.0.0
7f9d4c19e000-7f9d4c39d000 ---p 0000a000 08:06 265580                     /lib/x86_64-linux-gnu/libjson-c.so.2.0.0
7f9d4c39d000-7f9d4c39e000 r--p 00009000 08:06 265580                     /lib/x86_64-linux-gnu/libjson-c.so.2.0.0
7f9d4c39e000-7f9d4c39f000 rw-p 0000a000 08:06 265580                     /lib/x86_64-linux-gnu/libjson-c.so.2.0.0
7f9d4c39f000-7f9d4c3e6000 r-xp 00000000 08:06 530852                     /usr/lib/x86_64-linux-gnu/libpulse.so.0.16.2
7f9d4c3e6000-7f9d4c5e6000 ---p 00047000 08:06 530852                     /usr/lib/x86_64-linux-gnu/libpulse.so.0.16.2
7f9d4c5e6000-7f9d4c5e7000 r--p 00047000 08:06 530852                     /usr/lib/x86_64-linux-gnu/libpulse.so.0.16.2
7f9d4c5e7000-7f9d4c5e8000 rw-p 00048000 08:06 530852                     /usr/lib/x86_64-linux-gnu/libpulse.so.0.16.2
7f9d4c5e9000-7f9d4c5ee000 r-xp 00000000 08:06 412892                     /usr/lib/vlc/plugins/audio_output/libalsa_plugin.so
7f9d4c5ee000-7f9d4c7ed000 ---p 00005000 08:06 412892                     /usr/lib/vlc/plugins/audio_output/libalsa_plugin.so
7f9d4c7ed000-7f9d4c7ee000 r--p 00004000 08:06 412892                     /usr/lib/vlc/plugins/audio_output/libalsa_plugin.so
7f9d4c7ee000-7f9d4c7ef000 rw-p 00005000 08:06 412892                     /usr/lib/vlc/plugins/audio_output/libalsa_plugin.so
7f9d4c7ef000-7f9d4c833000 r-xp 00000000 08:06 265554                     /lib/x86_64-linux-gnu/libdbus-1.so.3.7.6
7f9d4c833000-7f9d4ca32000 ---p 00044000 08:06 265554                     /lib/x86_64-linux-gnu/libdbus-1.so.3.7.6
7f9d4ca32000-7f9d4ca33000 r--p 00043000 08:06 265554                     /lib/x86_64-linux-gnu/libdbus-1.so.3.7.6
7f9d4ca33000-7f9d4ca34000 rw-p 00044000 08:06 265554                     /lib/x86_64-linux-gnu/libdbus-1.so.3.7.6
7f9d4ca34000-7f9d4ca65000 r-xp 00000000 08:06 530638                     /usr/lib/x86_64-linux-gnu/libidn.so.11.6.11
7f9d4ca65000-7f9d4cc65000 ---p 00031000 08:06 530638                     /usr/lib/x86_64-linux-gnu/libidn.so.11.6.11
7f9d4cc65000-7f9d4cc66000 r--p 00031000 08:06 530638                     /usr/lib/x86_64-linux-gnu/libidn.so.11.6.11
7f9d4cc66000-7f9d4cc67000 rw-p 00032000 08:06 530638                     /usr/lib/x86_64-linux-gnu/libidn.so.11.6.11
7f9d4cc67000-7f9d4cd45000 r-xp 00000000 08:06 412641                     /usr/lib/libvlccore.so.7.0.0
7f9d4cd45000-7f9d4cf45000 ---p 000de000 08:06 412641                     /usr/lib/libvlccore.so.7.0.0
7f9d4cf45000-7f9d4cf48000 r--p 000de000 08:06 412641                     /usr/lib/libvlccore.so.7.0.0
7f9d4cf48000-7f9d4cf49000 rw-p 000e1000 08:06 412641                     /usr/lib/libvlccore.so.7.0.0
7f9d4cf49000-7f9d4cf63000 r-xp 00000000 08:06 412644                     /usr/lib/libvlc.so.5.4.0
7f9d4cf63000-7f9d4d162000 ---p 0001a000 08:06 412644                     /usr/lib/libvlc.so.5.4.0
7f9d4d162000-7f9d4d163000 r--p 00019000 08:06 412644                     /usr/lib/libvlc.so.5.4.0
7f9d4d163000-7f9d4d164000 rw-p 0001a000 08:06 412644                     /usr/lib/libvlc.so.5.4.0
7f9d4d164000-7f9d4d165000 r-xp 00000000 08:06 414495                     /usr/lib/jvm/java-8-oracle/jre/lib/amd64/libjawt.so
7f9d4d165000-7f9d4d364000 ---p 00001000 08:06 414495                     /usr/lib/jvm/java-8-oracle/jre/lib/amd64/libjawt.so
7f9d4d364000-7f9d4d365000 rw-p 00000000 08:06 414495                     /usr/lib/jvm/java-8-oracle/jre/lib/amd64/libjawt.so
7f9d4d365000-7f9d4d368000 ---p 00000000 00:00 0 
7f9d4d368000-7f9d4d466000 rw-p 00000000 00:00 0                          [stack:12688]
7f9d4d466000-7f9d4d46b000 r-xp 00000000 08:06 522501                     /usr/lib/x86_64-linux-gnu/libXfixes.so.3.1.0
7f9d4d46b000-7f9d4d66a000 ---p 00005000 08:06 522501                     /usr/lib/x86_64-linux-gnu/libXfixes.so.3.1.0
7f9d4d66a000-7f9d4d66b000 r--p 00004000 08:06 522501                     /usr/lib/x86_64-linux-gnu/libXfixes.so.3.1.0
7f9d4d66b000-7f9d4d66c000 rw-p 00005000 08:06 522501                     /usr/lib/x86_64-linux-gnu/libXfixes.so.3.1.0
7f9d4d66c000-7f9d4d675000 r-xp 00000000 08:06 530071                     /usr/lib/x86_64-linux-gnu/libXcursor.so.1.0.2
7f9d4d675000-7f9d4d874000 ---p 00009000 08:06 530071                     /usr/lib/x86_64-linux-gnu/libXcursor.so.1.0.2
7f9d4d874000-7f9d4d875000 r--p 00008000 08:06 530071                     /usr/lib/x86_64-linux-gnu/libXcursor.so.1.0.2
7f9d4d875000-7f9d4d876000 rw-p 00009000 08:06 530071                     /usr/lib/x86_64-linux-gnu/libXcursor.so.1.0.2
7f9d4d876000-7f9d4d879000 ---p 00000000 00:00 0 
7f9d4d879000-7f9d4d977000 rw-p 00000000 00:00 0                          [stack:12687]
7f9d4d977000-7f9d4d98d000 r-xp 00000000 08:06 265567                     /lib/x86_64-linux-gnu/libgcc_s.so.1
7f9d4d98d000-7f9d4db8c000 ---p 00016000 08:06 265567                     /lib/x86_64-linux-gnu/libgcc_s.so.1
7f9d4db8c000-7f9d4db8d000 rw-p 00015000 08:06 265567                     /lib/x86_64-linux-gnu/libgcc_s.so.1
7f9d4db8d000-7f9d4dbf2000 r-xp 00000000 08:06 414526                     /usr/lib/jvm/java-8-oracle/jre/lib/amd64/libfontmanager.so
7f9d4dbf2000-7f9d4ddf2000 ---p 00065000 08:06 414526                     /usr/lib/jvm/java-8-oracle/jre/lib/amd64/libfontmanager.so
7f9d4ddf2000-7f9d4ddf6000 rw-p 00065000 08:06 414526                     /usr/lib/jvm/java-8-oracle/jre/lib/amd64/libfontmanager.so
7f9d4ddf6000-7f9d4de07000 rw-p 00000000 00:00 0 
7f9d4de07000-7f9d4de1e000 r-xp 00000000 08:06 13625                      /tmp/jna-jony/jna7929805412124008936.tmp (deleted)
7f9d4de1e000-7f9d4df1d000 ---p 00017000 08:06 13625                      /tmp/jna-jony/jna7929805412124008936.tmp (deleted)
7f9d4df1d000-7f9d4df1e000 rw-p 00016000 08:06 13625                      /tmp/jna-jony/jna7929805412124008936.tmp (deleted)
7f9d4df1e000-7f9d4df1f000 rw-p 00000000 00:00 0 
7f9d4df1f000-7f9d4df24000 r-xp 00000000 08:06 530075                     /usr/lib/x86_64-linux-gnu/libXdmcp.so.6.0.0
7f9d4df24000-7f9d4e123000 ---p 00005000 08:06 530075                     /usr/lib/x86_64-linux-gnu/libXdmcp.so.6.0.0
7f9d4e123000-7f9d4e124000 r--p 00004000 08:06 530075                     /usr/lib/x86_64-linux-gnu/libXdmcp.so.6.0.0
7f9d4e124000-7f9d4e125000 rw-p 00005000 08:06 530075                     /usr/lib/x86_64-linux-gnu/libXdmcp.so.6.0.0
7f9d4e125000-7f9d4e127000 r-xp 00000000 08:06 530064                     /usr/lib/x86_64-linux-gnu/libXau.so.6.0.0
7f9d4e127000-7f9d4e327000 ---p 00002000 08:06 530064                     /usr/lib/x86_64-linux-gnu/libXau.so.6.0.0
7f9d4e327000-7f9d4e328000 r--p 00002000 08:06 530064                     /usr/lib/x86_64-linux-gnu/libXau.so.6.0.0
7f9d4e328000-7f9d4e329000 rw-p 00003000 08:06 530064                     /usr/lib/x86_64-linux-gnu/libXau.so.6.0.0
7f9d4e329000-7f9d4e346000 r-xp 00000000 08:06 531132                     /usr/lib/x86_64-linux-gnu/libxcb.so.1.1.0
7f9d4e346000-7f9d4e546000 ---p 0001d000 08:06 531132                     /usr/lib/x86_64-linux-gnu/libxcb.so.1.1.0
7f9d4e546000-7f9d4e547000 r--p 0001d000 08:06 531132                     /usr/lib/x86_64-linux-gnu/libxcb.so.1.1.0
7f9d4e547000-7f9d4e548000 rw-p 0001e000 08:06 531132                     /usr/lib/x86_64-linux-gnu/libxcb.so.1.1.0
7f9d4e548000-7f9d4e557000 r-xp 00000000 08:06 522608                     /usr/lib/x86_64-linux-gnu/libXi.so.6.1.0
7f9d4e557000-7f9d4e756000 ---p 0000f000 08:06 522608                     /usr/lib/x86_64-linux-gnu/libXi.so.6.1.0
7f9d4e756000-7f9d4e757000 r--p 0000e000 08:06 522608                     /usr/lib/x86_64-linux-gnu/libXi.so.6.1.0
7f9d4e757000-7f9d4e758000 rw-p 0000f000 08:06 522608                     /usr/lib/x86_64-linux-gnu/libXi.so.6.1.0
7f9d4e758000-7f9d4e75d000 r-xp 00000000 08:06 530105                     /usr/lib/x86_64-linux-gnu/libXtst.so.6.1.0
7f9d4e75d000-7f9d4e95c000 ---p 00005000 08:06 530105                     /usr/lib/x86_64-linux-gnu/libXtst.so.6.1.0
7f9d4e95c000-7f9d4e95d000 r--p 00004000 08:06 530105                     /usr/lib/x86_64-linux-gnu/libXtst.so.6.1.0
7f9d4e95d000-7f9d4e95e000 rw-p 00005000 08:06 530105                     /usr/lib/x86_64-linux-gnu/libXtst.so.6.1.0
7f9d4e95e000-7f9d4e967000 r-xp 00000000 08:06 522612                     /usr/lib/x86_64-linux-gnu/libXrender.so.1.3.0
7f9d4e967000-7f9d4eb66000 ---p 00009000 08:06 522612                     /usr/lib/x86_64-linux-gnu/libXrender.so.1.3.0
7f9d4eb66000-7f9d4eb67000 r--p 00008000 08:06 522612                     /usr/lib/x86_64-linux-gnu/libXrender.so.1.3.0
7f9d4eb67000-7f9d4eb68000 rw-p 00009000 08:06 522612                     /usr/lib/x86_64-linux-gnu/libXrender.so.1.3.0
7f9d4eb68000-7f9d4ec98000 r-xp 00000000 08:06 530060                     /usr/lib/x86_64-linux-gnu/libX11.so.6.3.0
7f9d4ec98000-7f9d4ee98000 ---p 00130000 08:06 530060                     /usr/lib/x86_64-linux-gnu/libX11.so.6.3.0
7f9d4ee98000-7f9d4ee99000 r--p 00130000 08:06 530060                     /usr/lib/x86_64-linux-gnu/libX11.so.6.3.0
7f9d4ee99000-7f9d4ee9d000 rw-p 00131000 08:06 530060                     /usr/lib/x86_64-linux-gnu/libX11.so.6.3.0
7f9d4ee9d000-7f9d4eeae000 r-xp 00000000 08:06 522564                     /usr/lib/x86_64-linux-gnu/libXext.so.6.4.0
7f9d4eeae000-7f9d4f0ad000 ---p 00011000 08:06 522564                     /usr/lib/x86_64-linux-gnu/libXext.so.6.4.0
7f9d4f0ad000-7f9d4f0ae000 r--p 00010000 08:06 522564                     /usr/lib/x86_64-linux-gnu/libXext.so.6.4.0
7f9d4f0ae000-7f9d4f0af000 rw-p 00011000 08:06 522564                     /usr/lib/x86_64-linux-gnu/libXext.so.6.4.0
7f9d4f0af000-7f9d4f103000 r-xp 00000000 08:06 414472                     /usr/lib/jvm/java-8-oracle/jre/lib/amd64/libawt_xawt.so
7f9d4f103000-7f9d4f303000 ---p 00054000 08:06 414472                     /usr/lib/jvm/java-8-oracle/jre/lib/amd64/libawt_xawt.so
7f9d4f303000-7f9d4f307000 rw-p 00054000 08:06 414472                     /usr/lib/jvm/java-8-oracle/jre/lib/amd64/libawt_xawt.so
7f9d4f307000-7f9d4f308000 rw-p 00000000 00:00 0 
7f9d4f308000-7f9d4f3aa000 r-xp 00000000 08:06 414471                     /usr/lib/jvm/java-8-oracle/jre/lib/amd64/libawt.so
7f9d4f3aa000-7f9d4f5aa000 ---p 000a2000 08:06 414471                     /usr/lib/jvm/java-8-oracle/jre/lib/amd64/libawt.so
7f9d4f5aa000-7f9d4f5b6000 rw-p 000a2000 08:06 414471                     /usr/lib/jvm/java-8-oracle/jre/lib/amd64/libawt.so
7f9d4f5b6000-7f9d4f5da000 rw-p 00000000 00:00 0 
7f9d4f5da000-7f9d4f5db000 ---p 00000000 00:00 0 
7f9d4f5db000-7f9d4f6db000 rw-p 00000000 00:00 0                          [stack:12686]
7f9d4f6db000-7f9d4f6de000 ---p 00000000 00:00 0 
7f9d4f6de000-7f9d4f7dc000 rw-p 00000000 00:00 0                          [stack:12685]
7f9d4f7dc000-7f9d4f7df000 ---p 00000000 00:00 0 
7f9d4f7df000-7f9d4f8dd000 rw-p 00000000 00:00 0                          [stack:12684]
7f9d4f8dd000-7f9d50000000 r--p 00000000 08:06 397847                     /usr/lib/locale/locale-archive
7f9d50000000-7f9d50021000 rw-p 00000000 00:00 0 
7f9d50021000-7f9d54000000 ---p 00000000 00:00 0 
7f9d540ff000-7f9d54102000 ---p 00000000 00:00 0 
7f9d54102000-7f9d54200000 rw-p 00000000 00:00 0                          [stack:12683]
7f9d54200000-7f9d54203000 ---p 00000000 00:00 0 
7f9d54203000-7f9d54301000 rw-p 00000000 00:00 0                          [stack:12682]
7f9d54301000-7f9d54304000 ---p 00000000 00:00 0 
7f9d54304000-7f9d54402000 rw-p 00000000 00:00 0                          [stack:12681]
7f9d54402000-7f9d54405000 ---p 00000000 00:00 0 
7f9d54405000-7f9d54503000 rw-p 00000000 00:00 0                          [stack:12680]
7f9d54503000-7f9d54506000 ---p 00000000 00:00 0 
7f9d54506000-7f9d54604000 rw-p 00000000 00:00 0                          [stack:12679]
7f9d54604000-7f9d54605000 ---p 00000000 00:00 0 
7f9d54605000-7f9d55614000 rw-p 00000000 00:00 0                          [stack:12678]
7f9d55614000-7f9d557ed000 r--s 03d20000 08:06 414457                     /usr/lib/jvm/java-8-oracle/jre/lib/rt.jar
7f9d557ed000-7f9d58000000 rw-p 00000000 00:00 0 
7f9d58000000-7f9d58021000 rw-p 00000000 00:00 0 
7f9d58021000-7f9d5c000000 ---p 00000000 00:00 0 
7f9d5c02f000-7f9d5c03e000 r--s 00115000 08:07 2097400                    /home/jony/.m2/repository/net/java/dev/jna/platform/3.5.2/platform-3.5.2.jar
7f9d5c03e000-7f9d5c04a000 r--s 00057000 08:07 2097396                    /home/jony/.m2/repository/uk/co/caprica/vlcj/3.9.0/vlcj-3.9.0.jar
7f9d5c04a000-7f9d5c0ef000 rw-p 00000000 00:00 0 
7f9d5c0ef000-7f9d5c0f0000 ---p 00000000 00:00 0 
7f9d5c0f0000-7f9d5c1f0000 rw-p 00000000 00:00 0                          [stack:12677]
7f9d5c1f0000-7f9d5c1f1000 ---p 00000000 00:00 0 
7f9d5c1f1000-7f9d5c2f1000 rw-p 00000000 00:00 0                          [stack:12676]
7f9d5c2f1000-7f9d5c2f2000 ---p 00000000 00:00 0 
7f9d5c2f2000-7f9d5c3f2000 rw-p 00000000 00:00 0                          [stack:12675]
7f9d5c3f2000-7f9d5c3f3000 ---p 00000000 00:00 0 
7f9d5c3f3000-7f9d5c508000 rw-p 00000000 00:00 0                          [stack:12674]
7f9d5c508000-7f9d5c635000 ---p 00000000 00:00 0 
7f9d5c635000-7f9d5c64a000 rw-p 00000000 00:00 0 
7f9d5c64a000-7f9d5c777000 ---p 00000000 00:00 0 
7f9d5c777000-7f9d5c782000 rw-p 00000000 00:00 0 
7f9d5c782000-7f9d5c818000 ---p 00000000 00:00 0 
7f9d5c818000-7f9d5c823000 rw-p 00000000 00:00 0 
7f9d5c823000-7f9d5cbd9000 ---p 00000000 00:00 0 
7f9d5cbd9000-7f9d5ce59000 rwxp 00000000 00:00 0 
7f9d5ce59000-7f9d6bbd9000 ---p 00000000 00:00 0 
7f9d6bbd9000-7f9d6bbf3000 r-xp 00000000 08:06 414518                     /usr/lib/jvm/java-8-oracle/jre/lib/amd64/libzip.so
7f9d6bbf3000-7f9d6bdf3000 ---p 0001a000 08:06 414518                     /usr/lib/jvm/java-8-oracle/jre/lib/amd64/libzip.so
7f9d6bdf3000-7f9d6bdf4000 rw-p 0001a000 08:06 414518                     /usr/lib/jvm/java-8-oracle/jre/lib/amd64/libzip.so
7f9d6bdf4000-7f9d6bdff000 r-xp 00000000 08:06 261141                     /lib/x86_64-linux-gnu/libnss_files-2.19.so
7f9d6bdff000-7f9d6bffe000 ---p 0000b000 08:06 261141                     /lib/x86_64-linux-gnu/libnss_files-2.19.so
7f9d6bffe000-7f9d6bfff000 r--p 0000a000 08:06 261141                     /lib/x86_64-linux-gnu/libnss_files-2.19.so
7f9d6bfff000-7f9d6c000000 rw-p 0000b000 08:06 261141                     /lib/x86_64-linux-gnu/libnss_files-2.19.so
7f9d6c000000-7f9d6c4cd000 rw-p 00000000 00:00 0 
7f9d6c4cd000-7f9d70000000 ---p 00000000 00:00 0 
7f9d70000000-7f9d70001000 rwxp 00000000 00:00 0 
7f9d70001000-7f9d70077000 rw-p 00000000 00:00 0 
7f9d70077000-7f9d70082000 r-xp 00000000 08:06 265432                     /lib/x86_64-linux-gnu/libnss_nis-2.19.so
7f9d70082000-7f9d70281000 ---p 0000b000 08:06 265432                     /lib/x86_64-linux-gnu/libnss_nis-2.19.so
7f9d70281000-7f9d70282000 r--p 0000a000 08:06 265432                     /lib/x86_64-linux-gnu/libnss_nis-2.19.so
7f9d70282000-7f9d70283000 rw-p 0000b000 08:06 265432                     /lib/x86_64-linux-gnu/libnss_nis-2.19.so
7f9d70283000-7f9d7029a000 r-xp 00000000 08:06 261216                     /lib/x86_64-linux-gnu/libnsl-2.19.so
7f9d7029a000-7f9d70499000 ---p 00017000 08:06 261216                     /lib/x86_64-linux-gnu/libnsl-2.19.so
7f9d70499000-7f9d7049a000 r--p 00016000 08:06 261216                     /lib/x86_64-linux-gnu/libnsl-2.19.so
7f9d7049a000-7f9d7049b000 rw-p 00017000 08:06 261216                     /lib/x86_64-linux-gnu/libnsl-2.19.so
7f9d7049b000-7f9d7049d000 rw-p 00000000 00:00 0 
7f9d7049d000-7f9d704a6000 r-xp 00000000 08:06 261215                     /lib/x86_64-linux-gnu/libnss_compat-2.19.so
7f9d704a6000-7f9d706a5000 ---p 00009000 08:06 261215                     /lib/x86_64-linux-gnu/libnss_compat-2.19.so
7f9d706a5000-7f9d706a6000 r--p 00008000 08:06 261215                     /lib/x86_64-linux-gnu/libnss_compat-2.19.so
7f9d706a6000-7f9d706a7000 rw-p 00009000 08:06 261215                     /lib/x86_64-linux-gnu/libnss_compat-2.19.so
7f9d706a7000-7f9d706d1000 r-xp 00000000 08:06 414479                     /usr/lib/jvm/java-8-oracle/jre/lib/amd64/libjava.so
7f9d706d1000-7f9d708d1000 ---p 0002a000 08:06 414479                     /usr/lib/jvm/java-8-oracle/jre/lib/amd64/libjava.so
7f9d708d1000-7f9d708d3000 rw-p 0002a000 08:06 414479                     /usr/lib/jvm/java-8-oracle/jre/lib/amd64/libjava.so
7f9d708d3000-7f9d708e0000 r-xp 00000000 08:06 414470                     /usr/lib/jvm/java-8-oracle/jre/lib/amd64/libverify.so
7f9d708e0000-7f9d70ae0000 ---p 0000d000 08:06 414470                     /usr/lib/jvm/java-8-oracle/jre/lib/amd64/libverify.so
7f9d70ae0000-7f9d70ae2000 rw-p 0000d000 08:06 414470                     /usr/lib/jvm/java-8-oracle/jre/lib/amd64/libverify.so
7f9d70ae2000-7f9d70ae9000 r-xp 00000000 08:06 261224                     /lib/x86_64-linux-gnu/librt-2.19.so
7f9d70ae9000-7f9d70ce8000 ---p 00007000 08:06 261224                     /lib/x86_64-linux-gnu/librt-2.19.so
7f9d70ce8000-7f9d70ce9000 r--p 00006000 08:06 261224                     /lib/x86_64-linux-gnu/librt-2.19.so
7f9d70ce9000-7f9d70cea000 rw-p 00007000 08:06 261224                     /lib/x86_64-linux-gnu/librt-2.19.so
7f9d70cea000-7f9d70def000 r-xp 00000000 08:06 261137                     /lib/x86_64-linux-gnu/libm-2.19.so
7f9d70def000-7f9d70fee000 ---p 00105000 08:06 261137                     /lib/x86_64-linux-gnu/libm-2.19.so
7f9d70fee000-7f9d70fef000 r--p 00104000 08:06 261137                     /lib/x86_64-linux-gnu/libm-2.19.so
7f9d70fef000-7f9d70ff0000 rw-p 00105000 08:06 261137                     /lib/x86_64-linux-gnu/libm-2.19.so
7f9d70ff0000-7f9d71cae000 r-xp 00000000 08:06 414502                     /usr/lib/jvm/java-8-oracle/jre/lib/amd64/server/libjvm.so
7f9d71cae000-7f9d71ead000 ---p 00cbe000 08:06 414502                     /usr/lib/jvm/java-8-oracle/jre/lib/amd64/server/libjvm.so
7f9d71ead000-7f9d71f86000 rw-p 00cbd000 08:06 414502                     /usr/lib/jvm/java-8-oracle/jre/lib/amd64/server/libjvm.so
7f9d71f86000-7f9d71fca000 rw-p 00000000 00:00 0 
7f9d71fca000-7f9d72185000 r-xp 00000000 08:06 261221                     /lib/x86_64-linux-gnu/libc-2.19.so
7f9d72185000-7f9d72384000 ---p 001bb000 08:06 261221                     /lib/x86_64-linux-gnu/libc-2.19.so
7f9d72384000-7f9d72388000 r--p 001ba000 08:06 261221                     /lib/x86_64-linux-gnu/libc-2.19.so
7f9d72388000-7f9d7238a000 rw-p 001be000 08:06 261221                     /lib/x86_64-linux-gnu/libc-2.19.so
7f9d7238a000-7f9d7238f000 rw-p 00000000 00:00 0 
7f9d7238f000-7f9d72392000 r-xp 00000000 08:06 261152                     /lib/x86_64-linux-gnu/libdl-2.19.so
7f9d72392000-7f9d72591000 ---p 00003000 08:06 261152                     /lib/x86_64-linux-gnu/libdl-2.19.so
7f9d72591000-7f9d72592000 r--p 00002000 08:06 261152                     /lib/x86_64-linux-gnu/libdl-2.19.so
7f9d72592000-7f9d72593000 rw-p 00003000 08:06 261152                     /lib/x86_64-linux-gnu/libdl-2.19.so
7f9d72593000-7f9d725a8000 r-xp 00000000 08:06 413769                     /usr/lib/jvm/java-8-oracle/lib/amd64/jli/libjli.so
7f9d725a8000-7f9d727a8000 ---p 00015000 08:06 413769                     /usr/lib/jvm/java-8-oracle/lib/amd64/jli/libjli.so
7f9d727a8000-7f9d727a9000 rw-p 00015000 08:06 413769                     /usr/lib/jvm/java-8-oracle/lib/amd64/jli/libjli.so
7f9d727a9000-7f9d727c2000 r-xp 00000000 08:06 261222                     /lib/x86_64-linux-gnu/libpthread-2.19.so
7f9d727c2000-7f9d729c1000 ---p 00019000 08:06 261222                     /lib/x86_64-linux-gnu/libpthread-2.19.so
7f9d729c1000-7f9d729c2000 r--p 00018000 08:06 261222                     /lib/x86_64-linux-gnu/libpthread-2.19.so
7f9d729c2000-7f9d729c3000 rw-p 00019000 08:06 261222                     /lib/x86_64-linux-gnu/libpthread-2.19.so
7f9d729c3000-7f9d729c7000 rw-p 00000000 00:00 0 
7f9d729c7000-7f9d729ea000 r-xp 00000000 08:06 261218                     /lib/x86_64-linux-gnu/ld-2.19.so
7f9d729ea000-7f9d729ef000 r--s 00096000 08:06 414462                     /usr/lib/jvm/java-8-oracle/jre/lib/jsse.jar
7f9d729ef000-7f9d72ac1000 rw-p 00000000 00:00 0 
7f9d72ac1000-7f9d72ac4000 ---p 00000000 00:00 0 
7f9d72ac4000-7f9d72bc6000 rw-p 00000000 00:00 0                          [stack:12669]
7f9d72bc6000-7f9d72bc7000 r--s 00007000 08:07 8522705                    /home/jony/.m2/repository/org/slf4j/slf4j-api/1.7.10/slf4j-api-1.7.10.jar
7f9d72bc7000-7f9d72bca000 r--s 000a6000 08:07 2097398                    /home/jony/.m2/repository/net/java/dev/jna/jna/3.5.2/jna-3.5.2.jar
7f9d72bca000-7f9d72bdd000 rw-p 00000000 00:00 0 
7f9d72bdd000-7f9d72be5000 rw-s 00000000 08:06 523051                     /tmp/hsperfdata_jony/12668
7f9d72be5000-7f9d72be6000 rw-p 00000000 00:00 0 
7f9d72be6000-7f9d72be7000 r--p 00000000 00:00 0 
7f9d72be7000-7f9d72be9000 rw-p 00000000 00:00 0 
7f9d72be9000-7f9d72bea000 r--p 00022000 08:06 261218                     /lib/x86_64-linux-gnu/ld-2.19.so
7f9d72bea000-7f9d72beb000 rw-p 00023000 08:06 261218                     /lib/x86_64-linux-gnu/ld-2.19.so
7f9d72beb000-7f9d72bec000 rw-p 00000000 00:00 0 
7fff1de78000-7fff1de99000 rw-p 00000000 00:00 0                          [stack]
7fff1ded7000-7fff1ded9000 r-xp 00000000 00:00 0                          [vdso]
7fff1ded9000-7fff1dedb000 r--p 00000000 00:00 0                          [vvar]
ffffffffff600000-ffffffffff601000 r-xp 00000000 00:00 0                  [vsyscall]

VM Arguments:
jvm_args: -Dfile.encoding=UTF-8 
java_command: com.movieCart.MainFrame
java_class_path (initial): /home/jony/Dropbox/Eclipse Workspace/movieCart/target/classes:/home/jony/.m2/repository/uk/co/caprica/vlcj/3.9.0/vlcj-3.9.0.jar:/home/jony/.m2/repository/net/java/dev/jna/jna/3.5.2/jna-3.5.2.jar:/home/jony/.m2/repository/net/java/dev/jna/platform/3.5.2/platform-3.5.2.jar:/home/jony/.m2/repository/org/slf4j/slf4j-api/1.7.10/slf4j-api-1.7.10.jar
Launcher Type: SUN_STANDARD

Environment Variables:
JAVA_HOME=/usr/lib/jvm/java-8-oracle
PATH=/home/jony/sys161/bin:/home/jony/sys161/tools/bin:/home/jony/bin:/usr/local/sbin:/usr/local/bin:/usr/sbin:/usr/bin:/sbin:/bin:/usr/games:/usr/local/games:/usr/lib/jvm/java-8-oracle/bin:/usr/lib/jvm/java-8-oracle/db/bin:/usr/lib/jvm/java-8-oracle/jre/bin
SHELL=/bin/bash
DISPLAY=:0.0

Signal Handlers:
SIGSEGV: [libjvm.so+0xaba2a0], sa_mask[0]=11111111011111111101111111111110, sa_flags=SA_RESTART|SA_SIGINFO
SIGBUS: [libjvm.so+0xaba2a0], sa_mask[0]=11111111011111111101111111111110, sa_flags=SA_RESTART|SA_SIGINFO
SIGFPE: [libjvm.so+0x917710], sa_mask[0]=11111111011111111101111111111110, sa_flags=SA_RESTART|SA_SIGINFO
SIGPIPE: [libjvm.so+0x917710], sa_mask[0]=11111111011111111101111111111110, sa_flags=SA_RESTART|SA_SIGINFO
SIGXFSZ: [libjvm.so+0x917710], sa_mask[0]=11111111011111111101111111111110, sa_flags=SA_RESTART|SA_SIGINFO
SIGILL: [libjvm.so+0x917710], sa_mask[0]=11111111011111111101111111111110, sa_flags=SA_RESTART|SA_SIGINFO
SIGUSR1: SIG_DFL, sa_mask[0]=00000000000000000000000000000000, sa_flags=none
SIGUSR2: [libjvm.so+0x918d40], sa_mask[0]=00100000000000000000000000000000, sa_flags=SA_RESTART|SA_SIGINFO
SIGHUP: [libjvm.so+0x91a140], sa_mask[0]=11111111011111111101111111111110, sa_flags=SA_RESTART|SA_SIGINFO
SIGINT: [libjvm.so+0x91a140], sa_mask[0]=11111111011111111101111111111110, sa_flags=SA_RESTART|SA_SIGINFO
SIGTERM: [libjvm.so+0x91a140], sa_mask[0]=11111111011111111101111111111110, sa_flags=SA_RESTART|SA_SIGINFO
SIGQUIT: [libjvm.so+0x91a140], sa_mask[0]=11111111011111111101111111111110, sa_flags=SA_RESTART|SA_SIGINFO


---------------  S Y S T E M  ---------------

OS:DISTRIB_ID=Ubuntu
DISTRIB_RELEASE=14.04
DISTRIB_CODENAME=trusty
DISTRIB_DESCRIPTION="Ubuntu 14.04.3 LTS"

uname:Linux 3.16.0-51-generic #69~14.04.1-Ubuntu SMP Wed Oct 7 15:32:41 UTC 2015 x86_64
libc:glibc 2.19 NPTL 2.19 
rlimit: STACK 8192k, CORE 0k, NPROC 15360, NOFILE 4096, AS infinity
load average:2.66 1.39 0.94

/proc/meminfo:
MemTotal:        3953704 kB
MemFree:          141476 kB
MemAvailable:    1208916 kB
Buffers:          131424 kB
Cached:          1271388 kB
SwapCached:        12288 kB
Active:          2220336 kB
Inactive:        1256436 kB
Active(anon):    1634076 kB
Inactive(anon):   708800 kB
Active(file):     586260 kB
Inactive(file):   547636 kB
Unevictable:         104 kB
Mlocked:             104 kB
SwapTotal:       9764860 kB
SwapFree:        9625028 kB
Dirty:               200 kB
Writeback:             0 kB
AnonPages:       2065400 kB
Mapped:           335740 kB
Shmem:            268880 kB
Slab:             219576 kB
SReclaimable:     186948 kB
SUnreclaim:        32628 kB
KernelStack:       11088 kB
PageTables:        39576 kB
NFS_Unstable:          0 kB
Bounce:                0 kB
WritebackTmp:          0 kB
CommitLimit:    11741712 kB
Committed_AS:    6860288 kB
VmallocTotal:   34359738367 kB
VmallocUsed:      361972 kB
VmallocChunk:   34359358924 kB
HardwareCorrupted:     0 kB
AnonHugePages:    440320 kB
HugePages_Total:       0
HugePages_Free:        0
HugePages_Rsvd:        0
HugePages_Surp:        0
Hugepagesize:       2048 kB
DirectMap4k:       72352 kB
DirectMap2M:     4028416 kB


CPU:total 4 (2 cores per cpu, 2 threads per core) family 6 model 42 stepping 7, cmov, cx8, fxsr, mmx, sse, sse2, sse3, ssse3, sse4.1, sse4.2, popcnt, avx, aes, clmul, ht, tsc, tscinvbit

/proc/cpuinfo:
processor	: 0
vendor_id	: GenuineIntel
cpu family	: 6
model		: 42
model name	: Intel(R) Core(TM) i5-2430M CPU @ 2.40GHz
stepping	: 7
microcode	: 0x1a
cpu MHz		: 2800.125
cache size	: 3072 KB
physical id	: 0
siblings	: 4
core id		: 0
cpu cores	: 2
apicid		: 0
initial apicid	: 0
fpu		: yes
fpu_exception	: yes
cpuid level	: 13
wp		: yes
flags		: fpu vme de pse tsc msr pae mce cx8 apic sep mtrr pge mca cmov pat pse36 clflush dts acpi mmx fxsr sse sse2 ss ht tm pbe syscall nx rdtscp lm constant_tsc arch_perfmon pebs bts rep_good nopl xtopology nonstop_tsc aperfmperf eagerfpu pni pclmulqdq dtes64 monitor ds_cpl vmx est tm2 ssse3 cx16 xtpr pdcm pcid sse4_1 sse4_2 x2apic popcnt tsc_deadline_timer aes xsave avx lahf_lm ida arat epb xsaveopt pln pts dtherm tpr_shadow vnmi flexpriority ept vpid
bogomips	: 4789.33
clflush size	: 64
cache_alignment	: 64
address sizes	: 36 bits physical, 48 bits virtual
power management:

processor	: 1
vendor_id	: GenuineIntel
cpu family	: 6
model		: 42
model name	: Intel(R) Core(TM) i5-2430M CPU @ 2.40GHz
stepping	: 7
microcode	: 0x1a
cpu MHz		: 2970.843
cache size	: 3072 KB
physical id	: 0
siblings	: 4
core id		: 1
cpu cores	: 2
apicid		: 2
initial apicid	: 2
fpu		: yes
fpu_exception	: yes
cpuid level	: 13
wp		: yes
flags		: fpu vme de pse tsc msr pae mce cx8 apic sep mtrr pge mca cmov pat pse36 clflush dts acpi mmx fxsr sse sse2 ss ht tm pbe syscall nx rdtscp lm constant_tsc arch_perfmon pebs bts rep_good nopl xtopology nonstop_tsc aperfmperf eagerfpu pni pclmulqdq dtes64 monitor ds_cpl vmx est tm2 ssse3 cx16 xtpr pdcm pcid sse4_1 sse4_2 x2apic popcnt tsc_deadline_timer aes xsave avx lahf_lm ida arat epb xsaveopt pln pts dtherm tpr_shadow vnmi flexpriority ept vpid
bogomips	: 4789.33
clflush size	: 64
cache_alignment	: 64
address sizes	: 36 bits physical, 48 bits virtual
power management:

processor	: 2
vendor_id	: GenuineIntel
cpu family	: 6
model		: 42
model name	: Intel(R) Core(TM) i5-2430M CPU @ 2.40GHz
stepping	: 7
microcode	: 0x1a
cpu MHz		: 2799.656
cache size	: 3072 KB
physical id	: 0
siblings	: 4
core id		: 0
cpu cores	: 2
apicid		: 1
initial apicid	: 1
fpu		: yes
fpu_exception	: yes
cpuid level	: 13
wp		: yes
flags		: fpu vme de pse tsc msr pae mce cx8 apic sep mtrr pge mca cmov pat pse36 clflush dts acpi mmx fxsr sse sse2 ss ht tm pbe syscall nx rdtscp lm constant_tsc arch_perfmon pebs bts rep_good nopl xtopology nonstop_tsc aperfmperf eagerfpu pni pclmulqdq dtes64 monitor ds_cpl vmx est tm2 ssse3 cx16 xtpr pdcm pcid sse4_1 sse4_2 x2apic popcnt tsc_deadline_timer aes xsave avx lahf_lm ida arat epb xsaveopt pln pts dtherm tpr_shadow vnmi flexpriority ept vpid
bogomips	: 4789.33
clflush size	: 64
cache_alignment	: 64
address sizes	: 36 bits physical, 48 bits virtual
power management:

processor	: 3
vendor_id	: GenuineIntel
cpu family	: 6
model		: 42
model name	: Intel(R) Core(TM) i5-2430M CPU @ 2.40GHz
stepping	: 7
microcode	: 0x1a
cpu MHz		: 2929.500
cache size	: 3072 KB
physical id	: 0
siblings	: 4
core id		: 1
cpu cores	: 2
apicid		: 3
initial apicid	: 3
fpu		: yes
fpu_exception	: yes
cpuid level	: 13
wp		: yes
flags		: fpu vme de pse tsc msr pae mce cx8 apic sep mtrr pge mca cmov pat pse36 clflush dts acpi mmx fxsr sse sse2 ss ht tm pbe syscall nx rdtscp lm constant_tsc arch_perfmon pebs bts rep_good nopl xtopology nonstop_tsc aperfmperf eagerfpu pni pclmulqdq dtes64 monitor ds_cpl vmx est tm2 ssse3 cx16 xtpr pdcm pcid sse4_1 sse4_2 x2apic popcnt tsc_deadline_timer aes xsave avx lahf_lm ida arat epb xsaveopt pln pts dtherm tpr_shadow vnmi flexpriority ept vpid
bogomips	: 4789.33
clflush size	: 64
cache_alignment	: 64
address sizes	: 36 bits physical, 48 bits virtual
power management:



Memory: 4k page, physical 3953704k(141476k free), swap 9764860k(9625028k free)

vm_info: Java HotSpot(TM) 64-Bit Server VM (25.66-b17) for linux-amd64 JRE (1.8.0_66-b17), built on Oct  6 2015 17:28:34 by "java_re" with gcc 4.3.0 20080428 (Red Hat 4.3.0-8)

time: Mon Oct 26 20:56:48 2015
elapsed time: 0 seconds (0d 0h 0m 0s)

