#
# A fatal error has been detected by the Java Runtime Environment:
#
#  SIGSEGV (0xb) at pc=0x00007fab0fd31414, pid=13709, tid=140372685879040
#
# JRE version: Java(TM) SE Runtime Environment (8.0_66-b17) (build 1.8.0_66-b17)
# Java VM: Java HotSpot(TM) 64-Bit Server VM (25.66-b17 mixed mode linux-amd64 compressed oops)
# Problematic frame:
# C  [libpthread.so.0+0xa414]  pthread_mutex_lock+0x4
#
# Failed to write core dump. Core dumps have been disabled. To enable core dumping, try "ulimit -c unlimited" before starting Java again
#
# If you would like to submit a bug report, please visit:
#   http://bugreport.java.com/bugreport/crash.jsp
# The crash happened outside the Java Virtual Machine in native code.
# See problematic frame for where to report the bug.
#

---------------  T H R E A D  ---------------

Current thread (0x00007fab0800a000):  JavaThread "main" [_thread_in_native, id=13715, stack(0x00007fab1003f000,0x00007fab10140000)]

siginfo: si_signo: 11 (SIGSEGV), si_code: 128 (SI_KERNEL), si_addr: 0x0000000000000000

Registers:
RAX=0x00007faae4156950, RBX=0x00007fab1013dcb0, RCX=0x000000000000015d, RDX=0x00007fab1013dca0
RSP=0x00007fab1013dc30, RBP=0x00007fab08291ba0, RSI=0x00007fab1013dc90, RDI=0x0000ffe900000000
R8 =0x00007fab1013dcb0, R9 =0x00000000000001fd, R10=0x00007fab08279040, R11=0x00007faae41d7d07
R12=0x00007fab1013dc8c, R13=0x00007fab1013ddc0, R14=0x00007fab1013ddb8, R15=0x00007fab0800a1f8
RIP=0x00007fab0fd31414, EFLAGS=0x0000000000010206, CSGSFS=0x0000000000000033, ERR=0x0000000000000000
  TRAPNO=0x000000000000000d

Top of Stack: (sp=0x00007fab1013dc30)
0x00007fab1013dc30:   00007fab1013ddb8 00007faae41700da
0x00007fab1013dc40:   00007fab1013dc90 00007fab1013dca0
0x00007fab1013dc50:   00007fab082f9030 00007fab083016e0
0x00007fab1013dc60:   00007fab082416c0 00007fab082f9030
0x00007fab1013dc70:   00007fab083016e0 00007faae414da42
0x00007fab1013dc80:   00007fab082f9030 00007fab0ff5b515
0x00007fab1013dc90:   0000015e0000015d 696c436900000000
0x00007fab1013dca0:   0000015700000156 00007fab00000000
0x00007fab1013dcb0:   00007fab082416c0 00007fab083016e0
0x00007fab1013dcc0:   00007fab083016e0 00007fab1013dd20
0x00007fab1013dcd0:   00007fab082f9030 00007faae46a2991
0x00007fab1013dce0:   00007fab0800a000 00007fab082416c0
0x00007fab1013dcf0:   00007fab0800a000 00007faaf8d9aa10
0x00007fab1013dd00:   0000000000000000 00007faaf8d9aa10
0x00007fab1013dd10:   00007fab1013ddd0 00007fab0800a000
0x00007fab1013dd20:   00007fab1013dd98 00007faaf9015994
0x00007fab1013dd30:   00007faaf8d9aa10 0000000000000000
0x00007fab1013dd40:   00007fab1013dd98 00007faaf9015727
0x00007fab1013dd50:   00007faaf90156e2 00007fab1013dd58
0x00007fab1013dd60:   00007faaf8d9aa10 00007fab1013ddd0
0x00007fab1013dd70:   00007faaf8d9dfa8 0000000000000000
0x00007fab1013dd80:   00007faaf8d9aa10 0000000000000000
0x00007fab1013dd90:   00007fab1013ddb8 00007fab1013de18
0x00007fab1013dda0:   00007faaf90079d0 00000000ece1d868
0x00007fab1013ddb0:   00007faaf900f57b 00000000ebfb0198
0x00007fab1013ddc0:   00000000ece96b80 00007fab082416c0
0x00007fab1013ddd0:   00007faaf9007760 00007fab1013ddd8
0x00007fab1013dde0:   00007faaf8d7b89c 00007fab1013de30
0x00007fab1013ddf0:   00007faaf8d82278 0000000000000000
0x00007fab1013de00:   00007faaf8d7b940 00007fab1013ddb8
0x00007fab1013de10:   00007fab1013de38 00007fab1013de78
0x00007fab1013de20:   00007faaf9007c4d 0000000000000000 

Instructions: (pc=0x00007fab0fd31414)
0x00007fab0fd313f4:   0f 1f 40 00 c7 47 10 ff ff ff ff 31 c0 c3 66 2e
0x00007fab0fd31404:   0f 1f 84 00 00 00 00 00 0f 1f 40 00 48 83 ec 08
0x00007fab0fd31414:   8b 77 10 49 89 f8 89 f0 89 f2 25 7f 01 00 00 83
0x00007fab0fd31424:   e2 7c 0f 85 bf 00 00 00 85 c0 75 70 8b 15 ee 30 

Register to memory mapping:

RAX=0x00007faae4156950: <offset 0x2a950> in /usr/lib/x86_64-linux-gnu/libX11.so.6 at 0x00007faae412c000
RBX=0x00007fab1013dcb0 is pointing into the stack for thread: 0x00007fab0800a000
RCX=0x000000000000015d is an unknown value
RDX=0x00007fab1013dca0 is pointing into the stack for thread: 0x00007fab0800a000
RSP=0x00007fab1013dc30 is pointing into the stack for thread: 0x00007fab0800a000
RBP=0x00007fab08291ba0 is an unknown value
RSI=0x00007fab1013dc90 is pointing into the stack for thread: 0x00007fab0800a000
RDI=0x0000ffe900000000 is an unknown value
R8 =0x00007fab1013dcb0 is pointing into the stack for thread: 0x00007fab0800a000
R9 =0x00000000000001fd is an unknown value
R10=0x00007fab08279040 is an unknown value
R11=0x00007faae41d7d07: <offset 0xabd07> in /usr/lib/x86_64-linux-gnu/libX11.so.6 at 0x00007faae412c000
R12=0x00007fab1013dc8c is pointing into the stack for thread: 0x00007fab0800a000
R13=0x00007fab1013ddc0 is pointing into the stack for thread: 0x00007fab0800a000
R14=0x00007fab1013ddb8 is pointing into the stack for thread: 0x00007fab0800a000
R15=0x00007fab0800a1f8 is an unknown value


Stack: [0x00007fab1003f000,0x00007fab10140000],  sp=0x00007fab1013dc30,  free space=1019k
Native frames: (J=compiled Java code, j=interpreted, Vv=VM code, C=native code)
C  [libpthread.so.0+0xa414]  pthread_mutex_lock+0x4

Java frames: (J=compiled Java code, j=interpreted, Vv=VM code)
j  sun.awt.X11.XlibWrapper.XGetDefault(JLjava/lang/String;Ljava/lang/String;)Ljava/lang/String;+0
j  sun.awt.X11.XToolkit.initializeMultiClickTime()V+12
j  sun.awt.X11.XToolkit.getMultiClickTime()I+6
j  sun.awt.X11.XToolkit.initializeDesktopProperties()V+82
j  java.awt.Toolkit.getDesktopProperty(Ljava/lang/String;)Ljava/lang/Object;+32
j  sun.swing.SwingUtilities2$AATextInfo.getAATextInfo(Z)Lsun/swing/SwingUtilities2$AATextInfo;+11
j  javax.swing.plaf.metal.MetalLookAndFeel.initComponentDefaults(Ljavax/swing/UIDefaults;)V+12062
j  javax.swing.plaf.basic.BasicLookAndFeel.getDefaults()Ljavax/swing/UIDefaults;+25
j  javax.swing.plaf.metal.MetalLookAndFeel.getDefaults()Ljavax/swing/UIDefaults;+9
j  javax.swing.UIManager.setLookAndFeel(Ljavax/swing/LookAndFeel;)V+79
j  javax.swing.UIManager.setLookAndFeel(Ljava/lang/String;)V+16
j  javax.swing.UIManager.initializeDefaultLAF(Ljava/util/Properties;)V+55
j  javax.swing.UIManager.initialize()V+9
j  javax.swing.UIManager.maybeInitialize()V+22
j  javax.swing.UIManager.getUI(Ljavax/swing/JComponent;)Ljavax/swing/plaf/ComponentUI;+0
j  javax.swing.JPanel.updateUI()V+2
j  javax.swing.JPanel.<init>(Ljava/awt/LayoutManager;Z)V+24
j  javax.swing.JPanel.<init>(Z)V+9
j  javax.swing.JPanel.<init>()V+2
j  javax.swing.JRootPane.createGlassPane()Ljava/awt/Component;+4
j  javax.swing.JRootPane.<init>()V+11
j  javax.swing.JFrame.createRootPane()Ljavax/swing/JRootPane;+4
j  javax.swing.JFrame.frameInit()V+16
j  javax.swing.JFrame.<init>()V+20
j  com.movieCart.MainFrame.<init>()V+1
j  com.movieCart.MainFrame.main([Ljava/lang/String;)V+33
v  ~StubRoutines::call_stub

---------------  P R O C E S S  ---------------

Java Threads: ( => current thread )
  0x00007fab0829b800 JavaThread "AWT-XAWT" daemon [_thread_in_native, id=13732, stack(0x00007faabe915000,0x00007faabea16000)]
  0x00007fab08277000 JavaThread "Java2D Disposer" daemon [_thread_blocked, id=13731, stack(0x00007faabee26000,0x00007faabef27000)]
  0x00007fab08228800 JavaThread "process reaper" daemon [_thread_blocked, id=13730, stack(0x00007faaf80a5000,0x00007faaf80de000)]
  0x00007fab080ca000 JavaThread "Service Thread" daemon [_thread_blocked, id=13727, stack(0x00007faae4c9f000,0x00007faae4da0000)]
  0x00007fab080bd000 JavaThread "C1 CompilerThread2" daemon [_thread_blocked, id=13726, stack(0x00007faae4da0000,0x00007faae4ea1000)]
  0x00007fab080bb000 JavaThread "C2 CompilerThread1" daemon [_thread_blocked, id=13725, stack(0x00007faae4ea1000,0x00007faae4fa2000)]
  0x00007fab080b8000 JavaThread "C2 CompilerThread0" daemon [_thread_blocked, id=13724, stack(0x00007faae4fa2000,0x00007faae50a3000)]
  0x00007fab080b6800 JavaThread "Signal Dispatcher" daemon [_thread_blocked, id=13723, stack(0x00007faae50a3000,0x00007faae51a4000)]
  0x00007fab0807f000 JavaThread "Finalizer" daemon [_thread_blocked, id=13722, stack(0x00007faae58c7000,0x00007faae59c8000)]
  0x00007fab0807d000 JavaThread "Reference Handler" daemon [_thread_blocked, id=13721, stack(0x00007faae59c8000,0x00007faae5ac9000)]
=>0x00007fab0800a000 JavaThread "main" [_thread_in_native, id=13715, stack(0x00007fab1003f000,0x00007fab10140000)]

Other Threads:
  0x00007fab08077800 VMThread [stack: 0x00007faae5ac9000,0x00007faae5bca000] [id=13720]
  0x00007fab080cc800 WatcherThread [stack: 0x00007faae4b9e000,0x00007faae4c9f000] [id=13728]

VM state:not at safepoint (normal execution)

VM Mutex/Monitor currently owned by a thread: None

Heap:
 PSYoungGen      total 18432K, used 4095K [0x00000000ebe00000, 0x00000000ed280000, 0x0000000100000000)
  eden space 15872K, 12% used [0x00000000ebe00000,0x00000000ebff8d70,0x00000000ecd80000)
  from space 2560K, 81% used [0x00000000ecd80000,0x00000000ecf870b8,0x00000000ed000000)
  to   space 2560K, 0% used [0x00000000ed000000,0x00000000ed000000,0x00000000ed280000)
 ParOldGen       total 42496K, used 8K [0x00000000c3a00000, 0x00000000c6380000, 0x00000000ebe00000)
  object space 42496K, 0% used [0x00000000c3a00000,0x00000000c3a02000,0x00000000c6380000)
 Metaspace       used 9292K, capacity 9510K, committed 9728K, reserved 1058816K
  class space    used 1077K, capacity 1160K, committed 1280K, reserved 1048576K

Card table byte_map: [0x00007fab0cc2a000,0x00007fab0ce0e000] byte_map_base: 0x00007fab0c60d000

Marking Bits: (ParMarkBitMap*) 0x00007fab0f51d020
 Begin Bits: [0x00007faae61d0000, 0x00007faae70e8000)
 End Bits:   [0x00007faae70e8000, 0x00007faae8000000)

Polling page: 0x00007fab10164000

CodeCache: size=245760Kb used=2678Kb max_used=2678Kb free=243081Kb
 bounds [0x00007faaf9000000, 0x00007faaf92a0000, 0x00007fab08000000]
 total_blobs=1076 nmethods=634 adapters=356
 compilation: enabled

Compilation events (10 events):
Event: 2.592 Thread 0x00007fab080bd000  630       3       jdk.internal.org.objectweb.asm.Label::<init> (5 bytes)
Event: 2.592 Thread 0x00007fab080bd000 nmethod 630 0x00007faaf929c710 code [0x00007faaf929c880, 0x00007faaf929ca30]
Event: 2.592 Thread 0x00007fab080bd000  631       3       java.lang.invoke.MethodType$ConcurrentWeakInternSet$WeakEntry::equals (49 bytes)
Event: 2.592 Thread 0x00007fab080bd000 nmethod 631 0x00007faaf929cad0 code [0x00007faaf929cc60, 0x00007faaf929d2a8]
Event: 2.592 Thread 0x00007fab080bd000  632       1       java.lang.reflect.Constructor::getDeclaringClass (5 bytes)
Event: 2.592 Thread 0x00007fab080bd000 nmethod 632 0x00007faaf929d3d0 code [0x00007faaf929d520, 0x00007faaf929d630]
Event: 2.592 Thread 0x00007fab080bd000  633       3       jdk.internal.org.objectweb.asm.Label::resolve (214 bytes)
Event: 2.593 Thread 0x00007fab080bd000 nmethod 633 0x00007faaf929d690 code [0x00007faaf929d820, 0x00007faaf929dcf0]
Event: 2.593 Thread 0x00007fab080bd000  634       3       jdk.internal.org.objectweb.asm.Item::<init> (5 bytes)
Event: 2.593 Thread 0x00007fab080bd000 nmethod 634 0x00007faaf929e150 code [0x00007faaf929e2c0, 0x00007faaf929e470]

GC Heap History (2 events):
Event: 2.515 GC heap before
{Heap before GC invocations=1 (full 0):
 PSYoungGen      total 18432K, used 15872K [0x00000000ebe00000, 0x00000000ed280000, 0x0000000100000000)
  eden space 15872K, 100% used [0x00000000ebe00000,0x00000000ecd80000,0x00000000ecd80000)
  from space 2560K, 0% used [0x00000000ed000000,0x00000000ed000000,0x00000000ed280000)
  to   space 2560K, 0% used [0x00000000ecd80000,0x00000000ecd80000,0x00000000ed000000)
 ParOldGen       total 42496K, used 0K [0x00000000c3a00000, 0x00000000c6380000, 0x00000000ebe00000)
  object space 42496K, 0% used [0x00000000c3a00000,0x00000000c3a00000,0x00000000c6380000)
 Metaspace       used 8417K, capacity 8562K, committed 8832K, reserved 1056768K
  class space    used 972K, capacity 1056K, committed 1152K, reserved 1048576K
Event: 2.523 GC heap after
Heap after GC invocations=1 (full 0):
 PSYoungGen      total 18432K, used 2076K [0x00000000ebe00000, 0x00000000ed280000, 0x0000000100000000)
  eden space 15872K, 0% used [0x00000000ebe00000,0x00000000ebe00000,0x00000000ecd80000)
  from space 2560K, 81% used [0x00000000ecd80000,0x00000000ecf870b8,0x00000000ed000000)
  to   space 2560K, 0% used [0x00000000ed000000,0x00000000ed000000,0x00000000ed280000)
 ParOldGen       total 42496K, used 8K [0x00000000c3a00000, 0x00000000c6380000, 0x00000000ebe00000)
  object space 42496K, 0% used [0x00000000c3a00000,0x00000000c3a02000,0x00000000c6380000)
 Metaspace       used 8417K, capacity 8562K, committed 8832K, reserved 1056768K
  class space    used 972K, capacity 1056K, committed 1152K, reserved 1048576K
}

Deoptimization events (10 events):
Event: 0.478 Thread 0x00007fab0800a000 Uncommon trap: reason=unstable_if action=reinterpret pc=0x00007faaf91a8894 method=java.lang.String.replace(CC)Ljava/lang/String; @ 26
Event: 0.525 Thread 0x00007fab0800a000 Uncommon trap: reason=class_check action=maybe_recompile pc=0x00007faaf919d534 method=java.util.regex.Matcher.match(II)Z @ 86
Event: 0.525 Thread 0x00007fab0800a000 Uncommon trap: reason=class_check action=maybe_recompile pc=0x00007faaf919d534 method=java.util.regex.Matcher.match(II)Z @ 86
Event: 0.686 Thread 0x00007fab0800a000 Uncommon trap: reason=class_check action=maybe_recompile pc=0x00007faaf919d534 method=java.util.regex.Matcher.match(II)Z @ 86
Event: 0.798 Thread 0x00007fab0800a000 Uncommon trap: reason=class_check action=maybe_recompile pc=0x00007faaf9238e64 method=java.io.DataOutputStream.writeByte(I)V @ 5
Event: 0.798 Thread 0x00007fab0800a000 Uncommon trap: reason=class_check action=maybe_recompile pc=0x00007faaf9238e64 method=java.io.DataOutputStream.writeByte(I)V @ 5
Event: 0.799 Thread 0x00007fab0800a000 Uncommon trap: reason=class_check action=maybe_recompile pc=0x00007faaf9238e64 method=java.io.DataOutputStream.writeByte(I)V @ 5
Event: 0.799 Thread 0x00007fab0800a000 Uncommon trap: reason=class_check action=maybe_recompile pc=0x00007faaf9238e64 method=java.io.DataOutputStream.writeByte(I)V @ 5
Event: 0.840 Thread 0x00007fab0800a000 Uncommon trap: reason=class_check action=maybe_recompile pc=0x00007faaf919d534 method=java.util.regex.Matcher.match(II)Z @ 86
Event: 2.538 Thread 0x00007fab0800a000 Uncommon trap: reason=unstable_if action=reinterpret pc=0x00007faaf9217adc method=java.lang.ref.SoftReference.get()Ljava/lang/Object; @ 17

Internal exceptions (10 events):
Event: 0.358 Thread 0x00007fab0800a000 Exception <a 'java/io/FileNotFoundException'> (0x00000000ec098cb8) thrown at [/HUDSON/workspace/8-2-build-linux-amd64/jdk8u66/4988/hotspot/src/share/vm/prims/jni.cpp, line 709]
Event: 0.358 Thread 0x00007fab0800a000 Exception <a 'java/io/FileNotFoundException'> (0x00000000ec099658) thrown at [/HUDSON/workspace/8-2-build-linux-amd64/jdk8u66/4988/hotspot/src/share/vm/prims/jni.cpp, line 709]
Event: 0.363 Thread 0x00007fab0800a000 Exception <a 'java/security/PrivilegedActionException'> (0x00000000ec0aac58) thrown at [/HUDSON/workspace/8-2-build-linux-amd64/jdk8u66/4988/hotspot/src/share/vm/prims/jvm.cpp, line 1386]
Event: 0.363 Thread 0x00007fab0800a000 Exception <a 'java/security/PrivilegedActionException'> (0x00000000ec0aae68) thrown at [/HUDSON/workspace/8-2-build-linux-amd64/jdk8u66/4988/hotspot/src/share/vm/prims/jvm.cpp, line 1386]
Event: 0.363 Thread 0x00007fab0800a000 Exception <a 'java/security/PrivilegedActionException'> (0x00000000ec0abb30) thrown at [/HUDSON/workspace/8-2-build-linux-amd64/jdk8u66/4988/hotspot/src/share/vm/prims/jvm.cpp, line 1386]
Event: 0.363 Thread 0x00007fab0800a000 Exception <a 'java/security/PrivilegedActionException'> (0x00000000ec0abd40) thrown at [/HUDSON/workspace/8-2-build-linux-amd64/jdk8u66/4988/hotspot/src/share/vm/prims/jvm.cpp, line 1386]
Event: 0.364 Thread 0x00007fab0800a000 Exception <a 'java/security/PrivilegedActionException'> (0x00000000ec0aca30) thrown at [/HUDSON/workspace/8-2-build-linux-amd64/jdk8u66/4988/hotspot/src/share/vm/prims/jvm.cpp, line 1386]
Event: 0.364 Thread 0x00007fab0800a000 Exception <a 'java/security/PrivilegedActionException'> (0x00000000ec0acc40) thrown at [/HUDSON/workspace/8-2-build-linux-amd64/jdk8u66/4988/hotspot/src/share/vm/prims/jvm.cpp, line 1386]
Event: 0.692 Thread 0x00007fab0800a000 Exception <a 'java/lang/UnsatisfiedLinkError': libvlc.so: cannot open shared object file: No such file or directory> (0x00000000ec803138) thrown at [/HUDSON/workspace/8-2-build-linux-amd64/jdk8u66/4988/hotspot/src/share/vm/prims/jni.cpp, line 735]
Event: 0.692 Thread 0x00007fab0800a000 Exception <a 'java/lang/UnsatisfiedLinkError': libvlc.so: cannot open shared object file: No such file or directory> (0x00000000ec8056d8) thrown at [/HUDSON/workspace/8-2-build-linux-amd64/jdk8u66/4988/hotspot/src/share/vm/prims/jni.cpp, line 735]

Events (10 events):
Event: 2.589 loading class javax/swing/plaf/DimensionUIResource
Event: 2.589 loading class javax/swing/plaf/DimensionUIResource done
Event: 2.589 loading class javax/swing/UIDefaults$LazyInputMap
Event: 2.589 loading class javax/swing/UIDefaults$LazyInputMap done
Event: 2.591 loading class javax/swing/plaf/metal/MetalLookAndFeel$FontActiveValue
Event: 2.591 loading class javax/swing/plaf/metal/MetalLookAndFeel$FontActiveValue done
Event: 2.593 loading class sun/swing/SwingUtilities2$AATextInfo
Event: 2.593 loading class sun/swing/SwingUtilities2$AATextInfo done
Event: 2.593 loading class sun/awt/HeadlessToolkit
Event: 2.593 loading class sun/awt/HeadlessToolkit done


Dynamic libraries:
00400000-00401000 r-xp 00000000 08:06 411928                             /usr/lib/jvm/java-8-oracle/bin/java
00600000-00601000 rw-p 00000000 08:06 411928                             /usr/lib/jvm/java-8-oracle/bin/java
00b5c000-00b7d000 rw-p 00000000 00:00 0                                  [heap]
c3a00000-c6380000 rw-p 00000000 00:00 0 
c6380000-ebe00000 ---p 00000000 00:00 0 
ebe00000-ed280000 rw-p 00000000 00:00 0 
ed280000-100000000 ---p 00000000 00:00 0 
100000000-100140000 rw-p 00000000 00:00 0 
100140000-140000000 ---p 00000000 00:00 0 
7faaaa3e0000-7faaaa420000 rw-p 00000000 00:00 0 
7faaaa420000-7faaaa5e0000 ---p 00000000 00:00 0 
7faaaa5e0000-7faaaa5e4000 r-xp 00000000 08:06 265517                     /lib/x86_64-linux-gnu/libuuid.so.1.3.0
7faaaa5e4000-7faaaa7e3000 ---p 00004000 08:06 265517                     /lib/x86_64-linux-gnu/libuuid.so.1.3.0
7faaaa7e3000-7faaaa7e4000 r--p 00003000 08:06 265517                     /lib/x86_64-linux-gnu/libuuid.so.1.3.0
7faaaa7e4000-7faaaa7e5000 rw-p 00004000 08:06 265517                     /lib/x86_64-linux-gnu/libuuid.so.1.3.0
7faaaa7e5000-7faaaa7ec000 r-xp 00000000 08:06 530346                     /usr/lib/x86_64-linux-gnu/libffi.so.6.0.1
7faaaa7ec000-7faaaa9eb000 ---p 00007000 08:06 530346                     /usr/lib/x86_64-linux-gnu/libffi.so.6.0.1
7faaaa9eb000-7faaaa9ec000 r--p 00006000 08:06 530346                     /usr/lib/x86_64-linux-gnu/libffi.so.6.0.1
7faaaa9ec000-7faaaa9ed000 rw-p 00007000 08:06 530346                     /usr/lib/x86_64-linux-gnu/libffi.so.6.0.1
7faaaa9ed000-7faaaaa2a000 r-xp 00000000 08:06 265436                     /lib/x86_64-linux-gnu/libpcre.so.3.13.1
7faaaaa2a000-7faaaac29000 ---p 0003d000 08:06 265436                     /lib/x86_64-linux-gnu/libpcre.so.3.13.1
7faaaac29000-7faaaac2a000 r--p 0003c000 08:06 265436                     /lib/x86_64-linux-gnu/libpcre.so.3.13.1
7faaaac2a000-7faaaac2b000 rw-p 0003d000 08:06 265436                     /lib/x86_64-linux-gnu/libpcre.so.3.13.1
7faaaac2b000-7faaaac8a000 r-xp 00000000 08:06 530103                     /usr/lib/x86_64-linux-gnu/libXt.so.6.0.0
7faaaac8a000-7faaaae8a000 ---p 0005f000 08:06 530103                     /usr/lib/x86_64-linux-gnu/libXt.so.6.0.0
7faaaae8a000-7faaaae8b000 r--p 0005f000 08:06 530103                     /usr/lib/x86_64-linux-gnu/libXt.so.6.0.0
7faaaae8b000-7faaaae90000 rw-p 00060000 08:06 530103                     /usr/lib/x86_64-linux-gnu/libXt.so.6.0.0
7faaaae90000-7faaaae91000 rw-p 00000000 00:00 0 
7faaaae91000-7faaaaeb8000 r-xp 00000000 08:06 265110                     /lib/x86_64-linux-gnu/libexpat.so.1.6.0
7faaaaeb8000-7faaab0b8000 ---p 00027000 08:06 265110                     /lib/x86_64-linux-gnu/libexpat.so.1.6.0
7faaab0b8000-7faaab0ba000 r--p 00027000 08:06 265110                     /lib/x86_64-linux-gnu/libexpat.so.1.6.0
7faaab0ba000-7faaab0bb000 rw-p 00029000 08:06 265110                     /lib/x86_64-linux-gnu/libexpat.so.1.6.0
7faaab0bb000-7faaab0d2000 r-xp 00000000 08:06 529934                     /usr/lib/x86_64-linux-gnu/libICE.so.6.3.0
7faaab0d2000-7faaab2d1000 ---p 00017000 08:06 529934                     /usr/lib/x86_64-linux-gnu/libICE.so.6.3.0
7faaab2d1000-7faaab2d2000 r--p 00016000 08:06 529934                     /usr/lib/x86_64-linux-gnu/libICE.so.6.3.0
7faaab2d2000-7faaab2d3000 rw-p 00017000 08:06 529934                     /usr/lib/x86_64-linux-gnu/libICE.so.6.3.0
7faaab2d3000-7faaab2d7000 rw-p 00000000 00:00 0 
7faaab2d7000-7faaab2de000 r-xp 00000000 08:06 530056                     /usr/lib/x86_64-linux-gnu/libSM.so.6.0.1
7faaab2de000-7faaab4dd000 ---p 00007000 08:06 530056                     /usr/lib/x86_64-linux-gnu/libSM.so.6.0.1
7faaab4dd000-7faaab4de000 r--p 00006000 08:06 530056                     /usr/lib/x86_64-linux-gnu/libSM.so.6.0.1
7faaab4de000-7faaab4df000 rw-p 00007000 08:06 530056                     /usr/lib/x86_64-linux-gnu/libSM.so.6.0.1
7faaab4df000-7faaab52e000 r-xp 00000000 08:06 530475                     /usr/lib/x86_64-linux-gnu/libgobject-2.0.so.0.4002.0
7faaab52e000-7faaab72e000 ---p 0004f000 08:06 530475                     /usr/lib/x86_64-linux-gnu/libgobject-2.0.so.0.4002.0
7faaab72e000-7faaab72f000 r--p 0004f000 08:06 530475                     /usr/lib/x86_64-linux-gnu/libgobject-2.0.so.0.4002.0
7faaab72f000-7faaab730000 rw-p 00050000 08:06 530475                     /usr/lib/x86_64-linux-gnu/libgobject-2.0.so.0.4002.0
7faaab730000-7faaab7cd000 r-xp 00000000 08:06 539648                     /usr/lib/x86_64-linux-gnu/libfreetype.so.6.11.1
7faaab7cd000-7faaab9cc000 ---p 0009d000 08:06 539648                     /usr/lib/x86_64-linux-gnu/libfreetype.so.6.11.1
7faaab9cc000-7faaab9d2000 r--p 0009c000 08:06 539648                     /usr/lib/x86_64-linux-gnu/libfreetype.so.6.11.1
7faaab9d2000-7faaab9d3000 rw-p 000a2000 08:06 539648                     /usr/lib/x86_64-linux-gnu/libfreetype.so.6.11.1
7faaab9d3000-7faaab9eb000 r-xp 00000000 08:06 265703                     /lib/x86_64-linux-gnu/libz.so.1.2.8
7faaab9eb000-7faaabbea000 ---p 00018000 08:06 265703                     /lib/x86_64-linux-gnu/libz.so.1.2.8
7faaabbea000-7faaabbeb000 r--p 00017000 08:06 265703                     /lib/x86_64-linux-gnu/libz.so.1.2.8
7faaabbeb000-7faaabbec000 rw-p 00018000 08:06 265703                     /lib/x86_64-linux-gnu/libz.so.1.2.8
7faaabbec000-7faaabc11000 r-xp 00000000 08:06 265655                     /lib/x86_64-linux-gnu/libpng12.so.0.50.0
7faaabc11000-7faaabe10000 ---p 00025000 08:06 265655                     /lib/x86_64-linux-gnu/libpng12.so.0.50.0
7faaabe10000-7faaabe11000 r--p 00024000 08:06 265655                     /lib/x86_64-linux-gnu/libpng12.so.0.50.0
7faaabe11000-7faaabe12000 rw-p 00025000 08:06 265655                     /lib/x86_64-linux-gnu/libpng12.so.0.50.0
7faaabe12000-7faaabf18000 r-xp 00000000 08:06 265571                     /lib/x86_64-linux-gnu/libglib-2.0.so.0.4002.0
7faaabf18000-7faaac117000 ---p 00106000 08:06 265571                     /lib/x86_64-linux-gnu/libglib-2.0.so.0.4002.0
7faaac117000-7faaac118000 r--p 00105000 08:06 265571                     /lib/x86_64-linux-gnu/libglib-2.0.so.0.4002.0
7faaac118000-7faaac119000 rw-p 00106000 08:06 265571                     /lib/x86_64-linux-gnu/libglib-2.0.so.0.4002.0
7faaac119000-7faaac11a000 rw-p 00000000 00:00 0 
7faaac11a000-7faaac131000 r-xp 00000000 08:06 530166                     /usr/lib/x86_64-linux-gnu/libaudio.so.2.4
7faaac131000-7faaac330000 ---p 00017000 08:06 530166                     /usr/lib/x86_64-linux-gnu/libaudio.so.2.4
7faaac330000-7faaac331000 r--p 00016000 08:06 530166                     /usr/lib/x86_64-linux-gnu/libaudio.so.2.4
7faaac331000-7faaac332000 rw-p 00017000 08:06 530166                     /usr/lib/x86_64-linux-gnu/libaudio.so.2.4
7faaac332000-7faaac36c000 r-xp 00000000 08:06 530360                     /usr/lib/x86_64-linux-gnu/libfontconfig.so.1.8.0
7faaac36c000-7faaac56b000 ---p 0003a000 08:06 530360                     /usr/lib/x86_64-linux-gnu/libfontconfig.so.1.8.0
7faaac56b000-7faaac56d000 r--p 00039000 08:06 530360                     /usr/lib/x86_64-linux-gnu/libfontconfig.so.1.8.0
7faaac56d000-7faaac56e000 rw-p 0003b000 08:06 530360                     /usr/lib/x86_64-linux-gnu/libfontconfig.so.1.8.0
7faaac56e000-7faaacfd4000 r-xp 00000000 08:06 522879                     /usr/lib/x86_64-linux-gnu/libQtGui.so.4.8.6
7faaacfd4000-7faaad1d4000 ---p 00a66000 08:06 522879                     /usr/lib/x86_64-linux-gnu/libQtGui.so.4.8.6
7faaad1d4000-7faaad216000 r--p 00a66000 08:06 522879                     /usr/lib/x86_64-linux-gnu/libQtGui.so.4.8.6
7faaad216000-7faaad21d000 rw-p 00aa8000 08:06 522879                     /usr/lib/x86_64-linux-gnu/libQtGui.so.4.8.6
7faaad21d000-7faaad221000 rw-p 00000000 00:00 0 
7faaad221000-7faaad224000 r-xp 00000000 08:06 530850                     /usr/lib/x86_64-linux-gnu/libpulse-simple.so.0.0.4
7faaad224000-7faaad423000 ---p 00003000 08:06 530850                     /usr/lib/x86_64-linux-gnu/libpulse-simple.so.0.0.4
7faaad423000-7faaad424000 r--p 00002000 08:06 530850                     /usr/lib/x86_64-linux-gnu/libpulse-simple.so.0.0.4
7faaad424000-7faaad425000 rw-p 00003000 08:06 530850                     /usr/lib/x86_64-linux-gnu/libpulse-simple.so.0.0.4
7faaad4ac000-7faaad784000 r-xp 00000000 08:06 530043                     /usr/lib/x86_64-linux-gnu/libQtCore.so.4.8.6
7faaad784000-7faaad984000 ---p 002d8000 08:06 530043                     /usr/lib/x86_64-linux-gnu/libQtCore.so.4.8.6
7faaad984000-7faaad98f000 r--p 002d8000 08:06 530043                     /usr/lib/x86_64-linux-gnu/libQtCore.so.4.8.6
7faaad98f000-7faaad990000 rw-p 002e3000 08:06 530043                     /usr/lib/x86_64-linux-gnu/libQtCore.so.4.8.6
7faaad990000-7faaad991000 rw-p 00000000 00:00 0 
7faaad991000-7faaadbf3000 r-xp 00000000 08:06 413116                     /usr/lib/vlc/plugins/gui/libqt4_plugin.so
7faaadbf3000-7faaaddf2000 ---p 00262000 08:06 413116                     /usr/lib/vlc/plugins/gui/libqt4_plugin.so
7faaaddf2000-7faaade0b000 r--p 00261000 08:06 413116                     /usr/lib/vlc/plugins/gui/libqt4_plugin.so
7faaade0b000-7faaade0f000 rw-p 0027a000 08:06 413116                     /usr/lib/vlc/plugins/gui/libqt4_plugin.so
7faaade0f000-7faaade15000 r-xp 00000000 08:06 546092                     /usr/lib/x86_64-linux-gnu/libxcb-xv.so.0.0.0
7faaade15000-7faaae014000 ---p 00006000 08:06 546092                     /usr/lib/x86_64-linux-gnu/libxcb-xv.so.0.0.0
7faaae014000-7faaae015000 r--p 00005000 08:06 546092                     /usr/lib/x86_64-linux-gnu/libxcb-xv.so.0.0.0
7faaae015000-7faaae016000 rw-p 00006000 08:06 546092                     /usr/lib/x86_64-linux-gnu/libxcb-xv.so.0.0.0
7faaae016000-7faaae01d000 r-xp 00000000 08:06 413105                     /usr/lib/vlc/plugins/video_output/libxcb_xv_plugin.so
7faaae01d000-7faaae21c000 ---p 00007000 08:06 413105                     /usr/lib/vlc/plugins/video_output/libxcb_xv_plugin.so
7faaae21c000-7faaae21d000 r--p 00006000 08:06 413105                     /usr/lib/vlc/plugins/video_output/libxcb_xv_plugin.so
7faaae21d000-7faaae21e000 rw-p 00007000 08:06 413105                     /usr/lib/vlc/plugins/video_output/libxcb_xv_plugin.so
7faaae21e000-7faaae2a1000 r-xp 00000000 08:06 526635                     /usr/lib/x86_64-linux-gnu/libdirac_encoder.so.0.1.0
7faaae2a1000-7faaae4a0000 ---p 00083000 08:06 526635                     /usr/lib/x86_64-linux-gnu/libdirac_encoder.so.0.1.0
7faaae4a0000-7faaae4a3000 r--p 00082000 08:06 526635                     /usr/lib/x86_64-linux-gnu/libdirac_encoder.so.0.1.0
7faaae4a3000-7faaae4a4000 rw-p 00085000 08:06 526635                     /usr/lib/x86_64-linux-gnu/libdirac_encoder.so.0.1.0
7faaae4a4000-7faaae4a5000 rw-p 00000000 00:00 0 
7faaae4a8000-7faaae4aa000 r-xp 00000000 08:06 531122                     /usr/lib/x86_64-linux-gnu/libxcb-shm.so.0.0.0
7faaae4aa000-7faaae6a9000 ---p 00002000 08:06 531122                     /usr/lib/x86_64-linux-gnu/libxcb-shm.so.0.0.0
7faaae6a9000-7faaae6aa000 r--p 00001000 08:06 531122                     /usr/lib/x86_64-linux-gnu/libxcb-shm.so.0.0.0
7faaae6aa000-7faaae6ab000 rw-p 00002000 08:06 531122                     /usr/lib/x86_64-linux-gnu/libxcb-shm.so.0.0.0
7faaae6ab000-7faaae6b3000 r-xp 00000000 08:06 265602                     /lib/x86_64-linux-gnu/libnih-dbus.so.1.0.0
7faaae6b3000-7faaae8b3000 ---p 00008000 08:06 265602                     /lib/x86_64-linux-gnu/libnih-dbus.so.1.0.0
7faaae8b3000-7faaae8b4000 r--p 00008000 08:06 265602                     /lib/x86_64-linux-gnu/libnih-dbus.so.1.0.0
7faaae8b4000-7faaae8b5000 rw-p 00009000 08:06 265602                     /lib/x86_64-linux-gnu/libnih-dbus.so.1.0.0
7faaae8b5000-7faaae8cc000 r-xp 00000000 08:06 265604                     /lib/x86_64-linux-gnu/libnih.so.1.0.0
7faaae8cc000-7faaaeacb000 ---p 00017000 08:06 265604                     /lib/x86_64-linux-gnu/libnih.so.1.0.0
7faaaeacb000-7faaaeacc000 r--p 00016000 08:06 265604                     /lib/x86_64-linux-gnu/libnih.so.1.0.0
7faaaeacc000-7faaaeacd000 rw-p 00017000 08:06 265604                     /lib/x86_64-linux-gnu/libnih.so.1.0.0
7faaaeacd000-7faaaeae6000 r-xp 00000000 08:06 265465                     /lib/x86_64-linux-gnu/libcgmanager.so.0.0.0
7faaaeae6000-7faaaece5000 ---p 00019000 08:06 265465                     /lib/x86_64-linux-gnu/libcgmanager.so.0.0.0
7faaaece5000-7faaaece7000 r--p 00018000 08:06 265465                     /lib/x86_64-linux-gnu/libcgmanager.so.0.0.0
7faaaece7000-7faaaece8000 rw-p 0001a000 08:06 265465                     /lib/x86_64-linux-gnu/libcgmanager.so.0.0.0
7faaaece8000-7faaaecec000 r-xp 00000000 08:06 265573                     /lib/x86_64-linux-gnu/libgpg-error.so.0.10.0
7faaaecec000-7faaaeeeb000 ---p 00004000 08:06 265573                     /lib/x86_64-linux-gnu/libgpg-error.so.0.10.0
7faaaeeeb000-7faaaeeec000 r--p 00003000 08:06 265573                     /lib/x86_64-linux-gnu/libgpg-error.so.0.10.0
7faaaeeec000-7faaaeeed000 rw-p 00004000 08:06 265573                     /lib/x86_64-linux-gnu/libgpg-error.so.0.10.0
7faaaeeed000-7faaaeefd000 r-xp 00000000 08:06 298110                     /lib/x86_64-linux-gnu/libudev.so.1.3.5
7faaaeefd000-7faaaf0fc000 ---p 00010000 08:06 298110                     /lib/x86_64-linux-gnu/libudev.so.1.3.5
7faaaf0fc000-7faaaf0fd000 r--p 0000f000 08:06 298110                     /lib/x86_64-linux-gnu/libudev.so.1.3.5
7faaaf0fd000-7faaaf0fe000 rw-p 00010000 08:06 298110                     /lib/x86_64-linux-gnu/libudev.so.1.3.5
7faaaf0fe000-7faaaf17a000 r-xp 00000000 08:06 265547                     /lib/x86_64-linux-gnu/libgcrypt.so.11.8.2
7faaaf17a000-7faaaf37a000 ---p 0007c000 08:06 265547                     /lib/x86_64-linux-gnu/libgcrypt.so.11.8.2
7faaaf37a000-7faaaf37b000 r--p 0007c000 08:06 265547                     /lib/x86_64-linux-gnu/libgcrypt.so.11.8.2
7faaaf37b000-7faaaf37e000 rw-p 0007d000 08:06 265547                     /lib/x86_64-linux-gnu/libgcrypt.so.11.8.2
7faaaf37e000-7faaaf393000 r-xp 00000000 08:06 265694                     /lib/x86_64-linux-gnu/libusb-1.0.so.0.1.0
7faaaf393000-7faaaf593000 ---p 00015000 08:06 265694                     /lib/x86_64-linux-gnu/libusb-1.0.so.0.1.0
7faaaf593000-7faaaf594000 r--p 00015000 08:06 265694                     /lib/x86_64-linux-gnu/libusb-1.0.so.0.1.0
7faaaf594000-7faaaf595000 rw-p 00016000 08:06 265694                     /lib/x86_64-linux-gnu/libusb-1.0.so.0.1.0
7faaaf595000-7faaaf5e5000 r-xp 00000000 08:06 530720                     /usr/lib/x86_64-linux-gnu/libmtp.so.9.1.0
7faaaf5e5000-7faaaf7e4000 ---p 00050000 08:06 530720                     /usr/lib/x86_64-linux-gnu/libmtp.so.9.1.0
7faaaf7e4000-7faaaf7ea000 r--p 0004f000 08:06 530720                     /usr/lib/x86_64-linux-gnu/libmtp.so.9.1.0
7faaaf7ea000-7faaaf7f4000 rw-p 00055000 08:06 530720                     /usr/lib/x86_64-linux-gnu/libmtp.so.9.1.0
7faaaf7f4000-7faaaf8da000 r-xp 00000000 08:06 524368                     /usr/lib/x86_64-linux-gnu/libstdc++.so.6.0.19
7faaaf8da000-7faaafad9000 ---p 000e6000 08:06 524368                     /usr/lib/x86_64-linux-gnu/libstdc++.so.6.0.19
7faaafad9000-7faaafae1000 r--p 000e5000 08:06 524368                     /usr/lib/x86_64-linux-gnu/libstdc++.so.6.0.19
7faaafae1000-7faaafae3000 rw-p 000ed000 08:06 524368                     /usr/lib/x86_64-linux-gnu/libstdc++.so.6.0.19
7faaafae3000-7faaafaf8000 rw-p 00000000 00:00 0 
7faaafb0d000-7faaafb0f000 r-xp 00000000 08:06 412929                     /usr/lib/vlc/plugins/services_discovery/libmtp_plugin.so
7faaafb0f000-7faaafd0e000 ---p 00002000 08:06 412929                     /usr/lib/vlc/plugins/services_discovery/libmtp_plugin.so
7faaafd0e000-7faaafd0f000 r--p 00001000 08:06 412929                     /usr/lib/vlc/plugins/services_discovery/libmtp_plugin.so
7faaafd0f000-7faaafd10000 rw-p 00002000 08:06 412929                     /usr/lib/vlc/plugins/services_discovery/libmtp_plugin.so
7faaafd10000-7faaafdf9000 r-xp 00000000 08:06 530146                     /usr/lib/x86_64-linux-gnu/libasound.so.2.0.0
7faaafdf9000-7faaafff8000 ---p 000e9000 08:06 530146                     /usr/lib/x86_64-linux-gnu/libasound.so.2.0.0
7faaafff8000-7faaaffff000 r--p 000e8000 08:06 530146                     /usr/lib/x86_64-linux-gnu/libasound.so.2.0.0
7faaaffff000-7faab0000000 rw-p 000ef000 08:06 530146                     /usr/lib/x86_64-linux-gnu/libasound.so.2.0.0
7faab0000000-7faab0021000 rw-p 00000000 00:00 0 
7faab0021000-7faab4000000 ---p 00000000 00:00 0 
7faab4000000-7faab4021000 rw-p 00000000 00:00 0 
7faab4021000-7faab8000000 ---p 00000000 00:00 0 
7faab8000000-7faab8021000 rw-p 00000000 00:00 0 
7faab8021000-7faabc000000 ---p 00000000 00:00 0 
7faabc114000-7faabc12b000 r-xp 00000000 08:06 261127                     /lib/x86_64-linux-gnu/libresolv-2.19.so
7faabc12b000-7faabc32b000 ---p 00017000 08:06 261127                     /lib/x86_64-linux-gnu/libresolv-2.19.so
7faabc32b000-7faabc32c000 r--p 00017000 08:06 261127                     /lib/x86_64-linux-gnu/libresolv-2.19.so
7faabc32c000-7faabc32d000 rw-p 00018000 08:06 261127                     /lib/x86_64-linux-gnu/libresolv-2.19.so
7faabc32d000-7faabc32f000 rw-p 00000000 00:00 0 
7faabc32f000-7faabc336000 r-xp 00000000 08:06 530783                     /usr/lib/x86_64-linux-gnu/libogg.so.0.8.1
7faabc336000-7faabc536000 ---p 00007000 08:06 530783                     /usr/lib/x86_64-linux-gnu/libogg.so.0.8.1
7faabc536000-7faabc537000 r--p 00007000 08:06 530783                     /usr/lib/x86_64-linux-gnu/libogg.so.0.8.1
7faabc537000-7faabc538000 rw-p 00008000 08:06 530783                     /usr/lib/x86_64-linux-gnu/libogg.so.0.8.1
7faabc538000-7faabc564000 r-xp 00000000 08:06 531059                     /usr/lib/x86_64-linux-gnu/libvorbis.so.0.4.5
7faabc564000-7faabc763000 ---p 0002c000 08:06 531059                     /usr/lib/x86_64-linux-gnu/libvorbis.so.0.4.5
7faabc763000-7faabc764000 r--p 0002b000 08:06 531059                     /usr/lib/x86_64-linux-gnu/libvorbis.so.0.4.5
7faabc764000-7faabc765000 rw-p 0002c000 08:06 531059                     /usr/lib/x86_64-linux-gnu/libvorbis.so.0.4.5
7faabc765000-7faabca18000 r-xp 00000000 08:06 531061                     /usr/lib/x86_64-linux-gnu/libvorbisenc.so.2.0.8
7faabca18000-7faabcc17000 ---p 002b3000 08:06 531061                     /usr/lib/x86_64-linux-gnu/libvorbisenc.so.2.0.8
7faabcc17000-7faabcc33000 r--p 002b2000 08:06 531061                     /usr/lib/x86_64-linux-gnu/libvorbisenc.so.2.0.8
7faabcc33000-7faabcc34000 rw-p 002ce000 08:06 531061                     /usr/lib/x86_64-linux-gnu/libvorbisenc.so.2.0.8
7faabcc34000-7faabcc64000 r-xp 00000000 08:06 529922                     /usr/lib/x86_64-linux-gnu/libFLAC.so.8.3.0
7faabcc64000-7faabce63000 ---p 00030000 08:06 529922                     /usr/lib/x86_64-linux-gnu/libFLAC.so.8.3.0
7faabce63000-7faabce64000 r--p 0002f000 08:06 529922                     /usr/lib/x86_64-linux-gnu/libFLAC.so.8.3.0
7faabce64000-7faabce65000 rw-p 00030000 08:06 529922                     /usr/lib/x86_64-linux-gnu/libFLAC.so.8.3.0
7faabce65000-7faabce6a000 r-xp 00000000 08:06 530154                     /usr/lib/x86_64-linux-gnu/libasyncns.so.0.3.1
7faabce6a000-7faabd069000 ---p 00005000 08:06 530154                     /usr/lib/x86_64-linux-gnu/libasyncns.so.0.3.1
7faabd069000-7faabd06a000 r--p 00004000 08:06 530154                     /usr/lib/x86_64-linux-gnu/libasyncns.so.0.3.1
7faabd06a000-7faabd06b000 rw-p 00005000 08:06 530154                     /usr/lib/x86_64-linux-gnu/libasyncns.so.0.3.1
7faabd06b000-7faabd0cc000 r-xp 00000000 08:06 530940                     /usr/lib/x86_64-linux-gnu/libsndfile.so.1.0.25
7faabd0cc000-7faabd2cc000 ---p 00061000 08:06 530940                     /usr/lib/x86_64-linux-gnu/libsndfile.so.1.0.25
7faabd2cc000-7faabd2ce000 r--p 00061000 08:06 530940                     /usr/lib/x86_64-linux-gnu/libsndfile.so.1.0.25
7faabd2ce000-7faabd2cf000 rw-p 00063000 08:06 530940                     /usr/lib/x86_64-linux-gnu/libsndfile.so.1.0.25
7faabd2cf000-7faabd2d3000 rw-p 00000000 00:00 0 
7faabd2d3000-7faabd2db000 r-xp 00000000 08:06 265700                     /lib/x86_64-linux-gnu/libwrap.so.0.7.6
7faabd2db000-7faabd4da000 ---p 00008000 08:06 265700                     /lib/x86_64-linux-gnu/libwrap.so.0.7.6
7faabd4da000-7faabd4db000 r--p 00007000 08:06 265700                     /lib/x86_64-linux-gnu/libwrap.so.0.7.6
7faabd4db000-7faabd4dc000 rw-p 00008000 08:06 265700                     /lib/x86_64-linux-gnu/libwrap.so.0.7.6
7faabd4dc000-7faabd4dd000 rw-p 00000000 00:00 0 
7faabd4dd000-7faabd543000 r-xp 00000000 08:06 783969                     /usr/lib/x86_64-linux-gnu/pulseaudio/libpulsecommon-4.0.so
7faabd543000-7faabd742000 ---p 00066000 08:06 783969                     /usr/lib/x86_64-linux-gnu/pulseaudio/libpulsecommon-4.0.so
7faabd742000-7faabd743000 r--p 00065000 08:06 783969                     /usr/lib/x86_64-linux-gnu/pulseaudio/libpulsecommon-4.0.so
7faabd743000-7faabd744000 rw-p 00066000 08:06 783969                     /usr/lib/x86_64-linux-gnu/pulseaudio/libpulsecommon-4.0.so
7faabd744000-7faabd74e000 r-xp 00000000 08:06 265580                     /lib/x86_64-linux-gnu/libjson-c.so.2.0.0
7faabd74e000-7faabd94d000 ---p 0000a000 08:06 265580                     /lib/x86_64-linux-gnu/libjson-c.so.2.0.0
7faabd94d000-7faabd94e000 r--p 00009000 08:06 265580                     /lib/x86_64-linux-gnu/libjson-c.so.2.0.0
7faabd94e000-7faabd94f000 rw-p 0000a000 08:06 265580                     /lib/x86_64-linux-gnu/libjson-c.so.2.0.0
7faabd94f000-7faabd996000 r-xp 00000000 08:06 530852                     /usr/lib/x86_64-linux-gnu/libpulse.so.0.16.2
7faabd996000-7faabdb96000 ---p 00047000 08:06 530852                     /usr/lib/x86_64-linux-gnu/libpulse.so.0.16.2
7faabdb96000-7faabdb97000 r--p 00047000 08:06 530852                     /usr/lib/x86_64-linux-gnu/libpulse.so.0.16.2
7faabdb97000-7faabdb98000 rw-p 00048000 08:06 530852                     /usr/lib/x86_64-linux-gnu/libpulse.so.0.16.2
7faabdb99000-7faabdb9e000 r-xp 00000000 08:06 412892                     /usr/lib/vlc/plugins/audio_output/libalsa_plugin.so
7faabdb9e000-7faabdd9d000 ---p 00005000 08:06 412892                     /usr/lib/vlc/plugins/audio_output/libalsa_plugin.so
7faabdd9d000-7faabdd9e000 r--p 00004000 08:06 412892                     /usr/lib/vlc/plugins/audio_output/libalsa_plugin.so
7faabdd9e000-7faabdd9f000 rw-p 00005000 08:06 412892                     /usr/lib/vlc/plugins/audio_output/libalsa_plugin.so
7faabdd9f000-7faabdde3000 r-xp 00000000 08:06 265554                     /lib/x86_64-linux-gnu/libdbus-1.so.3.7.6
7faabdde3000-7faabdfe2000 ---p 00044000 08:06 265554                     /lib/x86_64-linux-gnu/libdbus-1.so.3.7.6
7faabdfe2000-7faabdfe3000 r--p 00043000 08:06 265554                     /lib/x86_64-linux-gnu/libdbus-1.so.3.7.6
7faabdfe3000-7faabdfe4000 rw-p 00044000 08:06 265554                     /lib/x86_64-linux-gnu/libdbus-1.so.3.7.6
7faabdfe4000-7faabe015000 r-xp 00000000 08:06 530638                     /usr/lib/x86_64-linux-gnu/libidn.so.11.6.11
7faabe015000-7faabe215000 ---p 00031000 08:06 530638                     /usr/lib/x86_64-linux-gnu/libidn.so.11.6.11
7faabe215000-7faabe216000 r--p 00031000 08:06 530638                     /usr/lib/x86_64-linux-gnu/libidn.so.11.6.11
7faabe216000-7faabe217000 rw-p 00032000 08:06 530638                     /usr/lib/x86_64-linux-gnu/libidn.so.11.6.11
7faabe217000-7faabe2f5000 r-xp 00000000 08:06 412641                     /usr/lib/libvlccore.so.7.0.0
7faabe2f5000-7faabe4f5000 ---p 000de000 08:06 412641                     /usr/lib/libvlccore.so.7.0.0
7faabe4f5000-7faabe4f8000 r--p 000de000 08:06 412641                     /usr/lib/libvlccore.so.7.0.0
7faabe4f8000-7faabe4f9000 rw-p 000e1000 08:06 412641                     /usr/lib/libvlccore.so.7.0.0
7faabe4f9000-7faabe513000 r-xp 00000000 08:06 412644                     /usr/lib/libvlc.so.5.4.0
7faabe513000-7faabe712000 ---p 0001a000 08:06 412644                     /usr/lib/libvlc.so.5.4.0
7faabe712000-7faabe713000 r--p 00019000 08:06 412644                     /usr/lib/libvlc.so.5.4.0
7faabe713000-7faabe714000 rw-p 0001a000 08:06 412644                     /usr/lib/libvlc.so.5.4.0
7faabe714000-7faabe715000 r-xp 00000000 08:06 414495                     /usr/lib/jvm/java-8-oracle/jre/lib/amd64/libjawt.so
7faabe715000-7faabe914000 ---p 00001000 08:06 414495                     /usr/lib/jvm/java-8-oracle/jre/lib/amd64/libjawt.so
7faabe914000-7faabe915000 rw-p 00000000 08:06 414495                     /usr/lib/jvm/java-8-oracle/jre/lib/amd64/libjawt.so
7faabe915000-7faabe918000 ---p 00000000 00:00 0 
7faabe918000-7faabea16000 rw-p 00000000 00:00 0                          [stack:13732]
7faabea16000-7faabea1b000 r-xp 00000000 08:06 522501                     /usr/lib/x86_64-linux-gnu/libXfixes.so.3.1.0
7faabea1b000-7faabec1a000 ---p 00005000 08:06 522501                     /usr/lib/x86_64-linux-gnu/libXfixes.so.3.1.0
7faabec1a000-7faabec1b000 r--p 00004000 08:06 522501                     /usr/lib/x86_64-linux-gnu/libXfixes.so.3.1.0
7faabec1b000-7faabec1c000 rw-p 00005000 08:06 522501                     /usr/lib/x86_64-linux-gnu/libXfixes.so.3.1.0
7faabec1c000-7faabec25000 r-xp 00000000 08:06 530071                     /usr/lib/x86_64-linux-gnu/libXcursor.so.1.0.2
7faabec25000-7faabee24000 ---p 00009000 08:06 530071                     /usr/lib/x86_64-linux-gnu/libXcursor.so.1.0.2
7faabee24000-7faabee25000 r--p 00008000 08:06 530071                     /usr/lib/x86_64-linux-gnu/libXcursor.so.1.0.2
7faabee25000-7faabee26000 rw-p 00009000 08:06 530071                     /usr/lib/x86_64-linux-gnu/libXcursor.so.1.0.2
7faabee26000-7faabee29000 ---p 00000000 00:00 0 
7faabee29000-7faabef27000 rw-p 00000000 00:00 0                          [stack:13731]
7faabef27000-7faabef3d000 r-xp 00000000 08:06 265567                     /lib/x86_64-linux-gnu/libgcc_s.so.1
7faabef3d000-7faabf13c000 ---p 00016000 08:06 265567                     /lib/x86_64-linux-gnu/libgcc_s.so.1
7faabf13c000-7faabf13d000 rw-p 00015000 08:06 265567                     /lib/x86_64-linux-gnu/libgcc_s.so.1
7faabf13d000-7faabf1a2000 r-xp 00000000 08:06 414526                     /usr/lib/jvm/java-8-oracle/jre/lib/amd64/libfontmanager.so
7faabf1a2000-7faabf3a2000 ---p 00065000 08:06 414526                     /usr/lib/jvm/java-8-oracle/jre/lib/amd64/libfontmanager.so
7faabf3a2000-7faabf3a6000 rw-p 00065000 08:06 414526                     /usr/lib/jvm/java-8-oracle/jre/lib/amd64/libfontmanager.so
7faabf3a6000-7faabf3b7000 rw-p 00000000 00:00 0 
7faabf3b7000-7faabf3bc000 r-xp 00000000 08:06 530075                     /usr/lib/x86_64-linux-gnu/libXdmcp.so.6.0.0
7faabf3bc000-7faabf5bb000 ---p 00005000 08:06 530075                     /usr/lib/x86_64-linux-gnu/libXdmcp.so.6.0.0
7faabf5bb000-7faabf5bc000 r--p 00004000 08:06 530075                     /usr/lib/x86_64-linux-gnu/libXdmcp.so.6.0.0
7faabf5bc000-7faabf5bd000 rw-p 00005000 08:06 530075                     /usr/lib/x86_64-linux-gnu/libXdmcp.so.6.0.0
7faabf5bd000-7faabf5bf000 r-xp 00000000 08:06 530064                     /usr/lib/x86_64-linux-gnu/libXau.so.6.0.0
7faabf5bf000-7faabf7bf000 ---p 00002000 08:06 530064                     /usr/lib/x86_64-linux-gnu/libXau.so.6.0.0
7faabf7bf000-7faabf7c0000 r--p 00002000 08:06 530064                     /usr/lib/x86_64-linux-gnu/libXau.so.6.0.0
7faabf7c0000-7faabf7c1000 rw-p 00003000 08:06 530064                     /usr/lib/x86_64-linux-gnu/libXau.so.6.0.0
7faabf7c1000-7faabf7de000 r-xp 00000000 08:06 531132                     /usr/lib/x86_64-linux-gnu/libxcb.so.1.1.0
7faabf7de000-7faabf9de000 ---p 0001d000 08:06 531132                     /usr/lib/x86_64-linux-gnu/libxcb.so.1.1.0
7faabf9de000-7faabf9df000 r--p 0001d000 08:06 531132                     /usr/lib/x86_64-linux-gnu/libxcb.so.1.1.0
7faabf9df000-7faabf9e0000 rw-p 0001e000 08:06 531132                     /usr/lib/x86_64-linux-gnu/libxcb.so.1.1.0
7faabf9e0000-7faabf9ef000 r-xp 00000000 08:06 522608                     /usr/lib/x86_64-linux-gnu/libXi.so.6.1.0
7faabf9ef000-7faabfbee000 ---p 0000f000 08:06 522608                     /usr/lib/x86_64-linux-gnu/libXi.so.6.1.0
7faabfbee000-7faabfbef000 r--p 0000e000 08:06 522608                     /usr/lib/x86_64-linux-gnu/libXi.so.6.1.0
7faabfbef000-7faabfbf0000 rw-p 0000f000 08:06 522608                     /usr/lib/x86_64-linux-gnu/libXi.so.6.1.0
7faabfbf0000-7faabfbf5000 r-xp 00000000 08:06 530105                     /usr/lib/x86_64-linux-gnu/libXtst.so.6.1.0
7faabfbf5000-7faabfdf4000 ---p 00005000 08:06 530105                     /usr/lib/x86_64-linux-gnu/libXtst.so.6.1.0
7faabfdf4000-7faabfdf5000 r--p 00004000 08:06 530105                     /usr/lib/x86_64-linux-gnu/libXtst.so.6.1.0
7faabfdf5000-7faabfdf6000 rw-p 00005000 08:06 530105                     /usr/lib/x86_64-linux-gnu/libXtst.so.6.1.0
7faabfdf6000-7faabfdff000 r-xp 00000000 08:06 522612                     /usr/lib/x86_64-linux-gnu/libXrender.so.1.3.0
7faabfdff000-7faabfffe000 ---p 00009000 08:06 522612                     /usr/lib/x86_64-linux-gnu/libXrender.so.1.3.0
7faabfffe000-7faabffff000 r--p 00008000 08:06 522612                     /usr/lib/x86_64-linux-gnu/libXrender.so.1.3.0
7faabffff000-7faac0000000 rw-p 00009000 08:06 522612                     /usr/lib/x86_64-linux-gnu/libXrender.so.1.3.0
7faac0000000-7faac0021000 rw-p 00000000 00:00 0 
7faac0021000-7faac4000000 ---p 00000000 00:00 0 
7faac4000000-7faac4021000 rw-p 00000000 00:00 0 
7faac4021000-7faac8000000 ---p 00000000 00:00 0 
7faac8000000-7faac815b000 rw-p 00000000 00:00 0 
7faac815b000-7faacc000000 ---p 00000000 00:00 0 
7faacc000000-7faacc256000 rw-p 00000000 00:00 0 
7faacc256000-7faad0000000 ---p 00000000 00:00 0 
7faad0000000-7faad0021000 rw-p 00000000 00:00 0 
7faad0021000-7faad4000000 ---p 00000000 00:00 0 
7faad4000000-7faad41fa000 rw-p 00000000 00:00 0 
7faad41fa000-7faad8000000 ---p 00000000 00:00 0 
7faad8000000-7faad8021000 rw-p 00000000 00:00 0 
7faad8021000-7faadc000000 ---p 00000000 00:00 0 
7faadc000000-7faadc021000 rw-p 00000000 00:00 0 
7faadc021000-7faae0000000 ---p 00000000 00:00 0 
7faae0000000-7faae0021000 rw-p 00000000 00:00 0 
7faae0021000-7faae4000000 ---p 00000000 00:00 0 
7faae4014000-7faae402b000 r-xp 00000000 08:06 13625                      /tmp/jna-3268048/jna6598157165161378964.tmp (deleted)
7faae402b000-7faae412a000 ---p 00017000 08:06 13625                      /tmp/jna-3268048/jna6598157165161378964.tmp (deleted)
7faae412a000-7faae412c000 rw-p 00016000 08:06 13625                      /tmp/jna-3268048/jna6598157165161378964.tmp (deleted)
7faae412c000-7faae425c000 r-xp 00000000 08:06 530060                     /usr/lib/x86_64-linux-gnu/libX11.so.6.3.0
7faae425c000-7faae445c000 ---p 00130000 08:06 530060                     /usr/lib/x86_64-linux-gnu/libX11.so.6.3.0
7faae445c000-7faae445d000 r--p 00130000 08:06 530060                     /usr/lib/x86_64-linux-gnu/libX11.so.6.3.0
7faae445d000-7faae4461000 rw-p 00131000 08:06 530060                     /usr/lib/x86_64-linux-gnu/libX11.so.6.3.0
7faae4461000-7faae4472000 r-xp 00000000 08:06 522564                     /usr/lib/x86_64-linux-gnu/libXext.so.6.4.0
7faae4472000-7faae4671000 ---p 00011000 08:06 522564                     /usr/lib/x86_64-linux-gnu/libXext.so.6.4.0
7faae4671000-7faae4672000 r--p 00010000 08:06 522564                     /usr/lib/x86_64-linux-gnu/libXext.so.6.4.0
7faae4672000-7faae4673000 rw-p 00011000 08:06 522564                     /usr/lib/x86_64-linux-gnu/libXext.so.6.4.0
7faae4673000-7faae46c7000 r-xp 00000000 08:06 414472                     /usr/lib/jvm/java-8-oracle/jre/lib/amd64/libawt_xawt.so
7faae46c7000-7faae48c7000 ---p 00054000 08:06 414472                     /usr/lib/jvm/java-8-oracle/jre/lib/amd64/libawt_xawt.so
7faae48c7000-7faae48cb000 rw-p 00054000 08:06 414472                     /usr/lib/jvm/java-8-oracle/jre/lib/amd64/libawt_xawt.so
7faae48cb000-7faae48cc000 rw-p 00000000 00:00 0 
7faae48cc000-7faae496e000 r-xp 00000000 08:06 414471                     /usr/lib/jvm/java-8-oracle/jre/lib/amd64/libawt.so
7faae496e000-7faae4b6e000 ---p 000a2000 08:06 414471                     /usr/lib/jvm/java-8-oracle/jre/lib/amd64/libawt.so
7faae4b6e000-7faae4b7a000 rw-p 000a2000 08:06 414471                     /usr/lib/jvm/java-8-oracle/jre/lib/amd64/libawt.so
7faae4b7a000-7faae4b9e000 rw-p 00000000 00:00 0 
7faae4b9e000-7faae4b9f000 ---p 00000000 00:00 0 
7faae4b9f000-7faae4c9f000 rw-p 00000000 00:00 0                          [stack:13728]
7faae4c9f000-7faae4ca2000 ---p 00000000 00:00 0 
7faae4ca2000-7faae4da0000 rw-p 00000000 00:00 0                          [stack:13727]
7faae4da0000-7faae4da3000 ---p 00000000 00:00 0 
7faae4da3000-7faae4ea1000 rw-p 00000000 00:00 0                          [stack:13726]
7faae4ea1000-7faae4ea4000 ---p 00000000 00:00 0 
7faae4ea4000-7faae4fa2000 rw-p 00000000 00:00 0                          [stack:13725]
7faae4fa2000-7faae4fa5000 ---p 00000000 00:00 0 
7faae4fa5000-7faae50a3000 rw-p 00000000 00:00 0                          [stack:13724]
7faae50a3000-7faae50a6000 ---p 00000000 00:00 0 
7faae50a6000-7faae51a4000 rw-p 00000000 00:00 0                          [stack:13723]
7faae51a4000-7faae58c7000 r--p 00000000 08:06 397847                     /usr/lib/locale/locale-archive
7faae58c7000-7faae58ca000 ---p 00000000 00:00 0 
7faae58ca000-7faae59c8000 rw-p 00000000 00:00 0                          [stack:13722]
7faae59c8000-7faae59cb000 ---p 00000000 00:00 0 
7faae59cb000-7faae5ac9000 rw-p 00000000 00:00 0                          [stack:13721]
7faae5ac9000-7faae5aca000 ---p 00000000 00:00 0 
7faae5aca000-7faae8000000 rw-p 00000000 00:00 0                          [stack:13720]
7faae8000000-7faae8021000 rw-p 00000000 00:00 0 
7faae8021000-7faaec000000 ---p 00000000 00:00 0 
7faaec000000-7faaec021000 rw-p 00000000 00:00 0 
7faaec021000-7faaf0000000 ---p 00000000 00:00 0 
7faaf0000000-7faaf0021000 rw-p 00000000 00:00 0 
7faaf0021000-7faaf4000000 ---p 00000000 00:00 0 
7faaf4000000-7faaf4021000 rw-p 00000000 00:00 0 
7faaf4021000-7faaf8000000 ---p 00000000 00:00 0 
7faaf80a5000-7faaf80a8000 ---p 00000000 00:00 0 
7faaf80a8000-7faaf80de000 rw-p 00000000 00:00 0                          [stack:13730]
7faaf80de000-7faaf80ed000 r--s 00115000 08:07 2097400                    /home/jony/.m2/repository/net/java/dev/jna/platform/3.5.2/platform-3.5.2.jar
7faaf80ed000-7faaf80f9000 r--s 00057000 08:07 2097396                    /home/jony/.m2/repository/uk/co/caprica/vlcj/3.9.0/vlcj-3.9.0.jar
7faaf80f9000-7faaf9000000 rw-p 00000000 00:00 0 
7faaf9000000-7faaf92a0000 rwxp 00000000 00:00 0 
7faaf92a0000-7fab08000000 ---p 00000000 00:00 0 
7fab08000000-7fab084c2000 rw-p 00000000 00:00 0 
7fab084c2000-7fab0c000000 ---p 00000000 00:00 0 
7fab0c006000-7fab0c00b000 r--s 00096000 08:06 414462                     /usr/lib/jvm/java-8-oracle/jre/lib/jsse.jar
7fab0c00b000-7fab0c2b2000 rw-p 00000000 00:00 0 
7fab0c2b2000-7fab0c48b000 r--s 03d20000 08:06 414457                     /usr/lib/jvm/java-8-oracle/jre/lib/rt.jar
7fab0c48b000-7fab0c6e4000 rw-p 00000000 00:00 0 
7fab0c6e4000-7fab0c6e5000 ---p 00000000 00:00 0 
7fab0c6e5000-7fab0c7e5000 rw-p 00000000 00:00 0                          [stack:13719]
7fab0c7e5000-7fab0c7e6000 ---p 00000000 00:00 0 
7fab0c7e6000-7fab0c8e6000 rw-p 00000000 00:00 0                          [stack:13718]
7fab0c8e6000-7fab0c8e7000 ---p 00000000 00:00 0 
7fab0c8e7000-7fab0c9e7000 rw-p 00000000 00:00 0                          [stack:13717]
7fab0c9e7000-7fab0c9e8000 ---p 00000000 00:00 0 
7fab0c9e8000-7fab0cafd000 rw-p 00000000 00:00 0                          [stack:13716]
7fab0cafd000-7fab0cc2a000 ---p 00000000 00:00 0 
7fab0cc2a000-7fab0cc3f000 rw-p 00000000 00:00 0 
7fab0cc3f000-7fab0cd6c000 ---p 00000000 00:00 0 
7fab0cd6c000-7fab0cd77000 rw-p 00000000 00:00 0 
7fab0cd77000-7fab0ce0d000 ---p 00000000 00:00 0 
7fab0ce0d000-7fab0ce19000 rw-p 00000000 00:00 0 
7fab0ce19000-7fab0d1ce000 ---p 00000000 00:00 0 
7fab0d1ce000-7fab0d1e8000 r-xp 00000000 08:06 414518                     /usr/lib/jvm/java-8-oracle/jre/lib/amd64/libzip.so
7fab0d1e8000-7fab0d3e8000 ---p 0001a000 08:06 414518                     /usr/lib/jvm/java-8-oracle/jre/lib/amd64/libzip.so
7fab0d3e8000-7fab0d3e9000 rw-p 0001a000 08:06 414518                     /usr/lib/jvm/java-8-oracle/jre/lib/amd64/libzip.so
7fab0d3e9000-7fab0d3f4000 r-xp 00000000 08:06 261141                     /lib/x86_64-linux-gnu/libnss_files-2.19.so
7fab0d3f4000-7fab0d5f3000 ---p 0000b000 08:06 261141                     /lib/x86_64-linux-gnu/libnss_files-2.19.so
7fab0d5f3000-7fab0d5f4000 r--p 0000a000 08:06 261141                     /lib/x86_64-linux-gnu/libnss_files-2.19.so
7fab0d5f4000-7fab0d5f5000 rw-p 0000b000 08:06 261141                     /lib/x86_64-linux-gnu/libnss_files-2.19.so
7fab0d5f5000-7fab0d600000 r-xp 00000000 08:06 265432                     /lib/x86_64-linux-gnu/libnss_nis-2.19.so
7fab0d600000-7fab0d7ff000 ---p 0000b000 08:06 265432                     /lib/x86_64-linux-gnu/libnss_nis-2.19.so
7fab0d7ff000-7fab0d800000 r--p 0000a000 08:06 265432                     /lib/x86_64-linux-gnu/libnss_nis-2.19.so
7fab0d800000-7fab0d801000 rw-p 0000b000 08:06 265432                     /lib/x86_64-linux-gnu/libnss_nis-2.19.so
7fab0d801000-7fab0d818000 r-xp 00000000 08:06 261216                     /lib/x86_64-linux-gnu/libnsl-2.19.so
7fab0d818000-7fab0da17000 ---p 00017000 08:06 261216                     /lib/x86_64-linux-gnu/libnsl-2.19.so
7fab0da17000-7fab0da18000 r--p 00016000 08:06 261216                     /lib/x86_64-linux-gnu/libnsl-2.19.so
7fab0da18000-7fab0da19000 rw-p 00017000 08:06 261216                     /lib/x86_64-linux-gnu/libnsl-2.19.so
7fab0da19000-7fab0da1b000 rw-p 00000000 00:00 0 
7fab0da1b000-7fab0da24000 r-xp 00000000 08:06 261215                     /lib/x86_64-linux-gnu/libnss_compat-2.19.so
7fab0da24000-7fab0dc23000 ---p 00009000 08:06 261215                     /lib/x86_64-linux-gnu/libnss_compat-2.19.so
7fab0dc23000-7fab0dc24000 r--p 00008000 08:06 261215                     /lib/x86_64-linux-gnu/libnss_compat-2.19.so
7fab0dc24000-7fab0dc25000 rw-p 00009000 08:06 261215                     /lib/x86_64-linux-gnu/libnss_compat-2.19.so
7fab0dc25000-7fab0dc4f000 r-xp 00000000 08:06 414479                     /usr/lib/jvm/java-8-oracle/jre/lib/amd64/libjava.so
7fab0dc4f000-7fab0de4f000 ---p 0002a000 08:06 414479                     /usr/lib/jvm/java-8-oracle/jre/lib/amd64/libjava.so
7fab0de4f000-7fab0de51000 rw-p 0002a000 08:06 414479                     /usr/lib/jvm/java-8-oracle/jre/lib/amd64/libjava.so
7fab0de51000-7fab0de5e000 r-xp 00000000 08:06 414470                     /usr/lib/jvm/java-8-oracle/jre/lib/amd64/libverify.so
7fab0de5e000-7fab0e05e000 ---p 0000d000 08:06 414470                     /usr/lib/jvm/java-8-oracle/jre/lib/amd64/libverify.so
7fab0e05e000-7fab0e060000 rw-p 0000d000 08:06 414470                     /usr/lib/jvm/java-8-oracle/jre/lib/amd64/libverify.so
7fab0e060000-7fab0e067000 r-xp 00000000 08:06 261224                     /lib/x86_64-linux-gnu/librt-2.19.so
7fab0e067000-7fab0e266000 ---p 00007000 08:06 261224                     /lib/x86_64-linux-gnu/librt-2.19.so
7fab0e266000-7fab0e267000 r--p 00006000 08:06 261224                     /lib/x86_64-linux-gnu/librt-2.19.so
7fab0e267000-7fab0e268000 rw-p 00007000 08:06 261224                     /lib/x86_64-linux-gnu/librt-2.19.so
7fab0e268000-7fab0e36d000 r-xp 00000000 08:06 261137                     /lib/x86_64-linux-gnu/libm-2.19.so
7fab0e36d000-7fab0e56c000 ---p 00105000 08:06 261137                     /lib/x86_64-linux-gnu/libm-2.19.so
7fab0e56c000-7fab0e56d000 r--p 00104000 08:06 261137                     /lib/x86_64-linux-gnu/libm-2.19.so
7fab0e56d000-7fab0e56e000 rw-p 00105000 08:06 261137                     /lib/x86_64-linux-gnu/libm-2.19.so
7fab0e56e000-7fab0f22c000 r-xp 00000000 08:06 414502                     /usr/lib/jvm/java-8-oracle/jre/lib/amd64/server/libjvm.so
7fab0f22c000-7fab0f42b000 ---p 00cbe000 08:06 414502                     /usr/lib/jvm/java-8-oracle/jre/lib/amd64/server/libjvm.so
7fab0f42b000-7fab0f504000 rw-p 00cbd000 08:06 414502                     /usr/lib/jvm/java-8-oracle/jre/lib/amd64/server/libjvm.so
7fab0f504000-7fab0f548000 rw-p 00000000 00:00 0 
7fab0f548000-7fab0f703000 r-xp 00000000 08:06 261221                     /lib/x86_64-linux-gnu/libc-2.19.so
7fab0f703000-7fab0f902000 ---p 001bb000 08:06 261221                     /lib/x86_64-linux-gnu/libc-2.19.so
7fab0f902000-7fab0f906000 r--p 001ba000 08:06 261221                     /lib/x86_64-linux-gnu/libc-2.19.so
7fab0f906000-7fab0f908000 rw-p 001be000 08:06 261221                     /lib/x86_64-linux-gnu/libc-2.19.so
7fab0f908000-7fab0f90d000 rw-p 00000000 00:00 0 
7fab0f90d000-7fab0f910000 r-xp 00000000 08:06 261152                     /lib/x86_64-linux-gnu/libdl-2.19.so
7fab0f910000-7fab0fb0f000 ---p 00003000 08:06 261152                     /lib/x86_64-linux-gnu/libdl-2.19.so
7fab0fb0f000-7fab0fb10000 r--p 00002000 08:06 261152                     /lib/x86_64-linux-gnu/libdl-2.19.so
7fab0fb10000-7fab0fb11000 rw-p 00003000 08:06 261152                     /lib/x86_64-linux-gnu/libdl-2.19.so
7fab0fb11000-7fab0fb26000 r-xp 00000000 08:06 413769                     /usr/lib/jvm/java-8-oracle/lib/amd64/jli/libjli.so
7fab0fb26000-7fab0fd26000 ---p 00015000 08:06 413769                     /usr/lib/jvm/java-8-oracle/lib/amd64/jli/libjli.so
7fab0fd26000-7fab0fd27000 rw-p 00015000 08:06 413769                     /usr/lib/jvm/java-8-oracle/lib/amd64/jli/libjli.so
7fab0fd27000-7fab0fd40000 r-xp 00000000 08:06 261222                     /lib/x86_64-linux-gnu/libpthread-2.19.so
7fab0fd40000-7fab0ff3f000 ---p 00019000 08:06 261222                     /lib/x86_64-linux-gnu/libpthread-2.19.so
7fab0ff3f000-7fab0ff40000 r--p 00018000 08:06 261222                     /lib/x86_64-linux-gnu/libpthread-2.19.so
7fab0ff40000-7fab0ff41000 rw-p 00019000 08:06 261222                     /lib/x86_64-linux-gnu/libpthread-2.19.so
7fab0ff41000-7fab0ff45000 rw-p 00000000 00:00 0 
7fab0ff45000-7fab0ff68000 r-xp 00000000 08:06 261218                     /lib/x86_64-linux-gnu/ld-2.19.so
7fab0ff69000-7fab0ff6d000 r--s 00112000 08:07 2359896                    /home/jony/.m2/repository/net/java/dev/jna/jna/4.2.1/jna-4.2.1.jar
7fab0ff6d000-7fab1003f000 rw-p 00000000 00:00 0 
7fab1003f000-7fab10042000 ---p 00000000 00:00 0 
7fab10042000-7fab10144000 rw-p 00000000 00:00 0                          [stack:13715]
7fab10145000-7fab10146000 rwxp 00000000 00:00 0 
7fab10146000-7fab10147000 r--s 00002000 08:07 1322282                    /home/jony/.m2/repository/org/slf4j/slf4j-simple/1.7.12/slf4j-simple-1.7.12.jar
7fab10147000-7fab10148000 r--s 00007000 08:07 8522705                    /home/jony/.m2/repository/org/slf4j/slf4j-api/1.7.10/slf4j-api-1.7.10.jar
7fab10148000-7fab1015b000 rw-p 00000000 00:00 0 
7fab1015b000-7fab10163000 rw-s 00000000 08:06 522641                     /tmp/hsperfdata_jony/13709
7fab10163000-7fab10164000 rw-p 00000000 00:00 0 
7fab10164000-7fab10165000 r--p 00000000 00:00 0 
7fab10165000-7fab10167000 rw-p 00000000 00:00 0 
7fab10167000-7fab10168000 r--p 00022000 08:06 261218                     /lib/x86_64-linux-gnu/ld-2.19.so
7fab10168000-7fab10169000 rw-p 00023000 08:06 261218                     /lib/x86_64-linux-gnu/ld-2.19.so
7fab10169000-7fab1016a000 rw-p 00000000 00:00 0 
7ffd4890d000-7ffd4892e000 rw-p 00000000 00:00 0                          [stack]
7ffd4894e000-7ffd48950000 r-xp 00000000 00:00 0                          [vdso]
7ffd48950000-7ffd48952000 r--p 00000000 00:00 0                          [vvar]
ffffffffff600000-ffffffffff601000 r-xp 00000000 00:00 0                  [vsyscall]

VM Arguments:
jvm_args: -Dfile.encoding=UTF-8 
java_command: com.movieCart.MainFrame
java_class_path (initial): /home/jony/Dropbox/Eclipse Workspace/movieCart/target/classes:/home/jony/.m2/repository/uk/co/caprica/vlcj/3.9.0/vlcj-3.9.0.jar:/home/jony/.m2/repository/org/slf4j/slf4j-api/1.7.10/slf4j-api-1.7.10.jar:/home/jony/.m2/repository/net/java/dev/jna/platform/3.5.2/platform-3.5.2.jar:/home/jony/.m2/repository/net/java/dev/jna/jna/4.2.1/jna-4.2.1.jar:/home/jony/.m2/repository/org/slf4j/slf4j-simple/1.7.12/slf4j-simple-1.7.12.jar
Launcher Type: SUN_STANDARD

Environment Variables:
JAVA_HOME=/usr/lib/jvm/java-8-oracle
PATH=/home/jony/sys161/bin:/home/jony/sys161/tools/bin:/home/jony/bin:/usr/local/sbin:/usr/local/bin:/usr/sbin:/usr/bin:/sbin:/bin:/usr/games:/usr/local/games:/usr/lib/jvm/java-8-oracle/bin:/usr/lib/jvm/java-8-oracle/db/bin:/usr/lib/jvm/java-8-oracle/jre/bin
SHELL=/bin/bash
DISPLAY=:0.0

Signal Handlers:
SIGSEGV: [libjvm.so+0xaba2a0], sa_mask[0]=11111111011111111101111111111110, sa_flags=SA_RESTART|SA_SIGINFO
SIGBUS: [libjvm.so+0xaba2a0], sa_mask[0]=11111111011111111101111111111110, sa_flags=SA_RESTART|SA_SIGINFO
SIGFPE: [libjvm.so+0x917710], sa_mask[0]=11111111011111111101111111111110, sa_flags=SA_RESTART|SA_SIGINFO
SIGPIPE: [libjvm.so+0x917710], sa_mask[0]=11111111011111111101111111111110, sa_flags=SA_RESTART|SA_SIGINFO
SIGXFSZ: [libjvm.so+0x917710], sa_mask[0]=11111111011111111101111111111110, sa_flags=SA_RESTART|SA_SIGINFO
SIGILL: [libjvm.so+0x917710], sa_mask[0]=11111111011111111101111111111110, sa_flags=SA_RESTART|SA_SIGINFO
SIGUSR1: SIG_DFL, sa_mask[0]=00000000000000000000000000000000, sa_flags=none
SIGUSR2: [libjvm.so+0x918d40], sa_mask[0]=00100000000000000000000000000000, sa_flags=SA_RESTART|SA_SIGINFO
SIGHUP: [libjvm.so+0x91a140], sa_mask[0]=11111111011111111101111111111110, sa_flags=SA_RESTART|SA_SIGINFO
SIGINT: [libjvm.so+0x91a140], sa_mask[0]=11111111011111111101111111111110, sa_flags=SA_RESTART|SA_SIGINFO
SIGTERM: [libjvm.so+0x91a140], sa_mask[0]=11111111011111111101111111111110, sa_flags=SA_RESTART|SA_SIGINFO
SIGQUIT: [libjvm.so+0x91a140], sa_mask[0]=11111111011111111101111111111110, sa_flags=SA_RESTART|SA_SIGINFO


---------------  S Y S T E M  ---------------

OS:DISTRIB_ID=Ubuntu
DISTRIB_RELEASE=14.04
DISTRIB_CODENAME=trusty
DISTRIB_DESCRIPTION="Ubuntu 14.04.3 LTS"

uname:Linux 3.16.0-51-generic #69~14.04.1-Ubuntu SMP Wed Oct 7 15:32:41 UTC 2015 x86_64
libc:glibc 2.19 NPTL 2.19 
rlimit: STACK 8192k, CORE 0k, NPROC 15360, NOFILE 4096, AS infinity
load average:1.77 2.98 2.56

/proc/meminfo:
MemTotal:        3953704 kB
MemFree:          142948 kB
MemAvailable:    1590668 kB
Buffers:           25648 kB
Cached:          1783324 kB
SwapCached:        13996 kB
Active:          2249520 kB
Inactive:        1356632 kB
Active(anon):    1421756 kB
Inactive(anon):   596508 kB
Active(file):     827764 kB
Inactive(file):   760124 kB
Unevictable:         104 kB
Mlocked:             104 kB
SwapTotal:       9764860 kB
SwapFree:        9551716 kB
Dirty:               356 kB
Writeback:             0 kB
AnonPages:       1788884 kB
Mapped:           229412 kB
Shmem:            220856 kB
Slab:              90092 kB
SReclaimable:      57532 kB
SUnreclaim:        32560 kB
KernelStack:       11040 kB
PageTables:        38764 kB
NFS_Unstable:          0 kB
Bounce:                0 kB
WritebackTmp:          0 kB
CommitLimit:    11741712 kB
Committed_AS:    6710076 kB
VmallocTotal:   34359738367 kB
VmallocUsed:      361940 kB
VmallocChunk:   34359360012 kB
HardwareCorrupted:     0 kB
AnonHugePages:    528384 kB
HugePages_Total:       0
HugePages_Free:        0
HugePages_Rsvd:        0
HugePages_Surp:        0
Hugepagesize:       2048 kB
DirectMap4k:       72352 kB
DirectMap2M:     4028416 kB


CPU:total 4 (2 cores per cpu, 2 threads per core) family 6 model 42 stepping 7, cmov, cx8, fxsr, mmx, sse, sse2, sse3, ssse3, sse4.1, sse4.2, popcnt, avx, aes, clmul, ht, tsc, tscinvbit

/proc/cpuinfo:
processor	: 0
vendor_id	: GenuineIntel
cpu family	: 6
model		: 42
model name	: Intel(R) Core(TM) i5-2430M CPU @ 2.40GHz
stepping	: 7
microcode	: 0x1a
cpu MHz		: 2820.562
cache size	: 3072 KB
physical id	: 0
siblings	: 4
core id		: 0
cpu cores	: 2
apicid		: 0
initial apicid	: 0
fpu		: yes
fpu_exception	: yes
cpuid level	: 13
wp		: yes
flags		: fpu vme de pse tsc msr pae mce cx8 apic sep mtrr pge mca cmov pat pse36 clflush dts acpi mmx fxsr sse sse2 ss ht tm pbe syscall nx rdtscp lm constant_tsc arch_perfmon pebs bts rep_good nopl xtopology nonstop_tsc aperfmperf eagerfpu pni pclmulqdq dtes64 monitor ds_cpl vmx est tm2 ssse3 cx16 xtpr pdcm pcid sse4_1 sse4_2 x2apic popcnt tsc_deadline_timer aes xsave avx lahf_lm ida arat epb xsaveopt pln pts dtherm tpr_shadow vnmi flexpriority ept vpid
bogomips	: 4789.33
clflush size	: 64
cache_alignment	: 64
address sizes	: 36 bits physical, 48 bits virtual
power management:

processor	: 1
vendor_id	: GenuineIntel
cpu family	: 6
model		: 42
model name	: Intel(R) Core(TM) i5-2430M CPU @ 2.40GHz
stepping	: 7
microcode	: 0x1a
cpu MHz		: 2799.937
cache size	: 3072 KB
physical id	: 0
siblings	: 4
core id		: 1
cpu cores	: 2
apicid		: 2
initial apicid	: 2
fpu		: yes
fpu_exception	: yes
cpuid level	: 13
wp		: yes
flags		: fpu vme de pse tsc msr pae mce cx8 apic sep mtrr pge mca cmov pat pse36 clflush dts acpi mmx fxsr sse sse2 ss ht tm pbe syscall nx rdtscp lm constant_tsc arch_perfmon pebs bts rep_good nopl xtopology nonstop_tsc aperfmperf eagerfpu pni pclmulqdq dtes64 monitor ds_cpl vmx est tm2 ssse3 cx16 xtpr pdcm pcid sse4_1 sse4_2 x2apic popcnt tsc_deadline_timer aes xsave avx lahf_lm ida arat epb xsaveopt pln pts dtherm tpr_shadow vnmi flexpriority ept vpid
bogomips	: 4789.33
clflush size	: 64
cache_alignment	: 64
address sizes	: 36 bits physical, 48 bits virtual
power management:

processor	: 2
vendor_id	: GenuineIntel
cpu family	: 6
model		: 42
model name	: Intel(R) Core(TM) i5-2430M CPU @ 2.40GHz
stepping	: 7
microcode	: 0x1a
cpu MHz		: 2814.000
cache size	: 3072 KB
physical id	: 0
siblings	: 4
core id		: 0
cpu cores	: 2
apicid		: 1
initial apicid	: 1
fpu		: yes
fpu_exception	: yes
cpuid level	: 13
wp		: yes
flags		: fpu vme de pse tsc msr pae mce cx8 apic sep mtrr pge mca cmov pat pse36 clflush dts acpi mmx fxsr sse sse2 ss ht tm pbe syscall nx rdtscp lm constant_tsc arch_perfmon pebs bts rep_good nopl xtopology nonstop_tsc aperfmperf eagerfpu pni pclmulqdq dtes64 monitor ds_cpl vmx est tm2 ssse3 cx16 xtpr pdcm pcid sse4_1 sse4_2 x2apic popcnt tsc_deadline_timer aes xsave avx lahf_lm ida arat epb xsaveopt pln pts dtherm tpr_shadow vnmi flexpriority ept vpid
bogomips	: 4789.33
clflush size	: 64
cache_alignment	: 64
address sizes	: 36 bits physical, 48 bits virtual
power management:

processor	: 3
vendor_id	: GenuineIntel
cpu family	: 6
model		: 42
model name	: Intel(R) Core(TM) i5-2430M CPU @ 2.40GHz
stepping	: 7
microcode	: 0x1a
cpu MHz		: 2813.156
cache size	: 3072 KB
physical id	: 0
siblings	: 4
core id		: 1
cpu cores	: 2
apicid		: 3
initial apicid	: 3
fpu		: yes
fpu_exception	: yes
cpuid level	: 13
wp		: yes
flags		: fpu vme de pse tsc msr pae mce cx8 apic sep mtrr pge mca cmov pat pse36 clflush dts acpi mmx fxsr sse sse2 ss ht tm pbe syscall nx rdtscp lm constant_tsc arch_perfmon pebs bts rep_good nopl xtopology nonstop_tsc aperfmperf eagerfpu pni pclmulqdq dtes64 monitor ds_cpl vmx est tm2 ssse3 cx16 xtpr pdcm pcid sse4_1 sse4_2 x2apic popcnt tsc_deadline_timer aes xsave avx lahf_lm ida arat epb xsaveopt pln pts dtherm tpr_shadow vnmi flexpriority ept vpid
bogomips	: 4789.33
clflush size	: 64
cache_alignment	: 64
address sizes	: 36 bits physical, 48 bits virtual
power management:



Memory: 4k page, physical 3953704k(142948k free), swap 9764860k(9551716k free)

vm_info: Java HotSpot(TM) 64-Bit Server VM (25.66-b17) for linux-amd64 JRE (1.8.0_66-b17), built on Oct  6 2015 17:28:34 by "java_re" with gcc 4.3.0 20080428 (Red Hat 4.3.0-8)

time: Mon Oct 26 21:39:03 2015
elapsed time: 2 seconds (0d 0h 0m 2s)

